Args in experiment:
Namespace(activation='gelu', batch_size=32, c_out=7, checkpoints='./checkpoints/', d_ff=2048, d_layers=1, d_model=512, data='custom', data_path='national_illness.csv', dec_in=7, des='Exp', devices='0,1,2,3', distil=True, do_predict=False, dropout=0.05, e_layers=2, embed='timeF', embed_type=0, enc_in=7, factor=1, features='M', freq='h', gpu=0, individual=True, is_training=1, itr=1, label_len=18, learning_rate=0.05, loss='mse', lradj='type1', model='DLinear', model_id='national_illness_104_24', moving_avg=25, n_heads=8, num_workers=0, output_attention=False, patience=5, pred_len=24, root_path='./dataset/', save_pred_values=False, seed=3144, seq_len=104, target='OT', test_flop=False, train_epochs=20, train_only=False, use_amp=False, use_gpu=False, use_multi_gpu=False)
Use CPU
>>>>>>>start training : national_illness_104_24_DLinear_custom_ftM_sl104_ll18_pl24_dm512_nh8_el2_dl1_df2048_fc1_ebtimeF_dtTrue_Exp_0_seed3144>>>>>>>>>>>>>>>>>>>>>>>>>>
train 549
val 74
test 170
Epoch: 1 cost time: 0.051996469497680664
Epoch: 1, Steps: 17 | Train Loss: 1.8845876 Vali Loss: 0.9339697 Test Loss: 4.9051728
Validation loss decreased (inf --> 0.933970).  Saving model ...
Updating learning rate to 0.05
Epoch: 2 cost time: 0.04999971389770508
Epoch: 2, Steps: 17 | Train Loss: 1.0291527 Vali Loss: 0.5417219 Test Loss: 3.8051441
Validation loss decreased (0.933970 --> 0.541722).  Saving model ...
Updating learning rate to 0.025
Epoch: 3 cost time: 0.05000042915344238
Epoch: 3, Steps: 17 | Train Loss: 0.5886853 Vali Loss: 0.3432028 Test Loss: 3.3712709
Validation loss decreased (0.541722 --> 0.343203).  Saving model ...
Updating learning rate to 0.0125
Epoch: 4 cost time: 0.06099987030029297
Epoch: 4, Steps: 17 | Train Loss: 0.4768875 Vali Loss: 0.3174407 Test Loss: 2.5071490
Validation loss decreased (0.343203 --> 0.317441).  Saving model ...
Updating learning rate to 0.00625
Epoch: 5 cost time: 0.059000492095947266
Epoch: 5, Steps: 17 | Train Loss: 0.4167243 Vali Loss: 0.2836861 Test Loss: 2.4743688
Validation loss decreased (0.317441 --> 0.283686).  Saving model ...
Updating learning rate to 0.003125
Epoch: 6 cost time: 0.06000041961669922
Epoch: 6, Steps: 17 | Train Loss: 0.3937445 Vali Loss: 0.2962694 Test Loss: 2.4482641
EarlyStopping counter: 1 out of 5
Updating learning rate to 0.0015625
Epoch: 7 cost time: 0.05900120735168457
Epoch: 7, Steps: 17 | Train Loss: 0.3827138 Vali Loss: 0.2870226 Test Loss: 2.4575193
EarlyStopping counter: 2 out of 5
Updating learning rate to 0.00078125
Epoch: 8 cost time: 0.06026959419250488
Epoch: 8, Steps: 17 | Train Loss: 0.3815430 Vali Loss: 0.2862270 Test Loss: 2.4383469
EarlyStopping counter: 3 out of 5
Updating learning rate to 0.000390625
Epoch: 9 cost time: 0.057000160217285156
Epoch: 9, Steps: 17 | Train Loss: 0.3802980 Vali Loss: 0.2825620 Test Loss: 2.4275470
Validation loss decreased (0.283686 --> 0.282562).  Saving model ...
Updating learning rate to 0.0001953125
Epoch: 10 cost time: 0.0599977970123291
Epoch: 10, Steps: 17 | Train Loss: 0.3804738 Vali Loss: 0.2833163 Test Loss: 2.4299412
EarlyStopping counter: 1 out of 5
Updating learning rate to 9.765625e-05
Epoch: 11 cost time: 0.05499768257141113
Epoch: 11, Steps: 17 | Train Loss: 0.3778714 Vali Loss: 0.2885571 Test Loss: 2.4314919
EarlyStopping counter: 2 out of 5
Updating learning rate to 4.8828125e-05
Epoch: 12 cost time: 0.05600094795227051
Epoch: 12, Steps: 17 | Train Loss: 0.3787910 Vali Loss: 0.2878593 Test Loss: 2.4320421
EarlyStopping counter: 3 out of 5
Updating learning rate to 2.44140625e-05
Epoch: 13 cost time: 0.050997018814086914
Epoch: 13, Steps: 17 | Train Loss: 0.3793586 Vali Loss: 0.2880632 Test Loss: 2.4324181
EarlyStopping counter: 4 out of 5
Updating learning rate to 1.220703125e-05
Epoch: 14 cost time: 0.03800010681152344
Epoch: 14, Steps: 17 | Train Loss: 0.3772840 Vali Loss: 0.2797181 Test Loss: 2.4325364
Validation loss decreased (0.282562 --> 0.279718).  Saving model ...
Updating learning rate to 6.103515625e-06
Epoch: 15 cost time: 0.04000592231750488
Epoch: 15, Steps: 17 | Train Loss: 0.3797144 Vali Loss: 0.2620594 Test Loss: 2.4323540
Validation loss decreased (0.279718 --> 0.262059).  Saving model ...
Updating learning rate to 3.0517578125e-06
Epoch: 16 cost time: 0.03999924659729004
Epoch: 16, Steps: 17 | Train Loss: 0.3674479 Vali Loss: 0.2676434 Test Loss: 2.4323876
EarlyStopping counter: 1 out of 5
Updating learning rate to 1.52587890625e-06
Epoch: 17 cost time: 0.037999868392944336
Epoch: 17, Steps: 17 | Train Loss: 0.3791486 Vali Loss: 0.2843365 Test Loss: 2.4323981
EarlyStopping counter: 2 out of 5
Updating learning rate to 7.62939453125e-07
Epoch: 18 cost time: 0.033998727798461914
Epoch: 18, Steps: 17 | Train Loss: 0.3779157 Vali Loss: 0.2815730 Test Loss: 2.4324007
EarlyStopping counter: 3 out of 5
Updating learning rate to 3.814697265625e-07
Epoch: 19 cost time: 0.03400087356567383
Epoch: 19, Steps: 17 | Train Loss: 0.3772832 Vali Loss: 0.2816546 Test Loss: 2.4323938
EarlyStopping counter: 4 out of 5
Updating learning rate to 1.9073486328125e-07
Epoch: 20 cost time: 0.03299975395202637
Epoch: 20, Steps: 17 | Train Loss: 0.3785532 Vali Loss: 0.2818042 Test Loss: 2.4323978
EarlyStopping counter: 5 out of 5
Early stopping
>>>>>>>testing : national_illness_104_24_DLinear_custom_ftM_sl104_ll18_pl24_dm512_nh8_el2_dl1_df2048_fc1_ebtimeF_dtTrue_Exp_0_seed3144<<<<<<<<<<<<<<<<<<<<<<<<<<<<<<<<<
test 170
mse:2.164656400680542, mae:0.9707159996032715
