Args in experiment:
Namespace(activation='gelu', batch_size=8, c_out=7, checkpoints='./checkpoints/', d_ff=2048, d_layers=1, d_model=512, data='ETTm1', data_path='ETTm1.csv', dec_in=7, des='Exp', devices='0,1,2,3', distil=True, do_predict=False, dropout=0.05, e_layers=2, embed='timeF', embed_type=0, enc_in=7, factor=1, features='M', freq='h', gpu=0, individual=True, is_training=1, itr=1, label_len=48, learning_rate=0.005, loss='mse', lradj='type1', model='DLinear', model_id='ETTm1_336_336', moving_avg=25, n_heads=8, num_workers=0, output_attention=False, patience=5, pred_len=336, root_path='./dataset/', save_pred_values=False, seed=15726, seq_len=336, target='OT', test_flop=False, train_epochs=20, train_only=False, use_amp=False, use_gpu=False, use_multi_gpu=False)
Use CPU
>>>>>>>start training : ETTm1_336_336_DLinear_ETTm1_ftM_sl336_ll48_pl336_dm512_nh8_el2_dl1_df2048_fc1_ebtimeF_dtTrue_Exp_0_seed15726>>>>>>>>>>>>>>>>>>>>>>>>>>
train 33889
val 11185
test 11185
	iters: 100, epoch: 1 | loss: 0.7207456
	speed: 0.0092s/iter; left time: 782.3893s
	iters: 200, epoch: 1 | loss: 0.4083723
	speed: 0.0109s/iter; left time: 917.3102s
	iters: 300, epoch: 1 | loss: 0.5055774
	speed: 0.0095s/iter; left time: 802.2827s
	iters: 400, epoch: 1 | loss: 0.4511894
	speed: 0.0117s/iter; left time: 990.4870s
	iters: 500, epoch: 1 | loss: 0.5978806
	speed: 0.0122s/iter; left time: 1028.5966s
	iters: 600, epoch: 1 | loss: 0.5375018
	speed: 0.0111s/iter; left time: 936.6672s
	iters: 700, epoch: 1 | loss: 0.5504640
	speed: 0.0130s/iter; left time: 1094.3307s
	iters: 800, epoch: 1 | loss: 0.6158727
	speed: 0.0129s/iter; left time: 1078.6488s
	iters: 900, epoch: 1 | loss: 0.4325169
	speed: 0.0129s/iter; left time: 1077.5678s
	iters: 1000, epoch: 1 | loss: 0.6032168
	speed: 0.0094s/iter; left time: 788.0074s
	iters: 1100, epoch: 1 | loss: 0.5166140
	speed: 0.0105s/iter; left time: 875.7794s
	iters: 1200, epoch: 1 | loss: 0.5965115
	speed: 0.0122s/iter; left time: 1016.6909s
	iters: 1300, epoch: 1 | loss: 0.7007098
	speed: 0.0103s/iter; left time: 859.4668s
	iters: 1400, epoch: 1 | loss: 0.9012991
	speed: 0.0110s/iter; left time: 916.2874s
	iters: 1500, epoch: 1 | loss: 0.7845853
	speed: 0.0118s/iter; left time: 983.8966s
	iters: 1600, epoch: 1 | loss: 0.7466343
	speed: 0.0126s/iter; left time: 1043.5789s
	iters: 1700, epoch: 1 | loss: 0.4829895
	speed: 0.0125s/iter; left time: 1040.5997s
	iters: 1800, epoch: 1 | loss: 0.4855924
	speed: 0.0114s/iter; left time: 943.8927s
	iters: 1900, epoch: 1 | loss: 0.5071242
	speed: 0.0116s/iter; left time: 961.7080s
	iters: 2000, epoch: 1 | loss: 0.3827923
	speed: 0.0123s/iter; left time: 1016.0379s
	iters: 2100, epoch: 1 | loss: 0.5128384
	speed: 0.0119s/iter; left time: 983.0097s
	iters: 2200, epoch: 1 | loss: 0.6359873
	speed: 0.0126s/iter; left time: 1037.6183s
	iters: 2300, epoch: 1 | loss: 0.5464876
	speed: 0.0130s/iter; left time: 1067.6888s
	iters: 2400, epoch: 1 | loss: 1.0709232
	speed: 0.0129s/iter; left time: 1063.0902s
	iters: 2500, epoch: 1 | loss: 0.4549240
	speed: 0.0122s/iter; left time: 1004.4861s
	iters: 2600, epoch: 1 | loss: 0.6532892
	speed: 0.0127s/iter; left time: 1042.6935s
	iters: 2700, epoch: 1 | loss: 0.4933455
	speed: 0.0100s/iter; left time: 822.2215s
	iters: 2800, epoch: 1 | loss: 0.4510314
	speed: 0.0129s/iter; left time: 1058.7588s
	iters: 2900, epoch: 1 | loss: 0.7200678
	speed: 0.0125s/iter; left time: 1019.9380s
	iters: 3000, epoch: 1 | loss: 0.5842927
	speed: 0.0126s/iter; left time: 1026.9555s
	iters: 3100, epoch: 1 | loss: 0.4636531
	speed: 0.0114s/iter; left time: 931.4515s
	iters: 3200, epoch: 1 | loss: 0.5856293
	speed: 0.0116s/iter; left time: 944.1667s
	iters: 3300, epoch: 1 | loss: 0.8152544
	speed: 0.0119s/iter; left time: 969.9388s
	iters: 3400, epoch: 1 | loss: 0.6300343
	speed: 0.0122s/iter; left time: 995.5877s
	iters: 3500, epoch: 1 | loss: 0.4799423
	speed: 0.0123s/iter; left time: 1001.9699s
	iters: 3600, epoch: 1 | loss: 0.6867734
	speed: 0.0102s/iter; left time: 824.1345s
	iters: 3700, epoch: 1 | loss: 0.4915167
	speed: 0.0122s/iter; left time: 988.0210s
	iters: 3800, epoch: 1 | loss: 0.6465740
	speed: 0.0127s/iter; left time: 1029.7863s
	iters: 3900, epoch: 1 | loss: 0.4982367
	speed: 0.0113s/iter; left time: 910.3016s
	iters: 4000, epoch: 1 | loss: 0.5362000
	speed: 0.0119s/iter; left time: 964.0145s
	iters: 4100, epoch: 1 | loss: 0.6948740
	speed: 0.0126s/iter; left time: 1016.2919s
	iters: 4200, epoch: 1 | loss: 0.5208837
	speed: 0.0130s/iter; left time: 1045.3450s
Epoch: 1 cost time: 49.97011089324951
Epoch: 1, Steps: 4236 | Train Loss: 0.5856538 Vali Loss: 1.0169168 Test Loss: 0.6056134
Validation loss decreased (inf --> 1.016917).  Saving model ...
Updating learning rate to 0.005
	iters: 100, epoch: 2 | loss: 0.4475670
	speed: 0.0718s/iter; left time: 5773.7175s
	iters: 200, epoch: 2 | loss: 0.4828930
	speed: 0.0120s/iter; left time: 959.7556s
	iters: 300, epoch: 2 | loss: 0.5238248
	speed: 0.0130s/iter; left time: 1038.9556s
	iters: 400, epoch: 2 | loss: 0.8204393
	speed: 0.0129s/iter; left time: 1034.3824s
	iters: 500, epoch: 2 | loss: 0.4557146
	speed: 0.0123s/iter; left time: 984.8457s
	iters: 600, epoch: 2 | loss: 0.5243071
	speed: 0.0120s/iter; left time: 954.9259s
	iters: 700, epoch: 2 | loss: 0.5187657
	speed: 0.0120s/iter; left time: 954.9515s
	iters: 800, epoch: 2 | loss: 0.5526034
	speed: 0.0124s/iter; left time: 989.9460s
	iters: 900, epoch: 2 | loss: 0.8259950
	speed: 0.0114s/iter; left time: 906.7786s
	iters: 1000, epoch: 2 | loss: 0.5481176
	speed: 0.0107s/iter; left time: 852.3887s
	iters: 1100, epoch: 2 | loss: 0.6495539
	speed: 0.0115s/iter; left time: 916.4419s
	iters: 1200, epoch: 2 | loss: 0.4942659
	speed: 0.0116s/iter; left time: 919.2530s
	iters: 1300, epoch: 2 | loss: 0.5024099
	speed: 0.0118s/iter; left time: 936.4622s
	iters: 1400, epoch: 2 | loss: 0.5401881
	speed: 0.0115s/iter; left time: 905.8036s
	iters: 1500, epoch: 2 | loss: 0.6227260
	speed: 0.0131s/iter; left time: 1032.7678s
	iters: 1600, epoch: 2 | loss: 0.7226573
	speed: 0.0124s/iter; left time: 979.2317s
	iters: 1700, epoch: 2 | loss: 0.4734785
	speed: 0.0128s/iter; left time: 1004.9972s
	iters: 1800, epoch: 2 | loss: 0.5332848
	speed: 0.0125s/iter; left time: 981.0944s
	iters: 1900, epoch: 2 | loss: 0.6851776
	speed: 0.0120s/iter; left time: 940.1427s
	iters: 2000, epoch: 2 | loss: 0.5459790
	speed: 0.0123s/iter; left time: 967.2584s
	iters: 2100, epoch: 2 | loss: 0.6233730
	speed: 0.0109s/iter; left time: 854.1501s
	iters: 2200, epoch: 2 | loss: 0.6467409
	speed: 0.0108s/iter; left time: 844.9930s
	iters: 2300, epoch: 2 | loss: 0.4492870
	speed: 0.0098s/iter; left time: 765.6898s
	iters: 2400, epoch: 2 | loss: 0.4650381
	speed: 0.0124s/iter; left time: 970.5640s
	iters: 2500, epoch: 2 | loss: 0.5077372
	speed: 0.0118s/iter; left time: 917.3357s
	iters: 2600, epoch: 2 | loss: 0.7654631
	speed: 0.0105s/iter; left time: 819.7788s
	iters: 2700, epoch: 2 | loss: 0.7778154
	speed: 0.0117s/iter; left time: 909.6736s
	iters: 2800, epoch: 2 | loss: 0.7069636
	speed: 0.0130s/iter; left time: 1008.4995s
	iters: 2900, epoch: 2 | loss: 0.5427962
	speed: 0.0111s/iter; left time: 864.1233s
	iters: 3000, epoch: 2 | loss: 0.6277295
	speed: 0.0103s/iter; left time: 797.6170s
	iters: 3100, epoch: 2 | loss: 0.5384713
	speed: 0.0116s/iter; left time: 900.4469s
	iters: 3200, epoch: 2 | loss: 0.5745776
	speed: 0.0121s/iter; left time: 931.5869s
	iters: 3300, epoch: 2 | loss: 0.8270808
	speed: 0.0120s/iter; left time: 926.0309s
	iters: 3400, epoch: 2 | loss: 0.4532673
	speed: 0.0106s/iter; left time: 814.2352s
	iters: 3500, epoch: 2 | loss: 0.5085838
	speed: 0.0118s/iter; left time: 908.6804s
	iters: 3600, epoch: 2 | loss: 0.7207027
	speed: 0.0125s/iter; left time: 957.5978s
	iters: 3700, epoch: 2 | loss: 0.6288149
	speed: 0.0127s/iter; left time: 975.7425s
	iters: 3800, epoch: 2 | loss: 0.7122959
	speed: 0.0124s/iter; left time: 950.9851s
	iters: 3900, epoch: 2 | loss: 0.5893986
	speed: 0.0119s/iter; left time: 914.6683s
	iters: 4000, epoch: 2 | loss: 0.7336921
	speed: 0.0120s/iter; left time: 915.8222s
	iters: 4100, epoch: 2 | loss: 0.4812373
	speed: 0.0114s/iter; left time: 871.7774s
	iters: 4200, epoch: 2 | loss: 0.5273563
	speed: 0.0114s/iter; left time: 866.2092s
Epoch: 2 cost time: 49.89884328842163
Epoch: 2, Steps: 4236 | Train Loss: 0.5910064 Vali Loss: 1.0141240 Test Loss: 0.5897330
Validation loss decreased (1.016917 --> 1.014124).  Saving model ...
Updating learning rate to 0.0025
	iters: 100, epoch: 3 | loss: 0.4813941
	speed: 0.0704s/iter; left time: 5358.5911s
	iters: 200, epoch: 3 | loss: 0.3487194
	speed: 0.0089s/iter; left time: 678.6319s
	iters: 300, epoch: 3 | loss: 0.3534037
	speed: 0.0123s/iter; left time: 933.2985s
	iters: 400, epoch: 3 | loss: 0.3853641
	speed: 0.0119s/iter; left time: 900.5749s
	iters: 500, epoch: 3 | loss: 0.4159747
	speed: 0.0122s/iter; left time: 924.4571s
	iters: 600, epoch: 3 | loss: 0.5112634
	speed: 0.0117s/iter; left time: 888.3456s
	iters: 700, epoch: 3 | loss: 0.4119593
	speed: 0.0120s/iter; left time: 904.1789s
	iters: 800, epoch: 3 | loss: 0.4339368
	speed: 0.0118s/iter; left time: 892.0379s
	iters: 900, epoch: 3 | loss: 0.6789103
	speed: 0.0119s/iter; left time: 893.9613s
	iters: 1000, epoch: 3 | loss: 0.8119321
	speed: 0.0107s/iter; left time: 803.1970s
	iters: 1100, epoch: 3 | loss: 0.5876430
	speed: 0.0118s/iter; left time: 889.2652s
	iters: 1200, epoch: 3 | loss: 0.4497220
	speed: 0.0132s/iter; left time: 993.4420s
	iters: 1300, epoch: 3 | loss: 0.6138870
	speed: 0.0126s/iter; left time: 943.1621s
	iters: 1400, epoch: 3 | loss: 0.4025351
	speed: 0.0124s/iter; left time: 931.3075s
	iters: 1500, epoch: 3 | loss: 0.4874999
	speed: 0.0119s/iter; left time: 886.0207s
	iters: 1600, epoch: 3 | loss: 0.4389127
	speed: 0.0118s/iter; left time: 879.6592s
	iters: 1700, epoch: 3 | loss: 0.3604767
	speed: 0.0110s/iter; left time: 817.3147s
	iters: 1800, epoch: 3 | loss: 0.3957833
	speed: 0.0111s/iter; left time: 825.5008s
	iters: 1900, epoch: 3 | loss: 0.5876870
	speed: 0.0097s/iter; left time: 720.6431s
	iters: 2000, epoch: 3 | loss: 0.4192245
	speed: 0.0104s/iter; left time: 773.9626s
	iters: 2100, epoch: 3 | loss: 0.3807690
	speed: 0.0107s/iter; left time: 795.9403s
	iters: 2200, epoch: 3 | loss: 0.4861931
	speed: 0.0120s/iter; left time: 891.7044s
	iters: 2300, epoch: 3 | loss: 0.3602229
	speed: 0.0128s/iter; left time: 947.5752s
	iters: 2400, epoch: 3 | loss: 0.6759758
	speed: 0.0127s/iter; left time: 934.4266s
	iters: 2500, epoch: 3 | loss: 0.4106800
	speed: 0.0119s/iter; left time: 876.7080s
	iters: 2600, epoch: 3 | loss: 0.5283389
	speed: 0.0115s/iter; left time: 844.2568s
	iters: 2700, epoch: 3 | loss: 0.5344131
	speed: 0.0117s/iter; left time: 863.5063s
	iters: 2800, epoch: 3 | loss: 0.4509856
	speed: 0.0103s/iter; left time: 756.1056s
	iters: 2900, epoch: 3 | loss: 0.4495070
	speed: 0.0124s/iter; left time: 911.3252s
	iters: 3000, epoch: 3 | loss: 0.4924188
	speed: 0.0113s/iter; left time: 830.1453s
	iters: 3100, epoch: 3 | loss: 0.3286164
	speed: 0.0116s/iter; left time: 851.0355s
	iters: 3200, epoch: 3 | loss: 0.4524515
	speed: 0.0123s/iter; left time: 901.2311s
	iters: 3300, epoch: 3 | loss: 0.5276862
	speed: 0.0118s/iter; left time: 861.7373s
	iters: 3400, epoch: 3 | loss: 0.3076802
	speed: 0.0119s/iter; left time: 867.8374s
	iters: 3500, epoch: 3 | loss: 0.4902549
	speed: 0.0103s/iter; left time: 748.7204s
	iters: 3600, epoch: 3 | loss: 0.4554133
	speed: 0.0121s/iter; left time: 881.5648s
	iters: 3700, epoch: 3 | loss: 0.3622410
	speed: 0.0131s/iter; left time: 947.1750s
	iters: 3800, epoch: 3 | loss: 0.5365350
	speed: 0.0104s/iter; left time: 750.7618s
	iters: 3900, epoch: 3 | loss: 0.2855611
	speed: 0.0104s/iter; left time: 755.5608s
	iters: 4000, epoch: 3 | loss: 0.4414100
	speed: 0.0120s/iter; left time: 868.1671s
	iters: 4100, epoch: 3 | loss: 0.4466921
	speed: 0.0125s/iter; left time: 904.1180s
	iters: 4200, epoch: 3 | loss: 0.4350091
	speed: 0.0127s/iter; left time: 916.2691s
Epoch: 3 cost time: 49.18257784843445
Epoch: 3, Steps: 4236 | Train Loss: 0.4356182 Vali Loss: 0.7903929 Test Loss: 0.4745757
Validation loss decreased (1.014124 --> 0.790393).  Saving model ...
Updating learning rate to 0.00125
	iters: 100, epoch: 4 | loss: 0.3757844
	speed: 0.0748s/iter; left time: 5382.0078s
	iters: 200, epoch: 4 | loss: 0.3872232
	speed: 0.0101s/iter; left time: 723.2639s
	iters: 300, epoch: 4 | loss: 0.3838099
	speed: 0.0107s/iter; left time: 768.4423s
	iters: 400, epoch: 4 | loss: 0.4478723
	speed: 0.0127s/iter; left time: 908.2964s
	iters: 500, epoch: 4 | loss: 0.4554002
	speed: 0.0129s/iter; left time: 923.1185s
	iters: 600, epoch: 4 | loss: 0.3841297
	speed: 0.0125s/iter; left time: 892.1502s
	iters: 700, epoch: 4 | loss: 0.3750542
	speed: 0.0122s/iter; left time: 868.9735s
	iters: 800, epoch: 4 | loss: 0.3365965
	speed: 0.0110s/iter; left time: 783.6655s
	iters: 900, epoch: 4 | loss: 0.2973449
	speed: 0.0119s/iter; left time: 845.7609s
	iters: 1000, epoch: 4 | loss: 0.3725086
	speed: 0.0105s/iter; left time: 744.4943s
	iters: 1100, epoch: 4 | loss: 0.2875516
	speed: 0.0118s/iter; left time: 835.7996s
	iters: 1200, epoch: 4 | loss: 0.3497989
	speed: 0.0124s/iter; left time: 878.5251s
	iters: 1300, epoch: 4 | loss: 0.4303764
	speed: 0.0121s/iter; left time: 856.5220s
	iters: 1400, epoch: 4 | loss: 0.2764968
	speed: 0.0132s/iter; left time: 932.8961s
	iters: 1500, epoch: 4 | loss: 0.4163914
	speed: 0.0124s/iter; left time: 872.7369s
	iters: 1600, epoch: 4 | loss: 0.3820356
	speed: 0.0125s/iter; left time: 882.5568s
	iters: 1700, epoch: 4 | loss: 0.3521609
	speed: 0.0100s/iter; left time: 706.1175s
	iters: 1800, epoch: 4 | loss: 0.3765932
	speed: 0.0103s/iter; left time: 725.4464s
	iters: 1900, epoch: 4 | loss: 0.4143966
	speed: 0.0102s/iter; left time: 715.4328s
	iters: 2000, epoch: 4 | loss: 0.3451060
	speed: 0.0108s/iter; left time: 756.4852s
	iters: 2100, epoch: 4 | loss: 0.3062109
	speed: 0.0101s/iter; left time: 707.7443s
	iters: 2200, epoch: 4 | loss: 0.6292261
	speed: 0.0107s/iter; left time: 743.7647s
	iters: 2300, epoch: 4 | loss: 0.3778192
	speed: 0.0113s/iter; left time: 786.5804s
	iters: 2400, epoch: 4 | loss: 0.3289678
	speed: 0.0098s/iter; left time: 682.6398s
	iters: 2500, epoch: 4 | loss: 0.4366426
	speed: 0.0099s/iter; left time: 689.7626s
	iters: 2600, epoch: 4 | loss: 0.3524927
	speed: 0.0113s/iter; left time: 783.7816s
	iters: 2700, epoch: 4 | loss: 0.3351775
	speed: 0.0126s/iter; left time: 875.9918s
	iters: 2800, epoch: 4 | loss: 0.7270048
	speed: 0.0127s/iter; left time: 881.4559s
	iters: 2900, epoch: 4 | loss: 0.3595305
	speed: 0.0124s/iter; left time: 855.5027s
	iters: 3000, epoch: 4 | loss: 0.3465412
	speed: 0.0125s/iter; left time: 865.5785s
	iters: 3100, epoch: 4 | loss: 0.2900518
	speed: 0.0128s/iter; left time: 883.9456s
	iters: 3200, epoch: 4 | loss: 0.5763316
	speed: 0.0129s/iter; left time: 885.1321s
	iters: 3300, epoch: 4 | loss: 0.2625705
	speed: 0.0122s/iter; left time: 838.9082s
	iters: 3400, epoch: 4 | loss: 0.3448495
	speed: 0.0118s/iter; left time: 811.2814s
	iters: 3500, epoch: 4 | loss: 0.4280618
	speed: 0.0113s/iter; left time: 770.8939s
	iters: 3600, epoch: 4 | loss: 0.3728394
	speed: 0.0125s/iter; left time: 854.3399s
	iters: 3700, epoch: 4 | loss: 0.4216052
	speed: 0.0126s/iter; left time: 864.0372s
	iters: 3800, epoch: 4 | loss: 0.3528026
	speed: 0.0111s/iter; left time: 757.3661s
	iters: 3900, epoch: 4 | loss: 0.3219807
	speed: 0.0096s/iter; left time: 654.2549s
	iters: 4000, epoch: 4 | loss: 0.6604992
	speed: 0.0121s/iter; left time: 825.7749s
	iters: 4100, epoch: 4 | loss: 0.2972822
	speed: 0.0104s/iter; left time: 709.3018s
	iters: 4200, epoch: 4 | loss: 0.4005243
	speed: 0.0116s/iter; left time: 787.5778s
Epoch: 4 cost time: 48.90895175933838
Epoch: 4, Steps: 4236 | Train Loss: 0.3804776 Vali Loss: 0.6699507 Test Loss: 0.4130671
Validation loss decreased (0.790393 --> 0.669951).  Saving model ...
Updating learning rate to 0.000625
	iters: 100, epoch: 5 | loss: 0.3276616
	speed: 0.0808s/iter; left time: 5469.4691s
	iters: 200, epoch: 5 | loss: 0.4002891
	speed: 0.0095s/iter; left time: 643.3658s
	iters: 300, epoch: 5 | loss: 0.4094093
	speed: 0.0108s/iter; left time: 729.7067s
	iters: 400, epoch: 5 | loss: 0.5773388
	speed: 0.0111s/iter; left time: 749.3937s
	iters: 500, epoch: 5 | loss: 0.3135436
	speed: 0.0101s/iter; left time: 679.0316s
	iters: 600, epoch: 5 | loss: 0.2500679
	speed: 0.0095s/iter; left time: 634.9302s
	iters: 700, epoch: 5 | loss: 0.2955163
	speed: 0.0128s/iter; left time: 860.2330s
	iters: 800, epoch: 5 | loss: 0.5108930
	speed: 0.0121s/iter; left time: 811.3873s
	iters: 900, epoch: 5 | loss: 0.2848311
	speed: 0.0112s/iter; left time: 747.2754s
	iters: 1000, epoch: 5 | loss: 0.4336392
	speed: 0.0124s/iter; left time: 828.8901s
	iters: 1100, epoch: 5 | loss: 0.2915630
	speed: 0.0111s/iter; left time: 743.4050s
	iters: 1200, epoch: 5 | loss: 0.2939827
	speed: 0.0125s/iter; left time: 829.6749s
	iters: 1300, epoch: 5 | loss: 0.4975775
	speed: 0.0129s/iter; left time: 857.9024s
	iters: 1400, epoch: 5 | loss: 0.3027180
	speed: 0.0128s/iter; left time: 849.2847s
	iters: 1500, epoch: 5 | loss: 0.4166974
	speed: 0.0123s/iter; left time: 816.9998s
	iters: 1600, epoch: 5 | loss: 0.3196648
	speed: 0.0119s/iter; left time: 787.4748s
	iters: 1700, epoch: 5 | loss: 0.2813228
	speed: 0.0126s/iter; left time: 834.8534s
	iters: 1800, epoch: 5 | loss: 0.3511721
	speed: 0.0128s/iter; left time: 843.6226s
	iters: 1900, epoch: 5 | loss: 0.2991335
	speed: 0.0125s/iter; left time: 822.5632s
	iters: 2000, epoch: 5 | loss: 0.3231589
	speed: 0.0117s/iter; left time: 767.8791s
	iters: 2100, epoch: 5 | loss: 0.5058068
	speed: 0.0119s/iter; left time: 780.7341s
	iters: 2200, epoch: 5 | loss: 0.3268450
	speed: 0.0129s/iter; left time: 844.8182s
	iters: 2300, epoch: 5 | loss: 0.2623318
	speed: 0.0122s/iter; left time: 801.4180s
	iters: 2400, epoch: 5 | loss: 0.3537113
	speed: 0.0127s/iter; left time: 831.4624s
	iters: 2500, epoch: 5 | loss: 0.3837788
	speed: 0.0125s/iter; left time: 816.1953s
	iters: 2600, epoch: 5 | loss: 0.3559467
	speed: 0.0122s/iter; left time: 792.0902s
	iters: 2700, epoch: 5 | loss: 0.2291134
	speed: 0.0122s/iter; left time: 795.3956s
	iters: 2800, epoch: 5 | loss: 0.3430565
	speed: 0.0127s/iter; left time: 827.7124s
	iters: 2900, epoch: 5 | loss: 0.2797944
	speed: 0.0125s/iter; left time: 812.5263s
	iters: 3000, epoch: 5 | loss: 0.3334157
	speed: 0.0127s/iter; left time: 822.2172s
	iters: 3100, epoch: 5 | loss: 0.3425822
	speed: 0.0130s/iter; left time: 843.1788s
	iters: 3200, epoch: 5 | loss: 0.2887452
	speed: 0.0126s/iter; left time: 812.7424s
	iters: 3300, epoch: 5 | loss: 0.3998681
	speed: 0.0127s/iter; left time: 820.9226s
	iters: 3400, epoch: 5 | loss: 0.4750766
	speed: 0.0111s/iter; left time: 712.8848s
	iters: 3500, epoch: 5 | loss: 0.3930863
	speed: 0.0114s/iter; left time: 733.0077s
	iters: 3600, epoch: 5 | loss: 0.2872631
	speed: 0.0118s/iter; left time: 760.0278s
	iters: 3700, epoch: 5 | loss: 0.3240728
	speed: 0.0127s/iter; left time: 811.7378s
	iters: 3800, epoch: 5 | loss: 0.4366004
	speed: 0.0126s/iter; left time: 803.0424s
	iters: 3900, epoch: 5 | loss: 0.2929710
	speed: 0.0123s/iter; left time: 783.3756s
	iters: 4000, epoch: 5 | loss: 0.3656425
	speed: 0.0122s/iter; left time: 779.7276s
	iters: 4100, epoch: 5 | loss: 0.3638421
	speed: 0.0128s/iter; left time: 814.8450s
	iters: 4200, epoch: 5 | loss: 0.3089364
	speed: 0.0127s/iter; left time: 806.3449s
Epoch: 5 cost time: 50.950631618499756
Epoch: 5, Steps: 4236 | Train Loss: 0.3543085 Vali Loss: 0.6470528 Test Loss: 0.3896469
Validation loss decreased (0.669951 --> 0.647053).  Saving model ...
Updating learning rate to 0.0003125
	iters: 100, epoch: 6 | loss: 0.2711178
	speed: 0.0759s/iter; left time: 4816.5983s
	iters: 200, epoch: 6 | loss: 0.2824548
	speed: 0.0101s/iter; left time: 637.4547s
	iters: 300, epoch: 6 | loss: 0.2802512
	speed: 0.0087s/iter; left time: 552.7280s
	iters: 400, epoch: 6 | loss: 0.2687239
	speed: 0.0107s/iter; left time: 677.1226s
	iters: 500, epoch: 6 | loss: 0.3573266
	speed: 0.0124s/iter; left time: 784.7134s
	iters: 600, epoch: 6 | loss: 0.3967326
	speed: 0.0127s/iter; left time: 800.7791s
	iters: 700, epoch: 6 | loss: 0.2690716
	speed: 0.0123s/iter; left time: 774.3952s
	iters: 800, epoch: 6 | loss: 0.3103119
	speed: 0.0120s/iter; left time: 753.8023s
	iters: 900, epoch: 6 | loss: 0.2332050
	speed: 0.0115s/iter; left time: 719.7061s
	iters: 1000, epoch: 6 | loss: 0.2553495
	speed: 0.0123s/iter; left time: 766.3923s
	iters: 1100, epoch: 6 | loss: 0.2996608
	speed: 0.0122s/iter; left time: 758.9134s
	iters: 1200, epoch: 6 | loss: 0.3131647
	speed: 0.0115s/iter; left time: 715.2839s
	iters: 1300, epoch: 6 | loss: 0.3125325
	speed: 0.0122s/iter; left time: 758.8159s
	iters: 1400, epoch: 6 | loss: 0.4959024
	speed: 0.0101s/iter; left time: 629.8076s
	iters: 1500, epoch: 6 | loss: 0.3577496
	speed: 0.0119s/iter; left time: 740.0303s
	iters: 1600, epoch: 6 | loss: 0.2828763
	speed: 0.0124s/iter; left time: 770.4914s
	iters: 1700, epoch: 6 | loss: 0.3088535
	speed: 0.0117s/iter; left time: 724.3253s
	iters: 1800, epoch: 6 | loss: 0.2902923
	speed: 0.0113s/iter; left time: 699.7395s
	iters: 1900, epoch: 6 | loss: 0.2553193
	speed: 0.0105s/iter; left time: 646.2808s
	iters: 2000, epoch: 6 | loss: 0.4431563
	speed: 0.0104s/iter; left time: 640.7999s
	iters: 2100, epoch: 6 | loss: 0.2833288
	speed: 0.0096s/iter; left time: 587.6126s
	iters: 2200, epoch: 6 | loss: 0.3541262
	speed: 0.0119s/iter; left time: 728.2607s
	iters: 2300, epoch: 6 | loss: 0.5209534
	speed: 0.0106s/iter; left time: 648.1148s
	iters: 2400, epoch: 6 | loss: 0.3176687
	speed: 0.0115s/iter; left time: 704.9602s
	iters: 2500, epoch: 6 | loss: 0.3516484
	speed: 0.0085s/iter; left time: 518.8091s
	iters: 2600, epoch: 6 | loss: 0.3777290
	speed: 0.0101s/iter; left time: 615.8544s
	iters: 2700, epoch: 6 | loss: 0.5816617
	speed: 0.0123s/iter; left time: 749.1550s
	iters: 2800, epoch: 6 | loss: 0.5197314
	speed: 0.0110s/iter; left time: 670.9504s
	iters: 2900, epoch: 6 | loss: 0.3317466
	speed: 0.0123s/iter; left time: 746.5293s
	iters: 3000, epoch: 6 | loss: 0.3455575
	speed: 0.0107s/iter; left time: 648.0501s
	iters: 3100, epoch: 6 | loss: 0.2606684
	speed: 0.0123s/iter; left time: 742.9394s
	iters: 3200, epoch: 6 | loss: 0.5033655
	speed: 0.0128s/iter; left time: 773.4241s
	iters: 3300, epoch: 6 | loss: 0.3231055
	speed: 0.0126s/iter; left time: 759.2299s
	iters: 3400, epoch: 6 | loss: 0.2285997
	speed: 0.0127s/iter; left time: 761.5345s
	iters: 3500, epoch: 6 | loss: 0.3496442
	speed: 0.0123s/iter; left time: 736.3213s
	iters: 3600, epoch: 6 | loss: 0.4079407
	speed: 0.0125s/iter; left time: 750.8301s
	iters: 3700, epoch: 6 | loss: 0.3959009
	speed: 0.0128s/iter; left time: 763.2223s
	iters: 3800, epoch: 6 | loss: 0.2278503
	speed: 0.0120s/iter; left time: 718.3552s
	iters: 3900, epoch: 6 | loss: 0.2922668
	speed: 0.0122s/iter; left time: 726.0444s
	iters: 4000, epoch: 6 | loss: 0.4082953
	speed: 0.0130s/iter; left time: 774.4130s
	iters: 4100, epoch: 6 | loss: 0.2976689
	speed: 0.0133s/iter; left time: 791.7496s
	iters: 4200, epoch: 6 | loss: 0.3340231
	speed: 0.0129s/iter; left time: 764.4714s
Epoch: 6 cost time: 49.20567321777344
Epoch: 6, Steps: 4236 | Train Loss: 0.3403133 Vali Loss: 0.6390775 Test Loss: 0.3789920
Validation loss decreased (0.647053 --> 0.639077).  Saving model ...
Updating learning rate to 0.00015625
	iters: 100, epoch: 7 | loss: 0.3482954
	speed: 0.0728s/iter; left time: 4311.0119s
	iters: 200, epoch: 7 | loss: 0.3985153
	speed: 0.0091s/iter; left time: 540.1559s
	iters: 300, epoch: 7 | loss: 0.2973293
	speed: 0.0096s/iter; left time: 566.5852s
	iters: 400, epoch: 7 | loss: 0.3814658
	speed: 0.0113s/iter; left time: 666.0541s
	iters: 500, epoch: 7 | loss: 0.2634142
	speed: 0.0118s/iter; left time: 693.4389s
	iters: 600, epoch: 7 | loss: 0.3123630
	speed: 0.0116s/iter; left time: 679.4348s
	iters: 700, epoch: 7 | loss: 0.3313063
	speed: 0.0124s/iter; left time: 726.3819s
	iters: 800, epoch: 7 | loss: 0.2441628
	speed: 0.0124s/iter; left time: 726.4867s
	iters: 900, epoch: 7 | loss: 0.2069844
	speed: 0.0125s/iter; left time: 731.0863s
	iters: 1000, epoch: 7 | loss: 0.3355792
	speed: 0.0113s/iter; left time: 657.8977s
	iters: 1100, epoch: 7 | loss: 0.3067038
	speed: 0.0111s/iter; left time: 648.7017s
	iters: 1200, epoch: 7 | loss: 0.4350759
	speed: 0.0126s/iter; left time: 731.2332s
	iters: 1300, epoch: 7 | loss: 0.3115716
	speed: 0.0110s/iter; left time: 640.5947s
	iters: 1400, epoch: 7 | loss: 0.3968702
	speed: 0.0115s/iter; left time: 663.9165s
	iters: 1500, epoch: 7 | loss: 0.3073441
	speed: 0.0128s/iter; left time: 742.6246s
	iters: 1600, epoch: 7 | loss: 0.2710749
	speed: 0.0109s/iter; left time: 630.2326s
	iters: 1700, epoch: 7 | loss: 0.3289702
	speed: 0.0100s/iter; left time: 577.3962s
	iters: 1800, epoch: 7 | loss: 0.2361809
	speed: 0.0110s/iter; left time: 632.1425s
	iters: 1900, epoch: 7 | loss: 0.3556266
	speed: 0.0116s/iter; left time: 666.6230s
	iters: 2000, epoch: 7 | loss: 0.2438160
	speed: 0.0113s/iter; left time: 646.6283s
	iters: 2100, epoch: 7 | loss: 0.2591183
	speed: 0.0131s/iter; left time: 751.8668s
	iters: 2200, epoch: 7 | loss: 0.5113980
	speed: 0.0127s/iter; left time: 722.7162s
	iters: 2300, epoch: 7 | loss: 0.2917653
	speed: 0.0132s/iter; left time: 753.2023s
	iters: 2400, epoch: 7 | loss: 0.3754337
	speed: 0.0131s/iter; left time: 743.4458s
	iters: 2500, epoch: 7 | loss: 0.2712351
	speed: 0.0115s/iter; left time: 655.4712s
	iters: 2600, epoch: 7 | loss: 0.2046866
	speed: 0.0102s/iter; left time: 576.8245s
	iters: 2700, epoch: 7 | loss: 0.3281495
	speed: 0.0114s/iter; left time: 645.4643s
	iters: 2800, epoch: 7 | loss: 0.2584987
	speed: 0.0130s/iter; left time: 732.5484s
	iters: 2900, epoch: 7 | loss: 0.2724321
	speed: 0.0119s/iter; left time: 673.8587s
	iters: 3000, epoch: 7 | loss: 0.4719920
	speed: 0.0118s/iter; left time: 663.4886s
	iters: 3100, epoch: 7 | loss: 0.3771486
	speed: 0.0124s/iter; left time: 696.1515s
	iters: 3200, epoch: 7 | loss: 0.2421781
	speed: 0.0127s/iter; left time: 711.0803s
	iters: 3300, epoch: 7 | loss: 0.3008799
	speed: 0.0117s/iter; left time: 657.7246s
	iters: 3400, epoch: 7 | loss: 0.3359051
	speed: 0.0125s/iter; left time: 696.2127s
	iters: 3500, epoch: 7 | loss: 0.2778453
	speed: 0.0129s/iter; left time: 721.9804s
	iters: 3600, epoch: 7 | loss: 0.3144465
	speed: 0.0129s/iter; left time: 717.9833s
	iters: 3700, epoch: 7 | loss: 0.3361228
	speed: 0.0125s/iter; left time: 697.4729s
	iters: 3800, epoch: 7 | loss: 0.4873763
	speed: 0.0116s/iter; left time: 643.3233s
	iters: 3900, epoch: 7 | loss: 0.2436398
	speed: 0.0128s/iter; left time: 710.6051s
	iters: 4000, epoch: 7 | loss: 0.4346359
	speed: 0.0126s/iter; left time: 697.6850s
	iters: 4100, epoch: 7 | loss: 0.2820640
	speed: 0.0120s/iter; left time: 662.6681s
	iters: 4200, epoch: 7 | loss: 0.3154258
	speed: 0.0117s/iter; left time: 644.3881s
Epoch: 7 cost time: 49.862534046173096
Epoch: 7, Steps: 4236 | Train Loss: 0.3333316 Vali Loss: 0.6210539 Test Loss: 0.3727997
Validation loss decreased (0.639077 --> 0.621054).  Saving model ...
Updating learning rate to 7.8125e-05
	iters: 100, epoch: 8 | loss: 0.2061904
	speed: 0.0691s/iter; left time: 3800.0234s
	iters: 200, epoch: 8 | loss: 0.3127297
	speed: 0.0102s/iter; left time: 558.6447s
	iters: 300, epoch: 8 | loss: 0.3409511
	speed: 0.0112s/iter; left time: 611.9027s
	iters: 400, epoch: 8 | loss: 0.2776831
	speed: 0.0109s/iter; left time: 595.4628s
	iters: 500, epoch: 8 | loss: 0.1942322
	speed: 0.0121s/iter; left time: 658.5950s
	iters: 600, epoch: 8 | loss: 0.3760597
	speed: 0.0096s/iter; left time: 523.5172s
	iters: 700, epoch: 8 | loss: 0.3136130
	speed: 0.0099s/iter; left time: 538.9788s
	iters: 800, epoch: 8 | loss: 0.2912027
	speed: 0.0102s/iter; left time: 555.8320s
	iters: 900, epoch: 8 | loss: 0.3635134
	speed: 0.0125s/iter; left time: 675.2644s
	iters: 1000, epoch: 8 | loss: 0.3791975
	speed: 0.0126s/iter; left time: 680.3242s
	iters: 1100, epoch: 8 | loss: 0.3787459
	speed: 0.0129s/iter; left time: 696.6624s
	iters: 1200, epoch: 8 | loss: 0.3160701
	speed: 0.0127s/iter; left time: 685.0268s
	iters: 1300, epoch: 8 | loss: 0.2751233
	speed: 0.0126s/iter; left time: 676.3410s
	iters: 1400, epoch: 8 | loss: 0.3210392
	speed: 0.0116s/iter; left time: 623.2463s
	iters: 1500, epoch: 8 | loss: 0.2489563
	speed: 0.0124s/iter; left time: 663.8911s
	iters: 1600, epoch: 8 | loss: 0.3088534
	speed: 0.0099s/iter; left time: 531.1014s
	iters: 1700, epoch: 8 | loss: 0.4160793
	speed: 0.0108s/iter; left time: 576.4903s
	iters: 1800, epoch: 8 | loss: 0.4884945
	speed: 0.0128s/iter; left time: 680.6441s
	iters: 1900, epoch: 8 | loss: 0.2847196
	speed: 0.0097s/iter; left time: 514.1897s
	iters: 2000, epoch: 8 | loss: 0.3146382
	speed: 0.0114s/iter; left time: 606.7978s
	iters: 2100, epoch: 8 | loss: 0.2381673
	speed: 0.0127s/iter; left time: 673.3247s
	iters: 2200, epoch: 8 | loss: 0.3968479
	speed: 0.0100s/iter; left time: 527.3297s
	iters: 2300, epoch: 8 | loss: 0.3069222
	speed: 0.0108s/iter; left time: 568.1607s
	iters: 2400, epoch: 8 | loss: 0.5756562
	speed: 0.0122s/iter; left time: 640.6949s
	iters: 2500, epoch: 8 | loss: 0.2866986
	speed: 0.0122s/iter; left time: 638.9073s
	iters: 2600, epoch: 8 | loss: 0.3732643
	speed: 0.0118s/iter; left time: 620.5129s
	iters: 2700, epoch: 8 | loss: 0.2822088
	speed: 0.0098s/iter; left time: 515.5357s
	iters: 2800, epoch: 8 | loss: 0.3034719
	speed: 0.0115s/iter; left time: 599.2659s
	iters: 2900, epoch: 8 | loss: 0.3570113
	speed: 0.0116s/iter; left time: 605.3246s
	iters: 3000, epoch: 8 | loss: 0.2501786
	speed: 0.0120s/iter; left time: 626.4858s
	iters: 3100, epoch: 8 | loss: 0.2825360
	speed: 0.0125s/iter; left time: 648.1730s
	iters: 3200, epoch: 8 | loss: 0.2901641
	speed: 0.0120s/iter; left time: 624.9095s
	iters: 3300, epoch: 8 | loss: 0.3541687
	speed: 0.0107s/iter; left time: 554.5442s
	iters: 3400, epoch: 8 | loss: 0.3714758
	speed: 0.0129s/iter; left time: 667.7654s
	iters: 3500, epoch: 8 | loss: 0.2448899
	speed: 0.0125s/iter; left time: 645.2827s
	iters: 3600, epoch: 8 | loss: 0.2286984
	speed: 0.0128s/iter; left time: 660.0240s
	iters: 3700, epoch: 8 | loss: 0.2362228
	speed: 0.0126s/iter; left time: 647.5460s
	iters: 3800, epoch: 8 | loss: 0.3562910
	speed: 0.0132s/iter; left time: 677.9725s
	iters: 3900, epoch: 8 | loss: 0.2699909
	speed: 0.0115s/iter; left time: 590.6614s
	iters: 4000, epoch: 8 | loss: 0.2660939
	speed: 0.0123s/iter; left time: 627.3452s
	iters: 4100, epoch: 8 | loss: 0.2825161
	speed: 0.0109s/iter; left time: 555.9129s
	iters: 4200, epoch: 8 | loss: 0.3761798
	speed: 0.0100s/iter; left time: 507.3880s
Epoch: 8 cost time: 48.90028929710388
Epoch: 8, Steps: 4236 | Train Loss: 0.3297730 Vali Loss: 0.6199406 Test Loss: 0.3676507
Validation loss decreased (0.621054 --> 0.619941).  Saving model ...
Updating learning rate to 3.90625e-05
	iters: 100, epoch: 9 | loss: 0.2676198
	speed: 0.0699s/iter; left time: 3544.4015s
	iters: 200, epoch: 9 | loss: 0.4450817
	speed: 0.0087s/iter; left time: 441.5193s
	iters: 300, epoch: 9 | loss: 0.2836175
	speed: 0.0091s/iter; left time: 457.9280s
	iters: 400, epoch: 9 | loss: 0.2532373
	speed: 0.0095s/iter; left time: 477.2214s
	iters: 500, epoch: 9 | loss: 0.3861347
	speed: 0.0099s/iter; left time: 499.9019s
	iters: 600, epoch: 9 | loss: 0.2623826
	speed: 0.0111s/iter; left time: 558.7243s
	iters: 700, epoch: 9 | loss: 0.3437295
	speed: 0.0100s/iter; left time: 501.4114s
	iters: 800, epoch: 9 | loss: 0.3010654
	speed: 0.0101s/iter; left time: 503.4963s
	iters: 900, epoch: 9 | loss: 0.2616775
	speed: 0.0108s/iter; left time: 538.9536s
	iters: 1000, epoch: 9 | loss: 0.3927555
	speed: 0.0127s/iter; left time: 633.7696s
	iters: 1100, epoch: 9 | loss: 0.3431693
	speed: 0.0131s/iter; left time: 651.1869s
	iters: 1200, epoch: 9 | loss: 0.3967290
	speed: 0.0126s/iter; left time: 625.0608s
	iters: 1300, epoch: 9 | loss: 0.4941369
	speed: 0.0114s/iter; left time: 566.3642s
	iters: 1400, epoch: 9 | loss: 0.2865188
	speed: 0.0118s/iter; left time: 582.5938s
	iters: 1500, epoch: 9 | loss: 0.3827842
	speed: 0.0099s/iter; left time: 490.4479s
	iters: 1600, epoch: 9 | loss: 0.2152865
	speed: 0.0110s/iter; left time: 542.5639s
	iters: 1700, epoch: 9 | loss: 0.3010175
	speed: 0.0118s/iter; left time: 581.4215s
	iters: 1800, epoch: 9 | loss: 0.2647575
	speed: 0.0103s/iter; left time: 507.1696s
	iters: 1900, epoch: 9 | loss: 0.2956700
	speed: 0.0108s/iter; left time: 527.0919s
	iters: 2000, epoch: 9 | loss: 0.2807874
	speed: 0.0105s/iter; left time: 511.4831s
	iters: 2100, epoch: 9 | loss: 0.2282673
	speed: 0.0126s/iter; left time: 612.8343s
	iters: 2200, epoch: 9 | loss: 0.4037235
	speed: 0.0116s/iter; left time: 563.3746s
	iters: 2300, epoch: 9 | loss: 0.2057970
	speed: 0.0087s/iter; left time: 420.4818s
	iters: 2400, epoch: 9 | loss: 0.2788985
	speed: 0.0115s/iter; left time: 556.6468s
	iters: 2500, epoch: 9 | loss: 0.2613924
	speed: 0.0111s/iter; left time: 536.2779s
	iters: 2600, epoch: 9 | loss: 0.2482081
	speed: 0.0117s/iter; left time: 564.0965s
	iters: 2700, epoch: 9 | loss: 0.5916902
	speed: 0.0124s/iter; left time: 597.0072s
	iters: 2800, epoch: 9 | loss: 0.2430167
	speed: 0.0125s/iter; left time: 601.4661s
	iters: 2900, epoch: 9 | loss: 0.3644130
	speed: 0.0124s/iter; left time: 594.0923s
	iters: 3000, epoch: 9 | loss: 0.3886788
	speed: 0.0129s/iter; left time: 618.2986s
	iters: 3100, epoch: 9 | loss: 0.2679491
	speed: 0.0125s/iter; left time: 595.8318s
	iters: 3200, epoch: 9 | loss: 0.2659302
	speed: 0.0125s/iter; left time: 594.1015s
	iters: 3300, epoch: 9 | loss: 0.3879345
	speed: 0.0131s/iter; left time: 623.0821s
	iters: 3400, epoch: 9 | loss: 0.2659002
	speed: 0.0128s/iter; left time: 608.8337s
	iters: 3500, epoch: 9 | loss: 0.3949800
	speed: 0.0089s/iter; left time: 423.2707s
	iters: 3600, epoch: 9 | loss: 0.3157246
	speed: 0.0115s/iter; left time: 544.2761s
	iters: 3700, epoch: 9 | loss: 0.2734168
	speed: 0.0129s/iter; left time: 610.0764s
	iters: 3800, epoch: 9 | loss: 0.4034288
	speed: 0.0117s/iter; left time: 550.5734s
	iters: 3900, epoch: 9 | loss: 0.3125858
	speed: 0.0103s/iter; left time: 481.6673s
	iters: 4000, epoch: 9 | loss: 0.1828119
	speed: 0.0109s/iter; left time: 512.1798s
	iters: 4100, epoch: 9 | loss: 0.1999853
	speed: 0.0125s/iter; left time: 583.3125s
	iters: 4200, epoch: 9 | loss: 0.3468448
	speed: 0.0120s/iter; left time: 561.8950s
Epoch: 9 cost time: 47.79997396469116
Epoch: 9, Steps: 4236 | Train Loss: 0.3278312 Vali Loss: 0.6132529 Test Loss: 0.3670027
Validation loss decreased (0.619941 --> 0.613253).  Saving model ...
Updating learning rate to 1.953125e-05
	iters: 100, epoch: 10 | loss: 0.3837421
	speed: 0.0758s/iter; left time: 3522.2815s
	iters: 200, epoch: 10 | loss: 0.2850166
	speed: 0.0095s/iter; left time: 442.1842s
	iters: 300, epoch: 10 | loss: 0.4005731
	speed: 0.0099s/iter; left time: 460.3776s
	iters: 400, epoch: 10 | loss: 0.2438191
	speed: 0.0091s/iter; left time: 420.1206s
	iters: 500, epoch: 10 | loss: 0.2750692
	speed: 0.0105s/iter; left time: 482.2170s
	iters: 600, epoch: 10 | loss: 0.3595138
	speed: 0.0105s/iter; left time: 482.2269s
	iters: 700, epoch: 10 | loss: 0.7003754
	speed: 0.0109s/iter; left time: 499.0685s
	iters: 800, epoch: 10 | loss: 0.2490473
	speed: 0.0104s/iter; left time: 476.3515s
	iters: 900, epoch: 10 | loss: 0.2414030
	speed: 0.0116s/iter; left time: 530.2187s
	iters: 1000, epoch: 10 | loss: 0.3414883
	speed: 0.0118s/iter; left time: 535.7684s
	iters: 1100, epoch: 10 | loss: 0.3393968
	speed: 0.0102s/iter; left time: 466.0412s
	iters: 1200, epoch: 10 | loss: 0.2477456
	speed: 0.0105s/iter; left time: 477.1969s
	iters: 1300, epoch: 10 | loss: 0.4381351
	speed: 0.0106s/iter; left time: 479.8429s
	iters: 1400, epoch: 10 | loss: 0.2072979
	speed: 0.0126s/iter; left time: 568.3267s
	iters: 1500, epoch: 10 | loss: 0.3182102
	speed: 0.0126s/iter; left time: 569.4275s
	iters: 1600, epoch: 10 | loss: 0.2805839
	speed: 0.0129s/iter; left time: 581.4664s
	iters: 1700, epoch: 10 | loss: 0.3524937
	speed: 0.0119s/iter; left time: 535.7768s
	iters: 1800, epoch: 10 | loss: 0.2897074
	speed: 0.0109s/iter; left time: 486.6308s
	iters: 1900, epoch: 10 | loss: 0.2250536
	speed: 0.0115s/iter; left time: 514.2163s
	iters: 2000, epoch: 10 | loss: 0.3736234
	speed: 0.0130s/iter; left time: 581.4381s
	iters: 2100, epoch: 10 | loss: 0.4502245
	speed: 0.0129s/iter; left time: 576.0160s
	iters: 2200, epoch: 10 | loss: 0.2544325
	speed: 0.0131s/iter; left time: 583.5055s
	iters: 2300, epoch: 10 | loss: 0.2691519
	speed: 0.0126s/iter; left time: 557.4738s
	iters: 2400, epoch: 10 | loss: 0.2738245
	speed: 0.0108s/iter; left time: 479.2517s
	iters: 2500, epoch: 10 | loss: 0.4978477
	speed: 0.0128s/iter; left time: 563.6126s
	iters: 2600, epoch: 10 | loss: 0.4687305
	speed: 0.0131s/iter; left time: 576.4702s
	iters: 2700, epoch: 10 | loss: 0.2543574
	speed: 0.0131s/iter; left time: 573.4555s
	iters: 2800, epoch: 10 | loss: 0.2701837
	speed: 0.0128s/iter; left time: 562.1673s
	iters: 2900, epoch: 10 | loss: 0.2516537
	speed: 0.0122s/iter; left time: 534.9491s
	iters: 3000, epoch: 10 | loss: 0.2980017
	speed: 0.0109s/iter; left time: 476.3273s
	iters: 3100, epoch: 10 | loss: 0.2719828
	speed: 0.0122s/iter; left time: 532.5197s
	iters: 3200, epoch: 10 | loss: 0.2490287
	speed: 0.0119s/iter; left time: 515.3137s
	iters: 3300, epoch: 10 | loss: 0.3154672
	speed: 0.0116s/iter; left time: 504.0506s
	iters: 3400, epoch: 10 | loss: 0.3176800
	speed: 0.0125s/iter; left time: 538.8934s
	iters: 3500, epoch: 10 | loss: 0.3749574
	speed: 0.0130s/iter; left time: 562.1412s
	iters: 3600, epoch: 10 | loss: 0.4172358
	speed: 0.0112s/iter; left time: 483.5507s
	iters: 3700, epoch: 10 | loss: 0.2896344
	speed: 0.0103s/iter; left time: 442.8367s
	iters: 3800, epoch: 10 | loss: 0.3022610
	speed: 0.0100s/iter; left time: 427.2106s
	iters: 3900, epoch: 10 | loss: 0.3077792
	speed: 0.0115s/iter; left time: 492.6540s
	iters: 4000, epoch: 10 | loss: 0.3626234
	speed: 0.0118s/iter; left time: 500.7905s
	iters: 4100, epoch: 10 | loss: 0.2651807
	speed: 0.0132s/iter; left time: 562.4068s
	iters: 4200, epoch: 10 | loss: 0.2789141
	speed: 0.0127s/iter; left time: 536.8433s
Epoch: 10 cost time: 49.179500341415405
Epoch: 10, Steps: 4236 | Train Loss: 0.3268220 Vali Loss: 0.6083122 Test Loss: 0.3672618
Validation loss decreased (0.613253 --> 0.608312).  Saving model ...
Updating learning rate to 9.765625e-06
	iters: 100, epoch: 11 | loss: 0.5350891
	speed: 0.0802s/iter; left time: 3390.8966s
	iters: 200, epoch: 11 | loss: 0.3622155
	speed: 0.0101s/iter; left time: 426.8183s
	iters: 300, epoch: 11 | loss: 0.3040672
	speed: 0.0101s/iter; left time: 425.7942s
	iters: 400, epoch: 11 | loss: 0.2573243
	speed: 0.0101s/iter; left time: 424.2544s
	iters: 500, epoch: 11 | loss: 0.2942526
	speed: 0.0106s/iter; left time: 443.8512s
	iters: 600, epoch: 11 | loss: 0.2917612
	speed: 0.0105s/iter; left time: 436.8995s
	iters: 700, epoch: 11 | loss: 0.2940718
	speed: 0.0115s/iter; left time: 478.4616s
	iters: 800, epoch: 11 | loss: 0.6436867
	speed: 0.0121s/iter; left time: 504.7223s
	iters: 900, epoch: 11 | loss: 0.3976199
	speed: 0.0096s/iter; left time: 397.6879s
	iters: 1000, epoch: 11 | loss: 0.3103825
	speed: 0.0130s/iter; left time: 535.7758s
	iters: 1100, epoch: 11 | loss: 0.2422720
	speed: 0.0129s/iter; left time: 531.1180s
	iters: 1200, epoch: 11 | loss: 0.2820883
	speed: 0.0126s/iter; left time: 517.7513s
	iters: 1300, epoch: 11 | loss: 0.5161863
	speed: 0.0129s/iter; left time: 530.2484s
	iters: 1400, epoch: 11 | loss: 0.2600150
	speed: 0.0098s/iter; left time: 401.9995s
	iters: 1500, epoch: 11 | loss: 0.3177970
	speed: 0.0116s/iter; left time: 473.8255s
	iters: 1600, epoch: 11 | loss: 0.2679875
	speed: 0.0130s/iter; left time: 530.8572s
	iters: 1700, epoch: 11 | loss: 0.3565888
	speed: 0.0129s/iter; left time: 525.6642s
	iters: 1800, epoch: 11 | loss: 0.2887384
	speed: 0.0121s/iter; left time: 489.6855s
	iters: 1900, epoch: 11 | loss: 0.3822105
	speed: 0.0111s/iter; left time: 447.2908s
	iters: 2000, epoch: 11 | loss: 0.2943091
	speed: 0.0122s/iter; left time: 490.5284s
	iters: 2100, epoch: 11 | loss: 0.2378029
	speed: 0.0123s/iter; left time: 496.1290s
	iters: 2200, epoch: 11 | loss: 0.2531055
	speed: 0.0120s/iter; left time: 480.2261s
	iters: 2300, epoch: 11 | loss: 0.3520548
	speed: 0.0110s/iter; left time: 440.4145s
	iters: 2400, epoch: 11 | loss: 0.3297765
	speed: 0.0099s/iter; left time: 394.9819s
	iters: 2500, epoch: 11 | loss: 0.3176230
	speed: 0.0113s/iter; left time: 449.0064s
	iters: 2600, epoch: 11 | loss: 0.3607980
	speed: 0.0118s/iter; left time: 470.0670s
	iters: 2700, epoch: 11 | loss: 0.4134599
	speed: 0.0124s/iter; left time: 489.9753s
	iters: 2800, epoch: 11 | loss: 0.3563553
	speed: 0.0127s/iter; left time: 501.8100s
	iters: 2900, epoch: 11 | loss: 0.2679205
	speed: 0.0119s/iter; left time: 468.5159s
	iters: 3000, epoch: 11 | loss: 0.3245963
	speed: 0.0121s/iter; left time: 476.3408s
	iters: 3100, epoch: 11 | loss: 0.3277073
	speed: 0.0126s/iter; left time: 493.6271s
	iters: 3200, epoch: 11 | loss: 0.2248780
	speed: 0.0114s/iter; left time: 448.1228s
	iters: 3300, epoch: 11 | loss: 0.2190988
	speed: 0.0113s/iter; left time: 441.9675s
	iters: 3400, epoch: 11 | loss: 0.3473242
	speed: 0.0100s/iter; left time: 389.4373s
	iters: 3500, epoch: 11 | loss: 0.5930089
	speed: 0.0116s/iter; left time: 452.1955s
	iters: 3600, epoch: 11 | loss: 0.3005234
	speed: 0.0118s/iter; left time: 456.3052s
	iters: 3700, epoch: 11 | loss: 0.2615707
	speed: 0.0126s/iter; left time: 487.6399s
	iters: 3800, epoch: 11 | loss: 0.2098964
	speed: 0.0128s/iter; left time: 493.8073s
	iters: 3900, epoch: 11 | loss: 0.3634658
	speed: 0.0130s/iter; left time: 500.2231s
	iters: 4000, epoch: 11 | loss: 0.3023373
	speed: 0.0130s/iter; left time: 497.6757s
	iters: 4100, epoch: 11 | loss: 0.6723154
	speed: 0.0100s/iter; left time: 381.9569s
	iters: 4200, epoch: 11 | loss: 0.2854865
	speed: 0.0102s/iter; left time: 388.1885s
Epoch: 11 cost time: 48.85940146446228
Epoch: 11, Steps: 4236 | Train Loss: 0.3263479 Vali Loss: 0.6119727 Test Loss: 0.3662871
EarlyStopping counter: 1 out of 5
Updating learning rate to 4.8828125e-06
	iters: 100, epoch: 12 | loss: 0.3606946
	speed: 0.0704s/iter; left time: 2677.1944s
	iters: 200, epoch: 12 | loss: 0.2664037
	speed: 0.0098s/iter; left time: 371.8127s
	iters: 300, epoch: 12 | loss: 0.3708589
	speed: 0.0103s/iter; left time: 389.3141s
	iters: 400, epoch: 12 | loss: 0.2835523
	speed: 0.0102s/iter; left time: 384.4725s
	iters: 500, epoch: 12 | loss: 0.2619684
	speed: 0.0103s/iter; left time: 389.1852s
	iters: 600, epoch: 12 | loss: 0.2696429
	speed: 0.0109s/iter; left time: 408.3312s
	iters: 700, epoch: 12 | loss: 0.3876296
	speed: 0.0112s/iter; left time: 417.3299s
	iters: 800, epoch: 12 | loss: 0.2727908
	speed: 0.0100s/iter; left time: 371.5362s
	iters: 900, epoch: 12 | loss: 0.2829695
	speed: 0.0114s/iter; left time: 425.6045s
	iters: 1000, epoch: 12 | loss: 0.3620885
	speed: 0.0113s/iter; left time: 418.1178s
	iters: 1100, epoch: 12 | loss: 0.3295126
	speed: 0.0113s/iter; left time: 417.8946s
	iters: 1200, epoch: 12 | loss: 0.3287935
	speed: 0.0106s/iter; left time: 392.9731s
	iters: 1300, epoch: 12 | loss: 0.2712207
	speed: 0.0124s/iter; left time: 456.4267s
	iters: 1400, epoch: 12 | loss: 0.3943973
	speed: 0.0124s/iter; left time: 454.3737s
	iters: 1500, epoch: 12 | loss: 0.4769143
	speed: 0.0133s/iter; left time: 486.8830s
	iters: 1600, epoch: 12 | loss: 0.3663717
	speed: 0.0123s/iter; left time: 450.6608s
	iters: 1700, epoch: 12 | loss: 0.2551815
	speed: 0.0123s/iter; left time: 447.7295s
	iters: 1800, epoch: 12 | loss: 0.2867771
	speed: 0.0104s/iter; left time: 378.6395s
	iters: 1900, epoch: 12 | loss: 0.2903943
	speed: 0.0119s/iter; left time: 430.8863s
	iters: 2000, epoch: 12 | loss: 0.2912585
	speed: 0.0115s/iter; left time: 414.4551s
	iters: 2100, epoch: 12 | loss: 0.2904585
	speed: 0.0105s/iter; left time: 378.9999s
	iters: 2200, epoch: 12 | loss: 0.3661686
	speed: 0.0100s/iter; left time: 359.3679s
	iters: 2300, epoch: 12 | loss: 0.3120980
	speed: 0.0111s/iter; left time: 398.8773s
	iters: 2400, epoch: 12 | loss: 0.3669838
	speed: 0.0126s/iter; left time: 450.2409s
	iters: 2500, epoch: 12 | loss: 0.2647188
	speed: 0.0130s/iter; left time: 463.9714s
	iters: 2600, epoch: 12 | loss: 0.4101462
	speed: 0.0124s/iter; left time: 440.9460s
	iters: 2700, epoch: 12 | loss: 0.2477686
	speed: 0.0121s/iter; left time: 427.8278s
	iters: 2800, epoch: 12 | loss: 0.4591739
	speed: 0.0124s/iter; left time: 438.0879s
	iters: 2900, epoch: 12 | loss: 0.3125826
	speed: 0.0125s/iter; left time: 439.7803s
	iters: 3000, epoch: 12 | loss: 0.2853653
	speed: 0.0110s/iter; left time: 387.9049s
	iters: 3100, epoch: 12 | loss: 0.2280327
	speed: 0.0117s/iter; left time: 409.5368s
	iters: 3200, epoch: 12 | loss: 0.3672613
	speed: 0.0118s/iter; left time: 411.5491s
	iters: 3300, epoch: 12 | loss: 0.2568888
	speed: 0.0101s/iter; left time: 351.4967s
	iters: 3400, epoch: 12 | loss: 0.3282684
	speed: 0.0108s/iter; left time: 375.2679s
	iters: 3500, epoch: 12 | loss: 0.3155304
	speed: 0.0118s/iter; left time: 408.7197s
	iters: 3600, epoch: 12 | loss: 0.3066704
	speed: 0.0118s/iter; left time: 405.8502s
	iters: 3700, epoch: 12 | loss: 0.2924175
	speed: 0.0122s/iter; left time: 418.7260s
	iters: 3800, epoch: 12 | loss: 0.2665766
	speed: 0.0121s/iter; left time: 416.5180s
	iters: 3900, epoch: 12 | loss: 0.5932158
	speed: 0.0128s/iter; left time: 438.2896s
	iters: 4000, epoch: 12 | loss: 0.3287002
	speed: 0.0122s/iter; left time: 417.7882s
	iters: 4100, epoch: 12 | loss: 0.2761187
	speed: 0.0117s/iter; left time: 399.5769s
	iters: 4200, epoch: 12 | loss: 0.3769634
	speed: 0.0121s/iter; left time: 410.7126s
Epoch: 12 cost time: 48.5578088760376
Epoch: 12, Steps: 4236 | Train Loss: 0.3260500 Vali Loss: 0.6102671 Test Loss: 0.3661570
EarlyStopping counter: 2 out of 5
Updating learning rate to 2.44140625e-06
	iters: 100, epoch: 13 | loss: 0.4171968
	speed: 0.0850s/iter; left time: 2871.7945s
	iters: 200, epoch: 13 | loss: 0.4182238
	speed: 0.0096s/iter; left time: 323.8542s
	iters: 300, epoch: 13 | loss: 0.2988314
	speed: 0.0101s/iter; left time: 340.4179s
	iters: 400, epoch: 13 | loss: 0.2398875
	speed: 0.0099s/iter; left time: 330.9653s
	iters: 500, epoch: 13 | loss: 0.2977582
	speed: 0.0102s/iter; left time: 341.6038s
	iters: 600, epoch: 13 | loss: 0.3948545
	speed: 0.0108s/iter; left time: 360.7455s
	iters: 700, epoch: 13 | loss: 0.3184021
	speed: 0.0106s/iter; left time: 351.2015s
	iters: 800, epoch: 13 | loss: 0.3670668
	speed: 0.0126s/iter; left time: 416.1908s
	iters: 900, epoch: 13 | loss: 0.3056304
	speed: 0.0125s/iter; left time: 411.8033s
	iters: 1000, epoch: 13 | loss: 0.2899488
	speed: 0.0109s/iter; left time: 356.9520s
	iters: 1100, epoch: 13 | loss: 0.3547551
	speed: 0.0108s/iter; left time: 355.7544s
	iters: 1200, epoch: 13 | loss: 0.3914690
	speed: 0.0116s/iter; left time: 379.5573s
	iters: 1300, epoch: 13 | loss: 0.3242320
	speed: 0.0129s/iter; left time: 421.1566s
	iters: 1400, epoch: 13 | loss: 0.3048398
	speed: 0.0128s/iter; left time: 416.5796s
	iters: 1500, epoch: 13 | loss: 0.2854410
	speed: 0.0131s/iter; left time: 424.2147s
	iters: 1600, epoch: 13 | loss: 0.2710936
	speed: 0.0129s/iter; left time: 416.3564s
	iters: 1700, epoch: 13 | loss: 0.2877046
	speed: 0.0125s/iter; left time: 400.9335s
	iters: 1800, epoch: 13 | loss: 0.3377888
	speed: 0.0110s/iter; left time: 353.1559s
	iters: 1900, epoch: 13 | loss: 0.2879141
	speed: 0.0116s/iter; left time: 371.8261s
	iters: 2000, epoch: 13 | loss: 0.2764840
	speed: 0.0126s/iter; left time: 401.6702s
	iters: 2100, epoch: 13 | loss: 0.2312311
	speed: 0.0113s/iter; left time: 360.2671s
	iters: 2200, epoch: 13 | loss: 0.2952866
	speed: 0.0123s/iter; left time: 389.5891s
	iters: 2300, epoch: 13 | loss: 0.3702676
	speed: 0.0127s/iter; left time: 401.2235s
	iters: 2400, epoch: 13 | loss: 0.2854730
	speed: 0.0127s/iter; left time: 399.3016s
	iters: 2500, epoch: 13 | loss: 0.2431898
	speed: 0.0125s/iter; left time: 391.5067s
	iters: 2600, epoch: 13 | loss: 0.2503369
	speed: 0.0124s/iter; left time: 386.8157s
	iters: 2700, epoch: 13 | loss: 0.2819173
	speed: 0.0110s/iter; left time: 343.1947s
	iters: 2800, epoch: 13 | loss: 0.4460993
	speed: 0.0111s/iter; left time: 345.7779s
	iters: 2900, epoch: 13 | loss: 0.2415314
	speed: 0.0110s/iter; left time: 341.9181s
	iters: 3000, epoch: 13 | loss: 0.2544055
	speed: 0.0122s/iter; left time: 377.9833s
	iters: 3100, epoch: 13 | loss: 0.3214968
	speed: 0.0126s/iter; left time: 388.6836s
	iters: 3200, epoch: 13 | loss: 0.2896612
	speed: 0.0121s/iter; left time: 372.0350s
	iters: 3300, epoch: 13 | loss: 0.2264507
	speed: 0.0122s/iter; left time: 372.5034s
	iters: 3400, epoch: 13 | loss: 0.3343531
	speed: 0.0124s/iter; left time: 378.4804s
	iters: 3500, epoch: 13 | loss: 0.2615516
	speed: 0.0127s/iter; left time: 385.0090s
	iters: 3600, epoch: 13 | loss: 0.2488536
	speed: 0.0124s/iter; left time: 374.7599s
	iters: 3700, epoch: 13 | loss: 0.4248023
	speed: 0.0128s/iter; left time: 387.4811s
	iters: 3800, epoch: 13 | loss: 0.2940292
	speed: 0.0111s/iter; left time: 332.5853s
	iters: 3900, epoch: 13 | loss: 0.2441435
	speed: 0.0129s/iter; left time: 387.3271s
	iters: 4000, epoch: 13 | loss: 0.2937013
	speed: 0.0126s/iter; left time: 375.4918s
	iters: 4100, epoch: 13 | loss: 0.2891713
	speed: 0.0129s/iter; left time: 383.1933s
	iters: 4200, epoch: 13 | loss: 0.3235216
	speed: 0.0115s/iter; left time: 342.0927s
Epoch: 13 cost time: 50.00628638267517
Epoch: 13, Steps: 4236 | Train Loss: 0.3258939 Vali Loss: 0.6100293 Test Loss: 0.3664079
EarlyStopping counter: 3 out of 5
Updating learning rate to 1.220703125e-06
	iters: 100, epoch: 14 | loss: 0.3704625
	speed: 0.0799s/iter; left time: 2362.1650s
	iters: 200, epoch: 14 | loss: 0.2206364
	speed: 0.0099s/iter; left time: 292.7890s
	iters: 300, epoch: 14 | loss: 0.4402144
	speed: 0.0096s/iter; left time: 282.7465s
	iters: 400, epoch: 14 | loss: 0.5279844
	speed: 0.0098s/iter; left time: 287.0622s
	iters: 500, epoch: 14 | loss: 0.4140495
	speed: 0.0104s/iter; left time: 302.4305s
	iters: 600, epoch: 14 | loss: 0.2910258
	speed: 0.0105s/iter; left time: 305.3575s
	iters: 700, epoch: 14 | loss: 0.3588265
	speed: 0.0099s/iter; left time: 285.5505s
	iters: 800, epoch: 14 | loss: 0.3637854
	speed: 0.0098s/iter; left time: 281.6741s
	iters: 900, epoch: 14 | loss: 0.3398769
	speed: 0.0105s/iter; left time: 302.8446s
	iters: 1000, epoch: 14 | loss: 0.2888851
	speed: 0.0123s/iter; left time: 351.7080s
	iters: 1100, epoch: 14 | loss: 0.2342540
	speed: 0.0118s/iter; left time: 335.8710s
	iters: 1200, epoch: 14 | loss: 0.3092327
	speed: 0.0116s/iter; left time: 330.7591s
	iters: 1300, epoch: 14 | loss: 0.2637705
	speed: 0.0117s/iter; left time: 332.3428s
	iters: 1400, epoch: 14 | loss: 0.4122854
	speed: 0.0119s/iter; left time: 335.6500s
	iters: 1500, epoch: 14 | loss: 0.2966307
	speed: 0.0092s/iter; left time: 259.6381s
	iters: 1600, epoch: 14 | loss: 0.2677219
	speed: 0.0093s/iter; left time: 260.3942s
	iters: 1700, epoch: 14 | loss: 0.2801252
	speed: 0.0093s/iter; left time: 259.8751s
	iters: 1800, epoch: 14 | loss: 0.2543548
	speed: 0.0104s/iter; left time: 288.6843s
	iters: 1900, epoch: 14 | loss: 0.3097916
	speed: 0.0113s/iter; left time: 314.8082s
	iters: 2000, epoch: 14 | loss: 0.3288153
	speed: 0.0111s/iter; left time: 307.5583s
	iters: 2100, epoch: 14 | loss: 0.3492518
	speed: 0.0095s/iter; left time: 261.0093s
	iters: 2200, epoch: 14 | loss: 0.5701120
	speed: 0.0107s/iter; left time: 294.6227s
	iters: 2300, epoch: 14 | loss: 0.3103631
	speed: 0.0119s/iter; left time: 325.9180s
	iters: 2400, epoch: 14 | loss: 0.3437344
	speed: 0.0114s/iter; left time: 311.8556s
	iters: 2500, epoch: 14 | loss: 0.2882347
	speed: 0.0085s/iter; left time: 231.4605s
	iters: 2600, epoch: 14 | loss: 0.2849341
	speed: 0.0121s/iter; left time: 327.1522s
	iters: 2700, epoch: 14 | loss: 0.3360267
	speed: 0.0116s/iter; left time: 311.3564s
	iters: 2800, epoch: 14 | loss: 0.3237182
	speed: 0.0114s/iter; left time: 305.6594s
	iters: 2900, epoch: 14 | loss: 0.3333298
	speed: 0.0116s/iter; left time: 309.3081s
	iters: 3000, epoch: 14 | loss: 0.4568365
	speed: 0.0118s/iter; left time: 314.2812s
	iters: 3100, epoch: 14 | loss: 0.5731709
	speed: 0.0113s/iter; left time: 301.0922s
	iters: 3200, epoch: 14 | loss: 0.3532597
	speed: 0.0121s/iter; left time: 320.9347s
	iters: 3300, epoch: 14 | loss: 0.3307622
	speed: 0.0120s/iter; left time: 316.8790s
	iters: 3400, epoch: 14 | loss: 0.5089511
	speed: 0.0108s/iter; left time: 282.2914s
	iters: 3500, epoch: 14 | loss: 0.2994588
	speed: 0.0094s/iter; left time: 246.4163s
	iters: 3600, epoch: 14 | loss: 0.4799075
	speed: 0.0104s/iter; left time: 271.3143s
	iters: 3700, epoch: 14 | loss: 0.2351407
	speed: 0.0117s/iter; left time: 304.7127s
	iters: 3800, epoch: 14 | loss: 0.3482934
	speed: 0.0115s/iter; left time: 296.8384s
	iters: 3900, epoch: 14 | loss: 0.5299250
	speed: 0.0116s/iter; left time: 298.6120s
	iters: 4000, epoch: 14 | loss: 0.2207236
	speed: 0.0116s/iter; left time: 296.3436s
	iters: 4100, epoch: 14 | loss: 0.4219027
	speed: 0.0113s/iter; left time: 288.1493s
	iters: 4200, epoch: 14 | loss: 0.3386081
	speed: 0.0114s/iter; left time: 290.2564s
Epoch: 14 cost time: 45.92674207687378
Epoch: 14, Steps: 4236 | Train Loss: 0.3258257 Vali Loss: 0.6103011 Test Loss: 0.3665739
EarlyStopping counter: 4 out of 5
Updating learning rate to 6.103515625e-07
	iters: 100, epoch: 15 | loss: 0.3026984
	speed: 0.0717s/iter; left time: 1816.3523s
	iters: 200, epoch: 15 | loss: 0.3940707
	speed: 0.0091s/iter; left time: 228.2791s
	iters: 300, epoch: 15 | loss: 0.3271604
	speed: 0.0098s/iter; left time: 245.3416s
	iters: 400, epoch: 15 | loss: 0.3394185
	speed: 0.0099s/iter; left time: 248.4386s
	iters: 500, epoch: 15 | loss: 0.3599380
	speed: 0.0097s/iter; left time: 241.0213s
	iters: 600, epoch: 15 | loss: 0.3214458
	speed: 0.0097s/iter; left time: 239.7951s
	iters: 700, epoch: 15 | loss: 0.2500785
	speed: 0.0095s/iter; left time: 235.5770s
	iters: 800, epoch: 15 | loss: 0.3087417
	speed: 0.0093s/iter; left time: 229.7104s
	iters: 900, epoch: 15 | loss: 0.2800353
	speed: 0.0089s/iter; left time: 218.0215s
	iters: 1000, epoch: 15 | loss: 0.3138154
	speed: 0.0109s/iter; left time: 266.6640s
	iters: 1100, epoch: 15 | loss: 0.4226367
	speed: 0.0106s/iter; left time: 258.0505s
	iters: 1200, epoch: 15 | loss: 0.2870013
	speed: 0.0105s/iter; left time: 253.8443s
	iters: 1300, epoch: 15 | loss: 0.3010030
	speed: 0.0111s/iter; left time: 268.4732s
	iters: 1400, epoch: 15 | loss: 0.3103904
	speed: 0.0110s/iter; left time: 264.0293s
	iters: 1500, epoch: 15 | loss: 0.3473704
	speed: 0.0109s/iter; left time: 259.5570s
	iters: 1600, epoch: 15 | loss: 0.2002537
	speed: 0.0110s/iter; left time: 261.1805s
	iters: 1700, epoch: 15 | loss: 0.2840597
	speed: 0.0113s/iter; left time: 266.8573s
	iters: 1800, epoch: 15 | loss: 0.5364910
	speed: 0.0114s/iter; left time: 269.5756s
	iters: 1900, epoch: 15 | loss: 0.4201090
	speed: 0.0093s/iter; left time: 218.2381s
	iters: 2000, epoch: 15 | loss: 0.3206716
	speed: 0.0105s/iter; left time: 244.8343s
	iters: 2100, epoch: 15 | loss: 0.3510830
	speed: 0.0109s/iter; left time: 254.1826s
	iters: 2200, epoch: 15 | loss: 0.2404151
	speed: 0.0107s/iter; left time: 249.1439s
	iters: 2300, epoch: 15 | loss: 0.3778071
	speed: 0.0108s/iter; left time: 248.8045s
	iters: 2400, epoch: 15 | loss: 0.3772929
	speed: 0.0108s/iter; left time: 247.9589s
	iters: 2500, epoch: 15 | loss: 0.3379222
	speed: 0.0106s/iter; left time: 242.3237s
	iters: 2600, epoch: 15 | loss: 0.4507541
	speed: 0.0105s/iter; left time: 239.6280s
	iters: 2700, epoch: 15 | loss: 0.2605022
	speed: 0.0106s/iter; left time: 241.7506s
	iters: 2800, epoch: 15 | loss: 0.2803036
	speed: 0.0106s/iter; left time: 240.7028s
	iters: 2900, epoch: 15 | loss: 0.2506782
	speed: 0.0104s/iter; left time: 233.1020s
	iters: 3000, epoch: 15 | loss: 0.4312655
	speed: 0.0105s/iter; left time: 235.8218s
	iters: 3100, epoch: 15 | loss: 0.4237645
	speed: 0.0107s/iter; left time: 238.6050s
	iters: 3200, epoch: 15 | loss: 0.2981910
	speed: 0.0107s/iter; left time: 238.2319s
	iters: 3300, epoch: 15 | loss: 0.3246585
	speed: 0.0106s/iter; left time: 234.4626s
	iters: 3400, epoch: 15 | loss: 0.3900425
	speed: 0.0106s/iter; left time: 233.4094s
	iters: 3500, epoch: 15 | loss: 0.3023365
	speed: 0.0106s/iter; left time: 231.9255s
	iters: 3600, epoch: 15 | loss: 0.2960043
	speed: 0.0106s/iter; left time: 232.2944s
	iters: 3700, epoch: 15 | loss: 0.2223652
	speed: 0.0108s/iter; left time: 234.5870s
	iters: 3800, epoch: 15 | loss: 0.3537292
	speed: 0.0110s/iter; left time: 237.1166s
	iters: 3900, epoch: 15 | loss: 0.2589329
	speed: 0.0112s/iter; left time: 241.9113s
	iters: 4000, epoch: 15 | loss: 0.2669518
	speed: 0.0110s/iter; left time: 236.2710s
	iters: 4100, epoch: 15 | loss: 0.2405254
	speed: 0.0110s/iter; left time: 233.6602s
	iters: 4200, epoch: 15 | loss: 0.3433586
	speed: 0.0109s/iter; left time: 231.9679s
Epoch: 15 cost time: 44.3596305847168
Epoch: 15, Steps: 4236 | Train Loss: 0.3257872 Vali Loss: 0.6101761 Test Loss: 0.3662790
EarlyStopping counter: 5 out of 5
Early stopping
>>>>>>>testing : ETTm1_336_336_DLinear_ETTm1_ftM_sl336_ll48_pl336_dm512_nh8_el2_dl1_df2048_fc1_ebtimeF_dtTrue_Exp_0_seed15726<<<<<<<<<<<<<<<<<<<<<<<<<<<<<<<<<
test 11185
mse:0.36721357703208923, mae:0.38181594014167786
