Args in experiment:
Namespace(activation='gelu', batch_size=8, c_out=7, checkpoints='./checkpoints/', d_ff=2048, d_layers=1, d_model=512, data='ETTm1', data_path='ETTm1.csv', dec_in=7, des='Exp', devices='0,1,2,3', distil=True, do_predict=False, dropout=0.05, e_layers=2, embed='timeF', embed_type=0, enc_in=7, factor=1, features='M', freq='h', gpu=0, individual=True, is_training=1, itr=1, label_len=48, learning_rate=0.005, loss='mse', lradj='type1', model='DLinear', model_id='ETTm1_336_336', moving_avg=25, n_heads=8, num_workers=0, output_attention=False, patience=5, pred_len=336, root_path='./dataset/', save_pred_values=False, seed=10458, seq_len=336, target='OT', test_flop=False, train_epochs=20, train_only=False, use_amp=False, use_gpu=False, use_multi_gpu=False)
Use CPU
>>>>>>>start training : ETTm1_336_336_DLinear_ETTm1_ftM_sl336_ll48_pl336_dm512_nh8_el2_dl1_df2048_fc1_ebtimeF_dtTrue_Exp_0_seed10458>>>>>>>>>>>>>>>>>>>>>>>>>>
train 33889
val 11185
test 11185
	iters: 100, epoch: 1 | loss: 0.6681310
	speed: 0.0129s/iter; left time: 1092.3610s
	iters: 200, epoch: 1 | loss: 0.6219677
	speed: 0.0121s/iter; left time: 1022.1421s
	iters: 300, epoch: 1 | loss: 0.4107771
	speed: 0.0128s/iter; left time: 1080.0576s
	iters: 400, epoch: 1 | loss: 0.4507955
	speed: 0.0130s/iter; left time: 1096.4649s
	iters: 500, epoch: 1 | loss: 0.8227661
	speed: 0.0132s/iter; left time: 1108.9622s
	iters: 600, epoch: 1 | loss: 0.5557330
	speed: 0.0129s/iter; left time: 1088.9013s
	iters: 700, epoch: 1 | loss: 0.5512445
	speed: 0.0135s/iter; left time: 1137.9112s
	iters: 800, epoch: 1 | loss: 0.7338163
	speed: 0.0126s/iter; left time: 1057.0300s
	iters: 900, epoch: 1 | loss: 0.4247514
	speed: 0.0125s/iter; left time: 1047.1178s
	iters: 1000, epoch: 1 | loss: 0.7248195
	speed: 0.0126s/iter; left time: 1058.4957s
	iters: 1100, epoch: 1 | loss: 0.5559466
	speed: 0.0126s/iter; left time: 1051.3141s
	iters: 1200, epoch: 1 | loss: 0.4579202
	speed: 0.0129s/iter; left time: 1074.1155s
	iters: 1300, epoch: 1 | loss: 1.0047526
	speed: 0.0127s/iter; left time: 1061.3805s
	iters: 1400, epoch: 1 | loss: 0.5569549
	speed: 0.0125s/iter; left time: 1044.8461s
	iters: 1500, epoch: 1 | loss: 0.5213130
	speed: 0.0114s/iter; left time: 945.8641s
	iters: 1600, epoch: 1 | loss: 0.4363514
	speed: 0.0113s/iter; left time: 941.4293s
	iters: 1700, epoch: 1 | loss: 0.5743086
	speed: 0.0127s/iter; left time: 1051.1945s
	iters: 1800, epoch: 1 | loss: 0.4707504
	speed: 0.0110s/iter; left time: 913.1884s
	iters: 1900, epoch: 1 | loss: 0.8588746
	speed: 0.0099s/iter; left time: 816.8696s
	iters: 2000, epoch: 1 | loss: 0.5213332
	speed: 0.0092s/iter; left time: 758.1104s
	iters: 2100, epoch: 1 | loss: 0.6217458
	speed: 0.0100s/iter; left time: 829.0251s
	iters: 2200, epoch: 1 | loss: 0.5068594
	speed: 0.0101s/iter; left time: 833.7997s
	iters: 2300, epoch: 1 | loss: 0.6691020
	speed: 0.0089s/iter; left time: 731.3555s
	iters: 2400, epoch: 1 | loss: 0.7034234
	speed: 0.0116s/iter; left time: 954.3714s
	iters: 2500, epoch: 1 | loss: 0.9400676
	speed: 0.0130s/iter; left time: 1070.2971s
	iters: 2600, epoch: 1 | loss: 0.5566628
	speed: 0.0127s/iter; left time: 1044.0689s
	iters: 2700, epoch: 1 | loss: 0.6128229
	speed: 0.0122s/iter; left time: 997.2755s
	iters: 2800, epoch: 1 | loss: 0.4033952
	speed: 0.0127s/iter; left time: 1041.5498s
	iters: 2900, epoch: 1 | loss: 0.5181252
	speed: 0.0127s/iter; left time: 1035.4663s
	iters: 3000, epoch: 1 | loss: 0.5913942
	speed: 0.0112s/iter; left time: 913.8199s
	iters: 3100, epoch: 1 | loss: 0.6710116
	speed: 0.0102s/iter; left time: 832.7276s
	iters: 3200, epoch: 1 | loss: 0.4815471
	speed: 0.0123s/iter; left time: 999.0279s
	iters: 3300, epoch: 1 | loss: 0.5224381
	speed: 0.0123s/iter; left time: 1003.3264s
	iters: 3400, epoch: 1 | loss: 1.0983387
	speed: 0.0101s/iter; left time: 820.7804s
	iters: 3500, epoch: 1 | loss: 0.6085636
	speed: 0.0116s/iter; left time: 942.1226s
	iters: 3600, epoch: 1 | loss: 0.3806418
	speed: 0.0122s/iter; left time: 986.6482s
	iters: 3700, epoch: 1 | loss: 0.4101637
	speed: 0.0114s/iter; left time: 926.5617s
	iters: 3800, epoch: 1 | loss: 0.5959486
	speed: 0.0122s/iter; left time: 983.8285s
	iters: 3900, epoch: 1 | loss: 0.4988130
	speed: 0.0098s/iter; left time: 789.0597s
	iters: 4000, epoch: 1 | loss: 0.5715536
	speed: 0.0113s/iter; left time: 913.9466s
	iters: 4100, epoch: 1 | loss: 0.5113158
	speed: 0.0129s/iter; left time: 1036.2025s
	iters: 4200, epoch: 1 | loss: 0.5645205
	speed: 0.0116s/iter; left time: 933.4270s
Epoch: 1 cost time: 50.1073637008667
Epoch: 1, Steps: 4236 | Train Loss: 0.5878251 Vali Loss: 1.4167149 Test Loss: 0.6440226
Validation loss decreased (inf --> 1.416715).  Saving model ...
Updating learning rate to 0.005
	iters: 100, epoch: 2 | loss: 0.5255463
	speed: 0.0693s/iter; left time: 5571.9458s
	iters: 200, epoch: 2 | loss: 0.7147994
	speed: 0.0117s/iter; left time: 938.8830s
	iters: 300, epoch: 2 | loss: 0.6782008
	speed: 0.0122s/iter; left time: 974.5696s
	iters: 400, epoch: 2 | loss: 0.5385250
	speed: 0.0127s/iter; left time: 1013.5832s
	iters: 500, epoch: 2 | loss: 0.7637178
	speed: 0.0133s/iter; left time: 1060.2954s
	iters: 600, epoch: 2 | loss: 0.4703636
	speed: 0.0124s/iter; left time: 986.8313s
	iters: 700, epoch: 2 | loss: 0.5728354
	speed: 0.0128s/iter; left time: 1024.3672s
	iters: 800, epoch: 2 | loss: 0.5697653
	speed: 0.0127s/iter; left time: 1011.4592s
	iters: 900, epoch: 2 | loss: 0.5806695
	speed: 0.0129s/iter; left time: 1027.7451s
	iters: 1000, epoch: 2 | loss: 0.5331428
	speed: 0.0123s/iter; left time: 974.0022s
	iters: 1100, epoch: 2 | loss: 0.4858178
	speed: 0.0119s/iter; left time: 943.7114s
	iters: 1200, epoch: 2 | loss: 0.4339482
	speed: 0.0121s/iter; left time: 960.4672s
	iters: 1300, epoch: 2 | loss: 0.6442833
	speed: 0.0129s/iter; left time: 1024.8190s
	iters: 1400, epoch: 2 | loss: 0.7446192
	speed: 0.0114s/iter; left time: 899.6522s
	iters: 1500, epoch: 2 | loss: 0.6874607
	speed: 0.0115s/iter; left time: 904.7355s
	iters: 1600, epoch: 2 | loss: 0.6396102
	speed: 0.0112s/iter; left time: 882.9669s
	iters: 1700, epoch: 2 | loss: 0.5864703
	speed: 0.0119s/iter; left time: 935.0918s
	iters: 1800, epoch: 2 | loss: 0.6587584
	speed: 0.0131s/iter; left time: 1028.0861s
	iters: 1900, epoch: 2 | loss: 0.5778067
	speed: 0.0117s/iter; left time: 918.9254s
	iters: 2000, epoch: 2 | loss: 0.5854463
	speed: 0.0128s/iter; left time: 1004.9272s
	iters: 2100, epoch: 2 | loss: 0.4015691
	speed: 0.0123s/iter; left time: 967.3286s
	iters: 2200, epoch: 2 | loss: 0.6473759
	speed: 0.0131s/iter; left time: 1028.9866s
	iters: 2300, epoch: 2 | loss: 0.5866156
	speed: 0.0131s/iter; left time: 1026.8130s
	iters: 2400, epoch: 2 | loss: 0.5754424
	speed: 0.0119s/iter; left time: 931.1736s
	iters: 2500, epoch: 2 | loss: 0.5305589
	speed: 0.0105s/iter; left time: 819.1096s
	iters: 2600, epoch: 2 | loss: 0.6074823
	speed: 0.0106s/iter; left time: 824.0358s
	iters: 2700, epoch: 2 | loss: 0.6206768
	speed: 0.0112s/iter; left time: 869.7947s
	iters: 2800, epoch: 2 | loss: 0.5609088
	speed: 0.0116s/iter; left time: 903.8163s
	iters: 2900, epoch: 2 | loss: 0.5099658
	speed: 0.0121s/iter; left time: 937.0109s
	iters: 3000, epoch: 2 | loss: 0.5633299
	speed: 0.0127s/iter; left time: 982.6872s
	iters: 3100, epoch: 2 | loss: 0.7747111
	speed: 0.0104s/iter; left time: 806.7565s
	iters: 3200, epoch: 2 | loss: 0.5677654
	speed: 0.0119s/iter; left time: 916.5694s
	iters: 3300, epoch: 2 | loss: 0.6675354
	speed: 0.0118s/iter; left time: 908.6938s
	iters: 3400, epoch: 2 | loss: 0.5315409
	speed: 0.0121s/iter; left time: 934.5256s
	iters: 3500, epoch: 2 | loss: 0.5004541
	speed: 0.0119s/iter; left time: 913.4252s
	iters: 3600, epoch: 2 | loss: 0.5003300
	speed: 0.0119s/iter; left time: 917.4817s
	iters: 3700, epoch: 2 | loss: 0.5684856
	speed: 0.0126s/iter; left time: 966.3710s
	iters: 3800, epoch: 2 | loss: 0.6040883
	speed: 0.0128s/iter; left time: 984.1187s
	iters: 3900, epoch: 2 | loss: 0.6483569
	speed: 0.0127s/iter; left time: 973.6896s
	iters: 4000, epoch: 2 | loss: 0.6025863
	speed: 0.0121s/iter; left time: 921.8528s
	iters: 4100, epoch: 2 | loss: 0.6259049
	speed: 0.0102s/iter; left time: 778.4018s
	iters: 4200, epoch: 2 | loss: 0.4977451
	speed: 0.0124s/iter; left time: 944.1687s
Epoch: 2 cost time: 50.86909008026123
Epoch: 2, Steps: 4236 | Train Loss: 0.5904740 Vali Loss: 1.1477435 Test Loss: 0.6519865
Validation loss decreased (1.416715 --> 1.147743).  Saving model ...
Updating learning rate to 0.0025
	iters: 100, epoch: 3 | loss: 0.4598797
	speed: 0.0788s/iter; left time: 5999.5195s
	iters: 200, epoch: 3 | loss: 0.4716351
	speed: 0.0126s/iter; left time: 958.6921s
	iters: 300, epoch: 3 | loss: 0.3525416
	speed: 0.0125s/iter; left time: 946.6507s
	iters: 400, epoch: 3 | loss: 0.5151661
	speed: 0.0132s/iter; left time: 1002.1954s
	iters: 500, epoch: 3 | loss: 0.3107195
	speed: 0.0110s/iter; left time: 836.5571s
	iters: 600, epoch: 3 | loss: 0.2984250
	speed: 0.0115s/iter; left time: 866.7687s
	iters: 700, epoch: 3 | loss: 0.3535062
	speed: 0.0129s/iter; left time: 976.3795s
	iters: 800, epoch: 3 | loss: 0.5355967
	speed: 0.0123s/iter; left time: 928.3199s
	iters: 900, epoch: 3 | loss: 0.3154611
	speed: 0.0131s/iter; left time: 987.3255s
	iters: 1000, epoch: 3 | loss: 0.3109903
	speed: 0.0123s/iter; left time: 928.3629s
	iters: 1100, epoch: 3 | loss: 0.6108176
	speed: 0.0123s/iter; left time: 920.8835s
	iters: 1200, epoch: 3 | loss: 0.4866485
	speed: 0.0108s/iter; left time: 812.9680s
	iters: 1300, epoch: 3 | loss: 0.4602034
	speed: 0.0103s/iter; left time: 769.2201s
	iters: 1400, epoch: 3 | loss: 0.3491591
	speed: 0.0121s/iter; left time: 908.2170s
	iters: 1500, epoch: 3 | loss: 0.5595486
	speed: 0.0104s/iter; left time: 779.8848s
	iters: 1600, epoch: 3 | loss: 0.6682327
	speed: 0.0120s/iter; left time: 893.8492s
	iters: 1700, epoch: 3 | loss: 0.3992831
	speed: 0.0123s/iter; left time: 914.4773s
	iters: 1800, epoch: 3 | loss: 0.3594903
	speed: 0.0120s/iter; left time: 890.7035s
	iters: 1900, epoch: 3 | loss: 0.3516134
	speed: 0.0124s/iter; left time: 918.4841s
	iters: 2000, epoch: 3 | loss: 0.3190991
	speed: 0.0132s/iter; left time: 980.3128s
	iters: 2100, epoch: 3 | loss: 0.5010749
	speed: 0.0131s/iter; left time: 972.5961s
	iters: 2200, epoch: 3 | loss: 0.4854898
	speed: 0.0127s/iter; left time: 943.6291s
	iters: 2300, epoch: 3 | loss: 0.5814758
	speed: 0.0100s/iter; left time: 739.0654s
	iters: 2400, epoch: 3 | loss: 0.5453391
	speed: 0.0116s/iter; left time: 856.1759s
	iters: 2500, epoch: 3 | loss: 0.3920578
	speed: 0.0096s/iter; left time: 706.5421s
	iters: 2600, epoch: 3 | loss: 0.4772649
	speed: 0.0118s/iter; left time: 872.3187s
	iters: 2700, epoch: 3 | loss: 0.3905143
	speed: 0.0122s/iter; left time: 894.6805s
	iters: 2800, epoch: 3 | loss: 0.5523828
	speed: 0.0121s/iter; left time: 892.2291s
	iters: 2900, epoch: 3 | loss: 0.3159348
	speed: 0.0125s/iter; left time: 913.4977s
	iters: 3000, epoch: 3 | loss: 0.4389758
	speed: 0.0128s/iter; left time: 939.2859s
	iters: 3100, epoch: 3 | loss: 0.4174135
	speed: 0.0118s/iter; left time: 859.7564s
	iters: 3200, epoch: 3 | loss: 0.5338577
	speed: 0.0119s/iter; left time: 870.5068s
	iters: 3300, epoch: 3 | loss: 0.4041040
	speed: 0.0121s/iter; left time: 882.8188s
	iters: 3400, epoch: 3 | loss: 0.5109056
	speed: 0.0108s/iter; left time: 789.1155s
	iters: 3500, epoch: 3 | loss: 0.3534071
	speed: 0.0128s/iter; left time: 930.6696s
	iters: 3600, epoch: 3 | loss: 0.3587313
	speed: 0.0129s/iter; left time: 939.5911s
	iters: 3700, epoch: 3 | loss: 0.6126255
	speed: 0.0128s/iter; left time: 932.0257s
	iters: 3800, epoch: 3 | loss: 0.3116742
	speed: 0.0118s/iter; left time: 856.6332s
	iters: 3900, epoch: 3 | loss: 0.5545589
	speed: 0.0106s/iter; left time: 768.8080s
	iters: 4000, epoch: 3 | loss: 0.3696776
	speed: 0.0122s/iter; left time: 880.3008s
	iters: 4100, epoch: 3 | loss: 0.3394645
	speed: 0.0114s/iter; left time: 819.0203s
	iters: 4200, epoch: 3 | loss: 0.5152097
	speed: 0.0100s/iter; left time: 720.5924s
Epoch: 3 cost time: 50.35605025291443
Epoch: 3, Steps: 4236 | Train Loss: 0.4368209 Vali Loss: 0.8119986 Test Loss: 0.5140929
Validation loss decreased (1.147743 --> 0.811999).  Saving model ...
Updating learning rate to 0.00125
	iters: 100, epoch: 4 | loss: 0.3974683
	speed: 0.0736s/iter; left time: 5295.2699s
	iters: 200, epoch: 4 | loss: 0.2916419
	speed: 0.0123s/iter; left time: 882.1733s
	iters: 300, epoch: 4 | loss: 0.4927332
	speed: 0.0124s/iter; left time: 891.6886s
	iters: 400, epoch: 4 | loss: 0.4967885
	speed: 0.0109s/iter; left time: 777.9680s
	iters: 500, epoch: 4 | loss: 0.3143688
	speed: 0.0108s/iter; left time: 775.6569s
	iters: 600, epoch: 4 | loss: 0.4415617
	speed: 0.0115s/iter; left time: 817.8765s
	iters: 700, epoch: 4 | loss: 0.5399292
	speed: 0.0124s/iter; left time: 885.4960s
	iters: 800, epoch: 4 | loss: 0.3747264
	speed: 0.0114s/iter; left time: 814.2046s
	iters: 900, epoch: 4 | loss: 0.3350036
	speed: 0.0124s/iter; left time: 884.9015s
	iters: 1000, epoch: 4 | loss: 0.3611143
	speed: 0.0128s/iter; left time: 905.8167s
	iters: 1100, epoch: 4 | loss: 0.3316001
	speed: 0.0127s/iter; left time: 900.8859s
	iters: 1200, epoch: 4 | loss: 0.2740194
	speed: 0.0121s/iter; left time: 853.5848s
	iters: 1300, epoch: 4 | loss: 0.3580261
	speed: 0.0114s/iter; left time: 807.7626s
	iters: 1400, epoch: 4 | loss: 0.3426005
	speed: 0.0103s/iter; left time: 729.6966s
	iters: 1500, epoch: 4 | loss: 0.3138792
	speed: 0.0111s/iter; left time: 785.6785s
	iters: 1600, epoch: 4 | loss: 0.3748639
	speed: 0.0113s/iter; left time: 792.3042s
	iters: 1700, epoch: 4 | loss: 0.2982742
	speed: 0.0106s/iter; left time: 746.3098s
	iters: 1800, epoch: 4 | loss: 0.3553908
	speed: 0.0106s/iter; left time: 742.4893s
	iters: 1900, epoch: 4 | loss: 0.2721471
	speed: 0.0115s/iter; left time: 806.1662s
	iters: 2000, epoch: 4 | loss: 0.5526259
	speed: 0.0114s/iter; left time: 797.5854s
	iters: 2100, epoch: 4 | loss: 0.5856625
	speed: 0.0127s/iter; left time: 887.6227s
	iters: 2200, epoch: 4 | loss: 0.3056920
	speed: 0.0107s/iter; left time: 749.9788s
	iters: 2300, epoch: 4 | loss: 0.3179791
	speed: 0.0086s/iter; left time: 599.6537s
	iters: 2400, epoch: 4 | loss: 0.4294798
	speed: 0.0104s/iter; left time: 726.3152s
	iters: 2500, epoch: 4 | loss: 0.4199423
	speed: 0.0112s/iter; left time: 779.5436s
	iters: 2600, epoch: 4 | loss: 0.2726128
	speed: 0.0107s/iter; left time: 742.4164s
	iters: 2700, epoch: 4 | loss: 0.4433073
	speed: 0.0123s/iter; left time: 853.7429s
	iters: 2800, epoch: 4 | loss: 0.3406574
	speed: 0.0125s/iter; left time: 867.7782s
	iters: 2900, epoch: 4 | loss: 0.4675806
	speed: 0.0126s/iter; left time: 867.5440s
	iters: 3000, epoch: 4 | loss: 0.3350914
	speed: 0.0113s/iter; left time: 779.0162s
	iters: 3100, epoch: 4 | loss: 0.2829519
	speed: 0.0125s/iter; left time: 859.6062s
	iters: 3200, epoch: 4 | loss: 0.5062407
	speed: 0.0109s/iter; left time: 751.7131s
	iters: 3300, epoch: 4 | loss: 0.3910273
	speed: 0.0107s/iter; left time: 738.1027s
	iters: 3400, epoch: 4 | loss: 0.5145242
	speed: 0.0098s/iter; left time: 673.3992s
	iters: 3500, epoch: 4 | loss: 0.2200878
	speed: 0.0118s/iter; left time: 807.0777s
	iters: 3600, epoch: 4 | loss: 0.3407113
	speed: 0.0127s/iter; left time: 867.7965s
	iters: 3700, epoch: 4 | loss: 0.4653721
	speed: 0.0118s/iter; left time: 808.5205s
	iters: 3800, epoch: 4 | loss: 0.4323700
	speed: 0.0093s/iter; left time: 633.7968s
	iters: 3900, epoch: 4 | loss: 0.4065529
	speed: 0.0118s/iter; left time: 802.6579s
	iters: 4000, epoch: 4 | loss: 0.3708225
	speed: 0.0119s/iter; left time: 808.9359s
	iters: 4100, epoch: 4 | loss: 0.2772317
	speed: 0.0120s/iter; left time: 811.8492s
	iters: 4200, epoch: 4 | loss: 0.4385928
	speed: 0.0112s/iter; left time: 759.3138s
Epoch: 4 cost time: 48.505293130874634
Epoch: 4, Steps: 4236 | Train Loss: 0.3804711 Vali Loss: 0.6886164 Test Loss: 0.4163510
Validation loss decreased (0.811999 --> 0.688616).  Saving model ...
Updating learning rate to 0.000625
	iters: 100, epoch: 5 | loss: 0.3526365
	speed: 0.0666s/iter; left time: 4510.5375s
	iters: 200, epoch: 5 | loss: 0.5105401
	speed: 0.0117s/iter; left time: 787.2867s
	iters: 300, epoch: 5 | loss: 0.2959002
	speed: 0.0113s/iter; left time: 762.8131s
	iters: 400, epoch: 5 | loss: 0.3733044
	speed: 0.0120s/iter; left time: 807.3816s
	iters: 500, epoch: 5 | loss: 0.3766101
	speed: 0.0127s/iter; left time: 854.5249s
	iters: 600, epoch: 5 | loss: 0.3451442
	speed: 0.0127s/iter; left time: 852.7869s
	iters: 700, epoch: 5 | loss: 0.2465601
	speed: 0.0122s/iter; left time: 821.5792s
	iters: 800, epoch: 5 | loss: 0.3896048
	speed: 0.0110s/iter; left time: 738.9516s
	iters: 900, epoch: 5 | loss: 0.2933317
	speed: 0.0117s/iter; left time: 784.7206s
	iters: 1000, epoch: 5 | loss: 0.3378018
	speed: 0.0122s/iter; left time: 813.7074s
	iters: 1100, epoch: 5 | loss: 0.5021344
	speed: 0.0119s/iter; left time: 794.2493s
	iters: 1200, epoch: 5 | loss: 0.2630616
	speed: 0.0124s/iter; left time: 822.5746s
	iters: 1300, epoch: 5 | loss: 0.3389256
	speed: 0.0122s/iter; left time: 808.3001s
	iters: 1400, epoch: 5 | loss: 0.3630262
	speed: 0.0128s/iter; left time: 848.4820s
	iters: 1500, epoch: 5 | loss: 0.3003159
	speed: 0.0109s/iter; left time: 723.7158s
	iters: 1600, epoch: 5 | loss: 0.3582903
	speed: 0.0119s/iter; left time: 784.4969s
	iters: 1700, epoch: 5 | loss: 0.2580341
	speed: 0.0116s/iter; left time: 764.9467s
	iters: 1800, epoch: 5 | loss: 0.3196224
	speed: 0.0127s/iter; left time: 838.3276s
	iters: 1900, epoch: 5 | loss: 0.3094143
	speed: 0.0127s/iter; left time: 839.5343s
	iters: 2000, epoch: 5 | loss: 0.2931843
	speed: 0.0128s/iter; left time: 839.1455s
	iters: 2100, epoch: 5 | loss: 0.2591898
	speed: 0.0125s/iter; left time: 822.4654s
	iters: 2200, epoch: 5 | loss: 0.3600422
	speed: 0.0120s/iter; left time: 784.4900s
	iters: 2300, epoch: 5 | loss: 0.4007430
	speed: 0.0130s/iter; left time: 850.2039s
	iters: 2400, epoch: 5 | loss: 0.3019104
	speed: 0.0132s/iter; left time: 861.2501s
	iters: 2500, epoch: 5 | loss: 0.3100424
	speed: 0.0123s/iter; left time: 801.9425s
	iters: 2600, epoch: 5 | loss: 0.6926436
	speed: 0.0126s/iter; left time: 819.6230s
	iters: 2700, epoch: 5 | loss: 0.3167914
	speed: 0.0111s/iter; left time: 724.5284s
	iters: 2800, epoch: 5 | loss: 0.3784019
	speed: 0.0110s/iter; left time: 712.4023s
	iters: 2900, epoch: 5 | loss: 0.2742114
	speed: 0.0128s/iter; left time: 833.2231s
	iters: 3000, epoch: 5 | loss: 0.2689959
	speed: 0.0126s/iter; left time: 814.6855s
	iters: 3100, epoch: 5 | loss: 0.3714208
	speed: 0.0117s/iter; left time: 753.8466s
	iters: 3200, epoch: 5 | loss: 0.3046071
	speed: 0.0127s/iter; left time: 821.5521s
	iters: 3300, epoch: 5 | loss: 0.2641885
	speed: 0.0133s/iter; left time: 857.1307s
	iters: 3400, epoch: 5 | loss: 0.4161098
	speed: 0.0120s/iter; left time: 773.4193s
	iters: 3500, epoch: 5 | loss: 0.2744587
	speed: 0.0112s/iter; left time: 718.9626s
	iters: 3600, epoch: 5 | loss: 0.3970986
	speed: 0.0124s/iter; left time: 792.9354s
	iters: 3700, epoch: 5 | loss: 0.3623585
	speed: 0.0118s/iter; left time: 754.3174s
	iters: 3800, epoch: 5 | loss: 0.3903536
	speed: 0.0096s/iter; left time: 615.0661s
	iters: 3900, epoch: 5 | loss: 0.2748935
	speed: 0.0116s/iter; left time: 741.3436s
	iters: 4000, epoch: 5 | loss: 0.3182872
	speed: 0.0094s/iter; left time: 599.1204s
	iters: 4100, epoch: 5 | loss: 0.3179069
	speed: 0.0094s/iter; left time: 597.4572s
	iters: 4200, epoch: 5 | loss: 0.3906761
	speed: 0.0106s/iter; left time: 675.3728s
Epoch: 5 cost time: 50.23326921463013
Epoch: 5, Steps: 4236 | Train Loss: 0.3541357 Vali Loss: 0.6736067 Test Loss: 0.3896452
Validation loss decreased (0.688616 --> 0.673607).  Saving model ...
Updating learning rate to 0.0003125
	iters: 100, epoch: 6 | loss: 0.3243792
	speed: 0.0628s/iter; left time: 3983.8830s
	iters: 200, epoch: 6 | loss: 0.3149483
	speed: 0.0090s/iter; left time: 567.6221s
	iters: 300, epoch: 6 | loss: 0.3154243
	speed: 0.0113s/iter; left time: 717.4361s
	iters: 400, epoch: 6 | loss: 0.3210800
	speed: 0.0103s/iter; left time: 653.1188s
	iters: 500, epoch: 6 | loss: 0.3306753
	speed: 0.0109s/iter; left time: 689.2969s
	iters: 600, epoch: 6 | loss: 0.3547004
	speed: 0.0105s/iter; left time: 658.2093s
	iters: 700, epoch: 6 | loss: 0.4249427
	speed: 0.0123s/iter; left time: 772.4844s
	iters: 800, epoch: 6 | loss: 0.2839358
	speed: 0.0132s/iter; left time: 825.2416s
	iters: 900, epoch: 6 | loss: 0.2313349
	speed: 0.0129s/iter; left time: 805.8454s
	iters: 1000, epoch: 6 | loss: 0.3907434
	speed: 0.0107s/iter; left time: 669.4578s
	iters: 1100, epoch: 6 | loss: 0.3544309
	speed: 0.0134s/iter; left time: 834.7938s
	iters: 1200, epoch: 6 | loss: 0.3301109
	speed: 0.0118s/iter; left time: 735.8737s
	iters: 1300, epoch: 6 | loss: 0.3073065
	speed: 0.0118s/iter; left time: 732.1890s
	iters: 1400, epoch: 6 | loss: 0.2601317
	speed: 0.0116s/iter; left time: 720.9371s
	iters: 1500, epoch: 6 | loss: 0.2328635
	speed: 0.0130s/iter; left time: 809.6298s
	iters: 1600, epoch: 6 | loss: 0.3534837
	speed: 0.0104s/iter; left time: 641.2945s
	iters: 1700, epoch: 6 | loss: 0.3060644
	speed: 0.0118s/iter; left time: 727.4857s
	iters: 1800, epoch: 6 | loss: 0.2142482
	speed: 0.0124s/iter; left time: 766.0726s
	iters: 1900, epoch: 6 | loss: 0.2765399
	speed: 0.0128s/iter; left time: 791.6917s
	iters: 2000, epoch: 6 | loss: 0.3630703
	speed: 0.0126s/iter; left time: 772.8323s
	iters: 2100, epoch: 6 | loss: 0.3196587
	speed: 0.0129s/iter; left time: 792.1556s
	iters: 2200, epoch: 6 | loss: 0.3202065
	speed: 0.0129s/iter; left time: 791.4355s
	iters: 2300, epoch: 6 | loss: 0.2521295
	speed: 0.0132s/iter; left time: 806.3894s
	iters: 2400, epoch: 6 | loss: 0.4447274
	speed: 0.0127s/iter; left time: 777.4547s
	iters: 2500, epoch: 6 | loss: 0.3617061
	speed: 0.0109s/iter; left time: 662.4602s
	iters: 2600, epoch: 6 | loss: 0.3135833
	speed: 0.0127s/iter; left time: 772.3231s
	iters: 2700, epoch: 6 | loss: 0.5605648
	speed: 0.0116s/iter; left time: 704.7040s
	iters: 2800, epoch: 6 | loss: 0.4492919
	speed: 0.0110s/iter; left time: 667.2907s
	iters: 2900, epoch: 6 | loss: 0.3131671
	speed: 0.0113s/iter; left time: 682.5457s
	iters: 3000, epoch: 6 | loss: 0.2906442
	speed: 0.0123s/iter; left time: 741.8086s
	iters: 3100, epoch: 6 | loss: 0.3771395
	speed: 0.0121s/iter; left time: 733.8742s
	iters: 3200, epoch: 6 | loss: 0.3436480
	speed: 0.0122s/iter; left time: 735.1919s
	iters: 3300, epoch: 6 | loss: 0.5490668
	speed: 0.0104s/iter; left time: 627.2710s
	iters: 3400, epoch: 6 | loss: 0.3532277
	speed: 0.0101s/iter; left time: 606.9964s
	iters: 3500, epoch: 6 | loss: 0.3041608
	speed: 0.0121s/iter; left time: 729.1216s
	iters: 3600, epoch: 6 | loss: 0.4192587
	speed: 0.0113s/iter; left time: 680.0482s
	iters: 3700, epoch: 6 | loss: 0.3350133
	speed: 0.0089s/iter; left time: 529.6523s
	iters: 3800, epoch: 6 | loss: 0.4010836
	speed: 0.0117s/iter; left time: 700.6671s
	iters: 3900, epoch: 6 | loss: 0.3912060
	speed: 0.0130s/iter; left time: 773.7637s
	iters: 4000, epoch: 6 | loss: 0.4272124
	speed: 0.0111s/iter; left time: 662.3262s
	iters: 4100, epoch: 6 | loss: 0.3519027
	speed: 0.0104s/iter; left time: 620.7134s
	iters: 4200, epoch: 6 | loss: 0.3039199
	speed: 0.0127s/iter; left time: 754.8111s
Epoch: 6 cost time: 49.18068480491638
Epoch: 6, Steps: 4236 | Train Loss: 0.3403220 Vali Loss: 0.6420339 Test Loss: 0.3782036
Validation loss decreased (0.673607 --> 0.642034).  Saving model ...
Updating learning rate to 0.00015625
	iters: 100, epoch: 7 | loss: 0.2781068
	speed: 0.0767s/iter; left time: 4539.5679s
	iters: 200, epoch: 7 | loss: 0.1954925
	speed: 0.0095s/iter; left time: 559.8609s
	iters: 300, epoch: 7 | loss: 0.4244832
	speed: 0.0107s/iter; left time: 630.2469s
	iters: 400, epoch: 7 | loss: 0.3096803
	speed: 0.0104s/iter; left time: 614.6294s
	iters: 500, epoch: 7 | loss: 0.3473271
	speed: 0.0115s/iter; left time: 675.2551s
	iters: 600, epoch: 7 | loss: 0.2566921
	speed: 0.0110s/iter; left time: 647.6727s
	iters: 700, epoch: 7 | loss: 0.5141330
	speed: 0.0112s/iter; left time: 655.4317s
	iters: 800, epoch: 7 | loss: 0.3239118
	speed: 0.0127s/iter; left time: 741.7338s
	iters: 900, epoch: 7 | loss: 0.2677363
	speed: 0.0121s/iter; left time: 704.7900s
	iters: 1000, epoch: 7 | loss: 0.2738165
	speed: 0.0116s/iter; left time: 677.7162s
	iters: 1100, epoch: 7 | loss: 0.3146527
	speed: 0.0114s/iter; left time: 665.4987s
	iters: 1200, epoch: 7 | loss: 0.4808613
	speed: 0.0110s/iter; left time: 641.2929s
	iters: 1300, epoch: 7 | loss: 0.3251955
	speed: 0.0106s/iter; left time: 616.1845s
	iters: 1400, epoch: 7 | loss: 0.2755854
	speed: 0.0118s/iter; left time: 685.4271s
	iters: 1500, epoch: 7 | loss: 0.2657424
	speed: 0.0116s/iter; left time: 671.9807s
	iters: 1600, epoch: 7 | loss: 0.2762975
	speed: 0.0120s/iter; left time: 694.4483s
	iters: 1700, epoch: 7 | loss: 0.3642624
	speed: 0.0121s/iter; left time: 694.8126s
	iters: 1800, epoch: 7 | loss: 0.4368739
	speed: 0.0130s/iter; left time: 750.0143s
	iters: 1900, epoch: 7 | loss: 0.2770196
	speed: 0.0123s/iter; left time: 705.8642s
	iters: 2000, epoch: 7 | loss: 0.2487807
	speed: 0.0121s/iter; left time: 694.1910s
	iters: 2100, epoch: 7 | loss: 0.2742333
	speed: 0.0110s/iter; left time: 629.4501s
	iters: 2200, epoch: 7 | loss: 0.3295763
	speed: 0.0105s/iter; left time: 601.5419s
	iters: 2300, epoch: 7 | loss: 0.4540016
	speed: 0.0114s/iter; left time: 648.2544s
	iters: 2400, epoch: 7 | loss: 0.2814896
	speed: 0.0115s/iter; left time: 654.0882s
	iters: 2500, epoch: 7 | loss: 0.2590768
	speed: 0.0127s/iter; left time: 724.1383s
	iters: 2600, epoch: 7 | loss: 0.3028774
	speed: 0.0131s/iter; left time: 741.9525s
	iters: 2700, epoch: 7 | loss: 0.2492653
	speed: 0.0125s/iter; left time: 709.3601s
	iters: 2800, epoch: 7 | loss: 0.4344339
	speed: 0.0107s/iter; left time: 602.9086s
	iters: 2900, epoch: 7 | loss: 0.4462991
	speed: 0.0117s/iter; left time: 658.1275s
	iters: 3000, epoch: 7 | loss: 0.3596843
	speed: 0.0126s/iter; left time: 711.7035s
	iters: 3100, epoch: 7 | loss: 0.4968419
	speed: 0.0118s/iter; left time: 660.6273s
	iters: 3200, epoch: 7 | loss: 0.3276039
	speed: 0.0115s/iter; left time: 647.0325s
	iters: 3300, epoch: 7 | loss: 0.3660684
	speed: 0.0122s/iter; left time: 682.3701s
	iters: 3400, epoch: 7 | loss: 0.2812458
	speed: 0.0111s/iter; left time: 619.6509s
	iters: 3500, epoch: 7 | loss: 0.2755468
	speed: 0.0125s/iter; left time: 698.0288s
	iters: 3600, epoch: 7 | loss: 0.2857639
	speed: 0.0125s/iter; left time: 693.6110s
	iters: 3700, epoch: 7 | loss: 0.4317827
	speed: 0.0131s/iter; left time: 728.4073s
	iters: 3800, epoch: 7 | loss: 0.3119625
	speed: 0.0124s/iter; left time: 689.5823s
	iters: 3900, epoch: 7 | loss: 0.3692696
	speed: 0.0109s/iter; left time: 603.3875s
	iters: 4000, epoch: 7 | loss: 0.3587246
	speed: 0.0105s/iter; left time: 582.6794s
	iters: 4100, epoch: 7 | loss: 0.4135306
	speed: 0.0124s/iter; left time: 684.8259s
	iters: 4200, epoch: 7 | loss: 0.2653533
	speed: 0.0129s/iter; left time: 709.4097s
Epoch: 7 cost time: 49.50281500816345
Epoch: 7, Steps: 4236 | Train Loss: 0.3333553 Vali Loss: 0.6151616 Test Loss: 0.3727894
Validation loss decreased (0.642034 --> 0.615162).  Saving model ...
Updating learning rate to 7.8125e-05
	iters: 100, epoch: 8 | loss: 0.4007936
	speed: 0.0766s/iter; left time: 4213.0508s
	iters: 200, epoch: 8 | loss: 0.3406473
	speed: 0.0106s/iter; left time: 579.0417s
	iters: 300, epoch: 8 | loss: 0.2471102
	speed: 0.0103s/iter; left time: 563.6095s
	iters: 400, epoch: 8 | loss: 0.2467302
	speed: 0.0110s/iter; left time: 600.9318s
	iters: 500, epoch: 8 | loss: 0.2582083
	speed: 0.0121s/iter; left time: 658.4274s
	iters: 600, epoch: 8 | loss: 0.2553170
	speed: 0.0122s/iter; left time: 662.5235s
	iters: 700, epoch: 8 | loss: 0.2839805
	speed: 0.0114s/iter; left time: 617.8614s
	iters: 800, epoch: 8 | loss: 0.3308910
	speed: 0.0123s/iter; left time: 669.9958s
	iters: 900, epoch: 8 | loss: 0.3387572
	speed: 0.0116s/iter; left time: 630.1157s
	iters: 1000, epoch: 8 | loss: 0.3758044
	speed: 0.0114s/iter; left time: 615.4347s
	iters: 1100, epoch: 8 | loss: 0.5452234
	speed: 0.0123s/iter; left time: 662.1272s
	iters: 1200, epoch: 8 | loss: 0.4123995
	speed: 0.0126s/iter; left time: 678.8961s
	iters: 1300, epoch: 8 | loss: 0.2921655
	speed: 0.0120s/iter; left time: 643.7487s
	iters: 1400, epoch: 8 | loss: 0.3063187
	speed: 0.0121s/iter; left time: 650.0791s
	iters: 1500, epoch: 8 | loss: 0.2264587
	speed: 0.0111s/iter; left time: 595.8556s
	iters: 1600, epoch: 8 | loss: 0.2621091
	speed: 0.0106s/iter; left time: 566.3968s
	iters: 1700, epoch: 8 | loss: 0.4067136
	speed: 0.0125s/iter; left time: 667.2259s
	iters: 1800, epoch: 8 | loss: 0.3334749
	speed: 0.0113s/iter; left time: 601.6009s
	iters: 1900, epoch: 8 | loss: 0.4202957
	speed: 0.0129s/iter; left time: 687.1806s
	iters: 2000, epoch: 8 | loss: 0.2913212
	speed: 0.0105s/iter; left time: 557.9750s
	iters: 2100, epoch: 8 | loss: 0.3475055
	speed: 0.0109s/iter; left time: 575.8631s
	iters: 2200, epoch: 8 | loss: 0.2313767
	speed: 0.0127s/iter; left time: 670.6027s
	iters: 2300, epoch: 8 | loss: 0.3540528
	speed: 0.0127s/iter; left time: 668.9521s
	iters: 2400, epoch: 8 | loss: 0.3158181
	speed: 0.0130s/iter; left time: 684.1280s
	iters: 2500, epoch: 8 | loss: 0.3032852
	speed: 0.0123s/iter; left time: 646.2245s
	iters: 2600, epoch: 8 | loss: 0.2996047
	speed: 0.0125s/iter; left time: 654.4161s
	iters: 2700, epoch: 8 | loss: 0.2773111
	speed: 0.0126s/iter; left time: 659.5525s
	iters: 2800, epoch: 8 | loss: 0.3217317
	speed: 0.0126s/iter; left time: 660.5835s
	iters: 2900, epoch: 8 | loss: 0.3064646
	speed: 0.0112s/iter; left time: 585.9541s
	iters: 3000, epoch: 8 | loss: 0.2881759
	speed: 0.0112s/iter; left time: 584.3325s
	iters: 3100, epoch: 8 | loss: 0.2838013
	speed: 0.0107s/iter; left time: 558.4425s
	iters: 3200, epoch: 8 | loss: 0.3051122
	speed: 0.0125s/iter; left time: 647.4416s
	iters: 3300, epoch: 8 | loss: 0.2581289
	speed: 0.0125s/iter; left time: 649.4788s
	iters: 3400, epoch: 8 | loss: 0.3638335
	speed: 0.0128s/iter; left time: 662.0719s
	iters: 3500, epoch: 8 | loss: 0.2503172
	speed: 0.0122s/iter; left time: 631.3693s
	iters: 3600, epoch: 8 | loss: 0.4048562
	speed: 0.0117s/iter; left time: 604.3958s
	iters: 3700, epoch: 8 | loss: 0.3675500
	speed: 0.0126s/iter; left time: 649.4613s
	iters: 3800, epoch: 8 | loss: 0.3114231
	speed: 0.0131s/iter; left time: 670.4361s
	iters: 3900, epoch: 8 | loss: 0.2682597
	speed: 0.0128s/iter; left time: 656.7147s
	iters: 4000, epoch: 8 | loss: 0.3488768
	speed: 0.0126s/iter; left time: 644.1639s
	iters: 4100, epoch: 8 | loss: 0.2602078
	speed: 0.0100s/iter; left time: 510.8788s
	iters: 4200, epoch: 8 | loss: 0.3589777
	speed: 0.0106s/iter; left time: 539.4348s
Epoch: 8 cost time: 50.02691030502319
Epoch: 8, Steps: 4236 | Train Loss: 0.3297519 Vali Loss: 0.6178102 Test Loss: 0.3699055
EarlyStopping counter: 1 out of 5
Updating learning rate to 3.90625e-05
	iters: 100, epoch: 9 | loss: 0.3780675
	speed: 0.0746s/iter; left time: 3783.4527s
	iters: 200, epoch: 9 | loss: 0.2759592
	speed: 0.0109s/iter; left time: 550.5067s
	iters: 300, epoch: 9 | loss: 0.2993466
	speed: 0.0113s/iter; left time: 570.6618s
	iters: 400, epoch: 9 | loss: 0.3078025
	speed: 0.0118s/iter; left time: 594.1863s
	iters: 500, epoch: 9 | loss: 0.2915149
	speed: 0.0105s/iter; left time: 528.5717s
	iters: 600, epoch: 9 | loss: 0.2744024
	speed: 0.0106s/iter; left time: 534.6508s
	iters: 700, epoch: 9 | loss: 0.3611564
	speed: 0.0116s/iter; left time: 579.8977s
	iters: 800, epoch: 9 | loss: 0.2377262
	speed: 0.0123s/iter; left time: 617.1176s
	iters: 900, epoch: 9 | loss: 0.2684849
	speed: 0.0120s/iter; left time: 598.3795s
	iters: 1000, epoch: 9 | loss: 0.4880196
	speed: 0.0123s/iter; left time: 613.6295s
	iters: 1100, epoch: 9 | loss: 0.3293507
	speed: 0.0132s/iter; left time: 658.3209s
	iters: 1200, epoch: 9 | loss: 0.2126487
	speed: 0.0116s/iter; left time: 576.3600s
	iters: 1300, epoch: 9 | loss: 0.2891070
	speed: 0.0127s/iter; left time: 629.6400s
	iters: 1400, epoch: 9 | loss: 0.2147055
	speed: 0.0125s/iter; left time: 617.9298s
	iters: 1500, epoch: 9 | loss: 0.3209430
	speed: 0.0121s/iter; left time: 597.5945s
	iters: 1600, epoch: 9 | loss: 0.3103546
	speed: 0.0125s/iter; left time: 617.1517s
	iters: 1700, epoch: 9 | loss: 0.3209515
	speed: 0.0124s/iter; left time: 607.4883s
	iters: 1800, epoch: 9 | loss: 0.3515255
	speed: 0.0112s/iter; left time: 548.4489s
	iters: 1900, epoch: 9 | loss: 0.3417332
	speed: 0.0135s/iter; left time: 659.3324s
	iters: 2000, epoch: 9 | loss: 0.3528054
	speed: 0.0114s/iter; left time: 558.5303s
	iters: 2100, epoch: 9 | loss: 0.2921245
	speed: 0.0104s/iter; left time: 508.4094s
	iters: 2200, epoch: 9 | loss: 0.2671757
	speed: 0.0119s/iter; left time: 576.5104s
	iters: 2300, epoch: 9 | loss: 0.3820631
	speed: 0.0115s/iter; left time: 556.8345s
	iters: 2400, epoch: 9 | loss: 0.3119792
	speed: 0.0119s/iter; left time: 575.0573s
	iters: 2500, epoch: 9 | loss: 0.6144584
	speed: 0.0121s/iter; left time: 584.9255s
	iters: 2600, epoch: 9 | loss: 0.3002125
	speed: 0.0109s/iter; left time: 526.4239s
	iters: 2700, epoch: 9 | loss: 0.2976741
	speed: 0.0110s/iter; left time: 528.1703s
	iters: 2800, epoch: 9 | loss: 0.2857263
	speed: 0.0122s/iter; left time: 584.8328s
	iters: 2900, epoch: 9 | loss: 0.3759713
	speed: 0.0106s/iter; left time: 508.2090s
	iters: 3000, epoch: 9 | loss: 0.4967677
	speed: 0.0112s/iter; left time: 535.4190s
	iters: 3100, epoch: 9 | loss: 0.3334581
	speed: 0.0125s/iter; left time: 597.0326s
	iters: 3200, epoch: 9 | loss: 0.2423760
	speed: 0.0127s/iter; left time: 603.1303s
	iters: 3300, epoch: 9 | loss: 0.4000605
	speed: 0.0131s/iter; left time: 623.4600s
	iters: 3400, epoch: 9 | loss: 0.4842130
	speed: 0.0135s/iter; left time: 642.3978s
	iters: 3500, epoch: 9 | loss: 0.5012829
	speed: 0.0130s/iter; left time: 617.0571s
	iters: 3600, epoch: 9 | loss: 0.2940178
	speed: 0.0137s/iter; left time: 648.3219s
	iters: 3700, epoch: 9 | loss: 0.4055981
	speed: 0.0131s/iter; left time: 618.5344s
	iters: 3800, epoch: 9 | loss: 0.2318276
	speed: 0.0126s/iter; left time: 594.1145s
	iters: 3900, epoch: 9 | loss: 0.2822329
	speed: 0.0128s/iter; left time: 601.3002s
	iters: 4000, epoch: 9 | loss: 0.5040575
	speed: 0.0115s/iter; left time: 538.9020s
	iters: 4100, epoch: 9 | loss: 0.3916591
	speed: 0.0116s/iter; left time: 544.0810s
	iters: 4200, epoch: 9 | loss: 0.3174080
	speed: 0.0108s/iter; left time: 501.4580s
Epoch: 9 cost time: 50.524986028671265
Epoch: 9, Steps: 4236 | Train Loss: 0.3278402 Vali Loss: 0.6170431 Test Loss: 0.3669462
EarlyStopping counter: 2 out of 5
Updating learning rate to 1.953125e-05
	iters: 100, epoch: 10 | loss: 0.2447769
	speed: 0.0667s/iter; left time: 3100.2953s
	iters: 200, epoch: 10 | loss: 0.4715072
	speed: 0.0113s/iter; left time: 522.1847s
	iters: 300, epoch: 10 | loss: 0.5710601
	speed: 0.0109s/iter; left time: 505.6779s
	iters: 400, epoch: 10 | loss: 0.3766208
	speed: 0.0099s/iter; left time: 458.2855s
	iters: 500, epoch: 10 | loss: 0.2555959
	speed: 0.0107s/iter; left time: 494.2296s
	iters: 600, epoch: 10 | loss: 0.3212675
	speed: 0.0092s/iter; left time: 424.6786s
	iters: 700, epoch: 10 | loss: 0.3070335
	speed: 0.0121s/iter; left time: 554.4347s
	iters: 800, epoch: 10 | loss: 0.3282598
	speed: 0.0114s/iter; left time: 523.6021s
	iters: 900, epoch: 10 | loss: 0.3061580
	speed: 0.0127s/iter; left time: 581.8165s
	iters: 1000, epoch: 10 | loss: 0.2798737
	speed: 0.0126s/iter; left time: 575.3204s
	iters: 1100, epoch: 10 | loss: 0.2209000
	speed: 0.0125s/iter; left time: 566.6299s
	iters: 1200, epoch: 10 | loss: 0.3165937
	speed: 0.0117s/iter; left time: 529.4090s
	iters: 1300, epoch: 10 | loss: 0.2817202
	speed: 0.0109s/iter; left time: 493.4273s
	iters: 1400, epoch: 10 | loss: 0.3469252
	speed: 0.0118s/iter; left time: 532.7751s
	iters: 1500, epoch: 10 | loss: 0.3065054
	speed: 0.0131s/iter; left time: 590.8905s
	iters: 1600, epoch: 10 | loss: 0.2495613
	speed: 0.0116s/iter; left time: 520.8305s
	iters: 1700, epoch: 10 | loss: 0.4141974
	speed: 0.0123s/iter; left time: 551.0388s
	iters: 1800, epoch: 10 | loss: 0.3155351
	speed: 0.0118s/iter; left time: 527.4881s
	iters: 1900, epoch: 10 | loss: 0.3141896
	speed: 0.0119s/iter; left time: 532.4735s
	iters: 2000, epoch: 10 | loss: 0.3220288
	speed: 0.0117s/iter; left time: 520.8450s
	iters: 2100, epoch: 10 | loss: 0.2526441
	speed: 0.0120s/iter; left time: 535.9491s
	iters: 2200, epoch: 10 | loss: 0.2817659
	speed: 0.0127s/iter; left time: 563.2236s
	iters: 2300, epoch: 10 | loss: 0.3752216
	speed: 0.0126s/iter; left time: 557.7979s
	iters: 2400, epoch: 10 | loss: 0.2778466
	speed: 0.0121s/iter; left time: 536.4446s
	iters: 2500, epoch: 10 | loss: 0.2809355
	speed: 0.0128s/iter; left time: 564.0892s
	iters: 2600, epoch: 10 | loss: 0.2972830
	speed: 0.0126s/iter; left time: 553.1423s
	iters: 2700, epoch: 10 | loss: 0.2685538
	speed: 0.0109s/iter; left time: 476.5330s
	iters: 2800, epoch: 10 | loss: 0.5560000
	speed: 0.0116s/iter; left time: 509.9153s
	iters: 2900, epoch: 10 | loss: 0.2431539
	speed: 0.0100s/iter; left time: 435.8507s
	iters: 3000, epoch: 10 | loss: 0.2556671
	speed: 0.0107s/iter; left time: 467.0373s
	iters: 3100, epoch: 10 | loss: 0.3480969
	speed: 0.0129s/iter; left time: 559.5611s
	iters: 3200, epoch: 10 | loss: 0.2274723
	speed: 0.0126s/iter; left time: 546.5201s
	iters: 3300, epoch: 10 | loss: 0.4302724
	speed: 0.0117s/iter; left time: 505.5454s
	iters: 3400, epoch: 10 | loss: 0.2721864
	speed: 0.0128s/iter; left time: 553.9298s
	iters: 3500, epoch: 10 | loss: 0.2900274
	speed: 0.0128s/iter; left time: 551.4490s
	iters: 3600, epoch: 10 | loss: 0.2443077
	speed: 0.0120s/iter; left time: 514.4609s
	iters: 3700, epoch: 10 | loss: 0.3450832
	speed: 0.0111s/iter; left time: 478.1540s
	iters: 3800, epoch: 10 | loss: 0.3200378
	speed: 0.0127s/iter; left time: 544.3658s
	iters: 3900, epoch: 10 | loss: 0.2929660
	speed: 0.0118s/iter; left time: 504.9594s
	iters: 4000, epoch: 10 | loss: 0.3177740
	speed: 0.0109s/iter; left time: 463.7475s
	iters: 4100, epoch: 10 | loss: 0.3065771
	speed: 0.0116s/iter; left time: 492.1900s
	iters: 4200, epoch: 10 | loss: 0.3422518
	speed: 0.0103s/iter; left time: 436.7654s
Epoch: 10 cost time: 49.58718419075012
Epoch: 10, Steps: 4236 | Train Loss: 0.3268526 Vali Loss: 0.6089117 Test Loss: 0.3669814
Validation loss decreased (0.615162 --> 0.608912).  Saving model ...
Updating learning rate to 9.765625e-06
	iters: 100, epoch: 11 | loss: 0.2429574
	speed: 0.0669s/iter; left time: 2825.7115s
	iters: 200, epoch: 11 | loss: 0.4247046
	speed: 0.0105s/iter; left time: 441.4554s
	iters: 300, epoch: 11 | loss: 0.2568353
	speed: 0.0108s/iter; left time: 453.6815s
	iters: 400, epoch: 11 | loss: 0.2220634
	speed: 0.0108s/iter; left time: 451.5403s
	iters: 500, epoch: 11 | loss: 0.3968313
	speed: 0.0109s/iter; left time: 456.3785s
	iters: 600, epoch: 11 | loss: 0.3146939
	speed: 0.0129s/iter; left time: 539.3090s
	iters: 700, epoch: 11 | loss: 0.2281944
	speed: 0.0118s/iter; left time: 491.2636s
	iters: 800, epoch: 11 | loss: 0.3592767
	speed: 0.0132s/iter; left time: 548.0084s
	iters: 900, epoch: 11 | loss: 0.3393651
	speed: 0.0124s/iter; left time: 515.5241s
	iters: 1000, epoch: 11 | loss: 0.3615595
	speed: 0.0110s/iter; left time: 456.3895s
	iters: 1100, epoch: 11 | loss: 0.2353628
	speed: 0.0110s/iter; left time: 455.6946s
	iters: 1200, epoch: 11 | loss: 0.2483628
	speed: 0.0122s/iter; left time: 500.3653s
	iters: 1300, epoch: 11 | loss: 0.2917156
	speed: 0.0126s/iter; left time: 517.1200s
	iters: 1400, epoch: 11 | loss: 0.4370210
	speed: 0.0114s/iter; left time: 465.6558s
	iters: 1500, epoch: 11 | loss: 0.2110855
	speed: 0.0124s/iter; left time: 507.6231s
	iters: 1600, epoch: 11 | loss: 0.2938221
	speed: 0.0128s/iter; left time: 522.2695s
	iters: 1700, epoch: 11 | loss: 0.4001689
	speed: 0.0121s/iter; left time: 492.9789s
	iters: 1800, epoch: 11 | loss: 0.3923686
	speed: 0.0127s/iter; left time: 513.3864s
	iters: 1900, epoch: 11 | loss: 0.3301031
	speed: 0.0130s/iter; left time: 524.9590s
	iters: 2000, epoch: 11 | loss: 0.2334608
	speed: 0.0126s/iter; left time: 508.7123s
	iters: 2100, epoch: 11 | loss: 0.3032209
	speed: 0.0130s/iter; left time: 522.6893s
	iters: 2200, epoch: 11 | loss: 0.3306326
	speed: 0.0122s/iter; left time: 489.5059s
	iters: 2300, epoch: 11 | loss: 0.2657794
	speed: 0.0125s/iter; left time: 499.2515s
	iters: 2400, epoch: 11 | loss: 0.3627639
	speed: 0.0117s/iter; left time: 468.1085s
	iters: 2500, epoch: 11 | loss: 0.3148704
	speed: 0.0129s/iter; left time: 513.9792s
	iters: 2600, epoch: 11 | loss: 0.3501762
	speed: 0.0120s/iter; left time: 475.2651s
	iters: 2700, epoch: 11 | loss: 0.3554325
	speed: 0.0110s/iter; left time: 437.5342s
	iters: 2800, epoch: 11 | loss: 0.2180397
	speed: 0.0106s/iter; left time: 421.0526s
	iters: 2900, epoch: 11 | loss: 0.3516125
	speed: 0.0127s/iter; left time: 499.3281s
	iters: 3000, epoch: 11 | loss: 0.2841938
	speed: 0.0124s/iter; left time: 487.8251s
	iters: 3100, epoch: 11 | loss: 0.3780125
	speed: 0.0118s/iter; left time: 461.5512s
	iters: 3200, epoch: 11 | loss: 0.2263928
	speed: 0.0129s/iter; left time: 505.8147s
	iters: 3300, epoch: 11 | loss: 0.6122398
	speed: 0.0131s/iter; left time: 512.1762s
	iters: 3400, epoch: 11 | loss: 0.4533703
	speed: 0.0131s/iter; left time: 512.0940s
	iters: 3500, epoch: 11 | loss: 0.3891840
	speed: 0.0127s/iter; left time: 493.8581s
	iters: 3600, epoch: 11 | loss: 0.3020488
	speed: 0.0123s/iter; left time: 476.4904s
	iters: 3700, epoch: 11 | loss: 0.3088601
	speed: 0.0109s/iter; left time: 420.3774s
	iters: 3800, epoch: 11 | loss: 0.2875361
	speed: 0.0117s/iter; left time: 450.4831s
	iters: 3900, epoch: 11 | loss: 0.3092306
	speed: 0.0120s/iter; left time: 463.1565s
	iters: 4000, epoch: 11 | loss: 0.3374906
	speed: 0.0115s/iter; left time: 440.5181s
	iters: 4100, epoch: 11 | loss: 0.3556761
	speed: 0.0103s/iter; left time: 394.5717s
	iters: 4200, epoch: 11 | loss: 0.3893524
	speed: 0.0112s/iter; left time: 426.4278s
Epoch: 11 cost time: 50.56673502922058
Epoch: 11, Steps: 4236 | Train Loss: 0.3263085 Vali Loss: 0.6120923 Test Loss: 0.3660735
EarlyStopping counter: 1 out of 5
Updating learning rate to 4.8828125e-06
	iters: 100, epoch: 12 | loss: 0.3498366
	speed: 0.0732s/iter; left time: 2782.2137s
	iters: 200, epoch: 12 | loss: 0.2255760
	speed: 0.0101s/iter; left time: 384.2395s
	iters: 300, epoch: 12 | loss: 0.3026208
	speed: 0.0095s/iter; left time: 358.9953s
	iters: 400, epoch: 12 | loss: 0.4222634
	speed: 0.0116s/iter; left time: 438.5231s
	iters: 500, epoch: 12 | loss: 0.2818852
	speed: 0.0118s/iter; left time: 443.7035s
	iters: 600, epoch: 12 | loss: 0.3561231
	speed: 0.0128s/iter; left time: 478.9310s
	iters: 700, epoch: 12 | loss: 0.2484882
	speed: 0.0107s/iter; left time: 401.8305s
	iters: 800, epoch: 12 | loss: 0.4498391
	speed: 0.0103s/iter; left time: 386.0236s
	iters: 900, epoch: 12 | loss: 0.3825262
	speed: 0.0098s/iter; left time: 364.9766s
	iters: 1000, epoch: 12 | loss: 0.2607423
	speed: 0.0103s/iter; left time: 381.3989s
	iters: 1100, epoch: 12 | loss: 0.3836402
	speed: 0.0126s/iter; left time: 466.9947s
	iters: 1200, epoch: 12 | loss: 0.2374372
	speed: 0.0106s/iter; left time: 391.2342s
	iters: 1300, epoch: 12 | loss: 0.2334075
	speed: 0.0101s/iter; left time: 371.6666s
	iters: 1400, epoch: 12 | loss: 0.2928844
	speed: 0.0103s/iter; left time: 377.2321s
	iters: 1500, epoch: 12 | loss: 0.3955242
	speed: 0.0112s/iter; left time: 409.9678s
	iters: 1600, epoch: 12 | loss: 0.3748487
	speed: 0.0126s/iter; left time: 459.2931s
	iters: 1700, epoch: 12 | loss: 0.2293648
	speed: 0.0124s/iter; left time: 450.8142s
	iters: 1800, epoch: 12 | loss: 0.3528208
	speed: 0.0124s/iter; left time: 450.0647s
	iters: 1900, epoch: 12 | loss: 0.2885576
	speed: 0.0120s/iter; left time: 434.8515s
	iters: 2000, epoch: 12 | loss: 0.3455448
	speed: 0.0092s/iter; left time: 331.6325s
	iters: 2100, epoch: 12 | loss: 0.3704146
	speed: 0.0114s/iter; left time: 410.4238s
	iters: 2200, epoch: 12 | loss: 0.3220973
	speed: 0.0110s/iter; left time: 393.5276s
	iters: 2300, epoch: 12 | loss: 0.2552230
	speed: 0.0122s/iter; left time: 438.2054s
	iters: 2400, epoch: 12 | loss: 0.3468585
	speed: 0.0129s/iter; left time: 459.6739s
	iters: 2500, epoch: 12 | loss: 0.2899555
	speed: 0.0127s/iter; left time: 452.1418s
	iters: 2600, epoch: 12 | loss: 0.5090982
	speed: 0.0133s/iter; left time: 473.0680s
	iters: 2700, epoch: 12 | loss: 0.5508983
	speed: 0.0133s/iter; left time: 469.5933s
	iters: 2800, epoch: 12 | loss: 0.2532013
	speed: 0.0120s/iter; left time: 425.4012s
	iters: 2900, epoch: 12 | loss: 0.2917313
	speed: 0.0098s/iter; left time: 345.6333s
	iters: 3000, epoch: 12 | loss: 0.5185179
	speed: 0.0128s/iter; left time: 450.4318s
	iters: 3100, epoch: 12 | loss: 0.2506952
	speed: 0.0125s/iter; left time: 438.6608s
	iters: 3200, epoch: 12 | loss: 0.3310074
	speed: 0.0124s/iter; left time: 434.7212s
	iters: 3300, epoch: 12 | loss: 0.2283607
	speed: 0.0118s/iter; left time: 409.7583s
	iters: 3400, epoch: 12 | loss: 0.3611487
	speed: 0.0123s/iter; left time: 428.2604s
	iters: 3500, epoch: 12 | loss: 0.2665210
	speed: 0.0126s/iter; left time: 436.7711s
	iters: 3600, epoch: 12 | loss: 0.2826462
	speed: 0.0111s/iter; left time: 384.3600s
	iters: 3700, epoch: 12 | loss: 0.2169988
	speed: 0.0127s/iter; left time: 438.7628s
	iters: 3800, epoch: 12 | loss: 0.2857565
	speed: 0.0135s/iter; left time: 463.3356s
	iters: 3900, epoch: 12 | loss: 0.2795575
	speed: 0.0124s/iter; left time: 425.8310s
	iters: 4000, epoch: 12 | loss: 0.2571169
	speed: 0.0114s/iter; left time: 388.4615s
	iters: 4100, epoch: 12 | loss: 0.2475477
	speed: 0.0111s/iter; left time: 378.1218s
	iters: 4200, epoch: 12 | loss: 0.2915592
	speed: 0.0100s/iter; left time: 339.3507s
Epoch: 12 cost time: 48.967984437942505
Epoch: 12, Steps: 4236 | Train Loss: 0.3260436 Vali Loss: 0.6100414 Test Loss: 0.3657477
EarlyStopping counter: 2 out of 5
Updating learning rate to 2.44140625e-06
	iters: 100, epoch: 13 | loss: 0.2753307
	speed: 0.0740s/iter; left time: 2500.3383s
	iters: 200, epoch: 13 | loss: 0.5345757
	speed: 0.0100s/iter; left time: 337.9825s
	iters: 300, epoch: 13 | loss: 0.2355868
	speed: 0.0098s/iter; left time: 327.7226s
	iters: 400, epoch: 13 | loss: 0.2165906
	speed: 0.0116s/iter; left time: 389.2045s
	iters: 500, epoch: 13 | loss: 0.4271518
	speed: 0.0115s/iter; left time: 382.9026s
	iters: 600, epoch: 13 | loss: 0.2495247
	speed: 0.0110s/iter; left time: 367.2796s
	iters: 700, epoch: 13 | loss: 0.3077424
	speed: 0.0110s/iter; left time: 364.1900s
	iters: 800, epoch: 13 | loss: 0.2858111
	speed: 0.0122s/iter; left time: 402.6869s
	iters: 900, epoch: 13 | loss: 0.4743705
	speed: 0.0122s/iter; left time: 403.1693s
	iters: 1000, epoch: 13 | loss: 0.2499192
	speed: 0.0107s/iter; left time: 352.0144s
	iters: 1100, epoch: 13 | loss: 0.2856639
	speed: 0.0109s/iter; left time: 356.1586s
	iters: 1200, epoch: 13 | loss: 0.3003289
	speed: 0.0119s/iter; left time: 388.1503s
	iters: 1300, epoch: 13 | loss: 0.3166198
	speed: 0.0104s/iter; left time: 340.0179s
	iters: 1400, epoch: 13 | loss: 0.3460845
	speed: 0.0108s/iter; left time: 349.7337s
	iters: 1500, epoch: 13 | loss: 0.4785319
	speed: 0.0123s/iter; left time: 397.2712s
	iters: 1600, epoch: 13 | loss: 0.4716149
	speed: 0.0123s/iter; left time: 398.0917s
	iters: 1700, epoch: 13 | loss: 0.3309482
	speed: 0.0122s/iter; left time: 393.7619s
	iters: 1800, epoch: 13 | loss: 0.2419430
	speed: 0.0124s/iter; left time: 398.6464s
	iters: 1900, epoch: 13 | loss: 0.3148614
	speed: 0.0115s/iter; left time: 367.6483s
	iters: 2000, epoch: 13 | loss: 0.3693273
	speed: 0.0125s/iter; left time: 400.0652s
	iters: 2100, epoch: 13 | loss: 0.2687713
	speed: 0.0125s/iter; left time: 398.7462s
	iters: 2200, epoch: 13 | loss: 0.2947397
	speed: 0.0128s/iter; left time: 405.1808s
	iters: 2300, epoch: 13 | loss: 0.2800693
	speed: 0.0129s/iter; left time: 406.9847s
	iters: 2400, epoch: 13 | loss: 0.4465695
	speed: 0.0128s/iter; left time: 403.8688s
	iters: 2500, epoch: 13 | loss: 0.2350704
	speed: 0.0131s/iter; left time: 410.9721s
	iters: 2600, epoch: 13 | loss: 0.2367869
	speed: 0.0127s/iter; left time: 398.4192s
	iters: 2700, epoch: 13 | loss: 0.2887177
	speed: 0.0121s/iter; left time: 376.2410s
	iters: 2800, epoch: 13 | loss: 0.4363151
	speed: 0.0117s/iter; left time: 363.3600s
	iters: 2900, epoch: 13 | loss: 0.3003895
	speed: 0.0124s/iter; left time: 384.6570s
	iters: 3000, epoch: 13 | loss: 0.4485152
	speed: 0.0128s/iter; left time: 394.3817s
	iters: 3100, epoch: 13 | loss: 0.2119182
	speed: 0.0130s/iter; left time: 401.2927s
	iters: 3200, epoch: 13 | loss: 0.2481237
	speed: 0.0133s/iter; left time: 407.5312s
	iters: 3300, epoch: 13 | loss: 0.4166807
	speed: 0.0121s/iter; left time: 370.5184s
	iters: 3400, epoch: 13 | loss: 0.3065741
	speed: 0.0119s/iter; left time: 362.9784s
	iters: 3500, epoch: 13 | loss: 0.2431917
	speed: 0.0126s/iter; left time: 381.7855s
	iters: 3600, epoch: 13 | loss: 0.3256418
	speed: 0.0101s/iter; left time: 306.6130s
	iters: 3700, epoch: 13 | loss: 0.4116364
	speed: 0.0097s/iter; left time: 293.8123s
	iters: 3800, epoch: 13 | loss: 0.3493485
	speed: 0.0131s/iter; left time: 393.4707s
	iters: 3900, epoch: 13 | loss: 0.2775224
	speed: 0.0129s/iter; left time: 387.5310s
	iters: 4000, epoch: 13 | loss: 0.3663653
	speed: 0.0128s/iter; left time: 383.2334s
	iters: 4100, epoch: 13 | loss: 0.2375226
	speed: 0.0113s/iter; left time: 337.2456s
	iters: 4200, epoch: 13 | loss: 0.3618854
	speed: 0.0096s/iter; left time: 284.7626s
Epoch: 13 cost time: 49.891679525375366
Epoch: 13, Steps: 4236 | Train Loss: 0.3258994 Vali Loss: 0.6100512 Test Loss: 0.3661410
EarlyStopping counter: 3 out of 5
Updating learning rate to 1.220703125e-06
	iters: 100, epoch: 14 | loss: 0.2439516
	speed: 0.0714s/iter; left time: 2109.2324s
	iters: 200, epoch: 14 | loss: 0.4174710
	speed: 0.0102s/iter; left time: 300.8045s
	iters: 300, epoch: 14 | loss: 0.3514778
	speed: 0.0107s/iter; left time: 315.3748s
	iters: 400, epoch: 14 | loss: 0.2690820
	speed: 0.0109s/iter; left time: 317.4121s
	iters: 500, epoch: 14 | loss: 0.3112763
	speed: 0.0106s/iter; left time: 309.0813s
	iters: 600, epoch: 14 | loss: 0.5740238
	speed: 0.0106s/iter; left time: 306.8638s
	iters: 700, epoch: 14 | loss: 0.2701378
	speed: 0.0101s/iter; left time: 292.5074s
	iters: 800, epoch: 14 | loss: 0.2556345
	speed: 0.0088s/iter; left time: 254.2626s
	iters: 900, epoch: 14 | loss: 0.4106494
	speed: 0.0107s/iter; left time: 308.6082s
	iters: 1000, epoch: 14 | loss: 0.3464291
	speed: 0.0122s/iter; left time: 349.9876s
	iters: 1100, epoch: 14 | loss: 0.2781288
	speed: 0.0110s/iter; left time: 314.1349s
	iters: 1200, epoch: 14 | loss: 0.3312805
	speed: 0.0119s/iter; left time: 338.8745s
	iters: 1300, epoch: 14 | loss: 0.4130439
	speed: 0.0106s/iter; left time: 300.6122s
	iters: 1400, epoch: 14 | loss: 0.2204651
	speed: 0.0107s/iter; left time: 301.3506s
	iters: 1500, epoch: 14 | loss: 0.3091505
	speed: 0.0096s/iter; left time: 269.2239s
	iters: 1600, epoch: 14 | loss: 0.2507496
	speed: 0.0116s/iter; left time: 325.1094s
	iters: 1700, epoch: 14 | loss: 0.3635342
	speed: 0.0120s/iter; left time: 335.4688s
	iters: 1800, epoch: 14 | loss: 0.4746147
	speed: 0.0119s/iter; left time: 332.3631s
	iters: 1900, epoch: 14 | loss: 0.4413817
	speed: 0.0113s/iter; left time: 313.9332s
	iters: 2000, epoch: 14 | loss: 0.3722736
	speed: 0.0117s/iter; left time: 324.7170s
	iters: 2100, epoch: 14 | loss: 0.3421000
	speed: 0.0118s/iter; left time: 324.0751s
	iters: 2200, epoch: 14 | loss: 0.2875093
	speed: 0.0118s/iter; left time: 324.4418s
	iters: 2300, epoch: 14 | loss: 0.2931181
	speed: 0.0116s/iter; left time: 316.2828s
	iters: 2400, epoch: 14 | loss: 0.3191187
	speed: 0.0115s/iter; left time: 313.4586s
	iters: 2500, epoch: 14 | loss: 0.3757934
	speed: 0.0116s/iter; left time: 314.5063s
	iters: 2600, epoch: 14 | loss: 0.4190984
	speed: 0.0115s/iter; left time: 311.6949s
	iters: 2700, epoch: 14 | loss: 0.3344696
	speed: 0.0115s/iter; left time: 310.5415s
	iters: 2800, epoch: 14 | loss: 0.2776872
	speed: 0.0113s/iter; left time: 304.7615s
	iters: 2900, epoch: 14 | loss: 0.3330509
	speed: 0.0114s/iter; left time: 303.9747s
	iters: 3000, epoch: 14 | loss: 0.4153953
	speed: 0.0117s/iter; left time: 311.1580s
	iters: 3100, epoch: 14 | loss: 0.3051511
	speed: 0.0119s/iter; left time: 316.3185s
	iters: 3200, epoch: 14 | loss: 0.5754735
	speed: 0.0117s/iter; left time: 308.4980s
	iters: 3300, epoch: 14 | loss: 0.1790383
	speed: 0.0118s/iter; left time: 310.2308s
	iters: 3400, epoch: 14 | loss: 0.2478997
	speed: 0.0118s/iter; left time: 310.1674s
	iters: 3500, epoch: 14 | loss: 0.3143279
	speed: 0.0105s/iter; left time: 275.4638s
	iters: 3600, epoch: 14 | loss: 0.3241462
	speed: 0.0109s/iter; left time: 283.2600s
	iters: 3700, epoch: 14 | loss: 0.2369548
	speed: 0.0093s/iter; left time: 242.4536s
	iters: 3800, epoch: 14 | loss: 0.2540892
	speed: 0.0093s/iter; left time: 240.8611s
	iters: 3900, epoch: 14 | loss: 0.1881410
	speed: 0.0093s/iter; left time: 239.2446s
	iters: 4000, epoch: 14 | loss: 0.2892192
	speed: 0.0104s/iter; left time: 266.1830s
	iters: 4100, epoch: 14 | loss: 0.3894451
	speed: 0.0114s/iter; left time: 290.5445s
	iters: 4200, epoch: 14 | loss: 0.2244454
	speed: 0.0111s/iter; left time: 283.1091s
Epoch: 14 cost time: 46.518940687179565
Epoch: 14, Steps: 4236 | Train Loss: 0.3258272 Vali Loss: 0.6097938 Test Loss: 0.3661658
EarlyStopping counter: 4 out of 5
Updating learning rate to 6.103515625e-07
	iters: 100, epoch: 15 | loss: 0.2765597
	speed: 0.0632s/iter; left time: 1599.7584s
	iters: 200, epoch: 15 | loss: 0.2426223
	speed: 0.0098s/iter; left time: 246.1381s
	iters: 300, epoch: 15 | loss: 0.3157814
	speed: 0.0097s/iter; left time: 242.9557s
	iters: 400, epoch: 15 | loss: 0.3591560
	speed: 0.0095s/iter; left time: 237.7253s
	iters: 500, epoch: 15 | loss: 0.2800046
	speed: 0.0096s/iter; left time: 239.4767s
	iters: 600, epoch: 15 | loss: 0.2429996
	speed: 0.0090s/iter; left time: 224.3771s
	iters: 700, epoch: 15 | loss: 0.5740545
	speed: 0.0092s/iter; left time: 227.2172s
	iters: 800, epoch: 15 | loss: 0.3258739
	speed: 0.0109s/iter; left time: 268.3571s
	iters: 900, epoch: 15 | loss: 0.2776652
	speed: 0.0109s/iter; left time: 267.2817s
	iters: 1000, epoch: 15 | loss: 0.3458433
	speed: 0.0107s/iter; left time: 261.8013s
	iters: 1100, epoch: 15 | loss: 0.6870201
	speed: 0.0103s/iter; left time: 250.2736s
	iters: 1200, epoch: 15 | loss: 0.3830625
	speed: 0.0099s/iter; left time: 240.0732s
	iters: 1300, epoch: 15 | loss: 0.2932315
	speed: 0.0100s/iter; left time: 240.7328s
	iters: 1400, epoch: 15 | loss: 0.2940615
	speed: 0.0105s/iter; left time: 251.8585s
	iters: 1500, epoch: 15 | loss: 0.3964825
	speed: 0.0106s/iter; left time: 253.0821s
	iters: 1600, epoch: 15 | loss: 0.2707237
	speed: 0.0111s/iter; left time: 265.1543s
	iters: 1700, epoch: 15 | loss: 0.2309499
	speed: 0.0111s/iter; left time: 262.5830s
	iters: 1800, epoch: 15 | loss: 0.4174364
	speed: 0.0114s/iter; left time: 269.3624s
	iters: 1900, epoch: 15 | loss: 0.5770035
	speed: 0.0115s/iter; left time: 270.2382s
	iters: 2000, epoch: 15 | loss: 0.2659952
	speed: 0.0113s/iter; left time: 264.8719s
	iters: 2100, epoch: 15 | loss: 0.3062891
	speed: 0.0116s/iter; left time: 269.8285s
	iters: 2200, epoch: 15 | loss: 0.2672727
	speed: 0.0115s/iter; left time: 267.0769s
	iters: 2300, epoch: 15 | loss: 0.3899089
	speed: 0.0115s/iter; left time: 265.7054s
	iters: 2400, epoch: 15 | loss: 0.2925594
	speed: 0.0115s/iter; left time: 265.6675s
	iters: 2500, epoch: 15 | loss: 0.5264165
	speed: 0.0111s/iter; left time: 255.3960s
	iters: 2600, epoch: 15 | loss: 0.3658738
	speed: 0.0107s/iter; left time: 244.8767s
	iters: 2700, epoch: 15 | loss: 0.2785415
	speed: 0.0105s/iter; left time: 239.2442s
	iters: 2800, epoch: 15 | loss: 0.2863630
	speed: 0.0107s/iter; left time: 241.3460s
	iters: 2900, epoch: 15 | loss: 0.2928740
	speed: 0.0107s/iter; left time: 240.7492s
	iters: 3000, epoch: 15 | loss: 0.3149160
	speed: 0.0110s/iter; left time: 246.6102s
	iters: 3100, epoch: 15 | loss: 0.3124451
	speed: 0.0112s/iter; left time: 250.2272s
	iters: 3200, epoch: 15 | loss: 0.3401817
	speed: 0.0111s/iter; left time: 245.9864s
	iters: 3300, epoch: 15 | loss: 0.3272545
	speed: 0.0111s/iter; left time: 246.0021s
	iters: 3400, epoch: 15 | loss: 0.2992071
	speed: 0.0102s/iter; left time: 225.3124s
	iters: 3500, epoch: 15 | loss: 0.3242860
	speed: 0.0105s/iter; left time: 230.9512s
	iters: 3600, epoch: 15 | loss: 0.2915139
	speed: 0.0105s/iter; left time: 228.2693s
	iters: 3700, epoch: 15 | loss: 0.3679801
	speed: 0.0107s/iter; left time: 232.2269s
	iters: 3800, epoch: 15 | loss: 0.3835703
	speed: 0.0102s/iter; left time: 220.9673s
	iters: 3900, epoch: 15 | loss: 0.3741687
	speed: 0.0104s/iter; left time: 223.3723s
	iters: 4000, epoch: 15 | loss: 0.3647231
	speed: 0.0105s/iter; left time: 224.6047s
	iters: 4100, epoch: 15 | loss: 0.2302738
	speed: 0.0100s/iter; left time: 212.4201s
	iters: 4200, epoch: 15 | loss: 0.5318652
	speed: 0.0100s/iter; left time: 212.2511s
Epoch: 15 cost time: 44.6865770816803
Epoch: 15, Steps: 4236 | Train Loss: 0.3257879 Vali Loss: 0.6102747 Test Loss: 0.3662376
EarlyStopping counter: 5 out of 5
Early stopping
>>>>>>>testing : ETTm1_336_336_DLinear_ETTm1_ftM_sl336_ll48_pl336_dm512_nh8_el2_dl1_df2048_fc1_ebtimeF_dtTrue_Exp_0_seed10458<<<<<<<<<<<<<<<<<<<<<<<<<<<<<<<<<
test 11185
mse:0.36694279313087463, mae:0.38208329677581787
