Args in experiment:
Namespace(activation='gelu', batch_size=32, c_out=7, checkpoints='./checkpoints/', d_ff=2048, d_layers=1, d_model=512, data='custom', data_path='national_illness.csv', dec_in=7, des='Exp', devices='0,1,2,3', distil=True, do_predict=False, dropout=0.05, e_layers=2, embed='timeF', embed_type=0, enc_in=7, factor=1, features='M', freq='h', gpu=0, individual=True, is_training=1, itr=1, label_len=18, learning_rate=0.05, loss='mse', lradj='type1', model='DLinear', model_id='national_illness_104_36', moving_avg=25, n_heads=8, num_workers=0, output_attention=False, patience=5, pred_len=36, root_path='./dataset/', save_pred_values=False, seed=32598, seq_len=104, target='OT', test_flop=False, train_epochs=20, train_only=False, use_amp=False, use_gpu=False, use_multi_gpu=False)
Use CPU
>>>>>>>start training : national_illness_104_36_DLinear_custom_ftM_sl104_ll18_pl36_dm512_nh8_el2_dl1_df2048_fc1_ebtimeF_dtTrue_Exp_0_seed32598>>>>>>>>>>>>>>>>>>>>>>>>>>
train 537
val 62
test 158
Epoch: 1 cost time: 0.08799934387207031
Epoch: 1, Steps: 16 | Train Loss: 1.9877028 Vali Loss: 0.9645231 Test Loss: 5.5771914
Validation loss decreased (inf --> 0.964523).  Saving model ...
Updating learning rate to 0.05
Epoch: 2 cost time: 0.05700039863586426
Epoch: 2, Steps: 16 | Train Loss: 1.0048387 Vali Loss: 0.5129191 Test Loss: 3.7833500
Validation loss decreased (0.964523 --> 0.512919).  Saving model ...
Updating learning rate to 0.025
Epoch: 3 cost time: 0.06300139427185059
Epoch: 3, Steps: 16 | Train Loss: 0.6826749 Vali Loss: 0.3398132 Test Loss: 2.5972712
Validation loss decreased (0.512919 --> 0.339813).  Saving model ...
Updating learning rate to 0.0125
Epoch: 4 cost time: 0.06300020217895508
Epoch: 4, Steps: 16 | Train Loss: 0.4943325 Vali Loss: 0.2488600 Test Loss: 2.5014584
Validation loss decreased (0.339813 --> 0.248860).  Saving model ...
Updating learning rate to 0.00625
Epoch: 5 cost time: 0.06300067901611328
Epoch: 5, Steps: 16 | Train Loss: 0.4456255 Vali Loss: 0.2401827 Test Loss: 2.2266889
Validation loss decreased (0.248860 --> 0.240183).  Saving model ...
Updating learning rate to 0.003125
Epoch: 6 cost time: 0.06300020217895508
Epoch: 6, Steps: 16 | Train Loss: 0.4152804 Vali Loss: 0.2490922 Test Loss: 2.3022847
EarlyStopping counter: 1 out of 5
Updating learning rate to 0.0015625
Epoch: 7 cost time: 0.06099963188171387
Epoch: 7, Steps: 16 | Train Loss: 0.4144525 Vali Loss: 0.2404552 Test Loss: 2.2377210
EarlyStopping counter: 2 out of 5
Updating learning rate to 0.00078125
Epoch: 8 cost time: 0.05600094795227051
Epoch: 8, Steps: 16 | Train Loss: 0.4155402 Vali Loss: 0.2733312 Test Loss: 2.2464309
EarlyStopping counter: 3 out of 5
Updating learning rate to 0.000390625
Epoch: 9 cost time: 0.04600071907043457
Epoch: 9, Steps: 16 | Train Loss: 0.3893363 Vali Loss: 0.2308298 Test Loss: 2.2362180
Validation loss decreased (0.240183 --> 0.230830).  Saving model ...
Updating learning rate to 0.0001953125
Epoch: 10 cost time: 0.04699897766113281
Epoch: 10, Steps: 16 | Train Loss: 0.4082733 Vali Loss: 0.2686311 Test Loss: 2.2377448
EarlyStopping counter: 1 out of 5
Updating learning rate to 9.765625e-05
Epoch: 11 cost time: 0.04700112342834473
Epoch: 11, Steps: 16 | Train Loss: 0.3880659 Vali Loss: 0.2110356 Test Loss: 2.2388158
Validation loss decreased (0.230830 --> 0.211036).  Saving model ...
Updating learning rate to 4.8828125e-05
Epoch: 12 cost time: 0.053128957748413086
Epoch: 12, Steps: 16 | Train Loss: 0.4016878 Vali Loss: 0.2658072 Test Loss: 2.2364502
EarlyStopping counter: 1 out of 5
Updating learning rate to 2.44140625e-05
Epoch: 13 cost time: 0.04999876022338867
Epoch: 13, Steps: 16 | Train Loss: 0.3970596 Vali Loss: 0.2260400 Test Loss: 2.2363553
EarlyStopping counter: 2 out of 5
Updating learning rate to 1.220703125e-05
Epoch: 14 cost time: 0.041002750396728516
Epoch: 14, Steps: 16 | Train Loss: 0.3988633 Vali Loss: 0.2821113 Test Loss: 2.2356222
EarlyStopping counter: 3 out of 5
Updating learning rate to 6.103515625e-06
Epoch: 15 cost time: 0.05684185028076172
Epoch: 15, Steps: 16 | Train Loss: 0.4065781 Vali Loss: 0.3002974 Test Loss: 2.2355828
EarlyStopping counter: 4 out of 5
Updating learning rate to 3.0517578125e-06
Epoch: 16 cost time: 0.040998220443725586
Epoch: 16, Steps: 16 | Train Loss: 0.4088632 Vali Loss: 0.2183209 Test Loss: 2.2354681
EarlyStopping counter: 5 out of 5
Early stopping
>>>>>>>testing : national_illness_104_36_DLinear_custom_ftM_sl104_ll18_pl36_dm512_nh8_el2_dl1_df2048_fc1_ebtimeF_dtTrue_Exp_0_seed32598<<<<<<<<<<<<<<<<<<<<<<<<<<<<<<<<<
test 158
mse:2.234388828277588, mae:1.0185273885726929
