Args in experiment:
Namespace(activation='gelu', batch_size=32, c_out=7, checkpoints='./checkpoints/', d_ff=2048, d_layers=1, d_model=512, data='custom', data_path='exchange_rate.csv', dec_in=7, des='Exp', devices='0,1,2,3', distil=True, do_predict=False, dropout=0.05, e_layers=2, embed='timeF', embed_type=0, enc_in=8, factor=1, features='M', freq='h', gpu=0, individual=True, is_training=1, itr=1, label_len=48, learning_rate=0.0005, loss='mse', lradj='type1', model='DLinear', model_id='Exchange_336_336', moving_avg=25, n_heads=8, num_workers=0, output_attention=False, patience=5, pred_len=336, root_path='./dataset/', save_pred_values=False, seed=12890, seq_len=336, target='OT', test_flop=False, train_epochs=20, train_only=False, use_amp=False, use_gpu=False, use_multi_gpu=False)
Use CPU
>>>>>>>start training : Exchange_336_336_DLinear_custom_ftM_sl336_ll48_pl336_dm512_nh8_el2_dl1_df2048_fc1_ebtimeF_dtTrue_Exp_0_seed12890>>>>>>>>>>>>>>>>>>>>>>>>>>
train 4640
val 425
test 1182
	iters: 100, epoch: 1 | loss: 0.3688489
	speed: 0.0205s/iter; left time: 57.3865s
Epoch: 1 cost time: 2.931241273880005
Epoch: 1, Steps: 145 | Train Loss: 0.4314834 Vali Loss: 1.3126978 Test Loss: 0.4097352
Validation loss decreased (inf --> 1.312698).  Saving model ...
Updating learning rate to 0.0005
	iters: 100, epoch: 2 | loss: 0.3044956
	speed: 0.0320s/iter; left time: 85.1124s
Epoch: 2 cost time: 2.8875579833984375
Epoch: 2, Steps: 145 | Train Loss: 0.3633269 Vali Loss: 1.2490726 Test Loss: 0.3539095
Validation loss decreased (1.312698 --> 1.249073).  Saving model ...
Updating learning rate to 0.00025
	iters: 100, epoch: 3 | loss: 0.2994208
	speed: 0.0328s/iter; left time: 82.2605s
Epoch: 3 cost time: 2.8446714878082275
Epoch: 3, Steps: 145 | Train Loss: 0.3499282 Vali Loss: 1.4455984 Test Loss: 0.4991182
EarlyStopping counter: 1 out of 5
Updating learning rate to 0.000125
	iters: 100, epoch: 4 | loss: 0.3053546
	speed: 0.0310s/iter; left time: 73.2923s
Epoch: 4 cost time: 2.7907755374908447
Epoch: 4, Steps: 145 | Train Loss: 0.3460898 Vali Loss: 1.2316366 Test Loss: 0.3553856
Validation loss decreased (1.249073 --> 1.231637).  Saving model ...
Updating learning rate to 6.25e-05
	iters: 100, epoch: 5 | loss: 0.3548763
	speed: 0.0287s/iter; left time: 63.7070s
Epoch: 5 cost time: 2.5451457500457764
Epoch: 5, Steps: 145 | Train Loss: 0.3434874 Vali Loss: 1.2604116 Test Loss: 0.3765786
EarlyStopping counter: 1 out of 5
Updating learning rate to 3.125e-05
	iters: 100, epoch: 6 | loss: 0.3561701
	speed: 0.0315s/iter; left time: 65.3009s
Epoch: 6 cost time: 2.9443416595458984
Epoch: 6, Steps: 145 | Train Loss: 0.3424226 Vali Loss: 1.2109208 Test Loss: 0.3602317
Validation loss decreased (1.231637 --> 1.210921).  Saving model ...
Updating learning rate to 1.5625e-05
	iters: 100, epoch: 7 | loss: 0.3105275
	speed: 0.0327s/iter; left time: 63.1295s
Epoch: 7 cost time: 2.7982661724090576
Epoch: 7, Steps: 145 | Train Loss: 0.3418251 Vali Loss: 1.1923773 Test Loss: 0.3522715
Validation loss decreased (1.210921 --> 1.192377).  Saving model ...
Updating learning rate to 7.8125e-06
	iters: 100, epoch: 8 | loss: 0.3409830
	speed: 0.0290s/iter; left time: 51.7893s
Epoch: 8 cost time: 2.700660228729248
Epoch: 8, Steps: 145 | Train Loss: 0.3414965 Vali Loss: 1.2034605 Test Loss: 0.3578703
EarlyStopping counter: 1 out of 5
Updating learning rate to 3.90625e-06
	iters: 100, epoch: 9 | loss: 0.3284570
	speed: 0.0289s/iter; left time: 47.3548s
Epoch: 9 cost time: 2.5248234272003174
Epoch: 9, Steps: 145 | Train Loss: 0.3413398 Vali Loss: 1.2084460 Test Loss: 0.3599109
EarlyStopping counter: 2 out of 5
Updating learning rate to 1.953125e-06
	iters: 100, epoch: 10 | loss: 0.3554437
	speed: 0.0287s/iter; left time: 42.9586s
Epoch: 10 cost time: 2.4926834106445312
Epoch: 10, Steps: 145 | Train Loss: 0.3412529 Vali Loss: 1.2048215 Test Loss: 0.3597659
EarlyStopping counter: 3 out of 5
Updating learning rate to 9.765625e-07
	iters: 100, epoch: 11 | loss: 0.3844475
	speed: 0.0269s/iter; left time: 36.3800s
Epoch: 11 cost time: 2.3375959396362305
Epoch: 11, Steps: 145 | Train Loss: 0.3412108 Vali Loss: 1.2075391 Test Loss: 0.3593823
EarlyStopping counter: 4 out of 5
Updating learning rate to 4.8828125e-07
	iters: 100, epoch: 12 | loss: 0.3295336
	speed: 0.0249s/iter; left time: 29.9721s
Epoch: 12 cost time: 2.204500436782837
Epoch: 12, Steps: 145 | Train Loss: 0.3411880 Vali Loss: 1.2109864 Test Loss: 0.3594443
EarlyStopping counter: 5 out of 5
Early stopping
>>>>>>>testing : Exchange_336_336_DLinear_custom_ftM_sl336_ll48_pl336_dm512_nh8_el2_dl1_df2048_fc1_ebtimeF_dtTrue_Exp_0_seed12890<<<<<<<<<<<<<<<<<<<<<<<<<<<<<<<<<
test 1182
mse:0.3520858883857727, mae:0.4533194601535797
