Args in experiment:
Namespace(activation='gelu', batch_size=32, c_out=7, checkpoints='./checkpoints/', d_ff=2048, d_layers=1, d_model=512, data='custom', data_path='exchange_rate.csv', dec_in=7, des='Exp', devices='0,1,2,3', distil=True, do_predict=False, dropout=0.05, e_layers=2, embed='timeF', embed_type=0, enc_in=8, factor=1, features='M', freq='h', gpu=0, individual=True, is_training=1, itr=1, label_len=48, learning_rate=0.0005, loss='mse', lradj='type1', model='DLinear', model_id='Exchange_336_720', moving_avg=25, n_heads=8, num_workers=0, output_attention=False, patience=5, pred_len=720, root_path='./dataset/', save_pred_values=False, seed=3293, seq_len=336, target='OT', test_flop=False, train_epochs=20, train_only=False, use_amp=False, use_gpu=False, use_multi_gpu=False)
Use CPU
>>>>>>>start training : Exchange_336_720_DLinear_custom_ftM_sl336_ll48_pl720_dm512_nh8_el2_dl1_df2048_fc1_ebtimeF_dtTrue_Exp_0_seed3293>>>>>>>>>>>>>>>>>>>>>>>>>>
train 4256
val 41
test 798
	iters: 100, epoch: 1 | loss: 0.5832236
	speed: 0.0431s/iter; left time: 110.4795s
Epoch: 1 cost time: 5.67974328994751
Epoch: 1, Steps: 133 | Train Loss: 0.5558012 Vali Loss: 4.0969172 Test Loss: 0.9457729
Validation loss decreased (inf --> 4.096917).  Saving model ...
Updating learning rate to 0.0005
	iters: 100, epoch: 2 | loss: 0.5936632
	speed: 0.0549s/iter; left time: 133.2519s
Epoch: 2 cost time: 5.128786563873291
Epoch: 2, Steps: 133 | Train Loss: 0.4955325 Vali Loss: 3.9731317 Test Loss: 0.7796298
Validation loss decreased (4.096917 --> 3.973132).  Saving model ...
Updating learning rate to 0.00025
	iters: 100, epoch: 3 | loss: 0.4609135
	speed: 0.0575s/iter; left time: 132.0413s
Epoch: 3 cost time: 5.571527719497681
Epoch: 3, Steps: 133 | Train Loss: 0.4837874 Vali Loss: 4.3509150 Test Loss: 1.0710789
EarlyStopping counter: 1 out of 5
Updating learning rate to 0.000125
	iters: 100, epoch: 4 | loss: 0.4815449
	speed: 0.0601s/iter; left time: 130.0166s
Epoch: 4 cost time: 5.479880332946777
Epoch: 4, Steps: 133 | Train Loss: 0.4794992 Vali Loss: 4.5271192 Test Loss: 1.1253955
EarlyStopping counter: 2 out of 5
Updating learning rate to 6.25e-05
	iters: 100, epoch: 5 | loss: 0.5330451
	speed: 0.0547s/iter; left time: 110.9020s
Epoch: 5 cost time: 5.266359806060791
Epoch: 5, Steps: 133 | Train Loss: 0.4776590 Vali Loss: 4.4097948 Test Loss: 1.0906292
EarlyStopping counter: 3 out of 5
Updating learning rate to 3.125e-05
	iters: 100, epoch: 6 | loss: 0.5274766
	speed: 0.0588s/iter; left time: 111.4271s
Epoch: 6 cost time: 5.591067552566528
Epoch: 6, Steps: 133 | Train Loss: 0.4765351 Vali Loss: 4.3919830 Test Loss: 1.0450876
EarlyStopping counter: 4 out of 5
Updating learning rate to 1.5625e-05
	iters: 100, epoch: 7 | loss: 0.6173303
	speed: 0.0547s/iter; left time: 96.4899s
Epoch: 7 cost time: 4.910333633422852
Epoch: 7, Steps: 133 | Train Loss: 0.4758270 Vali Loss: 4.3086786 Test Loss: 1.0232297
EarlyStopping counter: 5 out of 5
Early stopping
>>>>>>>testing : Exchange_336_720_DLinear_custom_ftM_sl336_ll48_pl720_dm512_nh8_el2_dl1_df2048_fc1_ebtimeF_dtTrue_Exp_0_seed3293<<<<<<<<<<<<<<<<<<<<<<<<<<<<<<<<<
test 798
mse:0.7797495722770691, mae:0.6789624094963074
