Args in experiment:
Namespace(activation='gelu', batch_size=32, c_out=7, checkpoints='./checkpoints/', d_ff=2048, d_layers=1, d_model=512, data='ETTh1', data_path='ETTh1.csv', dec_in=7, des='Exp', devices='0,1,2,3', distil=True, do_predict=False, dropout=0.05, e_layers=2, embed='timeF', embed_type=0, enc_in=7, factor=1, features='M', freq='h', gpu=0, individual=True, is_training=1, itr=1, label_len=48, learning_rate=0.005, loss='mse', lradj='type1', model='DLinear', model_id='ETTh1_336_336', moving_avg=25, n_heads=8, num_workers=0, output_attention=False, patience=5, pred_len=336, root_path='./dataset/', save_pred_values=False, seed=15227, seq_len=336, target='OT', test_flop=False, train_epochs=20, train_only=False, use_amp=False, use_gpu=False, use_multi_gpu=False)
Use CPU
>>>>>>>start training : ETTh1_336_336_DLinear_ETTh1_ftM_sl336_ll48_pl336_dm512_nh8_el2_dl1_df2048_fc1_ebtimeF_dtTrue_Exp_0_seed15227>>>>>>>>>>>>>>>>>>>>>>>>>>
train 7969
val 2545
test 2545
	iters: 100, epoch: 1 | loss: 0.4811499
	speed: 0.0159s/iter; left time: 77.5405s
	iters: 200, epoch: 1 | loss: 0.4906156
	speed: 0.0173s/iter; left time: 82.5329s
Epoch: 1 cost time: 4.174230337142944
Epoch: 1, Steps: 249 | Train Loss: 0.5577215 Vali Loss: 1.3635356 Test Loss: 0.5441537
Validation loss decreased (inf --> 1.363536).  Saving model ...
Updating learning rate to 0.005
	iters: 100, epoch: 2 | loss: 0.5344280
	speed: 0.0338s/iter; left time: 156.7321s
	iters: 200, epoch: 2 | loss: 0.5762209
	speed: 0.0179s/iter; left time: 81.2265s
Epoch: 2 cost time: 4.29656982421875
Epoch: 2, Steps: 249 | Train Loss: 0.5283311 Vali Loss: 1.3336835 Test Loss: 0.5276297
Validation loss decreased (1.363536 --> 1.333683).  Saving model ...
Updating learning rate to 0.0025
	iters: 100, epoch: 3 | loss: 0.4697070
	speed: 0.0324s/iter; left time: 141.8249s
	iters: 200, epoch: 3 | loss: 0.5163405
	speed: 0.0162s/iter; left time: 69.5355s
Epoch: 3 cost time: 3.9917500019073486
Epoch: 3, Steps: 249 | Train Loss: 0.4668450 Vali Loss: 1.2356764 Test Loss: 0.4895187
Validation loss decreased (1.333683 --> 1.235676).  Saving model ...
Updating learning rate to 0.00125
	iters: 100, epoch: 4 | loss: 0.4674259
	speed: 0.0300s/iter; left time: 123.8643s
	iters: 200, epoch: 4 | loss: 0.3839080
	speed: 0.0162s/iter; left time: 65.3844s
Epoch: 4 cost time: 3.8333518505096436
Epoch: 4, Steps: 249 | Train Loss: 0.4368643 Vali Loss: 1.1817636 Test Loss: 0.4604177
Validation loss decreased (1.235676 --> 1.181764).  Saving model ...
Updating learning rate to 0.000625
	iters: 100, epoch: 5 | loss: 0.4444779
	speed: 0.0337s/iter; left time: 130.8123s
	iters: 200, epoch: 5 | loss: 0.4631239
	speed: 0.0155s/iter; left time: 58.5041s
Epoch: 5 cost time: 3.9685451984405518
Epoch: 5, Steps: 249 | Train Loss: 0.4229116 Vali Loss: 1.1717650 Test Loss: 0.4510464
Validation loss decreased (1.181764 --> 1.171765).  Saving model ...
Updating learning rate to 0.0003125
	iters: 100, epoch: 6 | loss: 0.4085611
	speed: 0.0303s/iter; left time: 110.0754s
	iters: 200, epoch: 6 | loss: 0.4415676
	speed: 0.0175s/iter; left time: 61.9402s
Epoch: 6 cost time: 4.175613641738892
Epoch: 6, Steps: 249 | Train Loss: 0.4150724 Vali Loss: 1.1230109 Test Loss: 0.4506939
Validation loss decreased (1.171765 --> 1.123011).  Saving model ...
Updating learning rate to 0.00015625
	iters: 100, epoch: 7 | loss: 0.4081086
	speed: 0.0347s/iter; left time: 117.5361s
	iters: 200, epoch: 7 | loss: 0.4162463
	speed: 0.0182s/iter; left time: 59.8028s
Epoch: 7 cost time: 4.3342108726501465
Epoch: 7, Steps: 249 | Train Loss: 0.4106292 Vali Loss: 1.1328316 Test Loss: 0.4468674
EarlyStopping counter: 1 out of 5
Updating learning rate to 7.8125e-05
	iters: 100, epoch: 8 | loss: 0.4547608
	speed: 0.0351s/iter; left time: 110.2974s
	iters: 200, epoch: 8 | loss: 0.3733020
	speed: 0.0171s/iter; left time: 51.8490s
Epoch: 8 cost time: 4.163296461105347
Epoch: 8, Steps: 249 | Train Loss: 0.4085021 Vali Loss: 1.1368831 Test Loss: 0.4467883
EarlyStopping counter: 2 out of 5
Updating learning rate to 3.90625e-05
	iters: 100, epoch: 9 | loss: 0.4517966
	speed: 0.0329s/iter; left time: 95.1648s
	iters: 200, epoch: 9 | loss: 0.3468780
	speed: 0.0175s/iter; left time: 48.8484s
Epoch: 9 cost time: 4.264039039611816
Epoch: 9, Steps: 249 | Train Loss: 0.4072846 Vali Loss: 1.1386217 Test Loss: 0.4459356
EarlyStopping counter: 3 out of 5
Updating learning rate to 1.953125e-05
	iters: 100, epoch: 10 | loss: 0.4114424
	speed: 0.0349s/iter; left time: 92.2229s
	iters: 200, epoch: 10 | loss: 0.4151221
	speed: 0.0185s/iter; left time: 46.9203s
Epoch: 10 cost time: 4.373883247375488
Epoch: 10, Steps: 249 | Train Loss: 0.4067141 Vali Loss: 1.1354314 Test Loss: 0.4468660
EarlyStopping counter: 4 out of 5
Updating learning rate to 9.765625e-06
	iters: 100, epoch: 11 | loss: 0.4183045
	speed: 0.0331s/iter; left time: 79.2054s
	iters: 200, epoch: 11 | loss: 0.3683392
	speed: 0.0150s/iter; left time: 34.2765s
Epoch: 11 cost time: 3.891702651977539
Epoch: 11, Steps: 249 | Train Loss: 0.4063984 Vali Loss: 1.1352004 Test Loss: 0.4452633
EarlyStopping counter: 5 out of 5
Early stopping
>>>>>>>testing : ETTh1_336_336_DLinear_ETTh1_ftM_sl336_ll48_pl336_dm512_nh8_el2_dl1_df2048_fc1_ebtimeF_dtTrue_Exp_0_seed15227<<<<<<<<<<<<<<<<<<<<<<<<<<<<<<<<<
test 2545
mse:0.4502541124820709, mae:0.4436839818954468
