Args in experiment:
Namespace(activation='gelu', batch_size=32, c_out=7, checkpoints='./checkpoints/', d_ff=2048, d_layers=1, d_model=512, data='ETTh2', data_path='ETTh2.csv', dec_in=7, des='Exp', devices='0,1,2,3', distil=True, do_predict=False, dropout=0.05, e_layers=2, embed='timeF', embed_type=0, enc_in=7, factor=1, features='M', freq='h', gpu=0, individual=True, is_training=1, itr=1, label_len=48, learning_rate=0.05, loss='mse', lradj='type1', model='DLinear', model_id='ETTh2_336_96', moving_avg=25, n_heads=8, num_workers=0, output_attention=False, patience=5, pred_len=96, root_path='./dataset/', save_pred_values=False, seed=3144, seq_len=336, target='OT', test_flop=False, train_epochs=20, train_only=False, use_amp=False, use_gpu=False, use_multi_gpu=False)
Use CPU
>>>>>>>start training : ETTh2_336_96_DLinear_ETTh2_ftM_sl336_ll48_pl96_dm512_nh8_el2_dl1_df2048_fc1_ebtimeF_dtTrue_Exp_0_seed3144>>>>>>>>>>>>>>>>>>>>>>>>>>
train 8209
val 2785
test 2785
Total number of trainable parameters: 452928
Total number of parameters: 452928
	iters: 100, epoch: 1 | loss: 1.4869219
	speed: 0.0104s/iter; left time: 52.2048s
	iters: 200, epoch: 1 | loss: 2.8327484
	speed: 0.0112s/iter; left time: 54.9923s
Epoch: 1 cost time: 3.022742509841919
Epoch: 1, Steps: 256 | Train Loss: 4.9373915 Vali Loss: 2.3044422 Test Loss: 5.6184306
Validation loss decreased (inf --> 2.304442).  Saving model ...
Updating learning rate to 0.05
	iters: 100, epoch: 2 | loss: 4.9372835
	speed: 0.0298s/iter; left time: 142.0397s
	iters: 200, epoch: 2 | loss: 3.2428839
	speed: 0.0106s/iter; left time: 49.3060s
Epoch: 2 cost time: 2.743412971496582
Epoch: 2, Steps: 256 | Train Loss: 3.3242305 Vali Loss: 6.1133723 Test Loss: 9.6050835
EarlyStopping counter: 1 out of 5
Updating learning rate to 0.025
	iters: 100, epoch: 3 | loss: 0.7243083
	speed: 0.0236s/iter; left time: 106.5934s
	iters: 200, epoch: 3 | loss: 0.6167122
	speed: 0.0116s/iter; left time: 51.3136s
Epoch: 3 cost time: 2.830000162124634
Epoch: 3, Steps: 256 | Train Loss: 0.9457246 Vali Loss: 0.4855719 Test Loss: 0.7969368
Validation loss decreased (2.304442 --> 0.485572).  Saving model ...
Updating learning rate to 0.0125
	iters: 100, epoch: 4 | loss: 0.9036214
	speed: 0.0245s/iter; left time: 104.2646s
	iters: 200, epoch: 4 | loss: 0.4586245
	speed: 0.0100s/iter; left time: 41.6526s
Epoch: 4 cost time: 2.846980571746826
Epoch: 4, Steps: 256 | Train Loss: 0.4812433 Vali Loss: 0.4469643 Test Loss: 0.8917530
Validation loss decreased (0.485572 --> 0.446964).  Saving model ...
Updating learning rate to 0.00625
	iters: 100, epoch: 5 | loss: 0.3887598
	speed: 0.0242s/iter; left time: 96.5466s
	iters: 200, epoch: 5 | loss: 0.2078396
	speed: 0.0103s/iter; left time: 40.0031s
Epoch: 5 cost time: 2.7125155925750732
Epoch: 5, Steps: 256 | Train Loss: 0.4097941 Vali Loss: 0.3468427 Test Loss: 0.6290859
Validation loss decreased (0.446964 --> 0.346843).  Saving model ...
Updating learning rate to 0.003125
	iters: 100, epoch: 6 | loss: 0.3203059
	speed: 0.0241s/iter; left time: 90.2388s
	iters: 200, epoch: 6 | loss: 0.3255243
	speed: 0.0118s/iter; left time: 42.8367s
Epoch: 6 cost time: 2.8492486476898193
Epoch: 6, Steps: 256 | Train Loss: 0.3804047 Vali Loss: 0.2740744 Test Loss: 0.3792804
Validation loss decreased (0.346843 --> 0.274074).  Saving model ...
Updating learning rate to 0.0015625
	iters: 100, epoch: 7 | loss: 0.3466525
	speed: 0.0239s/iter; left time: 83.2979s
	iters: 200, epoch: 7 | loss: 0.5512512
	speed: 0.0110s/iter; left time: 37.2492s
Epoch: 7 cost time: 2.689434289932251
Epoch: 7, Steps: 256 | Train Loss: 0.3665780 Vali Loss: 0.2686967 Test Loss: 0.3825550
Validation loss decreased (0.274074 --> 0.268697).  Saving model ...
Updating learning rate to 0.00078125
	iters: 100, epoch: 8 | loss: 0.2401497
	speed: 0.0237s/iter; left time: 76.5831s
	iters: 200, epoch: 8 | loss: 0.3371880
	speed: 0.0106s/iter; left time: 33.0138s
Epoch: 8 cost time: 2.6791703701019287
Epoch: 8, Steps: 256 | Train Loss: 0.3584355 Vali Loss: 0.3281151 Test Loss: 0.5667293
EarlyStopping counter: 1 out of 5
Updating learning rate to 0.000390625
	iters: 100, epoch: 9 | loss: 0.3980546
	speed: 0.0226s/iter; left time: 67.1836s
	iters: 200, epoch: 9 | loss: 0.5007820
	speed: 0.0107s/iter; left time: 30.6360s
Epoch: 9 cost time: 2.6819238662719727
Epoch: 9, Steps: 256 | Train Loss: 0.3535931 Vali Loss: 0.2621977 Test Loss: 0.3927420
Validation loss decreased (0.268697 --> 0.262198).  Saving model ...
Updating learning rate to 0.0001953125
	iters: 100, epoch: 10 | loss: 0.1815076
	speed: 0.0242s/iter; left time: 65.7467s
	iters: 200, epoch: 10 | loss: 0.4206147
	speed: 0.0102s/iter; left time: 26.7492s
Epoch: 10 cost time: 2.622892379760742
Epoch: 10, Steps: 256 | Train Loss: 0.3503835 Vali Loss: 0.2854674 Test Loss: 0.4496596
EarlyStopping counter: 1 out of 5
Updating learning rate to 9.765625e-05
	iters: 100, epoch: 11 | loss: 0.1801646
	speed: 0.0232s/iter; left time: 57.1490s
	iters: 200, epoch: 11 | loss: 0.3232453
	speed: 0.0114s/iter; left time: 26.8094s
Epoch: 11 cost time: 2.928192615509033
Epoch: 11, Steps: 256 | Train Loss: 0.3484968 Vali Loss: 0.2628697 Test Loss: 0.3714098
EarlyStopping counter: 2 out of 5
Updating learning rate to 4.8828125e-05
	iters: 100, epoch: 12 | loss: 0.5894451
	speed: 0.0233s/iter; left time: 51.3942s
	iters: 200, epoch: 12 | loss: 0.3626520
	speed: 0.0101s/iter; left time: 21.2454s
Epoch: 12 cost time: 2.607509136199951
Epoch: 12, Steps: 256 | Train Loss: 0.3484158 Vali Loss: 0.2770568 Test Loss: 0.4173144
EarlyStopping counter: 3 out of 5
Updating learning rate to 2.44140625e-05
	iters: 100, epoch: 13 | loss: 0.5363137
	speed: 0.0211s/iter; left time: 41.0758s
	iters: 200, epoch: 13 | loss: 0.1741221
	speed: 0.0088s/iter; left time: 16.1953s
Epoch: 13 cost time: 2.2400121688842773
Epoch: 13, Steps: 256 | Train Loss: 0.3477250 Vali Loss: 0.2763044 Test Loss: 0.4181317
EarlyStopping counter: 4 out of 5
Updating learning rate to 1.220703125e-05
	iters: 100, epoch: 14 | loss: 0.1558798
	speed: 0.0177s/iter; left time: 30.0129s
	iters: 200, epoch: 14 | loss: 0.6280280
	speed: 0.0082s/iter; left time: 13.0542s
Epoch: 14 cost time: 2.0062575340270996
Epoch: 14, Steps: 256 | Train Loss: 0.3472119 Vali Loss: 0.2776918 Test Loss: 0.4224097
EarlyStopping counter: 5 out of 5
Early stopping
Total training time: 47.1584 seconds
>>>>>>>testing : ETTh2_336_96_DLinear_ETTh2_ftM_sl336_ll48_pl96_dm512_nh8_el2_dl1_df2048_fc1_ebtimeF_dtTrue_Exp_0_seed3144<<<<<<<<<<<<<<<<<<<<<<<<<<<<<<<<<
test 2785
mse:0.3960447609424591, mae:0.40721648931503296
