Args in experiment:
Namespace(activation='gelu', batch_size=32, c_out=7, checkpoints='./checkpoints/', d_ff=2048, d_layers=1, d_model=512, data='ETTh1', data_path='ETTh1.csv', dec_in=7, des='Exp', devices='0,1,2,3', distil=True, do_predict=False, dropout=0.05, e_layers=2, embed='timeF', embed_type=0, enc_in=7, factor=1, features='M', freq='h', gpu=0, individual=True, is_training=1, itr=1, label_len=48, learning_rate=0.005, loss='mse', lradj='type1', model='DLinear', model_id='ETTh1_336_192', moving_avg=25, n_heads=8, num_workers=0, output_attention=False, patience=5, pred_len=192, root_path='./dataset/', save_pred_values=False, seed=10458, seq_len=336, target='OT', test_flop=False, train_epochs=20, train_only=False, use_amp=False, use_gpu=False, use_multi_gpu=False)
Use CPU
>>>>>>>start training : ETTh1_336_192_DLinear_ETTh1_ftM_sl336_ll48_pl192_dm512_nh8_el2_dl1_df2048_fc1_ebtimeF_dtTrue_Exp_0_seed10458>>>>>>>>>>>>>>>>>>>>>>>>>>
train 8113
val 2689
test 2689
	iters: 100, epoch: 1 | loss: 0.4792191
	speed: 0.0120s/iter; left time: 59.7502s
	iters: 200, epoch: 1 | loss: 0.5311649
	speed: 0.0118s/iter; left time: 57.3143s
Epoch: 1 cost time: 3.0026533603668213
Epoch: 1, Steps: 253 | Train Loss: 0.5057357 Vali Loss: 1.0893866 Test Loss: 0.5221944
Validation loss decreased (inf --> 1.089387).  Saving model ...
Updating learning rate to 0.005
	iters: 100, epoch: 2 | loss: 0.4723308
	speed: 0.0216s/iter; left time: 101.8110s
	iters: 200, epoch: 2 | loss: 0.4115582
	speed: 0.0095s/iter; left time: 43.6425s
Epoch: 2 cost time: 2.320676326751709
Epoch: 2, Steps: 253 | Train Loss: 0.4712423 Vali Loss: 1.1222280 Test Loss: 0.5116715
EarlyStopping counter: 1 out of 5
Updating learning rate to 0.0025
	iters: 100, epoch: 3 | loss: 0.4056272
	speed: 0.0197s/iter; left time: 87.9136s
	iters: 200, epoch: 3 | loss: 0.4070792
	speed: 0.0113s/iter; left time: 49.1740s
Epoch: 3 cost time: 2.691634178161621
Epoch: 3, Steps: 253 | Train Loss: 0.4154873 Vali Loss: 1.0012773 Test Loss: 0.4633079
Validation loss decreased (1.089387 --> 1.001277).  Saving model ...
Updating learning rate to 0.00125
	iters: 100, epoch: 4 | loss: 0.4274713
	speed: 0.0235s/iter; left time: 98.9571s
	iters: 200, epoch: 4 | loss: 0.4290071
	speed: 0.0097s/iter; left time: 39.8036s
Epoch: 4 cost time: 2.5479347705841064
Epoch: 4, Steps: 253 | Train Loss: 0.3875822 Vali Loss: 0.9864582 Test Loss: 0.4273919
Validation loss decreased (1.001277 --> 0.986458).  Saving model ...
Updating learning rate to 0.000625
	iters: 100, epoch: 5 | loss: 0.3671525
	speed: 0.0221s/iter; left time: 87.4439s
	iters: 200, epoch: 5 | loss: 0.4313716
	speed: 0.0123s/iter; left time: 47.1924s
Epoch: 5 cost time: 2.874969959259033
Epoch: 5, Steps: 253 | Train Loss: 0.3738325 Vali Loss: 0.9708881 Test Loss: 0.4242169
Validation loss decreased (0.986458 --> 0.970888).  Saving model ...
Updating learning rate to 0.0003125
	iters: 100, epoch: 6 | loss: 0.3064349
	speed: 0.0250s/iter; left time: 92.4376s
	iters: 200, epoch: 6 | loss: 0.3602485
	speed: 0.0105s/iter; left time: 37.6591s
Epoch: 6 cost time: 2.711665391921997
Epoch: 6, Steps: 253 | Train Loss: 0.3664360 Vali Loss: 0.9584420 Test Loss: 0.4170878
Validation loss decreased (0.970888 --> 0.958442).  Saving model ...
Updating learning rate to 0.00015625
	iters: 100, epoch: 7 | loss: 0.3654194
	speed: 0.0240s/iter; left time: 82.5234s
	iters: 200, epoch: 7 | loss: 0.3633963
	speed: 0.0107s/iter; left time: 35.8441s
Epoch: 7 cost time: 2.83986496925354
Epoch: 7, Steps: 253 | Train Loss: 0.3627774 Vali Loss: 0.9281509 Test Loss: 0.4156201
Validation loss decreased (0.958442 --> 0.928151).  Saving model ...
Updating learning rate to 7.8125e-05
	iters: 100, epoch: 8 | loss: 0.3527280
	speed: 0.0242s/iter; left time: 77.3148s
	iters: 200, epoch: 8 | loss: 0.2749617
	speed: 0.0113s/iter; left time: 34.8563s
Epoch: 8 cost time: 2.834991931915283
Epoch: 8, Steps: 253 | Train Loss: 0.3607185 Vali Loss: 0.9356471 Test Loss: 0.4153161
EarlyStopping counter: 1 out of 5
Updating learning rate to 3.90625e-05
	iters: 100, epoch: 9 | loss: 0.3633587
	speed: 0.0238s/iter; left time: 69.8672s
	iters: 200, epoch: 9 | loss: 0.3572454
	speed: 0.0091s/iter; left time: 25.9076s
Epoch: 9 cost time: 2.4924159049987793
Epoch: 9, Steps: 253 | Train Loss: 0.3598631 Vali Loss: 0.9297272 Test Loss: 0.4153447
EarlyStopping counter: 2 out of 5
Updating learning rate to 1.953125e-05
	iters: 100, epoch: 10 | loss: 0.3039655
	speed: 0.0247s/iter; left time: 66.2332s
	iters: 200, epoch: 10 | loss: 0.3612338
	speed: 0.0108s/iter; left time: 27.8881s
Epoch: 10 cost time: 2.8101913928985596
Epoch: 10, Steps: 253 | Train Loss: 0.3590056 Vali Loss: 0.9330613 Test Loss: 0.4150357
EarlyStopping counter: 3 out of 5
Updating learning rate to 9.765625e-06
	iters: 100, epoch: 11 | loss: 0.4106058
	speed: 0.0249s/iter; left time: 60.5450s
	iters: 200, epoch: 11 | loss: 0.3554552
	speed: 0.0106s/iter; left time: 24.8123s
Epoch: 11 cost time: 2.681857109069824
Epoch: 11, Steps: 253 | Train Loss: 0.3587678 Vali Loss: 0.9317155 Test Loss: 0.4149217
EarlyStopping counter: 4 out of 5
Updating learning rate to 4.8828125e-06
	iters: 100, epoch: 12 | loss: 0.3295840
	speed: 0.0226s/iter; left time: 49.3155s
	iters: 200, epoch: 12 | loss: 0.3594935
	speed: 0.0106s/iter; left time: 22.0337s
Epoch: 12 cost time: 2.684598922729492
Epoch: 12, Steps: 253 | Train Loss: 0.3584615 Vali Loss: 0.9325986 Test Loss: 0.4143954
EarlyStopping counter: 5 out of 5
Early stopping
>>>>>>>testing : ETTh1_336_192_DLinear_ETTh1_ftM_sl336_ll48_pl192_dm512_nh8_el2_dl1_df2048_fc1_ebtimeF_dtTrue_Exp_0_seed10458<<<<<<<<<<<<<<<<<<<<<<<<<<<<<<<<<
test 2689
mse:0.41493940353393555, mae:0.42171353101730347
