Args in experiment:
Namespace(activation='gelu', batch_size=32, c_out=7, checkpoints='./checkpoints/', d_ff=2048, d_layers=1, d_model=512, data='ETTh1', data_path='ETTh1.csv', dec_in=7, des='Exp', devices='0,1,2,3', distil=True, do_predict=False, dropout=0.05, e_layers=2, embed='timeF', embed_type=0, enc_in=7, factor=1, features='M', freq='h', gpu=0, individual=True, is_training=1, itr=1, label_len=48, learning_rate=0.005, loss='mse', lradj='type1', model='DLinear', model_id='ETTh1_336_336', moving_avg=25, n_heads=8, num_workers=0, output_attention=False, patience=5, pred_len=336, root_path='./dataset/', save_pred_values=False, seed=10458, seq_len=336, target='OT', test_flop=False, train_epochs=20, train_only=False, use_amp=False, use_gpu=False, use_multi_gpu=False)
Use CPU
>>>>>>>start training : ETTh1_336_336_DLinear_ETTh1_ftM_sl336_ll48_pl336_dm512_nh8_el2_dl1_df2048_fc1_ebtimeF_dtTrue_Exp_0_seed10458>>>>>>>>>>>>>>>>>>>>>>>>>>
train 7969
val 2545
test 2545
	iters: 100, epoch: 1 | loss: 0.5639755
	speed: 0.0169s/iter; left time: 82.6655s
	iters: 200, epoch: 1 | loss: 0.5271590
	speed: 0.0173s/iter; left time: 82.5323s
Epoch: 1 cost time: 4.190226078033447
Epoch: 1, Steps: 249 | Train Loss: 0.5590181 Vali Loss: 1.3274208 Test Loss: 0.5819282
Validation loss decreased (inf --> 1.327421).  Saving model ...
Updating learning rate to 0.005
	iters: 100, epoch: 2 | loss: 0.4507959
	speed: 0.0323s/iter; left time: 149.4142s
	iters: 200, epoch: 2 | loss: 0.5226130
	speed: 0.0176s/iter; left time: 79.6856s
Epoch: 2 cost time: 4.192574739456177
Epoch: 2, Steps: 249 | Train Loss: 0.5276273 Vali Loss: 1.4015275 Test Loss: 0.5421797
EarlyStopping counter: 1 out of 5
Updating learning rate to 0.0025
	iters: 100, epoch: 3 | loss: 0.5056166
	speed: 0.0335s/iter; left time: 146.6902s
	iters: 200, epoch: 3 | loss: 0.4857461
	speed: 0.0153s/iter; left time: 65.5950s
Epoch: 3 cost time: 4.061740875244141
Epoch: 3, Steps: 249 | Train Loss: 0.4669637 Vali Loss: 1.2331669 Test Loss: 0.4949509
Validation loss decreased (1.327421 --> 1.233167).  Saving model ...
Updating learning rate to 0.00125
	iters: 100, epoch: 4 | loss: 0.4632514
	speed: 0.0344s/iter; left time: 142.1906s
	iters: 200, epoch: 4 | loss: 0.4313750
	speed: 0.0149s/iter; left time: 60.1681s
Epoch: 4 cost time: 3.96775221824646
Epoch: 4, Steps: 249 | Train Loss: 0.4361769 Vali Loss: 1.1749682 Test Loss: 0.4891416
Validation loss decreased (1.233167 --> 1.174968).  Saving model ...
Updating learning rate to 0.000625
	iters: 100, epoch: 5 | loss: 0.4335368
	speed: 0.0341s/iter; left time: 132.5038s
	iters: 200, epoch: 5 | loss: 0.4188756
	speed: 0.0150s/iter; left time: 56.9509s
Epoch: 5 cost time: 4.08057713508606
Epoch: 5, Steps: 249 | Train Loss: 0.4220852 Vali Loss: 1.1843586 Test Loss: 0.4529917
EarlyStopping counter: 1 out of 5
Updating learning rate to 0.0003125
	iters: 100, epoch: 6 | loss: 0.4530012
	speed: 0.0337s/iter; left time: 122.4741s
	iters: 200, epoch: 6 | loss: 0.4058013
	speed: 0.0171s/iter; left time: 60.4712s
Epoch: 6 cost time: 4.163381099700928
Epoch: 6, Steps: 249 | Train Loss: 0.4147301 Vali Loss: 1.1376467 Test Loss: 0.4478435
Validation loss decreased (1.174968 --> 1.137647).  Saving model ...
Updating learning rate to 0.00015625
	iters: 100, epoch: 7 | loss: 0.3926766
	speed: 0.0351s/iter; left time: 118.7638s
	iters: 200, epoch: 7 | loss: 0.4016494
	speed: 0.0174s/iter; left time: 57.3310s
Epoch: 7 cost time: 4.357190370559692
Epoch: 7, Steps: 249 | Train Loss: 0.4107810 Vali Loss: 1.1467686 Test Loss: 0.4475253
EarlyStopping counter: 1 out of 5
Updating learning rate to 7.8125e-05
	iters: 100, epoch: 8 | loss: 0.4428625
	speed: 0.0349s/iter; left time: 109.5249s
	iters: 200, epoch: 8 | loss: 0.4074119
	speed: 0.0170s/iter; left time: 51.6115s
Epoch: 8 cost time: 4.2513957023620605
Epoch: 8, Steps: 249 | Train Loss: 0.4085298 Vali Loss: 1.1343623 Test Loss: 0.4462872
Validation loss decreased (1.137647 --> 1.134362).  Saving model ...
Updating learning rate to 3.90625e-05
	iters: 100, epoch: 9 | loss: 0.4362948
	speed: 0.0355s/iter; left time: 102.6370s
	iters: 200, epoch: 9 | loss: 0.4084162
	speed: 0.0171s/iter; left time: 47.6504s
Epoch: 9 cost time: 4.227681636810303
Epoch: 9, Steps: 249 | Train Loss: 0.4073950 Vali Loss: 1.1410010 Test Loss: 0.4451202
EarlyStopping counter: 1 out of 5
Updating learning rate to 1.953125e-05
	iters: 100, epoch: 10 | loss: 0.4314162
	speed: 0.0332s/iter; left time: 87.6861s
	iters: 200, epoch: 10 | loss: 0.4293985
	speed: 0.0174s/iter; left time: 44.1158s
Epoch: 10 cost time: 4.172876358032227
Epoch: 10, Steps: 249 | Train Loss: 0.4066754 Vali Loss: 1.1390883 Test Loss: 0.4463328
EarlyStopping counter: 2 out of 5
Updating learning rate to 9.765625e-06
	iters: 100, epoch: 11 | loss: 0.4363258
	speed: 0.0312s/iter; left time: 74.6627s
	iters: 200, epoch: 11 | loss: 0.3797126
	speed: 0.0158s/iter; left time: 36.1377s
Epoch: 11 cost time: 3.903477907180786
Epoch: 11, Steps: 249 | Train Loss: 0.4063481 Vali Loss: 1.1384768 Test Loss: 0.4448074
EarlyStopping counter: 3 out of 5
Updating learning rate to 4.8828125e-06
	iters: 100, epoch: 12 | loss: 0.3560101
	speed: 0.0336s/iter; left time: 71.9017s
	iters: 200, epoch: 12 | loss: 0.4355786
	speed: 0.0145s/iter; left time: 29.5918s
Epoch: 12 cost time: 3.7630462646484375
Epoch: 12, Steps: 249 | Train Loss: 0.4061470 Vali Loss: 1.1380099 Test Loss: 0.4452427
EarlyStopping counter: 4 out of 5
Updating learning rate to 2.44140625e-06
	iters: 100, epoch: 13 | loss: 0.3451801
	speed: 0.0304s/iter; left time: 57.6271s
	iters: 200, epoch: 13 | loss: 0.4370798
	speed: 0.0144s/iter; left time: 25.8453s
Epoch: 13 cost time: 3.6261918544769287
Epoch: 13, Steps: 249 | Train Loss: 0.4059839 Vali Loss: 1.1372617 Test Loss: 0.4453064
EarlyStopping counter: 5 out of 5
Early stopping
>>>>>>>testing : ETTh1_336_336_DLinear_ETTh1_ftM_sl336_ll48_pl336_dm512_nh8_el2_dl1_df2048_fc1_ebtimeF_dtTrue_Exp_0_seed10458<<<<<<<<<<<<<<<<<<<<<<<<<<<<<<<<<
test 2545
mse:0.44582298398017883, mae:0.4414730370044708
