Args in experiment:
Namespace(activation='gelu', batch_size=8, c_out=7, checkpoints='./checkpoints/', d_ff=2048, d_layers=1, d_model=512, data='ETTm1', data_path='ETTm1.csv', dec_in=7, des='Exp', devices='0,1,2,3', distil=True, do_predict=False, dropout=0.05, e_layers=2, embed='timeF', embed_type=0, enc_in=7, factor=1, features='M', freq='h', gpu=0, individual=True, is_training=1, itr=1, label_len=48, learning_rate=0.005, loss='mse', lradj='type1', model='DLinear', model_id='ETTm1_336_96', moving_avg=25, n_heads=8, num_workers=0, output_attention=False, patience=5, pred_len=96, root_path='./dataset/', save_pred_values=False, seed=3293, seq_len=336, target='OT', test_flop=False, train_epochs=20, train_only=False, use_amp=False, use_gpu=False, use_multi_gpu=False)
Use CPU
>>>>>>>start training : ETTm1_336_96_DLinear_ETTm1_ftM_sl336_ll48_pl96_dm512_nh8_el2_dl1_df2048_fc1_ebtimeF_dtTrue_Exp_0_seed3293>>>>>>>>>>>>>>>>>>>>>>>>>>
train 34129
val 11425
test 11425
	iters: 100, epoch: 1 | loss: 0.5399777
	speed: 0.0055s/iter; left time: 467.0104s
	iters: 200, epoch: 1 | loss: 0.3955422
	speed: 0.0053s/iter; left time: 449.6070s
	iters: 300, epoch: 1 | loss: 0.7057523
	speed: 0.0052s/iter; left time: 440.4312s
	iters: 400, epoch: 1 | loss: 0.3419638
	speed: 0.0049s/iter; left time: 417.1378s
	iters: 500, epoch: 1 | loss: 0.3839531
	speed: 0.0050s/iter; left time: 421.5583s
	iters: 600, epoch: 1 | loss: 0.5257655
	speed: 0.0051s/iter; left time: 433.5106s
	iters: 700, epoch: 1 | loss: 0.5442150
	speed: 0.0061s/iter; left time: 512.6961s
	iters: 800, epoch: 1 | loss: 0.5722308
	speed: 0.0055s/iter; left time: 460.8082s
	iters: 900, epoch: 1 | loss: 0.3506335
	speed: 0.0042s/iter; left time: 357.9443s
	iters: 1000, epoch: 1 | loss: 0.8338999
	speed: 0.0056s/iter; left time: 473.2255s
	iters: 1100, epoch: 1 | loss: 0.5542132
	speed: 0.0054s/iter; left time: 455.6819s
	iters: 1200, epoch: 1 | loss: 0.5845619
	speed: 0.0058s/iter; left time: 484.7919s
	iters: 1300, epoch: 1 | loss: 0.5009496
	speed: 0.0052s/iter; left time: 438.8028s
	iters: 1400, epoch: 1 | loss: 0.4629573
	speed: 0.0051s/iter; left time: 430.5149s
	iters: 1500, epoch: 1 | loss: 0.4990214
	speed: 0.0058s/iter; left time: 482.1654s
	iters: 1600, epoch: 1 | loss: 0.5482295
	speed: 0.0055s/iter; left time: 459.6748s
	iters: 1700, epoch: 1 | loss: 0.4819172
	speed: 0.0054s/iter; left time: 450.0818s
	iters: 1800, epoch: 1 | loss: 0.4367900
	speed: 0.0050s/iter; left time: 415.1442s
	iters: 1900, epoch: 1 | loss: 0.8244913
	speed: 0.0047s/iter; left time: 392.3037s
	iters: 2000, epoch: 1 | loss: 0.9392568
	speed: 0.0051s/iter; left time: 427.4375s
	iters: 2100, epoch: 1 | loss: 0.7742712
	speed: 0.0063s/iter; left time: 522.0317s
	iters: 2200, epoch: 1 | loss: 0.4012496
	speed: 0.0063s/iter; left time: 523.8711s
	iters: 2300, epoch: 1 | loss: 0.3974785
	speed: 0.0058s/iter; left time: 484.8782s
	iters: 2400, epoch: 1 | loss: 0.6586827
	speed: 0.0053s/iter; left time: 439.6422s
	iters: 2500, epoch: 1 | loss: 0.4515806
	speed: 0.0053s/iter; left time: 434.8105s
	iters: 2600, epoch: 1 | loss: 0.6328463
	speed: 0.0053s/iter; left time: 442.0113s
	iters: 2700, epoch: 1 | loss: 0.4761073
	speed: 0.0057s/iter; left time: 471.7662s
	iters: 2800, epoch: 1 | loss: 0.4594286
	speed: 0.0060s/iter; left time: 494.4985s
	iters: 2900, epoch: 1 | loss: 0.5682100
	speed: 0.0063s/iter; left time: 518.4288s
	iters: 3000, epoch: 1 | loss: 0.4476142
	speed: 0.0059s/iter; left time: 484.4161s
	iters: 3100, epoch: 1 | loss: 0.4197329
	speed: 0.0062s/iter; left time: 511.5377s
	iters: 3200, epoch: 1 | loss: 0.2763830
	speed: 0.0060s/iter; left time: 488.6204s
	iters: 3300, epoch: 1 | loss: 0.5384477
	speed: 0.0053s/iter; left time: 435.8122s
	iters: 3400, epoch: 1 | loss: 0.4223943
	speed: 0.0055s/iter; left time: 449.6336s
	iters: 3500, epoch: 1 | loss: 0.3590504
	speed: 0.0060s/iter; left time: 493.6234s
	iters: 3600, epoch: 1 | loss: 0.5583224
	speed: 0.0064s/iter; left time: 520.7598s
	iters: 3700, epoch: 1 | loss: 0.3881823
	speed: 0.0064s/iter; left time: 519.7748s
	iters: 3800, epoch: 1 | loss: 0.3356980
	speed: 0.0060s/iter; left time: 492.8406s
	iters: 3900, epoch: 1 | loss: 0.8411927
	speed: 0.0064s/iter; left time: 519.4660s
	iters: 4000, epoch: 1 | loss: 0.5246423
	speed: 0.0058s/iter; left time: 470.2949s
	iters: 4100, epoch: 1 | loss: 0.3838950
	speed: 0.0058s/iter; left time: 469.7189s
	iters: 4200, epoch: 1 | loss: 0.4506114
	speed: 0.0061s/iter; left time: 495.6873s
Epoch: 1 cost time: 23.935649394989014
Epoch: 1, Steps: 4266 | Train Loss: 0.4789991 Vali Loss: 0.6012308 Test Loss: 0.5081967
Validation loss decreased (inf --> 0.601231).  Saving model ...
Updating learning rate to 0.005
	iters: 100, epoch: 2 | loss: 0.3737119
	speed: 0.0470s/iter; left time: 3804.8322s
	iters: 200, epoch: 2 | loss: 0.5459971
	speed: 0.0052s/iter; left time: 419.6784s
	iters: 300, epoch: 2 | loss: 0.4644648
	speed: 0.0048s/iter; left time: 389.4870s
	iters: 400, epoch: 2 | loss: 0.4757788
	speed: 0.0047s/iter; left time: 375.8510s
	iters: 500, epoch: 2 | loss: 0.5520529
	speed: 0.0053s/iter; left time: 423.9077s
	iters: 600, epoch: 2 | loss: 0.4441964
	speed: 0.0063s/iter; left time: 510.2305s
	iters: 700, epoch: 2 | loss: 0.7182842
	speed: 0.0066s/iter; left time: 532.7999s
	iters: 800, epoch: 2 | loss: 0.3662263
	speed: 0.0058s/iter; left time: 463.2073s
	iters: 900, epoch: 2 | loss: 0.7199754
	speed: 0.0049s/iter; left time: 394.3610s
	iters: 1000, epoch: 2 | loss: 0.4438720
	speed: 0.0054s/iter; left time: 429.3712s
	iters: 1100, epoch: 2 | loss: 0.3896562
	speed: 0.0051s/iter; left time: 408.5698s
	iters: 1200, epoch: 2 | loss: 0.7229887
	speed: 0.0057s/iter; left time: 454.3913s
	iters: 1300, epoch: 2 | loss: 0.3606466
	speed: 0.0059s/iter; left time: 466.8014s
	iters: 1400, epoch: 2 | loss: 0.6106271
	speed: 0.0059s/iter; left time: 469.1659s
	iters: 1500, epoch: 2 | loss: 0.4368348
	speed: 0.0047s/iter; left time: 370.8580s
	iters: 1600, epoch: 2 | loss: 0.5570748
	speed: 0.0053s/iter; left time: 424.2887s
	iters: 1700, epoch: 2 | loss: 0.5278596
	speed: 0.0056s/iter; left time: 447.7784s
	iters: 1800, epoch: 2 | loss: 0.5230201
	speed: 0.0063s/iter; left time: 496.9835s
	iters: 1900, epoch: 2 | loss: 0.3068539
	speed: 0.0059s/iter; left time: 466.4907s
	iters: 2000, epoch: 2 | loss: 0.4203899
	speed: 0.0062s/iter; left time: 487.1382s
	iters: 2100, epoch: 2 | loss: 0.4603941
	speed: 0.0062s/iter; left time: 491.8907s
	iters: 2200, epoch: 2 | loss: 0.3967909
	speed: 0.0060s/iter; left time: 476.4948s
	iters: 2300, epoch: 2 | loss: 0.4943282
	speed: 0.0064s/iter; left time: 503.2448s
	iters: 2400, epoch: 2 | loss: 0.5570344
	speed: 0.0061s/iter; left time: 480.7820s
	iters: 2500, epoch: 2 | loss: 0.4828741
	speed: 0.0063s/iter; left time: 495.8347s
	iters: 2600, epoch: 2 | loss: 0.5533696
	speed: 0.0064s/iter; left time: 499.8044s
	iters: 2700, epoch: 2 | loss: 0.3234985
	speed: 0.0058s/iter; left time: 452.2628s
	iters: 2800, epoch: 2 | loss: 0.4415911
	speed: 0.0058s/iter; left time: 456.2667s
	iters: 2900, epoch: 2 | loss: 0.3836752
	speed: 0.0060s/iter; left time: 470.7160s
	iters: 3000, epoch: 2 | loss: 0.4830599
	speed: 0.0063s/iter; left time: 491.0997s
	iters: 3100, epoch: 2 | loss: 0.3246796
	speed: 0.0061s/iter; left time: 478.6794s
	iters: 3200, epoch: 2 | loss: 0.5453030
	speed: 0.0056s/iter; left time: 438.5252s
	iters: 3300, epoch: 2 | loss: 0.6894628
	speed: 0.0057s/iter; left time: 442.4478s
	iters: 3400, epoch: 2 | loss: 0.3941350
	speed: 0.0057s/iter; left time: 439.7048s
	iters: 3500, epoch: 2 | loss: 0.3636090
	speed: 0.0056s/iter; left time: 437.5708s
	iters: 3600, epoch: 2 | loss: 0.4813723
	speed: 0.0056s/iter; left time: 434.5224s
	iters: 3700, epoch: 2 | loss: 0.3978460
	speed: 0.0058s/iter; left time: 451.9925s
	iters: 3800, epoch: 2 | loss: 0.5773256
	speed: 0.0061s/iter; left time: 468.2043s
	iters: 3900, epoch: 2 | loss: 0.6725449
	speed: 0.0054s/iter; left time: 419.1948s
	iters: 4000, epoch: 2 | loss: 0.4731230
	speed: 0.0051s/iter; left time: 395.3278s
	iters: 4100, epoch: 2 | loss: 0.5361432
	speed: 0.0051s/iter; left time: 394.9129s
	iters: 4200, epoch: 2 | loss: 0.4414894
	speed: 0.0049s/iter; left time: 374.2838s
Epoch: 2 cost time: 24.255794525146484
Epoch: 2, Steps: 4266 | Train Loss: 0.4762531 Vali Loss: 0.7040690 Test Loss: 0.4954126
EarlyStopping counter: 1 out of 5
Updating learning rate to 0.0025
	iters: 100, epoch: 3 | loss: 0.3553870
	speed: 0.0450s/iter; left time: 3450.6735s
	iters: 200, epoch: 3 | loss: 0.4057672
	speed: 0.0046s/iter; left time: 354.6069s
	iters: 300, epoch: 3 | loss: 0.3261736
	speed: 0.0045s/iter; left time: 343.5779s
	iters: 400, epoch: 3 | loss: 0.2338397
	speed: 0.0049s/iter; left time: 372.8180s
	iters: 500, epoch: 3 | loss: 0.3691089
	speed: 0.0052s/iter; left time: 393.7866s
	iters: 600, epoch: 3 | loss: 0.2978885
	speed: 0.0053s/iter; left time: 401.5173s
	iters: 700, epoch: 3 | loss: 0.2978564
	speed: 0.0056s/iter; left time: 424.0747s
	iters: 800, epoch: 3 | loss: 0.4206668
	speed: 0.0065s/iter; left time: 490.8889s
	iters: 900, epoch: 3 | loss: 0.4303048
	speed: 0.0062s/iter; left time: 471.4491s
	iters: 1000, epoch: 3 | loss: 0.3113466
	speed: 0.0063s/iter; left time: 480.6550s
	iters: 1100, epoch: 3 | loss: 0.3458888
	speed: 0.0059s/iter; left time: 445.0923s
	iters: 1200, epoch: 3 | loss: 0.2780059
	speed: 0.0061s/iter; left time: 462.7440s
	iters: 1300, epoch: 3 | loss: 0.3419916
	speed: 0.0056s/iter; left time: 422.0217s
	iters: 1400, epoch: 3 | loss: 0.2222663
	speed: 0.0060s/iter; left time: 454.0869s
	iters: 1500, epoch: 3 | loss: 0.2748512
	speed: 0.0064s/iter; left time: 481.8981s
	iters: 1600, epoch: 3 | loss: 0.3968481
	speed: 0.0055s/iter; left time: 415.7939s
	iters: 1700, epoch: 3 | loss: 0.2426238
	speed: 0.0050s/iter; left time: 374.8752s
	iters: 1800, epoch: 3 | loss: 0.4318230
	speed: 0.0061s/iter; left time: 455.7867s
	iters: 1900, epoch: 3 | loss: 0.2923869
	speed: 0.0055s/iter; left time: 408.2981s
	iters: 2000, epoch: 3 | loss: 0.3549827
	speed: 0.0060s/iter; left time: 445.1709s
	iters: 2100, epoch: 3 | loss: 0.2627637
	speed: 0.0058s/iter; left time: 431.7019s
	iters: 2200, epoch: 3 | loss: 0.2635874
	speed: 0.0057s/iter; left time: 428.2667s
	iters: 2300, epoch: 3 | loss: 0.2989748
	speed: 0.0049s/iter; left time: 368.0065s
	iters: 2400, epoch: 3 | loss: 0.4004382
	speed: 0.0049s/iter; left time: 367.5607s
	iters: 2500, epoch: 3 | loss: 0.3245591
	speed: 0.0054s/iter; left time: 401.9351s
	iters: 2600, epoch: 3 | loss: 0.2911998
	speed: 0.0055s/iter; left time: 404.5365s
	iters: 2700, epoch: 3 | loss: 0.4337853
	speed: 0.0059s/iter; left time: 434.1619s
	iters: 2800, epoch: 3 | loss: 0.3772686
	speed: 0.0056s/iter; left time: 410.8085s
	iters: 2900, epoch: 3 | loss: 0.3660015
	speed: 0.0043s/iter; left time: 315.5052s
	iters: 3000, epoch: 3 | loss: 0.3678455
	speed: 0.0050s/iter; left time: 370.5609s
	iters: 3100, epoch: 3 | loss: 0.3208212
	speed: 0.0058s/iter; left time: 425.9616s
	iters: 3200, epoch: 3 | loss: 0.3427782
	speed: 0.0058s/iter; left time: 428.4173s
	iters: 3300, epoch: 3 | loss: 0.3169440
	speed: 0.0053s/iter; left time: 386.0866s
	iters: 3400, epoch: 3 | loss: 0.2435465
	speed: 0.0054s/iter; left time: 395.5671s
	iters: 3500, epoch: 3 | loss: 0.3890762
	speed: 0.0065s/iter; left time: 478.0099s
	iters: 3600, epoch: 3 | loss: 0.3372739
	speed: 0.0062s/iter; left time: 454.5044s
	iters: 3700, epoch: 3 | loss: 0.2409295
	speed: 0.0062s/iter; left time: 455.4704s
	iters: 3800, epoch: 3 | loss: 0.2746300
	speed: 0.0046s/iter; left time: 336.5130s
	iters: 3900, epoch: 3 | loss: 0.3213395
	speed: 0.0050s/iter; left time: 361.7288s
	iters: 4000, epoch: 3 | loss: 0.3857312
	speed: 0.0052s/iter; left time: 380.7233s
	iters: 4100, epoch: 3 | loss: 0.3266783
	speed: 0.0058s/iter; left time: 422.5062s
	iters: 4200, epoch: 3 | loss: 0.4495662
	speed: 0.0058s/iter; left time: 422.4554s
Epoch: 3 cost time: 23.790310859680176
Epoch: 3, Steps: 4266 | Train Loss: 0.3405891 Vali Loss: 0.7415579 Test Loss: 0.4165930
EarlyStopping counter: 2 out of 5
Updating learning rate to 0.00125
	iters: 100, epoch: 4 | loss: 0.3929696
	speed: 0.0393s/iter; left time: 2847.7022s
	iters: 200, epoch: 4 | loss: 0.2791861
	speed: 0.0048s/iter; left time: 348.6152s
	iters: 300, epoch: 4 | loss: 0.2788649
	speed: 0.0044s/iter; left time: 320.6724s
	iters: 400, epoch: 4 | loss: 0.2938175
	speed: 0.0052s/iter; left time: 378.1104s
	iters: 500, epoch: 4 | loss: 0.3234563
	speed: 0.0051s/iter; left time: 370.2164s
	iters: 600, epoch: 4 | loss: 0.2856435
	speed: 0.0050s/iter; left time: 356.8626s
	iters: 700, epoch: 4 | loss: 0.2118113
	speed: 0.0054s/iter; left time: 390.2191s
	iters: 800, epoch: 4 | loss: 0.2788475
	speed: 0.0050s/iter; left time: 356.5184s
	iters: 900, epoch: 4 | loss: 0.2151807
	speed: 0.0053s/iter; left time: 377.6714s
	iters: 1000, epoch: 4 | loss: 0.3622721
	speed: 0.0060s/iter; left time: 426.1341s
	iters: 1100, epoch: 4 | loss: 0.2545446
	speed: 0.0055s/iter; left time: 395.8184s
	iters: 1200, epoch: 4 | loss: 0.2166706
	speed: 0.0062s/iter; left time: 441.5213s
	iters: 1300, epoch: 4 | loss: 0.3031071
	speed: 0.0056s/iter; left time: 401.0556s
	iters: 1400, epoch: 4 | loss: 0.2470781
	speed: 0.0046s/iter; left time: 325.0326s
	iters: 1500, epoch: 4 | loss: 0.3355024
	speed: 0.0052s/iter; left time: 370.8937s
	iters: 1600, epoch: 4 | loss: 0.2231221
	speed: 0.0064s/iter; left time: 453.3379s
	iters: 1700, epoch: 4 | loss: 0.3435756
	speed: 0.0057s/iter; left time: 400.1833s
	iters: 1800, epoch: 4 | loss: 0.1836228
	speed: 0.0052s/iter; left time: 370.8156s
	iters: 1900, epoch: 4 | loss: 0.2333561
	speed: 0.0056s/iter; left time: 392.1528s
	iters: 2000, epoch: 4 | loss: 0.3266315
	speed: 0.0049s/iter; left time: 342.2189s
	iters: 2100, epoch: 4 | loss: 0.2336304
	speed: 0.0056s/iter; left time: 393.6646s
	iters: 2200, epoch: 4 | loss: 0.2354496
	speed: 0.0062s/iter; left time: 438.9355s
	iters: 2300, epoch: 4 | loss: 0.2640657
	speed: 0.0051s/iter; left time: 356.7306s
	iters: 2400, epoch: 4 | loss: 0.4017622
	speed: 0.0047s/iter; left time: 331.2165s
	iters: 2500, epoch: 4 | loss: 0.3343034
	speed: 0.0049s/iter; left time: 343.1491s
	iters: 2600, epoch: 4 | loss: 0.2225754
	speed: 0.0060s/iter; left time: 416.8949s
	iters: 2700, epoch: 4 | loss: 0.2495117
	speed: 0.0051s/iter; left time: 354.6999s
	iters: 2800, epoch: 4 | loss: 0.2963870
	speed: 0.0053s/iter; left time: 368.3104s
	iters: 2900, epoch: 4 | loss: 0.2628260
	speed: 0.0060s/iter; left time: 415.7845s
	iters: 3000, epoch: 4 | loss: 0.3717383
	speed: 0.0056s/iter; left time: 391.4327s
	iters: 3100, epoch: 4 | loss: 0.3939220
	speed: 0.0053s/iter; left time: 366.0045s
	iters: 3200, epoch: 4 | loss: 0.3515332
	speed: 0.0066s/iter; left time: 460.3396s
	iters: 3300, epoch: 4 | loss: 0.2556760
	speed: 0.0059s/iter; left time: 408.5596s
	iters: 3400, epoch: 4 | loss: 0.1913047
	speed: 0.0053s/iter; left time: 367.7334s
	iters: 3500, epoch: 4 | loss: 0.2899019
	speed: 0.0051s/iter; left time: 353.5571s
	iters: 3600, epoch: 4 | loss: 0.2781243
	speed: 0.0056s/iter; left time: 387.3470s
	iters: 3700, epoch: 4 | loss: 0.2923631
	speed: 0.0058s/iter; left time: 399.4073s
	iters: 3800, epoch: 4 | loss: 0.2599868
	speed: 0.0054s/iter; left time: 372.6886s
	iters: 3900, epoch: 4 | loss: 0.2382449
	speed: 0.0057s/iter; left time: 390.4647s
	iters: 4000, epoch: 4 | loss: 0.5448262
	speed: 0.0060s/iter; left time: 414.0613s
	iters: 4100, epoch: 4 | loss: 0.3367614
	speed: 0.0053s/iter; left time: 361.2753s
	iters: 4200, epoch: 4 | loss: 0.2741377
	speed: 0.0050s/iter; left time: 343.8571s
Epoch: 4 cost time: 23.053964614868164
Epoch: 4, Steps: 4266 | Train Loss: 0.2917417 Vali Loss: 0.5281335 Test Loss: 0.3452584
Validation loss decreased (0.601231 --> 0.528134).  Saving model ...
Updating learning rate to 0.000625
	iters: 100, epoch: 5 | loss: 0.2260516
	speed: 0.0404s/iter; left time: 2752.7881s
	iters: 200, epoch: 5 | loss: 0.3071822
	speed: 0.0049s/iter; left time: 333.4793s
	iters: 300, epoch: 5 | loss: 0.2201864
	speed: 0.0053s/iter; left time: 358.2915s
	iters: 400, epoch: 5 | loss: 0.1929896
	speed: 0.0050s/iter; left time: 337.9647s
	iters: 500, epoch: 5 | loss: 0.3015744
	speed: 0.0048s/iter; left time: 327.4560s
	iters: 600, epoch: 5 | loss: 0.2475599
	speed: 0.0050s/iter; left time: 336.2546s
	iters: 700, epoch: 5 | loss: 0.3247346
	speed: 0.0054s/iter; left time: 361.5758s
	iters: 800, epoch: 5 | loss: 0.2318019
	speed: 0.0051s/iter; left time: 344.7038s
	iters: 900, epoch: 5 | loss: 0.2529349
	speed: 0.0057s/iter; left time: 385.4846s
	iters: 1000, epoch: 5 | loss: 0.2013898
	speed: 0.0060s/iter; left time: 403.7502s
	iters: 1100, epoch: 5 | loss: 0.2884887
	speed: 0.0049s/iter; left time: 325.7428s
	iters: 1200, epoch: 5 | loss: 0.2868391
	speed: 0.0054s/iter; left time: 364.6819s
	iters: 1300, epoch: 5 | loss: 0.2339208
	speed: 0.0057s/iter; left time: 380.9858s
	iters: 1400, epoch: 5 | loss: 0.2698032
	speed: 0.0053s/iter; left time: 353.2328s
	iters: 1500, epoch: 5 | loss: 0.3268409
	speed: 0.0051s/iter; left time: 342.4625s
	iters: 1600, epoch: 5 | loss: 0.2465262
	speed: 0.0051s/iter; left time: 337.4046s
	iters: 1700, epoch: 5 | loss: 0.2889957
	speed: 0.0050s/iter; left time: 333.4804s
	iters: 1800, epoch: 5 | loss: 0.2178257
	speed: 0.0058s/iter; left time: 382.2404s
	iters: 1900, epoch: 5 | loss: 0.3275940
	speed: 0.0061s/iter; left time: 402.8231s
	iters: 2000, epoch: 5 | loss: 0.3740705
	speed: 0.0065s/iter; left time: 428.1958s
	iters: 2100, epoch: 5 | loss: 0.2431728
	speed: 0.0065s/iter; left time: 430.8427s
	iters: 2200, epoch: 5 | loss: 0.2477828
	speed: 0.0062s/iter; left time: 409.5554s
	iters: 2300, epoch: 5 | loss: 0.1584098
	speed: 0.0053s/iter; left time: 350.3343s
	iters: 2400, epoch: 5 | loss: 0.2485123
	speed: 0.0049s/iter; left time: 325.3610s
	iters: 2500, epoch: 5 | loss: 0.1640090
	speed: 0.0051s/iter; left time: 337.4534s
	iters: 2600, epoch: 5 | loss: 0.2411716
	speed: 0.0056s/iter; left time: 369.0248s
	iters: 2700, epoch: 5 | loss: 0.2863038
	speed: 0.0054s/iter; left time: 356.1853s
	iters: 2800, epoch: 5 | loss: 0.3400622
	speed: 0.0055s/iter; left time: 359.3582s
	iters: 2900, epoch: 5 | loss: 0.2656928
	speed: 0.0061s/iter; left time: 398.2435s
	iters: 3000, epoch: 5 | loss: 0.3675087
	speed: 0.0050s/iter; left time: 326.4509s
	iters: 3100, epoch: 5 | loss: 0.2165632
	speed: 0.0055s/iter; left time: 355.7839s
	iters: 3200, epoch: 5 | loss: 0.2285674
	speed: 0.0054s/iter; left time: 353.4760s
	iters: 3300, epoch: 5 | loss: 0.3619940
	speed: 0.0046s/iter; left time: 299.4508s
	iters: 3400, epoch: 5 | loss: 0.2836150
	speed: 0.0043s/iter; left time: 281.0200s
	iters: 3500, epoch: 5 | loss: 0.1666074
	speed: 0.0044s/iter; left time: 284.2845s
	iters: 3600, epoch: 5 | loss: 0.2287029
	speed: 0.0045s/iter; left time: 292.8944s
	iters: 3700, epoch: 5 | loss: 0.1670132
	speed: 0.0050s/iter; left time: 319.7071s
	iters: 3800, epoch: 5 | loss: 0.2374544
	speed: 0.0042s/iter; left time: 268.7862s
	iters: 3900, epoch: 5 | loss: 0.4647943
	speed: 0.0053s/iter; left time: 343.6544s
	iters: 4000, epoch: 5 | loss: 0.2118603
	speed: 0.0052s/iter; left time: 332.8850s
	iters: 4100, epoch: 5 | loss: 0.2346843
	speed: 0.0050s/iter; left time: 323.4825s
	iters: 4200, epoch: 5 | loss: 0.2027460
	speed: 0.0046s/iter; left time: 297.8648s
Epoch: 5 cost time: 22.391499757766724
Epoch: 5, Steps: 4266 | Train Loss: 0.2688445 Vali Loss: 0.4035167 Test Loss: 0.3070507
Validation loss decreased (0.528134 --> 0.403517).  Saving model ...
Updating learning rate to 0.0003125
	iters: 100, epoch: 6 | loss: 0.2798162
	speed: 0.0417s/iter; left time: 2664.4924s
	iters: 200, epoch: 6 | loss: 0.2175787
	speed: 0.0056s/iter; left time: 357.2571s
	iters: 300, epoch: 6 | loss: 0.2266513
	speed: 0.0058s/iter; left time: 368.2599s
	iters: 400, epoch: 6 | loss: 0.2112801
	speed: 0.0058s/iter; left time: 369.5003s
	iters: 500, epoch: 6 | loss: 0.2397705
	speed: 0.0060s/iter; left time: 378.5896s
	iters: 600, epoch: 6 | loss: 0.2714055
	speed: 0.0059s/iter; left time: 375.3098s
	iters: 700, epoch: 6 | loss: 0.2509620
	speed: 0.0062s/iter; left time: 393.8727s
	iters: 800, epoch: 6 | loss: 0.1959566
	speed: 0.0058s/iter; left time: 367.9062s
	iters: 900, epoch: 6 | loss: 0.2392976
	speed: 0.0057s/iter; left time: 361.4106s
	iters: 1000, epoch: 6 | loss: 0.2289570
	speed: 0.0060s/iter; left time: 378.7398s
	iters: 1100, epoch: 6 | loss: 0.3176074
	speed: 0.0061s/iter; left time: 382.4023s
	iters: 1200, epoch: 6 | loss: 0.1544869
	speed: 0.0054s/iter; left time: 339.7997s
	iters: 1300, epoch: 6 | loss: 0.2464489
	speed: 0.0054s/iter; left time: 338.0752s
	iters: 1400, epoch: 6 | loss: 0.1940387
	speed: 0.0052s/iter; left time: 326.7258s
	iters: 1500, epoch: 6 | loss: 0.2223088
	speed: 0.0046s/iter; left time: 285.1375s
	iters: 1600, epoch: 6 | loss: 0.2077231
	speed: 0.0053s/iter; left time: 331.3260s
	iters: 1700, epoch: 6 | loss: 0.3521585
	speed: 0.0059s/iter; left time: 365.1570s
	iters: 1800, epoch: 6 | loss: 0.1640719
	speed: 0.0061s/iter; left time: 376.2845s
	iters: 1900, epoch: 6 | loss: 0.1980543
	speed: 0.0066s/iter; left time: 409.3750s
	iters: 2000, epoch: 6 | loss: 0.2616339
	speed: 0.0062s/iter; left time: 381.9763s
	iters: 2100, epoch: 6 | loss: 0.1667080
	speed: 0.0054s/iter; left time: 331.7555s
	iters: 2200, epoch: 6 | loss: 0.1904268
	speed: 0.0047s/iter; left time: 287.6591s
	iters: 2300, epoch: 6 | loss: 0.3009516
	speed: 0.0050s/iter; left time: 306.6360s
	iters: 2400, epoch: 6 | loss: 0.3103192
	speed: 0.0052s/iter; left time: 319.1924s
	iters: 2500, epoch: 6 | loss: 0.1615023
	speed: 0.0050s/iter; left time: 310.0168s
	iters: 2600, epoch: 6 | loss: 0.4582333
	speed: 0.0054s/iter; left time: 329.5991s
	iters: 2700, epoch: 6 | loss: 0.2191374
	speed: 0.0063s/iter; left time: 386.6336s
	iters: 2800, epoch: 6 | loss: 0.1668890
	speed: 0.0060s/iter; left time: 364.2348s
	iters: 2900, epoch: 6 | loss: 0.2150508
	speed: 0.0058s/iter; left time: 352.4952s
	iters: 3000, epoch: 6 | loss: 0.1871542
	speed: 0.0061s/iter; left time: 373.3722s
	iters: 3100, epoch: 6 | loss: 0.2477766
	speed: 0.0061s/iter; left time: 373.4295s
	iters: 3200, epoch: 6 | loss: 0.2587434
	speed: 0.0063s/iter; left time: 379.9452s
	iters: 3300, epoch: 6 | loss: 0.2071765
	speed: 0.0060s/iter; left time: 366.7392s
	iters: 3400, epoch: 6 | loss: 0.2679866
	speed: 0.0059s/iter; left time: 354.4577s
	iters: 3500, epoch: 6 | loss: 0.2117238
	speed: 0.0058s/iter; left time: 349.6338s
	iters: 3600, epoch: 6 | loss: 0.1699988
	speed: 0.0057s/iter; left time: 343.1337s
	iters: 3700, epoch: 6 | loss: 0.1790873
	speed: 0.0057s/iter; left time: 344.8989s
	iters: 3800, epoch: 6 | loss: 0.2397895
	speed: 0.0056s/iter; left time: 337.2124s
	iters: 3900, epoch: 6 | loss: 0.3146028
	speed: 0.0059s/iter; left time: 351.5328s
	iters: 4000, epoch: 6 | loss: 0.2542391
	speed: 0.0058s/iter; left time: 346.3011s
	iters: 4100, epoch: 6 | loss: 0.2889407
	speed: 0.0058s/iter; left time: 344.9730s
	iters: 4200, epoch: 6 | loss: 0.2007970
	speed: 0.0059s/iter; left time: 353.5118s
Epoch: 6 cost time: 24.397785663604736
Epoch: 6, Steps: 4266 | Train Loss: 0.2573609 Vali Loss: 0.3807379 Test Loss: 0.2958139
Validation loss decreased (0.403517 --> 0.380738).  Saving model ...
Updating learning rate to 0.00015625
	iters: 100, epoch: 7 | loss: 0.1677476
	speed: 0.0438s/iter; left time: 2608.6819s
	iters: 200, epoch: 7 | loss: 0.1564044
	speed: 0.0054s/iter; left time: 319.7928s
	iters: 300, epoch: 7 | loss: 0.2294619
	speed: 0.0056s/iter; left time: 332.9420s
	iters: 400, epoch: 7 | loss: 0.4040933
	speed: 0.0062s/iter; left time: 370.1218s
	iters: 500, epoch: 7 | loss: 0.2173031
	speed: 0.0061s/iter; left time: 358.4355s
	iters: 600, epoch: 7 | loss: 0.3979689
	speed: 0.0057s/iter; left time: 334.6476s
	iters: 700, epoch: 7 | loss: 0.1551282
	speed: 0.0059s/iter; left time: 345.9975s
	iters: 800, epoch: 7 | loss: 0.2345806
	speed: 0.0052s/iter; left time: 305.2573s
	iters: 900, epoch: 7 | loss: 0.2481538
	speed: 0.0053s/iter; left time: 309.0354s
	iters: 1000, epoch: 7 | loss: 0.2270444
	speed: 0.0055s/iter; left time: 323.0065s
	iters: 1100, epoch: 7 | loss: 0.1735949
	speed: 0.0055s/iter; left time: 324.3058s
	iters: 1200, epoch: 7 | loss: 0.4105800
	speed: 0.0052s/iter; left time: 304.4253s
	iters: 1300, epoch: 7 | loss: 0.1887260
	speed: 0.0049s/iter; left time: 287.4727s
	iters: 1400, epoch: 7 | loss: 0.1569737
	speed: 0.0056s/iter; left time: 324.4005s
	iters: 1500, epoch: 7 | loss: 0.3134204
	speed: 0.0053s/iter; left time: 308.0416s
	iters: 1600, epoch: 7 | loss: 0.2634620
	speed: 0.0051s/iter; left time: 294.2795s
	iters: 1700, epoch: 7 | loss: 0.1594444
	speed: 0.0047s/iter; left time: 275.6181s
	iters: 1800, epoch: 7 | loss: 0.2434370
	speed: 0.0047s/iter; left time: 270.6943s
	iters: 1900, epoch: 7 | loss: 0.2256621
	speed: 0.0061s/iter; left time: 352.7340s
	iters: 2000, epoch: 7 | loss: 0.2826300
	speed: 0.0064s/iter; left time: 368.9778s
	iters: 2100, epoch: 7 | loss: 0.2490240
	speed: 0.0058s/iter; left time: 331.9521s
	iters: 2200, epoch: 7 | loss: 0.2847247
	speed: 0.0061s/iter; left time: 348.0607s
	iters: 2300, epoch: 7 | loss: 0.2021979
	speed: 0.0059s/iter; left time: 340.1284s
	iters: 2400, epoch: 7 | loss: 0.2338879
	speed: 0.0060s/iter; left time: 345.0964s
	iters: 2500, epoch: 7 | loss: 0.2272363
	speed: 0.0060s/iter; left time: 341.1873s
	iters: 2600, epoch: 7 | loss: 0.2265895
	speed: 0.0054s/iter; left time: 305.6196s
	iters: 2700, epoch: 7 | loss: 0.2325086
	speed: 0.0058s/iter; left time: 330.2936s
	iters: 2800, epoch: 7 | loss: 0.2562853
	speed: 0.0055s/iter; left time: 313.6606s
	iters: 2900, epoch: 7 | loss: 0.2048956
	speed: 0.0053s/iter; left time: 300.7330s
	iters: 3000, epoch: 7 | loss: 0.2542913
	speed: 0.0052s/iter; left time: 297.4117s
	iters: 3100, epoch: 7 | loss: 0.2924722
	speed: 0.0053s/iter; left time: 298.4402s
	iters: 3200, epoch: 7 | loss: 0.2276780
	speed: 0.0057s/iter; left time: 323.5331s
	iters: 3300, epoch: 7 | loss: 0.2789526
	speed: 0.0052s/iter; left time: 295.6935s
	iters: 3400, epoch: 7 | loss: 0.1699136
	speed: 0.0059s/iter; left time: 333.5396s
	iters: 3500, epoch: 7 | loss: 0.2417980
	speed: 0.0045s/iter; left time: 255.2773s
	iters: 3600, epoch: 7 | loss: 0.1519842
	speed: 0.0049s/iter; left time: 276.2647s
	iters: 3700, epoch: 7 | loss: 0.2561080
	speed: 0.0056s/iter; left time: 311.4990s
	iters: 3800, epoch: 7 | loss: 0.2262396
	speed: 0.0053s/iter; left time: 298.8055s
	iters: 3900, epoch: 7 | loss: 0.1806505
	speed: 0.0057s/iter; left time: 318.7621s
	iters: 4000, epoch: 7 | loss: 0.2319980
	speed: 0.0051s/iter; left time: 285.4436s
	iters: 4100, epoch: 7 | loss: 0.3350225
	speed: 0.0046s/iter; left time: 256.4579s
	iters: 4200, epoch: 7 | loss: 0.2094948
	speed: 0.0057s/iter; left time: 314.3876s
Epoch: 7 cost time: 23.329816579818726
Epoch: 7, Steps: 4266 | Train Loss: 0.2513119 Vali Loss: 0.3826147 Test Loss: 0.2889998
EarlyStopping counter: 1 out of 5
Updating learning rate to 7.8125e-05
	iters: 100, epoch: 8 | loss: 0.2165098
	speed: 0.0434s/iter; left time: 2400.3768s
	iters: 200, epoch: 8 | loss: 0.2389128
	speed: 0.0051s/iter; left time: 282.4846s
	iters: 300, epoch: 8 | loss: 0.2703197
	speed: 0.0053s/iter; left time: 294.5498s
	iters: 400, epoch: 8 | loss: 0.1860787
	speed: 0.0055s/iter; left time: 302.4711s
	iters: 500, epoch: 8 | loss: 0.3026224
	speed: 0.0058s/iter; left time: 320.4091s
	iters: 600, epoch: 8 | loss: 0.3682096
	speed: 0.0052s/iter; left time: 287.5928s
	iters: 700, epoch: 8 | loss: 0.1877410
	speed: 0.0045s/iter; left time: 244.7717s
	iters: 800, epoch: 8 | loss: 0.1994950
	speed: 0.0045s/iter; left time: 246.0629s
	iters: 900, epoch: 8 | loss: 0.2630153
	speed: 0.0044s/iter; left time: 242.2420s
	iters: 1000, epoch: 8 | loss: 0.2740513
	speed: 0.0052s/iter; left time: 282.2429s
	iters: 1100, epoch: 8 | loss: 0.2444304
	speed: 0.0045s/iter; left time: 245.6011s
	iters: 1200, epoch: 8 | loss: 0.2095175
	speed: 0.0045s/iter; left time: 244.8255s
	iters: 1300, epoch: 8 | loss: 0.2464111
	speed: 0.0054s/iter; left time: 289.7511s
	iters: 1400, epoch: 8 | loss: 0.4821693
	speed: 0.0050s/iter; left time: 268.2906s
	iters: 1500, epoch: 8 | loss: 0.2707376
	speed: 0.0046s/iter; left time: 248.7771s
	iters: 1600, epoch: 8 | loss: 0.2138497
	speed: 0.0045s/iter; left time: 243.5868s
	iters: 1700, epoch: 8 | loss: 0.1403017
	speed: 0.0056s/iter; left time: 302.1259s
	iters: 1800, epoch: 8 | loss: 0.2253288
	speed: 0.0056s/iter; left time: 302.7607s
	iters: 1900, epoch: 8 | loss: 0.2492966
	speed: 0.0052s/iter; left time: 279.5778s
	iters: 2000, epoch: 8 | loss: 0.4676714
	speed: 0.0046s/iter; left time: 248.2346s
	iters: 2100, epoch: 8 | loss: 0.3179208
	speed: 0.0042s/iter; left time: 226.2422s
	iters: 2200, epoch: 8 | loss: 0.2759310
	speed: 0.0053s/iter; left time: 282.9160s
	iters: 2300, epoch: 8 | loss: 0.1958624
	speed: 0.0053s/iter; left time: 281.2381s
	iters: 2400, epoch: 8 | loss: 0.1807563
	speed: 0.0054s/iter; left time: 285.5626s
	iters: 2500, epoch: 8 | loss: 0.2216958
	speed: 0.0051s/iter; left time: 269.0310s
	iters: 2600, epoch: 8 | loss: 0.2556520
	speed: 0.0049s/iter; left time: 260.2371s
	iters: 2700, epoch: 8 | loss: 0.2571297
	speed: 0.0061s/iter; left time: 319.7208s
	iters: 2800, epoch: 8 | loss: 0.3621369
	speed: 0.0064s/iter; left time: 337.8256s
	iters: 2900, epoch: 8 | loss: 0.2049524
	speed: 0.0062s/iter; left time: 323.9237s
	iters: 3000, epoch: 8 | loss: 0.3284418
	speed: 0.0064s/iter; left time: 336.8428s
	iters: 3100, epoch: 8 | loss: 0.1404833
	speed: 0.0058s/iter; left time: 303.3340s
	iters: 3200, epoch: 8 | loss: 0.2690237
	speed: 0.0052s/iter; left time: 270.7011s
	iters: 3300, epoch: 8 | loss: 0.1699057
	speed: 0.0055s/iter; left time: 285.0473s
	iters: 3400, epoch: 8 | loss: 0.2516329
	speed: 0.0049s/iter; left time: 254.5720s
	iters: 3500, epoch: 8 | loss: 0.5194257
	speed: 0.0053s/iter; left time: 277.0978s
	iters: 3600, epoch: 8 | loss: 0.2066781
	speed: 0.0059s/iter; left time: 307.6666s
	iters: 3700, epoch: 8 | loss: 0.3299599
	speed: 0.0049s/iter; left time: 255.9928s
	iters: 3800, epoch: 8 | loss: 0.2412411
	speed: 0.0053s/iter; left time: 272.8685s
	iters: 3900, epoch: 8 | loss: 0.2307248
	speed: 0.0059s/iter; left time: 306.6857s
	iters: 4000, epoch: 8 | loss: 0.2089827
	speed: 0.0060s/iter; left time: 306.8237s
	iters: 4100, epoch: 8 | loss: 0.1674789
	speed: 0.0058s/iter; left time: 296.3415s
	iters: 4200, epoch: 8 | loss: 0.2285847
	speed: 0.0060s/iter; left time: 306.6073s
Epoch: 8 cost time: 22.632757902145386
Epoch: 8, Steps: 4266 | Train Loss: 0.2482551 Vali Loss: 0.3732832 Test Loss: 0.2887809
Validation loss decreased (0.380738 --> 0.373283).  Saving model ...
Updating learning rate to 3.90625e-05
	iters: 100, epoch: 9 | loss: 0.3243340
	speed: 0.0446s/iter; left time: 2276.2027s
	iters: 200, epoch: 9 | loss: 0.2209789
	speed: 0.0061s/iter; left time: 312.6802s
	iters: 300, epoch: 9 | loss: 0.3871064
	speed: 0.0052s/iter; left time: 265.3042s
	iters: 400, epoch: 9 | loss: 0.3037760
	speed: 0.0055s/iter; left time: 278.8532s
	iters: 500, epoch: 9 | loss: 0.2668768
	speed: 0.0054s/iter; left time: 275.8803s
	iters: 600, epoch: 9 | loss: 0.2785151
	speed: 0.0050s/iter; left time: 253.4972s
	iters: 700, epoch: 9 | loss: 0.1953904
	speed: 0.0051s/iter; left time: 255.1605s
	iters: 800, epoch: 9 | loss: 0.1583208
	speed: 0.0056s/iter; left time: 280.6162s
	iters: 900, epoch: 9 | loss: 0.1578090
	speed: 0.0055s/iter; left time: 275.2033s
	iters: 1000, epoch: 9 | loss: 0.1592417
	speed: 0.0057s/iter; left time: 284.0931s
	iters: 1100, epoch: 9 | loss: 0.2215743
	speed: 0.0064s/iter; left time: 319.7202s
	iters: 1200, epoch: 9 | loss: 0.2653903
	speed: 0.0061s/iter; left time: 306.0672s
	iters: 1300, epoch: 9 | loss: 0.2804368
	speed: 0.0065s/iter; left time: 322.3335s
	iters: 1400, epoch: 9 | loss: 0.2486849
	speed: 0.0065s/iter; left time: 321.3029s
	iters: 1500, epoch: 9 | loss: 0.1915621
	speed: 0.0060s/iter; left time: 295.6967s
	iters: 1600, epoch: 9 | loss: 0.1988974
	speed: 0.0061s/iter; left time: 303.5589s
	iters: 1700, epoch: 9 | loss: 0.2037928
	speed: 0.0061s/iter; left time: 299.5457s
	iters: 1800, epoch: 9 | loss: 0.3537619
	speed: 0.0061s/iter; left time: 302.2842s
	iters: 1900, epoch: 9 | loss: 0.3777836
	speed: 0.0059s/iter; left time: 289.4812s
	iters: 2000, epoch: 9 | loss: 0.3544460
	speed: 0.0061s/iter; left time: 300.0901s
	iters: 2100, epoch: 9 | loss: 0.2194019
	speed: 0.0058s/iter; left time: 282.9145s
	iters: 2200, epoch: 9 | loss: 0.3353801
	speed: 0.0058s/iter; left time: 283.7881s
	iters: 2300, epoch: 9 | loss: 0.2371228
	speed: 0.0057s/iter; left time: 280.1576s
	iters: 2400, epoch: 9 | loss: 0.2385473
	speed: 0.0059s/iter; left time: 288.4772s
	iters: 2500, epoch: 9 | loss: 0.3467400
	speed: 0.0062s/iter; left time: 299.9480s
	iters: 2600, epoch: 9 | loss: 0.1983621
	speed: 0.0061s/iter; left time: 294.1289s
	iters: 2700, epoch: 9 | loss: 0.2240244
	speed: 0.0054s/iter; left time: 263.5161s
	iters: 2800, epoch: 9 | loss: 0.2466380
	speed: 0.0047s/iter; left time: 228.4159s
	iters: 2900, epoch: 9 | loss: 0.1521149
	speed: 0.0047s/iter; left time: 224.5760s
	iters: 3000, epoch: 9 | loss: 0.1630003
	speed: 0.0047s/iter; left time: 226.1208s
	iters: 3100, epoch: 9 | loss: 0.2455783
	speed: 0.0050s/iter; left time: 238.0605s
	iters: 3200, epoch: 9 | loss: 0.1964700
	speed: 0.0056s/iter; left time: 270.8425s
	iters: 3300, epoch: 9 | loss: 0.2766797
	speed: 0.0055s/iter; left time: 265.5046s
	iters: 3400, epoch: 9 | loss: 0.2347281
	speed: 0.0050s/iter; left time: 238.9857s
	iters: 3500, epoch: 9 | loss: 0.1801935
	speed: 0.0050s/iter; left time: 238.0979s
	iters: 3600, epoch: 9 | loss: 0.2539272
	speed: 0.0054s/iter; left time: 255.0984s
	iters: 3700, epoch: 9 | loss: 0.3070677
	speed: 0.0053s/iter; left time: 249.5291s
	iters: 3800, epoch: 9 | loss: 0.2436525
	speed: 0.0051s/iter; left time: 240.2814s
	iters: 3900, epoch: 9 | loss: 0.3819988
	speed: 0.0053s/iter; left time: 250.2651s
	iters: 4000, epoch: 9 | loss: 0.1620783
	speed: 0.0052s/iter; left time: 246.8342s
	iters: 4100, epoch: 9 | loss: 0.2764178
	speed: 0.0056s/iter; left time: 261.9095s
	iters: 4200, epoch: 9 | loss: 0.2985118
	speed: 0.0049s/iter; left time: 231.2068s
Epoch: 9 cost time: 23.7403244972229
Epoch: 9, Steps: 4266 | Train Loss: 0.2466624 Vali Loss: 0.3715491 Test Loss: 0.2874116
Validation loss decreased (0.373283 --> 0.371549).  Saving model ...
Updating learning rate to 1.953125e-05
	iters: 100, epoch: 10 | loss: 0.2053844
	speed: 0.0390s/iter; left time: 1828.5319s
	iters: 200, epoch: 10 | loss: 0.2097393
	speed: 0.0058s/iter; left time: 269.7166s
	iters: 300, epoch: 10 | loss: 0.2374022
	speed: 0.0058s/iter; left time: 268.1061s
	iters: 400, epoch: 10 | loss: 0.2262299
	speed: 0.0054s/iter; left time: 252.2877s
	iters: 500, epoch: 10 | loss: 0.3153505
	speed: 0.0054s/iter; left time: 248.4059s
	iters: 600, epoch: 10 | loss: 0.2899345
	speed: 0.0048s/iter; left time: 222.5227s
	iters: 700, epoch: 10 | loss: 0.2852266
	speed: 0.0049s/iter; left time: 225.0457s
	iters: 800, epoch: 10 | loss: 0.2064448
	speed: 0.0048s/iter; left time: 220.5872s
	iters: 900, epoch: 10 | loss: 0.1985790
	speed: 0.0047s/iter; left time: 218.6279s
	iters: 1000, epoch: 10 | loss: 0.1811679
	speed: 0.0049s/iter; left time: 224.6837s
	iters: 1100, epoch: 10 | loss: 0.2060581
	speed: 0.0053s/iter; left time: 242.4247s
	iters: 1200, epoch: 10 | loss: 0.1521094
	speed: 0.0054s/iter; left time: 246.5745s
	iters: 1300, epoch: 10 | loss: 0.1646811
	speed: 0.0052s/iter; left time: 237.7168s
	iters: 1400, epoch: 10 | loss: 0.2536183
	speed: 0.0057s/iter; left time: 257.7641s
	iters: 1500, epoch: 10 | loss: 0.2945126
	speed: 0.0057s/iter; left time: 258.8447s
	iters: 1600, epoch: 10 | loss: 0.2178679
	speed: 0.0052s/iter; left time: 235.7837s
	iters: 1700, epoch: 10 | loss: 0.1610892
	speed: 0.0050s/iter; left time: 228.0313s
	iters: 1800, epoch: 10 | loss: 0.3669408
	speed: 0.0056s/iter; left time: 252.7304s
	iters: 1900, epoch: 10 | loss: 0.2926781
	speed: 0.0053s/iter; left time: 239.2159s
	iters: 2000, epoch: 10 | loss: 0.2253431
	speed: 0.0057s/iter; left time: 254.3076s
	iters: 2100, epoch: 10 | loss: 0.2388500
	speed: 0.0057s/iter; left time: 253.3587s
	iters: 2200, epoch: 10 | loss: 0.1865992
	speed: 0.0053s/iter; left time: 236.6262s
	iters: 2300, epoch: 10 | loss: 0.2722307
	speed: 0.0050s/iter; left time: 225.0105s
	iters: 2400, epoch: 10 | loss: 0.2399332
	speed: 0.0053s/iter; left time: 236.9042s
	iters: 2500, epoch: 10 | loss: 0.2214676
	speed: 0.0054s/iter; left time: 240.4993s
	iters: 2600, epoch: 10 | loss: 0.2182333
	speed: 0.0056s/iter; left time: 248.2316s
	iters: 2700, epoch: 10 | loss: 0.2400950
	speed: 0.0058s/iter; left time: 256.6396s
	iters: 2800, epoch: 10 | loss: 0.4310002
	speed: 0.0057s/iter; left time: 251.1929s
	iters: 2900, epoch: 10 | loss: 0.2718051
	speed: 0.0057s/iter; left time: 250.0737s
	iters: 3000, epoch: 10 | loss: 0.2024071
	speed: 0.0057s/iter; left time: 248.7144s
	iters: 3100, epoch: 10 | loss: 0.1773486
	speed: 0.0060s/iter; left time: 262.9621s
	iters: 3200, epoch: 10 | loss: 0.1222217
	speed: 0.0056s/iter; left time: 245.8748s
	iters: 3300, epoch: 10 | loss: 0.2416610
	speed: 0.0054s/iter; left time: 234.2414s
	iters: 3400, epoch: 10 | loss: 0.2531222
	speed: 0.0053s/iter; left time: 232.1127s
	iters: 3500, epoch: 10 | loss: 0.2634492
	speed: 0.0053s/iter; left time: 228.0343s
	iters: 3600, epoch: 10 | loss: 0.2390584
	speed: 0.0058s/iter; left time: 249.2201s
	iters: 3700, epoch: 10 | loss: 0.2927465
	speed: 0.0058s/iter; left time: 248.6475s
	iters: 3800, epoch: 10 | loss: 0.2726960
	speed: 0.0058s/iter; left time: 248.4101s
	iters: 3900, epoch: 10 | loss: 0.2841974
	speed: 0.0059s/iter; left time: 252.2445s
	iters: 4000, epoch: 10 | loss: 0.2691949
	speed: 0.0047s/iter; left time: 203.4942s
	iters: 4100, epoch: 10 | loss: 0.2252802
	speed: 0.0051s/iter; left time: 220.2450s
	iters: 4200, epoch: 10 | loss: 0.4090290
	speed: 0.0056s/iter; left time: 237.1480s
Epoch: 10 cost time: 22.980334758758545
Epoch: 10, Steps: 4266 | Train Loss: 0.2458189 Vali Loss: 0.3738422 Test Loss: 0.2858505
EarlyStopping counter: 1 out of 5
Updating learning rate to 9.765625e-06
	iters: 100, epoch: 11 | loss: 0.2434114
	speed: 0.0438s/iter; left time: 1862.1407s
	iters: 200, epoch: 11 | loss: 0.1989507
	speed: 0.0057s/iter; left time: 240.2569s
	iters: 300, epoch: 11 | loss: 0.1714639
	speed: 0.0055s/iter; left time: 232.6638s
	iters: 400, epoch: 11 | loss: 0.2493488
	speed: 0.0061s/iter; left time: 256.1007s
	iters: 500, epoch: 11 | loss: 0.3513006
	speed: 0.0053s/iter; left time: 224.8495s
	iters: 600, epoch: 11 | loss: 0.6111706
	speed: 0.0059s/iter; left time: 248.3078s
	iters: 700, epoch: 11 | loss: 0.2955217
	speed: 0.0054s/iter; left time: 226.5759s
	iters: 800, epoch: 11 | loss: 0.3437079
	speed: 0.0054s/iter; left time: 224.0688s
	iters: 900, epoch: 11 | loss: 0.2233616
	speed: 0.0062s/iter; left time: 260.5889s
	iters: 1000, epoch: 11 | loss: 0.1475175
	speed: 0.0061s/iter; left time: 254.2830s
	iters: 1100, epoch: 11 | loss: 0.2917329
	speed: 0.0066s/iter; left time: 274.6897s
	iters: 1200, epoch: 11 | loss: 0.2564687
	speed: 0.0067s/iter; left time: 276.6514s
	iters: 1300, epoch: 11 | loss: 0.1952045
	speed: 0.0063s/iter; left time: 260.2571s
	iters: 1400, epoch: 11 | loss: 0.1466945
	speed: 0.0062s/iter; left time: 254.9933s
	iters: 1500, epoch: 11 | loss: 0.2275790
	speed: 0.0064s/iter; left time: 261.4484s
	iters: 1600, epoch: 11 | loss: 0.2007635
	speed: 0.0064s/iter; left time: 263.2973s
	iters: 1700, epoch: 11 | loss: 0.1858602
	speed: 0.0062s/iter; left time: 253.1509s
	iters: 1800, epoch: 11 | loss: 0.2586945
	speed: 0.0058s/iter; left time: 237.1020s
	iters: 1900, epoch: 11 | loss: 0.1513939
	speed: 0.0059s/iter; left time: 241.2278s
	iters: 2000, epoch: 11 | loss: 0.2218268
	speed: 0.0064s/iter; left time: 258.2822s
	iters: 2100, epoch: 11 | loss: 0.2107218
	speed: 0.0064s/iter; left time: 258.0814s
	iters: 2200, epoch: 11 | loss: 0.2697478
	speed: 0.0064s/iter; left time: 257.3319s
	iters: 2300, epoch: 11 | loss: 0.2704376
	speed: 0.0061s/iter; left time: 245.5390s
	iters: 2400, epoch: 11 | loss: 0.2727091
	speed: 0.0063s/iter; left time: 252.9693s
	iters: 2500, epoch: 11 | loss: 0.4184341
	speed: 0.0065s/iter; left time: 261.0643s
	iters: 2600, epoch: 11 | loss: 0.2640058
	speed: 0.0065s/iter; left time: 260.8813s
	iters: 2700, epoch: 11 | loss: 0.1916399
	speed: 0.0061s/iter; left time: 242.9817s
	iters: 2800, epoch: 11 | loss: 0.3076609
	speed: 0.0063s/iter; left time: 251.1349s
	iters: 2900, epoch: 11 | loss: 0.2577003
	speed: 0.0061s/iter; left time: 243.0132s
	iters: 3000, epoch: 11 | loss: 0.1721719
	speed: 0.0063s/iter; left time: 249.0831s
	iters: 3100, epoch: 11 | loss: 0.2480321
	speed: 0.0056s/iter; left time: 222.8292s
	iters: 3200, epoch: 11 | loss: 0.1876566
	speed: 0.0058s/iter; left time: 227.8168s
	iters: 3300, epoch: 11 | loss: 0.2201626
	speed: 0.0056s/iter; left time: 218.8481s
	iters: 3400, epoch: 11 | loss: 0.2086199
	speed: 0.0055s/iter; left time: 214.8280s
	iters: 3500, epoch: 11 | loss: 0.2121638
	speed: 0.0045s/iter; left time: 175.4585s
	iters: 3600, epoch: 11 | loss: 0.2622939
	speed: 0.0050s/iter; left time: 195.4036s
	iters: 3700, epoch: 11 | loss: 0.2351340
	speed: 0.0057s/iter; left time: 221.7062s
	iters: 3800, epoch: 11 | loss: 0.2054268
	speed: 0.0056s/iter; left time: 219.2846s
	iters: 3900, epoch: 11 | loss: 0.2709759
	speed: 0.0054s/iter; left time: 208.1469s
	iters: 4000, epoch: 11 | loss: 0.2309072
	speed: 0.0056s/iter; left time: 216.9931s
	iters: 4100, epoch: 11 | loss: 0.2736071
	speed: 0.0056s/iter; left time: 217.0986s
	iters: 4200, epoch: 11 | loss: 0.2758839
	speed: 0.0058s/iter; left time: 221.2469s
Epoch: 11 cost time: 25.21312713623047
Epoch: 11, Steps: 4266 | Train Loss: 0.2453262 Vali Loss: 0.3734623 Test Loss: 0.2863632
EarlyStopping counter: 2 out of 5
Updating learning rate to 4.8828125e-06
	iters: 100, epoch: 12 | loss: 0.2995261
	speed: 0.0420s/iter; left time: 1608.2169s
	iters: 200, epoch: 12 | loss: 0.2544834
	speed: 0.0058s/iter; left time: 222.7836s
	iters: 300, epoch: 12 | loss: 0.2734823
	speed: 0.0058s/iter; left time: 221.6422s
	iters: 400, epoch: 12 | loss: 0.1620375
	speed: 0.0059s/iter; left time: 224.6477s
	iters: 500, epoch: 12 | loss: 0.1995512
	speed: 0.0059s/iter; left time: 221.9906s
	iters: 600, epoch: 12 | loss: 0.2821758
	speed: 0.0052s/iter; left time: 197.7389s
	iters: 700, epoch: 12 | loss: 0.1710320
	speed: 0.0062s/iter; left time: 233.3993s
	iters: 800, epoch: 12 | loss: 0.1723048
	speed: 0.0065s/iter; left time: 243.2613s
	iters: 900, epoch: 12 | loss: 0.2161110
	speed: 0.0052s/iter; left time: 196.2553s
	iters: 1000, epoch: 12 | loss: 0.2307547
	speed: 0.0041s/iter; left time: 153.6930s
	iters: 1100, epoch: 12 | loss: 0.1833783
	speed: 0.0056s/iter; left time: 207.8516s
	iters: 1200, epoch: 12 | loss: 0.2769541
	speed: 0.0058s/iter; left time: 215.3590s
	iters: 1300, epoch: 12 | loss: 0.1998330
	speed: 0.0062s/iter; left time: 230.8249s
	iters: 1400, epoch: 12 | loss: 0.2168256
	speed: 0.0054s/iter; left time: 198.0857s
	iters: 1500, epoch: 12 | loss: 0.1875610
	speed: 0.0059s/iter; left time: 218.4387s
	iters: 1600, epoch: 12 | loss: 0.3113792
	speed: 0.0060s/iter; left time: 219.0137s
	iters: 1700, epoch: 12 | loss: 0.3189328
	speed: 0.0056s/iter; left time: 204.7575s
	iters: 1800, epoch: 12 | loss: 0.2419831
	speed: 0.0053s/iter; left time: 195.1525s
	iters: 1900, epoch: 12 | loss: 0.3014834
	speed: 0.0052s/iter; left time: 191.2341s
	iters: 2000, epoch: 12 | loss: 0.2356096
	speed: 0.0057s/iter; left time: 206.4370s
	iters: 2100, epoch: 12 | loss: 0.1885439
	speed: 0.0058s/iter; left time: 209.0586s
	iters: 2200, epoch: 12 | loss: 0.2061209
	speed: 0.0058s/iter; left time: 210.4069s
	iters: 2300, epoch: 12 | loss: 0.2337171
	speed: 0.0058s/iter; left time: 209.4270s
	iters: 2400, epoch: 12 | loss: 0.1863244
	speed: 0.0054s/iter; left time: 196.1722s
	iters: 2500, epoch: 12 | loss: 0.3767269
	speed: 0.0056s/iter; left time: 199.6501s
	iters: 2600, epoch: 12 | loss: 0.1723169
	speed: 0.0055s/iter; left time: 196.8431s
	iters: 2700, epoch: 12 | loss: 0.2254673
	speed: 0.0054s/iter; left time: 193.8951s
	iters: 2800, epoch: 12 | loss: 0.1461015
	speed: 0.0054s/iter; left time: 193.3134s
	iters: 2900, epoch: 12 | loss: 0.2380441
	speed: 0.0061s/iter; left time: 216.6459s
	iters: 3000, epoch: 12 | loss: 0.1843259
	speed: 0.0061s/iter; left time: 215.3340s
	iters: 3100, epoch: 12 | loss: 0.1929299
	speed: 0.0061s/iter; left time: 215.2995s
	iters: 3200, epoch: 12 | loss: 0.2371420
	speed: 0.0060s/iter; left time: 212.3124s
	iters: 3300, epoch: 12 | loss: 0.1869815
	speed: 0.0061s/iter; left time: 213.7294s
	iters: 3400, epoch: 12 | loss: 0.4049512
	speed: 0.0062s/iter; left time: 218.4902s
	iters: 3500, epoch: 12 | loss: 0.4080479
	speed: 0.0062s/iter; left time: 214.7026s
	iters: 3600, epoch: 12 | loss: 0.1909768
	speed: 0.0062s/iter; left time: 217.1217s
	iters: 3700, epoch: 12 | loss: 0.1977750
	speed: 0.0061s/iter; left time: 210.3325s
	iters: 3800, epoch: 12 | loss: 0.2377878
	speed: 0.0060s/iter; left time: 208.9537s
	iters: 3900, epoch: 12 | loss: 0.2706360
	speed: 0.0063s/iter; left time: 216.0199s
	iters: 4000, epoch: 12 | loss: 0.2513474
	speed: 0.0063s/iter; left time: 215.7475s
	iters: 4100, epoch: 12 | loss: 0.2787924
	speed: 0.0063s/iter; left time: 215.3375s
	iters: 4200, epoch: 12 | loss: 0.3122641
	speed: 0.0059s/iter; left time: 200.7869s
Epoch: 12 cost time: 24.66716194152832
Epoch: 12, Steps: 4266 | Train Loss: 0.2451262 Vali Loss: 0.3729441 Test Loss: 0.2856148
EarlyStopping counter: 3 out of 5
Updating learning rate to 2.44140625e-06
	iters: 100, epoch: 13 | loss: 0.2842348
	speed: 0.0461s/iter; left time: 1569.5139s
	iters: 200, epoch: 13 | loss: 0.2306082
	speed: 0.0059s/iter; left time: 199.5965s
	iters: 300, epoch: 13 | loss: 0.2075769
	speed: 0.0061s/iter; left time: 205.0600s
	iters: 400, epoch: 13 | loss: 0.2596140
	speed: 0.0056s/iter; left time: 189.2362s
	iters: 500, epoch: 13 | loss: 0.2326638
	speed: 0.0057s/iter; left time: 192.1309s
	iters: 600, epoch: 13 | loss: 0.2236803
	speed: 0.0059s/iter; left time: 196.1604s
	iters: 700, epoch: 13 | loss: 0.2539026
	speed: 0.0056s/iter; left time: 188.6001s
	iters: 800, epoch: 13 | loss: 0.2711687
	speed: 0.0057s/iter; left time: 189.3722s
	iters: 900, epoch: 13 | loss: 0.2185004
	speed: 0.0059s/iter; left time: 196.7332s
	iters: 1000, epoch: 13 | loss: 0.4049235
	speed: 0.0065s/iter; left time: 214.1152s
	iters: 1100, epoch: 13 | loss: 0.2239914
	speed: 0.0059s/iter; left time: 193.5681s
	iters: 1200, epoch: 13 | loss: 0.2398799
	speed: 0.0057s/iter; left time: 188.4216s
	iters: 1300, epoch: 13 | loss: 0.2274732
	speed: 0.0051s/iter; left time: 167.5178s
	iters: 1400, epoch: 13 | loss: 0.1981405
	speed: 0.0058s/iter; left time: 190.4826s
	iters: 1500, epoch: 13 | loss: 0.2248307
	speed: 0.0048s/iter; left time: 156.3522s
	iters: 1600, epoch: 13 | loss: 0.2337377
	speed: 0.0059s/iter; left time: 193.2406s
	iters: 1700, epoch: 13 | loss: 0.2006558
	speed: 0.0056s/iter; left time: 182.6724s
	iters: 1800, epoch: 13 | loss: 0.2830048
	speed: 0.0049s/iter; left time: 157.1530s
	iters: 1900, epoch: 13 | loss: 0.1969616
	speed: 0.0051s/iter; left time: 164.1134s
	iters: 2000, epoch: 13 | loss: 0.2059214
	speed: 0.0044s/iter; left time: 140.4042s
	iters: 2100, epoch: 13 | loss: 0.3524679
	speed: 0.0051s/iter; left time: 163.1032s
	iters: 2200, epoch: 13 | loss: 0.2407249
	speed: 0.0062s/iter; left time: 198.2796s
	iters: 2300, epoch: 13 | loss: 0.2726341
	speed: 0.0065s/iter; left time: 206.9694s
	iters: 2400, epoch: 13 | loss: 0.1996873
	speed: 0.0064s/iter; left time: 204.1177s
	iters: 2500, epoch: 13 | loss: 0.2207935
	speed: 0.0050s/iter; left time: 156.8794s
	iters: 2600, epoch: 13 | loss: 0.1817058
	speed: 0.0048s/iter; left time: 151.7351s
	iters: 2700, epoch: 13 | loss: 0.2276538
	speed: 0.0045s/iter; left time: 141.3809s
	iters: 2800, epoch: 13 | loss: 0.1584945
	speed: 0.0048s/iter; left time: 151.3189s
	iters: 2900, epoch: 13 | loss: 0.2252809
	speed: 0.0057s/iter; left time: 177.7541s
	iters: 3000, epoch: 13 | loss: 0.3249519
	speed: 0.0050s/iter; left time: 155.7051s
	iters: 3100, epoch: 13 | loss: 0.1729083
	speed: 0.0053s/iter; left time: 163.8462s
	iters: 3200, epoch: 13 | loss: 0.2118760
	speed: 0.0056s/iter; left time: 172.3561s
	iters: 3300, epoch: 13 | loss: 0.2088999
	speed: 0.0055s/iter; left time: 171.1008s
	iters: 3400, epoch: 13 | loss: 0.1993608
	speed: 0.0052s/iter; left time: 158.6687s
	iters: 3500, epoch: 13 | loss: 0.2072884
	speed: 0.0049s/iter; left time: 150.3887s
	iters: 3600, epoch: 13 | loss: 0.2154260
	speed: 0.0050s/iter; left time: 153.9454s
	iters: 3700, epoch: 13 | loss: 0.2462125
	speed: 0.0055s/iter; left time: 165.8468s
	iters: 3800, epoch: 13 | loss: 0.1669654
	speed: 0.0055s/iter; left time: 166.5819s
	iters: 3900, epoch: 13 | loss: 0.2860644
	speed: 0.0055s/iter; left time: 167.4851s
	iters: 4000, epoch: 13 | loss: 0.1966334
	speed: 0.0055s/iter; left time: 165.2031s
	iters: 4100, epoch: 13 | loss: 0.4229112
	speed: 0.0054s/iter; left time: 162.7671s
	iters: 4200, epoch: 13 | loss: 0.1546492
	speed: 0.0050s/iter; left time: 150.8978s
Epoch: 13 cost time: 23.332326412200928
Epoch: 13, Steps: 4266 | Train Loss: 0.2450022 Vali Loss: 0.3726231 Test Loss: 0.2857965
EarlyStopping counter: 4 out of 5
Updating learning rate to 1.220703125e-06
	iters: 100, epoch: 14 | loss: 0.3297525
	speed: 0.0451s/iter; left time: 1342.6021s
	iters: 200, epoch: 14 | loss: 0.2583589
	speed: 0.0051s/iter; left time: 152.2843s
	iters: 300, epoch: 14 | loss: 0.2686180
	speed: 0.0051s/iter; left time: 150.7707s
	iters: 400, epoch: 14 | loss: 0.1830330
	speed: 0.0056s/iter; left time: 163.6178s
	iters: 500, epoch: 14 | loss: 0.2115589
	speed: 0.0056s/iter; left time: 165.8667s
	iters: 600, epoch: 14 | loss: 0.3603193
	speed: 0.0057s/iter; left time: 166.2439s
	iters: 700, epoch: 14 | loss: 0.2860606
	speed: 0.0053s/iter; left time: 153.4705s
	iters: 800, epoch: 14 | loss: 0.1843376
	speed: 0.0061s/iter; left time: 178.1564s
	iters: 900, epoch: 14 | loss: 0.2193716
	speed: 0.0054s/iter; left time: 157.3446s
	iters: 1000, epoch: 14 | loss: 0.2122686
	speed: 0.0057s/iter; left time: 164.2399s
	iters: 1100, epoch: 14 | loss: 0.2590757
	speed: 0.0057s/iter; left time: 163.1705s
	iters: 1200, epoch: 14 | loss: 0.5754838
	speed: 0.0047s/iter; left time: 135.3066s
	iters: 1300, epoch: 14 | loss: 0.1949973
	speed: 0.0057s/iter; left time: 162.8941s
	iters: 1400, epoch: 14 | loss: 0.2237930
	speed: 0.0057s/iter; left time: 160.9081s
	iters: 1500, epoch: 14 | loss: 0.2277911
	speed: 0.0054s/iter; left time: 152.2809s
	iters: 1600, epoch: 14 | loss: 0.2651638
	speed: 0.0051s/iter; left time: 144.4689s
	iters: 1700, epoch: 14 | loss: 0.1559314
	speed: 0.0059s/iter; left time: 167.4133s
	iters: 1800, epoch: 14 | loss: 0.3702585
	speed: 0.0057s/iter; left time: 158.9033s
	iters: 1900, epoch: 14 | loss: 0.2233109
	speed: 0.0054s/iter; left time: 151.0078s
	iters: 2000, epoch: 14 | loss: 0.3131107
	speed: 0.0056s/iter; left time: 155.8116s
	iters: 2100, epoch: 14 | loss: 0.1938089
	speed: 0.0053s/iter; left time: 147.9767s
	iters: 2200, epoch: 14 | loss: 0.3637657
	speed: 0.0053s/iter; left time: 147.7748s
	iters: 2300, epoch: 14 | loss: 0.1986557
	speed: 0.0057s/iter; left time: 156.6438s
	iters: 2400, epoch: 14 | loss: 0.3334887
	speed: 0.0058s/iter; left time: 158.6878s
	iters: 2500, epoch: 14 | loss: 0.1354876
	speed: 0.0057s/iter; left time: 155.7498s
	iters: 2600, epoch: 14 | loss: 0.2117053
	speed: 0.0050s/iter; left time: 136.8602s
	iters: 2700, epoch: 14 | loss: 0.2154702
	speed: 0.0052s/iter; left time: 140.7999s
	iters: 2800, epoch: 14 | loss: 0.3153593
	speed: 0.0048s/iter; left time: 130.4436s
	iters: 2900, epoch: 14 | loss: 0.2336044
	speed: 0.0050s/iter; left time: 133.7903s
	iters: 3000, epoch: 14 | loss: 0.1725028
	speed: 0.0055s/iter; left time: 148.5637s
	iters: 3100, epoch: 14 | loss: 0.2395506
	speed: 0.0063s/iter; left time: 168.4247s
	iters: 3200, epoch: 14 | loss: 0.3193097
	speed: 0.0053s/iter; left time: 139.9962s
	iters: 3300, epoch: 14 | loss: 0.2258103
	speed: 0.0047s/iter; left time: 123.5683s
	iters: 3400, epoch: 14 | loss: 0.1445154
	speed: 0.0043s/iter; left time: 114.0357s
	iters: 3500, epoch: 14 | loss: 0.2419041
	speed: 0.0047s/iter; left time: 125.0481s
	iters: 3600, epoch: 14 | loss: 0.4528178
	speed: 0.0059s/iter; left time: 154.9515s
	iters: 3700, epoch: 14 | loss: 0.1717379
	speed: 0.0059s/iter; left time: 153.8968s
	iters: 3800, epoch: 14 | loss: 0.2478064
	speed: 0.0042s/iter; left time: 108.9432s
	iters: 3900, epoch: 14 | loss: 0.1789777
	speed: 0.0052s/iter; left time: 136.1103s
	iters: 4000, epoch: 14 | loss: 0.2971820
	speed: 0.0057s/iter; left time: 147.6853s
	iters: 4100, epoch: 14 | loss: 0.2183084
	speed: 0.0049s/iter; left time: 126.2863s
	iters: 4200, epoch: 14 | loss: 0.1472528
	speed: 0.0054s/iter; left time: 137.2976s
Epoch: 14 cost time: 22.91009020805359
Epoch: 14, Steps: 4266 | Train Loss: 0.2449421 Vali Loss: 0.3726358 Test Loss: 0.2856618
EarlyStopping counter: 5 out of 5
Early stopping
>>>>>>>testing : ETTm1_336_96_DLinear_ETTm1_ftM_sl336_ll48_pl96_dm512_nh8_el2_dl1_df2048_fc1_ebtimeF_dtTrue_Exp_0_seed3293<<<<<<<<<<<<<<<<<<<<<<<<<<<<<<<<<
test 11425
mse:0.2875014543533325, mae:0.3353288471698761
