Args in experiment:
Namespace(activation='gelu', batch_size=32, c_out=7, checkpoints='./checkpoints/', d_ff=2048, d_layers=1, d_model=512, data='custom', data_path='national_illness.csv', dec_in=7, des='Exp', devices='0,1,2,3', distil=True, do_predict=False, dropout=0.05, e_layers=2, embed='timeF', embed_type=0, enc_in=7, factor=1, features='M', freq='h', gpu=0, individual=True, is_training=1, itr=1, label_len=18, learning_rate=0.05, loss='mse', lradj='type1', model='DLinear', model_id='national_illness_104_36', moving_avg=25, n_heads=8, num_workers=0, output_attention=False, patience=5, pred_len=36, root_path='./dataset/', save_pred_values=False, seed=10458, seq_len=104, target='OT', test_flop=False, train_epochs=20, train_only=False, use_amp=False, use_gpu=False, use_multi_gpu=False)
Use CPU
>>>>>>>start training : national_illness_104_36_DLinear_custom_ftM_sl104_ll18_pl36_dm512_nh8_el2_dl1_df2048_fc1_ebtimeF_dtTrue_Exp_0_seed10458>>>>>>>>>>>>>>>>>>>>>>>>>>
train 537
val 62
test 158
Epoch: 1 cost time: 0.09600090980529785
Epoch: 1, Steps: 16 | Train Loss: 1.9728790 Vali Loss: 1.0449650 Test Loss: 6.9680014
Validation loss decreased (inf --> 1.044965).  Saving model ...
Updating learning rate to 0.05
Epoch: 2 cost time: 0.05300283432006836
Epoch: 2, Steps: 16 | Train Loss: 1.1513144 Vali Loss: 0.5378871 Test Loss: 3.7662499
Validation loss decreased (1.044965 --> 0.537887).  Saving model ...
Updating learning rate to 0.025
Epoch: 3 cost time: 0.05300021171569824
Epoch: 3, Steps: 16 | Train Loss: 0.6812659 Vali Loss: 0.3448073 Test Loss: 2.8378549
Validation loss decreased (0.537887 --> 0.344807).  Saving model ...
Updating learning rate to 0.0125
Epoch: 4 cost time: 0.05199885368347168
Epoch: 4, Steps: 16 | Train Loss: 0.5138001 Vali Loss: 0.2827753 Test Loss: 2.2558818
Validation loss decreased (0.344807 --> 0.282775).  Saving model ...
Updating learning rate to 0.00625
Epoch: 5 cost time: 0.0559995174407959
Epoch: 5, Steps: 16 | Train Loss: 0.4431348 Vali Loss: 0.2896170 Test Loss: 2.3106911
EarlyStopping counter: 1 out of 5
Updating learning rate to 0.003125
Epoch: 6 cost time: 0.0559995174407959
Epoch: 6, Steps: 16 | Train Loss: 0.4289845 Vali Loss: 0.2674392 Test Loss: 2.2300022
Validation loss decreased (0.282775 --> 0.267439).  Saving model ...
Updating learning rate to 0.0015625
Epoch: 7 cost time: 0.05700063705444336
Epoch: 7, Steps: 16 | Train Loss: 0.4098043 Vali Loss: 0.2581063 Test Loss: 2.2790675
Validation loss decreased (0.267439 --> 0.258106).  Saving model ...
Updating learning rate to 0.00078125
Epoch: 8 cost time: 0.05600094795227051
Epoch: 8, Steps: 16 | Train Loss: 0.4037808 Vali Loss: 0.2692817 Test Loss: 2.2668953
EarlyStopping counter: 1 out of 5
Updating learning rate to 0.000390625
Epoch: 9 cost time: 0.05799984931945801
Epoch: 9, Steps: 16 | Train Loss: 0.4092057 Vali Loss: 0.2474946 Test Loss: 2.2514739
Validation loss decreased (0.258106 --> 0.247495).  Saving model ...
Updating learning rate to 0.0001953125
Epoch: 10 cost time: 0.05600094795227051
Epoch: 10, Steps: 16 | Train Loss: 0.4114442 Vali Loss: 0.2721587 Test Loss: 2.2496488
EarlyStopping counter: 1 out of 5
Updating learning rate to 9.765625e-05
Epoch: 11 cost time: 0.05899977684020996
Epoch: 11, Steps: 16 | Train Loss: 0.4022716 Vali Loss: 0.2375955 Test Loss: 2.2481449
Validation loss decreased (0.247495 --> 0.237596).  Saving model ...
Updating learning rate to 4.8828125e-05
Epoch: 12 cost time: 0.04800105094909668
Epoch: 12, Steps: 16 | Train Loss: 0.4071989 Vali Loss: 0.2968049 Test Loss: 2.2491486
EarlyStopping counter: 1 out of 5
Updating learning rate to 2.44140625e-05
Epoch: 13 cost time: 0.05000114440917969
Epoch: 13, Steps: 16 | Train Loss: 0.4028274 Vali Loss: 0.2410546 Test Loss: 2.2477169
EarlyStopping counter: 2 out of 5
Updating learning rate to 1.220703125e-05
Epoch: 14 cost time: 0.05199718475341797
Epoch: 14, Steps: 16 | Train Loss: 0.4048598 Vali Loss: 0.2398622 Test Loss: 2.2477403
EarlyStopping counter: 3 out of 5
Updating learning rate to 6.103515625e-06
Epoch: 15 cost time: 0.04200100898742676
Epoch: 15, Steps: 16 | Train Loss: 0.4165847 Vali Loss: 0.2676331 Test Loss: 2.2478483
EarlyStopping counter: 4 out of 5
Updating learning rate to 3.0517578125e-06
Epoch: 16 cost time: 0.04184269905090332
Epoch: 16, Steps: 16 | Train Loss: 0.4061002 Vali Loss: 0.2652928 Test Loss: 2.2478490
EarlyStopping counter: 5 out of 5
Early stopping
>>>>>>>testing : national_illness_104_36_DLinear_custom_ftM_sl104_ll18_pl36_dm512_nh8_el2_dl1_df2048_fc1_ebtimeF_dtTrue_Exp_0_seed10458<<<<<<<<<<<<<<<<<<<<<<<<<<<<<<<<<
test 158
mse:2.2436020374298096, mae:1.0208848714828491
