Args in experiment:
Namespace(activation='gelu', batch_size=8, c_out=7, checkpoints='./checkpoints/', d_ff=2048, d_layers=1, d_model=512, data='ETTm1', data_path='ETTm1.csv', dec_in=7, des='Exp', devices='0,1,2,3', distil=True, do_predict=False, dropout=0.05, e_layers=2, embed='timeF', embed_type=0, enc_in=7, factor=1, features='M', freq='h', gpu=0, individual=True, is_training=1, itr=1, label_len=48, learning_rate=0.005, loss='mse', lradj='type1', model='DLinear', model_id='ETTm1_96_96', moving_avg=25, n_heads=8, num_workers=0, output_attention=False, patience=5, pred_len=96, root_path='./dataset/', save_pred_values=False, seed=3144, seq_len=96, target='OT', test_flop=False, train_epochs=20, train_only=False, use_amp=False, use_gpu=False, use_multi_gpu=False)
Use CPU
>>>>>>>start training : ETTm1_96_96_DLinear_ETTm1_ftM_sl96_ll48_pl96_dm512_nh8_el2_dl1_df2048_fc1_ebtimeF_dtTrue_Exp_0_seed3144>>>>>>>>>>>>>>>>>>>>>>>>>>
train 34369
data_set:  <data_provider.data_loader.Dataset_ETT_minute object at 0x0000020695580518>
val 11425
data_set:  <data_provider.data_loader.Dataset_ETT_minute object at 0x00000206E2AB7DA0>
test 11425
data_set:  <data_provider.data_loader.Dataset_ETT_minute object at 0x00000206955801D0>
Total number of trainable parameters: 130368
Total number of parameters: 130368
	iters: 100, epoch: 1 | loss: 0.3685872
	speed: 0.0034s/iter; left time: 295.2914s
	iters: 200, epoch: 1 | loss: 0.3270056
	speed: 0.0041s/iter; left time: 350.1770s
	iters: 300, epoch: 1 | loss: 0.2108590
	speed: 0.0041s/iter; left time: 352.3771s
	iters: 400, epoch: 1 | loss: 0.2873306
	speed: 0.0051s/iter; left time: 434.5147s
	iters: 500, epoch: 1 | loss: 0.3092981
	speed: 0.0038s/iter; left time: 320.3383s
	iters: 600, epoch: 1 | loss: 0.2718528
	speed: 0.0044s/iter; left time: 374.6850s
	iters: 700, epoch: 1 | loss: 0.3993907
	speed: 0.0035s/iter; left time: 296.7116s
	iters: 800, epoch: 1 | loss: 0.3360093
	speed: 0.0040s/iter; left time: 340.4269s
	iters: 900, epoch: 1 | loss: 0.3550314
	speed: 0.0038s/iter; left time: 326.1351s
	iters: 1000, epoch: 1 | loss: 0.3142493
	speed: 0.0049s/iter; left time: 417.2417s
	iters: 1100, epoch: 1 | loss: 0.3275671
	speed: 0.0039s/iter; left time: 330.3065s
	iters: 1200, epoch: 1 | loss: 0.2883067
	speed: 0.0041s/iter; left time: 345.4668s
	iters: 1300, epoch: 1 | loss: 0.3259433
	speed: 0.0039s/iter; left time: 330.2171s
	iters: 1400, epoch: 1 | loss: 0.2767719
	speed: 0.0041s/iter; left time: 347.6786s
	iters: 1500, epoch: 1 | loss: 0.2932474
	speed: 0.0040s/iter; left time: 339.0389s
	iters: 1600, epoch: 1 | loss: 0.3359465
	speed: 0.0045s/iter; left time: 381.7181s
	iters: 1700, epoch: 1 | loss: 0.4267051
	speed: 0.0050s/iter; left time: 421.3425s
	iters: 1800, epoch: 1 | loss: 0.3245427
	speed: 0.0045s/iter; left time: 381.0180s
	iters: 1900, epoch: 1 | loss: 0.3298486
	speed: 0.0046s/iter; left time: 383.6422s
	iters: 2000, epoch: 1 | loss: 0.3157920
	speed: 0.0036s/iter; left time: 298.9144s
	iters: 2100, epoch: 1 | loss: 0.2198547
	speed: 0.0036s/iter; left time: 298.5666s
	iters: 2200, epoch: 1 | loss: 0.3872426
	speed: 0.0038s/iter; left time: 316.5025s
	iters: 2300, epoch: 1 | loss: 0.2893026
	speed: 0.0035s/iter; left time: 294.8627s
	iters: 2400, epoch: 1 | loss: 0.3582961
	speed: 0.0035s/iter; left time: 292.8838s
	iters: 2500, epoch: 1 | loss: 0.3225402
	speed: 0.0037s/iter; left time: 312.6499s
	iters: 2600, epoch: 1 | loss: 0.3345509
	speed: 0.0042s/iter; left time: 351.6261s
	iters: 2700, epoch: 1 | loss: 0.2857794
	speed: 0.0041s/iter; left time: 337.9171s
	iters: 2800, epoch: 1 | loss: 0.4053327
	speed: 0.0031s/iter; left time: 259.6998s
	iters: 2900, epoch: 1 | loss: 0.3418679
	speed: 0.0038s/iter; left time: 311.5993s
	iters: 3000, epoch: 1 | loss: 0.3191661
	speed: 0.0037s/iter; left time: 310.7375s
	iters: 3100, epoch: 1 | loss: 0.3612507
	speed: 0.0030s/iter; left time: 245.7978s
	iters: 3200, epoch: 1 | loss: 0.6241153
	speed: 0.0034s/iter; left time: 284.5442s
	iters: 3300, epoch: 1 | loss: 0.2310524
	speed: 0.0038s/iter; left time: 309.9385s
	iters: 3400, epoch: 1 | loss: 0.2364055
	speed: 0.0030s/iter; left time: 244.6254s
	iters: 3500, epoch: 1 | loss: 0.2828088
	speed: 0.0034s/iter; left time: 283.5997s
	iters: 3600, epoch: 1 | loss: 0.3891165
	speed: 0.0042s/iter; left time: 347.3577s
	iters: 3700, epoch: 1 | loss: 0.2188447
	speed: 0.0038s/iter; left time: 312.6026s
	iters: 3800, epoch: 1 | loss: 0.5701108
	speed: 0.0035s/iter; left time: 285.9125s
	iters: 3900, epoch: 1 | loss: 0.3768014
	speed: 0.0038s/iter; left time: 311.5440s
	iters: 4000, epoch: 1 | loss: 0.3853099
	speed: 0.0045s/iter; left time: 372.0528s
	iters: 4100, epoch: 1 | loss: 0.3311823
	speed: 0.0045s/iter; left time: 370.7590s
	iters: 4200, epoch: 1 | loss: 0.3515355
	speed: 0.0037s/iter; left time: 306.2837s
Epoch: 1 cost time: 16.8440842628479
Epoch: 1, Steps: 4296 | Train Loss: 0.3520657 Vali Loss: 0.5640925 Test Loss: 0.3851555
Validation loss decreased (inf --> 0.564092).  Saving model ...
Updating learning rate to 0.005
	iters: 100, epoch: 2 | loss: 0.4558706
	speed: 0.0402s/iter; left time: 3273.8372s
	iters: 200, epoch: 2 | loss: 0.3620145
	speed: 0.0044s/iter; left time: 356.2421s
	iters: 300, epoch: 2 | loss: 0.3650187
	speed: 0.0036s/iter; left time: 292.3660s
	iters: 400, epoch: 2 | loss: 0.3287362
	speed: 0.0037s/iter; left time: 304.4888s
	iters: 500, epoch: 2 | loss: 0.3884586
	speed: 0.0047s/iter; left time: 380.2046s
	iters: 600, epoch: 2 | loss: 0.3098867
	speed: 0.0044s/iter; left time: 354.7550s
	iters: 700, epoch: 2 | loss: 0.3162938
	speed: 0.0042s/iter; left time: 341.3825s
	iters: 800, epoch: 2 | loss: 0.2768058
	speed: 0.0033s/iter; left time: 266.9828s
	iters: 900, epoch: 2 | loss: 0.3404892
	speed: 0.0040s/iter; left time: 319.5416s
	iters: 1000, epoch: 2 | loss: 0.3645865
	speed: 0.0043s/iter; left time: 347.4672s
	iters: 1100, epoch: 2 | loss: 0.2865914
	speed: 0.0038s/iter; left time: 304.6635s
	iters: 1200, epoch: 2 | loss: 0.3311401
	speed: 0.0043s/iter; left time: 348.2725s
	iters: 1300, epoch: 2 | loss: 0.3871164
	speed: 0.0042s/iter; left time: 338.6984s
	iters: 1400, epoch: 2 | loss: 0.2385203
	speed: 0.0036s/iter; left time: 291.3202s
	iters: 1500, epoch: 2 | loss: 0.3371916
	speed: 0.0041s/iter; left time: 329.2910s
	iters: 1600, epoch: 2 | loss: 0.4590670
	speed: 0.0033s/iter; left time: 265.8423s
	iters: 1700, epoch: 2 | loss: 0.2965014
	speed: 0.0036s/iter; left time: 289.8474s
	iters: 1800, epoch: 2 | loss: 0.2656958
	speed: 0.0041s/iter; left time: 324.3875s
	iters: 1900, epoch: 2 | loss: 0.2669635
	speed: 0.0047s/iter; left time: 373.6224s
	iters: 2000, epoch: 2 | loss: 0.3280099
	speed: 0.0047s/iter; left time: 373.0924s
	iters: 2100, epoch: 2 | loss: 0.2540593
	speed: 0.0041s/iter; left time: 323.3892s
	iters: 2200, epoch: 2 | loss: 0.4256096
	speed: 0.0037s/iter; left time: 297.6118s
	iters: 2300, epoch: 2 | loss: 0.3588903
	speed: 0.0036s/iter; left time: 285.0990s
	iters: 2400, epoch: 2 | loss: 0.2748900
	speed: 0.0035s/iter; left time: 277.2323s
	iters: 2500, epoch: 2 | loss: 0.4002552
	speed: 0.0038s/iter; left time: 300.3595s
	iters: 2600, epoch: 2 | loss: 0.3139625
	speed: 0.0037s/iter; left time: 290.8702s
	iters: 2700, epoch: 2 | loss: 0.3719596
	speed: 0.0035s/iter; left time: 274.8028s
	iters: 2800, epoch: 2 | loss: 0.2582786
	speed: 0.0038s/iter; left time: 299.4424s
	iters: 2900, epoch: 2 | loss: 0.3244888
	speed: 0.0041s/iter; left time: 321.7036s
	iters: 3000, epoch: 2 | loss: 0.3874754
	speed: 0.0038s/iter; left time: 295.0008s
	iters: 3100, epoch: 2 | loss: 0.3233193
	speed: 0.0039s/iter; left time: 309.9403s
	iters: 3200, epoch: 2 | loss: 0.2680627
	speed: 0.0041s/iter; left time: 322.6910s
	iters: 3300, epoch: 2 | loss: 0.4523447
	speed: 0.0032s/iter; left time: 247.9046s
	iters: 3400, epoch: 2 | loss: 0.3289900
	speed: 0.0036s/iter; left time: 282.7951s
	iters: 3500, epoch: 2 | loss: 0.2583599
	speed: 0.0034s/iter; left time: 268.7979s
	iters: 3600, epoch: 2 | loss: 0.3659877
	speed: 0.0041s/iter; left time: 319.4648s
	iters: 3700, epoch: 2 | loss: 0.3458310
	speed: 0.0045s/iter; left time: 347.2671s
	iters: 3800, epoch: 2 | loss: 0.2947628
	speed: 0.0035s/iter; left time: 270.7952s
	iters: 3900, epoch: 2 | loss: 0.3499804
	speed: 0.0048s/iter; left time: 376.4467s
	iters: 4000, epoch: 2 | loss: 0.2776545
	speed: 0.0030s/iter; left time: 231.9820s
	iters: 4100, epoch: 2 | loss: 0.3489184
	speed: 0.0036s/iter; left time: 276.8383s
	iters: 4200, epoch: 2 | loss: 0.3344443
	speed: 0.0031s/iter; left time: 241.9913s
Epoch: 2 cost time: 16.581374883651733
Epoch: 2, Steps: 4296 | Train Loss: 0.3510716 Vali Loss: 0.4541879 Test Loss: 0.3804239
Validation loss decreased (0.564092 --> 0.454188).  Saving model ...
Updating learning rate to 0.0025
	iters: 100, epoch: 3 | loss: 0.3430514
	speed: 0.0373s/iter; left time: 2880.4182s
	iters: 200, epoch: 3 | loss: 0.3241342
	speed: 0.0041s/iter; left time: 317.1089s
	iters: 300, epoch: 3 | loss: 0.3483882
	speed: 0.0041s/iter; left time: 313.3399s
	iters: 400, epoch: 3 | loss: 0.3066365
	speed: 0.0036s/iter; left time: 280.1495s
	iters: 500, epoch: 3 | loss: 0.3105274
	speed: 0.0035s/iter; left time: 267.3393s
	iters: 600, epoch: 3 | loss: 0.3861924
	speed: 0.0044s/iter; left time: 340.3484s
	iters: 700, epoch: 3 | loss: 0.4057492
	speed: 0.0039s/iter; left time: 299.3192s
	iters: 800, epoch: 3 | loss: 0.2535043
	speed: 0.0041s/iter; left time: 310.7865s
	iters: 900, epoch: 3 | loss: 0.3163970
	speed: 0.0036s/iter; left time: 274.8943s
	iters: 1000, epoch: 3 | loss: 0.2822050
	speed: 0.0037s/iter; left time: 285.9548s
	iters: 1100, epoch: 3 | loss: 0.2715552
	speed: 0.0044s/iter; left time: 333.6949s
	iters: 1200, epoch: 3 | loss: 0.2482442
	speed: 0.0038s/iter; left time: 288.6833s
	iters: 1300, epoch: 3 | loss: 0.2862123
	speed: 0.0046s/iter; left time: 349.0950s
	iters: 1400, epoch: 3 | loss: 0.2681965
	speed: 0.0040s/iter; left time: 300.6306s
	iters: 1500, epoch: 3 | loss: 0.2457893
	speed: 0.0034s/iter; left time: 260.6475s
	iters: 1600, epoch: 3 | loss: 0.4148355
	speed: 0.0044s/iter; left time: 331.2523s
	iters: 1700, epoch: 3 | loss: 0.4691911
	speed: 0.0036s/iter; left time: 273.1540s
	iters: 1800, epoch: 3 | loss: 0.3454487
	speed: 0.0031s/iter; left time: 234.9081s
	iters: 1900, epoch: 3 | loss: 0.3428601
	speed: 0.0036s/iter; left time: 273.9491s
	iters: 2000, epoch: 3 | loss: 0.3783470
	speed: 0.0037s/iter; left time: 279.3352s
	iters: 2100, epoch: 3 | loss: 0.2363212
	speed: 0.0038s/iter; left time: 282.3634s
	iters: 2200, epoch: 3 | loss: 0.3012707
	speed: 0.0030s/iter; left time: 222.9052s
	iters: 2300, epoch: 3 | loss: 0.4585358
	speed: 0.0039s/iter; left time: 293.0915s
	iters: 2400, epoch: 3 | loss: 0.2975482
	speed: 0.0035s/iter; left time: 260.3973s
	iters: 2500, epoch: 3 | loss: 0.3180338
	speed: 0.0033s/iter; left time: 248.8037s
	iters: 2600, epoch: 3 | loss: 0.3239066
	speed: 0.0038s/iter; left time: 286.0025s
	iters: 2700, epoch: 3 | loss: 0.2806127
	speed: 0.0034s/iter; left time: 255.7361s
	iters: 2800, epoch: 3 | loss: 0.3370062
	speed: 0.0034s/iter; left time: 251.5029s
	iters: 2900, epoch: 3 | loss: 0.3633719
	speed: 0.0040s/iter; left time: 298.9767s
	iters: 3000, epoch: 3 | loss: 0.2359788
	speed: 0.0043s/iter; left time: 318.1095s
	iters: 3100, epoch: 3 | loss: 0.2107753
	speed: 0.0040s/iter; left time: 293.9788s
	iters: 3200, epoch: 3 | loss: 0.2590588
	speed: 0.0031s/iter; left time: 231.8090s
	iters: 3300, epoch: 3 | loss: 0.2273140
	speed: 0.0039s/iter; left time: 291.9830s
	iters: 3400, epoch: 3 | loss: 0.3302006
	speed: 0.0036s/iter; left time: 269.0873s
	iters: 3500, epoch: 3 | loss: 0.4104424
	speed: 0.0041s/iter; left time: 303.7984s
	iters: 3600, epoch: 3 | loss: 0.2969982
	speed: 0.0046s/iter; left time: 335.5001s
	iters: 3700, epoch: 3 | loss: 0.3910694
	speed: 0.0033s/iter; left time: 241.8148s
	iters: 3800, epoch: 3 | loss: 0.3629518
	speed: 0.0049s/iter; left time: 358.9347s
	iters: 3900, epoch: 3 | loss: 0.2526668
	speed: 0.0041s/iter; left time: 304.0437s
	iters: 4000, epoch: 3 | loss: 0.5060595
	speed: 0.0032s/iter; left time: 232.0892s
	iters: 4100, epoch: 3 | loss: 0.3238834
	speed: 0.0044s/iter; left time: 320.3065s
	iters: 4200, epoch: 3 | loss: 0.4004521
	speed: 0.0033s/iter; left time: 239.8782s
Epoch: 3 cost time: 16.290753602981567
Epoch: 3, Steps: 4296 | Train Loss: 0.3209578 Vali Loss: 0.4827773 Test Loss: 0.3639566
EarlyStopping counter: 1 out of 5
Updating learning rate to 0.00125
	iters: 100, epoch: 4 | loss: 0.2477517
	speed: 0.0385s/iter; left time: 2811.1462s
	iters: 200, epoch: 4 | loss: 0.2130040
	speed: 0.0046s/iter; left time: 333.5074s
	iters: 300, epoch: 4 | loss: 0.3669706
	speed: 0.0041s/iter; left time: 295.5571s
	iters: 400, epoch: 4 | loss: 0.3514401
	speed: 0.0038s/iter; left time: 272.4376s
	iters: 500, epoch: 4 | loss: 0.3899398
	speed: 0.0044s/iter; left time: 317.4534s
	iters: 600, epoch: 4 | loss: 0.3861950
	speed: 0.0037s/iter; left time: 271.4749s
	iters: 700, epoch: 4 | loss: 0.3023036
	speed: 0.0031s/iter; left time: 225.9218s
	iters: 800, epoch: 4 | loss: 0.2212320
	speed: 0.0042s/iter; left time: 304.7883s
	iters: 900, epoch: 4 | loss: 0.2813525
	speed: 0.0044s/iter; left time: 315.5757s
	iters: 1000, epoch: 4 | loss: 0.3270067
	speed: 0.0041s/iter; left time: 292.6961s
	iters: 1100, epoch: 4 | loss: 0.2999265
	speed: 0.0046s/iter; left time: 328.3630s
	iters: 1200, epoch: 4 | loss: 0.1950206
	speed: 0.0046s/iter; left time: 329.5769s
	iters: 1300, epoch: 4 | loss: 0.1644596
	speed: 0.0030s/iter; left time: 217.8422s
	iters: 1400, epoch: 4 | loss: 0.3375675
	speed: 0.0037s/iter; left time: 268.3177s
	iters: 1500, epoch: 4 | loss: 0.2637177
	speed: 0.0042s/iter; left time: 301.7713s
	iters: 1600, epoch: 4 | loss: 0.5326638
	speed: 0.0045s/iter; left time: 323.9850s
	iters: 1700, epoch: 4 | loss: 0.3523250
	speed: 0.0039s/iter; left time: 281.1713s
	iters: 1800, epoch: 4 | loss: 0.2882945
	speed: 0.0038s/iter; left time: 270.3672s
	iters: 1900, epoch: 4 | loss: 0.2362455
	speed: 0.0035s/iter; left time: 247.6914s
	iters: 2000, epoch: 4 | loss: 0.3801998
	speed: 0.0036s/iter; left time: 257.2434s
	iters: 2100, epoch: 4 | loss: 0.2842167
	speed: 0.0036s/iter; left time: 254.8005s
	iters: 2200, epoch: 4 | loss: 0.3971991
	speed: 0.0041s/iter; left time: 287.8384s
	iters: 2300, epoch: 4 | loss: 0.2941515
	speed: 0.0045s/iter; left time: 320.6956s
	iters: 2400, epoch: 4 | loss: 0.3554067
	speed: 0.0034s/iter; left time: 243.6214s
	iters: 2500, epoch: 4 | loss: 0.2575624
	speed: 0.0040s/iter; left time: 285.5592s
	iters: 2600, epoch: 4 | loss: 0.2352170
	speed: 0.0035s/iter; left time: 246.1156s
	iters: 2700, epoch: 4 | loss: 0.2877138
	speed: 0.0044s/iter; left time: 308.7772s
	iters: 2800, epoch: 4 | loss: 0.3217829
	speed: 0.0041s/iter; left time: 291.4316s
	iters: 2900, epoch: 4 | loss: 0.3113196
	speed: 0.0041s/iter; left time: 284.7294s
	iters: 3000, epoch: 4 | loss: 0.3066086
	speed: 0.0048s/iter; left time: 339.4119s
	iters: 3100, epoch: 4 | loss: 0.3474065
	speed: 0.0044s/iter; left time: 305.8305s
	iters: 3200, epoch: 4 | loss: 0.3237999
	speed: 0.0041s/iter; left time: 283.7821s
	iters: 3300, epoch: 4 | loss: 0.2795596
	speed: 0.0037s/iter; left time: 261.2918s
	iters: 3400, epoch: 4 | loss: 0.3206151
	speed: 0.0039s/iter; left time: 272.1231s
	iters: 3500, epoch: 4 | loss: 0.2525137
	speed: 0.0041s/iter; left time: 282.5503s
	iters: 3600, epoch: 4 | loss: 0.2479145
	speed: 0.0039s/iter; left time: 272.2851s
	iters: 3700, epoch: 4 | loss: 0.3649774
	speed: 0.0041s/iter; left time: 285.0785s
	iters: 3800, epoch: 4 | loss: 0.3505602
	speed: 0.0045s/iter; left time: 308.7370s
	iters: 3900, epoch: 4 | loss: 0.2818874
	speed: 0.0041s/iter; left time: 282.9420s
	iters: 4000, epoch: 4 | loss: 0.2834804
	speed: 0.0040s/iter; left time: 273.2849s
	iters: 4100, epoch: 4 | loss: 0.2049028
	speed: 0.0040s/iter; left time: 274.6240s
	iters: 4200, epoch: 4 | loss: 0.2525078
	speed: 0.0033s/iter; left time: 226.0972s
Epoch: 4 cost time: 17.31209969520569
Epoch: 4, Steps: 4296 | Train Loss: 0.3075736 Vali Loss: 0.4185363 Test Loss: 0.3416756
Validation loss decreased (0.454188 --> 0.418536).  Saving model ...
Updating learning rate to 0.000625
	iters: 100, epoch: 5 | loss: 0.1991594
	speed: 0.0381s/iter; left time: 2615.0752s
	iters: 200, epoch: 5 | loss: 0.2882026
	speed: 0.0041s/iter; left time: 280.1710s
	iters: 300, epoch: 5 | loss: 0.2873480
	speed: 0.0042s/iter; left time: 288.7289s
	iters: 400, epoch: 5 | loss: 0.3765786
	speed: 0.0039s/iter; left time: 266.9582s
	iters: 500, epoch: 5 | loss: 0.2633131
	speed: 0.0039s/iter; left time: 266.2410s
	iters: 600, epoch: 5 | loss: 0.3191192
	speed: 0.0038s/iter; left time: 255.5321s
	iters: 700, epoch: 5 | loss: 0.2781432
	speed: 0.0042s/iter; left time: 285.0459s
	iters: 800, epoch: 5 | loss: 0.2275954
	speed: 0.0041s/iter; left time: 278.1154s
	iters: 900, epoch: 5 | loss: 0.2476095
	speed: 0.0048s/iter; left time: 328.4554s
	iters: 1000, epoch: 5 | loss: 0.4193140
	speed: 0.0041s/iter; left time: 275.2704s
	iters: 1100, epoch: 5 | loss: 0.3012720
	speed: 0.0031s/iter; left time: 211.3393s
	iters: 1200, epoch: 5 | loss: 0.3647704
	speed: 0.0034s/iter; left time: 232.3443s
	iters: 1300, epoch: 5 | loss: 0.1645540
	speed: 0.0042s/iter; left time: 284.3977s
	iters: 1400, epoch: 5 | loss: 0.2710965
	speed: 0.0044s/iter; left time: 294.6063s
	iters: 1500, epoch: 5 | loss: 0.4396180
	speed: 0.0041s/iter; left time: 273.1861s
	iters: 1600, epoch: 5 | loss: 0.3324503
	speed: 0.0037s/iter; left time: 251.6027s
	iters: 1700, epoch: 5 | loss: 0.3290017
	speed: 0.0039s/iter; left time: 264.2441s
	iters: 1800, epoch: 5 | loss: 0.2765171
	speed: 0.0035s/iter; left time: 233.2705s
	iters: 1900, epoch: 5 | loss: 0.2369224
	speed: 0.0040s/iter; left time: 266.0036s
	iters: 2000, epoch: 5 | loss: 0.2582449
	speed: 0.0031s/iter; left time: 209.7210s
	iters: 2100, epoch: 5 | loss: 0.2690890
	speed: 0.0036s/iter; left time: 242.4188s
	iters: 2200, epoch: 5 | loss: 0.3494563
	speed: 0.0036s/iter; left time: 242.4005s
	iters: 2300, epoch: 5 | loss: 0.3057113
	speed: 0.0036s/iter; left time: 241.9348s
	iters: 2400, epoch: 5 | loss: 0.3357208
	speed: 0.0036s/iter; left time: 238.2828s
	iters: 2500, epoch: 5 | loss: 0.2632233
	speed: 0.0039s/iter; left time: 258.8373s
	iters: 2600, epoch: 5 | loss: 0.3904111
	speed: 0.0035s/iter; left time: 230.5100s
	iters: 2700, epoch: 5 | loss: 0.2469510
	speed: 0.0043s/iter; left time: 282.0767s
	iters: 2800, epoch: 5 | loss: 0.3397305
	speed: 0.0038s/iter; left time: 250.9377s
	iters: 2900, epoch: 5 | loss: 0.3652011
	speed: 0.0040s/iter; left time: 262.0788s
	iters: 3000, epoch: 5 | loss: 0.5124179
	speed: 0.0033s/iter; left time: 218.8612s
	iters: 3100, epoch: 5 | loss: 0.3568698
	speed: 0.0032s/iter; left time: 207.4018s
	iters: 3200, epoch: 5 | loss: 0.2791679
	speed: 0.0031s/iter; left time: 206.4160s
	iters: 3300, epoch: 5 | loss: 0.5436844
	speed: 0.0051s/iter; left time: 331.4008s
	iters: 3400, epoch: 5 | loss: 0.2861655
	speed: 0.0033s/iter; left time: 217.2765s
	iters: 3500, epoch: 5 | loss: 0.3768525
	speed: 0.0035s/iter; left time: 225.4714s
	iters: 3600, epoch: 5 | loss: 0.2230250
	speed: 0.0034s/iter; left time: 224.1864s
	iters: 3700, epoch: 5 | loss: 0.2782287
	speed: 0.0033s/iter; left time: 213.1448s
	iters: 3800, epoch: 5 | loss: 0.3418771
	speed: 0.0036s/iter; left time: 233.5920s
	iters: 3900, epoch: 5 | loss: 0.4014726
	speed: 0.0031s/iter; left time: 202.5492s
	iters: 4000, epoch: 5 | loss: 0.2897581
	speed: 0.0039s/iter; left time: 252.7476s
	iters: 4100, epoch: 5 | loss: 0.4208161
	speed: 0.0044s/iter; left time: 282.7419s
	iters: 4200, epoch: 5 | loss: 0.3146367
	speed: 0.0036s/iter; left time: 232.0956s
Epoch: 5 cost time: 16.141015768051147
Epoch: 5, Steps: 4296 | Train Loss: 0.3006785 Vali Loss: 0.4277489 Test Loss: 0.3351725
EarlyStopping counter: 1 out of 5
Updating learning rate to 0.0003125
	iters: 100, epoch: 6 | loss: 0.2668779
	speed: 0.0342s/iter; left time: 2201.5100s
	iters: 200, epoch: 6 | loss: 0.2416642
	speed: 0.0042s/iter; left time: 271.0227s
	iters: 300, epoch: 6 | loss: 0.2272422
	speed: 0.0034s/iter; left time: 216.0062s
	iters: 400, epoch: 6 | loss: 0.2889686
	speed: 0.0043s/iter; left time: 274.7108s
	iters: 500, epoch: 6 | loss: 0.3110087
	speed: 0.0037s/iter; left time: 239.7778s
	iters: 600, epoch: 6 | loss: 0.2146300
	speed: 0.0038s/iter; left time: 239.4458s
	iters: 700, epoch: 6 | loss: 0.2035989
	speed: 0.0038s/iter; left time: 241.3887s
	iters: 800, epoch: 6 | loss: 0.2759347
	speed: 0.0036s/iter; left time: 231.4392s
	iters: 900, epoch: 6 | loss: 0.2650493
	speed: 0.0035s/iter; left time: 223.1338s
	iters: 1000, epoch: 6 | loss: 0.2708850
	speed: 0.0039s/iter; left time: 247.9020s
	iters: 1100, epoch: 6 | loss: 0.3578368
	speed: 0.0033s/iter; left time: 208.0464s
	iters: 1200, epoch: 6 | loss: 0.3479473
	speed: 0.0031s/iter; left time: 197.5937s
	iters: 1300, epoch: 6 | loss: 0.2208800
	speed: 0.0042s/iter; left time: 266.3674s
	iters: 1400, epoch: 6 | loss: 0.1829356
	speed: 0.0031s/iter; left time: 196.9719s
	iters: 1500, epoch: 6 | loss: 0.4000735
	speed: 0.0044s/iter; left time: 275.1763s
	iters: 1600, epoch: 6 | loss: 0.2237552
	speed: 0.0039s/iter; left time: 248.1708s
	iters: 1700, epoch: 6 | loss: 0.3418489
	speed: 0.0040s/iter; left time: 252.1962s
	iters: 1800, epoch: 6 | loss: 0.2609822
	speed: 0.0044s/iter; left time: 274.1370s
	iters: 1900, epoch: 6 | loss: 0.2496563
	speed: 0.0043s/iter; left time: 265.9018s
	iters: 2000, epoch: 6 | loss: 0.3205050
	speed: 0.0042s/iter; left time: 261.4537s
	iters: 2100, epoch: 6 | loss: 0.2921826
	speed: 0.0039s/iter; left time: 242.2572s
	iters: 2200, epoch: 6 | loss: 0.3691410
	speed: 0.0039s/iter; left time: 244.4547s
	iters: 2300, epoch: 6 | loss: 0.3143656
	speed: 0.0037s/iter; left time: 232.8513s
	iters: 2400, epoch: 6 | loss: 0.3416258
	speed: 0.0048s/iter; left time: 300.4459s
	iters: 2500, epoch: 6 | loss: 0.3065538
	speed: 0.0047s/iter; left time: 294.1842s
	iters: 2600, epoch: 6 | loss: 0.2294505
	speed: 0.0042s/iter; left time: 257.2585s
	iters: 2700, epoch: 6 | loss: 0.2827721
	speed: 0.0041s/iter; left time: 250.7326s
	iters: 2800, epoch: 6 | loss: 0.4109157
	speed: 0.0044s/iter; left time: 272.7245s
	iters: 2900, epoch: 6 | loss: 0.4611084
	speed: 0.0033s/iter; left time: 204.3396s
	iters: 3000, epoch: 6 | loss: 0.2612865
	speed: 0.0036s/iter; left time: 223.7682s
	iters: 3100, epoch: 6 | loss: 0.2320989
	speed: 0.0039s/iter; left time: 242.2882s
	iters: 3200, epoch: 6 | loss: 0.2328030
	speed: 0.0035s/iter; left time: 213.2408s
	iters: 3300, epoch: 6 | loss: 0.3395170
	speed: 0.0043s/iter; left time: 260.9014s
	iters: 3400, epoch: 6 | loss: 0.2509956
	speed: 0.0043s/iter; left time: 260.0029s
	iters: 3500, epoch: 6 | loss: 0.4562326
	speed: 0.0034s/iter; left time: 209.3731s
	iters: 3600, epoch: 6 | loss: 0.3279681
	speed: 0.0039s/iter; left time: 237.7108s
	iters: 3700, epoch: 6 | loss: 0.2640140
	speed: 0.0045s/iter; left time: 275.2357s
	iters: 3800, epoch: 6 | loss: 0.3474849
	speed: 0.0033s/iter; left time: 198.8591s
	iters: 3900, epoch: 6 | loss: 0.2364721
	speed: 0.0042s/iter; left time: 252.6126s
	iters: 4000, epoch: 6 | loss: 0.3085514
	speed: 0.0041s/iter; left time: 245.9364s
	iters: 4100, epoch: 6 | loss: 0.2885969
	speed: 0.0037s/iter; left time: 221.0553s
	iters: 4200, epoch: 6 | loss: 0.2941644
	speed: 0.0032s/iter; left time: 190.9141s
Epoch: 6 cost time: 16.683295249938965
Epoch: 6, Steps: 4296 | Train Loss: 0.2971281 Vali Loss: 0.4213932 Test Loss: 0.3312812
EarlyStopping counter: 2 out of 5
Updating learning rate to 0.00015625
	iters: 100, epoch: 7 | loss: 0.3544648
	speed: 0.0345s/iter; left time: 2069.1652s
	iters: 200, epoch: 7 | loss: 0.1982097
	speed: 0.0044s/iter; left time: 262.0163s
	iters: 300, epoch: 7 | loss: 0.4127672
	speed: 0.0041s/iter; left time: 243.2025s
	iters: 400, epoch: 7 | loss: 0.2582141
	speed: 0.0045s/iter; left time: 270.8224s
	iters: 500, epoch: 7 | loss: 0.3683492
	speed: 0.0041s/iter; left time: 242.2589s
	iters: 600, epoch: 7 | loss: 0.3333225
	speed: 0.0045s/iter; left time: 269.7457s
	iters: 700, epoch: 7 | loss: 0.3460601
	speed: 0.0043s/iter; left time: 254.3645s
	iters: 800, epoch: 7 | loss: 0.3565170
	speed: 0.0035s/iter; left time: 206.5983s
	iters: 900, epoch: 7 | loss: 0.2145535
	speed: 0.0038s/iter; left time: 225.0871s
	iters: 1000, epoch: 7 | loss: 0.4662932
	speed: 0.0050s/iter; left time: 295.9001s
	iters: 1100, epoch: 7 | loss: 0.2924116
	speed: 0.0045s/iter; left time: 267.4844s
	iters: 1200, epoch: 7 | loss: 0.1865564
	speed: 0.0034s/iter; left time: 202.7117s
	iters: 1300, epoch: 7 | loss: 0.2249949
	speed: 0.0040s/iter; left time: 233.7954s
	iters: 1400, epoch: 7 | loss: 0.2441231
	speed: 0.0035s/iter; left time: 207.1379s
	iters: 1500, epoch: 7 | loss: 0.2460344
	speed: 0.0050s/iter; left time: 293.4189s
	iters: 1600, epoch: 7 | loss: 0.2699970
	speed: 0.0043s/iter; left time: 250.0120s
	iters: 1700, epoch: 7 | loss: 0.1819094
	speed: 0.0035s/iter; left time: 206.8750s
	iters: 1800, epoch: 7 | loss: 0.2261078
	speed: 0.0036s/iter; left time: 209.2663s
	iters: 1900, epoch: 7 | loss: 0.3110713
	speed: 0.0048s/iter; left time: 278.4390s
	iters: 2000, epoch: 7 | loss: 0.4391459
	speed: 0.0037s/iter; left time: 215.7177s
	iters: 2100, epoch: 7 | loss: 0.1881716
	speed: 0.0043s/iter; left time: 247.8630s
	iters: 2200, epoch: 7 | loss: 0.2481699
	speed: 0.0044s/iter; left time: 256.8072s
	iters: 2300, epoch: 7 | loss: 0.2287427
	speed: 0.0042s/iter; left time: 244.3251s
	iters: 2400, epoch: 7 | loss: 0.2430460
	speed: 0.0037s/iter; left time: 216.4457s
	iters: 2500, epoch: 7 | loss: 0.2468801
	speed: 0.0031s/iter; left time: 180.1030s
	iters: 2600, epoch: 7 | loss: 0.3278005
	speed: 0.0045s/iter; left time: 260.7758s
	iters: 2700, epoch: 7 | loss: 0.2970732
	speed: 0.0047s/iter; left time: 269.1858s
	iters: 2800, epoch: 7 | loss: 0.3446785
	speed: 0.0047s/iter; left time: 271.4861s
	iters: 2900, epoch: 7 | loss: 0.2027992
	speed: 0.0040s/iter; left time: 226.6207s
	iters: 3000, epoch: 7 | loss: 0.2898229
	speed: 0.0038s/iter; left time: 216.9873s
	iters: 3100, epoch: 7 | loss: 0.1630236
	speed: 0.0039s/iter; left time: 225.1526s
	iters: 3200, epoch: 7 | loss: 0.3347776
	speed: 0.0040s/iter; left time: 225.2098s
	iters: 3300, epoch: 7 | loss: 0.2462382
	speed: 0.0040s/iter; left time: 227.2136s
	iters: 3400, epoch: 7 | loss: 0.3404533
	speed: 0.0038s/iter; left time: 212.8584s
	iters: 3500, epoch: 7 | loss: 0.3748608
	speed: 0.0033s/iter; left time: 188.3553s
	iters: 3600, epoch: 7 | loss: 0.2801966
	speed: 0.0046s/iter; left time: 261.6686s
	iters: 3700, epoch: 7 | loss: 0.2053361
	speed: 0.0036s/iter; left time: 203.0103s
	iters: 3800, epoch: 7 | loss: 0.2542534
	speed: 0.0041s/iter; left time: 228.9615s
	iters: 3900, epoch: 7 | loss: 0.3252326
	speed: 0.0031s/iter; left time: 175.7400s
	iters: 4000, epoch: 7 | loss: 0.2639222
	speed: 0.0036s/iter; left time: 201.7988s
	iters: 4100, epoch: 7 | loss: 0.3696668
	speed: 0.0034s/iter; left time: 192.6672s
	iters: 4200, epoch: 7 | loss: 0.2487687
	speed: 0.0029s/iter; left time: 163.2929s
Epoch: 7 cost time: 17.078025579452515
Epoch: 7, Steps: 4296 | Train Loss: 0.2953096 Vali Loss: 0.4101780 Test Loss: 0.3298322
Validation loss decreased (0.418536 --> 0.410178).  Saving model ...
Updating learning rate to 7.8125e-05
	iters: 100, epoch: 8 | loss: 0.4069350
	speed: 0.0371s/iter; left time: 2067.2376s
	iters: 200, epoch: 8 | loss: 0.2946016
	speed: 0.0045s/iter; left time: 252.1654s
	iters: 300, epoch: 8 | loss: 0.2350119
	speed: 0.0037s/iter; left time: 208.1399s
	iters: 400, epoch: 8 | loss: 0.3160797
	speed: 0.0047s/iter; left time: 257.8694s
	iters: 500, epoch: 8 | loss: 0.2985856
	speed: 0.0043s/iter; left time: 235.4709s
	iters: 600, epoch: 8 | loss: 0.3101051
	speed: 0.0041s/iter; left time: 224.4447s
	iters: 700, epoch: 8 | loss: 0.2194115
	speed: 0.0045s/iter; left time: 249.9182s
	iters: 800, epoch: 8 | loss: 0.4518505
	speed: 0.0033s/iter; left time: 183.2404s
	iters: 900, epoch: 8 | loss: 0.2613838
	speed: 0.0038s/iter; left time: 208.7195s
	iters: 1000, epoch: 8 | loss: 0.2776841
	speed: 0.0038s/iter; left time: 208.3210s
	iters: 1100, epoch: 8 | loss: 0.2716922
	speed: 0.0045s/iter; left time: 248.8421s
	iters: 1200, epoch: 8 | loss: 0.4290541
	speed: 0.0038s/iter; left time: 205.0580s
	iters: 1300, epoch: 8 | loss: 0.2926250
	speed: 0.0031s/iter; left time: 170.4381s
	iters: 1400, epoch: 8 | loss: 0.2215008
	speed: 0.0042s/iter; left time: 229.7054s
	iters: 1500, epoch: 8 | loss: 0.2489306
	speed: 0.0042s/iter; left time: 229.1483s
	iters: 1600, epoch: 8 | loss: 0.2529706
	speed: 0.0041s/iter; left time: 223.1335s
	iters: 1700, epoch: 8 | loss: 0.3598943
	speed: 0.0041s/iter; left time: 222.8436s
	iters: 1800, epoch: 8 | loss: 0.3442332
	speed: 0.0035s/iter; left time: 188.1731s
	iters: 1900, epoch: 8 | loss: 0.2361743
	speed: 0.0036s/iter; left time: 194.2697s
	iters: 2000, epoch: 8 | loss: 0.2344843
	speed: 0.0033s/iter; left time: 176.9357s
	iters: 2100, epoch: 8 | loss: 0.2167527
	speed: 0.0034s/iter; left time: 184.6770s
	iters: 2200, epoch: 8 | loss: 0.3276307
	speed: 0.0038s/iter; left time: 201.2258s
	iters: 2300, epoch: 8 | loss: 0.3599617
	speed: 0.0034s/iter; left time: 183.9849s
	iters: 2400, epoch: 8 | loss: 0.2961610
	speed: 0.0046s/iter; left time: 244.2263s
	iters: 2500, epoch: 8 | loss: 0.5146121
	speed: 0.0032s/iter; left time: 168.8712s
	iters: 2600, epoch: 8 | loss: 0.2726400
	speed: 0.0041s/iter; left time: 219.1120s
	iters: 2700, epoch: 8 | loss: 0.3113661
	speed: 0.0049s/iter; left time: 258.6760s
	iters: 2800, epoch: 8 | loss: 0.1477686
	speed: 0.0034s/iter; left time: 182.5329s
	iters: 2900, epoch: 8 | loss: 0.2675649
	speed: 0.0035s/iter; left time: 183.5463s
	iters: 3000, epoch: 8 | loss: 0.2573406
	speed: 0.0038s/iter; left time: 200.9641s
	iters: 3100, epoch: 8 | loss: 0.4854723
	speed: 0.0034s/iter; left time: 177.0743s
	iters: 3200, epoch: 8 | loss: 0.2173951
	speed: 0.0042s/iter; left time: 221.9479s
	iters: 3300, epoch: 8 | loss: 0.2798548
	speed: 0.0038s/iter; left time: 197.1110s
	iters: 3400, epoch: 8 | loss: 0.2734006
	speed: 0.0045s/iter; left time: 237.6749s
	iters: 3500, epoch: 8 | loss: 0.3465964
	speed: 0.0034s/iter; left time: 179.9674s
	iters: 3600, epoch: 8 | loss: 0.2640830
	speed: 0.0033s/iter; left time: 171.4177s
	iters: 3700, epoch: 8 | loss: 0.2244850
	speed: 0.0038s/iter; left time: 195.6602s
	iters: 3800, epoch: 8 | loss: 0.3286261
	speed: 0.0031s/iter; left time: 162.6066s
	iters: 3900, epoch: 8 | loss: 0.3500681
	speed: 0.0034s/iter; left time: 178.4900s
	iters: 4000, epoch: 8 | loss: 0.2097851
	speed: 0.0033s/iter; left time: 171.7892s
	iters: 4100, epoch: 8 | loss: 0.2510558
	speed: 0.0036s/iter; left time: 188.2705s
	iters: 4200, epoch: 8 | loss: 0.3523619
	speed: 0.0032s/iter; left time: 165.5003s
Epoch: 8 cost time: 16.34656286239624
Epoch: 8, Steps: 4296 | Train Loss: 0.2943861 Vali Loss: 0.4271140 Test Loss: 0.3323554
EarlyStopping counter: 1 out of 5
Updating learning rate to 3.90625e-05
	iters: 100, epoch: 9 | loss: 0.3388151
	speed: 0.0378s/iter; left time: 1945.7347s
	iters: 200, epoch: 9 | loss: 0.2455818
	speed: 0.0033s/iter; left time: 170.2489s
	iters: 300, epoch: 9 | loss: 0.3742538
	speed: 0.0035s/iter; left time: 178.5265s
	iters: 400, epoch: 9 | loss: 0.3047495
	speed: 0.0035s/iter; left time: 179.5883s
	iters: 500, epoch: 9 | loss: 0.1987381
	speed: 0.0039s/iter; left time: 199.4354s
	iters: 600, epoch: 9 | loss: 0.2454027
	speed: 0.0042s/iter; left time: 215.1112s
	iters: 700, epoch: 9 | loss: 0.2824611
	speed: 0.0041s/iter; left time: 206.3800s
	iters: 800, epoch: 9 | loss: 0.3342856
	speed: 0.0041s/iter; left time: 206.2037s
	iters: 900, epoch: 9 | loss: 0.4246791
	speed: 0.0038s/iter; left time: 189.9636s
	iters: 1000, epoch: 9 | loss: 0.3344212
	speed: 0.0052s/iter; left time: 260.8014s
	iters: 1100, epoch: 9 | loss: 0.3315331
	speed: 0.0041s/iter; left time: 204.9171s
	iters: 1200, epoch: 9 | loss: 0.2773001
	speed: 0.0036s/iter; left time: 181.7752s
	iters: 1300, epoch: 9 | loss: 0.3287641
	speed: 0.0034s/iter; left time: 171.9540s
	iters: 1400, epoch: 9 | loss: 0.3186400
	speed: 0.0042s/iter; left time: 209.3877s
	iters: 1500, epoch: 9 | loss: 0.4487762
	speed: 0.0041s/iter; left time: 205.4446s
	iters: 1600, epoch: 9 | loss: 0.2725687
	speed: 0.0038s/iter; left time: 187.4340s
	iters: 1700, epoch: 9 | loss: 0.4014883
	speed: 0.0039s/iter; left time: 194.7013s
	iters: 1800, epoch: 9 | loss: 0.3997365
	speed: 0.0041s/iter; left time: 204.3925s
	iters: 1900, epoch: 9 | loss: 0.3668938
	speed: 0.0031s/iter; left time: 152.8109s
	iters: 2000, epoch: 9 | loss: 0.2097096
	speed: 0.0038s/iter; left time: 185.9801s
	iters: 2100, epoch: 9 | loss: 0.3024899
	speed: 0.0036s/iter; left time: 177.6688s
	iters: 2200, epoch: 9 | loss: 0.2060262
	speed: 0.0039s/iter; left time: 192.7926s
	iters: 2300, epoch: 9 | loss: 0.2754535
	speed: 0.0047s/iter; left time: 230.8244s
	iters: 2400, epoch: 9 | loss: 0.2051983
	speed: 0.0031s/iter; left time: 153.6504s
	iters: 2500, epoch: 9 | loss: 0.2701201
	speed: 0.0034s/iter; left time: 168.4823s
	iters: 2600, epoch: 9 | loss: 0.2584808
	speed: 0.0034s/iter; left time: 168.4307s
	iters: 2700, epoch: 9 | loss: 0.1775647
	speed: 0.0037s/iter; left time: 183.0487s
	iters: 2800, epoch: 9 | loss: 0.2510235
	speed: 0.0038s/iter; left time: 182.9332s
	iters: 2900, epoch: 9 | loss: 0.2954634
	speed: 0.0037s/iter; left time: 182.3073s
	iters: 3000, epoch: 9 | loss: 0.5864080
	speed: 0.0038s/iter; left time: 182.1882s
	iters: 3100, epoch: 9 | loss: 0.2380405
	speed: 0.0041s/iter; left time: 196.8896s
	iters: 3200, epoch: 9 | loss: 0.3225834
	speed: 0.0030s/iter; left time: 146.4330s
	iters: 3300, epoch: 9 | loss: 0.3440382
	speed: 0.0035s/iter; left time: 170.3676s
	iters: 3400, epoch: 9 | loss: 0.3882944
	speed: 0.0033s/iter; left time: 157.4863s
	iters: 3500, epoch: 9 | loss: 0.3293874
	speed: 0.0044s/iter; left time: 210.8414s
	iters: 3600, epoch: 9 | loss: 0.2780637
	speed: 0.0047s/iter; left time: 224.9083s
	iters: 3700, epoch: 9 | loss: 0.2640831
	speed: 0.0047s/iter; left time: 224.3034s
	iters: 3800, epoch: 9 | loss: 0.2533808
	speed: 0.0039s/iter; left time: 186.3505s
	iters: 3900, epoch: 9 | loss: 0.2578218
	speed: 0.0036s/iter; left time: 171.4162s
	iters: 4000, epoch: 9 | loss: 0.2865950
	speed: 0.0045s/iter; left time: 215.4198s
	iters: 4100, epoch: 9 | loss: 0.2275482
	speed: 0.0045s/iter; left time: 215.0250s
	iters: 4200, epoch: 9 | loss: 0.3053061
	speed: 0.0038s/iter; left time: 177.6234s
Epoch: 9 cost time: 16.593549728393555
Epoch: 9, Steps: 4296 | Train Loss: 0.2938881 Vali Loss: 0.4114439 Test Loss: 0.3286431
EarlyStopping counter: 2 out of 5
Updating learning rate to 1.953125e-05
	iters: 100, epoch: 10 | loss: 0.3239968
	speed: 0.0346s/iter; left time: 1633.8286s
	iters: 200, epoch: 10 | loss: 0.3942867
	speed: 0.0036s/iter; left time: 170.8833s
	iters: 300, epoch: 10 | loss: 0.2381072
	speed: 0.0046s/iter; left time: 214.1776s
	iters: 400, epoch: 10 | loss: 0.3015737
	speed: 0.0030s/iter; left time: 141.1672s
	iters: 500, epoch: 10 | loss: 0.1999261
	speed: 0.0041s/iter; left time: 192.0060s
	iters: 600, epoch: 10 | loss: 0.2342630
	speed: 0.0035s/iter; left time: 162.2017s
	iters: 700, epoch: 10 | loss: 0.3806332
	speed: 0.0045s/iter; left time: 210.9530s
	iters: 800, epoch: 10 | loss: 0.3622883
	speed: 0.0036s/iter; left time: 165.2298s
	iters: 900, epoch: 10 | loss: 0.2955712
	speed: 0.0035s/iter; left time: 161.0896s
	iters: 1000, epoch: 10 | loss: 0.2234838
	speed: 0.0044s/iter; left time: 202.3989s
	iters: 1100, epoch: 10 | loss: 0.5742488
	speed: 0.0039s/iter; left time: 180.3882s
	iters: 1200, epoch: 10 | loss: 0.2592823
	speed: 0.0042s/iter; left time: 194.1242s
	iters: 1300, epoch: 10 | loss: 0.2018958
	speed: 0.0038s/iter; left time: 172.4902s
	iters: 1400, epoch: 10 | loss: 0.2504304
	speed: 0.0042s/iter; left time: 193.4617s
	iters: 1500, epoch: 10 | loss: 0.2958387
	speed: 0.0036s/iter; left time: 164.3516s
	iters: 1600, epoch: 10 | loss: 0.3279257
	speed: 0.0036s/iter; left time: 164.1670s
	iters: 1700, epoch: 10 | loss: 0.2856667
	speed: 0.0044s/iter; left time: 200.1672s
	iters: 1800, epoch: 10 | loss: 0.3564724
	speed: 0.0041s/iter; left time: 187.0316s
	iters: 1900, epoch: 10 | loss: 0.4541229
	speed: 0.0040s/iter; left time: 181.0469s
	iters: 2000, epoch: 10 | loss: 0.2939681
	speed: 0.0036s/iter; left time: 164.8822s
	iters: 2100, epoch: 10 | loss: 0.2380890
	speed: 0.0036s/iter; left time: 164.4427s
	iters: 2200, epoch: 10 | loss: 0.2676371
	speed: 0.0040s/iter; left time: 178.7055s
	iters: 2300, epoch: 10 | loss: 0.2290523
	speed: 0.0037s/iter; left time: 168.4077s
	iters: 2400, epoch: 10 | loss: 0.2843204
	speed: 0.0041s/iter; left time: 182.3575s
	iters: 2500, epoch: 10 | loss: 0.2106002
	speed: 0.0041s/iter; left time: 181.8698s
	iters: 2600, epoch: 10 | loss: 0.2512329
	speed: 0.0043s/iter; left time: 189.9187s
	iters: 2700, epoch: 10 | loss: 0.3208361
	speed: 0.0039s/iter; left time: 172.3582s
	iters: 2800, epoch: 10 | loss: 0.4093594
	speed: 0.0041s/iter; left time: 180.5965s
	iters: 2900, epoch: 10 | loss: 0.3875702
	speed: 0.0044s/iter; left time: 194.2430s
	iters: 3000, epoch: 10 | loss: 0.2430957
	speed: 0.0045s/iter; left time: 200.5421s
	iters: 3100, epoch: 10 | loss: 0.1871595
	speed: 0.0039s/iter; left time: 172.3769s
	iters: 3200, epoch: 10 | loss: 0.4618162
	speed: 0.0053s/iter; left time: 232.7971s
	iters: 3300, epoch: 10 | loss: 0.4667078
	speed: 0.0036s/iter; left time: 159.2221s
	iters: 3400, epoch: 10 | loss: 0.3164257
	speed: 0.0036s/iter; left time: 157.6076s
	iters: 3500, epoch: 10 | loss: 0.2609193
	speed: 0.0033s/iter; left time: 143.8868s
	iters: 3600, epoch: 10 | loss: 0.2707716
	speed: 0.0037s/iter; left time: 163.3680s
	iters: 3700, epoch: 10 | loss: 0.2758532
	speed: 0.0031s/iter; left time: 136.1704s
	iters: 3800, epoch: 10 | loss: 0.2422444
	speed: 0.0041s/iter; left time: 176.4784s
	iters: 3900, epoch: 10 | loss: 0.2158082
	speed: 0.0033s/iter; left time: 142.3995s
	iters: 4000, epoch: 10 | loss: 0.2470731
	speed: 0.0037s/iter; left time: 162.0824s
	iters: 4100, epoch: 10 | loss: 0.4281808
	speed: 0.0041s/iter; left time: 175.3514s
	iters: 4200, epoch: 10 | loss: 0.2624048
	speed: 0.0036s/iter; left time: 154.8659s
Epoch: 10 cost time: 16.759004592895508
Epoch: 10, Steps: 4296 | Train Loss: 0.2936137 Vali Loss: 0.4135912 Test Loss: 0.3291075
EarlyStopping counter: 3 out of 5
Updating learning rate to 9.765625e-06
	iters: 100, epoch: 11 | loss: 0.2606395
	speed: 0.0336s/iter; left time: 1439.8908s
	iters: 200, epoch: 11 | loss: 0.3710922
	speed: 0.0028s/iter; left time: 120.0554s
	iters: 300, epoch: 11 | loss: 0.2876826
	speed: 0.0034s/iter; left time: 146.7691s
	iters: 400, epoch: 11 | loss: 0.3025462
	speed: 0.0039s/iter; left time: 166.3313s
	iters: 500, epoch: 11 | loss: 0.2689864
	speed: 0.0036s/iter; left time: 152.4581s
	iters: 600, epoch: 11 | loss: 0.2565269
	speed: 0.0034s/iter; left time: 145.7410s
	iters: 700, epoch: 11 | loss: 0.3584576
	speed: 0.0033s/iter; left time: 140.3064s
	iters: 800, epoch: 11 | loss: 0.2123929
	speed: 0.0035s/iter; left time: 146.7748s
	iters: 900, epoch: 11 | loss: 0.2490055
	speed: 0.0033s/iter; left time: 139.8506s
	iters: 1000, epoch: 11 | loss: 0.4193038
	speed: 0.0039s/iter; left time: 165.1494s
	iters: 1100, epoch: 11 | loss: 0.2907533
	speed: 0.0037s/iter; left time: 154.9879s
	iters: 1200, epoch: 11 | loss: 0.2178704
	speed: 0.0035s/iter; left time: 145.5372s
	iters: 1300, epoch: 11 | loss: 0.2600214
	speed: 0.0036s/iter; left time: 149.6374s
	iters: 1400, epoch: 11 | loss: 0.1922872
	speed: 0.0036s/iter; left time: 149.4399s
	iters: 1500, epoch: 11 | loss: 0.1967428
	speed: 0.0037s/iter; left time: 155.3551s
	iters: 1600, epoch: 11 | loss: 0.2915625
	speed: 0.0033s/iter; left time: 135.7133s
	iters: 1700, epoch: 11 | loss: 0.3204510
	speed: 0.0031s/iter; left time: 129.1146s
	iters: 1800, epoch: 11 | loss: 0.3008531
	speed: 0.0039s/iter; left time: 161.2227s
	iters: 1900, epoch: 11 | loss: 0.3126864
	speed: 0.0038s/iter; left time: 155.9433s
	iters: 2000, epoch: 11 | loss: 0.3012526
	speed: 0.0035s/iter; left time: 142.6060s
	iters: 2100, epoch: 11 | loss: 0.2630646
	speed: 0.0040s/iter; left time: 161.6781s
	iters: 2200, epoch: 11 | loss: 0.2778138
	speed: 0.0033s/iter; left time: 133.8658s
	iters: 2300, epoch: 11 | loss: 0.2510535
	speed: 0.0033s/iter; left time: 133.3362s
	iters: 2400, epoch: 11 | loss: 0.2607777
	speed: 0.0038s/iter; left time: 154.6430s
	iters: 2500, epoch: 11 | loss: 0.1999533
	speed: 0.0040s/iter; left time: 159.9929s
	iters: 2600, epoch: 11 | loss: 0.2849322
	speed: 0.0035s/iter; left time: 140.6607s
	iters: 2700, epoch: 11 | loss: 0.4597443
	speed: 0.0034s/iter; left time: 138.3146s
	iters: 2800, epoch: 11 | loss: 0.3574003
	speed: 0.0034s/iter; left time: 138.0757s
	iters: 2900, epoch: 11 | loss: 0.2658704
	speed: 0.0030s/iter; left time: 118.9342s
	iters: 3000, epoch: 11 | loss: 0.3381763
	speed: 0.0033s/iter; left time: 131.1696s
	iters: 3100, epoch: 11 | loss: 0.3051871
	speed: 0.0033s/iter; left time: 133.2824s
	iters: 3200, epoch: 11 | loss: 0.2690615
	speed: 0.0032s/iter; left time: 125.8031s
	iters: 3300, epoch: 11 | loss: 0.2403410
	speed: 0.0032s/iter; left time: 126.1227s
	iters: 3400, epoch: 11 | loss: 0.3874193
	speed: 0.0036s/iter; left time: 143.3903s
	iters: 3500, epoch: 11 | loss: 0.3944457
	speed: 0.0038s/iter; left time: 149.8717s
	iters: 3600, epoch: 11 | loss: 0.2878693
	speed: 0.0038s/iter; left time: 150.5542s
	iters: 3700, epoch: 11 | loss: 0.3485498
	speed: 0.0028s/iter; left time: 110.3919s
	iters: 3800, epoch: 11 | loss: 0.2950467
	speed: 0.0036s/iter; left time: 142.2516s
	iters: 3900, epoch: 11 | loss: 0.3050666
	speed: 0.0030s/iter; left time: 117.6131s
	iters: 4000, epoch: 11 | loss: 0.2443780
	speed: 0.0030s/iter; left time: 118.7177s
	iters: 4100, epoch: 11 | loss: 0.3138816
	speed: 0.0029s/iter; left time: 112.4034s
	iters: 4200, epoch: 11 | loss: 0.3310353
	speed: 0.0029s/iter; left time: 113.1851s
Epoch: 11 cost time: 14.899498701095581
Epoch: 11, Steps: 4296 | Train Loss: 0.2934769 Vali Loss: 0.4139906 Test Loss: 0.3292757
EarlyStopping counter: 4 out of 5
Updating learning rate to 4.8828125e-06
	iters: 100, epoch: 12 | loss: 0.1875920
	speed: 0.0298s/iter; left time: 1149.2801s
	iters: 200, epoch: 12 | loss: 0.1917345
	speed: 0.0036s/iter; left time: 138.1496s
	iters: 300, epoch: 12 | loss: 0.5704443
	speed: 0.0038s/iter; left time: 145.4108s
	iters: 400, epoch: 12 | loss: 0.2851647
	speed: 0.0036s/iter; left time: 139.3436s
	iters: 500, epoch: 12 | loss: 0.2822020
	speed: 0.0034s/iter; left time: 127.9128s
	iters: 600, epoch: 12 | loss: 0.4122881
	speed: 0.0034s/iter; left time: 130.9247s
	iters: 700, epoch: 12 | loss: 0.2709244
	speed: 0.0030s/iter; left time: 112.6708s
	iters: 800, epoch: 12 | loss: 0.2855441
	speed: 0.0034s/iter; left time: 130.0820s
	iters: 900, epoch: 12 | loss: 0.2531810
	speed: 0.0038s/iter; left time: 143.3693s
	iters: 1000, epoch: 12 | loss: 0.2548295
	speed: 0.0029s/iter; left time: 107.4616s
	iters: 1100, epoch: 12 | loss: 0.4121806
	speed: 0.0035s/iter; left time: 131.7876s
	iters: 1200, epoch: 12 | loss: 0.2854238
	speed: 0.0033s/iter; left time: 123.5302s
	iters: 1300, epoch: 12 | loss: 0.2766557
	speed: 0.0027s/iter; left time: 100.8085s
	iters: 1400, epoch: 12 | loss: 0.2523978
	speed: 0.0032s/iter; left time: 117.8468s
	iters: 1500, epoch: 12 | loss: 0.3930357
	speed: 0.0040s/iter; left time: 147.3977s
	iters: 1600, epoch: 12 | loss: 0.2737811
	speed: 0.0033s/iter; left time: 122.7697s
	iters: 1700, epoch: 12 | loss: 0.3648060
	speed: 0.0036s/iter; left time: 131.6446s
	iters: 1800, epoch: 12 | loss: 0.3823892
	speed: 0.0035s/iter; left time: 127.5047s
	iters: 1900, epoch: 12 | loss: 0.3508295
	speed: 0.0030s/iter; left time: 110.5352s
	iters: 2000, epoch: 12 | loss: 0.3933800
	speed: 0.0033s/iter; left time: 121.9418s
	iters: 2100, epoch: 12 | loss: 0.2351966
	speed: 0.0035s/iter; left time: 127.3262s
	iters: 2200, epoch: 12 | loss: 0.3050307
	speed: 0.0033s/iter; left time: 119.9857s
	iters: 2300, epoch: 12 | loss: 0.2090966
	speed: 0.0036s/iter; left time: 131.8089s
	iters: 2400, epoch: 12 | loss: 0.3909636
	speed: 0.0033s/iter; left time: 117.9116s
	iters: 2500, epoch: 12 | loss: 0.3056198
	speed: 0.0036s/iter; left time: 128.7813s
	iters: 2600, epoch: 12 | loss: 0.2238829
	speed: 0.0033s/iter; left time: 119.5407s
	iters: 2700, epoch: 12 | loss: 0.3409595
	speed: 0.0033s/iter; left time: 120.3036s
	iters: 2800, epoch: 12 | loss: 0.2299270
	speed: 0.0027s/iter; left time: 98.5454s
	iters: 2900, epoch: 12 | loss: 0.2348088
	speed: 0.0034s/iter; left time: 122.9096s
	iters: 3000, epoch: 12 | loss: 0.2745870
	speed: 0.0030s/iter; left time: 106.7178s
	iters: 3100, epoch: 12 | loss: 0.3026837
	speed: 0.0031s/iter; left time: 110.3665s
	iters: 3200, epoch: 12 | loss: 0.1985565
	speed: 0.0028s/iter; left time: 99.7808s
	iters: 3300, epoch: 12 | loss: 0.3108112
	speed: 0.0029s/iter; left time: 104.2257s
	iters: 3400, epoch: 12 | loss: 0.2581429
	speed: 0.0030s/iter; left time: 107.1070s
	iters: 3500, epoch: 12 | loss: 0.1737005
	speed: 0.0032s/iter; left time: 111.2537s
	iters: 3600, epoch: 12 | loss: 0.3176579
	speed: 0.0025s/iter; left time: 88.7833s
	iters: 3700, epoch: 12 | loss: 0.2501042
	speed: 0.0027s/iter; left time: 94.0975s
	iters: 3800, epoch: 12 | loss: 0.4729776
	speed: 0.0033s/iter; left time: 114.5215s
	iters: 3900, epoch: 12 | loss: 0.3424133
	speed: 0.0031s/iter; left time: 108.6180s
	iters: 4000, epoch: 12 | loss: 0.3306914
	speed: 0.0036s/iter; left time: 124.5007s
	iters: 4100, epoch: 12 | loss: 0.2751375
	speed: 0.0034s/iter; left time: 118.9071s
	iters: 4200, epoch: 12 | loss: 0.2220317
	speed: 0.0034s/iter; left time: 118.3930s
Epoch: 12 cost time: 14.078219413757324
Epoch: 12, Steps: 4296 | Train Loss: 0.2934088 Vali Loss: 0.4141775 Test Loss: 0.3292703
EarlyStopping counter: 5 out of 5
Early stopping
Total training time: 229.7414 seconds
>>>>>>>testing : ETTm1_96_96_DLinear_ETTm1_ftM_sl96_ll48_pl96_dm512_nh8_el2_dl1_df2048_fc1_ebtimeF_dtTrue_Exp_0_seed3144<<<<<<<<<<<<<<<<<<<<<<<<<<<<<<<<<
test 11425
data_set:  <data_provider.data_loader.Dataset_ETT_minute object at 0x0000020695574828>
mse:0.32992517948150635, mae:0.3636554479598999
