Args in experiment:
Namespace(activation='gelu', batch_size=8, c_out=7, checkpoints='./checkpoints/', d_ff=2048, d_layers=1, d_model=512, data='custom', data_path='exchange_rate.csv', dec_in=7, des='Exp', devices='0,1,2,3', distil=True, do_predict=False, dropout=0.05, e_layers=2, embed='timeF', embed_type=0, enc_in=8, factor=1, features='M', freq='h', gpu=0, individual=True, is_training=1, itr=1, label_len=48, learning_rate=0.0005, loss='mse', lradj='type1', model='DLinear', model_id='Exchange_336_96', moving_avg=25, n_heads=8, num_workers=0, output_attention=False, patience=5, pred_len=96, root_path='./dataset/', save_pred_values=False, seed=15726, seq_len=336, target='OT', test_flop=False, train_epochs=20, train_only=False, use_amp=False, use_gpu=False, use_multi_gpu=False)
Use CPU
>>>>>>>start training : Exchange_336_96_DLinear_custom_ftM_sl336_ll48_pl96_dm512_nh8_el2_dl1_df2048_fc1_ebtimeF_dtTrue_Exp_0_seed15726>>>>>>>>>>>>>>>>>>>>>>>>>>
train 4880
val 665
test 1422
	iters: 100, epoch: 1 | loss: 0.1829453
	speed: 0.0054s/iter; left time: 65.5050s
	iters: 200, epoch: 1 | loss: 0.1298005
	speed: 0.0067s/iter; left time: 80.1668s
	iters: 300, epoch: 1 | loss: 0.1404917
	speed: 0.0065s/iter; left time: 77.6308s
	iters: 400, epoch: 1 | loss: 0.1619432
	speed: 0.0054s/iter; left time: 64.2325s
	iters: 500, epoch: 1 | loss: 0.1642218
	speed: 0.0062s/iter; left time: 72.7858s
	iters: 600, epoch: 1 | loss: 0.0910835
	speed: 0.0061s/iter; left time: 70.6724s
Epoch: 1 cost time: 3.686161518096924
Epoch: 1, Steps: 610 | Train Loss: 0.1630293 Vali Loss: 0.2352089 Test Loss: 0.1531343
Validation loss decreased (inf --> 0.235209).  Saving model ...
Updating learning rate to 0.0005
	iters: 100, epoch: 2 | loss: 0.0851280
	speed: 0.0102s/iter; left time: 117.0175s
	iters: 200, epoch: 2 | loss: 0.1396462
	speed: 0.0062s/iter; left time: 70.2827s
	iters: 300, epoch: 2 | loss: 0.2942112
	speed: 0.0053s/iter; left time: 59.4351s
	iters: 400, epoch: 2 | loss: 0.0926429
	speed: 0.0056s/iter; left time: 62.7814s
	iters: 500, epoch: 2 | loss: 0.0810245
	speed: 0.0057s/iter; left time: 63.2741s
	iters: 600, epoch: 2 | loss: 0.1138933
	speed: 0.0058s/iter; left time: 64.2102s
Epoch: 2 cost time: 3.576441526412964
Epoch: 2, Steps: 610 | Train Loss: 0.1238305 Vali Loss: 0.2761327 Test Loss: 0.1331440
EarlyStopping counter: 1 out of 5
Updating learning rate to 0.00025
	iters: 100, epoch: 3 | loss: 0.0943255
	speed: 0.0108s/iter; left time: 117.7707s
	iters: 200, epoch: 3 | loss: 0.0720967
	speed: 0.0059s/iter; left time: 63.9311s
	iters: 300, epoch: 3 | loss: 0.0755683
	speed: 0.0064s/iter; left time: 68.7051s
	iters: 400, epoch: 3 | loss: 0.0718314
	speed: 0.0062s/iter; left time: 65.7426s
	iters: 500, epoch: 3 | loss: 0.1862564
	speed: 0.0063s/iter; left time: 65.6974s
	iters: 600, epoch: 3 | loss: 0.1334726
	speed: 0.0065s/iter; left time: 67.1858s
Epoch: 3 cost time: 3.8279523849487305
Epoch: 3, Steps: 610 | Train Loss: 0.1151754 Vali Loss: 0.2263045 Test Loss: 0.1080447
Validation loss decreased (0.235209 --> 0.226305).  Saving model ...
Updating learning rate to 0.000125
	iters: 100, epoch: 4 | loss: 0.0738694
	speed: 0.0110s/iter; left time: 113.1156s
	iters: 200, epoch: 4 | loss: 0.1182394
	speed: 0.0068s/iter; left time: 68.8761s
	iters: 300, epoch: 4 | loss: 0.0941791
	speed: 0.0069s/iter; left time: 69.1684s
	iters: 400, epoch: 4 | loss: 0.1723447
	speed: 0.0071s/iter; left time: 70.9146s
	iters: 500, epoch: 4 | loss: 0.0784432
	speed: 0.0064s/iter; left time: 63.4796s
	iters: 600, epoch: 4 | loss: 0.0852327
	speed: 0.0051s/iter; left time: 49.8321s
Epoch: 4 cost time: 3.9625954627990723
Epoch: 4, Steps: 610 | Train Loss: 0.1112614 Vali Loss: 0.2073948 Test Loss: 0.0934984
Validation loss decreased (0.226305 --> 0.207395).  Saving model ...
Updating learning rate to 6.25e-05
	iters: 100, epoch: 5 | loss: 0.0675397
	speed: 0.0091s/iter; left time: 87.7353s
	iters: 200, epoch: 5 | loss: 0.0943696
	speed: 0.0055s/iter; left time: 52.8002s
	iters: 300, epoch: 5 | loss: 0.0707837
	speed: 0.0061s/iter; left time: 57.3195s
	iters: 400, epoch: 5 | loss: 0.0739371
	speed: 0.0062s/iter; left time: 57.5859s
	iters: 500, epoch: 5 | loss: 0.0498221
	speed: 0.0063s/iter; left time: 57.9763s
	iters: 600, epoch: 5 | loss: 0.0974674
	speed: 0.0064s/iter; left time: 58.6519s
Epoch: 5 cost time: 3.6424062252044678
Epoch: 5, Steps: 610 | Train Loss: 0.1092737 Vali Loss: 0.1920603 Test Loss: 0.0925734
Validation loss decreased (0.207395 --> 0.192060).  Saving model ...
Updating learning rate to 3.125e-05
	iters: 100, epoch: 6 | loss: 0.0927882
	speed: 0.0103s/iter; left time: 92.8895s
	iters: 200, epoch: 6 | loss: 0.1772885
	speed: 0.0065s/iter; left time: 57.8413s
	iters: 300, epoch: 6 | loss: 0.0960681
	speed: 0.0064s/iter; left time: 56.4690s
	iters: 400, epoch: 6 | loss: 0.1047924
	speed: 0.0064s/iter; left time: 56.2830s
	iters: 500, epoch: 6 | loss: 0.2539389
	speed: 0.0067s/iter; left time: 57.9885s
	iters: 600, epoch: 6 | loss: 0.0671821
	speed: 0.0056s/iter; left time: 48.2276s
Epoch: 6 cost time: 3.840705394744873
Epoch: 6, Steps: 610 | Train Loss: 0.1086078 Vali Loss: 0.2220801 Test Loss: 0.0911372
EarlyStopping counter: 1 out of 5
Updating learning rate to 1.5625e-05
	iters: 100, epoch: 7 | loss: 0.1755163
	speed: 0.0098s/iter; left time: 82.4833s
	iters: 200, epoch: 7 | loss: 0.1302135
	speed: 0.0063s/iter; left time: 52.4799s
	iters: 300, epoch: 7 | loss: 0.2643041
	speed: 0.0057s/iter; left time: 47.1423s
	iters: 400, epoch: 7 | loss: 0.1038617
	speed: 0.0061s/iter; left time: 49.3417s
	iters: 500, epoch: 7 | loss: 0.1047946
	speed: 0.0059s/iter; left time: 47.3015s
	iters: 600, epoch: 7 | loss: 0.0672113
	speed: 0.0059s/iter; left time: 46.6932s
Epoch: 7 cost time: 3.6815996170043945
Epoch: 7, Steps: 610 | Train Loss: 0.1081125 Vali Loss: 0.2058131 Test Loss: 0.0907473
EarlyStopping counter: 2 out of 5
Updating learning rate to 7.8125e-06
	iters: 100, epoch: 8 | loss: 0.0915948
	speed: 0.0092s/iter; left time: 72.1483s
	iters: 200, epoch: 8 | loss: 0.0556212
	speed: 0.0055s/iter; left time: 42.3098s
	iters: 300, epoch: 8 | loss: 0.0740569
	speed: 0.0057s/iter; left time: 43.5771s
	iters: 400, epoch: 8 | loss: 0.0742000
	speed: 0.0058s/iter; left time: 43.3179s
	iters: 500, epoch: 8 | loss: 0.1271747
	speed: 0.0059s/iter; left time: 43.4714s
	iters: 600, epoch: 8 | loss: 0.1396697
	speed: 0.0064s/iter; left time: 46.9431s
Epoch: 8 cost time: 3.534993886947632
Epoch: 8, Steps: 610 | Train Loss: 0.1079137 Vali Loss: 0.1993805 Test Loss: 0.0883733
EarlyStopping counter: 3 out of 5
Updating learning rate to 3.90625e-06
	iters: 100, epoch: 9 | loss: 0.1232710
	speed: 0.0109s/iter; left time: 78.7951s
	iters: 200, epoch: 9 | loss: 0.1126557
	speed: 0.0058s/iter; left time: 41.6018s
	iters: 300, epoch: 9 | loss: 0.1187420
	speed: 0.0067s/iter; left time: 47.1831s
	iters: 400, epoch: 9 | loss: 0.0589533
	speed: 0.0059s/iter; left time: 40.7865s
	iters: 500, epoch: 9 | loss: 0.0616037
	speed: 0.0055s/iter; left time: 37.4611s
	iters: 600, epoch: 9 | loss: 0.0561338
	speed: 0.0060s/iter; left time: 40.1935s
Epoch: 9 cost time: 3.722787380218506
Epoch: 9, Steps: 610 | Train Loss: 0.1077607 Vali Loss: 0.2020697 Test Loss: 0.0887077
EarlyStopping counter: 4 out of 5
Updating learning rate to 1.953125e-06
	iters: 100, epoch: 10 | loss: 0.0905984
	speed: 0.0096s/iter; left time: 63.3406s
	iters: 200, epoch: 10 | loss: 0.0688769
	speed: 0.0059s/iter; left time: 38.6226s
	iters: 300, epoch: 10 | loss: 0.1017976
	speed: 0.0066s/iter; left time: 42.5726s
	iters: 400, epoch: 10 | loss: 0.0970991
	speed: 0.0061s/iter; left time: 38.5091s
	iters: 500, epoch: 10 | loss: 0.0667078
	speed: 0.0062s/iter; left time: 38.3960s
	iters: 600, epoch: 10 | loss: 0.1486933
	speed: 0.0056s/iter; left time: 34.1023s
Epoch: 10 cost time: 3.673515558242798
Epoch: 10, Steps: 610 | Train Loss: 0.1076943 Vali Loss: 0.1999265 Test Loss: 0.0886175
EarlyStopping counter: 5 out of 5
Early stopping
>>>>>>>testing : Exchange_336_96_DLinear_custom_ftM_sl336_ll48_pl96_dm512_nh8_el2_dl1_df2048_fc1_ebtimeF_dtTrue_Exp_0_seed15726<<<<<<<<<<<<<<<<<<<<<<<<<<<<<<<<<
test 1422
mse:0.09242648631334305, mae:0.22370590269565582
