Args in experiment:
Namespace(activation='gelu', batch_size=16, c_out=7, checkpoints='./checkpoints/', d_ff=2048, d_layers=1, d_model=512, data='custom', data_path='weather.csv', dec_in=7, des='Exp', devices='0,1,2,3', distil=True, do_predict=False, dropout=0.05, e_layers=2, embed='timeF', embed_type=0, enc_in=21, factor=1, features='M', freq='h', gpu=0, individual=True, is_training=1, itr=1, label_len=48, learning_rate=0.005, loss='mse', lradj='type1', model='DLinear', model_id='weather_336_720', moving_avg=25, n_heads=8, num_workers=0, output_attention=False, patience=5, pred_len=720, root_path='./dataset/', save_pred_values=False, seed=15227, seq_len=336, target='OT', test_flop=False, train_epochs=20, train_only=False, use_amp=False, use_gpu=False, use_multi_gpu=False)
Use CPU
>>>>>>>start training : weather_336_720_DLinear_custom_ftM_sl336_ll48_pl720_dm512_nh8_el2_dl1_df2048_fc1_ebtimeF_dtTrue_Exp_0_seed15227>>>>>>>>>>>>>>>>>>>>>>>>>>
train 35832
val 4551
test 9820
	iters: 100, epoch: 1 | loss: 1.3342211
	speed: 0.0973s/iter; left time: 4346.6955s
	iters: 200, epoch: 1 | loss: 8.7312756
	speed: 0.0966s/iter; left time: 4305.1390s
	iters: 300, epoch: 1 | loss: 1.2823027
	speed: 0.0878s/iter; left time: 3907.6170s
	iters: 400, epoch: 1 | loss: 0.5331475
	speed: 0.0942s/iter; left time: 4181.8924s
	iters: 500, epoch: 1 | loss: 0.7333681
	speed: 0.0994s/iter; left time: 4399.8069s
	iters: 600, epoch: 1 | loss: 0.6118928
	speed: 0.0894s/iter; left time: 3949.6954s
	iters: 700, epoch: 1 | loss: 0.7621139
	speed: 0.0945s/iter; left time: 4163.5721s
	iters: 800, epoch: 1 | loss: 1.6702076
	speed: 0.0947s/iter; left time: 4165.6156s
	iters: 900, epoch: 1 | loss: 1.2495475
	speed: 0.0965s/iter; left time: 4233.4065s
	iters: 1000, epoch: 1 | loss: 3.1774526
	speed: 0.0967s/iter; left time: 4231.6474s
	iters: 1100, epoch: 1 | loss: 0.7163017
	speed: 0.0932s/iter; left time: 4072.8061s
	iters: 1200, epoch: 1 | loss: 0.5967155
	speed: 0.0962s/iter; left time: 4192.8877s
	iters: 1300, epoch: 1 | loss: 1.4095825
	speed: 0.0992s/iter; left time: 4314.6557s
	iters: 1400, epoch: 1 | loss: 3.1097207
	speed: 0.0903s/iter; left time: 3915.7941s
	iters: 1500, epoch: 1 | loss: 0.6910880
	speed: 0.0966s/iter; left time: 4179.9896s
	iters: 1600, epoch: 1 | loss: 2.5297151
	speed: 0.0976s/iter; left time: 4214.2050s
	iters: 1700, epoch: 1 | loss: 0.8305058
	speed: 0.0903s/iter; left time: 3891.0510s
	iters: 1800, epoch: 1 | loss: 0.6153126
	speed: 0.0990s/iter; left time: 4253.2806s
	iters: 1900, epoch: 1 | loss: 0.7244633
	speed: 0.0922s/iter; left time: 3953.8994s
	iters: 2000, epoch: 1 | loss: 0.8055927
	speed: 0.0969s/iter; left time: 4146.1702s
	iters: 2100, epoch: 1 | loss: 0.5640427
	speed: 0.0948s/iter; left time: 4045.5890s
	iters: 2200, epoch: 1 | loss: 0.7346117
	speed: 0.0937s/iter; left time: 3989.2766s
Epoch: 1 cost time: 212.6130428314209
Epoch: 1, Steps: 2239 | Train Loss: 1.1145254 Vali Loss: 0.8212250 Test Loss: 0.4232174
Validation loss decreased (inf --> 0.821225).  Saving model ...
Updating learning rate to 0.005
	iters: 100, epoch: 2 | loss: 0.8511954
	speed: 0.2793s/iter; left time: 11854.1342s
	iters: 200, epoch: 2 | loss: 0.7737717
	speed: 0.0953s/iter; left time: 4035.6323s
	iters: 300, epoch: 2 | loss: 5.7325850
	speed: 0.0926s/iter; left time: 3913.3850s
	iters: 400, epoch: 2 | loss: 0.6143345
	speed: 0.0978s/iter; left time: 4123.1222s
	iters: 500, epoch: 2 | loss: 0.5678021
	speed: 0.0964s/iter; left time: 4053.4708s
	iters: 600, epoch: 2 | loss: 0.6209502
	speed: 0.0962s/iter; left time: 4032.9158s
	iters: 700, epoch: 2 | loss: 0.5568059
	speed: 0.0965s/iter; left time: 4038.6718s
	iters: 800, epoch: 2 | loss: 0.5706720
	speed: 0.0981s/iter; left time: 4095.6624s
	iters: 900, epoch: 2 | loss: 0.6414090
	speed: 0.0945s/iter; left time: 3934.3173s
	iters: 1000, epoch: 2 | loss: 1.1459219
	speed: 0.0938s/iter; left time: 3897.0923s
	iters: 1100, epoch: 2 | loss: 0.8053078
	speed: 0.0952s/iter; left time: 3947.1528s
	iters: 1200, epoch: 2 | loss: 1.1403627
	speed: 0.0961s/iter; left time: 3974.0440s
	iters: 1300, epoch: 2 | loss: 0.7058358
	speed: 0.0973s/iter; left time: 4014.7082s
	iters: 1400, epoch: 2 | loss: 1.1017387
	speed: 0.0919s/iter; left time: 3779.5573s
	iters: 1500, epoch: 2 | loss: 0.6297832
	speed: 0.0964s/iter; left time: 3954.7423s
	iters: 1600, epoch: 2 | loss: 0.7625665
	speed: 0.1010s/iter; left time: 4135.9745s
	iters: 1700, epoch: 2 | loss: 1.0547079
	speed: 0.0936s/iter; left time: 3823.9566s
	iters: 1800, epoch: 2 | loss: 0.9729351
	speed: 0.0969s/iter; left time: 3946.2362s
	iters: 1900, epoch: 2 | loss: 0.5538567
	speed: 0.1028s/iter; left time: 4179.8926s
	iters: 2000, epoch: 2 | loss: 0.5766779
	speed: 0.0948s/iter; left time: 3842.5270s
	iters: 2100, epoch: 2 | loss: 0.5686509
	speed: 0.0959s/iter; left time: 3877.1242s
	iters: 2200, epoch: 2 | loss: 0.6125440
	speed: 0.0994s/iter; left time: 4010.9340s
Epoch: 2 cost time: 214.26844453811646
Epoch: 2, Steps: 2239 | Train Loss: 1.2169104 Vali Loss: 0.8569936 Test Loss: 0.4336148
EarlyStopping counter: 1 out of 5
Updating learning rate to 0.0025
	iters: 100, epoch: 3 | loss: 0.6218679
	speed: 0.2850s/iter; left time: 11459.4279s
	iters: 200, epoch: 3 | loss: 0.7366765
	speed: 0.0973s/iter; left time: 3902.6542s
	iters: 300, epoch: 3 | loss: 0.7122422
	speed: 0.0949s/iter; left time: 3794.6366s
	iters: 400, epoch: 3 | loss: 0.6794139
	speed: 0.0931s/iter; left time: 3716.7588s
	iters: 500, epoch: 3 | loss: 0.5244595
	speed: 0.0969s/iter; left time: 3856.8128s
	iters: 600, epoch: 3 | loss: 0.4775037
	speed: 0.1001s/iter; left time: 3972.3544s
	iters: 700, epoch: 3 | loss: 1.3826228
	speed: 0.0957s/iter; left time: 3788.6467s
	iters: 800, epoch: 3 | loss: 0.5793210
	speed: 0.0892s/iter; left time: 3523.3772s
	iters: 900, epoch: 3 | loss: 0.5777164
	speed: 0.0969s/iter; left time: 3817.7183s
	iters: 1000, epoch: 3 | loss: 1.3809638
	speed: 0.1006s/iter; left time: 3954.9210s
	iters: 1100, epoch: 3 | loss: 0.6366155
	speed: 0.0934s/iter; left time: 3662.9257s
	iters: 1200, epoch: 3 | loss: 0.5346045
	speed: 0.0913s/iter; left time: 3571.3027s
	iters: 1300, epoch: 3 | loss: 0.5276471
	speed: 0.0946s/iter; left time: 3688.9682s
	iters: 1400, epoch: 3 | loss: 0.7417345
	speed: 0.0959s/iter; left time: 3730.0987s
	iters: 1500, epoch: 3 | loss: 1.6565937
	speed: 0.0931s/iter; left time: 3611.0057s
	iters: 1600, epoch: 3 | loss: 0.7053091
	speed: 0.1002s/iter; left time: 3878.9202s
	iters: 1700, epoch: 3 | loss: 0.6565633
	speed: 0.0977s/iter; left time: 3769.9401s
	iters: 1800, epoch: 3 | loss: 0.8701855
	speed: 0.0963s/iter; left time: 3707.3459s
	iters: 1900, epoch: 3 | loss: 0.4516460
	speed: 0.0964s/iter; left time: 3701.2546s
	iters: 2000, epoch: 3 | loss: 0.5830178
	speed: 0.0974s/iter; left time: 3731.8624s
	iters: 2100, epoch: 3 | loss: 3.9595776
	speed: 0.0966s/iter; left time: 3689.0773s
	iters: 2200, epoch: 3 | loss: 0.8058271
	speed: 0.0961s/iter; left time: 3663.1871s
Epoch: 3 cost time: 213.79197072982788
Epoch: 3, Steps: 2239 | Train Loss: 0.8487976 Vali Loss: 0.6814427 Test Loss: 0.3566409
Validation loss decreased (0.821225 --> 0.681443).  Saving model ...
Updating learning rate to 0.00125
	iters: 100, epoch: 4 | loss: 0.4122692
	speed: 0.2763s/iter; left time: 10490.7226s
	iters: 200, epoch: 4 | loss: 0.4573013
	speed: 0.0920s/iter; left time: 3484.8968s
	iters: 300, epoch: 4 | loss: 0.8987136
	speed: 0.0953s/iter; left time: 3597.3405s
	iters: 400, epoch: 4 | loss: 1.1541456
	speed: 0.0970s/iter; left time: 3653.3824s
	iters: 500, epoch: 4 | loss: 0.3747152
	speed: 0.0912s/iter; left time: 3427.3221s
	iters: 600, epoch: 4 | loss: 0.5234056
	speed: 0.0912s/iter; left time: 3414.9302s
	iters: 700, epoch: 4 | loss: 0.5015330
	speed: 0.0937s/iter; left time: 3500.9570s
	iters: 800, epoch: 4 | loss: 0.8480288
	speed: 0.0957s/iter; left time: 3567.3301s
	iters: 900, epoch: 4 | loss: 1.0113760
	speed: 0.1024s/iter; left time: 3804.0712s
	iters: 1000, epoch: 4 | loss: 0.4883422
	speed: 0.0932s/iter; left time: 3453.9420s
	iters: 1100, epoch: 4 | loss: 0.9399667
	speed: 0.0968s/iter; left time: 3576.8504s
	iters: 1200, epoch: 4 | loss: 0.3987108
	speed: 0.0929s/iter; left time: 3424.0184s
	iters: 1300, epoch: 4 | loss: 1.1000499
	speed: 0.0974s/iter; left time: 3582.3751s
	iters: 1400, epoch: 4 | loss: 0.5324471
	speed: 0.0933s/iter; left time: 3420.4674s
	iters: 1500, epoch: 4 | loss: 0.4691570
	speed: 0.0969s/iter; left time: 3541.3453s
	iters: 1600, epoch: 4 | loss: 0.9899113
	speed: 0.0922s/iter; left time: 3362.7239s
	iters: 1700, epoch: 4 | loss: 0.5641073
	speed: 0.0920s/iter; left time: 3347.2785s
	iters: 1800, epoch: 4 | loss: 0.5006334
	speed: 0.0902s/iter; left time: 3272.5814s
	iters: 1900, epoch: 4 | loss: 0.4946729
	speed: 0.0946s/iter; left time: 3421.5547s
	iters: 2000, epoch: 4 | loss: 0.5215058
	speed: 0.0889s/iter; left time: 3205.0420s
	iters: 2100, epoch: 4 | loss: 0.5509808
	speed: 0.0892s/iter; left time: 3208.8477s
	iters: 2200, epoch: 4 | loss: 0.9083952
	speed: 0.1004s/iter; left time: 3598.9801s
Epoch: 4 cost time: 209.40244817733765
Epoch: 4, Steps: 2239 | Train Loss: 0.6414142 Vali Loss: 0.6609198 Test Loss: 0.3503827
Validation loss decreased (0.681443 --> 0.660920).  Saving model ...
Updating learning rate to 0.000625
	iters: 100, epoch: 5 | loss: 0.7662993
	speed: 0.2762s/iter; left time: 9868.4010s
	iters: 200, epoch: 5 | loss: 0.7816527
	speed: 0.0907s/iter; left time: 3229.4425s
	iters: 300, epoch: 5 | loss: 0.7720648
	speed: 0.0925s/iter; left time: 3286.2336s
	iters: 400, epoch: 5 | loss: 0.7054994
	speed: 0.0921s/iter; left time: 3264.0064s
	iters: 500, epoch: 5 | loss: 0.5488714
	speed: 0.0979s/iter; left time: 3459.3923s
	iters: 600, epoch: 5 | loss: 0.5197912
	speed: 0.0976s/iter; left time: 3436.9179s
	iters: 700, epoch: 5 | loss: 0.5140603
	speed: 0.0916s/iter; left time: 3216.8987s
	iters: 800, epoch: 5 | loss: 0.7091592
	speed: 0.0946s/iter; left time: 3314.0994s
	iters: 900, epoch: 5 | loss: 0.4468358
	speed: 0.0966s/iter; left time: 3375.1314s
	iters: 1000, epoch: 5 | loss: 0.4410397
	speed: 0.0950s/iter; left time: 3309.3852s
	iters: 1100, epoch: 5 | loss: 0.3963041
	speed: 0.0975s/iter; left time: 3385.3496s
	iters: 1200, epoch: 5 | loss: 0.4522204
	speed: 0.0895s/iter; left time: 3097.4658s
	iters: 1300, epoch: 5 | loss: 0.3797573
	speed: 0.0924s/iter; left time: 3190.9757s
	iters: 1400, epoch: 5 | loss: 0.4573475
	speed: 0.0973s/iter; left time: 3348.6498s
	iters: 1500, epoch: 5 | loss: 0.6016545
	speed: 0.0965s/iter; left time: 3312.8609s
	iters: 1600, epoch: 5 | loss: 0.7217150
	speed: 0.0963s/iter; left time: 3296.3242s
	iters: 1700, epoch: 5 | loss: 0.4435182
	speed: 0.0938s/iter; left time: 3200.7000s
	iters: 1800, epoch: 5 | loss: 0.4076335
	speed: 0.0980s/iter; left time: 3333.4955s
	iters: 1900, epoch: 5 | loss: 0.6714426
	speed: 0.0953s/iter; left time: 3234.3639s
	iters: 2000, epoch: 5 | loss: 0.4147116
	speed: 0.0964s/iter; left time: 3261.0120s
	iters: 2100, epoch: 5 | loss: 0.6689535
	speed: 0.0907s/iter; left time: 3060.0702s
	iters: 2200, epoch: 5 | loss: 0.5848063
	speed: 0.0930s/iter; left time: 3126.2818s
Epoch: 5 cost time: 209.31789088249207
Epoch: 5, Steps: 2239 | Train Loss: 0.5877783 Vali Loss: 0.6206635 Test Loss: 0.3348747
Validation loss decreased (0.660920 --> 0.620664).  Saving model ...
Updating learning rate to 0.0003125
	iters: 100, epoch: 6 | loss: 0.6577303
	speed: 0.2824s/iter; left time: 9455.1580s
	iters: 200, epoch: 6 | loss: 0.4451126
	speed: 0.0855s/iter; left time: 2853.1801s
	iters: 300, epoch: 6 | loss: 0.4468865
	speed: 0.0856s/iter; left time: 2848.7957s
	iters: 400, epoch: 6 | loss: 0.3874907
	speed: 0.0957s/iter; left time: 3174.5190s
	iters: 500, epoch: 6 | loss: 0.9636719
	speed: 0.0964s/iter; left time: 3187.8871s
	iters: 600, epoch: 6 | loss: 0.6748973
	speed: 0.0945s/iter; left time: 3118.2786s
	iters: 700, epoch: 6 | loss: 0.7724082
	speed: 0.0957s/iter; left time: 3147.3216s
	iters: 800, epoch: 6 | loss: 0.6143574
	speed: 0.1009s/iter; left time: 3309.4913s
	iters: 900, epoch: 6 | loss: 0.9708805
	speed: 0.1002s/iter; left time: 3273.7244s
	iters: 1000, epoch: 6 | loss: 0.3822301
	speed: 0.0971s/iter; left time: 3164.8469s
	iters: 1100, epoch: 6 | loss: 0.4716584
	speed: 0.0921s/iter; left time: 2993.0196s
	iters: 1200, epoch: 6 | loss: 0.6023199
	speed: 0.0942s/iter; left time: 3050.0731s
	iters: 1300, epoch: 6 | loss: 0.4121955
	speed: 0.0950s/iter; left time: 3066.7350s
	iters: 1400, epoch: 6 | loss: 0.4959507
	speed: 0.0990s/iter; left time: 3185.0603s
	iters: 1500, epoch: 6 | loss: 0.6696288
	speed: 0.0944s/iter; left time: 3028.5493s
	iters: 1600, epoch: 6 | loss: 0.4016708
	speed: 0.1009s/iter; left time: 3226.8327s
	iters: 1700, epoch: 6 | loss: 0.4162882
	speed: 0.0968s/iter; left time: 3085.6996s
	iters: 1800, epoch: 6 | loss: 0.4353171
	speed: 0.0969s/iter; left time: 3078.9797s
	iters: 1900, epoch: 6 | loss: 0.4207206
	speed: 0.0986s/iter; left time: 3124.2804s
	iters: 2000, epoch: 6 | loss: 0.3987505
	speed: 0.0944s/iter; left time: 2982.8937s
	iters: 2100, epoch: 6 | loss: 0.5311822
	speed: 0.0992s/iter; left time: 3124.8049s
	iters: 2200, epoch: 6 | loss: 0.4309169
	speed: 0.0959s/iter; left time: 3009.6141s
Epoch: 6 cost time: 211.24822521209717
Epoch: 6, Steps: 2239 | Train Loss: 0.5678007 Vali Loss: 0.6130145 Test Loss: 0.3264154
Validation loss decreased (0.620664 --> 0.613014).  Saving model ...
Updating learning rate to 0.00015625
	iters: 100, epoch: 7 | loss: 0.6360760
	speed: 0.2938s/iter; left time: 9181.4244s
	iters: 200, epoch: 7 | loss: 0.4948247
	speed: 0.0844s/iter; left time: 2628.2312s
	iters: 300, epoch: 7 | loss: 0.8926632
	speed: 0.0937s/iter; left time: 2910.1560s
	iters: 400, epoch: 7 | loss: 0.7377987
	speed: 0.0982s/iter; left time: 3038.5995s
	iters: 500, epoch: 7 | loss: 0.5029470
	speed: 0.0971s/iter; left time: 2996.4806s
	iters: 600, epoch: 7 | loss: 0.6059211
	speed: 0.0952s/iter; left time: 2927.6621s
	iters: 700, epoch: 7 | loss: 0.3810861
	speed: 0.0975s/iter; left time: 2989.2308s
	iters: 800, epoch: 7 | loss: 0.5134892
	speed: 0.0953s/iter; left time: 2910.3745s
	iters: 900, epoch: 7 | loss: 0.4990003
	speed: 0.0961s/iter; left time: 2927.3591s
	iters: 1000, epoch: 7 | loss: 0.5261303
	speed: 0.0949s/iter; left time: 2881.2345s
	iters: 1100, epoch: 7 | loss: 0.9047233
	speed: 0.0922s/iter; left time: 2788.1801s
	iters: 1200, epoch: 7 | loss: 0.8020876
	speed: 0.0921s/iter; left time: 2777.0246s
	iters: 1300, epoch: 7 | loss: 0.9748590
	speed: 0.0895s/iter; left time: 2690.0316s
	iters: 1400, epoch: 7 | loss: 0.5967130
	speed: 0.0996s/iter; left time: 2982.0693s
	iters: 1500, epoch: 7 | loss: 0.3548209
	speed: 0.0979s/iter; left time: 2923.4341s
	iters: 1600, epoch: 7 | loss: 0.4786354
	speed: 0.0892s/iter; left time: 2654.1476s
	iters: 1700, epoch: 7 | loss: 0.4295242
	speed: 0.1002s/iter; left time: 2970.9238s
	iters: 1800, epoch: 7 | loss: 0.4974629
	speed: 0.1000s/iter; left time: 2955.4594s
	iters: 1900, epoch: 7 | loss: 0.4611083
	speed: 0.0988s/iter; left time: 2907.8920s
	iters: 2000, epoch: 7 | loss: 0.3876818
	speed: 0.1001s/iter; left time: 2936.4745s
	iters: 2100, epoch: 7 | loss: 0.4677796
	speed: 0.0992s/iter; left time: 2899.9704s
	iters: 2200, epoch: 7 | loss: 0.8080012
	speed: 0.0951s/iter; left time: 2772.3641s
Epoch: 7 cost time: 211.07706880569458
Epoch: 7, Steps: 2239 | Train Loss: 0.5590051 Vali Loss: 0.5884724 Test Loss: 0.3215397
Validation loss decreased (0.613014 --> 0.588472).  Saving model ...
Updating learning rate to 7.8125e-05
	iters: 100, epoch: 8 | loss: 0.5073567
	speed: 0.2860s/iter; left time: 8295.4786s
	iters: 200, epoch: 8 | loss: 0.7402226
	speed: 0.0838s/iter; left time: 2422.0738s
	iters: 300, epoch: 8 | loss: 0.4244875
	speed: 0.0887s/iter; left time: 2554.1980s
	iters: 400, epoch: 8 | loss: 0.5701826
	speed: 0.0935s/iter; left time: 2683.1961s
	iters: 500, epoch: 8 | loss: 0.4385152
	speed: 0.0957s/iter; left time: 2738.5976s
	iters: 600, epoch: 8 | loss: 0.4062257
	speed: 0.0993s/iter; left time: 2830.2689s
	iters: 700, epoch: 8 | loss: 0.5318013
	speed: 0.0944s/iter; left time: 2682.7907s
	iters: 800, epoch: 8 | loss: 0.5674168
	speed: 0.0957s/iter; left time: 2709.4590s
	iters: 900, epoch: 8 | loss: 1.0235023
	speed: 0.0931s/iter; left time: 2627.5160s
	iters: 1000, epoch: 8 | loss: 0.4263186
	speed: 0.0909s/iter; left time: 2556.2511s
	iters: 1100, epoch: 8 | loss: 0.3517928
	speed: 0.0979s/iter; left time: 2743.1964s
	iters: 1200, epoch: 8 | loss: 0.4721738
	speed: 0.0950s/iter; left time: 2650.8232s
	iters: 1300, epoch: 8 | loss: 0.6388340
	speed: 0.0969s/iter; left time: 2693.6803s
	iters: 1400, epoch: 8 | loss: 0.6300430
	speed: 0.0977s/iter; left time: 2705.8314s
	iters: 1500, epoch: 8 | loss: 0.6259689
	speed: 0.0928s/iter; left time: 2561.4650s
	iters: 1600, epoch: 8 | loss: 0.5094483
	speed: 0.0921s/iter; left time: 2532.8465s
	iters: 1700, epoch: 8 | loss: 0.4900230
	speed: 0.0966s/iter; left time: 2647.4410s
	iters: 1800, epoch: 8 | loss: 0.5321859
	speed: 0.0951s/iter; left time: 2597.2805s
	iters: 1900, epoch: 8 | loss: 0.5223312
	speed: 0.0975s/iter; left time: 2651.7700s
	iters: 2000, epoch: 8 | loss: 0.4239192
	speed: 0.0933s/iter; left time: 2528.0861s
	iters: 2100, epoch: 8 | loss: 0.3795249
	speed: 0.0964s/iter; left time: 2604.8370s
	iters: 2200, epoch: 8 | loss: 0.5081815
	speed: 0.1032s/iter; left time: 2778.2354s
Epoch: 8 cost time: 209.6115128993988
Epoch: 8, Steps: 2239 | Train Loss: 0.5550658 Vali Loss: 0.5987275 Test Loss: 0.3174815
EarlyStopping counter: 1 out of 5
Updating learning rate to 3.90625e-05
	iters: 100, epoch: 9 | loss: 0.8173880
	speed: 0.2960s/iter; left time: 7923.9843s
	iters: 200, epoch: 9 | loss: 0.4031175
	speed: 0.0841s/iter; left time: 2241.6632s
	iters: 300, epoch: 9 | loss: 0.4864749
	speed: 0.0914s/iter; left time: 2428.5971s
	iters: 400, epoch: 9 | loss: 0.6817958
	speed: 0.0959s/iter; left time: 2537.9567s
	iters: 500, epoch: 9 | loss: 0.5264189
	speed: 0.0908s/iter; left time: 2393.0434s
	iters: 600, epoch: 9 | loss: 0.7893027
	speed: 0.0939s/iter; left time: 2466.9146s
	iters: 700, epoch: 9 | loss: 0.9408106
	speed: 0.0925s/iter; left time: 2420.6811s
	iters: 800, epoch: 9 | loss: 0.4584811
	speed: 0.0930s/iter; left time: 2424.7063s
	iters: 900, epoch: 9 | loss: 0.6092565
	speed: 0.0958s/iter; left time: 2487.1901s
	iters: 1000, epoch: 9 | loss: 0.6515440
	speed: 0.0952s/iter; left time: 2461.6402s
	iters: 1100, epoch: 9 | loss: 0.3881122
	speed: 0.0969s/iter; left time: 2496.8327s
	iters: 1200, epoch: 9 | loss: 0.4008037
	speed: 0.0961s/iter; left time: 2467.3422s
	iters: 1300, epoch: 9 | loss: 0.7122598
	speed: 0.0965s/iter; left time: 2467.3167s
	iters: 1400, epoch: 9 | loss: 0.4157078
	speed: 0.0995s/iter; left time: 2534.0336s
	iters: 1500, epoch: 9 | loss: 0.4691453
	speed: 0.1013s/iter; left time: 2568.8672s
	iters: 1600, epoch: 9 | loss: 0.4203254
	speed: 0.1003s/iter; left time: 2534.4803s
	iters: 1700, epoch: 9 | loss: 0.6834773
	speed: 0.0938s/iter; left time: 2361.3176s
	iters: 1800, epoch: 9 | loss: 0.6907849
	speed: 0.0938s/iter; left time: 2352.2837s
	iters: 1900, epoch: 9 | loss: 0.3887773
	speed: 0.0974s/iter; left time: 2432.3603s
	iters: 2000, epoch: 9 | loss: 0.5342599
	speed: 0.0977s/iter; left time: 2429.1449s
	iters: 2100, epoch: 9 | loss: 0.4879852
	speed: 0.0970s/iter; left time: 2403.8150s
	iters: 2200, epoch: 9 | loss: 0.6075247
	speed: 0.0965s/iter; left time: 2381.2434s
Epoch: 9 cost time: 210.7014307975769
Epoch: 9, Steps: 2239 | Train Loss: 0.5529621 Vali Loss: 0.5925105 Test Loss: 0.3168619
EarlyStopping counter: 2 out of 5
Updating learning rate to 1.953125e-05
	iters: 100, epoch: 10 | loss: 0.3903679
	speed: 0.2879s/iter; left time: 7061.6685s
	iters: 200, epoch: 10 | loss: 0.5019259
	speed: 0.0800s/iter; left time: 1955.2122s
	iters: 300, epoch: 10 | loss: 0.8232918
	speed: 0.0854s/iter; left time: 2077.3839s
	iters: 400, epoch: 10 | loss: 0.4207589
	speed: 0.0927s/iter; left time: 2245.9212s
	iters: 500, epoch: 10 | loss: 0.4374564
	speed: 0.0902s/iter; left time: 2176.3367s
	iters: 600, epoch: 10 | loss: 0.7021391
	speed: 0.0877s/iter; left time: 2106.3249s
	iters: 700, epoch: 10 | loss: 0.4708776
	speed: 0.0956s/iter; left time: 2286.8364s
	iters: 800, epoch: 10 | loss: 0.4045023
	speed: 0.0980s/iter; left time: 2334.4141s
	iters: 900, epoch: 10 | loss: 0.8023410
	speed: 0.0941s/iter; left time: 2233.1402s
	iters: 1000, epoch: 10 | loss: 0.5648636
	speed: 0.0980s/iter; left time: 2316.1435s
	iters: 1100, epoch: 10 | loss: 0.5094261
	speed: 0.0956s/iter; left time: 2249.3365s
	iters: 1200, epoch: 10 | loss: 0.4729183
	speed: 0.0938s/iter; left time: 2198.0188s
	iters: 1300, epoch: 10 | loss: 0.4498014
	speed: 0.0966s/iter; left time: 2252.9766s
	iters: 1400, epoch: 10 | loss: 0.7297017
	speed: 0.0914s/iter; left time: 2122.1345s
	iters: 1500, epoch: 10 | loss: 0.4288743
	speed: 0.0973s/iter; left time: 2251.5231s
	iters: 1600, epoch: 10 | loss: 0.4046606
	speed: 0.0927s/iter; left time: 2133.8648s
	iters: 1700, epoch: 10 | loss: 0.7262431
	speed: 0.0958s/iter; left time: 2195.8656s
	iters: 1800, epoch: 10 | loss: 0.6445959
	speed: 0.0966s/iter; left time: 2205.2758s
	iters: 1900, epoch: 10 | loss: 0.9615123
	speed: 0.0972s/iter; left time: 2210.4322s
	iters: 2000, epoch: 10 | loss: 0.4734485
	speed: 0.0975s/iter; left time: 2207.4054s
	iters: 2100, epoch: 10 | loss: 0.4500563
	speed: 0.0970s/iter; left time: 2184.7334s
	iters: 2200, epoch: 10 | loss: 0.7056311
	speed: 0.0993s/iter; left time: 2228.1199s
Epoch: 10 cost time: 208.10174179077148
Epoch: 10, Steps: 2239 | Train Loss: 0.5518428 Vali Loss: 0.5908302 Test Loss: 0.3172937
EarlyStopping counter: 3 out of 5
Updating learning rate to 9.765625e-06
	iters: 100, epoch: 11 | loss: 0.9154423
	speed: 0.3031s/iter; left time: 6756.3259s
	iters: 200, epoch: 11 | loss: 0.4231946
	speed: 0.0824s/iter; left time: 1827.6818s
	iters: 300, epoch: 11 | loss: 0.6984871
	speed: 0.0834s/iter; left time: 1841.5741s
	iters: 400, epoch: 11 | loss: 0.4621916
	speed: 0.0903s/iter; left time: 1986.4725s
	iters: 500, epoch: 11 | loss: 0.5038372
	speed: 0.0974s/iter; left time: 2132.9907s
	iters: 600, epoch: 11 | loss: 0.3503773
	speed: 0.0963s/iter; left time: 2099.5161s
	iters: 700, epoch: 11 | loss: 0.7350481
	speed: 0.0935s/iter; left time: 2028.5579s
	iters: 800, epoch: 11 | loss: 0.3210353
	speed: 0.0965s/iter; left time: 2084.4673s
	iters: 900, epoch: 11 | loss: 0.4513635
	speed: 0.0961s/iter; left time: 2066.2407s
	iters: 1000, epoch: 11 | loss: 0.4225488
	speed: 0.0945s/iter; left time: 2022.3730s
	iters: 1100, epoch: 11 | loss: 0.4973345
	speed: 0.1017s/iter; left time: 2164.8421s
	iters: 1200, epoch: 11 | loss: 0.4642428
	speed: 0.0987s/iter; left time: 2091.3393s
	iters: 1300, epoch: 11 | loss: 0.7996149
	speed: 0.0994s/iter; left time: 2097.3964s
	iters: 1400, epoch: 11 | loss: 0.5076668
	speed: 0.0959s/iter; left time: 2013.5238s
	iters: 1500, epoch: 11 | loss: 0.7494602
	speed: 0.0933s/iter; left time: 1948.2746s
	iters: 1600, epoch: 11 | loss: 0.5549322
	speed: 0.1004s/iter; left time: 2086.6762s
	iters: 1700, epoch: 11 | loss: 0.4652453
	speed: 0.1018s/iter; left time: 2106.8352s
	iters: 1800, epoch: 11 | loss: 0.3510123
	speed: 0.0981s/iter; left time: 2019.8709s
	iters: 1900, epoch: 11 | loss: 0.3813637
	speed: 0.0995s/iter; left time: 2039.7699s
	iters: 2000, epoch: 11 | loss: 0.4620706
	speed: 0.0986s/iter; left time: 2010.1496s
	iters: 2100, epoch: 11 | loss: 0.4100424
	speed: 0.0967s/iter; left time: 1961.4425s
	iters: 2200, epoch: 11 | loss: 0.4728043
	speed: 0.0893s/iter; left time: 1802.2988s
Epoch: 11 cost time: 211.37765312194824
Epoch: 11, Steps: 2239 | Train Loss: 0.5513832 Vali Loss: 0.5914465 Test Loss: 0.3174459
EarlyStopping counter: 4 out of 5
Updating learning rate to 4.8828125e-06
	iters: 100, epoch: 12 | loss: 0.4364652
	speed: 0.3019s/iter; left time: 6054.5423s
	iters: 200, epoch: 12 | loss: 0.4867552
	speed: 0.0799s/iter; left time: 1593.9173s
	iters: 300, epoch: 12 | loss: 0.3813960
	speed: 0.0855s/iter; left time: 1696.4313s
	iters: 400, epoch: 12 | loss: 0.4427469
	speed: 0.0945s/iter; left time: 1866.7336s
	iters: 500, epoch: 12 | loss: 0.4414186
	speed: 0.0948s/iter; left time: 1862.2442s
	iters: 600, epoch: 12 | loss: 0.4811915
	speed: 0.0935s/iter; left time: 1827.9412s
	iters: 700, epoch: 12 | loss: 0.4514159
	speed: 0.0953s/iter; left time: 1854.0715s
	iters: 800, epoch: 12 | loss: 0.5084348
	speed: 0.0967s/iter; left time: 1871.2239s
	iters: 900, epoch: 12 | loss: 1.0217961
	speed: 0.0962s/iter; left time: 1852.1081s
	iters: 1000, epoch: 12 | loss: 0.5997664
	speed: 0.0973s/iter; left time: 1863.7578s
	iters: 1100, epoch: 12 | loss: 0.6096123
	speed: 0.0944s/iter; left time: 1797.6814s
	iters: 1200, epoch: 12 | loss: 0.3845489
	speed: 0.0962s/iter; left time: 1823.3718s
	iters: 1300, epoch: 12 | loss: 0.7034050
	speed: 0.0958s/iter; left time: 1805.9189s
	iters: 1400, epoch: 12 | loss: 0.5283887
	speed: 0.0951s/iter; left time: 1784.0129s
	iters: 1500, epoch: 12 | loss: 0.3857405
	speed: 0.0980s/iter; left time: 1827.3944s
	iters: 1600, epoch: 12 | loss: 0.4632580
	speed: 0.0973s/iter; left time: 1805.6770s
	iters: 1700, epoch: 12 | loss: 0.8193573
	speed: 0.0977s/iter; left time: 1802.7530s
	iters: 1800, epoch: 12 | loss: 0.3827566
	speed: 0.0977s/iter; left time: 1792.3258s
	iters: 1900, epoch: 12 | loss: 0.4853658
	speed: 0.0983s/iter; left time: 1795.0055s
	iters: 2000, epoch: 12 | loss: 0.5018356
	speed: 0.0966s/iter; left time: 1754.1509s
	iters: 2100, epoch: 12 | loss: 0.6744375
	speed: 0.0909s/iter; left time: 1641.8289s
	iters: 2200, epoch: 12 | loss: 0.5756849
	speed: 0.1000s/iter; left time: 1795.2207s
Epoch: 12 cost time: 210.79006457328796
Epoch: 12, Steps: 2239 | Train Loss: 0.5511213 Vali Loss: 0.5922278 Test Loss: 0.3163836
EarlyStopping counter: 5 out of 5
Early stopping
>>>>>>>testing : weather_336_720_DLinear_custom_ftM_sl336_ll48_pl720_dm512_nh8_el2_dl1_df2048_fc1_ebtimeF_dtTrue_Exp_0_seed15227<<<<<<<<<<<<<<<<<<<<<<<<<<<<<<<<<
test 9820
mse:0.32148149609565735, mae:0.3640007972717285
