Args in experiment:
Namespace(activation='gelu', batch_size=8, c_out=7, checkpoints='./checkpoints/', d_ff=2048, d_layers=1, d_model=512, data='ETTm1', data_path='ETTm1.csv', dec_in=7, des='Exp', devices='0,1,2,3', distil=True, do_predict=False, dropout=0.05, e_layers=2, embed='timeF', embed_type=0, enc_in=7, factor=1, features='M', freq='h', gpu=0, individual=True, is_training=1, itr=1, label_len=48, learning_rate=0.005, loss='mse', lradj='type1', model='DLinear', model_id='ETTm1_336_192', moving_avg=25, n_heads=8, num_workers=0, output_attention=False, patience=5, pred_len=192, root_path='./dataset/', save_pred_values=False, seed=3144, seq_len=336, target='OT', test_flop=False, train_epochs=20, train_only=False, use_amp=False, use_gpu=False, use_multi_gpu=False)
Use CPU
>>>>>>>start training : ETTm1_336_192_DLinear_ETTm1_ftM_sl336_ll48_pl192_dm512_nh8_el2_dl1_df2048_fc1_ebtimeF_dtTrue_Exp_0_seed3144>>>>>>>>>>>>>>>>>>>>>>>>>>
train 34033
val 11329
test 11329
	iters: 100, epoch: 1 | loss: 0.4466892
	speed: 0.0081s/iter; left time: 685.1391s
	iters: 200, epoch: 1 | loss: 0.4347002
	speed: 0.0077s/iter; left time: 657.3883s
	iters: 300, epoch: 1 | loss: 0.5996981
	speed: 0.0073s/iter; left time: 619.7505s
	iters: 400, epoch: 1 | loss: 0.4083770
	speed: 0.0058s/iter; left time: 491.4059s
	iters: 500, epoch: 1 | loss: 0.5426120
	speed: 0.0057s/iter; left time: 484.0010s
	iters: 600, epoch: 1 | loss: 0.5654159
	speed: 0.0078s/iter; left time: 662.3036s
	iters: 700, epoch: 1 | loss: 0.4179277
	speed: 0.0079s/iter; left time: 663.4387s
	iters: 800, epoch: 1 | loss: 0.5209020
	speed: 0.0071s/iter; left time: 595.2562s
	iters: 900, epoch: 1 | loss: 0.3516364
	speed: 0.0076s/iter; left time: 637.3290s
	iters: 1000, epoch: 1 | loss: 0.4610507
	speed: 0.0071s/iter; left time: 594.4529s
	iters: 1100, epoch: 1 | loss: 0.4527669
	speed: 0.0072s/iter; left time: 602.3226s
	iters: 1200, epoch: 1 | loss: 0.3743473
	speed: 0.0071s/iter; left time: 597.4366s
	iters: 1300, epoch: 1 | loss: 0.4794455
	speed: 0.0072s/iter; left time: 606.6511s
	iters: 1400, epoch: 1 | loss: 0.6451155
	speed: 0.0064s/iter; left time: 539.7420s
	iters: 1500, epoch: 1 | loss: 0.4127810
	speed: 0.0062s/iter; left time: 517.4662s
	iters: 1600, epoch: 1 | loss: 0.5002025
	speed: 0.0074s/iter; left time: 615.4333s
	iters: 1700, epoch: 1 | loss: 0.6535058
	speed: 0.0070s/iter; left time: 582.6836s
	iters: 1800, epoch: 1 | loss: 0.4492452
	speed: 0.0073s/iter; left time: 607.2897s
	iters: 1900, epoch: 1 | loss: 0.5501749
	speed: 0.0063s/iter; left time: 526.6412s
	iters: 2000, epoch: 1 | loss: 0.5185406
	speed: 0.0062s/iter; left time: 511.7805s
	iters: 2100, epoch: 1 | loss: 0.3796166
	speed: 0.0068s/iter; left time: 561.7709s
	iters: 2200, epoch: 1 | loss: 0.9994907
	speed: 0.0072s/iter; left time: 600.2582s
	iters: 2300, epoch: 1 | loss: 0.5650459
	speed: 0.0075s/iter; left time: 622.3622s
	iters: 2400, epoch: 1 | loss: 0.3702085
	speed: 0.0073s/iter; left time: 601.2917s
	iters: 2500, epoch: 1 | loss: 0.4874699
	speed: 0.0060s/iter; left time: 494.8712s
	iters: 2600, epoch: 1 | loss: 0.4083658
	speed: 0.0060s/iter; left time: 490.7635s
	iters: 2700, epoch: 1 | loss: 0.4203317
	speed: 0.0067s/iter; left time: 550.4999s
	iters: 2800, epoch: 1 | loss: 0.5232676
	speed: 0.0068s/iter; left time: 562.9227s
	iters: 2900, epoch: 1 | loss: 0.5388613
	speed: 0.0049s/iter; left time: 401.0436s
	iters: 3000, epoch: 1 | loss: 0.5778077
	speed: 0.0065s/iter; left time: 533.7548s
	iters: 3100, epoch: 1 | loss: 0.4833409
	speed: 0.0077s/iter; left time: 632.2345s
	iters: 3200, epoch: 1 | loss: 0.4256824
	speed: 0.0065s/iter; left time: 529.7266s
	iters: 3300, epoch: 1 | loss: 0.3896661
	speed: 0.0062s/iter; left time: 506.4191s
	iters: 3400, epoch: 1 | loss: 0.4964925
	speed: 0.0069s/iter; left time: 565.2642s
	iters: 3500, epoch: 1 | loss: 0.5042585
	speed: 0.0057s/iter; left time: 466.8425s
	iters: 3600, epoch: 1 | loss: 0.7383180
	speed: 0.0065s/iter; left time: 532.9639s
	iters: 3700, epoch: 1 | loss: 0.3942405
	speed: 0.0073s/iter; left time: 596.5245s
	iters: 3800, epoch: 1 | loss: 0.5523288
	speed: 0.0065s/iter; left time: 525.9350s
	iters: 3900, epoch: 1 | loss: 0.6177049
	speed: 0.0064s/iter; left time: 515.7128s
	iters: 4000, epoch: 1 | loss: 0.6132436
	speed: 0.0066s/iter; left time: 538.2511s
	iters: 4100, epoch: 1 | loss: 0.4308186
	speed: 0.0068s/iter; left time: 550.1225s
	iters: 4200, epoch: 1 | loss: 0.6350818
	speed: 0.0074s/iter; left time: 596.9623s
Epoch: 1 cost time: 29.04339337348938
Epoch: 1, Steps: 4254 | Train Loss: 0.5344417 Vali Loss: 1.5831516 Test Loss: 0.9131262
Validation loss decreased (inf --> 1.583152).  Saving model ...
Updating learning rate to 0.005
	iters: 100, epoch: 2 | loss: 0.5200748
	speed: 0.0459s/iter; left time: 3704.5181s
	iters: 200, epoch: 2 | loss: 0.4814094
	speed: 0.0065s/iter; left time: 524.2759s
	iters: 300, epoch: 2 | loss: 0.4595892
	speed: 0.0069s/iter; left time: 557.2773s
	iters: 400, epoch: 2 | loss: 0.5260085
	speed: 0.0074s/iter; left time: 597.6096s
	iters: 500, epoch: 2 | loss: 0.4745542
	speed: 0.0066s/iter; left time: 527.2116s
	iters: 600, epoch: 2 | loss: 0.4694410
	speed: 0.0066s/iter; left time: 525.7043s
	iters: 700, epoch: 2 | loss: 0.5740796
	speed: 0.0074s/iter; left time: 594.1565s
	iters: 800, epoch: 2 | loss: 0.3882252
	speed: 0.0065s/iter; left time: 516.9045s
	iters: 900, epoch: 2 | loss: 0.4228552
	speed: 0.0071s/iter; left time: 566.0512s
	iters: 1000, epoch: 2 | loss: 0.6027620
	speed: 0.0071s/iter; left time: 564.6285s
	iters: 1100, epoch: 2 | loss: 0.4835715
	speed: 0.0066s/iter; left time: 527.7931s
	iters: 1200, epoch: 2 | loss: 0.4376832
	speed: 0.0074s/iter; left time: 586.2900s
	iters: 1300, epoch: 2 | loss: 0.4902953
	speed: 0.0077s/iter; left time: 608.6046s
	iters: 1400, epoch: 2 | loss: 0.4044465
	speed: 0.0070s/iter; left time: 553.6378s
	iters: 1500, epoch: 2 | loss: 0.6952763
	speed: 0.0070s/iter; left time: 552.3055s
	iters: 1600, epoch: 2 | loss: 0.5694411
	speed: 0.0071s/iter; left time: 565.0374s
	iters: 1700, epoch: 2 | loss: 0.4478987
	speed: 0.0060s/iter; left time: 478.5897s
	iters: 1800, epoch: 2 | loss: 0.5052105
	speed: 0.0067s/iter; left time: 526.5293s
	iters: 1900, epoch: 2 | loss: 0.5172771
	speed: 0.0063s/iter; left time: 495.8164s
	iters: 2000, epoch: 2 | loss: 0.3869437
	speed: 0.0065s/iter; left time: 516.1849s
	iters: 2100, epoch: 2 | loss: 0.3762720
	speed: 0.0074s/iter; left time: 580.3929s
	iters: 2200, epoch: 2 | loss: 0.5409434
	speed: 0.0070s/iter; left time: 548.1247s
	iters: 2300, epoch: 2 | loss: 0.6253047
	speed: 0.0070s/iter; left time: 547.6346s
	iters: 2400, epoch: 2 | loss: 0.4332829
	speed: 0.0071s/iter; left time: 560.6195s
	iters: 2500, epoch: 2 | loss: 0.5540490
	speed: 0.0073s/iter; left time: 570.3494s
	iters: 2600, epoch: 2 | loss: 0.4069095
	speed: 0.0073s/iter; left time: 571.2880s
	iters: 2700, epoch: 2 | loss: 0.3693122
	speed: 0.0066s/iter; left time: 513.2948s
	iters: 2800, epoch: 2 | loss: 0.4413650
	speed: 0.0065s/iter; left time: 504.9616s
	iters: 2900, epoch: 2 | loss: 0.4790363
	speed: 0.0071s/iter; left time: 551.9455s
	iters: 3000, epoch: 2 | loss: 0.4125932
	speed: 0.0064s/iter; left time: 497.1944s
	iters: 3100, epoch: 2 | loss: 0.4439326
	speed: 0.0067s/iter; left time: 521.0096s
	iters: 3200, epoch: 2 | loss: 0.5553607
	speed: 0.0074s/iter; left time: 570.6254s
	iters: 3300, epoch: 2 | loss: 0.8665035
	speed: 0.0070s/iter; left time: 539.5887s
	iters: 3400, epoch: 2 | loss: 0.9834860
	speed: 0.0072s/iter; left time: 559.2536s
	iters: 3500, epoch: 2 | loss: 0.4477347
	speed: 0.0076s/iter; left time: 588.7298s
	iters: 3600, epoch: 2 | loss: 0.5138936
	speed: 0.0079s/iter; left time: 613.8078s
	iters: 3700, epoch: 2 | loss: 1.7525949
	speed: 0.0065s/iter; left time: 504.4099s
	iters: 3800, epoch: 2 | loss: 0.4481727
	speed: 0.0066s/iter; left time: 510.7943s
	iters: 3900, epoch: 2 | loss: 0.7280714
	speed: 0.0074s/iter; left time: 568.4768s
	iters: 4000, epoch: 2 | loss: 0.3427580
	speed: 0.0065s/iter; left time: 501.6822s
	iters: 4100, epoch: 2 | loss: 0.4142074
	speed: 0.0060s/iter; left time: 461.2468s
	iters: 4200, epoch: 2 | loss: 0.5750308
	speed: 0.0064s/iter; left time: 486.6341s
Epoch: 2 cost time: 29.15356945991516
Epoch: 2, Steps: 4254 | Train Loss: 0.5359400 Vali Loss: 0.9752451 Test Loss: 0.5867582
Validation loss decreased (1.583152 --> 0.975245).  Saving model ...
Updating learning rate to 0.0025
	iters: 100, epoch: 3 | loss: 0.4079658
	speed: 0.0530s/iter; left time: 4052.5131s
	iters: 200, epoch: 3 | loss: 0.3566876
	speed: 0.0066s/iter; left time: 504.1979s
	iters: 300, epoch: 3 | loss: 0.4745888
	speed: 0.0064s/iter; left time: 488.1911s
	iters: 400, epoch: 3 | loss: 0.4918347
	speed: 0.0065s/iter; left time: 498.3318s
	iters: 500, epoch: 3 | loss: 0.3309141
	speed: 0.0071s/iter; left time: 540.9336s
	iters: 600, epoch: 3 | loss: 0.3387456
	speed: 0.0072s/iter; left time: 545.4870s
	iters: 700, epoch: 3 | loss: 0.3089702
	speed: 0.0075s/iter; left time: 566.3049s
	iters: 800, epoch: 3 | loss: 0.3582083
	speed: 0.0075s/iter; left time: 569.2658s
	iters: 900, epoch: 3 | loss: 0.3118158
	speed: 0.0072s/iter; left time: 545.6357s
	iters: 1000, epoch: 3 | loss: 0.3430546
	speed: 0.0067s/iter; left time: 504.1231s
	iters: 1100, epoch: 3 | loss: 0.5361778
	speed: 0.0070s/iter; left time: 526.8963s
	iters: 1200, epoch: 3 | loss: 0.3295525
	speed: 0.0066s/iter; left time: 499.0039s
	iters: 1300, epoch: 3 | loss: 0.2491038
	speed: 0.0057s/iter; left time: 427.5516s
	iters: 1400, epoch: 3 | loss: 0.3474419
	speed: 0.0064s/iter; left time: 483.6928s
	iters: 1500, epoch: 3 | loss: 0.3694402
	speed: 0.0075s/iter; left time: 561.0498s
	iters: 1600, epoch: 3 | loss: 0.3531018
	speed: 0.0077s/iter; left time: 580.2933s
	iters: 1700, epoch: 3 | loss: 0.3944964
	speed: 0.0074s/iter; left time: 555.0925s
	iters: 1800, epoch: 3 | loss: 0.3661729
	speed: 0.0074s/iter; left time: 555.0332s
	iters: 1900, epoch: 3 | loss: 0.4360123
	speed: 0.0074s/iter; left time: 555.0118s
	iters: 2000, epoch: 3 | loss: 0.3249443
	speed: 0.0076s/iter; left time: 564.5171s
	iters: 2100, epoch: 3 | loss: 0.3390439
	speed: 0.0069s/iter; left time: 510.3295s
	iters: 2200, epoch: 3 | loss: 0.4576128
	speed: 0.0072s/iter; left time: 532.7223s
	iters: 2300, epoch: 3 | loss: 0.3506024
	speed: 0.0070s/iter; left time: 517.8477s
	iters: 2400, epoch: 3 | loss: 0.2515445
	speed: 0.0065s/iter; left time: 483.0896s
	iters: 2500, epoch: 3 | loss: 0.2994137
	speed: 0.0060s/iter; left time: 446.0915s
	iters: 2600, epoch: 3 | loss: 0.3942164
	speed: 0.0073s/iter; left time: 540.6186s
	iters: 2700, epoch: 3 | loss: 0.4242120
	speed: 0.0078s/iter; left time: 579.3710s
	iters: 2800, epoch: 3 | loss: 0.2624853
	speed: 0.0074s/iter; left time: 547.6270s
	iters: 2900, epoch: 3 | loss: 0.3890452
	speed: 0.0076s/iter; left time: 562.0247s
	iters: 3000, epoch: 3 | loss: 0.2282312
	speed: 0.0075s/iter; left time: 555.3508s
	iters: 3100, epoch: 3 | loss: 0.5199568
	speed: 0.0075s/iter; left time: 550.4722s
	iters: 3200, epoch: 3 | loss: 0.3357047
	speed: 0.0075s/iter; left time: 551.9031s
	iters: 3300, epoch: 3 | loss: 0.4347036
	speed: 0.0072s/iter; left time: 528.1944s
	iters: 3400, epoch: 3 | loss: 0.3591750
	speed: 0.0072s/iter; left time: 526.1256s
	iters: 3500, epoch: 3 | loss: 0.3225988
	speed: 0.0071s/iter; left time: 519.1354s
	iters: 3600, epoch: 3 | loss: 0.2726866
	speed: 0.0071s/iter; left time: 514.6228s
	iters: 3700, epoch: 3 | loss: 0.4498366
	speed: 0.0072s/iter; left time: 525.6409s
	iters: 3800, epoch: 3 | loss: 0.3041760
	speed: 0.0074s/iter; left time: 537.0642s
	iters: 3900, epoch: 3 | loss: 0.4085328
	speed: 0.0071s/iter; left time: 518.9320s
	iters: 4000, epoch: 3 | loss: 0.7550128
	speed: 0.0066s/iter; left time: 479.8193s
	iters: 4100, epoch: 3 | loss: 0.3729357
	speed: 0.0066s/iter; left time: 477.5958s
	iters: 4200, epoch: 3 | loss: 0.3616839
	speed: 0.0069s/iter; left time: 497.3571s
Epoch: 3 cost time: 30.034481048583984
Epoch: 3, Steps: 4254 | Train Loss: 0.3882251 Vali Loss: 0.6206037 Test Loss: 0.4350177
Validation loss decreased (0.975245 --> 0.620604).  Saving model ...
Updating learning rate to 0.00125
	iters: 100, epoch: 4 | loss: 0.3417653
	speed: 0.0522s/iter; left time: 3768.4564s
	iters: 200, epoch: 4 | loss: 0.2842589
	speed: 0.0062s/iter; left time: 447.3539s
	iters: 300, epoch: 4 | loss: 0.4084081
	speed: 0.0066s/iter; left time: 471.8901s
	iters: 400, epoch: 4 | loss: 0.3024749
	speed: 0.0063s/iter; left time: 455.9672s
	iters: 500, epoch: 4 | loss: 0.5388133
	speed: 0.0057s/iter; left time: 410.9831s
	iters: 600, epoch: 4 | loss: 0.3094301
	speed: 0.0058s/iter; left time: 413.1445s
	iters: 700, epoch: 4 | loss: 0.2019424
	speed: 0.0076s/iter; left time: 541.0254s
	iters: 800, epoch: 4 | loss: 0.4174344
	speed: 0.0064s/iter; left time: 459.3158s
	iters: 900, epoch: 4 | loss: 0.3465179
	speed: 0.0069s/iter; left time: 492.1122s
	iters: 1000, epoch: 4 | loss: 0.3691950
	speed: 0.0064s/iter; left time: 453.7830s
	iters: 1100, epoch: 4 | loss: 0.4116321
	speed: 0.0054s/iter; left time: 381.7048s
	iters: 1200, epoch: 4 | loss: 0.2598062
	speed: 0.0067s/iter; left time: 477.9247s
	iters: 1300, epoch: 4 | loss: 0.2969184
	speed: 0.0057s/iter; left time: 406.4908s
	iters: 1400, epoch: 4 | loss: 0.3108073
	speed: 0.0057s/iter; left time: 407.1122s
	iters: 1500, epoch: 4 | loss: 0.3357147
	speed: 0.0065s/iter; left time: 457.7085s
	iters: 1600, epoch: 4 | loss: 0.3615516
	speed: 0.0073s/iter; left time: 515.7444s
	iters: 1700, epoch: 4 | loss: 0.3097560
	speed: 0.0071s/iter; left time: 503.5133s
	iters: 1800, epoch: 4 | loss: 0.2986335
	speed: 0.0076s/iter; left time: 533.9184s
	iters: 1900, epoch: 4 | loss: 0.2410112
	speed: 0.0077s/iter; left time: 539.4571s
	iters: 2000, epoch: 4 | loss: 0.4764790
	speed: 0.0071s/iter; left time: 498.0558s
	iters: 2100, epoch: 4 | loss: 0.3686789
	speed: 0.0063s/iter; left time: 439.5709s
	iters: 2200, epoch: 4 | loss: 0.3770479
	speed: 0.0068s/iter; left time: 479.6424s
	iters: 2300, epoch: 4 | loss: 0.2797154
	speed: 0.0073s/iter; left time: 511.1641s
	iters: 2400, epoch: 4 | loss: 0.5765399
	speed: 0.0063s/iter; left time: 439.0938s
	iters: 2500, epoch: 4 | loss: 0.3737335
	speed: 0.0070s/iter; left time: 488.9151s
	iters: 2600, epoch: 4 | loss: 0.3442414
	speed: 0.0070s/iter; left time: 488.9055s
	iters: 2700, epoch: 4 | loss: 0.5321537
	speed: 0.0067s/iter; left time: 468.4111s
	iters: 2800, epoch: 4 | loss: 0.3262485
	speed: 0.0076s/iter; left time: 529.8890s
	iters: 2900, epoch: 4 | loss: 0.3791434
	speed: 0.0070s/iter; left time: 484.2040s
	iters: 3000, epoch: 4 | loss: 0.4996521
	speed: 0.0065s/iter; left time: 447.9512s
	iters: 3100, epoch: 4 | loss: 0.3019462
	speed: 0.0066s/iter; left time: 458.9659s
	iters: 3200, epoch: 4 | loss: 0.3406493
	speed: 0.0064s/iter; left time: 443.8979s
	iters: 3300, epoch: 4 | loss: 0.3085752
	speed: 0.0061s/iter; left time: 421.0143s
	iters: 3400, epoch: 4 | loss: 0.4064563
	speed: 0.0070s/iter; left time: 483.0200s
	iters: 3500, epoch: 4 | loss: 0.2640842
	speed: 0.0074s/iter; left time: 510.1739s
	iters: 3600, epoch: 4 | loss: 0.2535613
	speed: 0.0074s/iter; left time: 508.5760s
	iters: 3700, epoch: 4 | loss: 0.3094117
	speed: 0.0073s/iter; left time: 499.0435s
	iters: 3800, epoch: 4 | loss: 0.2860993
	speed: 0.0070s/iter; left time: 480.4979s
	iters: 3900, epoch: 4 | loss: 0.3536602
	speed: 0.0072s/iter; left time: 494.8826s
	iters: 4000, epoch: 4 | loss: 0.2790520
	speed: 0.0071s/iter; left time: 483.2745s
	iters: 4100, epoch: 4 | loss: 0.3479477
	speed: 0.0073s/iter; left time: 497.2527s
	iters: 4200, epoch: 4 | loss: 0.3931580
	speed: 0.0066s/iter; left time: 452.4492s
Epoch: 4 cost time: 28.615541458129883
Epoch: 4, Steps: 4254 | Train Loss: 0.3375221 Vali Loss: 0.5468092 Test Loss: 0.3764657
Validation loss decreased (0.620604 --> 0.546809).  Saving model ...
Updating learning rate to 0.000625
	iters: 100, epoch: 5 | loss: 0.2228840
	speed: 0.0530s/iter; left time: 3601.5965s
	iters: 200, epoch: 5 | loss: 0.3832581
	speed: 0.0069s/iter; left time: 465.5729s
	iters: 300, epoch: 5 | loss: 0.2188179
	speed: 0.0054s/iter; left time: 363.8964s
	iters: 400, epoch: 5 | loss: 0.3126149
	speed: 0.0064s/iter; left time: 433.1769s
	iters: 500, epoch: 5 | loss: 0.3230070
	speed: 0.0063s/iter; left time: 423.1303s
	iters: 600, epoch: 5 | loss: 0.2776140
	speed: 0.0067s/iter; left time: 452.6892s
	iters: 700, epoch: 5 | loss: 0.3200203
	speed: 0.0069s/iter; left time: 467.7686s
	iters: 800, epoch: 5 | loss: 0.4026049
	speed: 0.0071s/iter; left time: 479.0757s
	iters: 900, epoch: 5 | loss: 0.3111101
	speed: 0.0068s/iter; left time: 455.9438s
	iters: 1000, epoch: 5 | loss: 0.6983031
	speed: 0.0069s/iter; left time: 465.5846s
	iters: 1100, epoch: 5 | loss: 0.3670364
	speed: 0.0071s/iter; left time: 478.1500s
	iters: 1200, epoch: 5 | loss: 0.2994418
	speed: 0.0075s/iter; left time: 502.8448s
	iters: 1300, epoch: 5 | loss: 0.2938765
	speed: 0.0072s/iter; left time: 479.5839s
	iters: 1400, epoch: 5 | loss: 0.2877487
	speed: 0.0075s/iter; left time: 499.3724s
	iters: 1500, epoch: 5 | loss: 0.2740577
	speed: 0.0077s/iter; left time: 510.0815s
	iters: 1600, epoch: 5 | loss: 0.2729797
	speed: 0.0071s/iter; left time: 475.1193s
	iters: 1700, epoch: 5 | loss: 0.2266695
	speed: 0.0070s/iter; left time: 465.8319s
	iters: 1800, epoch: 5 | loss: 0.3375812
	speed: 0.0074s/iter; left time: 488.9337s
	iters: 1900, epoch: 5 | loss: 0.2666022
	speed: 0.0075s/iter; left time: 498.6646s
	iters: 2000, epoch: 5 | loss: 0.2990415
	speed: 0.0076s/iter; left time: 500.1550s
	iters: 2100, epoch: 5 | loss: 0.2407572
	speed: 0.0071s/iter; left time: 467.0564s
	iters: 2200, epoch: 5 | loss: 0.2558627
	speed: 0.0074s/iter; left time: 486.1579s
	iters: 2300, epoch: 5 | loss: 0.2954331
	speed: 0.0074s/iter; left time: 486.8967s
	iters: 2400, epoch: 5 | loss: 0.2456068
	speed: 0.0072s/iter; left time: 475.4662s
	iters: 2500, epoch: 5 | loss: 0.3199123
	speed: 0.0072s/iter; left time: 474.2030s
	iters: 2600, epoch: 5 | loss: 0.3944338
	speed: 0.0079s/iter; left time: 517.3875s
	iters: 2700, epoch: 5 | loss: 0.4172943
	speed: 0.0077s/iter; left time: 503.0027s
	iters: 2800, epoch: 5 | loss: 0.2660556
	speed: 0.0080s/iter; left time: 522.1170s
	iters: 2900, epoch: 5 | loss: 0.2885655
	speed: 0.0076s/iter; left time: 495.9896s
	iters: 3000, epoch: 5 | loss: 0.4189196
	speed: 0.0075s/iter; left time: 487.3566s
	iters: 3100, epoch: 5 | loss: 0.3733314
	speed: 0.0065s/iter; left time: 422.7883s
	iters: 3200, epoch: 5 | loss: 0.3025362
	speed: 0.0070s/iter; left time: 455.3521s
	iters: 3300, epoch: 5 | loss: 0.4241964
	speed: 0.0078s/iter; left time: 507.8212s
	iters: 3400, epoch: 5 | loss: 0.2493403
	speed: 0.0078s/iter; left time: 504.6233s
	iters: 3500, epoch: 5 | loss: 0.2067069
	speed: 0.0076s/iter; left time: 492.0632s
	iters: 3600, epoch: 5 | loss: 0.3145303
	speed: 0.0075s/iter; left time: 482.0949s
	iters: 3700, epoch: 5 | loss: 0.5567565
	speed: 0.0071s/iter; left time: 455.1694s
	iters: 3800, epoch: 5 | loss: 0.3959839
	speed: 0.0073s/iter; left time: 469.9668s
	iters: 3900, epoch: 5 | loss: 0.2723684
	speed: 0.0077s/iter; left time: 496.8427s
	iters: 4000, epoch: 5 | loss: 0.2728485
	speed: 0.0074s/iter; left time: 471.4332s
	iters: 4100, epoch: 5 | loss: 0.2360399
	speed: 0.0074s/iter; left time: 470.9270s
	iters: 4200, epoch: 5 | loss: 0.2706234
	speed: 0.0071s/iter; left time: 454.2050s
Epoch: 5 cost time: 30.708364486694336
Epoch: 5, Steps: 4254 | Train Loss: 0.3116170 Vali Loss: 0.5593144 Test Loss: 0.3602754
EarlyStopping counter: 1 out of 5
Updating learning rate to 0.0003125
	iters: 100, epoch: 6 | loss: 0.6699159
	speed: 0.0575s/iter; left time: 3662.9168s
	iters: 200, epoch: 6 | loss: 0.2600808
	speed: 0.0068s/iter; left time: 432.5231s
	iters: 300, epoch: 6 | loss: 0.3572711
	speed: 0.0069s/iter; left time: 435.1737s
	iters: 400, epoch: 6 | loss: 0.4842259
	speed: 0.0067s/iter; left time: 423.1455s
	iters: 500, epoch: 6 | loss: 0.2676020
	speed: 0.0067s/iter; left time: 423.5498s
	iters: 600, epoch: 6 | loss: 0.1951671
	speed: 0.0072s/iter; left time: 455.1497s
	iters: 700, epoch: 6 | loss: 0.2382659
	speed: 0.0067s/iter; left time: 425.5137s
	iters: 800, epoch: 6 | loss: 0.2750821
	speed: 0.0060s/iter; left time: 379.9564s
	iters: 900, epoch: 6 | loss: 0.3694053
	speed: 0.0073s/iter; left time: 457.5044s
	iters: 1000, epoch: 6 | loss: 0.2882986
	speed: 0.0076s/iter; left time: 476.1835s
	iters: 1100, epoch: 6 | loss: 0.3591735
	speed: 0.0074s/iter; left time: 464.8447s
	iters: 1200, epoch: 6 | loss: 0.3495189
	speed: 0.0074s/iter; left time: 465.1326s
	iters: 1300, epoch: 6 | loss: 0.3704953
	speed: 0.0068s/iter; left time: 424.5858s
	iters: 1400, epoch: 6 | loss: 0.2462592
	speed: 0.0068s/iter; left time: 424.9368s
	iters: 1500, epoch: 6 | loss: 0.2513141
	speed: 0.0076s/iter; left time: 471.0697s
	iters: 1600, epoch: 6 | loss: 0.3825347
	speed: 0.0081s/iter; left time: 503.9499s
	iters: 1700, epoch: 6 | loss: 0.1879274
	speed: 0.0063s/iter; left time: 392.0774s
	iters: 1800, epoch: 6 | loss: 0.2313353
	speed: 0.0069s/iter; left time: 425.9232s
	iters: 1900, epoch: 6 | loss: 0.2089078
	speed: 0.0073s/iter; left time: 449.6183s
	iters: 2000, epoch: 6 | loss: 0.3158275
	speed: 0.0081s/iter; left time: 498.2672s
	iters: 2100, epoch: 6 | loss: 0.2282193
	speed: 0.0076s/iter; left time: 469.6833s
	iters: 2200, epoch: 6 | loss: 0.4461535
	speed: 0.0071s/iter; left time: 434.9022s
	iters: 2300, epoch: 6 | loss: 0.2885500
	speed: 0.0070s/iter; left time: 431.9144s
	iters: 2400, epoch: 6 | loss: 0.3201617
	speed: 0.0074s/iter; left time: 452.1654s
	iters: 2500, epoch: 6 | loss: 0.2543129
	speed: 0.0067s/iter; left time: 410.6803s
	iters: 2600, epoch: 6 | loss: 0.3652518
	speed: 0.0066s/iter; left time: 405.8302s
	iters: 2700, epoch: 6 | loss: 0.2532651
	speed: 0.0069s/iter; left time: 424.1756s
	iters: 2800, epoch: 6 | loss: 0.2811759
	speed: 0.0078s/iter; left time: 478.4477s
	iters: 2900, epoch: 6 | loss: 0.2229896
	speed: 0.0080s/iter; left time: 486.1332s
	iters: 3000, epoch: 6 | loss: 0.2539729
	speed: 0.0072s/iter; left time: 440.1806s
	iters: 3100, epoch: 6 | loss: 0.4634582
	speed: 0.0071s/iter; left time: 431.2050s
	iters: 3200, epoch: 6 | loss: 0.2064503
	speed: 0.0071s/iter; left time: 429.2615s
	iters: 3300, epoch: 6 | loss: 0.2405476
	speed: 0.0080s/iter; left time: 486.5391s
	iters: 3400, epoch: 6 | loss: 0.2672876
	speed: 0.0080s/iter; left time: 480.4562s
	iters: 3500, epoch: 6 | loss: 0.2325667
	speed: 0.0080s/iter; left time: 479.4764s
	iters: 3600, epoch: 6 | loss: 0.2732288
	speed: 0.0075s/iter; left time: 454.0130s
	iters: 3700, epoch: 6 | loss: 0.4485441
	speed: 0.0055s/iter; left time: 331.2107s
	iters: 3800, epoch: 6 | loss: 0.2433923
	speed: 0.0061s/iter; left time: 367.4216s
	iters: 3900, epoch: 6 | loss: 0.3749301
	speed: 0.0075s/iter; left time: 448.9247s
	iters: 4000, epoch: 6 | loss: 0.3096918
	speed: 0.0069s/iter; left time: 415.6853s
	iters: 4100, epoch: 6 | loss: 0.2536520
	speed: 0.0071s/iter; left time: 422.9312s
	iters: 4200, epoch: 6 | loss: 0.4818191
	speed: 0.0072s/iter; left time: 430.4220s
Epoch: 6 cost time: 30.37149214744568
Epoch: 6, Steps: 4254 | Train Loss: 0.2988202 Vali Loss: 0.4986918 Test Loss: 0.3375821
Validation loss decreased (0.546809 --> 0.498692).  Saving model ...
Updating learning rate to 0.00015625
	iters: 100, epoch: 7 | loss: 0.3019890
	speed: 0.0514s/iter; left time: 3055.3122s
	iters: 200, epoch: 7 | loss: 0.4247848
	speed: 0.0069s/iter; left time: 408.0056s
	iters: 300, epoch: 7 | loss: 0.3232287
	speed: 0.0065s/iter; left time: 383.3560s
	iters: 400, epoch: 7 | loss: 0.4049658
	speed: 0.0067s/iter; left time: 397.6828s
	iters: 500, epoch: 7 | loss: 0.2992325
	speed: 0.0072s/iter; left time: 422.9853s
	iters: 600, epoch: 7 | loss: 0.2404245
	speed: 0.0074s/iter; left time: 435.7186s
	iters: 700, epoch: 7 | loss: 0.3329731
	speed: 0.0071s/iter; left time: 420.4034s
	iters: 800, epoch: 7 | loss: 0.2368894
	speed: 0.0072s/iter; left time: 421.9429s
	iters: 900, epoch: 7 | loss: 0.2486909
	speed: 0.0069s/iter; left time: 403.6847s
	iters: 1000, epoch: 7 | loss: 0.2731779
	speed: 0.0073s/iter; left time: 426.2208s
	iters: 1100, epoch: 7 | loss: 0.2801403
	speed: 0.0074s/iter; left time: 431.5755s
	iters: 1200, epoch: 7 | loss: 0.2182253
	speed: 0.0071s/iter; left time: 415.5384s
	iters: 1300, epoch: 7 | loss: 0.2796923
	speed: 0.0062s/iter; left time: 360.6112s
	iters: 1400, epoch: 7 | loss: 0.2323010
	speed: 0.0062s/iter; left time: 360.6869s
	iters: 1500, epoch: 7 | loss: 0.2385679
	speed: 0.0069s/iter; left time: 397.8976s
	iters: 1600, epoch: 7 | loss: 0.2666405
	speed: 0.0056s/iter; left time: 321.6901s
	iters: 1700, epoch: 7 | loss: 0.2459954
	speed: 0.0060s/iter; left time: 347.9152s
	iters: 1800, epoch: 7 | loss: 0.2736524
	speed: 0.0063s/iter; left time: 363.8865s
	iters: 1900, epoch: 7 | loss: 0.2613485
	speed: 0.0074s/iter; left time: 424.5765s
	iters: 2000, epoch: 7 | loss: 0.3363511
	speed: 0.0076s/iter; left time: 437.3683s
	iters: 2100, epoch: 7 | loss: 0.2767397
	speed: 0.0077s/iter; left time: 441.4056s
	iters: 2200, epoch: 7 | loss: 0.3754509
	speed: 0.0074s/iter; left time: 426.1923s
	iters: 2300, epoch: 7 | loss: 0.4064553
	speed: 0.0075s/iter; left time: 426.6853s
	iters: 2400, epoch: 7 | loss: 0.2471267
	speed: 0.0076s/iter; left time: 436.6319s
	iters: 2500, epoch: 7 | loss: 0.3370062
	speed: 0.0070s/iter; left time: 400.1263s
	iters: 2600, epoch: 7 | loss: 0.3946674
	speed: 0.0078s/iter; left time: 441.4186s
	iters: 2700, epoch: 7 | loss: 0.2593012
	speed: 0.0065s/iter; left time: 370.1921s
	iters: 2800, epoch: 7 | loss: 0.2234364
	speed: 0.0076s/iter; left time: 430.9471s
	iters: 2900, epoch: 7 | loss: 0.2506768
	speed: 0.0080s/iter; left time: 453.8696s
	iters: 3000, epoch: 7 | loss: 0.2702850
	speed: 0.0075s/iter; left time: 426.5224s
	iters: 3100, epoch: 7 | loss: 0.2126858
	speed: 0.0073s/iter; left time: 413.7679s
	iters: 3200, epoch: 7 | loss: 0.2721412
	speed: 0.0075s/iter; left time: 425.1140s
	iters: 3300, epoch: 7 | loss: 0.2368709
	speed: 0.0076s/iter; left time: 429.8783s
	iters: 3400, epoch: 7 | loss: 0.1830301
	speed: 0.0069s/iter; left time: 385.2378s
	iters: 3500, epoch: 7 | loss: 0.3724237
	speed: 0.0071s/iter; left time: 398.9137s
	iters: 3600, epoch: 7 | loss: 0.3394791
	speed: 0.0076s/iter; left time: 425.9880s
	iters: 3700, epoch: 7 | loss: 0.3347492
	speed: 0.0078s/iter; left time: 436.3877s
	iters: 3800, epoch: 7 | loss: 0.3053773
	speed: 0.0075s/iter; left time: 420.8462s
	iters: 3900, epoch: 7 | loss: 0.3383381
	speed: 0.0078s/iter; left time: 433.7104s
	iters: 4000, epoch: 7 | loss: 0.2740824
	speed: 0.0080s/iter; left time: 445.7814s
	iters: 4100, epoch: 7 | loss: 0.1671285
	speed: 0.0075s/iter; left time: 415.2463s
	iters: 4200, epoch: 7 | loss: 0.4460793
	speed: 0.0074s/iter; left time: 411.8789s
Epoch: 7 cost time: 30.558467864990234
Epoch: 7, Steps: 4254 | Train Loss: 0.2925805 Vali Loss: 0.4897162 Test Loss: 0.3317271
Validation loss decreased (0.498692 --> 0.489716).  Saving model ...
Updating learning rate to 7.8125e-05
	iters: 100, epoch: 8 | loss: 0.4183055
	speed: 0.0515s/iter; left time: 2841.5013s
	iters: 200, epoch: 8 | loss: 0.3230897
	speed: 0.0056s/iter; left time: 306.9237s
	iters: 300, epoch: 8 | loss: 0.2865648
	speed: 0.0051s/iter; left time: 277.8588s
	iters: 400, epoch: 8 | loss: 0.2509810
	speed: 0.0068s/iter; left time: 373.9235s
	iters: 500, epoch: 8 | loss: 0.1840679
	speed: 0.0068s/iter; left time: 371.1342s
	iters: 600, epoch: 8 | loss: 0.2198878
	speed: 0.0077s/iter; left time: 418.5067s
	iters: 700, epoch: 8 | loss: 0.2248472
	speed: 0.0066s/iter; left time: 362.7341s
	iters: 800, epoch: 8 | loss: 0.3411520
	speed: 0.0073s/iter; left time: 399.9134s
	iters: 900, epoch: 8 | loss: 0.2331088
	speed: 0.0072s/iter; left time: 392.9382s
	iters: 1000, epoch: 8 | loss: 0.2499695
	speed: 0.0071s/iter; left time: 385.2302s
	iters: 1100, epoch: 8 | loss: 0.3034178
	speed: 0.0075s/iter; left time: 408.7303s
	iters: 1200, epoch: 8 | loss: 0.2620921
	speed: 0.0069s/iter; left time: 374.5701s
	iters: 1300, epoch: 8 | loss: 0.3284406
	speed: 0.0065s/iter; left time: 353.2278s
	iters: 1400, epoch: 8 | loss: 0.2080856
	speed: 0.0074s/iter; left time: 399.4209s
	iters: 1500, epoch: 8 | loss: 0.3757727
	speed: 0.0070s/iter; left time: 378.2664s
	iters: 1600, epoch: 8 | loss: 0.3053142
	speed: 0.0060s/iter; left time: 319.6541s
	iters: 1700, epoch: 8 | loss: 0.2821233
	speed: 0.0064s/iter; left time: 345.5310s
	iters: 1800, epoch: 8 | loss: 0.2538964
	speed: 0.0079s/iter; left time: 423.3300s
	iters: 1900, epoch: 8 | loss: 0.3255802
	speed: 0.0074s/iter; left time: 394.2003s
	iters: 2000, epoch: 8 | loss: 0.2524286
	speed: 0.0070s/iter; left time: 371.6551s
	iters: 2100, epoch: 8 | loss: 0.2729684
	speed: 0.0070s/iter; left time: 375.0049s
	iters: 2200, epoch: 8 | loss: 0.2948413
	speed: 0.0073s/iter; left time: 389.9035s
	iters: 2300, epoch: 8 | loss: 0.2458616
	speed: 0.0061s/iter; left time: 325.4822s
	iters: 2400, epoch: 8 | loss: 0.2112017
	speed: 0.0074s/iter; left time: 390.4245s
	iters: 2500, epoch: 8 | loss: 0.2442787
	speed: 0.0070s/iter; left time: 369.7701s
	iters: 2600, epoch: 8 | loss: 0.3614248
	speed: 0.0070s/iter; left time: 370.0862s
	iters: 2700, epoch: 8 | loss: 0.2292415
	speed: 0.0069s/iter; left time: 361.9673s
	iters: 2800, epoch: 8 | loss: 0.5039725
	speed: 0.0072s/iter; left time: 378.0226s
	iters: 2900, epoch: 8 | loss: 0.2418322
	speed: 0.0074s/iter; left time: 388.8714s
	iters: 3000, epoch: 8 | loss: 0.3872167
	speed: 0.0074s/iter; left time: 387.7546s
	iters: 3100, epoch: 8 | loss: 0.2194136
	speed: 0.0070s/iter; left time: 365.8614s
	iters: 3200, epoch: 8 | loss: 0.1944215
	speed: 0.0071s/iter; left time: 367.3742s
	iters: 3300, epoch: 8 | loss: 0.2362395
	speed: 0.0069s/iter; left time: 360.5375s
	iters: 3400, epoch: 8 | loss: 0.2274603
	speed: 0.0078s/iter; left time: 402.7878s
	iters: 3500, epoch: 8 | loss: 0.5370631
	speed: 0.0074s/iter; left time: 384.4051s
	iters: 3600, epoch: 8 | loss: 0.2610627
	speed: 0.0064s/iter; left time: 330.4408s
	iters: 3700, epoch: 8 | loss: 0.2979966
	speed: 0.0069s/iter; left time: 357.7207s
	iters: 3800, epoch: 8 | loss: 0.1966017
	speed: 0.0068s/iter; left time: 348.0792s
	iters: 3900, epoch: 8 | loss: 0.2618634
	speed: 0.0060s/iter; left time: 309.5959s
	iters: 4000, epoch: 8 | loss: 0.1915101
	speed: 0.0070s/iter; left time: 358.4511s
	iters: 4100, epoch: 8 | loss: 0.2952201
	speed: 0.0070s/iter; left time: 358.4193s
	iters: 4200, epoch: 8 | loss: 0.2583428
	speed: 0.0075s/iter; left time: 382.7960s
Epoch: 8 cost time: 29.386255502700806
Epoch: 8, Steps: 4254 | Train Loss: 0.2891501 Vali Loss: 0.5030562 Test Loss: 0.3330872
EarlyStopping counter: 1 out of 5
Updating learning rate to 3.90625e-05
	iters: 100, epoch: 9 | loss: 0.4909050
	speed: 0.0565s/iter; left time: 2881.0075s
	iters: 200, epoch: 9 | loss: 0.3750989
	speed: 0.0073s/iter; left time: 369.6721s
	iters: 300, epoch: 9 | loss: 0.2727654
	speed: 0.0071s/iter; left time: 358.9496s
	iters: 400, epoch: 9 | loss: 0.3295113
	speed: 0.0074s/iter; left time: 372.9094s
	iters: 500, epoch: 9 | loss: 0.2865413
	speed: 0.0079s/iter; left time: 396.8937s
	iters: 600, epoch: 9 | loss: 0.3947080
	speed: 0.0078s/iter; left time: 394.0088s
	iters: 700, epoch: 9 | loss: 0.2662398
	speed: 0.0068s/iter; left time: 340.4972s
	iters: 800, epoch: 9 | loss: 0.3411193
	speed: 0.0067s/iter; left time: 334.8398s
	iters: 900, epoch: 9 | loss: 0.3053361
	speed: 0.0062s/iter; left time: 312.7301s
	iters: 1000, epoch: 9 | loss: 0.2352899
	speed: 0.0063s/iter; left time: 315.4482s
	iters: 1100, epoch: 9 | loss: 0.2875076
	speed: 0.0065s/iter; left time: 322.7167s
	iters: 1200, epoch: 9 | loss: 0.2218055
	speed: 0.0068s/iter; left time: 336.8937s
	iters: 1300, epoch: 9 | loss: 0.4511077
	speed: 0.0062s/iter; left time: 306.6310s
	iters: 1400, epoch: 9 | loss: 0.2366177
	speed: 0.0060s/iter; left time: 299.0697s
	iters: 1500, epoch: 9 | loss: 0.4730061
	speed: 0.0062s/iter; left time: 308.6085s
	iters: 1600, epoch: 9 | loss: 0.2693812
	speed: 0.0067s/iter; left time: 331.9249s
	iters: 1700, epoch: 9 | loss: 0.3178050
	speed: 0.0076s/iter; left time: 372.6038s
	iters: 1800, epoch: 9 | loss: 0.2476986
	speed: 0.0067s/iter; left time: 330.4604s
	iters: 1900, epoch: 9 | loss: 0.2997122
	speed: 0.0072s/iter; left time: 352.0495s
	iters: 2000, epoch: 9 | loss: 0.2043334
	speed: 0.0066s/iter; left time: 324.3583s
	iters: 2100, epoch: 9 | loss: 0.3472282
	speed: 0.0076s/iter; left time: 374.2244s
	iters: 2200, epoch: 9 | loss: 0.3139933
	speed: 0.0077s/iter; left time: 377.7146s
	iters: 2300, epoch: 9 | loss: 0.2112724
	speed: 0.0074s/iter; left time: 358.3736s
	iters: 2400, epoch: 9 | loss: 0.3283915
	speed: 0.0051s/iter; left time: 248.7049s
	iters: 2500, epoch: 9 | loss: 0.1997865
	speed: 0.0072s/iter; left time: 348.9801s
	iters: 2600, epoch: 9 | loss: 0.3383530
	speed: 0.0067s/iter; left time: 326.7374s
	iters: 2700, epoch: 9 | loss: 0.2836394
	speed: 0.0066s/iter; left time: 319.7324s
	iters: 2800, epoch: 9 | loss: 0.2556784
	speed: 0.0063s/iter; left time: 303.9678s
	iters: 2900, epoch: 9 | loss: 0.2379946
	speed: 0.0067s/iter; left time: 322.6875s
	iters: 3000, epoch: 9 | loss: 0.3639971
	speed: 0.0073s/iter; left time: 349.4747s
	iters: 3100, epoch: 9 | loss: 0.2202926
	speed: 0.0077s/iter; left time: 370.5663s
	iters: 3200, epoch: 9 | loss: 0.3446938
	speed: 0.0075s/iter; left time: 358.9887s
	iters: 3300, epoch: 9 | loss: 0.3588770
	speed: 0.0066s/iter; left time: 316.7650s
	iters: 3400, epoch: 9 | loss: 0.5738379
	speed: 0.0054s/iter; left time: 258.2293s
	iters: 3500, epoch: 9 | loss: 0.3526728
	speed: 0.0064s/iter; left time: 302.9070s
	iters: 3600, epoch: 9 | loss: 0.3062634
	speed: 0.0076s/iter; left time: 362.6189s
	iters: 3700, epoch: 9 | loss: 0.2600190
	speed: 0.0071s/iter; left time: 334.6837s
	iters: 3800, epoch: 9 | loss: 0.2962852
	speed: 0.0070s/iter; left time: 332.7509s
	iters: 3900, epoch: 9 | loss: 0.2724629
	speed: 0.0070s/iter; left time: 330.5548s
	iters: 4000, epoch: 9 | loss: 0.3941664
	speed: 0.0069s/iter; left time: 325.7230s
	iters: 4100, epoch: 9 | loss: 0.2398630
	speed: 0.0071s/iter; left time: 332.2714s
	iters: 4200, epoch: 9 | loss: 0.2184690
	speed: 0.0066s/iter; left time: 307.4381s
Epoch: 9 cost time: 29.14351797103882
Epoch: 9, Steps: 4254 | Train Loss: 0.2874471 Vali Loss: 0.4817801 Test Loss: 0.3277811
Validation loss decreased (0.489716 --> 0.481780).  Saving model ...
Updating learning rate to 1.953125e-05
	iters: 100, epoch: 10 | loss: 0.2070562
	speed: 0.0529s/iter; left time: 2469.1736s
	iters: 200, epoch: 10 | loss: 0.3116964
	speed: 0.0070s/iter; left time: 326.8001s
	iters: 300, epoch: 10 | loss: 0.1900352
	speed: 0.0064s/iter; left time: 295.8433s
	iters: 400, epoch: 10 | loss: 0.2785343
	speed: 0.0062s/iter; left time: 288.6670s
	iters: 500, epoch: 10 | loss: 0.3362454
	speed: 0.0065s/iter; left time: 299.1617s
	iters: 600, epoch: 10 | loss: 0.2598616
	speed: 0.0067s/iter; left time: 309.0675s
	iters: 700, epoch: 10 | loss: 0.3724179
	speed: 0.0067s/iter; left time: 309.4519s
	iters: 800, epoch: 10 | loss: 0.2448806
	speed: 0.0071s/iter; left time: 328.0470s
	iters: 900, epoch: 10 | loss: 0.1735096
	speed: 0.0077s/iter; left time: 353.0633s
	iters: 1000, epoch: 10 | loss: 0.2147398
	speed: 0.0058s/iter; left time: 265.9897s
	iters: 1100, epoch: 10 | loss: 0.2915058
	speed: 0.0065s/iter; left time: 294.8387s
	iters: 1200, epoch: 10 | loss: 0.3165781
	speed: 0.0076s/iter; left time: 345.2011s
	iters: 1300, epoch: 10 | loss: 0.4195279
	speed: 0.0071s/iter; left time: 323.4691s
	iters: 1400, epoch: 10 | loss: 0.3509220
	speed: 0.0069s/iter; left time: 312.3381s
	iters: 1500, epoch: 10 | loss: 0.2842601
	speed: 0.0075s/iter; left time: 339.3197s
	iters: 1600, epoch: 10 | loss: 0.2456684
	speed: 0.0073s/iter; left time: 331.2043s
	iters: 1700, epoch: 10 | loss: 0.4365852
	speed: 0.0068s/iter; left time: 308.5861s
	iters: 1800, epoch: 10 | loss: 0.2965465
	speed: 0.0066s/iter; left time: 298.7893s
	iters: 1900, epoch: 10 | loss: 0.2753176
	speed: 0.0064s/iter; left time: 287.3270s
	iters: 2000, epoch: 10 | loss: 0.3133935
	speed: 0.0063s/iter; left time: 282.6905s
	iters: 2100, epoch: 10 | loss: 0.2387222
	speed: 0.0066s/iter; left time: 294.1894s
	iters: 2200, epoch: 10 | loss: 0.1806721
	speed: 0.0077s/iter; left time: 343.4190s
	iters: 2300, epoch: 10 | loss: 0.3005015
	speed: 0.0071s/iter; left time: 317.2481s
	iters: 2400, epoch: 10 | loss: 0.2494532
	speed: 0.0071s/iter; left time: 317.1104s
	iters: 2500, epoch: 10 | loss: 0.2699982
	speed: 0.0071s/iter; left time: 312.5413s
	iters: 2600, epoch: 10 | loss: 0.3328593
	speed: 0.0073s/iter; left time: 322.5631s
	iters: 2700, epoch: 10 | loss: 0.2348161
	speed: 0.0073s/iter; left time: 322.0019s
	iters: 2800, epoch: 10 | loss: 0.2619367
	speed: 0.0070s/iter; left time: 306.5681s
	iters: 2900, epoch: 10 | loss: 0.2257232
	speed: 0.0072s/iter; left time: 317.4450s
	iters: 3000, epoch: 10 | loss: 0.3007017
	speed: 0.0069s/iter; left time: 303.3039s
	iters: 3100, epoch: 10 | loss: 0.2982510
	speed: 0.0074s/iter; left time: 323.0057s
	iters: 3200, epoch: 10 | loss: 0.3716806
	speed: 0.0076s/iter; left time: 331.8219s
	iters: 3300, epoch: 10 | loss: 0.2316478
	speed: 0.0075s/iter; left time: 324.8248s
	iters: 3400, epoch: 10 | loss: 0.3149988
	speed: 0.0074s/iter; left time: 320.3556s
	iters: 3500, epoch: 10 | loss: 0.3201648
	speed: 0.0068s/iter; left time: 295.8165s
	iters: 3600, epoch: 10 | loss: 0.2138274
	speed: 0.0074s/iter; left time: 319.2514s
	iters: 3700, epoch: 10 | loss: 0.3616725
	speed: 0.0073s/iter; left time: 315.3847s
	iters: 3800, epoch: 10 | loss: 0.2278115
	speed: 0.0070s/iter; left time: 301.9318s
	iters: 3900, epoch: 10 | loss: 0.3825257
	speed: 0.0075s/iter; left time: 320.8685s
	iters: 4000, epoch: 10 | loss: 0.2625416
	speed: 0.0070s/iter; left time: 300.9503s
	iters: 4100, epoch: 10 | loss: 0.2254590
	speed: 0.0077s/iter; left time: 327.8453s
	iters: 4200, epoch: 10 | loss: 0.2562422
	speed: 0.0079s/iter; left time: 338.3073s
Epoch: 10 cost time: 30.033727407455444
Epoch: 10, Steps: 4254 | Train Loss: 0.2865492 Vali Loss: 0.4825122 Test Loss: 0.3273251
EarlyStopping counter: 1 out of 5
Updating learning rate to 9.765625e-06
	iters: 100, epoch: 11 | loss: 0.3323691
	speed: 0.0571s/iter; left time: 2422.3802s
	iters: 200, epoch: 11 | loss: 0.1807204
	speed: 0.0071s/iter; left time: 301.8920s
	iters: 300, epoch: 11 | loss: 0.2603044
	speed: 0.0066s/iter; left time: 276.8178s
	iters: 400, epoch: 11 | loss: 0.2655225
	speed: 0.0056s/iter; left time: 234.7977s
	iters: 500, epoch: 11 | loss: 0.3267492
	speed: 0.0072s/iter; left time: 301.8708s
	iters: 600, epoch: 11 | loss: 0.2707100
	speed: 0.0071s/iter; left time: 297.9012s
	iters: 700, epoch: 11 | loss: 0.2394487
	speed: 0.0067s/iter; left time: 278.2984s
	iters: 800, epoch: 11 | loss: 0.2234518
	speed: 0.0065s/iter; left time: 271.6946s
	iters: 900, epoch: 11 | loss: 0.3169879
	speed: 0.0072s/iter; left time: 301.1797s
	iters: 1000, epoch: 11 | loss: 0.2530842
	speed: 0.0064s/iter; left time: 266.4047s
	iters: 1100, epoch: 11 | loss: 0.3136081
	speed: 0.0063s/iter; left time: 261.0015s
	iters: 1200, epoch: 11 | loss: 0.3532252
	speed: 0.0071s/iter; left time: 294.9218s
	iters: 1300, epoch: 11 | loss: 0.2989414
	speed: 0.0070s/iter; left time: 286.7690s
	iters: 1400, epoch: 11 | loss: 0.3264388
	speed: 0.0058s/iter; left time: 236.9721s
	iters: 1500, epoch: 11 | loss: 0.2392204
	speed: 0.0070s/iter; left time: 287.7806s
	iters: 1600, epoch: 11 | loss: 0.3689906
	speed: 0.0073s/iter; left time: 298.8780s
	iters: 1700, epoch: 11 | loss: 0.3863801
	speed: 0.0076s/iter; left time: 310.8232s
	iters: 1800, epoch: 11 | loss: 0.2184482
	speed: 0.0068s/iter; left time: 276.2243s
	iters: 1900, epoch: 11 | loss: 0.2368591
	speed: 0.0066s/iter; left time: 269.4776s
	iters: 2000, epoch: 11 | loss: 0.3168277
	speed: 0.0063s/iter; left time: 253.4786s
	iters: 2100, epoch: 11 | loss: 0.2101433
	speed: 0.0064s/iter; left time: 259.2270s
	iters: 2200, epoch: 11 | loss: 0.2791329
	speed: 0.0076s/iter; left time: 307.4430s
	iters: 2300, epoch: 11 | loss: 0.2685792
	speed: 0.0066s/iter; left time: 267.1421s
	iters: 2400, epoch: 11 | loss: 0.4796464
	speed: 0.0074s/iter; left time: 295.4395s
	iters: 2500, epoch: 11 | loss: 0.2425060
	speed: 0.0074s/iter; left time: 297.6122s
	iters: 2600, epoch: 11 | loss: 0.3299344
	speed: 0.0070s/iter; left time: 280.0837s
	iters: 2700, epoch: 11 | loss: 0.2463857
	speed: 0.0063s/iter; left time: 249.3339s
	iters: 2800, epoch: 11 | loss: 0.2652851
	speed: 0.0065s/iter; left time: 256.4130s
	iters: 2900, epoch: 11 | loss: 0.3068084
	speed: 0.0074s/iter; left time: 292.8921s
	iters: 3000, epoch: 11 | loss: 0.2524635
	speed: 0.0070s/iter; left time: 274.9220s
	iters: 3100, epoch: 11 | loss: 0.2562470
	speed: 0.0077s/iter; left time: 304.4195s
	iters: 3200, epoch: 11 | loss: 0.3299235
	speed: 0.0081s/iter; left time: 317.1787s
	iters: 3300, epoch: 11 | loss: 0.2714025
	speed: 0.0075s/iter; left time: 292.3866s
	iters: 3400, epoch: 11 | loss: 0.2492673
	speed: 0.0061s/iter; left time: 237.5852s
	iters: 3500, epoch: 11 | loss: 0.2910509
	speed: 0.0065s/iter; left time: 254.5647s
	iters: 3600, epoch: 11 | loss: 0.2713849
	speed: 0.0073s/iter; left time: 284.3679s
	iters: 3700, epoch: 11 | loss: 0.3107278
	speed: 0.0075s/iter; left time: 292.8867s
	iters: 3800, epoch: 11 | loss: 0.4971127
	speed: 0.0066s/iter; left time: 256.8528s
	iters: 3900, epoch: 11 | loss: 0.5528535
	speed: 0.0066s/iter; left time: 254.5760s
	iters: 4000, epoch: 11 | loss: 0.2817793
	speed: 0.0052s/iter; left time: 198.8710s
	iters: 4100, epoch: 11 | loss: 0.1720928
	speed: 0.0073s/iter; left time: 278.7248s
	iters: 4200, epoch: 11 | loss: 0.2380487
	speed: 0.0073s/iter; left time: 281.5008s
Epoch: 11 cost time: 29.184179306030273
Epoch: 11, Steps: 4254 | Train Loss: 0.2860415 Vali Loss: 0.4818590 Test Loss: 0.3265902
EarlyStopping counter: 2 out of 5
Updating learning rate to 4.8828125e-06
	iters: 100, epoch: 12 | loss: 0.2276792
	speed: 0.0539s/iter; left time: 2058.7469s
	iters: 200, epoch: 12 | loss: 0.2164452
	speed: 0.0065s/iter; left time: 246.9092s
	iters: 300, epoch: 12 | loss: 0.3000754
	speed: 0.0057s/iter; left time: 217.6590s
	iters: 400, epoch: 12 | loss: 0.3712792
	speed: 0.0069s/iter; left time: 262.5846s
	iters: 500, epoch: 12 | loss: 0.2335224
	speed: 0.0070s/iter; left time: 264.5932s
	iters: 600, epoch: 12 | loss: 0.3168325
	speed: 0.0066s/iter; left time: 247.0999s
	iters: 700, epoch: 12 | loss: 0.3285930
	speed: 0.0068s/iter; left time: 257.0952s
	iters: 800, epoch: 12 | loss: 0.2248884
	speed: 0.0072s/iter; left time: 268.8829s
	iters: 900, epoch: 12 | loss: 0.2853827
	speed: 0.0078s/iter; left time: 291.3282s
	iters: 1000, epoch: 12 | loss: 0.2542432
	speed: 0.0069s/iter; left time: 255.5311s
	iters: 1100, epoch: 12 | loss: 0.2471963
	speed: 0.0064s/iter; left time: 236.9996s
	iters: 1200, epoch: 12 | loss: 0.3917269
	speed: 0.0074s/iter; left time: 275.3676s
	iters: 1300, epoch: 12 | loss: 0.2180793
	speed: 0.0074s/iter; left time: 273.2303s
	iters: 1400, epoch: 12 | loss: 0.2488504
	speed: 0.0074s/iter; left time: 271.7932s
	iters: 1500, epoch: 12 | loss: 0.2041930
	speed: 0.0073s/iter; left time: 269.7509s
	iters: 1600, epoch: 12 | loss: 0.2327853
	speed: 0.0074s/iter; left time: 272.0120s
	iters: 1700, epoch: 12 | loss: 0.3169445
	speed: 0.0079s/iter; left time: 289.8047s
	iters: 1800, epoch: 12 | loss: 0.2601400
	speed: 0.0077s/iter; left time: 280.2200s
	iters: 1900, epoch: 12 | loss: 0.2483509
	speed: 0.0075s/iter; left time: 273.6761s
	iters: 2000, epoch: 12 | loss: 0.3239136
	speed: 0.0079s/iter; left time: 285.6603s
	iters: 2100, epoch: 12 | loss: 0.2774763
	speed: 0.0076s/iter; left time: 274.9695s
	iters: 2200, epoch: 12 | loss: 0.2411191
	speed: 0.0075s/iter; left time: 269.2097s
	iters: 2300, epoch: 12 | loss: 0.3544615
	speed: 0.0074s/iter; left time: 264.5769s
	iters: 2400, epoch: 12 | loss: 0.2475462
	speed: 0.0074s/iter; left time: 267.0750s
	iters: 2500, epoch: 12 | loss: 0.2621322
	speed: 0.0062s/iter; left time: 220.3847s
	iters: 2600, epoch: 12 | loss: 0.1984401
	speed: 0.0072s/iter; left time: 257.0340s
	iters: 2700, epoch: 12 | loss: 0.3776217
	speed: 0.0064s/iter; left time: 227.4367s
	iters: 2800, epoch: 12 | loss: 0.2386310
	speed: 0.0074s/iter; left time: 264.1084s
	iters: 2900, epoch: 12 | loss: 0.2178516
	speed: 0.0070s/iter; left time: 246.2340s
	iters: 3000, epoch: 12 | loss: 0.2809238
	speed: 0.0074s/iter; left time: 261.5823s
	iters: 3100, epoch: 12 | loss: 0.2694658
	speed: 0.0071s/iter; left time: 250.5749s
	iters: 3200, epoch: 12 | loss: 0.2080521
	speed: 0.0070s/iter; left time: 247.0132s
	iters: 3300, epoch: 12 | loss: 0.4212298
	speed: 0.0071s/iter; left time: 248.0677s
	iters: 3400, epoch: 12 | loss: 0.2415687
	speed: 0.0075s/iter; left time: 261.3949s
	iters: 3500, epoch: 12 | loss: 0.2536340
	speed: 0.0080s/iter; left time: 277.6811s
	iters: 3600, epoch: 12 | loss: 0.2601139
	speed: 0.0077s/iter; left time: 266.0624s
	iters: 3700, epoch: 12 | loss: 0.2959625
	speed: 0.0077s/iter; left time: 265.3559s
	iters: 3800, epoch: 12 | loss: 0.2773478
	speed: 0.0069s/iter; left time: 237.2562s
	iters: 3900, epoch: 12 | loss: 0.3094161
	speed: 0.0074s/iter; left time: 254.2130s
	iters: 4000, epoch: 12 | loss: 0.2306207
	speed: 0.0076s/iter; left time: 261.2323s
	iters: 4100, epoch: 12 | loss: 0.2388336
	speed: 0.0074s/iter; left time: 254.4293s
	iters: 4200, epoch: 12 | loss: 0.2255176
	speed: 0.0065s/iter; left time: 222.9690s
Epoch: 12 cost time: 30.507725715637207
Epoch: 12, Steps: 4254 | Train Loss: 0.2857701 Vali Loss: 0.4841651 Test Loss: 0.3262742
EarlyStopping counter: 3 out of 5
Updating learning rate to 2.44140625e-06
	iters: 100, epoch: 13 | loss: 0.2044977
	speed: 0.0516s/iter; left time: 1750.1113s
	iters: 200, epoch: 13 | loss: 0.2071653
	speed: 0.0063s/iter; left time: 214.6378s
	iters: 300, epoch: 13 | loss: 0.3361908
	speed: 0.0068s/iter; left time: 230.3651s
	iters: 400, epoch: 13 | loss: 0.1796950
	speed: 0.0066s/iter; left time: 221.6743s
	iters: 500, epoch: 13 | loss: 0.2756223
	speed: 0.0063s/iter; left time: 210.3644s
	iters: 600, epoch: 13 | loss: 0.2823284
	speed: 0.0070s/iter; left time: 234.6996s
	iters: 700, epoch: 13 | loss: 0.2207394
	speed: 0.0078s/iter; left time: 259.4251s
	iters: 800, epoch: 13 | loss: 0.1948609
	speed: 0.0069s/iter; left time: 230.0566s
	iters: 900, epoch: 13 | loss: 0.2265296
	speed: 0.0080s/iter; left time: 265.2238s
	iters: 1000, epoch: 13 | loss: 0.3731481
	speed: 0.0070s/iter; left time: 230.2587s
	iters: 1100, epoch: 13 | loss: 0.2893885
	speed: 0.0075s/iter; left time: 245.7447s
	iters: 1200, epoch: 13 | loss: 0.3060284
	speed: 0.0068s/iter; left time: 224.3243s
	iters: 1300, epoch: 13 | loss: 0.2747816
	speed: 0.0075s/iter; left time: 246.7616s
	iters: 1400, epoch: 13 | loss: 0.2181330
	speed: 0.0071s/iter; left time: 230.4895s
	iters: 1500, epoch: 13 | loss: 0.1845099
	speed: 0.0074s/iter; left time: 239.7996s
	iters: 1600, epoch: 13 | loss: 0.3632954
	speed: 0.0079s/iter; left time: 255.9833s
	iters: 1700, epoch: 13 | loss: 0.2179166
	speed: 0.0071s/iter; left time: 229.8876s
	iters: 1800, epoch: 13 | loss: 0.2522651
	speed: 0.0075s/iter; left time: 241.1890s
	iters: 1900, epoch: 13 | loss: 0.2113703
	speed: 0.0070s/iter; left time: 225.0227s
	iters: 2000, epoch: 13 | loss: 0.3267561
	speed: 0.0066s/iter; left time: 210.4097s
	iters: 2100, epoch: 13 | loss: 0.4060009
	speed: 0.0064s/iter; left time: 204.1201s
	iters: 2200, epoch: 13 | loss: 0.3665888
	speed: 0.0066s/iter; left time: 210.3312s
	iters: 2300, epoch: 13 | loss: 0.2119064
	speed: 0.0065s/iter; left time: 205.4760s
	iters: 2400, epoch: 13 | loss: 0.2589606
	speed: 0.0071s/iter; left time: 224.0346s
	iters: 2500, epoch: 13 | loss: 0.1900065
	speed: 0.0076s/iter; left time: 239.0202s
	iters: 2600, epoch: 13 | loss: 0.1852208
	speed: 0.0065s/iter; left time: 202.7722s
	iters: 2700, epoch: 13 | loss: 0.2630214
	speed: 0.0057s/iter; left time: 179.2253s
	iters: 2800, epoch: 13 | loss: 0.2834961
	speed: 0.0058s/iter; left time: 181.8427s
	iters: 2900, epoch: 13 | loss: 0.3435743
	speed: 0.0066s/iter; left time: 205.1431s
	iters: 3000, epoch: 13 | loss: 0.5091523
	speed: 0.0072s/iter; left time: 223.5177s
	iters: 3100, epoch: 13 | loss: 0.2932681
	speed: 0.0071s/iter; left time: 219.6312s
	iters: 3200, epoch: 13 | loss: 0.2926075
	speed: 0.0061s/iter; left time: 187.4640s
	iters: 3300, epoch: 13 | loss: 0.2215882
	speed: 0.0076s/iter; left time: 233.6404s
	iters: 3400, epoch: 13 | loss: 0.2735261
	speed: 0.0080s/iter; left time: 245.1329s
	iters: 3500, epoch: 13 | loss: 0.2323071
	speed: 0.0067s/iter; left time: 203.0827s
	iters: 3600, epoch: 13 | loss: 0.3271945
	speed: 0.0065s/iter; left time: 198.1189s
	iters: 3700, epoch: 13 | loss: 0.1712588
	speed: 0.0070s/iter; left time: 213.5840s
	iters: 3800, epoch: 13 | loss: 0.2078387
	speed: 0.0062s/iter; left time: 187.8163s
	iters: 3900, epoch: 13 | loss: 0.2600366
	speed: 0.0064s/iter; left time: 192.5636s
	iters: 4000, epoch: 13 | loss: 0.1609232
	speed: 0.0068s/iter; left time: 203.0830s
	iters: 4100, epoch: 13 | loss: 0.2971831
	speed: 0.0077s/iter; left time: 230.2010s
	iters: 4200, epoch: 13 | loss: 0.1792855
	speed: 0.0073s/iter; left time: 218.6839s
Epoch: 13 cost time: 29.470284938812256
Epoch: 13, Steps: 4254 | Train Loss: 0.2856536 Vali Loss: 0.4817189 Test Loss: 0.3265961
Validation loss decreased (0.481780 --> 0.481719).  Saving model ...
Updating learning rate to 1.220703125e-06
	iters: 100, epoch: 14 | loss: 0.2592797
	speed: 0.0559s/iter; left time: 1658.1306s
	iters: 200, epoch: 14 | loss: 0.4379236
	speed: 0.0074s/iter; left time: 219.5595s
	iters: 300, epoch: 14 | loss: 0.4042085
	speed: 0.0065s/iter; left time: 191.6495s
	iters: 400, epoch: 14 | loss: 0.2402048
	speed: 0.0056s/iter; left time: 165.7513s
	iters: 500, epoch: 14 | loss: 0.1809767
	speed: 0.0067s/iter; left time: 195.8930s
	iters: 600, epoch: 14 | loss: 0.2003293
	speed: 0.0067s/iter; left time: 194.6237s
	iters: 700, epoch: 14 | loss: 0.2359989
	speed: 0.0072s/iter; left time: 210.5363s
	iters: 800, epoch: 14 | loss: 0.2258126
	speed: 0.0078s/iter; left time: 225.8055s
	iters: 900, epoch: 14 | loss: 0.2604708
	speed: 0.0077s/iter; left time: 221.2377s
	iters: 1000, epoch: 14 | loss: 0.3443035
	speed: 0.0080s/iter; left time: 230.2325s
	iters: 1100, epoch: 14 | loss: 0.2914590
	speed: 0.0076s/iter; left time: 217.1875s
	iters: 1200, epoch: 14 | loss: 0.2711652
	speed: 0.0074s/iter; left time: 210.1036s
	iters: 1300, epoch: 14 | loss: 0.2195235
	speed: 0.0072s/iter; left time: 205.6853s
	iters: 1400, epoch: 14 | loss: 0.1734904
	speed: 0.0073s/iter; left time: 208.3017s
	iters: 1500, epoch: 14 | loss: 0.3128976
	speed: 0.0072s/iter; left time: 203.3509s
	iters: 1600, epoch: 14 | loss: 0.4057426
	speed: 0.0066s/iter; left time: 186.6769s
	iters: 1700, epoch: 14 | loss: 0.2821857
	speed: 0.0062s/iter; left time: 175.4506s
	iters: 1800, epoch: 14 | loss: 0.1827409
	speed: 0.0069s/iter; left time: 194.1162s
	iters: 1900, epoch: 14 | loss: 0.3138099
	speed: 0.0070s/iter; left time: 194.5957s
	iters: 2000, epoch: 14 | loss: 0.2872818
	speed: 0.0058s/iter; left time: 161.6744s
	iters: 2100, epoch: 14 | loss: 0.2213282
	speed: 0.0065s/iter; left time: 179.0987s
	iters: 2200, epoch: 14 | loss: 0.2560823
	speed: 0.0080s/iter; left time: 220.4689s
	iters: 2300, epoch: 14 | loss: 0.2829872
	speed: 0.0074s/iter; left time: 203.0818s
	iters: 2400, epoch: 14 | loss: 0.4145278
	speed: 0.0068s/iter; left time: 185.6797s
	iters: 2500, epoch: 14 | loss: 0.2420214
	speed: 0.0075s/iter; left time: 204.0747s
	iters: 2600, epoch: 14 | loss: 0.3220395
	speed: 0.0077s/iter; left time: 209.5894s
	iters: 2700, epoch: 14 | loss: 0.2959826
	speed: 0.0076s/iter; left time: 204.7169s
	iters: 2800, epoch: 14 | loss: 0.2843357
	speed: 0.0076s/iter; left time: 205.1249s
	iters: 2900, epoch: 14 | loss: 0.3280676
	speed: 0.0077s/iter; left time: 206.7607s
	iters: 3000, epoch: 14 | loss: 0.2429478
	speed: 0.0077s/iter; left time: 205.1532s
	iters: 3100, epoch: 14 | loss: 0.3374789
	speed: 0.0076s/iter; left time: 202.5081s
	iters: 3200, epoch: 14 | loss: 0.2081821
	speed: 0.0079s/iter; left time: 209.2010s
	iters: 3300, epoch: 14 | loss: 0.2614209
	speed: 0.0075s/iter; left time: 199.7354s
	iters: 3400, epoch: 14 | loss: 0.2824051
	speed: 0.0070s/iter; left time: 183.6183s
	iters: 3500, epoch: 14 | loss: 0.2734528
	speed: 0.0065s/iter; left time: 170.2879s
	iters: 3600, epoch: 14 | loss: 0.2046052
	speed: 0.0066s/iter; left time: 172.5457s
	iters: 3700, epoch: 14 | loss: 0.3388707
	speed: 0.0066s/iter; left time: 172.3003s
	iters: 3800, epoch: 14 | loss: 0.2202833
	speed: 0.0065s/iter; left time: 167.7820s
	iters: 3900, epoch: 14 | loss: 0.2307234
	speed: 0.0070s/iter; left time: 181.9782s
	iters: 4000, epoch: 14 | loss: 0.2630273
	speed: 0.0076s/iter; left time: 195.1883s
	iters: 4100, epoch: 14 | loss: 0.2965409
	speed: 0.0063s/iter; left time: 160.4940s
	iters: 4200, epoch: 14 | loss: 0.3660507
	speed: 0.0068s/iter; left time: 174.4550s
Epoch: 14 cost time: 30.224279165267944
Epoch: 14, Steps: 4254 | Train Loss: 0.2855651 Vali Loss: 0.4820257 Test Loss: 0.3268509
EarlyStopping counter: 1 out of 5
Updating learning rate to 6.103515625e-07
	iters: 100, epoch: 15 | loss: 0.3098516
	speed: 0.0547s/iter; left time: 1389.6595s
	iters: 200, epoch: 15 | loss: 0.5119913
	speed: 0.0067s/iter; left time: 170.4372s
	iters: 300, epoch: 15 | loss: 0.3260852
	speed: 0.0062s/iter; left time: 156.9572s
	iters: 400, epoch: 15 | loss: 0.2172252
	speed: 0.0068s/iter; left time: 171.9323s
	iters: 500, epoch: 15 | loss: 0.2389496
	speed: 0.0066s/iter; left time: 164.9260s
	iters: 600, epoch: 15 | loss: 0.3059821
	speed: 0.0067s/iter; left time: 166.5212s
	iters: 700, epoch: 15 | loss: 0.2708186
	speed: 0.0060s/iter; left time: 148.4623s
	iters: 800, epoch: 15 | loss: 0.2580322
	speed: 0.0061s/iter; left time: 150.1331s
	iters: 900, epoch: 15 | loss: 0.3323668
	speed: 0.0064s/iter; left time: 158.5887s
	iters: 1000, epoch: 15 | loss: 0.3118767
	speed: 0.0070s/iter; left time: 172.1655s
	iters: 1100, epoch: 15 | loss: 0.3652124
	speed: 0.0076s/iter; left time: 186.1337s
	iters: 1200, epoch: 15 | loss: 0.2422526
	speed: 0.0074s/iter; left time: 179.3271s
	iters: 1300, epoch: 15 | loss: 0.2119992
	speed: 0.0058s/iter; left time: 140.7579s
	iters: 1400, epoch: 15 | loss: 0.3004114
	speed: 0.0061s/iter; left time: 146.7632s
	iters: 1500, epoch: 15 | loss: 0.2415897
	speed: 0.0069s/iter; left time: 166.0480s
	iters: 1600, epoch: 15 | loss: 0.1959562
	speed: 0.0075s/iter; left time: 179.9734s
	iters: 1700, epoch: 15 | loss: 0.2432794
	speed: 0.0072s/iter; left time: 171.0743s
	iters: 1800, epoch: 15 | loss: 0.2612304
	speed: 0.0067s/iter; left time: 159.7409s
	iters: 1900, epoch: 15 | loss: 0.3134153
	speed: 0.0063s/iter; left time: 149.3859s
	iters: 2000, epoch: 15 | loss: 0.4985253
	speed: 0.0060s/iter; left time: 142.3262s
	iters: 2100, epoch: 15 | loss: 0.2191762
	speed: 0.0060s/iter; left time: 141.0769s
	iters: 2200, epoch: 15 | loss: 0.3388317
	speed: 0.0050s/iter; left time: 117.5579s
	iters: 2300, epoch: 15 | loss: 0.2028678
	speed: 0.0062s/iter; left time: 142.8422s
	iters: 2400, epoch: 15 | loss: 0.2117342
	speed: 0.0067s/iter; left time: 155.0196s
	iters: 2500, epoch: 15 | loss: 0.3304044
	speed: 0.0068s/iter; left time: 157.4912s
	iters: 2600, epoch: 15 | loss: 0.1910607
	speed: 0.0068s/iter; left time: 155.9178s
	iters: 2700, epoch: 15 | loss: 0.3598946
	speed: 0.0068s/iter; left time: 155.4886s
	iters: 2800, epoch: 15 | loss: 0.2607991
	speed: 0.0069s/iter; left time: 156.5866s
	iters: 2900, epoch: 15 | loss: 0.3376401
	speed: 0.0070s/iter; left time: 157.2993s
	iters: 3000, epoch: 15 | loss: 0.5961516
	speed: 0.0073s/iter; left time: 163.3707s
	iters: 3100, epoch: 15 | loss: 0.2358383
	speed: 0.0072s/iter; left time: 162.1451s
	iters: 3200, epoch: 15 | loss: 0.3715066
	speed: 0.0073s/iter; left time: 163.7145s
	iters: 3300, epoch: 15 | loss: 0.2032705
	speed: 0.0073s/iter; left time: 161.8599s
	iters: 3400, epoch: 15 | loss: 0.3664470
	speed: 0.0072s/iter; left time: 160.2490s
	iters: 3500, epoch: 15 | loss: 0.2675719
	speed: 0.0073s/iter; left time: 161.7371s
	iters: 3600, epoch: 15 | loss: 0.2520065
	speed: 0.0073s/iter; left time: 160.0840s
	iters: 3700, epoch: 15 | loss: 0.3357557
	speed: 0.0074s/iter; left time: 161.3497s
	iters: 3800, epoch: 15 | loss: 0.2589728
	speed: 0.0077s/iter; left time: 167.0101s
	iters: 3900, epoch: 15 | loss: 0.2881500
	speed: 0.0079s/iter; left time: 170.5887s
	iters: 4000, epoch: 15 | loss: 0.2048696
	speed: 0.0079s/iter; left time: 169.4693s
	iters: 4100, epoch: 15 | loss: 0.2960018
	speed: 0.0078s/iter; left time: 167.3518s
	iters: 4200, epoch: 15 | loss: 0.3492680
	speed: 0.0079s/iter; left time: 167.8908s
Epoch: 15 cost time: 29.279452085494995
Epoch: 15, Steps: 4254 | Train Loss: 0.2855366 Vali Loss: 0.4819388 Test Loss: 0.3267411
EarlyStopping counter: 2 out of 5
Updating learning rate to 3.0517578125e-07
	iters: 100, epoch: 16 | loss: 0.2421927
	speed: 0.0622s/iter; left time: 1316.7880s
	iters: 200, epoch: 16 | loss: 0.2302797
	speed: 0.0073s/iter; left time: 153.9099s
	iters: 300, epoch: 16 | loss: 0.2131513
	speed: 0.0072s/iter; left time: 150.1526s
	iters: 400, epoch: 16 | loss: 0.2489292
	speed: 0.0072s/iter; left time: 149.5028s
	iters: 500, epoch: 16 | loss: 0.2610017
	speed: 0.0074s/iter; left time: 153.5469s
	iters: 600, epoch: 16 | loss: 0.2540494
	speed: 0.0068s/iter; left time: 139.5379s
	iters: 700, epoch: 16 | loss: 0.2799420
	speed: 0.0067s/iter; left time: 138.6147s
	iters: 800, epoch: 16 | loss: 0.2756752
	speed: 0.0068s/iter; left time: 138.8449s
	iters: 900, epoch: 16 | loss: 0.2446182
	speed: 0.0067s/iter; left time: 136.5495s
	iters: 1000, epoch: 16 | loss: 0.2717968
	speed: 0.0070s/iter; left time: 141.2549s
	iters: 1100, epoch: 16 | loss: 0.2806899
	speed: 0.0071s/iter; left time: 142.8511s
	iters: 1200, epoch: 16 | loss: 0.1816106
	speed: 0.0071s/iter; left time: 141.5581s
	iters: 1300, epoch: 16 | loss: 0.3604544
	speed: 0.0070s/iter; left time: 140.1967s
	iters: 1400, epoch: 16 | loss: 0.2182990
	speed: 0.0070s/iter; left time: 139.1708s
	iters: 1500, epoch: 16 | loss: 0.2163416
	speed: 0.0070s/iter; left time: 137.8752s
	iters: 1600, epoch: 16 | loss: 0.3517452
	speed: 0.0077s/iter; left time: 151.3272s
	iters: 1700, epoch: 16 | loss: 0.2127407
	speed: 0.0073s/iter; left time: 142.0850s
	iters: 1800, epoch: 16 | loss: 0.1969962
	speed: 0.0070s/iter; left time: 136.1588s
	iters: 1900, epoch: 16 | loss: 0.3695977
	speed: 0.0070s/iter; left time: 135.0880s
	iters: 2000, epoch: 16 | loss: 0.2807373
	speed: 0.0069s/iter; left time: 133.5480s
	iters: 2100, epoch: 16 | loss: 0.2699651
	speed: 0.0071s/iter; left time: 136.3259s
	iters: 2200, epoch: 16 | loss: 0.5733224
	speed: 0.0068s/iter; left time: 129.1601s
	iters: 2300, epoch: 16 | loss: 0.2704917
	speed: 0.0071s/iter; left time: 135.0816s
	iters: 2400, epoch: 16 | loss: 0.2368579
	speed: 0.0069s/iter; left time: 130.6309s
	iters: 2500, epoch: 16 | loss: 0.3166311
	speed: 0.0071s/iter; left time: 133.6994s
	iters: 2600, epoch: 16 | loss: 0.3332562
	speed: 0.0070s/iter; left time: 131.1366s
	iters: 2700, epoch: 16 | loss: 0.2918986
	speed: 0.0067s/iter; left time: 124.2492s
	iters: 2800, epoch: 16 | loss: 0.1985182
	speed: 0.0066s/iter; left time: 121.3829s
	iters: 2900, epoch: 16 | loss: 0.2591617
	speed: 0.0066s/iter; left time: 120.3829s
	iters: 3000, epoch: 16 | loss: 0.3172186
	speed: 0.0066s/iter; left time: 121.1365s
	iters: 3100, epoch: 16 | loss: 0.3458708
	speed: 0.0067s/iter; left time: 121.0859s
	iters: 3200, epoch: 16 | loss: 0.3109010
	speed: 0.0067s/iter; left time: 121.2962s
	iters: 3300, epoch: 16 | loss: 0.2398990
	speed: 0.0069s/iter; left time: 123.6496s
	iters: 3400, epoch: 16 | loss: 0.2031562
	speed: 0.0070s/iter; left time: 125.1454s
	iters: 3500, epoch: 16 | loss: 0.2336640
	speed: 0.0069s/iter; left time: 122.1208s
	iters: 3600, epoch: 16 | loss: 0.2799293
	speed: 0.0070s/iter; left time: 124.2033s
	iters: 3700, epoch: 16 | loss: 0.2935887
	speed: 0.0070s/iter; left time: 123.5688s
	iters: 3800, epoch: 16 | loss: 0.2848863
	speed: 0.0070s/iter; left time: 122.1605s
	iters: 3900, epoch: 16 | loss: 0.3648445
	speed: 0.0070s/iter; left time: 120.7371s
	iters: 4000, epoch: 16 | loss: 0.2462091
	speed: 0.0070s/iter; left time: 120.0731s
	iters: 4100, epoch: 16 | loss: 0.3413218
	speed: 0.0070s/iter; left time: 120.9543s
	iters: 4200, epoch: 16 | loss: 0.3651708
	speed: 0.0071s/iter; left time: 120.8966s
Epoch: 16 cost time: 29.691769123077393
Epoch: 16, Steps: 4254 | Train Loss: 0.2854971 Vali Loss: 0.4818813 Test Loss: 0.3267438
EarlyStopping counter: 3 out of 5
Updating learning rate to 1.52587890625e-07
	iters: 100, epoch: 17 | loss: 0.5481431
	speed: 0.0520s/iter; left time: 879.5759s
	iters: 200, epoch: 17 | loss: 0.1800448
	speed: 0.0062s/iter; left time: 103.7291s
	iters: 300, epoch: 17 | loss: 0.3092034
	speed: 0.0066s/iter; left time: 110.0364s
	iters: 400, epoch: 17 | loss: 0.3501622
	speed: 0.0066s/iter; left time: 110.3691s
	iters: 500, epoch: 17 | loss: 0.2464414
	speed: 0.0062s/iter; left time: 101.7521s
	iters: 600, epoch: 17 | loss: 0.2461812
	speed: 0.0061s/iter; left time: 100.6842s
	iters: 700, epoch: 17 | loss: 0.2085301
	speed: 0.0063s/iter; left time: 102.1806s
	iters: 800, epoch: 17 | loss: 0.2630530
	speed: 0.0063s/iter; left time: 102.6537s
	iters: 900, epoch: 17 | loss: 0.2873975
	speed: 0.0067s/iter; left time: 107.3815s
	iters: 1000, epoch: 17 | loss: 0.2801297
	speed: 0.0071s/iter; left time: 113.4133s
	iters: 1100, epoch: 17 | loss: 0.2645213
	speed: 0.0061s/iter; left time: 97.5784s
	iters: 1200, epoch: 17 | loss: 0.2270123
	speed: 0.0061s/iter; left time: 96.5314s
	iters: 1300, epoch: 17 | loss: 0.2715101
	speed: 0.0061s/iter; left time: 95.5670s
	iters: 1400, epoch: 17 | loss: 0.3006830
	speed: 0.0062s/iter; left time: 96.0842s
	iters: 1500, epoch: 17 | loss: 0.3002132
	speed: 0.0062s/iter; left time: 96.7027s
	iters: 1600, epoch: 17 | loss: 0.2801875
	speed: 0.0061s/iter; left time: 94.3599s
	iters: 1700, epoch: 17 | loss: 0.3044662
	speed: 0.0063s/iter; left time: 96.0704s
	iters: 1800, epoch: 17 | loss: 0.2038011
	speed: 0.0070s/iter; left time: 105.9332s
	iters: 1900, epoch: 17 | loss: 0.2559585
	speed: 0.0063s/iter; left time: 95.2370s
	iters: 2000, epoch: 17 | loss: 0.2314308
	speed: 0.0065s/iter; left time: 97.1773s
	iters: 2100, epoch: 17 | loss: 0.3067066
	speed: 0.0065s/iter; left time: 96.6622s
	iters: 2200, epoch: 17 | loss: 0.1935733
	speed: 0.0065s/iter; left time: 96.5073s
	iters: 2300, epoch: 17 | loss: 0.4132263
	speed: 0.0065s/iter; left time: 95.2734s
	iters: 2400, epoch: 17 | loss: 0.3316811
	speed: 0.0063s/iter; left time: 92.0932s
	iters: 2500, epoch: 17 | loss: 0.2952399
	speed: 0.0070s/iter; left time: 100.9354s
	iters: 2600, epoch: 17 | loss: 0.2573372
	speed: 0.0071s/iter; left time: 102.1118s
	iters: 2700, epoch: 17 | loss: 0.2377465
	speed: 0.0070s/iter; left time: 100.4147s
	iters: 2800, epoch: 17 | loss: 0.3113281
	speed: 0.0069s/iter; left time: 98.1459s
	iters: 2900, epoch: 17 | loss: 0.4463734
	speed: 0.0068s/iter; left time: 95.7491s
	iters: 3000, epoch: 17 | loss: 0.3028290
	speed: 0.0066s/iter; left time: 91.8477s
	iters: 3100, epoch: 17 | loss: 0.3461422
	speed: 0.0069s/iter; left time: 95.7491s
	iters: 3200, epoch: 17 | loss: 0.2855656
	speed: 0.0069s/iter; left time: 95.4981s
	iters: 3300, epoch: 17 | loss: 0.2562448
	speed: 0.0069s/iter; left time: 94.9505s
	iters: 3400, epoch: 17 | loss: 0.2608185
	speed: 0.0069s/iter; left time: 93.9649s
	iters: 3500, epoch: 17 | loss: 0.2255544
	speed: 0.0070s/iter; left time: 93.9768s
	iters: 3600, epoch: 17 | loss: 0.2345434
	speed: 0.0068s/iter; left time: 91.5417s
	iters: 3700, epoch: 17 | loss: 0.2852816
	speed: 0.0071s/iter; left time: 95.0836s
	iters: 3800, epoch: 17 | loss: 0.2771416
	speed: 0.0071s/iter; left time: 93.8954s
	iters: 3900, epoch: 17 | loss: 0.1939148
	speed: 0.0071s/iter; left time: 92.9159s
	iters: 4000, epoch: 17 | loss: 0.3379247
	speed: 0.0070s/iter; left time: 91.7548s
	iters: 4100, epoch: 17 | loss: 0.3323341
	speed: 0.0071s/iter; left time: 92.2520s
	iters: 4200, epoch: 17 | loss: 0.2004853
	speed: 0.0067s/iter; left time: 85.9101s
Epoch: 17 cost time: 28.12535810470581
Epoch: 17, Steps: 4254 | Train Loss: 0.2855031 Vali Loss: 0.4820626 Test Loss: 0.3267151
EarlyStopping counter: 4 out of 5
Updating learning rate to 7.62939453125e-08
	iters: 100, epoch: 18 | loss: 0.2068000
	speed: 0.0508s/iter; left time: 642.8042s
	iters: 200, epoch: 18 | loss: 0.3182231
	speed: 0.0061s/iter; left time: 76.6716s
	iters: 300, epoch: 18 | loss: 0.3785724
	speed: 0.0061s/iter; left time: 75.4064s
	iters: 400, epoch: 18 | loss: 0.3107366
	speed: 0.0064s/iter; left time: 78.5351s
	iters: 500, epoch: 18 | loss: 0.2667829
	speed: 0.0069s/iter; left time: 85.2278s
	iters: 600, epoch: 18 | loss: 0.3272953
	speed: 0.0068s/iter; left time: 82.6182s
	iters: 700, epoch: 18 | loss: 0.3271495
	speed: 0.0066s/iter; left time: 79.0511s
	iters: 800, epoch: 18 | loss: 0.2755365
	speed: 0.0064s/iter; left time: 77.0464s
	iters: 900, epoch: 18 | loss: 0.2091720
	speed: 0.0064s/iter; left time: 75.8288s
	iters: 1000, epoch: 18 | loss: 0.2721323
	speed: 0.0062s/iter; left time: 72.8544s
	iters: 1100, epoch: 18 | loss: 0.2593234
	speed: 0.0064s/iter; left time: 74.8831s
	iters: 1200, epoch: 18 | loss: 0.3222400
	speed: 0.0059s/iter; left time: 67.8048s
	iters: 1300, epoch: 18 | loss: 0.3620879
	speed: 0.0057s/iter; left time: 65.5890s
	iters: 1400, epoch: 18 | loss: 0.2578429
	speed: 0.0063s/iter; left time: 71.2366s
	iters: 1500, epoch: 18 | loss: 0.2679297
	speed: 0.0062s/iter; left time: 69.2915s
	iters: 1600, epoch: 18 | loss: 0.2765325
	speed: 0.0062s/iter; left time: 68.9930s
	iters: 1700, epoch: 18 | loss: 0.4750208
	speed: 0.0061s/iter; left time: 67.3964s
	iters: 1800, epoch: 18 | loss: 0.2874811
	speed: 0.0063s/iter; left time: 68.5379s
	iters: 1900, epoch: 18 | loss: 0.2474594
	speed: 0.0066s/iter; left time: 71.6992s
	iters: 2000, epoch: 18 | loss: 0.2136284
	speed: 0.0067s/iter; left time: 72.3608s
	iters: 2100, epoch: 18 | loss: 0.1857031
	speed: 0.0067s/iter; left time: 70.9329s
	iters: 2200, epoch: 18 | loss: 0.3703189
	speed: 0.0068s/iter; left time: 71.4974s
	iters: 2300, epoch: 18 | loss: 0.2171319
	speed: 0.0060s/iter; left time: 63.2224s
	iters: 2400, epoch: 18 | loss: 0.3220460
	speed: 0.0058s/iter; left time: 59.6907s
	iters: 2500, epoch: 18 | loss: 0.1935867
	speed: 0.0060s/iter; left time: 61.2713s
	iters: 2600, epoch: 18 | loss: 0.2254034
	speed: 0.0058s/iter; left time: 58.8768s
	iters: 2700, epoch: 18 | loss: 0.2600051
	speed: 0.0064s/iter; left time: 64.3055s
	iters: 2800, epoch: 18 | loss: 0.3768127
	speed: 0.0060s/iter; left time: 59.3258s
	iters: 2900, epoch: 18 | loss: 0.2788640
	speed: 0.0057s/iter; left time: 56.3178s
	iters: 3000, epoch: 18 | loss: 0.2685993
	speed: 0.0061s/iter; left time: 59.5579s
	iters: 3100, epoch: 18 | loss: 0.2090984
	speed: 0.0060s/iter; left time: 57.5168s
	iters: 3200, epoch: 18 | loss: 0.3877896
	speed: 0.0057s/iter; left time: 54.7041s
	iters: 3300, epoch: 18 | loss: 0.3661029
	speed: 0.0059s/iter; left time: 55.6742s
	iters: 3400, epoch: 18 | loss: 0.3230905
	speed: 0.0061s/iter; left time: 56.6502s
	iters: 3500, epoch: 18 | loss: 0.2289632
	speed: 0.0056s/iter; left time: 52.0776s
	iters: 3600, epoch: 18 | loss: 0.2956534
	speed: 0.0055s/iter; left time: 50.3251s
	iters: 3700, epoch: 18 | loss: 0.3513492
	speed: 0.0056s/iter; left time: 50.4845s
	iters: 3800, epoch: 18 | loss: 0.2693153
	speed: 0.0055s/iter; left time: 49.0513s
	iters: 3900, epoch: 18 | loss: 0.3552533
	speed: 0.0056s/iter; left time: 49.5313s
	iters: 4000, epoch: 18 | loss: 0.2491746
	speed: 0.0055s/iter; left time: 48.1797s
	iters: 4100, epoch: 18 | loss: 0.4642796
	speed: 0.0057s/iter; left time: 49.2084s
	iters: 4200, epoch: 18 | loss: 0.3146353
	speed: 0.0061s/iter; left time: 52.3404s
Epoch: 18 cost time: 25.93708896636963
Epoch: 18, Steps: 4254 | Train Loss: 0.2854962 Vali Loss: 0.4820765 Test Loss: 0.3267016
EarlyStopping counter: 5 out of 5
Early stopping
>>>>>>>testing : ETTm1_336_192_DLinear_ETTm1_ftM_sl336_ll48_pl192_dm512_nh8_el2_dl1_df2048_fc1_ebtimeF_dtTrue_Exp_0_seed3144<<<<<<<<<<<<<<<<<<<<<<<<<<<<<<<<<
test 11329
mse:0.326715886592865, mae:0.35833293199539185
