Args in experiment:
Namespace(activation='gelu', batch_size=8, c_out=7, checkpoints='./checkpoints/', d_ff=2048, d_layers=1, d_model=512, data='ETTm1', data_path='ETTm1.csv', dec_in=7, des='Exp', devices='0,1,2,3', distil=True, do_predict=False, dropout=0.05, e_layers=2, embed='timeF', embed_type=0, enc_in=7, factor=1, features='M', freq='h', gpu=0, individual=True, is_training=1, itr=1, label_len=48, learning_rate=0.005, loss='mse', lradj='type1', model='DLinear', model_id='ETTm1_336_192', moving_avg=25, n_heads=8, num_workers=0, output_attention=False, patience=5, pred_len=192, root_path='./dataset/', save_pred_values=False, seed=3293, seq_len=336, target='OT', test_flop=False, train_epochs=20, train_only=False, use_amp=False, use_gpu=False, use_multi_gpu=False)
Use CPU
>>>>>>>start training : ETTm1_336_192_DLinear_ETTm1_ftM_sl336_ll48_pl192_dm512_nh8_el2_dl1_df2048_fc1_ebtimeF_dtTrue_Exp_0_seed3293>>>>>>>>>>>>>>>>>>>>>>>>>>
train 34033
val 11329
test 11329
	iters: 100, epoch: 1 | loss: 0.5425617
	speed: 0.0071s/iter; left time: 601.8585s
	iters: 200, epoch: 1 | loss: 0.5824731
	speed: 0.0075s/iter; left time: 633.6231s
	iters: 300, epoch: 1 | loss: 0.6513362
	speed: 0.0079s/iter; left time: 669.7683s
	iters: 400, epoch: 1 | loss: 0.3779106
	speed: 0.0074s/iter; left time: 627.7428s
	iters: 500, epoch: 1 | loss: 0.5500615
	speed: 0.0076s/iter; left time: 638.7897s
	iters: 600, epoch: 1 | loss: 0.5960448
	speed: 0.0074s/iter; left time: 628.7104s
	iters: 700, epoch: 1 | loss: 0.3812503
	speed: 0.0076s/iter; left time: 644.7183s
	iters: 800, epoch: 1 | loss: 0.5594230
	speed: 0.0076s/iter; left time: 639.8769s
	iters: 900, epoch: 1 | loss: 0.5163493
	speed: 0.0072s/iter; left time: 607.0251s
	iters: 1000, epoch: 1 | loss: 0.5242825
	speed: 0.0078s/iter; left time: 658.4875s
	iters: 1100, epoch: 1 | loss: 0.8787904
	speed: 0.0075s/iter; left time: 629.0640s
	iters: 1200, epoch: 1 | loss: 0.5474091
	speed: 0.0077s/iter; left time: 646.9282s
	iters: 1300, epoch: 1 | loss: 0.8086387
	speed: 0.0077s/iter; left time: 640.9998s
	iters: 1400, epoch: 1 | loss: 0.7860268
	speed: 0.0072s/iter; left time: 604.4050s
	iters: 1500, epoch: 1 | loss: 0.5658550
	speed: 0.0070s/iter; left time: 588.2795s
	iters: 1600, epoch: 1 | loss: 0.4630917
	speed: 0.0077s/iter; left time: 646.1733s
	iters: 1700, epoch: 1 | loss: 0.6516848
	speed: 0.0076s/iter; left time: 632.1997s
	iters: 1800, epoch: 1 | loss: 0.5663175
	speed: 0.0071s/iter; left time: 593.0665s
	iters: 1900, epoch: 1 | loss: 0.5629226
	speed: 0.0073s/iter; left time: 607.9914s
	iters: 2000, epoch: 1 | loss: 0.5030066
	speed: 0.0068s/iter; left time: 560.8492s
	iters: 2100, epoch: 1 | loss: 0.7463314
	speed: 0.0078s/iter; left time: 643.3021s
	iters: 2200, epoch: 1 | loss: 1.7125337
	speed: 0.0070s/iter; left time: 583.3315s
	iters: 2300, epoch: 1 | loss: 0.3734121
	speed: 0.0074s/iter; left time: 609.4705s
	iters: 2400, epoch: 1 | loss: 0.4551585
	speed: 0.0074s/iter; left time: 612.8783s
	iters: 2500, epoch: 1 | loss: 0.3900096
	speed: 0.0073s/iter; left time: 599.7017s
	iters: 2600, epoch: 1 | loss: 0.6555251
	speed: 0.0068s/iter; left time: 559.1742s
	iters: 2700, epoch: 1 | loss: 0.5922549
	speed: 0.0074s/iter; left time: 608.1719s
	iters: 2800, epoch: 1 | loss: 0.5662283
	speed: 0.0075s/iter; left time: 620.6255s
	iters: 2900, epoch: 1 | loss: 0.4918627
	speed: 0.0070s/iter; left time: 577.8959s
	iters: 3000, epoch: 1 | loss: 0.4458850
	speed: 0.0069s/iter; left time: 567.9562s
	iters: 3100, epoch: 1 | loss: 0.4047413
	speed: 0.0069s/iter; left time: 561.7657s
	iters: 3200, epoch: 1 | loss: 0.5236413
	speed: 0.0065s/iter; left time: 528.3616s
	iters: 3300, epoch: 1 | loss: 0.7136610
	speed: 0.0066s/iter; left time: 539.7578s
	iters: 3400, epoch: 1 | loss: 0.5622565
	speed: 0.0073s/iter; left time: 593.0863s
	iters: 3500, epoch: 1 | loss: 0.5306638
	speed: 0.0066s/iter; left time: 536.9747s
	iters: 3600, epoch: 1 | loss: 0.7165571
	speed: 0.0069s/iter; left time: 563.7208s
	iters: 3700, epoch: 1 | loss: 0.6461828
	speed: 0.0065s/iter; left time: 530.0073s
	iters: 3800, epoch: 1 | loss: 0.5325335
	speed: 0.0055s/iter; left time: 444.7398s
	iters: 3900, epoch: 1 | loss: 0.6609211
	speed: 0.0067s/iter; left time: 543.1008s
	iters: 4000, epoch: 1 | loss: 0.6638082
	speed: 0.0069s/iter; left time: 561.1390s
	iters: 4100, epoch: 1 | loss: 0.5198665
	speed: 0.0072s/iter; left time: 586.4422s
	iters: 4200, epoch: 1 | loss: 0.5640132
	speed: 0.0069s/iter; left time: 560.5372s
Epoch: 1 cost time: 30.55391812324524
Epoch: 1, Steps: 4254 | Train Loss: 0.5299300 Vali Loss: 0.7502193 Test Loss: 0.5182074
Validation loss decreased (inf --> 0.750219).  Saving model ...
Updating learning rate to 0.005
	iters: 100, epoch: 2 | loss: 0.4771750
	speed: 0.0533s/iter; left time: 4304.6864s
	iters: 200, epoch: 2 | loss: 0.6649234
	speed: 0.0076s/iter; left time: 612.7656s
	iters: 300, epoch: 2 | loss: 0.4778670
	speed: 0.0076s/iter; left time: 608.1965s
	iters: 400, epoch: 2 | loss: 0.3145467
	speed: 0.0067s/iter; left time: 540.8876s
	iters: 500, epoch: 2 | loss: 0.6134230
	speed: 0.0061s/iter; left time: 487.5134s
	iters: 600, epoch: 2 | loss: 0.4911436
	speed: 0.0058s/iter; left time: 463.0790s
	iters: 700, epoch: 2 | loss: 0.4542545
	speed: 0.0074s/iter; left time: 590.7878s
	iters: 800, epoch: 2 | loss: 0.6838715
	speed: 0.0064s/iter; left time: 514.5754s
	iters: 900, epoch: 2 | loss: 0.4542443
	speed: 0.0059s/iter; left time: 473.4022s
	iters: 1000, epoch: 2 | loss: 0.5071931
	speed: 0.0051s/iter; left time: 404.7231s
	iters: 1100, epoch: 2 | loss: 0.4032182
	speed: 0.0064s/iter; left time: 513.6989s
	iters: 1200, epoch: 2 | loss: 0.5075816
	speed: 0.0074s/iter; left time: 592.6105s
	iters: 1300, epoch: 2 | loss: 0.4678175
	speed: 0.0076s/iter; left time: 601.3756s
	iters: 1400, epoch: 2 | loss: 0.6190990
	speed: 0.0075s/iter; left time: 593.9476s
	iters: 1500, epoch: 2 | loss: 0.4766688
	speed: 0.0068s/iter; left time: 539.6714s
	iters: 1600, epoch: 2 | loss: 0.4010039
	speed: 0.0073s/iter; left time: 574.5464s
	iters: 1700, epoch: 2 | loss: 0.3120041
	speed: 0.0073s/iter; left time: 580.8382s
	iters: 1800, epoch: 2 | loss: 0.4845176
	speed: 0.0074s/iter; left time: 583.2213s
	iters: 1900, epoch: 2 | loss: 0.9885703
	speed: 0.0068s/iter; left time: 534.4278s
	iters: 2000, epoch: 2 | loss: 0.6997706
	speed: 0.0080s/iter; left time: 632.4982s
	iters: 2100, epoch: 2 | loss: 0.3353015
	speed: 0.0079s/iter; left time: 624.2998s
	iters: 2200, epoch: 2 | loss: 0.4634856
	speed: 0.0066s/iter; left time: 515.7923s
	iters: 2300, epoch: 2 | loss: 0.5466451
	speed: 0.0068s/iter; left time: 535.0008s
	iters: 2400, epoch: 2 | loss: 0.4189425
	speed: 0.0060s/iter; left time: 472.1328s
	iters: 2500, epoch: 2 | loss: 0.3936221
	speed: 0.0064s/iter; left time: 504.5540s
	iters: 2600, epoch: 2 | loss: 0.4934049
	speed: 0.0064s/iter; left time: 503.2202s
	iters: 2700, epoch: 2 | loss: 0.7856480
	speed: 0.0064s/iter; left time: 499.1132s
	iters: 2800, epoch: 2 | loss: 0.4522385
	speed: 0.0060s/iter; left time: 466.0633s
	iters: 2900, epoch: 2 | loss: 0.5708696
	speed: 0.0069s/iter; left time: 535.4235s
	iters: 3000, epoch: 2 | loss: 0.5646797
	speed: 0.0073s/iter; left time: 571.2494s
	iters: 3100, epoch: 2 | loss: 0.3530052
	speed: 0.0068s/iter; left time: 531.1080s
	iters: 3200, epoch: 2 | loss: 0.4991569
	speed: 0.0075s/iter; left time: 578.5972s
	iters: 3300, epoch: 2 | loss: 0.6291828
	speed: 0.0069s/iter; left time: 537.1110s
	iters: 3400, epoch: 2 | loss: 0.5984174
	speed: 0.0071s/iter; left time: 547.4078s
	iters: 3500, epoch: 2 | loss: 0.4765800
	speed: 0.0073s/iter; left time: 560.7276s
	iters: 3600, epoch: 2 | loss: 0.6016769
	speed: 0.0071s/iter; left time: 546.8732s
	iters: 3700, epoch: 2 | loss: 0.4338375
	speed: 0.0072s/iter; left time: 554.4233s
	iters: 3800, epoch: 2 | loss: 0.7844388
	speed: 0.0078s/iter; left time: 598.4919s
	iters: 3900, epoch: 2 | loss: 0.4220175
	speed: 0.0078s/iter; left time: 600.9797s
	iters: 4000, epoch: 2 | loss: 0.4260970
	speed: 0.0077s/iter; left time: 588.7443s
	iters: 4100, epoch: 2 | loss: 0.5441527
	speed: 0.0079s/iter; left time: 602.4713s
	iters: 4200, epoch: 2 | loss: 0.5168766
	speed: 0.0072s/iter; left time: 554.8235s
Epoch: 2 cost time: 29.687022924423218
Epoch: 2, Steps: 4254 | Train Loss: 0.5325281 Vali Loss: 0.8219728 Test Loss: 0.5625215
EarlyStopping counter: 1 out of 5
Updating learning rate to 0.0025
	iters: 100, epoch: 3 | loss: 0.3690067
	speed: 0.0513s/iter; left time: 3920.7257s
	iters: 200, epoch: 3 | loss: 0.2775651
	speed: 0.0066s/iter; left time: 503.4908s
	iters: 300, epoch: 3 | loss: 0.3535126
	speed: 0.0070s/iter; left time: 536.4937s
	iters: 400, epoch: 3 | loss: 0.3726653
	speed: 0.0057s/iter; left time: 432.6649s
	iters: 500, epoch: 3 | loss: 0.3654955
	speed: 0.0060s/iter; left time: 456.6469s
	iters: 600, epoch: 3 | loss: 0.2353055
	speed: 0.0065s/iter; left time: 491.5776s
	iters: 700, epoch: 3 | loss: 0.3170330
	speed: 0.0066s/iter; left time: 497.0204s
	iters: 800, epoch: 3 | loss: 0.3456222
	speed: 0.0072s/iter; left time: 548.6939s
	iters: 900, epoch: 3 | loss: 0.4250417
	speed: 0.0070s/iter; left time: 527.4746s
	iters: 1000, epoch: 3 | loss: 0.3058092
	speed: 0.0072s/iter; left time: 540.3476s
	iters: 1100, epoch: 3 | loss: 0.2841274
	speed: 0.0071s/iter; left time: 538.4540s
	iters: 1200, epoch: 3 | loss: 0.3904876
	speed: 0.0076s/iter; left time: 576.1056s
	iters: 1300, epoch: 3 | loss: 0.3030378
	speed: 0.0079s/iter; left time: 593.4397s
	iters: 1400, epoch: 3 | loss: 0.4221900
	speed: 0.0081s/iter; left time: 606.6504s
	iters: 1500, epoch: 3 | loss: 0.3930959
	speed: 0.0080s/iter; left time: 600.0883s
	iters: 1600, epoch: 3 | loss: 0.3977043
	speed: 0.0077s/iter; left time: 578.1960s
	iters: 1700, epoch: 3 | loss: 0.3359148
	speed: 0.0078s/iter; left time: 582.7012s
	iters: 1800, epoch: 3 | loss: 0.3452399
	speed: 0.0077s/iter; left time: 572.9334s
	iters: 1900, epoch: 3 | loss: 0.4936281
	speed: 0.0077s/iter; left time: 575.9342s
	iters: 2000, epoch: 3 | loss: 0.3176258
	speed: 0.0073s/iter; left time: 544.6069s
	iters: 2100, epoch: 3 | loss: 0.2661528
	speed: 0.0075s/iter; left time: 555.7433s
	iters: 2200, epoch: 3 | loss: 0.4650106
	speed: 0.0075s/iter; left time: 558.6243s
	iters: 2300, epoch: 3 | loss: 0.3458679
	speed: 0.0075s/iter; left time: 559.2741s
	iters: 2400, epoch: 3 | loss: 0.6738163
	speed: 0.0076s/iter; left time: 564.6903s
	iters: 2500, epoch: 3 | loss: 0.2873413
	speed: 0.0073s/iter; left time: 540.6319s
	iters: 2600, epoch: 3 | loss: 0.4280230
	speed: 0.0059s/iter; left time: 439.2747s
	iters: 2700, epoch: 3 | loss: 0.5345243
	speed: 0.0065s/iter; left time: 483.2885s
	iters: 2800, epoch: 3 | loss: 0.4197304
	speed: 0.0074s/iter; left time: 546.1759s
	iters: 2900, epoch: 3 | loss: 0.3588031
	speed: 0.0060s/iter; left time: 440.4488s
	iters: 3000, epoch: 3 | loss: 0.4467157
	speed: 0.0065s/iter; left time: 476.6604s
	iters: 3100, epoch: 3 | loss: 0.3342928
	speed: 0.0073s/iter; left time: 539.4841s
	iters: 3200, epoch: 3 | loss: 0.5002006
	speed: 0.0070s/iter; left time: 512.8859s
	iters: 3300, epoch: 3 | loss: 0.6132421
	speed: 0.0071s/iter; left time: 523.4498s
	iters: 3400, epoch: 3 | loss: 0.4132168
	speed: 0.0072s/iter; left time: 529.2685s
	iters: 3500, epoch: 3 | loss: 0.4586729
	speed: 0.0074s/iter; left time: 539.4188s
	iters: 3600, epoch: 3 | loss: 0.3069554
	speed: 0.0078s/iter; left time: 569.8265s
	iters: 3700, epoch: 3 | loss: 0.4254586
	speed: 0.0080s/iter; left time: 580.9083s
	iters: 3800, epoch: 3 | loss: 0.3308461
	speed: 0.0075s/iter; left time: 542.3139s
	iters: 3900, epoch: 3 | loss: 0.5001369
	speed: 0.0068s/iter; left time: 494.1946s
	iters: 4000, epoch: 3 | loss: 0.3777595
	speed: 0.0063s/iter; left time: 457.2117s
	iters: 4100, epoch: 3 | loss: 0.4571811
	speed: 0.0066s/iter; left time: 481.4478s
	iters: 4200, epoch: 3 | loss: 0.3915064
	speed: 0.0065s/iter; left time: 467.6991s
Epoch: 3 cost time: 30.247398853302002
Epoch: 3, Steps: 4254 | Train Loss: 0.3887502 Vali Loss: 0.6966634 Test Loss: 0.4544187
Validation loss decreased (0.750219 --> 0.696663).  Saving model ...
Updating learning rate to 0.00125
	iters: 100, epoch: 4 | loss: 0.3111229
	speed: 0.0517s/iter; left time: 3733.9374s
	iters: 200, epoch: 4 | loss: 0.3772118
	speed: 0.0070s/iter; left time: 507.2817s
	iters: 300, epoch: 4 | loss: 0.3829162
	speed: 0.0068s/iter; left time: 491.9525s
	iters: 400, epoch: 4 | loss: 0.3335982
	speed: 0.0070s/iter; left time: 506.4757s
	iters: 500, epoch: 4 | loss: 0.3280573
	speed: 0.0067s/iter; left time: 478.3502s
	iters: 600, epoch: 4 | loss: 0.3817369
	speed: 0.0069s/iter; left time: 495.0550s
	iters: 700, epoch: 4 | loss: 0.4481508
	speed: 0.0070s/iter; left time: 501.3064s
	iters: 800, epoch: 4 | loss: 0.3942094
	speed: 0.0067s/iter; left time: 480.8748s
	iters: 900, epoch: 4 | loss: 0.2837807
	speed: 0.0077s/iter; left time: 547.8210s
	iters: 1000, epoch: 4 | loss: 0.3594612
	speed: 0.0076s/iter; left time: 543.6700s
	iters: 1100, epoch: 4 | loss: 0.3836015
	speed: 0.0071s/iter; left time: 508.7081s
	iters: 1200, epoch: 4 | loss: 0.2767272
	speed: 0.0066s/iter; left time: 472.2326s
	iters: 1300, epoch: 4 | loss: 0.3663451
	speed: 0.0074s/iter; left time: 526.3383s
	iters: 1400, epoch: 4 | loss: 0.3418083
	speed: 0.0073s/iter; left time: 520.7198s
	iters: 1500, epoch: 4 | loss: 0.3255160
	speed: 0.0076s/iter; left time: 538.2968s
	iters: 1600, epoch: 4 | loss: 0.3162826
	speed: 0.0075s/iter; left time: 527.4606s
	iters: 1700, epoch: 4 | loss: 0.2516122
	speed: 0.0071s/iter; left time: 501.5271s
	iters: 1800, epoch: 4 | loss: 0.3415895
	speed: 0.0072s/iter; left time: 504.2357s
	iters: 1900, epoch: 4 | loss: 0.3306603
	speed: 0.0073s/iter; left time: 512.0814s
	iters: 2000, epoch: 4 | loss: 0.3371601
	speed: 0.0071s/iter; left time: 500.0195s
	iters: 2100, epoch: 4 | loss: 0.3036821
	speed: 0.0071s/iter; left time: 500.8386s
	iters: 2200, epoch: 4 | loss: 0.4055088
	speed: 0.0073s/iter; left time: 512.5996s
	iters: 2300, epoch: 4 | loss: 0.3939257
	speed: 0.0072s/iter; left time: 505.5368s
	iters: 2400, epoch: 4 | loss: 0.2047693
	speed: 0.0075s/iter; left time: 527.5466s
	iters: 2500, epoch: 4 | loss: 0.3777674
	speed: 0.0078s/iter; left time: 542.6437s
	iters: 2600, epoch: 4 | loss: 0.2858398
	speed: 0.0079s/iter; left time: 547.4948s
	iters: 2700, epoch: 4 | loss: 0.3492865
	speed: 0.0063s/iter; left time: 438.5975s
	iters: 2800, epoch: 4 | loss: 0.3866052
	speed: 0.0069s/iter; left time: 479.5779s
	iters: 2900, epoch: 4 | loss: 0.2247793
	speed: 0.0064s/iter; left time: 447.4123s
	iters: 3000, epoch: 4 | loss: 0.2504567
	speed: 0.0051s/iter; left time: 354.0929s
	iters: 3100, epoch: 4 | loss: 0.3615671
	speed: 0.0063s/iter; left time: 437.6675s
	iters: 3200, epoch: 4 | loss: 0.3472804
	speed: 0.0063s/iter; left time: 437.7412s
	iters: 3300, epoch: 4 | loss: 0.3030604
	speed: 0.0066s/iter; left time: 457.5964s
	iters: 3400, epoch: 4 | loss: 0.2856082
	speed: 0.0064s/iter; left time: 437.8504s
	iters: 3500, epoch: 4 | loss: 0.3464062
	speed: 0.0073s/iter; left time: 501.9529s
	iters: 3600, epoch: 4 | loss: 0.3473804
	speed: 0.0066s/iter; left time: 453.4799s
	iters: 3700, epoch: 4 | loss: 0.3543784
	speed: 0.0069s/iter; left time: 475.6721s
	iters: 3800, epoch: 4 | loss: 0.4791556
	speed: 0.0078s/iter; left time: 531.7030s
	iters: 3900, epoch: 4 | loss: 0.3883001
	speed: 0.0073s/iter; left time: 497.4063s
	iters: 4000, epoch: 4 | loss: 0.2425753
	speed: 0.0073s/iter; left time: 496.4902s
	iters: 4100, epoch: 4 | loss: 0.3410094
	speed: 0.0069s/iter; left time: 468.2020s
	iters: 4200, epoch: 4 | loss: 0.2593339
	speed: 0.0074s/iter; left time: 504.0025s
Epoch: 4 cost time: 29.854899168014526
Epoch: 4, Steps: 4254 | Train Loss: 0.3370224 Vali Loss: 0.5735384 Test Loss: 0.3735838
Validation loss decreased (0.696663 --> 0.573538).  Saving model ...
Updating learning rate to 0.000625
	iters: 100, epoch: 5 | loss: 0.3573616
	speed: 0.0523s/iter; left time: 3556.0013s
	iters: 200, epoch: 5 | loss: 0.2819919
	speed: 0.0070s/iter; left time: 473.0189s
	iters: 300, epoch: 5 | loss: 0.2331079
	speed: 0.0066s/iter; left time: 444.5787s
	iters: 400, epoch: 5 | loss: 0.2694686
	speed: 0.0067s/iter; left time: 451.4805s
	iters: 500, epoch: 5 | loss: 0.3498417
	speed: 0.0061s/iter; left time: 414.7327s
	iters: 600, epoch: 5 | loss: 0.1856387
	speed: 0.0073s/iter; left time: 490.5995s
	iters: 700, epoch: 5 | loss: 0.2800348
	speed: 0.0077s/iter; left time: 516.7175s
	iters: 800, epoch: 5 | loss: 0.2738898
	speed: 0.0077s/iter; left time: 515.7168s
	iters: 900, epoch: 5 | loss: 0.4192938
	speed: 0.0074s/iter; left time: 500.1782s
	iters: 1000, epoch: 5 | loss: 0.2824854
	speed: 0.0071s/iter; left time: 475.6833s
	iters: 1100, epoch: 5 | loss: 0.4049196
	speed: 0.0074s/iter; left time: 493.3754s
	iters: 1200, epoch: 5 | loss: 0.3283073
	speed: 0.0078s/iter; left time: 521.0156s
	iters: 1300, epoch: 5 | loss: 0.3536518
	speed: 0.0071s/iter; left time: 471.1243s
	iters: 1400, epoch: 5 | loss: 0.2663208
	speed: 0.0075s/iter; left time: 500.3512s
	iters: 1500, epoch: 5 | loss: 0.2696362
	speed: 0.0078s/iter; left time: 517.3568s
	iters: 1600, epoch: 5 | loss: 0.1932208
	speed: 0.0075s/iter; left time: 497.8991s
	iters: 1700, epoch: 5 | loss: 0.3612274
	speed: 0.0071s/iter; left time: 473.1834s
	iters: 1800, epoch: 5 | loss: 0.2501582
	speed: 0.0071s/iter; left time: 468.7833s
	iters: 1900, epoch: 5 | loss: 0.2890486
	speed: 0.0076s/iter; left time: 501.7005s
	iters: 2000, epoch: 5 | loss: 0.2786490
	speed: 0.0073s/iter; left time: 482.4897s
	iters: 2100, epoch: 5 | loss: 0.2891237
	speed: 0.0074s/iter; left time: 486.8231s
	iters: 2200, epoch: 5 | loss: 0.2363673
	speed: 0.0065s/iter; left time: 427.8069s
	iters: 2300, epoch: 5 | loss: 0.3016403
	speed: 0.0062s/iter; left time: 407.9391s
	iters: 2400, epoch: 5 | loss: 0.2687107
	speed: 0.0061s/iter; left time: 401.1028s
	iters: 2500, epoch: 5 | loss: 0.2657332
	speed: 0.0063s/iter; left time: 410.4545s
	iters: 2600, epoch: 5 | loss: 0.3143876
	speed: 0.0070s/iter; left time: 456.6368s
	iters: 2700, epoch: 5 | loss: 0.2348402
	speed: 0.0064s/iter; left time: 416.5504s
	iters: 2800, epoch: 5 | loss: 0.1983500
	speed: 0.0064s/iter; left time: 416.4547s
	iters: 2900, epoch: 5 | loss: 0.3278117
	speed: 0.0066s/iter; left time: 430.7411s
	iters: 3000, epoch: 5 | loss: 0.2832903
	speed: 0.0062s/iter; left time: 403.5739s
	iters: 3100, epoch: 5 | loss: 0.3631303
	speed: 0.0062s/iter; left time: 404.8832s
	iters: 3200, epoch: 5 | loss: 0.3499410
	speed: 0.0066s/iter; left time: 425.4047s
	iters: 3300, epoch: 5 | loss: 0.3375982
	speed: 0.0066s/iter; left time: 426.2669s
	iters: 3400, epoch: 5 | loss: 0.2380830
	speed: 0.0060s/iter; left time: 386.8508s
	iters: 3500, epoch: 5 | loss: 0.2550546
	speed: 0.0072s/iter; left time: 467.5166s
	iters: 3600, epoch: 5 | loss: 0.4022868
	speed: 0.0071s/iter; left time: 457.2304s
	iters: 3700, epoch: 5 | loss: 0.2678883
	speed: 0.0077s/iter; left time: 495.6717s
	iters: 3800, epoch: 5 | loss: 0.3109890
	speed: 0.0076s/iter; left time: 491.1108s
	iters: 3900, epoch: 5 | loss: 0.3950687
	speed: 0.0079s/iter; left time: 504.3361s
	iters: 4000, epoch: 5 | loss: 0.3182672
	speed: 0.0068s/iter; left time: 435.0671s
	iters: 4100, epoch: 5 | loss: 0.2772214
	speed: 0.0070s/iter; left time: 450.4423s
	iters: 4200, epoch: 5 | loss: 0.2801689
	speed: 0.0067s/iter; left time: 428.4175s
Epoch: 5 cost time: 29.579245805740356
Epoch: 5, Steps: 4254 | Train Loss: 0.3119326 Vali Loss: 0.5948867 Test Loss: 0.3609111
EarlyStopping counter: 1 out of 5
Updating learning rate to 0.0003125
	iters: 100, epoch: 6 | loss: 0.2959313
	speed: 0.0536s/iter; left time: 3412.1049s
	iters: 200, epoch: 6 | loss: 0.2989451
	speed: 0.0071s/iter; left time: 454.1824s
	iters: 300, epoch: 6 | loss: 0.2340624
	speed: 0.0063s/iter; left time: 401.4181s
	iters: 400, epoch: 6 | loss: 0.2831635
	speed: 0.0065s/iter; left time: 411.6861s
	iters: 500, epoch: 6 | loss: 0.2127318
	speed: 0.0067s/iter; left time: 424.2124s
	iters: 600, epoch: 6 | loss: 0.1881074
	speed: 0.0075s/iter; left time: 476.7226s
	iters: 700, epoch: 6 | loss: 0.3785685
	speed: 0.0073s/iter; left time: 460.1536s
	iters: 800, epoch: 6 | loss: 0.3286959
	speed: 0.0063s/iter; left time: 398.4081s
	iters: 900, epoch: 6 | loss: 0.2519987
	speed: 0.0068s/iter; left time: 425.1892s
	iters: 1000, epoch: 6 | loss: 0.4105552
	speed: 0.0071s/iter; left time: 446.0977s
	iters: 1100, epoch: 6 | loss: 0.2918269
	speed: 0.0063s/iter; left time: 396.2499s
	iters: 1200, epoch: 6 | loss: 0.3215929
	speed: 0.0066s/iter; left time: 410.7284s
	iters: 1300, epoch: 6 | loss: 0.2643009
	speed: 0.0071s/iter; left time: 443.2437s
	iters: 1400, epoch: 6 | loss: 0.2025239
	speed: 0.0063s/iter; left time: 393.9704s
	iters: 1500, epoch: 6 | loss: 0.2811901
	speed: 0.0069s/iter; left time: 431.7217s
	iters: 1600, epoch: 6 | loss: 0.3422598
	speed: 0.0076s/iter; left time: 470.4614s
	iters: 1700, epoch: 6 | loss: 0.2548296
	speed: 0.0072s/iter; left time: 449.7537s
	iters: 1800, epoch: 6 | loss: 0.2619951
	speed: 0.0076s/iter; left time: 469.9329s
	iters: 1900, epoch: 6 | loss: 0.2319470
	speed: 0.0076s/iter; left time: 467.5304s
	iters: 2000, epoch: 6 | loss: 0.3804525
	speed: 0.0081s/iter; left time: 499.5399s
	iters: 2100, epoch: 6 | loss: 0.2992566
	speed: 0.0072s/iter; left time: 445.1167s
	iters: 2200, epoch: 6 | loss: 0.3326966
	speed: 0.0079s/iter; left time: 483.7862s
	iters: 2300, epoch: 6 | loss: 0.2458761
	speed: 0.0053s/iter; left time: 326.9963s
	iters: 2400, epoch: 6 | loss: 0.2868648
	speed: 0.0045s/iter; left time: 275.2886s
	iters: 2500, epoch: 6 | loss: 0.2874961
	speed: 0.0069s/iter; left time: 425.3970s
	iters: 2600, epoch: 6 | loss: 0.4370363
	speed: 0.0071s/iter; left time: 432.2719s
	iters: 2700, epoch: 6 | loss: 0.2807644
	speed: 0.0070s/iter; left time: 426.6174s
	iters: 2800, epoch: 6 | loss: 0.3037266
	speed: 0.0072s/iter; left time: 438.5795s
	iters: 2900, epoch: 6 | loss: 0.3142520
	speed: 0.0071s/iter; left time: 429.5783s
	iters: 3000, epoch: 6 | loss: 0.3291045
	speed: 0.0069s/iter; left time: 419.1249s
	iters: 3100, epoch: 6 | loss: 0.2759625
	speed: 0.0071s/iter; left time: 431.6869s
	iters: 3200, epoch: 6 | loss: 0.2779739
	speed: 0.0072s/iter; left time: 435.9814s
	iters: 3300, epoch: 6 | loss: 0.2946760
	speed: 0.0065s/iter; left time: 394.5376s
	iters: 3400, epoch: 6 | loss: 0.2582504
	speed: 0.0073s/iter; left time: 441.1262s
	iters: 3500, epoch: 6 | loss: 0.4017481
	speed: 0.0063s/iter; left time: 378.0441s
	iters: 3600, epoch: 6 | loss: 0.2217003
	speed: 0.0075s/iter; left time: 452.9394s
	iters: 3700, epoch: 6 | loss: 0.3559431
	speed: 0.0054s/iter; left time: 325.2235s
	iters: 3800, epoch: 6 | loss: 0.3022458
	speed: 0.0066s/iter; left time: 396.8417s
	iters: 3900, epoch: 6 | loss: 0.2452988
	speed: 0.0063s/iter; left time: 374.6237s
	iters: 4000, epoch: 6 | loss: 0.7798274
	speed: 0.0065s/iter; left time: 388.7694s
	iters: 4100, epoch: 6 | loss: 0.4731305
	speed: 0.0061s/iter; left time: 366.0566s
	iters: 4200, epoch: 6 | loss: 0.2956549
	speed: 0.0076s/iter; left time: 452.5773s
Epoch: 6 cost time: 29.116297483444214
Epoch: 6, Steps: 4254 | Train Loss: 0.2989156 Vali Loss: 0.5056608 Test Loss: 0.3360125
Validation loss decreased (0.573538 --> 0.505661).  Saving model ...
Updating learning rate to 0.00015625
	iters: 100, epoch: 7 | loss: 0.2314207
	speed: 0.0594s/iter; left time: 3533.5568s
	iters: 200, epoch: 7 | loss: 0.2610720
	speed: 0.0068s/iter; left time: 404.8127s
	iters: 300, epoch: 7 | loss: 0.2240556
	speed: 0.0071s/iter; left time: 419.7027s
	iters: 400, epoch: 7 | loss: 0.2440521
	speed: 0.0067s/iter; left time: 396.5164s
	iters: 500, epoch: 7 | loss: 0.2449450
	speed: 0.0059s/iter; left time: 346.6676s
	iters: 600, epoch: 7 | loss: 0.1808795
	speed: 0.0069s/iter; left time: 408.0455s
	iters: 700, epoch: 7 | loss: 0.4781279
	speed: 0.0077s/iter; left time: 453.2542s
	iters: 800, epoch: 7 | loss: 0.3431756
	speed: 0.0079s/iter; left time: 464.3428s
	iters: 900, epoch: 7 | loss: 0.2464601
	speed: 0.0075s/iter; left time: 438.0979s
	iters: 1000, epoch: 7 | loss: 0.4951517
	speed: 0.0074s/iter; left time: 432.2585s
	iters: 1100, epoch: 7 | loss: 0.3617962
	speed: 0.0080s/iter; left time: 465.4315s
	iters: 1200, epoch: 7 | loss: 0.3586223
	speed: 0.0079s/iter; left time: 459.4774s
	iters: 1300, epoch: 7 | loss: 0.3058971
	speed: 0.0078s/iter; left time: 452.6860s
	iters: 1400, epoch: 7 | loss: 0.3959496
	speed: 0.0082s/iter; left time: 476.5191s
	iters: 1500, epoch: 7 | loss: 0.3150577
	speed: 0.0074s/iter; left time: 430.4249s
	iters: 1600, epoch: 7 | loss: 0.2224248
	speed: 0.0067s/iter; left time: 389.4015s
	iters: 1700, epoch: 7 | loss: 0.2364151
	speed: 0.0079s/iter; left time: 455.3343s
	iters: 1800, epoch: 7 | loss: 0.3193921
	speed: 0.0078s/iter; left time: 451.8297s
	iters: 1900, epoch: 7 | loss: 0.2773015
	speed: 0.0077s/iter; left time: 445.8111s
	iters: 2000, epoch: 7 | loss: 0.2525803
	speed: 0.0080s/iter; left time: 458.7712s
	iters: 2100, epoch: 7 | loss: 0.2856306
	speed: 0.0079s/iter; left time: 456.2499s
	iters: 2200, epoch: 7 | loss: 0.3940016
	speed: 0.0075s/iter; left time: 431.3507s
	iters: 2300, epoch: 7 | loss: 0.3023649
	speed: 0.0072s/iter; left time: 413.4502s
	iters: 2400, epoch: 7 | loss: 0.2748098
	speed: 0.0077s/iter; left time: 437.4144s
	iters: 2500, epoch: 7 | loss: 0.2838221
	speed: 0.0078s/iter; left time: 442.2394s
	iters: 2600, epoch: 7 | loss: 0.2487050
	speed: 0.0075s/iter; left time: 427.8274s
	iters: 2700, epoch: 7 | loss: 0.3044423
	speed: 0.0073s/iter; left time: 414.9971s
	iters: 2800, epoch: 7 | loss: 0.2596100
	speed: 0.0072s/iter; left time: 408.2380s
	iters: 2900, epoch: 7 | loss: 0.2885157
	speed: 0.0073s/iter; left time: 410.8673s
	iters: 3000, epoch: 7 | loss: 0.4143749
	speed: 0.0072s/iter; left time: 406.6445s
	iters: 3100, epoch: 7 | loss: 0.2446634
	speed: 0.0070s/iter; left time: 397.8087s
	iters: 3200, epoch: 7 | loss: 0.2253331
	speed: 0.0062s/iter; left time: 348.4244s
	iters: 3300, epoch: 7 | loss: 0.2624790
	speed: 0.0074s/iter; left time: 415.7590s
	iters: 3400, epoch: 7 | loss: 0.3783322
	speed: 0.0071s/iter; left time: 399.3634s
	iters: 3500, epoch: 7 | loss: 0.2719332
	speed: 0.0076s/iter; left time: 426.1138s
	iters: 3600, epoch: 7 | loss: 0.2418721
	speed: 0.0080s/iter; left time: 448.9906s
	iters: 3700, epoch: 7 | loss: 0.1991031
	speed: 0.0075s/iter; left time: 420.2967s
	iters: 3800, epoch: 7 | loss: 0.3613013
	speed: 0.0075s/iter; left time: 417.2638s
	iters: 3900, epoch: 7 | loss: 0.2229042
	speed: 0.0070s/iter; left time: 386.9477s
	iters: 4000, epoch: 7 | loss: 0.3433184
	speed: 0.0070s/iter; left time: 389.6111s
	iters: 4100, epoch: 7 | loss: 0.3070314
	speed: 0.0064s/iter; left time: 353.7505s
	iters: 4200, epoch: 7 | loss: 0.2792884
	speed: 0.0065s/iter; left time: 359.3964s
Epoch: 7 cost time: 31.19826889038086
Epoch: 7, Steps: 4254 | Train Loss: 0.2926792 Vali Loss: 0.5000706 Test Loss: 0.3361912
Validation loss decreased (0.505661 --> 0.500071).  Saving model ...
Updating learning rate to 7.8125e-05
	iters: 100, epoch: 8 | loss: 0.4994631
	speed: 0.0511s/iter; left time: 2821.5262s
	iters: 200, epoch: 8 | loss: 0.2619163
	speed: 0.0069s/iter; left time: 379.1367s
	iters: 300, epoch: 8 | loss: 0.2582058
	speed: 0.0069s/iter; left time: 377.3218s
	iters: 400, epoch: 8 | loss: 0.5671619
	speed: 0.0069s/iter; left time: 378.8599s
	iters: 500, epoch: 8 | loss: 0.3872833
	speed: 0.0076s/iter; left time: 418.8237s
	iters: 600, epoch: 8 | loss: 0.2839067
	speed: 0.0074s/iter; left time: 403.7304s
	iters: 700, epoch: 8 | loss: 0.4230584
	speed: 0.0073s/iter; left time: 401.0487s
	iters: 800, epoch: 8 | loss: 0.2397216
	speed: 0.0071s/iter; left time: 387.1496s
	iters: 900, epoch: 8 | loss: 0.4035132
	speed: 0.0067s/iter; left time: 365.6386s
	iters: 1000, epoch: 8 | loss: 0.4457725
	speed: 0.0079s/iter; left time: 428.9925s
	iters: 1100, epoch: 8 | loss: 0.2716787
	speed: 0.0068s/iter; left time: 367.5280s
	iters: 1200, epoch: 8 | loss: 0.3583364
	speed: 0.0057s/iter; left time: 309.0501s
	iters: 1300, epoch: 8 | loss: 0.1819444
	speed: 0.0070s/iter; left time: 379.4309s
	iters: 1400, epoch: 8 | loss: 0.3018246
	speed: 0.0065s/iter; left time: 350.4933s
	iters: 1500, epoch: 8 | loss: 0.2427607
	speed: 0.0068s/iter; left time: 365.4089s
	iters: 1600, epoch: 8 | loss: 0.2910940
	speed: 0.0051s/iter; left time: 272.8122s
	iters: 1700, epoch: 8 | loss: 0.2405802
	speed: 0.0069s/iter; left time: 368.9194s
	iters: 1800, epoch: 8 | loss: 0.2920783
	speed: 0.0074s/iter; left time: 393.2984s
	iters: 1900, epoch: 8 | loss: 0.2142705
	speed: 0.0075s/iter; left time: 399.9875s
	iters: 2000, epoch: 8 | loss: 0.2301393
	speed: 0.0073s/iter; left time: 391.2905s
	iters: 2100, epoch: 8 | loss: 0.3742506
	speed: 0.0073s/iter; left time: 387.5525s
	iters: 2200, epoch: 8 | loss: 0.3667690
	speed: 0.0075s/iter; left time: 398.8312s
	iters: 2300, epoch: 8 | loss: 0.2941480
	speed: 0.0064s/iter; left time: 340.7291s
	iters: 2400, epoch: 8 | loss: 0.2037868
	speed: 0.0063s/iter; left time: 332.3712s
	iters: 2500, epoch: 8 | loss: 0.3056635
	speed: 0.0074s/iter; left time: 388.6725s
	iters: 2600, epoch: 8 | loss: 0.3860234
	speed: 0.0065s/iter; left time: 341.5144s
	iters: 2700, epoch: 8 | loss: 0.1667147
	speed: 0.0053s/iter; left time: 279.5119s
	iters: 2800, epoch: 8 | loss: 0.2694148
	speed: 0.0061s/iter; left time: 320.7131s
	iters: 2900, epoch: 8 | loss: 0.2198418
	speed: 0.0069s/iter; left time: 361.1038s
	iters: 3000, epoch: 8 | loss: 0.2774331
	speed: 0.0074s/iter; left time: 387.7238s
	iters: 3100, epoch: 8 | loss: 0.2889884
	speed: 0.0071s/iter; left time: 368.5524s
	iters: 3200, epoch: 8 | loss: 0.3027401
	speed: 0.0072s/iter; left time: 372.5841s
	iters: 3300, epoch: 8 | loss: 0.4442272
	speed: 0.0079s/iter; left time: 412.9638s
	iters: 3400, epoch: 8 | loss: 0.3313582
	speed: 0.0074s/iter; left time: 381.5995s
	iters: 3500, epoch: 8 | loss: 0.3190504
	speed: 0.0073s/iter; left time: 377.0433s
	iters: 3600, epoch: 8 | loss: 0.1761417
	speed: 0.0062s/iter; left time: 320.1453s
	iters: 3700, epoch: 8 | loss: 0.2012765
	speed: 0.0074s/iter; left time: 383.2979s
	iters: 3800, epoch: 8 | loss: 0.2392775
	speed: 0.0065s/iter; left time: 332.7086s
	iters: 3900, epoch: 8 | loss: 0.2270706
	speed: 0.0076s/iter; left time: 389.6695s
	iters: 4000, epoch: 8 | loss: 0.1928800
	speed: 0.0078s/iter; left time: 400.2710s
	iters: 4100, epoch: 8 | loss: 0.1888467
	speed: 0.0077s/iter; left time: 393.4476s
	iters: 4200, epoch: 8 | loss: 0.2468402
	speed: 0.0074s/iter; left time: 376.2324s
Epoch: 8 cost time: 29.629230499267578
Epoch: 8, Steps: 4254 | Train Loss: 0.2891572 Vali Loss: 0.4895048 Test Loss: 0.3293367
Validation loss decreased (0.500071 --> 0.489505).  Saving model ...
Updating learning rate to 3.90625e-05
	iters: 100, epoch: 9 | loss: 0.2485085
	speed: 0.0596s/iter; left time: 3035.7217s
	iters: 200, epoch: 9 | loss: 0.3329574
	speed: 0.0076s/iter; left time: 387.5865s
	iters: 300, epoch: 9 | loss: 0.3123777
	speed: 0.0079s/iter; left time: 403.0869s
	iters: 400, epoch: 9 | loss: 0.3959303
	speed: 0.0079s/iter; left time: 401.3234s
	iters: 500, epoch: 9 | loss: 0.2484474
	speed: 0.0074s/iter; left time: 375.0120s
	iters: 600, epoch: 9 | loss: 0.3043700
	speed: 0.0075s/iter; left time: 377.2727s
	iters: 700, epoch: 9 | loss: 0.2562446
	speed: 0.0077s/iter; left time: 387.7335s
	iters: 800, epoch: 9 | loss: 0.3689024
	speed: 0.0075s/iter; left time: 374.5360s
	iters: 900, epoch: 9 | loss: 0.2494777
	speed: 0.0076s/iter; left time: 380.3127s
	iters: 1000, epoch: 9 | loss: 0.2527556
	speed: 0.0057s/iter; left time: 287.6986s
	iters: 1100, epoch: 9 | loss: 0.2655941
	speed: 0.0059s/iter; left time: 295.8217s
	iters: 1200, epoch: 9 | loss: 0.2985557
	speed: 0.0064s/iter; left time: 317.9538s
	iters: 1300, epoch: 9 | loss: 0.2482390
	speed: 0.0073s/iter; left time: 364.2640s
	iters: 1400, epoch: 9 | loss: 0.2645973
	speed: 0.0077s/iter; left time: 383.9307s
	iters: 1500, epoch: 9 | loss: 0.3430241
	speed: 0.0072s/iter; left time: 357.8908s
	iters: 1600, epoch: 9 | loss: 0.3101078
	speed: 0.0070s/iter; left time: 344.4213s
	iters: 1700, epoch: 9 | loss: 0.5279662
	speed: 0.0071s/iter; left time: 348.0229s
	iters: 1800, epoch: 9 | loss: 0.3649766
	speed: 0.0076s/iter; left time: 371.8981s
	iters: 1900, epoch: 9 | loss: 0.3242691
	speed: 0.0072s/iter; left time: 354.4747s
	iters: 2000, epoch: 9 | loss: 0.2650371
	speed: 0.0068s/iter; left time: 331.4845s
	iters: 2100, epoch: 9 | loss: 0.2426310
	speed: 0.0074s/iter; left time: 361.4354s
	iters: 2200, epoch: 9 | loss: 0.3158985
	speed: 0.0076s/iter; left time: 370.4219s
	iters: 2300, epoch: 9 | loss: 0.2882403
	speed: 0.0071s/iter; left time: 344.6554s
	iters: 2400, epoch: 9 | loss: 0.4128824
	speed: 0.0060s/iter; left time: 291.4958s
	iters: 2500, epoch: 9 | loss: 0.2124005
	speed: 0.0057s/iter; left time: 275.4347s
	iters: 2600, epoch: 9 | loss: 0.3692894
	speed: 0.0070s/iter; left time: 338.0938s
	iters: 2700, epoch: 9 | loss: 0.1984126
	speed: 0.0075s/iter; left time: 362.7396s
	iters: 2800, epoch: 9 | loss: 0.3726307
	speed: 0.0077s/iter; left time: 370.2608s
	iters: 2900, epoch: 9 | loss: 0.1938044
	speed: 0.0080s/iter; left time: 387.1953s
	iters: 3000, epoch: 9 | loss: 0.2631702
	speed: 0.0077s/iter; left time: 371.3332s
	iters: 3100, epoch: 9 | loss: 0.2430574
	speed: 0.0073s/iter; left time: 349.5830s
	iters: 3200, epoch: 9 | loss: 0.2270938
	speed: 0.0073s/iter; left time: 348.9401s
	iters: 3300, epoch: 9 | loss: 0.2516332
	speed: 0.0061s/iter; left time: 291.2044s
	iters: 3400, epoch: 9 | loss: 0.2528494
	speed: 0.0064s/iter; left time: 305.5336s
	iters: 3500, epoch: 9 | loss: 0.2123403
	speed: 0.0066s/iter; left time: 313.9690s
	iters: 3600, epoch: 9 | loss: 0.2468402
	speed: 0.0063s/iter; left time: 296.9033s
	iters: 3700, epoch: 9 | loss: 0.2721049
	speed: 0.0076s/iter; left time: 359.9250s
	iters: 3800, epoch: 9 | loss: 0.2405025
	speed: 0.0074s/iter; left time: 349.7406s
	iters: 3900, epoch: 9 | loss: 0.3557947
	speed: 0.0069s/iter; left time: 323.0990s
	iters: 4000, epoch: 9 | loss: 0.3824385
	speed: 0.0072s/iter; left time: 338.7529s
	iters: 4100, epoch: 9 | loss: 0.2634661
	speed: 0.0070s/iter; left time: 329.1464s
	iters: 4200, epoch: 9 | loss: 0.3105055
	speed: 0.0070s/iter; left time: 328.0701s
Epoch: 9 cost time: 30.31906509399414
Epoch: 9, Steps: 4254 | Train Loss: 0.2874251 Vali Loss: 0.4898828 Test Loss: 0.3300273
EarlyStopping counter: 1 out of 5
Updating learning rate to 1.953125e-05
	iters: 100, epoch: 10 | loss: 0.2140341
	speed: 0.0511s/iter; left time: 2386.3806s
	iters: 200, epoch: 10 | loss: 0.1959505
	speed: 0.0073s/iter; left time: 339.1536s
	iters: 300, epoch: 10 | loss: 0.4974263
	speed: 0.0061s/iter; left time: 284.2468s
	iters: 400, epoch: 10 | loss: 0.3558102
	speed: 0.0065s/iter; left time: 301.6992s
	iters: 500, epoch: 10 | loss: 0.3891093
	speed: 0.0063s/iter; left time: 292.9655s
	iters: 600, epoch: 10 | loss: 0.3767282
	speed: 0.0070s/iter; left time: 324.8587s
	iters: 700, epoch: 10 | loss: 0.2281773
	speed: 0.0072s/iter; left time: 332.3930s
	iters: 800, epoch: 10 | loss: 0.2096225
	speed: 0.0070s/iter; left time: 322.8845s
	iters: 900, epoch: 10 | loss: 0.2620825
	speed: 0.0070s/iter; left time: 323.0673s
	iters: 1000, epoch: 10 | loss: 0.3151532
	speed: 0.0075s/iter; left time: 344.4931s
	iters: 1100, epoch: 10 | loss: 0.1632671
	speed: 0.0068s/iter; left time: 311.2455s
	iters: 1200, epoch: 10 | loss: 0.2183177
	speed: 0.0058s/iter; left time: 266.2742s
	iters: 1300, epoch: 10 | loss: 0.3140344
	speed: 0.0067s/iter; left time: 305.2944s
	iters: 1400, epoch: 10 | loss: 0.2404966
	speed: 0.0059s/iter; left time: 266.0138s
	iters: 1500, epoch: 10 | loss: 0.1911642
	speed: 0.0068s/iter; left time: 309.3996s
	iters: 1600, epoch: 10 | loss: 0.2690101
	speed: 0.0058s/iter; left time: 262.2290s
	iters: 1700, epoch: 10 | loss: 0.2632782
	speed: 0.0064s/iter; left time: 290.7969s
	iters: 1800, epoch: 10 | loss: 0.3750376
	speed: 0.0070s/iter; left time: 316.8662s
	iters: 1900, epoch: 10 | loss: 0.2967732
	speed: 0.0047s/iter; left time: 209.7910s
	iters: 2000, epoch: 10 | loss: 0.3114347
	speed: 0.0076s/iter; left time: 341.0513s
	iters: 2100, epoch: 10 | loss: 0.2845902
	speed: 0.0066s/iter; left time: 294.5809s
	iters: 2200, epoch: 10 | loss: 0.1905532
	speed: 0.0072s/iter; left time: 321.1953s
	iters: 2300, epoch: 10 | loss: 0.1879720
	speed: 0.0068s/iter; left time: 304.1456s
	iters: 2400, epoch: 10 | loss: 0.2868951
	speed: 0.0077s/iter; left time: 342.8507s
	iters: 2500, epoch: 10 | loss: 0.2378435
	speed: 0.0073s/iter; left time: 324.5712s
	iters: 2600, epoch: 10 | loss: 0.1969091
	speed: 0.0065s/iter; left time: 288.2518s
	iters: 2700, epoch: 10 | loss: 0.1953082
	speed: 0.0074s/iter; left time: 327.1296s
	iters: 2800, epoch: 10 | loss: 0.2430842
	speed: 0.0077s/iter; left time: 336.6803s
	iters: 2900, epoch: 10 | loss: 0.1990092
	speed: 0.0077s/iter; left time: 337.1331s
	iters: 3000, epoch: 10 | loss: 0.3444859
	speed: 0.0070s/iter; left time: 307.1846s
	iters: 3100, epoch: 10 | loss: 0.1611033
	speed: 0.0063s/iter; left time: 273.4610s
	iters: 3200, epoch: 10 | loss: 0.3794231
	speed: 0.0061s/iter; left time: 267.2785s
	iters: 3300, epoch: 10 | loss: 0.2641542
	speed: 0.0076s/iter; left time: 329.7284s
	iters: 3400, epoch: 10 | loss: 0.2597817
	speed: 0.0078s/iter; left time: 338.4809s
	iters: 3500, epoch: 10 | loss: 0.2724117
	speed: 0.0076s/iter; left time: 329.4893s
	iters: 3600, epoch: 10 | loss: 0.2913927
	speed: 0.0077s/iter; left time: 332.6510s
	iters: 3700, epoch: 10 | loss: 0.2308501
	speed: 0.0077s/iter; left time: 330.2113s
	iters: 3800, epoch: 10 | loss: 0.5027651
	speed: 0.0073s/iter; left time: 312.9317s
	iters: 3900, epoch: 10 | loss: 0.2299417
	speed: 0.0077s/iter; left time: 330.8108s
	iters: 4000, epoch: 10 | loss: 0.2207565
	speed: 0.0076s/iter; left time: 326.6504s
	iters: 4100, epoch: 10 | loss: 0.2961559
	speed: 0.0074s/iter; left time: 317.3324s
	iters: 4200, epoch: 10 | loss: 0.3443185
	speed: 0.0072s/iter; left time: 306.7056s
Epoch: 10 cost time: 29.634531259536743
Epoch: 10, Steps: 4254 | Train Loss: 0.2865002 Vali Loss: 0.4811897 Test Loss: 0.3271879
Validation loss decreased (0.489505 --> 0.481190).  Saving model ...
Updating learning rate to 9.765625e-06
	iters: 100, epoch: 11 | loss: 0.2956937
	speed: 0.0507s/iter; left time: 2153.6873s
	iters: 200, epoch: 11 | loss: 0.5204943
	speed: 0.0069s/iter; left time: 291.8508s
	iters: 300, epoch: 11 | loss: 0.3069779
	speed: 0.0063s/iter; left time: 266.5975s
	iters: 400, epoch: 11 | loss: 0.2154638
	speed: 0.0062s/iter; left time: 260.8158s
	iters: 500, epoch: 11 | loss: 0.3353658
	speed: 0.0071s/iter; left time: 299.0049s
	iters: 600, epoch: 11 | loss: 0.2370017
	speed: 0.0070s/iter; left time: 295.4130s
	iters: 700, epoch: 11 | loss: 0.2966873
	speed: 0.0072s/iter; left time: 303.2694s
	iters: 800, epoch: 11 | loss: 0.2114838
	speed: 0.0064s/iter; left time: 266.0518s
	iters: 900, epoch: 11 | loss: 0.3637846
	speed: 0.0065s/iter; left time: 272.4540s
	iters: 1000, epoch: 11 | loss: 0.2070950
	speed: 0.0075s/iter; left time: 312.0804s
	iters: 1100, epoch: 11 | loss: 0.2771676
	speed: 0.0074s/iter; left time: 306.1880s
	iters: 1200, epoch: 11 | loss: 0.1894168
	speed: 0.0068s/iter; left time: 280.3619s
	iters: 1300, epoch: 11 | loss: 0.1986533
	speed: 0.0077s/iter; left time: 317.5792s
	iters: 1400, epoch: 11 | loss: 0.2994023
	speed: 0.0069s/iter; left time: 283.8735s
	iters: 1500, epoch: 11 | loss: 0.2159682
	speed: 0.0070s/iter; left time: 287.3156s
	iters: 1600, epoch: 11 | loss: 0.1973686
	speed: 0.0064s/iter; left time: 262.9392s
	iters: 1700, epoch: 11 | loss: 0.2459081
	speed: 0.0075s/iter; left time: 307.8662s
	iters: 1800, epoch: 11 | loss: 0.2502617
	speed: 0.0073s/iter; left time: 296.3078s
	iters: 1900, epoch: 11 | loss: 0.3232209
	speed: 0.0067s/iter; left time: 271.8289s
	iters: 2000, epoch: 11 | loss: 0.3321658
	speed: 0.0076s/iter; left time: 308.2931s
	iters: 2100, epoch: 11 | loss: 0.2585424
	speed: 0.0074s/iter; left time: 300.8105s
	iters: 2200, epoch: 11 | loss: 0.2551638
	speed: 0.0072s/iter; left time: 292.1673s
	iters: 2300, epoch: 11 | loss: 0.2479550
	speed: 0.0064s/iter; left time: 258.7626s
	iters: 2400, epoch: 11 | loss: 0.2758304
	speed: 0.0067s/iter; left time: 267.7404s
	iters: 2500, epoch: 11 | loss: 0.3269206
	speed: 0.0068s/iter; left time: 273.4246s
	iters: 2600, epoch: 11 | loss: 0.2145236
	speed: 0.0069s/iter; left time: 276.9037s
	iters: 2700, epoch: 11 | loss: 0.3350969
	speed: 0.0078s/iter; left time: 311.5818s
	iters: 2800, epoch: 11 | loss: 0.2778676
	speed: 0.0076s/iter; left time: 302.8272s
	iters: 2900, epoch: 11 | loss: 0.2573657
	speed: 0.0075s/iter; left time: 298.1410s
	iters: 3000, epoch: 11 | loss: 0.2522796
	speed: 0.0076s/iter; left time: 298.5528s
	iters: 3100, epoch: 11 | loss: 0.3157723
	speed: 0.0060s/iter; left time: 237.8300s
	iters: 3200, epoch: 11 | loss: 0.2188347
	speed: 0.0068s/iter; left time: 269.1120s
	iters: 3300, epoch: 11 | loss: 0.2269415
	speed: 0.0069s/iter; left time: 272.0450s
	iters: 3400, epoch: 11 | loss: 0.4355487
	speed: 0.0076s/iter; left time: 296.6188s
	iters: 3500, epoch: 11 | loss: 0.2567493
	speed: 0.0066s/iter; left time: 255.7192s
	iters: 3600, epoch: 11 | loss: 0.2762050
	speed: 0.0066s/iter; left time: 255.4794s
	iters: 3700, epoch: 11 | loss: 0.2821593
	speed: 0.0065s/iter; left time: 251.7697s
	iters: 3800, epoch: 11 | loss: 0.3078346
	speed: 0.0061s/iter; left time: 235.1573s
	iters: 3900, epoch: 11 | loss: 0.2274058
	speed: 0.0059s/iter; left time: 228.7861s
	iters: 4000, epoch: 11 | loss: 0.2277698
	speed: 0.0059s/iter; left time: 228.5181s
	iters: 4100, epoch: 11 | loss: 0.2463889
	speed: 0.0059s/iter; left time: 227.6986s
	iters: 4200, epoch: 11 | loss: 0.2187165
	speed: 0.0076s/iter; left time: 292.2447s
Epoch: 11 cost time: 29.17193603515625
Epoch: 11, Steps: 4254 | Train Loss: 0.2860405 Vali Loss: 0.4817721 Test Loss: 0.3265520
EarlyStopping counter: 1 out of 5
Updating learning rate to 4.8828125e-06
	iters: 100, epoch: 12 | loss: 0.2772714
	speed: 0.0507s/iter; left time: 1934.2552s
	iters: 200, epoch: 12 | loss: 0.3328070
	speed: 0.0073s/iter; left time: 277.3841s
	iters: 300, epoch: 12 | loss: 0.4194951
	speed: 0.0075s/iter; left time: 285.4244s
	iters: 400, epoch: 12 | loss: 0.2292428
	speed: 0.0072s/iter; left time: 273.2671s
	iters: 500, epoch: 12 | loss: 0.1962456
	speed: 0.0072s/iter; left time: 273.2834s
	iters: 600, epoch: 12 | loss: 0.2481001
	speed: 0.0080s/iter; left time: 299.7301s
	iters: 700, epoch: 12 | loss: 0.2184589
	speed: 0.0080s/iter; left time: 300.0630s
	iters: 800, epoch: 12 | loss: 0.2299771
	speed: 0.0079s/iter; left time: 297.7956s
	iters: 900, epoch: 12 | loss: 0.2599103
	speed: 0.0076s/iter; left time: 284.0722s
	iters: 1000, epoch: 12 | loss: 0.2291395
	speed: 0.0080s/iter; left time: 297.5886s
	iters: 1100, epoch: 12 | loss: 0.2966854
	speed: 0.0076s/iter; left time: 283.3948s
	iters: 1200, epoch: 12 | loss: 0.2700875
	speed: 0.0074s/iter; left time: 274.9482s
	iters: 1300, epoch: 12 | loss: 0.2588169
	speed: 0.0076s/iter; left time: 282.2461s
	iters: 1400, epoch: 12 | loss: 0.2254051
	speed: 0.0076s/iter; left time: 279.7060s
	iters: 1500, epoch: 12 | loss: 0.3640657
	speed: 0.0069s/iter; left time: 254.5105s
	iters: 1600, epoch: 12 | loss: 0.1755993
	speed: 0.0072s/iter; left time: 264.9626s
	iters: 1700, epoch: 12 | loss: 0.2607332
	speed: 0.0073s/iter; left time: 267.0331s
	iters: 1800, epoch: 12 | loss: 0.3479744
	speed: 0.0077s/iter; left time: 279.9912s
	iters: 1900, epoch: 12 | loss: 0.2191207
	speed: 0.0076s/iter; left time: 277.5702s
	iters: 2000, epoch: 12 | loss: 0.2791271
	speed: 0.0076s/iter; left time: 274.3440s
	iters: 2100, epoch: 12 | loss: 0.2091024
	speed: 0.0061s/iter; left time: 222.2757s
	iters: 2200, epoch: 12 | loss: 0.2414306
	speed: 0.0074s/iter; left time: 268.7919s
	iters: 2300, epoch: 12 | loss: 0.2408674
	speed: 0.0070s/iter; left time: 250.9225s
	iters: 2400, epoch: 12 | loss: 0.2582246
	speed: 0.0077s/iter; left time: 276.3551s
	iters: 2500, epoch: 12 | loss: 0.2123378
	speed: 0.0077s/iter; left time: 274.9516s
	iters: 2600, epoch: 12 | loss: 0.2237459
	speed: 0.0077s/iter; left time: 274.0384s
	iters: 2700, epoch: 12 | loss: 0.2224226
	speed: 0.0075s/iter; left time: 267.3397s
	iters: 2800, epoch: 12 | loss: 0.2375734
	speed: 0.0070s/iter; left time: 249.1293s
	iters: 2900, epoch: 12 | loss: 0.2379119
	speed: 0.0081s/iter; left time: 286.7827s
	iters: 3000, epoch: 12 | loss: 0.4079225
	speed: 0.0070s/iter; left time: 247.6602s
	iters: 3100, epoch: 12 | loss: 0.2470308
	speed: 0.0069s/iter; left time: 242.5174s
	iters: 3200, epoch: 12 | loss: 0.2781909
	speed: 0.0076s/iter; left time: 266.7517s
	iters: 3300, epoch: 12 | loss: 0.3264334
	speed: 0.0077s/iter; left time: 269.0345s
	iters: 3400, epoch: 12 | loss: 0.2615684
	speed: 0.0081s/iter; left time: 282.5844s
	iters: 3500, epoch: 12 | loss: 0.3195285
	speed: 0.0079s/iter; left time: 274.8770s
	iters: 3600, epoch: 12 | loss: 0.2631598
	speed: 0.0079s/iter; left time: 274.1059s
	iters: 3700, epoch: 12 | loss: 0.4636820
	speed: 0.0075s/iter; left time: 260.4813s
	iters: 3800, epoch: 12 | loss: 0.2783579
	speed: 0.0071s/iter; left time: 245.2031s
	iters: 3900, epoch: 12 | loss: 0.2690019
	speed: 0.0073s/iter; left time: 252.5447s
	iters: 4000, epoch: 12 | loss: 0.4599377
	speed: 0.0071s/iter; left time: 244.8431s
	iters: 4100, epoch: 12 | loss: 0.2940455
	speed: 0.0073s/iter; left time: 250.3451s
	iters: 4200, epoch: 12 | loss: 0.2259033
	speed: 0.0068s/iter; left time: 231.4509s
Epoch: 12 cost time: 31.632054805755615
Epoch: 12, Steps: 4254 | Train Loss: 0.2857778 Vali Loss: 0.4813165 Test Loss: 0.3267240
EarlyStopping counter: 2 out of 5
Updating learning rate to 2.44140625e-06
	iters: 100, epoch: 13 | loss: 0.1878646
	speed: 0.0554s/iter; left time: 1878.7939s
	iters: 200, epoch: 13 | loss: 0.2086280
	speed: 0.0074s/iter; left time: 249.7735s
	iters: 300, epoch: 13 | loss: 0.2672359
	speed: 0.0072s/iter; left time: 241.9030s
	iters: 400, epoch: 13 | loss: 0.3215266
	speed: 0.0075s/iter; left time: 253.4004s
	iters: 500, epoch: 13 | loss: 0.2603235
	speed: 0.0063s/iter; left time: 212.6654s
	iters: 600, epoch: 13 | loss: 0.2100996
	speed: 0.0061s/iter; left time: 205.2780s
	iters: 700, epoch: 13 | loss: 0.2454392
	speed: 0.0066s/iter; left time: 218.6947s
	iters: 800, epoch: 13 | loss: 0.7594445
	speed: 0.0062s/iter; left time: 205.4815s
	iters: 900, epoch: 13 | loss: 0.2677794
	speed: 0.0063s/iter; left time: 208.4083s
	iters: 1000, epoch: 13 | loss: 0.2687744
	speed: 0.0062s/iter; left time: 205.4964s
	iters: 1100, epoch: 13 | loss: 0.3088188
	speed: 0.0066s/iter; left time: 215.8359s
	iters: 1200, epoch: 13 | loss: 0.1835150
	speed: 0.0071s/iter; left time: 233.7342s
	iters: 1300, epoch: 13 | loss: 0.2960147
	speed: 0.0076s/iter; left time: 248.8440s
	iters: 1400, epoch: 13 | loss: 0.3137391
	speed: 0.0064s/iter; left time: 207.9797s
	iters: 1500, epoch: 13 | loss: 0.2516177
	speed: 0.0061s/iter; left time: 198.1261s
	iters: 1600, epoch: 13 | loss: 0.2829280
	speed: 0.0072s/iter; left time: 232.8906s
	iters: 1700, epoch: 13 | loss: 0.3002546
	speed: 0.0072s/iter; left time: 232.2834s
	iters: 1800, epoch: 13 | loss: 0.2176493
	speed: 0.0076s/iter; left time: 246.5308s
	iters: 1900, epoch: 13 | loss: 0.2227151
	speed: 0.0072s/iter; left time: 232.3418s
	iters: 2000, epoch: 13 | loss: 0.3362955
	speed: 0.0072s/iter; left time: 229.7298s
	iters: 2100, epoch: 13 | loss: 0.3228616
	speed: 0.0072s/iter; left time: 229.6266s
	iters: 2200, epoch: 13 | loss: 0.2605732
	speed: 0.0068s/iter; left time: 215.8286s
	iters: 2300, epoch: 13 | loss: 0.2691548
	speed: 0.0066s/iter; left time: 208.1927s
	iters: 2400, epoch: 13 | loss: 0.2941865
	speed: 0.0074s/iter; left time: 233.5534s
	iters: 2500, epoch: 13 | loss: 0.2103544
	speed: 0.0075s/iter; left time: 235.5014s
	iters: 2600, epoch: 13 | loss: 0.3270687
	speed: 0.0074s/iter; left time: 231.0895s
	iters: 2700, epoch: 13 | loss: 0.2726485
	speed: 0.0078s/iter; left time: 243.2148s
	iters: 2800, epoch: 13 | loss: 0.3335377
	speed: 0.0078s/iter; left time: 242.7511s
	iters: 2900, epoch: 13 | loss: 0.1623137
	speed: 0.0072s/iter; left time: 223.5063s
	iters: 3000, epoch: 13 | loss: 0.2454672
	speed: 0.0073s/iter; left time: 225.6771s
	iters: 3100, epoch: 13 | loss: 0.1781382
	speed: 0.0061s/iter; left time: 189.6616s
	iters: 3200, epoch: 13 | loss: 0.2481474
	speed: 0.0053s/iter; left time: 163.7209s
	iters: 3300, epoch: 13 | loss: 0.2790689
	speed: 0.0064s/iter; left time: 196.7760s
	iters: 3400, epoch: 13 | loss: 0.2564490
	speed: 0.0065s/iter; left time: 199.4816s
	iters: 3500, epoch: 13 | loss: 0.3770998
	speed: 0.0072s/iter; left time: 220.7049s
	iters: 3600, epoch: 13 | loss: 0.4843175
	speed: 0.0056s/iter; left time: 169.2736s
	iters: 3700, epoch: 13 | loss: 0.2239821
	speed: 0.0066s/iter; left time: 199.0607s
	iters: 3800, epoch: 13 | loss: 0.2238147
	speed: 0.0068s/iter; left time: 204.0729s
	iters: 3900, epoch: 13 | loss: 0.4105589
	speed: 0.0064s/iter; left time: 193.5386s
	iters: 4000, epoch: 13 | loss: 0.2642892
	speed: 0.0070s/iter; left time: 209.7304s
	iters: 4100, epoch: 13 | loss: 0.2888561
	speed: 0.0071s/iter; left time: 211.9380s
	iters: 4200, epoch: 13 | loss: 0.4164041
	speed: 0.0069s/iter; left time: 207.0951s
Epoch: 13 cost time: 29.240854024887085
Epoch: 13, Steps: 4254 | Train Loss: 0.2856354 Vali Loss: 0.4815915 Test Loss: 0.3265508
EarlyStopping counter: 3 out of 5
Updating learning rate to 1.220703125e-06
	iters: 100, epoch: 14 | loss: 0.2442633
	speed: 0.0559s/iter; left time: 1659.8475s
	iters: 200, epoch: 14 | loss: 0.4102339
	speed: 0.0074s/iter; left time: 220.0101s
	iters: 300, epoch: 14 | loss: 0.3349723
	speed: 0.0070s/iter; left time: 207.0033s
	iters: 400, epoch: 14 | loss: 0.2683723
	speed: 0.0062s/iter; left time: 183.3508s
	iters: 500, epoch: 14 | loss: 0.3033713
	speed: 0.0077s/iter; left time: 226.0332s
	iters: 600, epoch: 14 | loss: 0.3451435
	speed: 0.0080s/iter; left time: 232.9374s
	iters: 700, epoch: 14 | loss: 0.2979482
	speed: 0.0078s/iter; left time: 227.7370s
	iters: 800, epoch: 14 | loss: 0.2606177
	speed: 0.0076s/iter; left time: 218.8603s
	iters: 900, epoch: 14 | loss: 0.2386964
	speed: 0.0072s/iter; left time: 207.0166s
	iters: 1000, epoch: 14 | loss: 0.2025261
	speed: 0.0065s/iter; left time: 187.1350s
	iters: 1100, epoch: 14 | loss: 0.2954659
	speed: 0.0056s/iter; left time: 161.0219s
	iters: 1200, epoch: 14 | loss: 0.2330647
	speed: 0.0059s/iter; left time: 169.1436s
	iters: 1300, epoch: 14 | loss: 0.3309184
	speed: 0.0063s/iter; left time: 180.2143s
	iters: 1400, epoch: 14 | loss: 0.2723739
	speed: 0.0064s/iter; left time: 181.9544s
	iters: 1500, epoch: 14 | loss: 0.2208633
	speed: 0.0072s/iter; left time: 203.2801s
	iters: 1600, epoch: 14 | loss: 0.1991704
	speed: 0.0066s/iter; left time: 186.2808s
	iters: 1700, epoch: 14 | loss: 0.2601366
	speed: 0.0062s/iter; left time: 173.9239s
	iters: 1800, epoch: 14 | loss: 0.4412419
	speed: 0.0067s/iter; left time: 188.0313s
	iters: 1900, epoch: 14 | loss: 0.2746462
	speed: 0.0059s/iter; left time: 163.7011s
	iters: 2000, epoch: 14 | loss: 0.2449928
	speed: 0.0056s/iter; left time: 156.3566s
	iters: 2100, epoch: 14 | loss: 0.4007233
	speed: 0.0061s/iter; left time: 170.0162s
	iters: 2200, epoch: 14 | loss: 0.2656025
	speed: 0.0075s/iter; left time: 207.1579s
	iters: 2300, epoch: 14 | loss: 0.5256388
	speed: 0.0070s/iter; left time: 191.5278s
	iters: 2400, epoch: 14 | loss: 0.2642853
	speed: 0.0072s/iter; left time: 198.3101s
	iters: 2500, epoch: 14 | loss: 0.3009735
	speed: 0.0074s/iter; left time: 201.6539s
	iters: 2600, epoch: 14 | loss: 0.1845591
	speed: 0.0071s/iter; left time: 192.4536s
	iters: 2700, epoch: 14 | loss: 0.2804337
	speed: 0.0069s/iter; left time: 187.9430s
	iters: 2800, epoch: 14 | loss: 0.2484862
	speed: 0.0071s/iter; left time: 192.1143s
	iters: 2900, epoch: 14 | loss: 0.3295912
	speed: 0.0066s/iter; left time: 177.2186s
	iters: 3000, epoch: 14 | loss: 0.4464725
	speed: 0.0071s/iter; left time: 190.8854s
	iters: 3100, epoch: 14 | loss: 0.3138363
	speed: 0.0072s/iter; left time: 192.6916s
	iters: 3200, epoch: 14 | loss: 0.3125876
	speed: 0.0069s/iter; left time: 184.2183s
	iters: 3300, epoch: 14 | loss: 0.2759456
	speed: 0.0063s/iter; left time: 167.1917s
	iters: 3400, epoch: 14 | loss: 0.1774997
	speed: 0.0064s/iter; left time: 169.3826s
	iters: 3500, epoch: 14 | loss: 0.2723941
	speed: 0.0068s/iter; left time: 179.2882s
	iters: 3600, epoch: 14 | loss: 0.2196245
	speed: 0.0066s/iter; left time: 171.6734s
	iters: 3700, epoch: 14 | loss: 0.2622838
	speed: 0.0071s/iter; left time: 185.2480s
	iters: 3800, epoch: 14 | loss: 0.5415942
	speed: 0.0072s/iter; left time: 187.8329s
	iters: 3900, epoch: 14 | loss: 0.4444740
	speed: 0.0078s/iter; left time: 202.4667s
	iters: 4000, epoch: 14 | loss: 0.3242753
	speed: 0.0076s/iter; left time: 194.6451s
	iters: 4100, epoch: 14 | loss: 0.2517231
	speed: 0.0074s/iter; left time: 190.0812s
	iters: 4200, epoch: 14 | loss: 0.2375918
	speed: 0.0070s/iter; left time: 180.1776s
Epoch: 14 cost time: 29.364343643188477
Epoch: 14, Steps: 4254 | Train Loss: 0.2855735 Vali Loss: 0.4819571 Test Loss: 0.3267360
EarlyStopping counter: 4 out of 5
Updating learning rate to 6.103515625e-07
	iters: 100, epoch: 15 | loss: 0.2725055
	speed: 0.0572s/iter; left time: 1453.9258s
	iters: 200, epoch: 15 | loss: 0.3136162
	speed: 0.0060s/iter; left time: 151.6749s
	iters: 300, epoch: 15 | loss: 0.3256214
	speed: 0.0067s/iter; left time: 169.5654s
	iters: 400, epoch: 15 | loss: 0.2263399
	speed: 0.0069s/iter; left time: 173.5745s
	iters: 500, epoch: 15 | loss: 0.2556623
	speed: 0.0068s/iter; left time: 169.7123s
	iters: 600, epoch: 15 | loss: 0.3166459
	speed: 0.0070s/iter; left time: 174.7395s
	iters: 700, epoch: 15 | loss: 0.2377155
	speed: 0.0063s/iter; left time: 155.4050s
	iters: 800, epoch: 15 | loss: 0.2683895
	speed: 0.0062s/iter; left time: 154.3365s
	iters: 900, epoch: 15 | loss: 0.2471532
	speed: 0.0070s/iter; left time: 171.4857s
	iters: 1000, epoch: 15 | loss: 0.2550164
	speed: 0.0077s/iter; left time: 188.3885s
	iters: 1100, epoch: 15 | loss: 0.2574021
	speed: 0.0067s/iter; left time: 164.8680s
	iters: 1200, epoch: 15 | loss: 0.1938662
	speed: 0.0067s/iter; left time: 162.5606s
	iters: 1300, epoch: 15 | loss: 0.2467365
	speed: 0.0069s/iter; left time: 166.4990s
	iters: 1400, epoch: 15 | loss: 0.2426629
	speed: 0.0070s/iter; left time: 169.6087s
	iters: 1500, epoch: 15 | loss: 0.2188836
	speed: 0.0067s/iter; left time: 161.2751s
	iters: 1600, epoch: 15 | loss: 0.3256724
	speed: 0.0068s/iter; left time: 162.0319s
	iters: 1700, epoch: 15 | loss: 0.3246216
	speed: 0.0066s/iter; left time: 157.7213s
	iters: 1800, epoch: 15 | loss: 0.2829764
	speed: 0.0072s/iter; left time: 171.0781s
	iters: 1900, epoch: 15 | loss: 0.2681693
	speed: 0.0071s/iter; left time: 166.6288s
	iters: 2000, epoch: 15 | loss: 0.1870538
	speed: 0.0074s/iter; left time: 174.5150s
	iters: 2100, epoch: 15 | loss: 0.2510765
	speed: 0.0074s/iter; left time: 172.7104s
	iters: 2200, epoch: 15 | loss: 0.1901706
	speed: 0.0071s/iter; left time: 166.6032s
	iters: 2300, epoch: 15 | loss: 0.1882760
	speed: 0.0070s/iter; left time: 162.6395s
	iters: 2400, epoch: 15 | loss: 0.2630829
	speed: 0.0073s/iter; left time: 169.4990s
	iters: 2500, epoch: 15 | loss: 0.2184943
	speed: 0.0073s/iter; left time: 166.9978s
	iters: 2600, epoch: 15 | loss: 0.2980262
	speed: 0.0072s/iter; left time: 165.6058s
	iters: 2700, epoch: 15 | loss: 0.3115782
	speed: 0.0070s/iter; left time: 158.8608s
	iters: 2800, epoch: 15 | loss: 0.3118475
	speed: 0.0063s/iter; left time: 143.9128s
	iters: 2900, epoch: 15 | loss: 0.2445596
	speed: 0.0060s/iter; left time: 136.7205s
	iters: 3000, epoch: 15 | loss: 0.2615442
	speed: 0.0061s/iter; left time: 136.8022s
	iters: 3100, epoch: 15 | loss: 0.2469220
	speed: 0.0066s/iter; left time: 147.1400s
	iters: 3200, epoch: 15 | loss: 0.2906999
	speed: 0.0063s/iter; left time: 139.8190s
	iters: 3300, epoch: 15 | loss: 0.3621165
	speed: 0.0070s/iter; left time: 156.1109s
	iters: 3400, epoch: 15 | loss: 0.3605994
	speed: 0.0071s/iter; left time: 157.5705s
	iters: 3500, epoch: 15 | loss: 0.3462974
	speed: 0.0070s/iter; left time: 153.5840s
	iters: 3600, epoch: 15 | loss: 0.2287260
	speed: 0.0072s/iter; left time: 158.2647s
	iters: 3700, epoch: 15 | loss: 0.3249760
	speed: 0.0073s/iter; left time: 159.1603s
	iters: 3800, epoch: 15 | loss: 0.2477297
	speed: 0.0071s/iter; left time: 154.9637s
	iters: 3900, epoch: 15 | loss: 0.1968554
	speed: 0.0072s/iter; left time: 156.6153s
	iters: 4000, epoch: 15 | loss: 0.3656706
	speed: 0.0071s/iter; left time: 153.4857s
	iters: 4100, epoch: 15 | loss: 0.2112085
	speed: 0.0069s/iter; left time: 148.3227s
	iters: 4200, epoch: 15 | loss: 0.2377229
	speed: 0.0065s/iter; left time: 138.8902s
Epoch: 15 cost time: 29.28054118156433
Epoch: 15, Steps: 4254 | Train Loss: 0.2855313 Vali Loss: 0.4823212 Test Loss: 0.3267234
EarlyStopping counter: 5 out of 5
Early stopping
>>>>>>>testing : ETTm1_336_192_DLinear_ETTm1_ftM_sl336_ll48_pl192_dm512_nh8_el2_dl1_df2048_fc1_ebtimeF_dtTrue_Exp_0_seed3293<<<<<<<<<<<<<<<<<<<<<<<<<<<<<<<<<
test 11329
mse:0.3273107409477234, mae:0.35882094502449036
