Args in experiment:
Namespace(activation='gelu', batch_size=16, c_out=7, checkpoints='./checkpoints/', d_ff=2048, d_layers=1, d_model=512, data='custom', data_path='electricity.csv', dec_in=7, des='Exp', devices='0,1,2,3', distil=True, do_predict=False, dropout=0.05, e_layers=2, embed='timeF', embed_type=0, enc_in=321, factor=1, features='M', freq='h', gpu=0, individual=True, is_training=1, itr=1, label_len=48, learning_rate=0.005, loss='mse', lradj='type1', model='DLinear', model_id='Electricity_336_720', moving_avg=25, n_heads=8, num_workers=0, output_attention=False, patience=5, pred_len=720, root_path='./dataset/', save_pred_values=False, seed=15726, seq_len=336, target='OT', test_flop=False, train_epochs=20, train_only=False, use_amp=False, use_gpu=True, use_multi_gpu=False)
Use GPU: cuda:0
>>>>>>>start training : Electricity_336_720_DLinear_custom_ftM_sl336_ll48_pl720_dm512_nh8_el2_dl1_df2048_fc1_ebtimeF_dtTrue_Exp_0_seed15726>>>>>>>>>>>>>>>>>>>>>>>>>>
train 17357
val 1913
test 4541
	iters: 100, epoch: 1 | loss: 0.3269668
	speed: 0.1909s/iter; left time: 4120.2490s
	iters: 200, epoch: 1 | loss: 0.3560096
	speed: 0.1742s/iter; left time: 3742.8842s
	iters: 300, epoch: 1 | loss: 0.3195595
	speed: 0.1850s/iter; left time: 3955.8424s
	iters: 400, epoch: 1 | loss: 0.3061364
	speed: 0.1805s/iter; left time: 3841.1794s
	iters: 500, epoch: 1 | loss: 0.3235681
	speed: 0.1763s/iter; left time: 3735.1518s
	iters: 600, epoch: 1 | loss: 0.3348277
	speed: 0.1777s/iter; left time: 3745.8523s
	iters: 700, epoch: 1 | loss: 0.2920806
	speed: 0.1785s/iter; left time: 3746.0526s
	iters: 800, epoch: 1 | loss: 0.3316556
	speed: 0.1779s/iter; left time: 3715.0215s
	iters: 900, epoch: 1 | loss: 0.3166476
	speed: 0.1788s/iter; left time: 3715.9119s
	iters: 1000, epoch: 1 | loss: 0.3186975
	speed: 0.1771s/iter; left time: 3662.5659s
Epoch: 1 cost time: 194.69922947883606
Epoch: 1, Steps: 1084 | Train Loss: 0.3296422 Vali Loss: 0.2863081 Test Loss: 0.3276181
Validation loss decreased (inf --> 0.286308).  Saving model ...
Updating learning rate to 0.005
	iters: 100, epoch: 2 | loss: 0.3205072
	speed: 0.6210s/iter; left time: 12728.4886s
	iters: 200, epoch: 2 | loss: 0.2799615
	speed: 0.1775s/iter; left time: 3620.5396s
	iters: 300, epoch: 2 | loss: 0.3805677
	speed: 0.1770s/iter; left time: 3592.6972s
	iters: 400, epoch: 2 | loss: 0.3027638
	speed: 0.1810s/iter; left time: 3654.8550s
	iters: 500, epoch: 2 | loss: 0.3592755
	speed: 0.1816s/iter; left time: 3649.1307s
	iters: 600, epoch: 2 | loss: 0.3059927
	speed: 0.1760s/iter; left time: 3519.1314s
	iters: 700, epoch: 2 | loss: 0.3421749
	speed: 0.1755s/iter; left time: 3491.7311s
	iters: 800, epoch: 2 | loss: 0.3645389
	speed: 0.1748s/iter; left time: 3460.7874s
	iters: 900, epoch: 2 | loss: 0.3360347
	speed: 0.1755s/iter; left time: 3456.1504s
	iters: 1000, epoch: 2 | loss: 0.3326574
	speed: 0.1770s/iter; left time: 3468.8228s
Epoch: 2 cost time: 193.15578365325928
Epoch: 2, Steps: 1084 | Train Loss: 0.3212856 Vali Loss: 0.3050117 Test Loss: 0.3321570
EarlyStopping counter: 1 out of 5
Updating learning rate to 0.0025
	iters: 100, epoch: 3 | loss: 0.2206124
	speed: 0.5939s/iter; left time: 11529.2687s
	iters: 200, epoch: 3 | loss: 0.2386975
	speed: 0.1779s/iter; left time: 3435.7739s
	iters: 300, epoch: 3 | loss: 0.2582377
	speed: 0.1780s/iter; left time: 3420.1037s
	iters: 400, epoch: 3 | loss: 0.2775997
	speed: 0.1774s/iter; left time: 3390.5768s
	iters: 500, epoch: 3 | loss: 0.2899459
	speed: 0.1806s/iter; left time: 3433.3383s
	iters: 600, epoch: 3 | loss: 0.2395827
	speed: 0.1799s/iter; left time: 3401.6990s
	iters: 700, epoch: 3 | loss: 0.2466295
	speed: 0.1773s/iter; left time: 3335.9383s
	iters: 800, epoch: 3 | loss: 0.2356587
	speed: 0.1776s/iter; left time: 3322.7232s
	iters: 900, epoch: 3 | loss: 0.2646899
	speed: 0.1775s/iter; left time: 3303.3001s
	iters: 1000, epoch: 3 | loss: 0.2407331
	speed: 0.1773s/iter; left time: 3281.6434s
Epoch: 3 cost time: 192.7738435268402
Epoch: 3, Steps: 1084 | Train Loss: 0.2486282 Vali Loss: 0.2197985 Test Loss: 0.2564195
Validation loss decreased (0.286308 --> 0.219799).  Saving model ...
Updating learning rate to 0.00125
	iters: 100, epoch: 4 | loss: 0.2188641
	speed: 0.6350s/iter; left time: 11638.8771s
	iters: 200, epoch: 4 | loss: 0.2079576
	speed: 0.1767s/iter; left time: 3220.2029s
	iters: 300, epoch: 4 | loss: 0.2124792
	speed: 0.1778s/iter; left time: 3222.7737s
	iters: 400, epoch: 4 | loss: 0.2335077
	speed: 0.1769s/iter; left time: 3188.8366s
	iters: 500, epoch: 4 | loss: 0.2175786
	speed: 0.1753s/iter; left time: 3143.1754s
	iters: 600, epoch: 4 | loss: 0.2259128
	speed: 0.1767s/iter; left time: 3149.9752s
	iters: 700, epoch: 4 | loss: 0.2189229
	speed: 0.1862s/iter; left time: 3300.6336s
	iters: 800, epoch: 4 | loss: 0.2386056
	speed: 0.1767s/iter; left time: 3114.8395s
	iters: 900, epoch: 4 | loss: 0.2213871
	speed: 0.1763s/iter; left time: 3090.2326s
	iters: 1000, epoch: 4 | loss: 0.2371446
	speed: 0.1765s/iter; left time: 3076.6383s
Epoch: 4 cost time: 192.64824151992798
Epoch: 4, Steps: 1084 | Train Loss: 0.2227406 Vali Loss: 0.1923072 Test Loss: 0.2248651
Validation loss decreased (0.219799 --> 0.192307).  Saving model ...
Updating learning rate to 0.000625
	iters: 100, epoch: 5 | loss: 0.1875073
	speed: 0.6328s/iter; left time: 10913.4122s
	iters: 200, epoch: 5 | loss: 0.2022528
	speed: 0.1781s/iter; left time: 3053.6211s
	iters: 300, epoch: 5 | loss: 0.2755630
	speed: 0.1771s/iter; left time: 3018.0763s
	iters: 400, epoch: 5 | loss: 0.1780345
	speed: 0.1782s/iter; left time: 3019.4330s
	iters: 500, epoch: 5 | loss: 0.2046012
	speed: 0.1866s/iter; left time: 3142.5730s
	iters: 600, epoch: 5 | loss: 0.2077024
	speed: 0.1857s/iter; left time: 3109.2335s
	iters: 700, epoch: 5 | loss: 0.2017346
	speed: 0.1858s/iter; left time: 3093.1562s
	iters: 800, epoch: 5 | loss: 0.1953953
	speed: 0.1855s/iter; left time: 3069.0074s
	iters: 900, epoch: 5 | loss: 0.1915404
	speed: 0.1765s/iter; left time: 2903.0045s
	iters: 1000, epoch: 5 | loss: 0.2120381
	speed: 0.1762s/iter; left time: 2879.7089s
Epoch: 5 cost time: 196.44488406181335
Epoch: 5, Steps: 1084 | Train Loss: 0.2097770 Vali Loss: 0.1791490 Test Loss: 0.2128598
Validation loss decreased (0.192307 --> 0.179149).  Saving model ...
Updating learning rate to 0.0003125
	iters: 100, epoch: 6 | loss: 0.1952710
	speed: 0.6283s/iter; left time: 10153.2477s
	iters: 200, epoch: 6 | loss: 0.1886961
	speed: 0.1828s/iter; left time: 2936.6260s
	iters: 300, epoch: 6 | loss: 0.1783509
	speed: 0.1788s/iter; left time: 2853.9397s
	iters: 400, epoch: 6 | loss: 0.1910445
	speed: 0.1770s/iter; left time: 2807.7477s
	iters: 500, epoch: 6 | loss: 0.2158481
	speed: 0.1777s/iter; left time: 2800.9360s
	iters: 600, epoch: 6 | loss: 0.2191472
	speed: 0.1775s/iter; left time: 2779.4880s
	iters: 700, epoch: 6 | loss: 0.2205322
	speed: 0.1772s/iter; left time: 2757.0044s
	iters: 800, epoch: 6 | loss: 0.1991019
	speed: 0.1808s/iter; left time: 2795.4827s
	iters: 900, epoch: 6 | loss: 0.1896122
	speed: 0.1795s/iter; left time: 2756.9609s
	iters: 1000, epoch: 6 | loss: 0.1985269
	speed: 0.1778s/iter; left time: 2713.6438s
Epoch: 6 cost time: 194.359281539917
Epoch: 6, Steps: 1084 | Train Loss: 0.2030097 Vali Loss: 0.1753065 Test Loss: 0.2083307
Validation loss decreased (0.179149 --> 0.175307).  Saving model ...
Updating learning rate to 0.00015625
	iters: 100, epoch: 7 | loss: 0.1736666
	speed: 0.6235s/iter; left time: 9399.9285s
	iters: 200, epoch: 7 | loss: 0.2045723
	speed: 0.1832s/iter; left time: 2744.0496s
	iters: 300, epoch: 7 | loss: 0.1893449
	speed: 0.1840s/iter; left time: 2737.4277s
	iters: 400, epoch: 7 | loss: 0.1811924
	speed: 0.1768s/iter; left time: 2612.1511s
	iters: 500, epoch: 7 | loss: 0.1823324
	speed: 0.1769s/iter; left time: 2596.5557s
	iters: 600, epoch: 7 | loss: 0.2293040
	speed: 0.1773s/iter; left time: 2584.3145s
	iters: 700, epoch: 7 | loss: 0.2130842
	speed: 0.1750s/iter; left time: 2533.9906s
	iters: 800, epoch: 7 | loss: 0.2102204
	speed: 0.1766s/iter; left time: 2538.6252s
	iters: 900, epoch: 7 | loss: 0.1834014
	speed: 0.1847s/iter; left time: 2637.2482s
	iters: 1000, epoch: 7 | loss: 0.1963908
	speed: 0.1808s/iter; left time: 2563.1112s
Epoch: 7 cost time: 194.21739029884338
Epoch: 7, Steps: 1084 | Train Loss: 0.1994030 Vali Loss: 0.1725816 Test Loss: 0.2039834
Validation loss decreased (0.175307 --> 0.172582).  Saving model ...
Updating learning rate to 7.8125e-05
	iters: 100, epoch: 8 | loss: 0.2241972
	speed: 0.6213s/iter; left time: 8693.5410s
	iters: 200, epoch: 8 | loss: 0.1995562
	speed: 0.1792s/iter; left time: 2489.0819s
	iters: 300, epoch: 8 | loss: 0.2405336
	speed: 0.1819s/iter; left time: 2509.3250s
	iters: 400, epoch: 8 | loss: 0.1795624
	speed: 0.1798s/iter; left time: 2461.9935s
	iters: 500, epoch: 8 | loss: 0.2006404
	speed: 0.1765s/iter; left time: 2399.4058s
	iters: 600, epoch: 8 | loss: 0.1856779
	speed: 0.1772s/iter; left time: 2390.3157s
	iters: 700, epoch: 8 | loss: 0.2001877
	speed: 0.1772s/iter; left time: 2373.4304s
	iters: 800, epoch: 8 | loss: 0.2142741
	speed: 0.1771s/iter; left time: 2354.7608s
	iters: 900, epoch: 8 | loss: 0.2015767
	speed: 0.1786s/iter; left time: 2356.4185s
	iters: 1000, epoch: 8 | loss: 0.1980993
	speed: 0.1868s/iter; left time: 2446.2408s
Epoch: 8 cost time: 194.80941319465637
Epoch: 8, Steps: 1084 | Train Loss: 0.1973855 Vali Loss: 0.1702836 Test Loss: 0.2028124
Validation loss decreased (0.172582 --> 0.170284).  Saving model ...
Updating learning rate to 3.90625e-05
	iters: 100, epoch: 9 | loss: 0.2114900
	speed: 0.6262s/iter; left time: 8083.0324s
	iters: 200, epoch: 9 | loss: 0.1792438
	speed: 0.1768s/iter; left time: 2265.1458s
	iters: 300, epoch: 9 | loss: 0.1676981
	speed: 0.1760s/iter; left time: 2236.4920s
	iters: 400, epoch: 9 | loss: 0.1793979
	speed: 0.1859s/iter; left time: 2343.7479s
	iters: 500, epoch: 9 | loss: 0.1926142
	speed: 0.1819s/iter; left time: 2275.3139s
	iters: 600, epoch: 9 | loss: 0.1942316
	speed: 0.1763s/iter; left time: 2187.6988s
	iters: 700, epoch: 9 | loss: 0.1736216
	speed: 0.1766s/iter; left time: 2173.5821s
	iters: 800, epoch: 9 | loss: 0.1678180
	speed: 0.1778s/iter; left time: 2171.0145s
	iters: 900, epoch: 9 | loss: 0.1789216
	speed: 0.1792s/iter; left time: 2169.8178s
	iters: 1000, epoch: 9 | loss: 0.1646456
	speed: 0.1788s/iter; left time: 2147.2837s
Epoch: 9 cost time: 194.13492345809937
Epoch: 9, Steps: 1084 | Train Loss: 0.1963493 Vali Loss: 0.1688849 Test Loss: 0.2023120
Validation loss decreased (0.170284 --> 0.168885).  Saving model ...
Updating learning rate to 1.953125e-05
	iters: 100, epoch: 10 | loss: 0.2214331
	speed: 0.6283s/iter; left time: 7430.1933s
	iters: 200, epoch: 10 | loss: 0.1978265
	speed: 0.1782s/iter; left time: 2089.7284s
	iters: 300, epoch: 10 | loss: 0.2277631
	speed: 0.1779s/iter; left time: 2068.5992s
	iters: 400, epoch: 10 | loss: 0.2083357
	speed: 0.1785s/iter; left time: 2057.6388s
	iters: 500, epoch: 10 | loss: 0.1959504
	speed: 0.1872s/iter; left time: 2138.8894s
	iters: 600, epoch: 10 | loss: 0.1848601
	speed: 0.1855s/iter; left time: 2101.2489s
	iters: 700, epoch: 10 | loss: 0.1628507
	speed: 0.1770s/iter; left time: 1986.8604s
	iters: 800, epoch: 10 | loss: 0.2079959
	speed: 0.1758s/iter; left time: 1956.0920s
	iters: 900, epoch: 10 | loss: 0.1754912
	speed: 0.1760s/iter; left time: 1940.8267s
	iters: 1000, epoch: 10 | loss: 0.2198485
	speed: 0.1748s/iter; left time: 1909.8732s
Epoch: 10 cost time: 194.24715375900269
Epoch: 10, Steps: 1084 | Train Loss: 0.1958136 Vali Loss: 0.1686265 Test Loss: 0.2021770
Validation loss decreased (0.168885 --> 0.168627).  Saving model ...
Updating learning rate to 9.765625e-06
	iters: 100, epoch: 11 | loss: 0.1825497
	speed: 0.6387s/iter; left time: 6860.5603s
	iters: 200, epoch: 11 | loss: 0.1810650
	speed: 0.1776s/iter; left time: 1889.4786s
	iters: 300, epoch: 11 | loss: 0.1827042
	speed: 0.1785s/iter; left time: 1881.7467s
	iters: 400, epoch: 11 | loss: 0.1923199
	speed: 0.1786s/iter; left time: 1864.8777s
	iters: 500, epoch: 11 | loss: 0.1890657
	speed: 0.1786s/iter; left time: 1846.6134s
	iters: 600, epoch: 11 | loss: 0.1691863
	speed: 0.1842s/iter; left time: 1886.5128s
	iters: 700, epoch: 11 | loss: 0.1960913
	speed: 0.1818s/iter; left time: 1843.1489s
	iters: 800, epoch: 11 | loss: 0.1771178
	speed: 0.1782s/iter; left time: 1789.2560s
	iters: 900, epoch: 11 | loss: 0.1973261
	speed: 0.1774s/iter; left time: 1763.1191s
	iters: 1000, epoch: 11 | loss: 0.1893206
	speed: 0.1785s/iter; left time: 1756.3240s
Epoch: 11 cost time: 194.10125470161438
Epoch: 11, Steps: 1084 | Train Loss: 0.1955145 Vali Loss: 0.1688474 Test Loss: 0.2017519
EarlyStopping counter: 1 out of 5
Updating learning rate to 4.8828125e-06
	iters: 100, epoch: 12 | loss: 0.1832483
	speed: 0.5959s/iter; left time: 5754.6707s
	iters: 200, epoch: 12 | loss: 0.1664783
	speed: 0.1758s/iter; left time: 1679.9392s
	iters: 300, epoch: 12 | loss: 0.2129603
	speed: 0.1753s/iter; left time: 1657.6316s
	iters: 400, epoch: 12 | loss: 0.2470637
	speed: 0.1719s/iter; left time: 1608.0097s
	iters: 500, epoch: 12 | loss: 0.1806596
	speed: 0.1752s/iter; left time: 1621.8966s
	iters: 600, epoch: 12 | loss: 0.1994199
	speed: 0.1775s/iter; left time: 1625.6142s
	iters: 700, epoch: 12 | loss: 0.1904834
	speed: 0.1824s/iter; left time: 1652.3085s
	iters: 800, epoch: 12 | loss: 0.1803647
	speed: 0.1798s/iter; left time: 1610.6242s
	iters: 900, epoch: 12 | loss: 0.2260657
	speed: 0.1765s/iter; left time: 1563.1660s
	iters: 1000, epoch: 12 | loss: 0.2017398
	speed: 0.1780s/iter; left time: 1559.0641s
Epoch: 12 cost time: 192.50650715827942
Epoch: 12, Steps: 1084 | Train Loss: 0.1953279 Vali Loss: 0.1681900 Test Loss: 0.2016402
Validation loss decreased (0.168627 --> 0.168190).  Saving model ...
Updating learning rate to 2.44140625e-06
	iters: 100, epoch: 13 | loss: 0.1811510
	speed: 0.6247s/iter; left time: 5355.6693s
	iters: 200, epoch: 13 | loss: 0.1735084
	speed: 0.1796s/iter; left time: 1521.4633s
	iters: 300, epoch: 13 | loss: 0.1997121
	speed: 0.1765s/iter; left time: 1477.4947s
	iters: 400, epoch: 13 | loss: 0.2254775
	speed: 0.1771s/iter; left time: 1465.4776s
	iters: 500, epoch: 13 | loss: 0.1854952
	speed: 0.1766s/iter; left time: 1443.5469s
	iters: 600, epoch: 13 | loss: 0.1695764
	speed: 0.1774s/iter; left time: 1432.4657s
	iters: 700, epoch: 13 | loss: 0.2005513
	speed: 0.1780s/iter; left time: 1419.3605s
	iters: 800, epoch: 13 | loss: 0.2197234
	speed: 0.1806s/iter; left time: 1421.7142s
	iters: 900, epoch: 13 | loss: 0.1594059
	speed: 0.1787s/iter; left time: 1388.6876s
	iters: 1000, epoch: 13 | loss: 0.2285624
	speed: 0.1752s/iter; left time: 1344.1510s
Epoch: 13 cost time: 192.85262274742126
Epoch: 13, Steps: 1084 | Train Loss: 0.1952763 Vali Loss: 0.1682966 Test Loss: 0.2016615
EarlyStopping counter: 1 out of 5
Updating learning rate to 1.220703125e-06
	iters: 100, epoch: 14 | loss: 0.1961744
	speed: 0.5763s/iter; left time: 4315.7300s
	iters: 200, epoch: 14 | loss: 0.2540384
	speed: 0.1830s/iter; left time: 1352.2169s
	iters: 300, epoch: 14 | loss: 0.2123699
	speed: 0.1901s/iter; left time: 1385.8312s
	iters: 400, epoch: 14 | loss: 0.1974963
	speed: 0.1776s/iter; left time: 1277.0672s
	iters: 500, epoch: 14 | loss: 0.2087881
	speed: 0.1776s/iter; left time: 1258.6609s
	iters: 600, epoch: 14 | loss: 0.2370337
	speed: 0.1779s/iter; left time: 1243.1766s
	iters: 700, epoch: 14 | loss: 0.1946721
	speed: 0.1777s/iter; left time: 1224.4633s
	iters: 800, epoch: 14 | loss: 0.1817531
	speed: 0.1782s/iter; left time: 1209.5031s
	iters: 900, epoch: 14 | loss: 0.1919307
	speed: 0.1819s/iter; left time: 1216.4214s
	iters: 1000, epoch: 14 | loss: 0.1966024
	speed: 0.1808s/iter; left time: 1191.5063s
Epoch: 14 cost time: 195.061696767807
Epoch: 14, Steps: 1084 | Train Loss: 0.1952073 Vali Loss: 0.1682689 Test Loss: 0.2016044
EarlyStopping counter: 2 out of 5
Updating learning rate to 6.103515625e-07
	iters: 100, epoch: 15 | loss: 0.1803168
	speed: 0.5811s/iter; left time: 3721.7626s
	iters: 200, epoch: 15 | loss: 0.1913159
	speed: 0.1775s/iter; left time: 1119.2520s
	iters: 300, epoch: 15 | loss: 0.2240566
	speed: 0.1806s/iter; left time: 1120.8345s
	iters: 400, epoch: 15 | loss: 0.2079647
	speed: 0.1838s/iter; left time: 1121.8816s
	iters: 500, epoch: 15 | loss: 0.1643577
	speed: 0.1765s/iter; left time: 1059.6602s
	iters: 600, epoch: 15 | loss: 0.1819418
	speed: 0.1753s/iter; left time: 1035.1105s
	iters: 700, epoch: 15 | loss: 0.1908516
	speed: 0.1761s/iter; left time: 1022.5153s
	iters: 800, epoch: 15 | loss: 0.2063938
	speed: 0.1758s/iter; left time: 1002.6949s
	iters: 900, epoch: 15 | loss: 0.1946186
	speed: 0.1752s/iter; left time: 981.7333s
	iters: 1000, epoch: 15 | loss: 0.1765691
	speed: 0.1797s/iter; left time: 989.0763s
Epoch: 15 cost time: 192.99894618988037
Epoch: 15, Steps: 1084 | Train Loss: 0.1951859 Vali Loss: 0.1682560 Test Loss: 0.2015772
EarlyStopping counter: 3 out of 5
Updating learning rate to 3.0517578125e-07
	iters: 100, epoch: 16 | loss: 0.1960905
	speed: 0.5855s/iter; left time: 3115.5791s
	iters: 200, epoch: 16 | loss: 0.1794119
	speed: 0.1782s/iter; left time: 930.4913s
	iters: 300, epoch: 16 | loss: 0.1982179
	speed: 0.1771s/iter; left time: 907.1077s
	iters: 400, epoch: 16 | loss: 0.2036443
	speed: 0.1774s/iter; left time: 890.9024s
	iters: 500, epoch: 16 | loss: 0.1586223
	speed: 0.1803s/iter; left time: 887.2410s
	iters: 600, epoch: 16 | loss: 0.1858502
	speed: 0.1789s/iter; left time: 862.5079s
	iters: 700, epoch: 16 | loss: 0.2151818
	speed: 0.1773s/iter; left time: 836.9250s
	iters: 800, epoch: 16 | loss: 0.1659549
	speed: 0.1777s/iter; left time: 820.9464s
	iters: 900, epoch: 16 | loss: 0.1927402
	speed: 0.1772s/iter; left time: 801.1128s
	iters: 1000, epoch: 16 | loss: 0.2142299
	speed: 0.1775s/iter; left time: 784.5424s
Epoch: 16 cost time: 193.40342259407043
Epoch: 16, Steps: 1084 | Train Loss: 0.1951742 Vali Loss: 0.1682533 Test Loss: 0.2015727
EarlyStopping counter: 4 out of 5
Updating learning rate to 1.52587890625e-07
	iters: 100, epoch: 17 | loss: 0.2001681
	speed: 0.5950s/iter; left time: 2521.0498s
	iters: 200, epoch: 17 | loss: 0.1838035
	speed: 0.1758s/iter; left time: 727.4259s
	iters: 300, epoch: 17 | loss: 0.2095337
	speed: 0.1760s/iter; left time: 710.6580s
	iters: 400, epoch: 17 | loss: 0.1891411
	speed: 0.1758s/iter; left time: 692.3147s
	iters: 500, epoch: 17 | loss: 0.1952482
	speed: 0.1778s/iter; left time: 682.2729s
	iters: 600, epoch: 17 | loss: 0.1935940
	speed: 0.1853s/iter; left time: 692.5590s
	iters: 700, epoch: 17 | loss: 0.1648570
	speed: 0.1779s/iter; left time: 647.1117s
	iters: 800, epoch: 17 | loss: 0.2049328
	speed: 0.1748s/iter; left time: 618.2236s
	iters: 900, epoch: 17 | loss: 0.1791441
	speed: 0.1761s/iter; left time: 605.2686s
	iters: 1000, epoch: 17 | loss: 0.1848105
	speed: 0.1773s/iter; left time: 591.6258s
Epoch: 17 cost time: 192.4006941318512
Epoch: 17, Steps: 1084 | Train Loss: 0.1951900 Vali Loss: 0.1682298 Test Loss: 0.2015690
EarlyStopping counter: 5 out of 5
Early stopping
>>>>>>>testing : Electricity_336_720_DLinear_custom_ftM_sl336_ll48_pl720_dm512_nh8_el2_dl1_df2048_fc1_ebtimeF_dtTrue_Exp_0_seed15726<<<<<<<<<<<<<<<<<<<<<<<<<<<<<<<<<
test 4541
mse:0.20154428482055664, mae:0.29747509956359863
