Args in experiment:
Namespace(activation='gelu', batch_size=32, c_out=7, checkpoints='./checkpoints/', d_ff=2048, d_layers=1, d_model=512, data='custom', data_path='exchange_rate.csv', dec_in=7, des='Exp', devices='0,1,2,3', distil=True, do_predict=False, dropout=0.05, e_layers=2, embed='timeF', embed_type=0, enc_in=8, factor=1, features='M', freq='h', gpu=0, individual=True, is_training=1, itr=1, label_len=48, learning_rate=0.0005, loss='mse', lradj='type1', model='DLinear', model_id='Exchange_336_720', moving_avg=25, n_heads=8, num_workers=0, output_attention=False, patience=5, pred_len=720, root_path='./dataset/', save_pred_values=False, seed=15349, seq_len=336, target='OT', test_flop=False, train_epochs=20, train_only=False, use_amp=False, use_gpu=False, use_multi_gpu=False)
Use CPU
>>>>>>>start training : Exchange_336_720_DLinear_custom_ftM_sl336_ll48_pl720_dm512_nh8_el2_dl1_df2048_fc1_ebtimeF_dtTrue_Exp_0_seed15349>>>>>>>>>>>>>>>>>>>>>>>>>>
train 4256
val 41
test 798
	iters: 100, epoch: 1 | loss: 0.6413823
	speed: 0.0428s/iter; left time: 109.7105s
Epoch: 1 cost time: 5.733719348907471
Epoch: 1, Steps: 133 | Train Loss: 0.5546170 Vali Loss: 4.2844934 Test Loss: 1.0750861
Validation loss decreased (inf --> 4.284493).  Saving model ...
Updating learning rate to 0.0005
	iters: 100, epoch: 2 | loss: 0.4650760
	speed: 0.0614s/iter; left time: 149.1807s
Epoch: 2 cost time: 5.680086374282837
Epoch: 2, Steps: 133 | Train Loss: 0.4941385 Vali Loss: 4.6128750 Test Loss: 1.2101718
EarlyStopping counter: 1 out of 5
Updating learning rate to 0.00025
	iters: 100, epoch: 3 | loss: 0.4771515
	speed: 0.0612s/iter; left time: 140.5262s
Epoch: 3 cost time: 5.754642009735107
Epoch: 3, Steps: 133 | Train Loss: 0.4835891 Vali Loss: 4.2791381 Test Loss: 1.0245900
Validation loss decreased (4.284493 --> 4.279138).  Saving model ...
Updating learning rate to 0.000125
	iters: 100, epoch: 4 | loss: 0.5040291
	speed: 0.0615s/iter; left time: 132.8955s
Epoch: 4 cost time: 5.660012245178223
Epoch: 4, Steps: 133 | Train Loss: 0.4797366 Vali Loss: 4.3488798 Test Loss: 0.9989203
EarlyStopping counter: 1 out of 5
Updating learning rate to 6.25e-05
	iters: 100, epoch: 5 | loss: 0.4558082
	speed: 0.0574s/iter; left time: 116.4367s
Epoch: 5 cost time: 5.391050815582275
Epoch: 5, Steps: 133 | Train Loss: 0.4775672 Vali Loss: 4.2341371 Test Loss: 0.9722891
Validation loss decreased (4.279138 --> 4.234137).  Saving model ...
Updating learning rate to 3.125e-05
	iters: 100, epoch: 6 | loss: 0.4532048
	speed: 0.0596s/iter; left time: 112.9469s
Epoch: 6 cost time: 5.509465217590332
Epoch: 6, Steps: 133 | Train Loss: 0.4765136 Vali Loss: 4.4109187 Test Loss: 1.0778377
EarlyStopping counter: 1 out of 5
Updating learning rate to 1.5625e-05
	iters: 100, epoch: 7 | loss: 0.4536605
	speed: 0.0557s/iter; left time: 98.2443s
Epoch: 7 cost time: 4.9612205028533936
Epoch: 7, Steps: 133 | Train Loss: 0.4759954 Vali Loss: 4.3884358 Test Loss: 1.0802853
EarlyStopping counter: 2 out of 5
Updating learning rate to 7.8125e-06
	iters: 100, epoch: 8 | loss: 0.4682861
	speed: 0.0473s/iter; left time: 77.0509s
Epoch: 8 cost time: 4.24458646774292
Epoch: 8, Steps: 133 | Train Loss: 0.4757503 Vali Loss: 4.3549676 Test Loss: 1.0402595
EarlyStopping counter: 3 out of 5
Updating learning rate to 3.90625e-06
	iters: 100, epoch: 9 | loss: 0.4064395
	speed: 0.0406s/iter; left time: 60.8132s
Epoch: 9 cost time: 3.7475924491882324
Epoch: 9, Steps: 133 | Train Loss: 0.4755653 Vali Loss: 4.3729296 Test Loss: 1.0449227
EarlyStopping counter: 4 out of 5
Updating learning rate to 1.953125e-06
	iters: 100, epoch: 10 | loss: 0.4931649
	speed: 0.0380s/iter; left time: 51.8639s
Epoch: 10 cost time: 3.2599050998687744
Epoch: 10, Steps: 133 | Train Loss: 0.4754618 Vali Loss: 4.3519063 Test Loss: 1.0430936
EarlyStopping counter: 5 out of 5
Early stopping
>>>>>>>testing : Exchange_336_720_DLinear_custom_ftM_sl336_ll48_pl720_dm512_nh8_el2_dl1_df2048_fc1_ebtimeF_dtTrue_Exp_0_seed15349<<<<<<<<<<<<<<<<<<<<<<<<<<<<<<<<<
test 798
mse:0.9723696112632751, mae:0.7616963982582092
