Args in experiment:
Namespace(activation='gelu', batch_size=8, c_out=7, checkpoints='./checkpoints/', d_ff=2048, d_layers=1, d_model=512, data='ETTm1', data_path='ETTm1.csv', dec_in=7, des='Exp', devices='0,1,2,3', distil=True, do_predict=False, dropout=0.05, e_layers=2, embed='timeF', embed_type=0, enc_in=7, factor=1, features='M', freq='h', gpu=0, individual=True, is_training=1, itr=1, label_len=48, learning_rate=0.005, loss='mse', lradj='type1', model='DLinear', model_id='ETTm1_96_96', moving_avg=25, n_heads=8, num_workers=0, output_attention=False, patience=5, pred_len=96, root_path='./dataset/', save_pred_values=False, seed=10458, seq_len=96, target='OT', test_flop=False, train_epochs=20, train_only=False, use_amp=False, use_gpu=False, use_multi_gpu=False)
Use CPU
>>>>>>>start training : ETTm1_96_96_DLinear_ETTm1_ftM_sl96_ll48_pl96_dm512_nh8_el2_dl1_df2048_fc1_ebtimeF_dtTrue_Exp_0_seed10458>>>>>>>>>>>>>>>>>>>>>>>>>>
train 34369
data_set:  <data_provider.data_loader.Dataset_ETT_minute object at 0x000001CFA7EA0518>
val 11425
data_set:  <data_provider.data_loader.Dataset_ETT_minute object at 0x000001CFF5486DA0>
test 11425
data_set:  <data_provider.data_loader.Dataset_ETT_minute object at 0x000001CFA7EA01D0>
Total number of trainable parameters: 130368
Total number of parameters: 130368
	iters: 100, epoch: 1 | loss: 0.2742462
	speed: 0.0042s/iter; left time: 362.1539s
	iters: 200, epoch: 1 | loss: 0.2893458
	speed: 0.0039s/iter; left time: 334.6643s
	iters: 300, epoch: 1 | loss: 0.3222341
	speed: 0.0038s/iter; left time: 328.7130s
	iters: 400, epoch: 1 | loss: 0.3065315
	speed: 0.0041s/iter; left time: 352.0053s
	iters: 500, epoch: 1 | loss: 0.3686749
	speed: 0.0036s/iter; left time: 308.0487s
	iters: 600, epoch: 1 | loss: 0.3564688
	speed: 0.0039s/iter; left time: 333.9058s
	iters: 700, epoch: 1 | loss: 0.3164836
	speed: 0.0033s/iter; left time: 283.3887s
	iters: 800, epoch: 1 | loss: 0.2071370
	speed: 0.0038s/iter; left time: 323.3006s
	iters: 900, epoch: 1 | loss: 0.3005755
	speed: 0.0040s/iter; left time: 336.9500s
	iters: 1000, epoch: 1 | loss: 0.3988973
	speed: 0.0051s/iter; left time: 429.4754s
	iters: 1100, epoch: 1 | loss: 0.3616470
	speed: 0.0048s/iter; left time: 404.9082s
	iters: 1200, epoch: 1 | loss: 0.2602890
	speed: 0.0039s/iter; left time: 332.2245s
	iters: 1300, epoch: 1 | loss: 0.4373325
	speed: 0.0044s/iter; left time: 370.2219s
	iters: 1400, epoch: 1 | loss: 0.2918649
	speed: 0.0050s/iter; left time: 422.5558s
	iters: 1500, epoch: 1 | loss: 0.3318683
	speed: 0.0044s/iter; left time: 369.0325s
	iters: 1600, epoch: 1 | loss: 0.4000470
	speed: 0.0042s/iter; left time: 355.8348s
	iters: 1700, epoch: 1 | loss: 0.2887431
	speed: 0.0038s/iter; left time: 316.0095s
	iters: 1800, epoch: 1 | loss: 0.2810621
	speed: 0.0033s/iter; left time: 275.8060s
	iters: 1900, epoch: 1 | loss: 0.4281370
	speed: 0.0039s/iter; left time: 329.1654s
	iters: 2000, epoch: 1 | loss: 0.3108088
	speed: 0.0044s/iter; left time: 371.8711s
	iters: 2100, epoch: 1 | loss: 0.2989246
	speed: 0.0035s/iter; left time: 295.6335s
	iters: 2200, epoch: 1 | loss: 0.3491407
	speed: 0.0036s/iter; left time: 300.9356s
	iters: 2300, epoch: 1 | loss: 0.3058766
	speed: 0.0030s/iter; left time: 252.0486s
	iters: 2400, epoch: 1 | loss: 0.3507791
	speed: 0.0045s/iter; left time: 372.0794s
	iters: 2500, epoch: 1 | loss: 0.3244041
	speed: 0.0035s/iter; left time: 289.2898s
	iters: 2600, epoch: 1 | loss: 0.4028626
	speed: 0.0034s/iter; left time: 286.2888s
	iters: 2700, epoch: 1 | loss: 0.4406668
	speed: 0.0039s/iter; left time: 325.3094s
	iters: 2800, epoch: 1 | loss: 0.2527856
	speed: 0.0031s/iter; left time: 259.7139s
	iters: 2900, epoch: 1 | loss: 0.3260986
	speed: 0.0039s/iter; left time: 324.1703s
	iters: 3000, epoch: 1 | loss: 0.4266852
	speed: 0.0038s/iter; left time: 311.1297s
	iters: 3100, epoch: 1 | loss: 0.3911315
	speed: 0.0036s/iter; left time: 297.4081s
	iters: 3200, epoch: 1 | loss: 0.2766559
	speed: 0.0034s/iter; left time: 284.5335s
	iters: 3300, epoch: 1 | loss: 0.3298550
	speed: 0.0044s/iter; left time: 361.4080s
	iters: 3400, epoch: 1 | loss: 0.2560389
	speed: 0.0036s/iter; left time: 296.4359s
	iters: 3500, epoch: 1 | loss: 0.3380905
	speed: 0.0038s/iter; left time: 309.2719s
	iters: 3600, epoch: 1 | loss: 0.3183912
	speed: 0.0039s/iter; left time: 321.7166s
	iters: 3700, epoch: 1 | loss: 0.3724232
	speed: 0.0038s/iter; left time: 312.6026s
	iters: 3800, epoch: 1 | loss: 0.3027887
	speed: 0.0035s/iter; left time: 285.9125s
	iters: 3900, epoch: 1 | loss: 0.2390432
	speed: 0.0046s/iter; left time: 376.5950s
	iters: 4000, epoch: 1 | loss: 0.3159499
	speed: 0.0036s/iter; left time: 294.3737s
	iters: 4100, epoch: 1 | loss: 0.5084004
	speed: 0.0036s/iter; left time: 293.8099s
	iters: 4200, epoch: 1 | loss: 0.2972746
	speed: 0.0038s/iter; left time: 306.6868s
Epoch: 1 cost time: 16.656212091445923
Epoch: 1, Steps: 4296 | Train Loss: 0.3512646 Vali Loss: 0.5588223 Test Loss: 0.3923837
Validation loss decreased (inf --> 0.558822).  Saving model ...
Updating learning rate to 0.005
	iters: 100, epoch: 2 | loss: 0.4025514
	speed: 0.0386s/iter; left time: 3144.4967s
	iters: 200, epoch: 2 | loss: 0.3120233
	speed: 0.0035s/iter; left time: 281.4338s
	iters: 300, epoch: 2 | loss: 0.3623372
	speed: 0.0036s/iter; left time: 292.4360s
	iters: 400, epoch: 2 | loss: 0.2652786
	speed: 0.0044s/iter; left time: 355.1950s
	iters: 500, epoch: 2 | loss: 0.2470567
	speed: 0.0033s/iter; left time: 266.2713s
	iters: 600, epoch: 2 | loss: 0.3104948
	speed: 0.0038s/iter; left time: 304.0275s
	iters: 700, epoch: 2 | loss: 0.2847827
	speed: 0.0042s/iter; left time: 341.3580s
	iters: 800, epoch: 2 | loss: 0.3683703
	speed: 0.0041s/iter; left time: 328.3383s
	iters: 900, epoch: 2 | loss: 0.2620312
	speed: 0.0038s/iter; left time: 304.3037s
	iters: 1000, epoch: 2 | loss: 0.3056583
	speed: 0.0040s/iter; left time: 318.8253s
	iters: 1100, epoch: 2 | loss: 0.4255992
	speed: 0.0043s/iter; left time: 344.4970s
	iters: 1200, epoch: 2 | loss: 0.2762622
	speed: 0.0037s/iter; left time: 294.2504s
	iters: 1300, epoch: 2 | loss: 0.3914752
	speed: 0.0038s/iter; left time: 305.0949s
	iters: 1400, epoch: 2 | loss: 0.3932162
	speed: 0.0041s/iter; left time: 330.1955s
	iters: 1500, epoch: 2 | loss: 0.3729059
	speed: 0.0054s/iter; left time: 430.2788s
	iters: 1600, epoch: 2 | loss: 0.2943437
	speed: 0.0035s/iter; left time: 278.2209s
	iters: 1700, epoch: 2 | loss: 0.2526070
	speed: 0.0035s/iter; left time: 281.1214s
	iters: 1800, epoch: 2 | loss: 0.2185802
	speed: 0.0050s/iter; left time: 398.9016s
	iters: 1900, epoch: 2 | loss: 0.2422908
	speed: 0.0044s/iter; left time: 348.8113s
	iters: 2000, epoch: 2 | loss: 0.2613995
	speed: 0.0036s/iter; left time: 286.0126s
	iters: 2100, epoch: 2 | loss: 0.5200960
	speed: 0.0038s/iter; left time: 298.3192s
	iters: 2200, epoch: 2 | loss: 0.2836300
	speed: 0.0041s/iter; left time: 322.5855s
	iters: 2300, epoch: 2 | loss: 0.3835085
	speed: 0.0039s/iter; left time: 309.9406s
	iters: 2400, epoch: 2 | loss: 0.5270489
	speed: 0.0041s/iter; left time: 321.8055s
	iters: 2500, epoch: 2 | loss: 0.3508111
	speed: 0.0040s/iter; left time: 314.5049s
	iters: 2600, epoch: 2 | loss: 0.3414749
	speed: 0.0036s/iter; left time: 287.8116s
	iters: 2700, epoch: 2 | loss: 0.2864062
	speed: 0.0040s/iter; left time: 315.5160s
	iters: 2800, epoch: 2 | loss: 0.2503414
	speed: 0.0041s/iter; left time: 324.3224s
	iters: 2900, epoch: 2 | loss: 0.5318019
	speed: 0.0033s/iter; left time: 262.7111s
	iters: 3000, epoch: 2 | loss: 0.3228562
	speed: 0.0044s/iter; left time: 343.6970s
	iters: 3100, epoch: 2 | loss: 0.2775225
	speed: 0.0041s/iter; left time: 320.1852s
	iters: 3200, epoch: 2 | loss: 0.2885527
	speed: 0.0037s/iter; left time: 293.1641s
	iters: 3300, epoch: 2 | loss: 0.5365380
	speed: 0.0031s/iter; left time: 244.7793s
	iters: 3400, epoch: 2 | loss: 0.3530990
	speed: 0.0034s/iter; left time: 268.8268s
	iters: 3500, epoch: 2 | loss: 0.3299519
	speed: 0.0034s/iter; left time: 268.6394s
	iters: 3600, epoch: 2 | loss: 0.3667387
	speed: 0.0044s/iter; left time: 341.3449s
	iters: 3700, epoch: 2 | loss: 0.2517426
	speed: 0.0036s/iter; left time: 283.4990s
	iters: 3800, epoch: 2 | loss: 0.2827215
	speed: 0.0045s/iter; left time: 349.0293s
	iters: 3900, epoch: 2 | loss: 0.2440847
	speed: 0.0038s/iter; left time: 291.4828s
	iters: 4000, epoch: 2 | loss: 0.2683796
	speed: 0.0037s/iter; left time: 291.0906s
	iters: 4100, epoch: 2 | loss: 0.3997602
	speed: 0.0035s/iter; left time: 269.0422s
	iters: 4200, epoch: 2 | loss: 0.3061434
	speed: 0.0046s/iter; left time: 355.1318s
Epoch: 2 cost time: 16.944037914276123
Epoch: 2, Steps: 4296 | Train Loss: 0.3498712 Vali Loss: 0.4418242 Test Loss: 0.3875884
Validation loss decreased (0.558822 --> 0.441824).  Saving model ...
Updating learning rate to 0.0025
	iters: 100, epoch: 3 | loss: 0.3413656
	speed: 0.0398s/iter; left time: 3070.4399s
	iters: 200, epoch: 3 | loss: 0.3080770
	speed: 0.0036s/iter; left time: 276.8968s
	iters: 300, epoch: 3 | loss: 0.3092327
	speed: 0.0034s/iter; left time: 259.1959s
	iters: 400, epoch: 3 | loss: 0.2584509
	speed: 0.0045s/iter; left time: 346.8526s
	iters: 500, epoch: 3 | loss: 0.2779389
	speed: 0.0042s/iter; left time: 319.6294s
	iters: 600, epoch: 3 | loss: 0.3497421
	speed: 0.0042s/iter; left time: 323.6187s
	iters: 700, epoch: 3 | loss: 0.3533609
	speed: 0.0039s/iter; left time: 299.4265s
	iters: 800, epoch: 3 | loss: 0.2446959
	speed: 0.0041s/iter; left time: 310.7546s
	iters: 900, epoch: 3 | loss: 0.3349639
	speed: 0.0031s/iter; left time: 239.0821s
	iters: 1000, epoch: 3 | loss: 0.2402237
	speed: 0.0039s/iter; left time: 297.9658s
	iters: 1100, epoch: 3 | loss: 0.4215054
	speed: 0.0045s/iter; left time: 345.5163s
	iters: 1200, epoch: 3 | loss: 0.2751706
	speed: 0.0044s/iter; left time: 338.0516s
	iters: 1300, epoch: 3 | loss: 0.2582197
	speed: 0.0040s/iter; left time: 303.7097s
	iters: 1400, epoch: 3 | loss: 0.5445877
	speed: 0.0039s/iter; left time: 296.7162s
	iters: 1500, epoch: 3 | loss: 0.4134305
	speed: 0.0031s/iter; left time: 237.0405s
	iters: 1600, epoch: 3 | loss: 0.3862681
	speed: 0.0036s/iter; left time: 271.9530s
	iters: 1700, epoch: 3 | loss: 0.2806050
	speed: 0.0042s/iter; left time: 319.1898s
	iters: 1800, epoch: 3 | loss: 0.2740703
	speed: 0.0034s/iter; left time: 259.4939s
	iters: 1900, epoch: 3 | loss: 0.1939386
	speed: 0.0038s/iter; left time: 286.9011s
	iters: 2000, epoch: 3 | loss: 0.2862387
	speed: 0.0038s/iter; left time: 286.1226s
	iters: 2100, epoch: 3 | loss: 0.3351336
	speed: 0.0038s/iter; left time: 286.3937s
	iters: 2200, epoch: 3 | loss: 0.4081863
	speed: 0.0034s/iter; left time: 258.3428s
	iters: 2300, epoch: 3 | loss: 0.3917561
	speed: 0.0041s/iter; left time: 305.9482s
	iters: 2400, epoch: 3 | loss: 0.3929001
	speed: 0.0040s/iter; left time: 296.5600s
	iters: 2500, epoch: 3 | loss: 0.3114974
	speed: 0.0035s/iter; left time: 263.5679s
	iters: 2600, epoch: 3 | loss: 0.3146818
	speed: 0.0031s/iter; left time: 233.6224s
	iters: 2700, epoch: 3 | loss: 0.2573871
	speed: 0.0046s/iter; left time: 339.7464s
	iters: 2800, epoch: 3 | loss: 0.3969555
	speed: 0.0034s/iter; left time: 256.7235s
	iters: 2900, epoch: 3 | loss: 0.2565635
	speed: 0.0038s/iter; left time: 283.1204s
	iters: 3000, epoch: 3 | loss: 0.3056220
	speed: 0.0038s/iter; left time: 284.4875s
	iters: 3100, epoch: 3 | loss: 0.3070315
	speed: 0.0034s/iter; left time: 254.9526s
	iters: 3200, epoch: 3 | loss: 0.2758672
	speed: 0.0049s/iter; left time: 361.2551s
	iters: 3300, epoch: 3 | loss: 0.3372715
	speed: 0.0033s/iter; left time: 246.3944s
	iters: 3400, epoch: 3 | loss: 0.2921737
	speed: 0.0040s/iter; left time: 294.5988s
	iters: 3500, epoch: 3 | loss: 0.3459246
	speed: 0.0047s/iter; left time: 346.3060s
	iters: 3600, epoch: 3 | loss: 0.3531127
	speed: 0.0030s/iter; left time: 218.9301s
	iters: 3700, epoch: 3 | loss: 0.2614910
	speed: 0.0038s/iter; left time: 276.8276s
	iters: 3800, epoch: 3 | loss: 0.3562608
	speed: 0.0030s/iter; left time: 223.1659s
	iters: 3900, epoch: 3 | loss: 0.3247975
	speed: 0.0043s/iter; left time: 315.4575s
	iters: 4000, epoch: 3 | loss: 0.2516385
	speed: 0.0036s/iter; left time: 263.6366s
	iters: 4100, epoch: 3 | loss: 0.3383132
	speed: 0.0044s/iter; left time: 320.4396s
	iters: 4200, epoch: 3 | loss: 0.2518557
	speed: 0.0035s/iter; left time: 253.0380s
Epoch: 3 cost time: 16.500314235687256
Epoch: 3, Steps: 4296 | Train Loss: 0.3206739 Vali Loss: 0.4072002 Test Loss: 0.3651694
Validation loss decreased (0.441824 --> 0.407200).  Saving model ...
Updating learning rate to 0.00125
	iters: 100, epoch: 4 | loss: 0.3021951
	speed: 0.0357s/iter; left time: 2603.0930s
	iters: 200, epoch: 4 | loss: 0.2818169
	speed: 0.0038s/iter; left time: 277.7287s
	iters: 300, epoch: 4 | loss: 0.3031854
	speed: 0.0042s/iter; left time: 307.0679s
	iters: 400, epoch: 4 | loss: 0.2692671
	speed: 0.0042s/iter; left time: 308.1215s
	iters: 500, epoch: 4 | loss: 0.2926605
	speed: 0.0040s/iter; left time: 287.2308s
	iters: 600, epoch: 4 | loss: 0.2920093
	speed: 0.0043s/iter; left time: 309.6241s
	iters: 700, epoch: 4 | loss: 0.2415526
	speed: 0.0041s/iter; left time: 295.4242s
	iters: 800, epoch: 4 | loss: 0.4124819
	speed: 0.0042s/iter; left time: 304.7015s
	iters: 900, epoch: 4 | loss: 0.3481456
	speed: 0.0039s/iter; left time: 281.9233s
	iters: 1000, epoch: 4 | loss: 0.4012578
	speed: 0.0041s/iter; left time: 292.6990s
	iters: 1100, epoch: 4 | loss: 0.3103294
	speed: 0.0031s/iter; left time: 225.0287s
	iters: 1200, epoch: 4 | loss: 0.3170790
	speed: 0.0046s/iter; left time: 329.8406s
	iters: 1300, epoch: 4 | loss: 0.3068769
	speed: 0.0037s/iter; left time: 264.2171s
	iters: 1400, epoch: 4 | loss: 0.5162094
	speed: 0.0050s/iter; left time: 358.0649s
	iters: 1500, epoch: 4 | loss: 0.3253997
	speed: 0.0034s/iter; left time: 246.1227s
	iters: 1600, epoch: 4 | loss: 0.3513985
	speed: 0.0042s/iter; left time: 301.3772s
	iters: 1700, epoch: 4 | loss: 0.3102361
	speed: 0.0038s/iter; left time: 268.6471s
	iters: 1800, epoch: 4 | loss: 0.3117259
	speed: 0.0036s/iter; left time: 259.4244s
	iters: 1900, epoch: 4 | loss: 0.3181601
	speed: 0.0044s/iter; left time: 315.0446s
	iters: 2000, epoch: 4 | loss: 0.2697577
	speed: 0.0038s/iter; left time: 269.0770s
	iters: 2100, epoch: 4 | loss: 0.3518895
	speed: 0.0039s/iter; left time: 276.8010s
	iters: 2200, epoch: 4 | loss: 0.2590392
	speed: 0.0044s/iter; left time: 309.8983s
	iters: 2300, epoch: 4 | loss: 0.1963204
	speed: 0.0034s/iter; left time: 243.2836s
	iters: 2400, epoch: 4 | loss: 0.3833750
	speed: 0.0034s/iter; left time: 242.6750s
	iters: 2500, epoch: 4 | loss: 0.4604723
	speed: 0.0039s/iter; left time: 275.5671s
	iters: 2600, epoch: 4 | loss: 0.3033627
	speed: 0.0036s/iter; left time: 253.1273s
	iters: 2700, epoch: 4 | loss: 0.2481472
	speed: 0.0032s/iter; left time: 225.8144s
	iters: 2800, epoch: 4 | loss: 0.3125888
	speed: 0.0038s/iter; left time: 266.6775s
	iters: 2900, epoch: 4 | loss: 0.2356089
	speed: 0.0038s/iter; left time: 264.8483s
	iters: 3000, epoch: 4 | loss: 0.2791259
	speed: 0.0033s/iter; left time: 229.8397s
	iters: 3100, epoch: 4 | loss: 0.2831154
	speed: 0.0036s/iter; left time: 251.1928s
	iters: 3200, epoch: 4 | loss: 0.2500555
	speed: 0.0031s/iter; left time: 218.4188s
	iters: 3300, epoch: 4 | loss: 0.3991717
	speed: 0.0037s/iter; left time: 261.2864s
	iters: 3400, epoch: 4 | loss: 0.3415707
	speed: 0.0041s/iter; left time: 282.9666s
	iters: 3500, epoch: 4 | loss: 0.2441881
	speed: 0.0041s/iter; left time: 282.5385s
	iters: 3600, epoch: 4 | loss: 0.3750886
	speed: 0.0036s/iter; left time: 249.2891s
	iters: 3700, epoch: 4 | loss: 0.2772230
	speed: 0.0038s/iter; left time: 260.1594s
	iters: 3800, epoch: 4 | loss: 0.2507560
	speed: 0.0031s/iter; left time: 217.9887s
	iters: 3900, epoch: 4 | loss: 0.2649272
	speed: 0.0032s/iter; left time: 218.6096s
	iters: 4000, epoch: 4 | loss: 0.3660630
	speed: 0.0038s/iter; left time: 264.1540s
	iters: 4100, epoch: 4 | loss: 0.3765390
	speed: 0.0039s/iter; left time: 271.3405s
	iters: 4200, epoch: 4 | loss: 0.2357378
	speed: 0.0043s/iter; left time: 294.0084s
Epoch: 4 cost time: 16.562729835510254
Epoch: 4, Steps: 4296 | Train Loss: 0.3076204 Vali Loss: 0.4422337 Test Loss: 0.3443193
EarlyStopping counter: 1 out of 5
Updating learning rate to 0.000625
	iters: 100, epoch: 5 | loss: 0.2238312
	speed: 0.0376s/iter; left time: 2580.1701s
	iters: 200, epoch: 5 | loss: 0.2080427
	speed: 0.0035s/iter; left time: 240.0737s
	iters: 300, epoch: 5 | loss: 0.2711221
	speed: 0.0044s/iter; left time: 303.4938s
	iters: 400, epoch: 5 | loss: 0.1873672
	speed: 0.0039s/iter; left time: 269.0207s
	iters: 500, epoch: 5 | loss: 0.2137787
	speed: 0.0038s/iter; left time: 256.0440s
	iters: 600, epoch: 5 | loss: 0.3620439
	speed: 0.0048s/iter; left time: 329.8472s
	iters: 700, epoch: 5 | loss: 0.2746243
	speed: 0.0050s/iter; left time: 342.5236s
	iters: 800, epoch: 5 | loss: 0.2703301
	speed: 0.0040s/iter; left time: 268.9488s
	iters: 900, epoch: 5 | loss: 0.3027721
	speed: 0.0040s/iter; left time: 269.9269s
	iters: 1000, epoch: 5 | loss: 0.2965758
	speed: 0.0036s/iter; left time: 243.2327s
	iters: 1100, epoch: 5 | loss: 0.2314192
	speed: 0.0039s/iter; left time: 264.2883s
	iters: 1200, epoch: 5 | loss: 0.2392378
	speed: 0.0047s/iter; left time: 316.5332s
	iters: 1300, epoch: 5 | loss: 0.3424245
	speed: 0.0044s/iter; left time: 298.4636s
	iters: 1400, epoch: 5 | loss: 0.3703495
	speed: 0.0038s/iter; left time: 257.5105s
	iters: 1500, epoch: 5 | loss: 0.2667398
	speed: 0.0042s/iter; left time: 285.7146s
	iters: 1600, epoch: 5 | loss: 0.2585857
	speed: 0.0048s/iter; left time: 325.4116s
	iters: 1700, epoch: 5 | loss: 0.2305713
	speed: 0.0031s/iter; left time: 209.4710s
	iters: 1800, epoch: 5 | loss: 0.2889440
	speed: 0.0044s/iter; left time: 293.1296s
	iters: 1900, epoch: 5 | loss: 0.2169399
	speed: 0.0042s/iter; left time: 281.7222s
	iters: 2000, epoch: 5 | loss: 0.1630397
	speed: 0.0037s/iter; left time: 250.0284s
	iters: 2100, epoch: 5 | loss: 0.3503200
	speed: 0.0041s/iter; left time: 271.3567s
	iters: 2200, epoch: 5 | loss: 0.2915383
	speed: 0.0041s/iter; left time: 269.7707s
	iters: 2300, epoch: 5 | loss: 0.2860548
	speed: 0.0035s/iter; left time: 235.3884s
	iters: 2400, epoch: 5 | loss: 0.3120540
	speed: 0.0038s/iter; left time: 251.9405s
	iters: 2500, epoch: 5 | loss: 0.2921704
	speed: 0.0039s/iter; left time: 258.8076s
	iters: 2600, epoch: 5 | loss: 0.2194971
	speed: 0.0036s/iter; left time: 237.9268s
	iters: 2700, epoch: 5 | loss: 0.2988262
	speed: 0.0043s/iter; left time: 282.2084s
	iters: 2800, epoch: 5 | loss: 0.1918563
	speed: 0.0040s/iter; left time: 264.0801s
	iters: 2900, epoch: 5 | loss: 0.5901886
	speed: 0.0043s/iter; left time: 279.8752s
	iters: 3000, epoch: 5 | loss: 0.2528625
	speed: 0.0046s/iter; left time: 302.3285s
	iters: 3100, epoch: 5 | loss: 0.3594010
	speed: 0.0033s/iter; left time: 218.0130s
	iters: 3200, epoch: 5 | loss: 0.2168931
	speed: 0.0039s/iter; left time: 258.0536s
	iters: 3300, epoch: 5 | loss: 0.2025304
	speed: 0.0033s/iter; left time: 217.6030s
	iters: 3400, epoch: 5 | loss: 0.2446561
	speed: 0.0040s/iter; left time: 261.6658s
	iters: 3500, epoch: 5 | loss: 0.2829072
	speed: 0.0044s/iter; left time: 285.3927s
	iters: 3600, epoch: 5 | loss: 0.2502335
	speed: 0.0050s/iter; left time: 325.6151s
	iters: 3700, epoch: 5 | loss: 0.2654346
	speed: 0.0042s/iter; left time: 274.3161s
	iters: 3800, epoch: 5 | loss: 0.6351852
	speed: 0.0041s/iter; left time: 263.8598s
	iters: 3900, epoch: 5 | loss: 0.3057913
	speed: 0.0036s/iter; left time: 235.8569s
	iters: 4000, epoch: 5 | loss: 0.3107556
	speed: 0.0034s/iter; left time: 219.8327s
	iters: 4100, epoch: 5 | loss: 0.2735435
	speed: 0.0044s/iter; left time: 282.7826s
	iters: 4200, epoch: 5 | loss: 0.3832393
	speed: 0.0044s/iter; left time: 282.3392s
Epoch: 5 cost time: 17.37511110305786
Epoch: 5, Steps: 4296 | Train Loss: 0.3007445 Vali Loss: 0.4690479 Test Loss: 0.3419237
EarlyStopping counter: 2 out of 5
Updating learning rate to 0.0003125
	iters: 100, epoch: 6 | loss: 0.3068429
	speed: 0.0369s/iter; left time: 2376.0896s
	iters: 200, epoch: 6 | loss: 0.3992219
	speed: 0.0031s/iter; left time: 197.2281s
	iters: 300, epoch: 6 | loss: 0.2972932
	speed: 0.0036s/iter; left time: 229.6355s
	iters: 400, epoch: 6 | loss: 0.2630799
	speed: 0.0039s/iter; left time: 250.8051s
	iters: 500, epoch: 6 | loss: 0.2258534
	speed: 0.0039s/iter; left time: 249.8188s
	iters: 600, epoch: 6 | loss: 0.2190522
	speed: 0.0039s/iter; left time: 249.4409s
	iters: 700, epoch: 6 | loss: 0.3170201
	speed: 0.0038s/iter; left time: 244.8776s
	iters: 800, epoch: 6 | loss: 0.4634957
	speed: 0.0043s/iter; left time: 272.4495s
	iters: 900, epoch: 6 | loss: 0.2796270
	speed: 0.0045s/iter; left time: 288.1735s
	iters: 1000, epoch: 6 | loss: 0.2778399
	speed: 0.0041s/iter; left time: 257.4919s
	iters: 1100, epoch: 6 | loss: 0.2687314
	speed: 0.0044s/iter; left time: 277.3520s
	iters: 1200, epoch: 6 | loss: 0.3802025
	speed: 0.0050s/iter; left time: 316.0886s
	iters: 1300, epoch: 6 | loss: 0.4311383
	speed: 0.0033s/iter; left time: 207.1808s
	iters: 1400, epoch: 6 | loss: 0.3367910
	speed: 0.0035s/iter; left time: 219.5629s
	iters: 1500, epoch: 6 | loss: 0.2605739
	speed: 0.0041s/iter; left time: 258.9815s
	iters: 1600, epoch: 6 | loss: 0.2808505
	speed: 0.0046s/iter; left time: 288.5260s
	iters: 1700, epoch: 6 | loss: 0.3564705
	speed: 0.0038s/iter; left time: 237.4875s
	iters: 1800, epoch: 6 | loss: 0.2328070
	speed: 0.0046s/iter; left time: 287.2068s
	iters: 1900, epoch: 6 | loss: 0.2566852
	speed: 0.0046s/iter; left time: 287.3117s
	iters: 2000, epoch: 6 | loss: 0.2282263
	speed: 0.0048s/iter; left time: 302.6292s
	iters: 2100, epoch: 6 | loss: 0.3059400
	speed: 0.0041s/iter; left time: 253.3199s
	iters: 2200, epoch: 6 | loss: 0.4545896
	speed: 0.0033s/iter; left time: 204.9205s
	iters: 2300, epoch: 6 | loss: 0.3469397
	speed: 0.0040s/iter; left time: 245.9956s
	iters: 2400, epoch: 6 | loss: 0.4907811
	speed: 0.0036s/iter; left time: 225.7108s
	iters: 2500, epoch: 6 | loss: 0.2306202
	speed: 0.0035s/iter; left time: 215.8408s
	iters: 2600, epoch: 6 | loss: 0.2188570
	speed: 0.0047s/iter; left time: 292.4712s
	iters: 2700, epoch: 6 | loss: 0.2263403
	speed: 0.0035s/iter; left time: 214.8948s
	iters: 2800, epoch: 6 | loss: 0.3061449
	speed: 0.0037s/iter; left time: 225.8032s
	iters: 2900, epoch: 6 | loss: 0.3903564
	speed: 0.0046s/iter; left time: 280.4907s
	iters: 3000, epoch: 6 | loss: 0.2975309
	speed: 0.0043s/iter; left time: 262.8614s
	iters: 3100, epoch: 6 | loss: 0.3841351
	speed: 0.0037s/iter; left time: 224.8947s
	iters: 3200, epoch: 6 | loss: 0.3137266
	speed: 0.0034s/iter; left time: 210.6741s
	iters: 3300, epoch: 6 | loss: 0.2347362
	speed: 0.0045s/iter; left time: 277.0465s
	iters: 3400, epoch: 6 | loss: 0.2321040
	speed: 0.0033s/iter; left time: 200.1662s
	iters: 3500, epoch: 6 | loss: 0.2224778
	speed: 0.0034s/iter; left time: 209.3762s
	iters: 3600, epoch: 6 | loss: 0.3103204
	speed: 0.0036s/iter; left time: 218.8407s
	iters: 3700, epoch: 6 | loss: 0.3441649
	speed: 0.0043s/iter; left time: 258.9803s
	iters: 3800, epoch: 6 | loss: 0.2883014
	speed: 0.0031s/iter; left time: 186.5925s
	iters: 3900, epoch: 6 | loss: 0.3810419
	speed: 0.0039s/iter; left time: 237.0818s
	iters: 4000, epoch: 6 | loss: 0.4601184
	speed: 0.0030s/iter; left time: 182.1008s
	iters: 4100, epoch: 6 | loss: 0.3620917
	speed: 0.0035s/iter; left time: 210.0975s
	iters: 4200, epoch: 6 | loss: 0.3627356
	speed: 0.0041s/iter; left time: 247.7923s
Epoch: 6 cost time: 16.909114360809326
Epoch: 6, Steps: 4296 | Train Loss: 0.2972169 Vali Loss: 0.4208926 Test Loss: 0.3324931
EarlyStopping counter: 3 out of 5
Updating learning rate to 0.00015625
	iters: 100, epoch: 7 | loss: 0.2235247
	speed: 0.0363s/iter; left time: 2177.2060s
	iters: 200, epoch: 7 | loss: 0.2629646
	speed: 0.0043s/iter; left time: 257.5510s
	iters: 300, epoch: 7 | loss: 0.3510216
	speed: 0.0037s/iter; left time: 219.8198s
	iters: 400, epoch: 7 | loss: 0.4117681
	speed: 0.0041s/iter; left time: 242.5357s
	iters: 500, epoch: 7 | loss: 0.2134510
	speed: 0.0041s/iter; left time: 242.3479s
	iters: 600, epoch: 7 | loss: 0.3807008
	speed: 0.0045s/iter; left time: 265.9329s
	iters: 700, epoch: 7 | loss: 0.2090982
	speed: 0.0051s/iter; left time: 301.1071s
	iters: 800, epoch: 7 | loss: 0.4034876
	speed: 0.0036s/iter; left time: 213.3959s
	iters: 900, epoch: 7 | loss: 0.2604387
	speed: 0.0037s/iter; left time: 222.0016s
	iters: 1000, epoch: 7 | loss: 0.2826521
	speed: 0.0039s/iter; left time: 231.1683s
	iters: 1100, epoch: 7 | loss: 0.3566582
	speed: 0.0036s/iter; left time: 212.2300s
	iters: 1200, epoch: 7 | loss: 0.3030123
	speed: 0.0030s/iter; left time: 174.9803s
	iters: 1300, epoch: 7 | loss: 0.2764158
	speed: 0.0041s/iter; left time: 238.8450s
	iters: 1400, epoch: 7 | loss: 0.2541495
	speed: 0.0028s/iter; left time: 165.2588s
	iters: 1500, epoch: 7 | loss: 0.4987296
	speed: 0.0036s/iter; left time: 213.2411s
	iters: 1600, epoch: 7 | loss: 0.5000503
	speed: 0.0038s/iter; left time: 222.5238s
	iters: 1700, epoch: 7 | loss: 0.2503544
	speed: 0.0033s/iter; left time: 195.6047s
	iters: 1800, epoch: 7 | loss: 0.2450205
	speed: 0.0031s/iter; left time: 182.2259s
	iters: 1900, epoch: 7 | loss: 0.2037952
	speed: 0.0044s/iter; left time: 255.9068s
	iters: 2000, epoch: 7 | loss: 0.2686304
	speed: 0.0044s/iter; left time: 253.4416s
	iters: 2100, epoch: 7 | loss: 0.2679992
	speed: 0.0037s/iter; left time: 215.2973s
	iters: 2200, epoch: 7 | loss: 0.3007984
	speed: 0.0032s/iter; left time: 183.3294s
	iters: 2300, epoch: 7 | loss: 0.2554061
	speed: 0.0038s/iter; left time: 217.0470s
	iters: 2400, epoch: 7 | loss: 0.2829202
	speed: 0.0044s/iter; left time: 252.4115s
	iters: 2500, epoch: 7 | loss: 0.2693060
	speed: 0.0033s/iter; left time: 189.1218s
	iters: 2600, epoch: 7 | loss: 0.2498296
	speed: 0.0031s/iter; left time: 180.0865s
	iters: 2700, epoch: 7 | loss: 0.3499444
	speed: 0.0031s/iter; left time: 179.3524s
	iters: 2800, epoch: 7 | loss: 0.2769654
	speed: 0.0042s/iter; left time: 242.0134s
	iters: 2900, epoch: 7 | loss: 0.1989183
	speed: 0.0041s/iter; left time: 236.2536s
	iters: 3000, epoch: 7 | loss: 0.4078342
	speed: 0.0032s/iter; left time: 180.8894s
	iters: 3100, epoch: 7 | loss: 0.2463486
	speed: 0.0035s/iter; left time: 198.5493s
	iters: 3200, epoch: 7 | loss: 0.3188158
	speed: 0.0038s/iter; left time: 215.6363s
	iters: 3300, epoch: 7 | loss: 0.3915035
	speed: 0.0032s/iter; left time: 179.9364s
	iters: 3400, epoch: 7 | loss: 0.2515687
	speed: 0.0035s/iter; left time: 197.8552s
	iters: 3500, epoch: 7 | loss: 0.2741578
	speed: 0.0042s/iter; left time: 236.8616s
	iters: 3600, epoch: 7 | loss: 0.2477554
	speed: 0.0047s/iter; left time: 264.1439s
	iters: 3700, epoch: 7 | loss: 0.2667829
	speed: 0.0040s/iter; left time: 225.4723s
	iters: 3800, epoch: 7 | loss: 0.2459262
	speed: 0.0036s/iter; left time: 202.6506s
	iters: 3900, epoch: 7 | loss: 0.2482782
	speed: 0.0041s/iter; left time: 228.5551s
	iters: 4000, epoch: 7 | loss: 0.2393780
	speed: 0.0034s/iter; left time: 192.9128s
	iters: 4100, epoch: 7 | loss: 0.3816253
	speed: 0.0042s/iter; left time: 236.8515s
	iters: 4200, epoch: 7 | loss: 0.2260408
	speed: 0.0034s/iter; left time: 191.8316s
Epoch: 7 cost time: 16.294546365737915
Epoch: 7, Steps: 4296 | Train Loss: 0.2953458 Vali Loss: 0.4066925 Test Loss: 0.3293292
Validation loss decreased (0.407200 --> 0.406693).  Saving model ...
Updating learning rate to 7.8125e-05
	iters: 100, epoch: 8 | loss: 0.2946862
	speed: 0.0425s/iter; left time: 2369.4033s
	iters: 200, epoch: 8 | loss: 0.2284705
	speed: 0.0044s/iter; left time: 243.4534s
	iters: 300, epoch: 8 | loss: 0.2476578
	speed: 0.0041s/iter; left time: 225.5632s
	iters: 400, epoch: 8 | loss: 0.2482284
	speed: 0.0030s/iter; left time: 163.9478s
	iters: 500, epoch: 8 | loss: 0.2924257
	speed: 0.0049s/iter; left time: 268.8195s
	iters: 600, epoch: 8 | loss: 0.2334633
	speed: 0.0045s/iter; left time: 250.2907s
	iters: 700, epoch: 8 | loss: 0.2652579
	speed: 0.0036s/iter; left time: 199.9119s
	iters: 800, epoch: 8 | loss: 0.2831237
	speed: 0.0041s/iter; left time: 226.5197s
	iters: 900, epoch: 8 | loss: 0.3505088
	speed: 0.0038s/iter; left time: 208.7067s
	iters: 1000, epoch: 8 | loss: 0.3773673
	speed: 0.0036s/iter; left time: 198.6147s
	iters: 1100, epoch: 8 | loss: 0.2242748
	speed: 0.0045s/iter; left time: 248.0821s
	iters: 1200, epoch: 8 | loss: 0.2444372
	speed: 0.0041s/iter; left time: 221.8148s
	iters: 1300, epoch: 8 | loss: 0.3467439
	speed: 0.0036s/iter; left time: 196.1474s
	iters: 1400, epoch: 8 | loss: 0.2920393
	speed: 0.0041s/iter; left time: 221.3376s
	iters: 1500, epoch: 8 | loss: 0.3133896
	speed: 0.0036s/iter; left time: 196.7907s
	iters: 1600, epoch: 8 | loss: 0.2879668
	speed: 0.0042s/iter; left time: 227.3205s
	iters: 1700, epoch: 8 | loss: 0.4533572
	speed: 0.0042s/iter; left time: 227.4306s
	iters: 1800, epoch: 8 | loss: 0.3068990
	speed: 0.0035s/iter; left time: 186.7941s
	iters: 1900, epoch: 8 | loss: 0.2080938
	speed: 0.0037s/iter; left time: 202.1637s
	iters: 2000, epoch: 8 | loss: 0.1963588
	speed: 0.0036s/iter; left time: 193.6435s
	iters: 2100, epoch: 8 | loss: 0.2342116
	speed: 0.0041s/iter; left time: 218.3406s
	iters: 2200, epoch: 8 | loss: 0.2970251
	speed: 0.0041s/iter; left time: 218.0161s
	iters: 2300, epoch: 8 | loss: 0.2517885
	speed: 0.0041s/iter; left time: 217.5552s
	iters: 2400, epoch: 8 | loss: 0.2831498
	speed: 0.0042s/iter; left time: 222.0377s
	iters: 2500, epoch: 8 | loss: 0.2153361
	speed: 0.0041s/iter; left time: 219.5637s
	iters: 2600, epoch: 8 | loss: 0.4076631
	speed: 0.0034s/iter; left time: 183.4889s
	iters: 2700, epoch: 8 | loss: 0.5337226
	speed: 0.0041s/iter; left time: 215.9832s
	iters: 2800, epoch: 8 | loss: 0.4590614
	speed: 0.0036s/iter; left time: 190.5352s
	iters: 2900, epoch: 8 | loss: 0.4075611
	speed: 0.0035s/iter; left time: 186.7092s
	iters: 3000, epoch: 8 | loss: 0.1825332
	speed: 0.0038s/iter; left time: 200.7457s
	iters: 3100, epoch: 8 | loss: 0.3178379
	speed: 0.0036s/iter; left time: 190.5618s
	iters: 3200, epoch: 8 | loss: 0.5099068
	speed: 0.0036s/iter; left time: 189.3191s
	iters: 3300, epoch: 8 | loss: 0.2271146
	speed: 0.0041s/iter; left time: 213.5303s
	iters: 3400, epoch: 8 | loss: 0.3563359
	speed: 0.0034s/iter; left time: 180.1311s
	iters: 3500, epoch: 8 | loss: 0.2628845
	speed: 0.0038s/iter; left time: 196.4297s
	iters: 3600, epoch: 8 | loss: 0.3130229
	speed: 0.0045s/iter; left time: 236.6798s
	iters: 3700, epoch: 8 | loss: 0.2603582
	speed: 0.0036s/iter; left time: 187.5793s
	iters: 3800, epoch: 8 | loss: 0.3485639
	speed: 0.0041s/iter; left time: 211.9829s
	iters: 3900, epoch: 8 | loss: 0.3863495
	speed: 0.0038s/iter; left time: 197.2844s
	iters: 4000, epoch: 8 | loss: 0.3092723
	speed: 0.0038s/iter; left time: 197.1416s
	iters: 4100, epoch: 8 | loss: 0.2977811
	speed: 0.0049s/iter; left time: 254.8837s
	iters: 4200, epoch: 8 | loss: 0.2062317
	speed: 0.0040s/iter; left time: 204.5892s
Epoch: 8 cost time: 16.98453950881958
Epoch: 8, Steps: 4296 | Train Loss: 0.2943811 Vali Loss: 0.4070570 Test Loss: 0.3290880
EarlyStopping counter: 1 out of 5
Updating learning rate to 3.90625e-05
	iters: 100, epoch: 9 | loss: 0.2232870
	speed: 0.0377s/iter; left time: 1940.9255s
	iters: 200, epoch: 9 | loss: 0.2492902
	speed: 0.0044s/iter; left time: 224.5954s
	iters: 300, epoch: 9 | loss: 0.2714310
	speed: 0.0035s/iter; left time: 180.0051s
	iters: 400, epoch: 9 | loss: 0.2746615
	speed: 0.0040s/iter; left time: 204.0779s
	iters: 500, epoch: 9 | loss: 0.3775995
	speed: 0.0045s/iter; left time: 231.2679s
	iters: 600, epoch: 9 | loss: 0.2890665
	speed: 0.0038s/iter; left time: 191.0897s
	iters: 700, epoch: 9 | loss: 0.2950636
	speed: 0.0041s/iter; left time: 206.6374s
	iters: 800, epoch: 9 | loss: 0.3199419
	speed: 0.0036s/iter; left time: 182.2428s
	iters: 900, epoch: 9 | loss: 0.2738990
	speed: 0.0045s/iter; left time: 229.6794s
	iters: 1000, epoch: 9 | loss: 0.2512928
	speed: 0.0047s/iter; left time: 238.9161s
	iters: 1100, epoch: 9 | loss: 0.3056382
	speed: 0.0046s/iter; left time: 231.6699s
	iters: 1200, epoch: 9 | loss: 0.2871447
	speed: 0.0038s/iter; left time: 191.2473s
	iters: 1300, epoch: 9 | loss: 0.2079707
	speed: 0.0041s/iter; left time: 204.4706s
	iters: 1400, epoch: 9 | loss: 0.3528512
	speed: 0.0044s/iter; left time: 220.1805s
	iters: 1500, epoch: 9 | loss: 0.2746083
	speed: 0.0049s/iter; left time: 244.2258s
	iters: 1600, epoch: 9 | loss: 0.2381718
	speed: 0.0050s/iter; left time: 247.3509s
	iters: 1700, epoch: 9 | loss: 0.1840289
	speed: 0.0042s/iter; left time: 210.1788s
	iters: 1800, epoch: 9 | loss: 0.2607282
	speed: 0.0038s/iter; left time: 186.6334s
	iters: 1900, epoch: 9 | loss: 0.2729878
	speed: 0.0041s/iter; left time: 201.7759s
	iters: 2000, epoch: 9 | loss: 0.2702754
	speed: 0.0036s/iter; left time: 177.9412s
	iters: 2100, epoch: 9 | loss: 0.3810676
	speed: 0.0039s/iter; left time: 193.3167s
	iters: 2200, epoch: 9 | loss: 0.2812960
	speed: 0.0044s/iter; left time: 215.9117s
	iters: 2300, epoch: 9 | loss: 0.2851653
	speed: 0.0044s/iter; left time: 215.4724s
	iters: 2400, epoch: 9 | loss: 0.2082289
	speed: 0.0042s/iter; left time: 207.3641s
	iters: 2500, epoch: 9 | loss: 0.4753096
	speed: 0.0034s/iter; left time: 168.5326s
	iters: 2600, epoch: 9 | loss: 0.2433265
	speed: 0.0038s/iter; left time: 183.6968s
	iters: 2700, epoch: 9 | loss: 0.2606905
	speed: 0.0033s/iter; left time: 160.2541s
	iters: 2800, epoch: 9 | loss: 0.1965075
	speed: 0.0039s/iter; left time: 190.4137s
	iters: 2900, epoch: 9 | loss: 0.3430984
	speed: 0.0042s/iter; left time: 203.6141s
	iters: 3000, epoch: 9 | loss: 0.2910608
	speed: 0.0046s/iter; left time: 221.5631s
	iters: 3100, epoch: 9 | loss: 0.2004500
	speed: 0.0034s/iter; left time: 166.7145s
	iters: 3200, epoch: 9 | loss: 0.1970847
	speed: 0.0034s/iter; left time: 166.0646s
	iters: 3300, epoch: 9 | loss: 0.4859301
	speed: 0.0031s/iter; left time: 150.7719s
	iters: 3400, epoch: 9 | loss: 0.2001376
	speed: 0.0041s/iter; left time: 195.7041s
	iters: 3500, epoch: 9 | loss: 0.3310336
	speed: 0.0041s/iter; left time: 195.2782s
	iters: 3600, epoch: 9 | loss: 0.3235652
	speed: 0.0037s/iter; left time: 179.6843s
	iters: 3700, epoch: 9 | loss: 0.2402245
	speed: 0.0031s/iter; left time: 149.5085s
	iters: 3800, epoch: 9 | loss: 0.4667262
	speed: 0.0047s/iter; left time: 223.9758s
	iters: 3900, epoch: 9 | loss: 0.2875716
	speed: 0.0041s/iter; left time: 193.6088s
	iters: 4000, epoch: 9 | loss: 0.2349824
	speed: 0.0044s/iter; left time: 209.4324s
	iters: 4100, epoch: 9 | loss: 0.5410057
	speed: 0.0041s/iter; left time: 195.6345s
	iters: 4200, epoch: 9 | loss: 0.2251520
	speed: 0.0038s/iter; left time: 180.1448s
Epoch: 9 cost time: 17.448461055755615
Epoch: 9, Steps: 4296 | Train Loss: 0.2938775 Vali Loss: 0.4145589 Test Loss: 0.3295036
EarlyStopping counter: 2 out of 5
Updating learning rate to 1.953125e-05
	iters: 100, epoch: 10 | loss: 0.3024221
	speed: 0.0383s/iter; left time: 1805.7106s
	iters: 200, epoch: 10 | loss: 0.2010930
	speed: 0.0044s/iter; left time: 205.9130s
	iters: 300, epoch: 10 | loss: 0.2809557
	speed: 0.0034s/iter; left time: 159.2555s
	iters: 400, epoch: 10 | loss: 0.2869851
	speed: 0.0041s/iter; left time: 192.4310s
	iters: 500, epoch: 10 | loss: 0.3694609
	speed: 0.0041s/iter; left time: 190.0258s
	iters: 600, epoch: 10 | loss: 0.3236493
	speed: 0.0033s/iter; left time: 153.1050s
	iters: 700, epoch: 10 | loss: 0.2777860
	speed: 0.0038s/iter; left time: 174.6852s
	iters: 800, epoch: 10 | loss: 0.2754831
	speed: 0.0045s/iter; left time: 210.5082s
	iters: 900, epoch: 10 | loss: 0.2774481
	speed: 0.0039s/iter; left time: 180.9576s
	iters: 1000, epoch: 10 | loss: 0.2607051
	speed: 0.0045s/iter; left time: 209.5430s
	iters: 1100, epoch: 10 | loss: 0.2942463
	speed: 0.0038s/iter; left time: 173.1789s
	iters: 1200, epoch: 10 | loss: 0.3079107
	speed: 0.0044s/iter; left time: 201.4429s
	iters: 1300, epoch: 10 | loss: 0.2244125
	speed: 0.0047s/iter; left time: 215.4229s
	iters: 1400, epoch: 10 | loss: 0.2142919
	speed: 0.0039s/iter; left time: 178.1647s
	iters: 1500, epoch: 10 | loss: 0.3685125
	speed: 0.0037s/iter; left time: 168.2968s
	iters: 1600, epoch: 10 | loss: 0.2399092
	speed: 0.0034s/iter; left time: 154.1686s
	iters: 1700, epoch: 10 | loss: 0.3608038
	speed: 0.0039s/iter; left time: 177.8918s
	iters: 1800, epoch: 10 | loss: 0.2721337
	speed: 0.0039s/iter; left time: 177.5202s
	iters: 1900, epoch: 10 | loss: 0.2311787
	speed: 0.0039s/iter; left time: 177.2182s
	iters: 2000, epoch: 10 | loss: 0.2656635
	speed: 0.0036s/iter; left time: 162.7344s
	iters: 2100, epoch: 10 | loss: 0.2723439
	speed: 0.0039s/iter; left time: 177.7526s
	iters: 2200, epoch: 10 | loss: 0.2334510
	speed: 0.0039s/iter; left time: 174.5181s
	iters: 2300, epoch: 10 | loss: 0.2090370
	speed: 0.0047s/iter; left time: 210.8604s
	iters: 2400, epoch: 10 | loss: 0.2635944
	speed: 0.0042s/iter; left time: 189.2461s
	iters: 2500, epoch: 10 | loss: 0.2670344
	speed: 0.0041s/iter; left time: 181.6504s
	iters: 2600, epoch: 10 | loss: 0.1967127
	speed: 0.0034s/iter; left time: 153.6822s
	iters: 2700, epoch: 10 | loss: 0.2682253
	speed: 0.0040s/iter; left time: 178.3762s
	iters: 2800, epoch: 10 | loss: 0.2380278
	speed: 0.0037s/iter; left time: 162.3976s
	iters: 2900, epoch: 10 | loss: 0.2710786
	speed: 0.0039s/iter; left time: 173.2242s
	iters: 3000, epoch: 10 | loss: 0.2680040
	speed: 0.0041s/iter; left time: 179.8358s
	iters: 3100, epoch: 10 | loss: 0.3893331
	speed: 0.0037s/iter; left time: 165.5795s
	iters: 3200, epoch: 10 | loss: 0.2688742
	speed: 0.0036s/iter; left time: 158.2910s
	iters: 3300, epoch: 10 | loss: 0.3297892
	speed: 0.0045s/iter; left time: 199.0691s
	iters: 3400, epoch: 10 | loss: 0.3299989
	speed: 0.0039s/iter; left time: 171.3558s
	iters: 3500, epoch: 10 | loss: 0.2628249
	speed: 0.0036s/iter; left time: 157.3896s
	iters: 3600, epoch: 10 | loss: 0.2578746
	speed: 0.0031s/iter; left time: 136.3781s
	iters: 3700, epoch: 10 | loss: 0.2642388
	speed: 0.0034s/iter; left time: 149.6388s
	iters: 3800, epoch: 10 | loss: 0.3541744
	speed: 0.0031s/iter; left time: 135.7636s
	iters: 3900, epoch: 10 | loss: 0.2453244
	speed: 0.0031s/iter; left time: 135.6285s
	iters: 4000, epoch: 10 | loss: 0.2618825
	speed: 0.0030s/iter; left time: 128.3860s
	iters: 4100, epoch: 10 | loss: 0.3826640
	speed: 0.0038s/iter; left time: 162.9624s
	iters: 4200, epoch: 10 | loss: 0.2897481
	speed: 0.0032s/iter; left time: 136.2652s
Epoch: 10 cost time: 16.41103196144104
Epoch: 10, Steps: 4296 | Train Loss: 0.2936182 Vali Loss: 0.4137680 Test Loss: 0.3295043
EarlyStopping counter: 3 out of 5
Updating learning rate to 9.765625e-06
	iters: 100, epoch: 11 | loss: 0.2417792
	speed: 0.0337s/iter; left time: 1443.8202s
	iters: 200, epoch: 11 | loss: 0.3584982
	speed: 0.0042s/iter; left time: 181.6992s
	iters: 300, epoch: 11 | loss: 0.2479639
	speed: 0.0030s/iter; left time: 128.3433s
	iters: 400, epoch: 11 | loss: 0.3529251
	speed: 0.0036s/iter; left time: 154.8186s
	iters: 500, epoch: 11 | loss: 0.2680456
	speed: 0.0038s/iter; left time: 160.9023s
	iters: 600, epoch: 11 | loss: 0.1651105
	speed: 0.0028s/iter; left time: 119.1723s
	iters: 700, epoch: 11 | loss: 0.3099599
	speed: 0.0031s/iter; left time: 130.7787s
	iters: 800, epoch: 11 | loss: 0.2639512
	speed: 0.0047s/iter; left time: 198.8048s
	iters: 900, epoch: 11 | loss: 0.2065883
	speed: 0.0030s/iter; left time: 124.8806s
	iters: 1000, epoch: 11 | loss: 0.3825194
	speed: 0.0033s/iter; left time: 137.8120s
	iters: 1100, epoch: 11 | loss: 0.2565470
	speed: 0.0033s/iter; left time: 137.3244s
	iters: 1200, epoch: 11 | loss: 0.3141197
	speed: 0.0030s/iter; left time: 123.9754s
	iters: 1300, epoch: 11 | loss: 0.2230376
	speed: 0.0033s/iter; left time: 136.6636s
	iters: 1400, epoch: 11 | loss: 0.4731495
	speed: 0.0042s/iter; left time: 175.3254s
	iters: 1500, epoch: 11 | loss: 0.3311098
	speed: 0.0040s/iter; left time: 165.1966s
	iters: 1600, epoch: 11 | loss: 0.2551217
	speed: 0.0038s/iter; left time: 158.3302s
	iters: 1700, epoch: 11 | loss: 0.3205213
	speed: 0.0033s/iter; left time: 135.4245s
	iters: 1800, epoch: 11 | loss: 0.3511675
	speed: 0.0031s/iter; left time: 128.5930s
	iters: 1900, epoch: 11 | loss: 0.2613800
	speed: 0.0031s/iter; left time: 129.2882s
	iters: 2000, epoch: 11 | loss: 0.2517414
	speed: 0.0039s/iter; left time: 159.0632s
	iters: 2100, epoch: 11 | loss: 0.3163388
	speed: 0.0036s/iter; left time: 145.3233s
	iters: 2200, epoch: 11 | loss: 0.3789928
	speed: 0.0036s/iter; left time: 148.0148s
	iters: 2300, epoch: 11 | loss: 0.2818136
	speed: 0.0034s/iter; left time: 139.6885s
	iters: 2400, epoch: 11 | loss: 0.3875015
	speed: 0.0030s/iter; left time: 120.5262s
	iters: 2500, epoch: 11 | loss: 0.3701586
	speed: 0.0038s/iter; left time: 151.7692s
	iters: 2600, epoch: 11 | loss: 0.2860158
	speed: 0.0033s/iter; left time: 133.7352s
	iters: 2700, epoch: 11 | loss: 0.2320821
	speed: 0.0036s/iter; left time: 146.5157s
	iters: 2800, epoch: 11 | loss: 0.3419545
	speed: 0.0032s/iter; left time: 128.5214s
	iters: 2900, epoch: 11 | loss: 0.2778975
	speed: 0.0034s/iter; left time: 138.1025s
	iters: 3000, epoch: 11 | loss: 0.2933245
	speed: 0.0038s/iter; left time: 151.8015s
	iters: 3100, epoch: 11 | loss: 0.3171275
	speed: 0.0035s/iter; left time: 138.7823s
	iters: 3200, epoch: 11 | loss: 0.3539506
	speed: 0.0036s/iter; left time: 145.1097s
	iters: 3300, epoch: 11 | loss: 0.2485523
	speed: 0.0030s/iter; left time: 117.7980s
	iters: 3400, epoch: 11 | loss: 0.2589243
	speed: 0.0030s/iter; left time: 119.3312s
	iters: 3500, epoch: 11 | loss: 0.3216031
	speed: 0.0033s/iter; left time: 131.1488s
	iters: 3600, epoch: 11 | loss: 0.3241659
	speed: 0.0027s/iter; left time: 106.1175s
	iters: 3700, epoch: 11 | loss: 0.2466613
	speed: 0.0030s/iter; left time: 118.2916s
	iters: 3800, epoch: 11 | loss: 0.2469594
	speed: 0.0033s/iter; left time: 130.0429s
	iters: 3900, epoch: 11 | loss: 0.2511963
	speed: 0.0032s/iter; left time: 125.9569s
	iters: 4000, epoch: 11 | loss: 0.2588657
	speed: 0.0033s/iter; left time: 127.3378s
	iters: 4100, epoch: 11 | loss: 0.3726495
	speed: 0.0028s/iter; left time: 109.6901s
	iters: 4200, epoch: 11 | loss: 0.3223983
	speed: 0.0030s/iter; left time: 115.5663s
Epoch: 11 cost time: 14.551590204238892
Epoch: 11, Steps: 4296 | Train Loss: 0.2934767 Vali Loss: 0.4131879 Test Loss: 0.3291118
EarlyStopping counter: 4 out of 5
Updating learning rate to 4.8828125e-06
	iters: 100, epoch: 12 | loss: 0.2276783
	speed: 0.0303s/iter; left time: 1168.5851s
	iters: 200, epoch: 12 | loss: 0.2307608
	speed: 0.0034s/iter; left time: 132.1089s
	iters: 300, epoch: 12 | loss: 0.2552243
	speed: 0.0033s/iter; left time: 125.9976s
	iters: 400, epoch: 12 | loss: 0.3007217
	speed: 0.0037s/iter; left time: 143.3719s
	iters: 500, epoch: 12 | loss: 0.2480264
	speed: 0.0030s/iter; left time: 114.9594s
	iters: 600, epoch: 12 | loss: 0.2974277
	speed: 0.0028s/iter; left time: 108.4530s
	iters: 700, epoch: 12 | loss: 0.3858147
	speed: 0.0030s/iter; left time: 115.6270s
	iters: 800, epoch: 12 | loss: 0.3028727
	speed: 0.0038s/iter; left time: 142.5616s
	iters: 900, epoch: 12 | loss: 0.2178582
	speed: 0.0038s/iter; left time: 143.6222s
	iters: 1000, epoch: 12 | loss: 0.3581914
	speed: 0.0037s/iter; left time: 138.6755s
	iters: 1100, epoch: 12 | loss: 0.3149301
	speed: 0.0031s/iter; left time: 117.3712s
	iters: 1200, epoch: 12 | loss: 0.3700014
	speed: 0.0028s/iter; left time: 106.5734s
	iters: 1300, epoch: 12 | loss: 0.2737985
	speed: 0.0034s/iter; left time: 127.2696s
	iters: 1400, epoch: 12 | loss: 0.2747075
	speed: 0.0033s/iter; left time: 122.6240s
	iters: 1500, epoch: 12 | loss: 0.2357000
	speed: 0.0033s/iter; left time: 121.6820s
	iters: 1600, epoch: 12 | loss: 0.3026493
	speed: 0.0035s/iter; left time: 131.1305s
	iters: 1700, epoch: 12 | loss: 0.2553872
	speed: 0.0032s/iter; left time: 117.0228s
	iters: 1800, epoch: 12 | loss: 0.3549601
	speed: 0.0031s/iter; left time: 115.7699s
	iters: 1900, epoch: 12 | loss: 0.2725108
	speed: 0.0030s/iter; left time: 109.7604s
	iters: 2000, epoch: 12 | loss: 0.2544296
	speed: 0.0030s/iter; left time: 110.2188s
	iters: 2100, epoch: 12 | loss: 0.2778438
	speed: 0.0032s/iter; left time: 115.8040s
	iters: 2200, epoch: 12 | loss: 0.3282256
	speed: 0.0035s/iter; left time: 127.5740s
	iters: 2300, epoch: 12 | loss: 0.2226833
	speed: 0.0033s/iter; left time: 119.2447s
	iters: 2400, epoch: 12 | loss: 0.3191019
	speed: 0.0036s/iter; left time: 130.3850s
	iters: 2500, epoch: 12 | loss: 0.2744210
	speed: 0.0033s/iter; left time: 118.6765s
	iters: 2600, epoch: 12 | loss: 0.3264403
	speed: 0.0031s/iter; left time: 113.0012s
	iters: 2700, epoch: 12 | loss: 0.2909000
	speed: 0.0032s/iter; left time: 113.9478s
	iters: 2800, epoch: 12 | loss: 0.1928933
	speed: 0.0032s/iter; left time: 115.8468s
	iters: 2900, epoch: 12 | loss: 0.2628579
	speed: 0.0036s/iter; left time: 127.8627s
	iters: 3000, epoch: 12 | loss: 0.2393596
	speed: 0.0036s/iter; left time: 128.7511s
	iters: 3100, epoch: 12 | loss: 0.2978215
	speed: 0.0025s/iter; left time: 88.9423s
	iters: 3200, epoch: 12 | loss: 0.3995008
	speed: 0.0025s/iter; left time: 88.5543s
	iters: 3300, epoch: 12 | loss: 0.3500510
	speed: 0.0030s/iter; left time: 105.0826s
	iters: 3400, epoch: 12 | loss: 0.3102236
	speed: 0.0027s/iter; left time: 93.6820s
	iters: 3500, epoch: 12 | loss: 0.2745866
	speed: 0.0028s/iter; left time: 98.9133s
	iters: 3600, epoch: 12 | loss: 0.2604256
	speed: 0.0028s/iter; left time: 98.5067s
	iters: 3700, epoch: 12 | loss: 0.2365554
	speed: 0.0030s/iter; left time: 103.7974s
	iters: 3800, epoch: 12 | loss: 0.4140428
	speed: 0.0028s/iter; left time: 98.2270s
	iters: 3900, epoch: 12 | loss: 0.2669839
	speed: 0.0030s/iter; left time: 103.1664s
	iters: 4000, epoch: 12 | loss: 0.2074312
	speed: 0.0027s/iter; left time: 92.2511s
	iters: 4100, epoch: 12 | loss: 0.2227500
	speed: 0.0027s/iter; left time: 93.1569s
	iters: 4200, epoch: 12 | loss: 0.2114193
	speed: 0.0035s/iter; left time: 120.0229s
Epoch: 12 cost time: 13.621721506118774
Epoch: 12, Steps: 4296 | Train Loss: 0.2934056 Vali Loss: 0.4133418 Test Loss: 0.3289507
EarlyStopping counter: 5 out of 5
Early stopping
Total training time: 230.4376 seconds
>>>>>>>testing : ETTm1_96_96_DLinear_ETTm1_ftM_sl96_ll48_pl96_dm512_nh8_el2_dl1_df2048_fc1_ebtimeF_dtTrue_Exp_0_seed10458<<<<<<<<<<<<<<<<<<<<<<<<<<<<<<<<<
test 11425
data_set:  <data_provider.data_loader.Dataset_ETT_minute object at 0x000001CFA7E93828>
mse:0.32942041754722595, mae:0.3632296323776245
