Args in experiment:
Namespace(activation='gelu', batch_size=32, c_out=7, checkpoints='./checkpoints/', d_ff=2048, d_layers=1, d_model=512, data='ETTh1', data_path='ETTh1.csv', dec_in=7, des='Exp', devices='0,1,2,3', distil=True, do_predict=False, dropout=0.05, e_layers=2, embed='timeF', embed_type=0, enc_in=7, factor=1, features='M', freq='h', gpu=0, individual=True, is_training=1, itr=1, label_len=48, learning_rate=0.005, loss='mse', lradj='type1', model='DLinear', model_id='ETTh1_336_336', moving_avg=25, n_heads=8, num_workers=0, output_attention=False, patience=5, pred_len=336, root_path='./dataset/', save_pred_values=False, seed=15349, seq_len=336, target='OT', test_flop=False, train_epochs=20, train_only=False, use_amp=False, use_gpu=False, use_multi_gpu=False)
Use CPU
>>>>>>>start training : ETTh1_336_336_DLinear_ETTh1_ftM_sl336_ll48_pl336_dm512_nh8_el2_dl1_df2048_fc1_ebtimeF_dtTrue_Exp_0_seed15349>>>>>>>>>>>>>>>>>>>>>>>>>>
train 7969
val 2545
test 2545
	iters: 100, epoch: 1 | loss: 0.5148934
	speed: 0.0156s/iter; left time: 76.1739s
	iters: 200, epoch: 1 | loss: 0.6040055
	speed: 0.0139s/iter; left time: 66.4204s
Epoch: 1 cost time: 3.7180709838867188
Epoch: 1, Steps: 249 | Train Loss: 0.5564633 Vali Loss: 1.3786863 Test Loss: 0.5481629
Validation loss decreased (inf --> 1.378686).  Saving model ...
Updating learning rate to 0.005
	iters: 100, epoch: 2 | loss: 0.4750388
	speed: 0.0330s/iter; left time: 152.6402s
	iters: 200, epoch: 2 | loss: 0.5600683
	speed: 0.0163s/iter; left time: 73.8101s
Epoch: 2 cost time: 3.948690176010132
Epoch: 2, Steps: 249 | Train Loss: 0.5333587 Vali Loss: 1.4489424 Test Loss: 0.5485502
EarlyStopping counter: 1 out of 5
Updating learning rate to 0.0025
	iters: 100, epoch: 3 | loss: 0.4421137
	speed: 0.0345s/iter; left time: 151.0640s
	iters: 200, epoch: 3 | loss: 0.5083727
	speed: 0.0172s/iter; left time: 73.6987s
Epoch: 3 cost time: 4.268274784088135
Epoch: 3, Steps: 249 | Train Loss: 0.4683136 Vali Loss: 1.2503321 Test Loss: 0.4810120
Validation loss decreased (1.378686 --> 1.250332).  Saving model ...
Updating learning rate to 0.00125
	iters: 100, epoch: 4 | loss: 0.3896078
	speed: 0.0305s/iter; left time: 125.9315s
	iters: 200, epoch: 4 | loss: 0.4325508
	speed: 0.0168s/iter; left time: 67.8853s
Epoch: 4 cost time: 3.9043498039245605
Epoch: 4, Steps: 249 | Train Loss: 0.4368276 Vali Loss: 1.1784437 Test Loss: 0.4687050
Validation loss decreased (1.250332 --> 1.178444).  Saving model ...
Updating learning rate to 0.000625
	iters: 100, epoch: 5 | loss: 0.3818515
	speed: 0.0339s/iter; left time: 131.5112s
	iters: 200, epoch: 5 | loss: 0.4664020
	speed: 0.0180s/iter; left time: 68.1565s
Epoch: 5 cost time: 4.285537958145142
Epoch: 5, Steps: 249 | Train Loss: 0.4220135 Vali Loss: 1.1517003 Test Loss: 0.4572184
Validation loss decreased (1.178444 --> 1.151700).  Saving model ...
Updating learning rate to 0.0003125
	iters: 100, epoch: 6 | loss: 0.4788398
	speed: 0.0335s/iter; left time: 121.9288s
	iters: 200, epoch: 6 | loss: 0.3831532
	speed: 0.0168s/iter; left time: 59.4646s
Epoch: 6 cost time: 4.147379398345947
Epoch: 6, Steps: 249 | Train Loss: 0.4142811 Vali Loss: 1.1729673 Test Loss: 0.4474951
EarlyStopping counter: 1 out of 5
Updating learning rate to 0.00015625
	iters: 100, epoch: 7 | loss: 0.4313381
	speed: 0.0339s/iter; left time: 114.7249s
	iters: 200, epoch: 7 | loss: 0.4620958
	speed: 0.0176s/iter; left time: 57.7649s
Epoch: 7 cost time: 4.232815980911255
Epoch: 7, Steps: 249 | Train Loss: 0.4108283 Vali Loss: 1.1433364 Test Loss: 0.4476740
Validation loss decreased (1.151700 --> 1.143336).  Saving model ...
Updating learning rate to 7.8125e-05
	iters: 100, epoch: 8 | loss: 0.4518842
	speed: 0.0339s/iter; left time: 106.4184s
	iters: 200, epoch: 8 | loss: 0.4080481
	speed: 0.0181s/iter; left time: 55.1183s
Epoch: 8 cost time: 4.300394058227539
Epoch: 8, Steps: 249 | Train Loss: 0.4084812 Vali Loss: 1.1333814 Test Loss: 0.4481444
Validation loss decreased (1.143336 --> 1.133381).  Saving model ...
Updating learning rate to 3.90625e-05
	iters: 100, epoch: 9 | loss: 0.3993378
	speed: 0.0327s/iter; left time: 94.5095s
	iters: 200, epoch: 9 | loss: 0.4335437
	speed: 0.0180s/iter; left time: 50.1783s
Epoch: 9 cost time: 4.158333778381348
Epoch: 9, Steps: 249 | Train Loss: 0.4073754 Vali Loss: 1.1336001 Test Loss: 0.4468934
EarlyStopping counter: 1 out of 5
Updating learning rate to 1.953125e-05
	iters: 100, epoch: 10 | loss: 0.4395917
	speed: 0.0333s/iter; left time: 87.7879s
	iters: 200, epoch: 10 | loss: 0.4457150
	speed: 0.0163s/iter; left time: 41.3428s
Epoch: 10 cost time: 4.095881462097168
Epoch: 10, Steps: 249 | Train Loss: 0.4066766 Vali Loss: 1.1364003 Test Loss: 0.4455377
EarlyStopping counter: 2 out of 5
Updating learning rate to 9.765625e-06
	iters: 100, epoch: 11 | loss: 0.4614526
	speed: 0.0333s/iter; left time: 79.6497s
	iters: 200, epoch: 11 | loss: 0.3934411
	speed: 0.0153s/iter; left time: 34.9637s
Epoch: 11 cost time: 3.907708168029785
Epoch: 11, Steps: 249 | Train Loss: 0.4063328 Vali Loss: 1.1374687 Test Loss: 0.4453532
EarlyStopping counter: 3 out of 5
Updating learning rate to 4.8828125e-06
	iters: 100, epoch: 12 | loss: 0.4456438
	speed: 0.0303s/iter; left time: 64.8977s
	iters: 200, epoch: 12 | loss: 0.4017624
	speed: 0.0159s/iter; left time: 32.5388s
Epoch: 12 cost time: 3.880959987640381
Epoch: 12, Steps: 249 | Train Loss: 0.4061762 Vali Loss: 1.1360939 Test Loss: 0.4453340
EarlyStopping counter: 4 out of 5
Updating learning rate to 2.44140625e-06
	iters: 100, epoch: 13 | loss: 0.3876754
	speed: 0.0324s/iter; left time: 61.4033s
	iters: 200, epoch: 13 | loss: 0.4219563
	speed: 0.0145s/iter; left time: 26.0860s
Epoch: 13 cost time: 3.622932195663452
Epoch: 13, Steps: 249 | Train Loss: 0.4059796 Vali Loss: 1.1376070 Test Loss: 0.4451551
EarlyStopping counter: 5 out of 5
Early stopping
>>>>>>>testing : ETTh1_336_336_DLinear_ETTh1_ftM_sl336_ll48_pl336_dm512_nh8_el2_dl1_df2048_fc1_ebtimeF_dtTrue_Exp_0_seed15349<<<<<<<<<<<<<<<<<<<<<<<<<<<<<<<<<
test 2545
mse:0.4476757347583771, mae:0.44388994574546814
