Args in experiment:
Namespace(activation='gelu', batch_size=32, c_out=7, checkpoints='./checkpoints/', d_ff=2048, d_layers=1, d_model=512, data='custom', data_path='exchange_rate.csv', dec_in=7, des='Exp', devices='0,1,2,3', distil=True, do_predict=False, dropout=0.05, e_layers=2, embed='timeF', embed_type=0, enc_in=8, factor=1, features='M', freq='h', gpu=0, individual=True, is_training=1, itr=1, label_len=48, learning_rate=0.0005, loss='mse', lradj='type1', model='DLinear', model_id='Exchange_336_336', moving_avg=25, n_heads=8, num_workers=0, output_attention=False, patience=5, pred_len=336, root_path='./dataset/', save_pred_values=False, seed=3144, seq_len=336, target='OT', test_flop=False, train_epochs=20, train_only=False, use_amp=False, use_gpu=False, use_multi_gpu=False)
Use CPU
>>>>>>>start training : Exchange_336_336_DLinear_custom_ftM_sl336_ll48_pl336_dm512_nh8_el2_dl1_df2048_fc1_ebtimeF_dtTrue_Exp_0_seed3144>>>>>>>>>>>>>>>>>>>>>>>>>>
train 4640
val 425
test 1182
	iters: 100, epoch: 1 | loss: 0.4197516
	speed: 0.0180s/iter; left time: 50.4283s
Epoch: 1 cost time: 2.7660717964172363
Epoch: 1, Steps: 145 | Train Loss: 0.4355600 Vali Loss: 1.4929261 Test Loss: 0.4863307
Validation loss decreased (inf --> 1.492926).  Saving model ...
Updating learning rate to 0.0005
	iters: 100, epoch: 2 | loss: 0.3917039
	speed: 0.0309s/iter; left time: 82.0313s
Epoch: 2 cost time: 2.6733641624450684
Epoch: 2, Steps: 145 | Train Loss: 0.3620461 Vali Loss: 1.3972964 Test Loss: 0.3992826
Validation loss decreased (1.492926 --> 1.397296).  Saving model ...
Updating learning rate to 0.00025
	iters: 100, epoch: 3 | loss: 0.3358576
	speed: 0.0323s/iter; left time: 81.1115s
Epoch: 3 cost time: 2.9106850624084473
Epoch: 3, Steps: 145 | Train Loss: 0.3503635 Vali Loss: 1.2892060 Test Loss: 0.4083211
Validation loss decreased (1.397296 --> 1.289206).  Saving model ...
Updating learning rate to 0.000125
	iters: 100, epoch: 4 | loss: 0.3304932
	speed: 0.0304s/iter; left time: 71.9680s
Epoch: 4 cost time: 2.638770341873169
Epoch: 4, Steps: 145 | Train Loss: 0.3460437 Vali Loss: 1.1696622 Test Loss: 0.3458280
Validation loss decreased (1.289206 --> 1.169662).  Saving model ...
Updating learning rate to 6.25e-05
	iters: 100, epoch: 5 | loss: 0.3648427
	speed: 0.0322s/iter; left time: 71.4132s
Epoch: 5 cost time: 2.920628309249878
Epoch: 5, Steps: 145 | Train Loss: 0.3435629 Vali Loss: 1.1842844 Test Loss: 0.3519571
EarlyStopping counter: 1 out of 5
Updating learning rate to 3.125e-05
	iters: 100, epoch: 6 | loss: 0.3317971
	speed: 0.0304s/iter; left time: 63.0175s
Epoch: 6 cost time: 2.661336660385132
Epoch: 6, Steps: 145 | Train Loss: 0.3424928 Vali Loss: 1.2734307 Test Loss: 0.3792647
EarlyStopping counter: 2 out of 5
Updating learning rate to 1.5625e-05
	iters: 100, epoch: 7 | loss: 0.3550092
	speed: 0.0296s/iter; left time: 57.1048s
Epoch: 7 cost time: 2.6982743740081787
Epoch: 7, Steps: 145 | Train Loss: 0.3418066 Vali Loss: 1.1763818 Test Loss: 0.3481299
EarlyStopping counter: 3 out of 5
Updating learning rate to 7.8125e-06
	iters: 100, epoch: 8 | loss: 0.2958134
	speed: 0.0295s/iter; left time: 52.7699s
Epoch: 8 cost time: 2.659661054611206
Epoch: 8, Steps: 145 | Train Loss: 0.3415558 Vali Loss: 1.2259821 Test Loss: 0.3605256
EarlyStopping counter: 4 out of 5
Updating learning rate to 3.90625e-06
	iters: 100, epoch: 9 | loss: 0.4386097
	speed: 0.0295s/iter; left time: 48.4885s
Epoch: 9 cost time: 2.659715414047241
Epoch: 9, Steps: 145 | Train Loss: 0.3414035 Vali Loss: 1.2124869 Test Loss: 0.3585016
EarlyStopping counter: 5 out of 5
Early stopping
>>>>>>>testing : Exchange_336_336_DLinear_custom_ftM_sl336_ll48_pl336_dm512_nh8_el2_dl1_df2048_fc1_ebtimeF_dtTrue_Exp_0_seed3144<<<<<<<<<<<<<<<<<<<<<<<<<<<<<<<<<
test 1182
mse:0.3456352651119232, mae:0.45140817761421204
