Args in experiment:
Namespace(activation='gelu', batch_size=32, c_out=7, checkpoints='./checkpoints/', d_ff=2048, d_layers=1, d_model=512, data='ETTh2', data_path='ETTh2.csv', dec_in=7, des='Exp', devices='0,1,2,3', distil=True, do_predict=False, dropout=0.05, e_layers=2, embed='timeF', embed_type=0, enc_in=7, factor=1, features='M', freq='h', gpu=0, individual=True, is_training=1, itr=1, label_len=48, learning_rate=0.05, loss='mse', lradj='type1', model='DLinear', model_id='ETTh2_336_192', moving_avg=25, n_heads=8, num_workers=0, output_attention=False, patience=5, pred_len=192, root_path='./dataset/', save_pred_values=False, seed=10458, seq_len=336, target='OT', test_flop=False, train_epochs=20, train_only=False, use_amp=False, use_gpu=False, use_multi_gpu=False)
Use CPU
>>>>>>>start training : ETTh2_336_192_DLinear_ETTh2_ftM_sl336_ll48_pl192_dm512_nh8_el2_dl1_df2048_fc1_ebtimeF_dtTrue_Exp_0_seed10458>>>>>>>>>>>>>>>>>>>>>>>>>>
train 8113
val 2689
test 2689
Total number of trainable parameters: 905856
Total number of parameters: 905856
	iters: 100, epoch: 1 | loss: 1.5377928
	speed: 0.0179s/iter; left time: 88.6328s
	iters: 200, epoch: 1 | loss: 0.9431138
	speed: 0.0181s/iter; left time: 87.8706s
Epoch: 1 cost time: 4.525399923324585
Epoch: 1, Steps: 253 | Train Loss: 5.8139532 Vali Loss: 1.2090048 Test Loss: 2.6717772
Validation loss decreased (inf --> 1.209005).  Saving model ...
Updating learning rate to 0.05
	iters: 100, epoch: 2 | loss: 3.2477155
	speed: 0.0364s/iter; left time: 171.1929s
	iters: 200, epoch: 2 | loss: 2.2280412
	speed: 0.0175s/iter; left time: 80.7571s
Epoch: 2 cost time: 4.616369247436523
Epoch: 2, Steps: 253 | Train Loss: 2.6514457 Vali Loss: 2.3264031 Test Loss: 5.6761289
EarlyStopping counter: 1 out of 5
Updating learning rate to 0.025
	iters: 100, epoch: 3 | loss: 0.9027541
	speed: 0.0380s/iter; left time: 169.4002s
	iters: 200, epoch: 3 | loss: 0.7401482
	speed: 0.0185s/iter; left time: 80.7654s
Epoch: 3 cost time: 4.529545307159424
Epoch: 3, Steps: 253 | Train Loss: 0.9719062 Vali Loss: 0.6751569 Test Loss: 1.0680366
Validation loss decreased (1.209005 --> 0.675157).  Saving model ...
Updating learning rate to 0.0125
	iters: 100, epoch: 4 | loss: 0.4107093
	speed: 0.0354s/iter; left time: 148.7223s
	iters: 200, epoch: 4 | loss: 0.7329581
	speed: 0.0171s/iter; left time: 70.0536s
Epoch: 4 cost time: 4.294363975524902
Epoch: 4, Steps: 253 | Train Loss: 0.5964637 Vali Loss: 0.4684417 Test Loss: 1.0180990
Validation loss decreased (0.675157 --> 0.468442).  Saving model ...
Updating learning rate to 0.00625
	iters: 100, epoch: 5 | loss: 0.4235338
	speed: 0.0374s/iter; left time: 147.5048s
	iters: 200, epoch: 5 | loss: 0.3097773
	speed: 0.0208s/iter; left time: 79.9373s
Epoch: 5 cost time: 4.987449645996094
Epoch: 5, Steps: 253 | Train Loss: 0.5129610 Vali Loss: 0.4026001 Test Loss: 0.5789635
Validation loss decreased (0.468442 --> 0.402600).  Saving model ...
Updating learning rate to 0.003125
	iters: 100, epoch: 6 | loss: 0.4397460
	speed: 0.0365s/iter; left time: 134.8000s
	iters: 200, epoch: 6 | loss: 0.7511809
	speed: 0.0175s/iter; left time: 62.7859s
Epoch: 6 cost time: 4.306867361068726
Epoch: 6, Steps: 253 | Train Loss: 0.4732658 Vali Loss: 0.4052795 Test Loss: 0.5613134
EarlyStopping counter: 1 out of 5
Updating learning rate to 0.0015625
	iters: 100, epoch: 7 | loss: 0.3042687
	speed: 0.0330s/iter; left time: 113.4702s
	iters: 200, epoch: 7 | loss: 0.7865722
	speed: 0.0176s/iter; left time: 58.8703s
Epoch: 7 cost time: 4.280366659164429
Epoch: 7, Steps: 253 | Train Loss: 0.4571218 Vali Loss: 0.3733617 Test Loss: 0.4814431
Validation loss decreased (0.402600 --> 0.373362).  Saving model ...
Updating learning rate to 0.00078125
	iters: 100, epoch: 8 | loss: 0.4271810
	speed: 0.0419s/iter; left time: 133.6266s
	iters: 200, epoch: 8 | loss: 0.4548260
	speed: 0.0172s/iter; left time: 53.0194s
Epoch: 8 cost time: 4.244425535202026
Epoch: 8, Steps: 253 | Train Loss: 0.4476107 Vali Loss: 0.3852988 Test Loss: 0.6023213
EarlyStopping counter: 1 out of 5
Updating learning rate to 0.000390625
	iters: 100, epoch: 9 | loss: 0.2974403
	speed: 0.0334s/iter; left time: 98.1033s
	iters: 200, epoch: 9 | loss: 0.3157294
	speed: 0.0174s/iter; left time: 49.4875s
Epoch: 9 cost time: 4.313594102859497
Epoch: 9, Steps: 253 | Train Loss: 0.4427082 Vali Loss: 0.3742824 Test Loss: 0.5530604
EarlyStopping counter: 2 out of 5
Updating learning rate to 0.0001953125
	iters: 100, epoch: 10 | loss: 0.2920670
	speed: 0.0334s/iter; left time: 89.5214s
	iters: 200, epoch: 10 | loss: 0.4240628
	speed: 0.0176s/iter; left time: 45.5251s
Epoch: 10 cost time: 4.325642824172974
Epoch: 10, Steps: 253 | Train Loss: 0.4396990 Vali Loss: 0.3874704 Test Loss: 0.5737237
EarlyStopping counter: 3 out of 5
Updating learning rate to 9.765625e-05
	iters: 100, epoch: 11 | loss: 0.4803979
	speed: 0.0331s/iter; left time: 80.4839s
	iters: 200, epoch: 11 | loss: 0.2668385
	speed: 0.0175s/iter; left time: 40.9047s
Epoch: 11 cost time: 4.314668655395508
Epoch: 11, Steps: 253 | Train Loss: 0.4379342 Vali Loss: 0.3746282 Test Loss: 0.5628564
EarlyStopping counter: 4 out of 5
Updating learning rate to 4.8828125e-05
	iters: 100, epoch: 12 | loss: 0.3111674
	speed: 0.0317s/iter; left time: 69.0884s
	iters: 200, epoch: 12 | loss: 0.3254466
	speed: 0.0159s/iter; left time: 33.0881s
Epoch: 12 cost time: 3.7929797172546387
Epoch: 12, Steps: 253 | Train Loss: 0.4363481 Vali Loss: 0.3745135 Test Loss: 0.5594844
EarlyStopping counter: 5 out of 5
Early stopping
Total training time: 63.4191 seconds
>>>>>>>testing : ETTh2_336_192_DLinear_ETTh2_ftM_sl336_ll48_pl192_dm512_nh8_el2_dl1_df2048_fc1_ebtimeF_dtTrue_Exp_0_seed10458<<<<<<<<<<<<<<<<<<<<<<<<<<<<<<<<<
test 2689
mse:0.4823537766933441, mae:0.46492934226989746
