Args in experiment:
Namespace(activation='gelu', batch_size=32, c_out=7, checkpoints='./checkpoints/', d_ff=2048, d_layers=1, d_model=512, data='ETTh1', data_path='ETTh1.csv', dec_in=7, des='Exp', devices='0,1,2,3', distil=True, do_predict=False, dropout=0.05, e_layers=2, embed='timeF', embed_type=0, enc_in=7, factor=1, features='M', freq='h', gpu=0, individual=True, is_training=1, itr=1, label_len=48, learning_rate=0.005, loss='mse', lradj='type1', model='DLinear', model_id='ETTh1_336_720', moving_avg=25, n_heads=8, num_workers=0, output_attention=False, patience=5, pred_len=720, root_path='./dataset/', save_pred_values=False, seed=3144, seq_len=336, target='OT', test_flop=False, train_epochs=20, train_only=False, use_amp=False, use_gpu=False, use_multi_gpu=False)
Use CPU
>>>>>>>start training : ETTh1_336_720_DLinear_ETTh1_ftM_sl336_ll48_pl720_dm512_nh8_el2_dl1_df2048_fc1_ebtimeF_dtTrue_Exp_0_seed3144>>>>>>>>>>>>>>>>>>>>>>>>>>
train 7585
val 2161
test 2161
	iters: 100, epoch: 1 | loss: 0.5621954
	speed: 0.0368s/iter; left time: 170.7083s
	iters: 200, epoch: 1 | loss: 0.6147593
	speed: 0.0381s/iter; left time: 172.9506s
Epoch: 1 cost time: 8.675478458404541
Epoch: 1, Steps: 237 | Train Loss: 0.6306676 Vali Loss: 1.5413404 Test Loss: 0.5922355
Validation loss decreased (inf --> 1.541340).  Saving model ...
Updating learning rate to 0.005
	iters: 100, epoch: 2 | loss: 0.7501916
	speed: 0.0607s/iter; left time: 267.4980s
	iters: 200, epoch: 2 | loss: 0.6148151
	speed: 0.0361s/iter; left time: 155.2956s
Epoch: 2 cost time: 8.571187496185303
Epoch: 2, Steps: 237 | Train Loss: 0.6140552 Vali Loss: 1.4969497 Test Loss: 0.5946869
Validation loss decreased (1.541340 --> 1.496950).  Saving model ...
Updating learning rate to 0.0025
	iters: 100, epoch: 3 | loss: 0.5470977
	speed: 0.0625s/iter; left time: 260.2481s
	iters: 200, epoch: 3 | loss: 0.5690167
	speed: 0.0355s/iter; left time: 144.3004s
Epoch: 3 cost time: 8.412915468215942
Epoch: 3, Steps: 237 | Train Loss: 0.5362250 Vali Loss: 1.3130815 Test Loss: 0.5596657
Validation loss decreased (1.496950 --> 1.313082).  Saving model ...
Updating learning rate to 0.00125
	iters: 100, epoch: 4 | loss: 0.5184778
	speed: 0.0602s/iter; left time: 236.7648s
	iters: 200, epoch: 4 | loss: 0.4967177
	speed: 0.0367s/iter; left time: 140.6331s
Epoch: 4 cost time: 8.367725133895874
Epoch: 4, Steps: 237 | Train Loss: 0.5080723 Vali Loss: 1.2701319 Test Loss: 0.5156836
Validation loss decreased (1.313082 --> 1.270132).  Saving model ...
Updating learning rate to 0.000625
	iters: 100, epoch: 5 | loss: 0.5049434
	speed: 0.0620s/iter; left time: 228.9285s
	iters: 200, epoch: 5 | loss: 0.5102217
	speed: 0.0362s/iter; left time: 130.1311s
Epoch: 5 cost time: 8.33950662612915
Epoch: 5, Steps: 237 | Train Loss: 0.4926689 Vali Loss: 1.2550403 Test Loss: 0.5073050
Validation loss decreased (1.270132 --> 1.255040).  Saving model ...
Updating learning rate to 0.0003125
	iters: 100, epoch: 6 | loss: 0.4552857
	speed: 0.0601s/iter; left time: 207.8747s
	iters: 200, epoch: 6 | loss: 0.4850034
	speed: 0.0368s/iter; left time: 123.6307s
Epoch: 6 cost time: 8.33342695236206
Epoch: 6, Steps: 237 | Train Loss: 0.4846159 Vali Loss: 1.2626737 Test Loss: 0.4836597
EarlyStopping counter: 1 out of 5
Updating learning rate to 0.00015625
	iters: 100, epoch: 7 | loss: 0.4634906
	speed: 0.0649s/iter; left time: 208.9566s
	iters: 200, epoch: 7 | loss: 0.4435720
	speed: 0.0378s/iter; left time: 117.9695s
Epoch: 7 cost time: 8.800503015518188
Epoch: 7, Steps: 237 | Train Loss: 0.4806058 Vali Loss: 1.2449023 Test Loss: 0.4934486
Validation loss decreased (1.255040 --> 1.244902).  Saving model ...
Updating learning rate to 7.8125e-05
	iters: 100, epoch: 8 | loss: 0.4792329
	speed: 0.0635s/iter; left time: 189.2419s
	iters: 200, epoch: 8 | loss: 0.5202699
	speed: 0.0371s/iter; left time: 106.9464s
Epoch: 8 cost time: 8.535778045654297
Epoch: 8, Steps: 237 | Train Loss: 0.4783250 Vali Loss: 1.2451595 Test Loss: 0.4865206
EarlyStopping counter: 1 out of 5
Updating learning rate to 3.90625e-05
	iters: 100, epoch: 9 | loss: 0.5079753
	speed: 0.0606s/iter; left time: 166.4163s
	iters: 200, epoch: 9 | loss: 0.5074236
	speed: 0.0354s/iter; left time: 93.6420s
Epoch: 9 cost time: 8.275224924087524
Epoch: 9, Steps: 237 | Train Loss: 0.4770230 Vali Loss: 1.2411553 Test Loss: 0.4879095
Validation loss decreased (1.244902 --> 1.241155).  Saving model ...
Updating learning rate to 1.953125e-05
	iters: 100, epoch: 10 | loss: 0.4565485
	speed: 0.0642s/iter; left time: 160.9886s
	iters: 200, epoch: 10 | loss: 0.4930384
	speed: 0.0353s/iter; left time: 85.0804s
Epoch: 10 cost time: 8.534917831420898
Epoch: 10, Steps: 237 | Train Loss: 0.4763222 Vali Loss: 1.2424591 Test Loss: 0.4880028
EarlyStopping counter: 1 out of 5
Updating learning rate to 9.765625e-06
	iters: 100, epoch: 11 | loss: 0.5000554
	speed: 0.0618s/iter; left time: 140.4084s
	iters: 200, epoch: 11 | loss: 0.4620087
	speed: 0.0345s/iter; left time: 74.8745s
Epoch: 11 cost time: 8.071046590805054
Epoch: 11, Steps: 237 | Train Loss: 0.4759386 Vali Loss: 1.2420342 Test Loss: 0.4859951
EarlyStopping counter: 2 out of 5
Updating learning rate to 4.8828125e-06
	iters: 100, epoch: 12 | loss: 0.4200191
	speed: 0.0607s/iter; left time: 123.3909s
	iters: 200, epoch: 12 | loss: 0.5301409
	speed: 0.0369s/iter; left time: 71.4386s
Epoch: 12 cost time: 8.555723190307617
Epoch: 12, Steps: 237 | Train Loss: 0.4757357 Vali Loss: 1.2412099 Test Loss: 0.4864900
EarlyStopping counter: 3 out of 5
Updating learning rate to 2.44140625e-06
	iters: 100, epoch: 13 | loss: 0.4512778
	speed: 0.0626s/iter; left time: 112.4530s
	iters: 200, epoch: 13 | loss: 0.4898999
	speed: 0.0325s/iter; left time: 55.1217s
Epoch: 13 cost time: 7.775538921356201
Epoch: 13, Steps: 237 | Train Loss: 0.4756471 Vali Loss: 1.2427676 Test Loss: 0.4868164
EarlyStopping counter: 4 out of 5
Updating learning rate to 1.220703125e-06
	iters: 100, epoch: 14 | loss: 0.4289826
	speed: 0.0601s/iter; left time: 93.7744s
	iters: 200, epoch: 14 | loss: 0.4821336
	speed: 0.0315s/iter; left time: 46.0398s
Epoch: 14 cost time: 7.431493282318115
Epoch: 14, Steps: 237 | Train Loss: 0.4755633 Vali Loss: 1.2427713 Test Loss: 0.4867709
EarlyStopping counter: 5 out of 5
Early stopping
>>>>>>>testing : ETTh1_336_720_DLinear_ETTh1_ftM_sl336_ll48_pl720_dm512_nh8_el2_dl1_df2048_fc1_ebtimeF_dtTrue_Exp_0_seed3144<<<<<<<<<<<<<<<<<<<<<<<<<<<<<<<<<
test 2161
mse:0.486963152885437, mae:0.48624175786972046
