Args in experiment:
Namespace(activation='gelu', batch_size=32, c_out=7, checkpoints='./checkpoints/', d_ff=2048, d_layers=1, d_model=512, data='ETTh1', data_path='ETTh1.csv', dec_in=7, des='Exp', devices='0,1,2,3', distil=True, do_predict=False, dropout=0.05, e_layers=2, embed='timeF', embed_type=0, enc_in=7, factor=1, features='M', freq='h', gpu=0, individual=True, is_training=1, itr=1, label_len=48, learning_rate=0.005, loss='mse', lradj='type1', model='DLinear', model_id='ETTh1_336_720', moving_avg=25, n_heads=8, num_workers=0, output_attention=False, patience=5, pred_len=720, root_path='./dataset/', save_pred_values=False, seed=15227, seq_len=336, target='OT', test_flop=False, train_epochs=20, train_only=False, use_amp=False, use_gpu=False, use_multi_gpu=False)
Use CPU
>>>>>>>start training : ETTh1_336_720_DLinear_ETTh1_ftM_sl336_ll48_pl720_dm512_nh8_el2_dl1_df2048_fc1_ebtimeF_dtTrue_Exp_0_seed15227>>>>>>>>>>>>>>>>>>>>>>>>>>
train 7585
val 2161
test 2161
	iters: 100, epoch: 1 | loss: 0.6285794
	speed: 0.0358s/iter; left time: 166.0665s
	iters: 200, epoch: 1 | loss: 0.6407337
	speed: 0.0367s/iter; left time: 166.5040s
Epoch: 1 cost time: 8.552479267120361
Epoch: 1, Steps: 237 | Train Loss: 0.6335665 Vali Loss: 1.4175638 Test Loss: 0.6431042
Validation loss decreased (inf --> 1.417564).  Saving model ...
Updating learning rate to 0.005
	iters: 100, epoch: 2 | loss: 0.4994704
	speed: 0.0584s/iter; left time: 257.1924s
	iters: 200, epoch: 2 | loss: 0.5846509
	speed: 0.0357s/iter; left time: 153.4770s
Epoch: 2 cost time: 8.263089895248413
Epoch: 2, Steps: 237 | Train Loss: 0.6100659 Vali Loss: 1.4736769 Test Loss: 0.5800340
EarlyStopping counter: 1 out of 5
Updating learning rate to 0.0025
	iters: 100, epoch: 3 | loss: 0.5731384
	speed: 0.0594s/iter; left time: 247.4936s
	iters: 200, epoch: 3 | loss: 0.5399017
	speed: 0.0403s/iter; left time: 164.0782s
Epoch: 3 cost time: 8.792042970657349
Epoch: 3, Steps: 237 | Train Loss: 0.5382264 Vali Loss: 1.4102328 Test Loss: 0.5354465
Validation loss decreased (1.417564 --> 1.410233).  Saving model ...
Updating learning rate to 0.00125
	iters: 100, epoch: 4 | loss: 0.5009219
	speed: 0.0644s/iter; left time: 253.1594s
	iters: 200, epoch: 4 | loss: 0.5121161
	speed: 0.0358s/iter; left time: 137.0655s
Epoch: 4 cost time: 8.410729169845581
Epoch: 4, Steps: 237 | Train Loss: 0.5080965 Vali Loss: 1.2695346 Test Loss: 0.5140584
Validation loss decreased (1.410233 --> 1.269535).  Saving model ...
Updating learning rate to 0.000625
	iters: 100, epoch: 5 | loss: 0.5174950
	speed: 0.0619s/iter; left time: 228.5969s
	iters: 200, epoch: 5 | loss: 0.4863386
	speed: 0.0370s/iter; left time: 132.9466s
Epoch: 5 cost time: 8.48076581954956
Epoch: 5, Steps: 237 | Train Loss: 0.4924278 Vali Loss: 1.2672733 Test Loss: 0.4907503
Validation loss decreased (1.269535 --> 1.267273).  Saving model ...
Updating learning rate to 0.0003125
	iters: 100, epoch: 6 | loss: 0.4525777
	speed: 0.0613s/iter; left time: 211.7329s
	iters: 200, epoch: 6 | loss: 0.4688451
	speed: 0.0356s/iter; left time: 119.4388s
Epoch: 6 cost time: 8.362433671951294
Epoch: 6, Steps: 237 | Train Loss: 0.4845054 Vali Loss: 1.2585758 Test Loss: 0.4976286
Validation loss decreased (1.267273 --> 1.258576).  Saving model ...
Updating learning rate to 0.00015625
	iters: 100, epoch: 7 | loss: 0.4773815
	speed: 0.0626s/iter; left time: 201.3561s
	iters: 200, epoch: 7 | loss: 0.4555870
	speed: 0.0367s/iter; left time: 114.4145s
Epoch: 7 cost time: 8.619676351547241
Epoch: 7, Steps: 237 | Train Loss: 0.4807090 Vali Loss: 1.2442417 Test Loss: 0.4875803
Validation loss decreased (1.258576 --> 1.244242).  Saving model ...
Updating learning rate to 7.8125e-05
	iters: 100, epoch: 8 | loss: 0.4695032
	speed: 0.0635s/iter; left time: 189.3301s
	iters: 200, epoch: 8 | loss: 0.4934122
	speed: 0.0381s/iter; left time: 109.8579s
Epoch: 8 cost time: 8.657071828842163
Epoch: 8, Steps: 237 | Train Loss: 0.4783784 Vali Loss: 1.2468954 Test Loss: 0.4864667
EarlyStopping counter: 1 out of 5
Updating learning rate to 3.90625e-05
	iters: 100, epoch: 9 | loss: 0.5030106
	speed: 0.0653s/iter; left time: 179.1650s
	iters: 200, epoch: 9 | loss: 0.4706963
	speed: 0.0391s/iter; left time: 103.4170s
Epoch: 9 cost time: 8.910444736480713
Epoch: 9, Steps: 237 | Train Loss: 0.4769992 Vali Loss: 1.2416914 Test Loss: 0.4899155
Validation loss decreased (1.244242 --> 1.241691).  Saving model ...
Updating learning rate to 1.953125e-05
	iters: 100, epoch: 10 | loss: 0.4591378
	speed: 0.0626s/iter; left time: 156.9443s
	iters: 200, epoch: 10 | loss: 0.4726960
	speed: 0.0364s/iter; left time: 87.5664s
Epoch: 10 cost time: 8.410296201705933
Epoch: 10, Steps: 237 | Train Loss: 0.4762523 Vali Loss: 1.2431755 Test Loss: 0.4876005
EarlyStopping counter: 1 out of 5
Updating learning rate to 9.765625e-06
	iters: 100, epoch: 11 | loss: 0.4563646
	speed: 0.0604s/iter; left time: 137.2520s
	iters: 200, epoch: 11 | loss: 0.4979672
	speed: 0.0372s/iter; left time: 80.8275s
Epoch: 11 cost time: 8.567047834396362
Epoch: 11, Steps: 237 | Train Loss: 0.4759434 Vali Loss: 1.2427536 Test Loss: 0.4874387
EarlyStopping counter: 2 out of 5
Updating learning rate to 4.8828125e-06
	iters: 100, epoch: 12 | loss: 0.4477157
	speed: 0.0626s/iter; left time: 127.3046s
	iters: 200, epoch: 12 | loss: 0.4675338
	speed: 0.0363s/iter; left time: 70.1764s
Epoch: 12 cost time: 8.48547625541687
Epoch: 12, Steps: 237 | Train Loss: 0.4757393 Vali Loss: 1.2422478 Test Loss: 0.4868524
EarlyStopping counter: 3 out of 5
Updating learning rate to 2.44140625e-06
	iters: 100, epoch: 13 | loss: 0.4588140
	speed: 0.0610s/iter; left time: 109.5630s
	iters: 200, epoch: 13 | loss: 0.3910669
	speed: 0.0346s/iter; left time: 58.6692s
Epoch: 13 cost time: 8.036324739456177
Epoch: 13, Steps: 237 | Train Loss: 0.4756210 Vali Loss: 1.2436949 Test Loss: 0.4869758
EarlyStopping counter: 4 out of 5
Updating learning rate to 1.220703125e-06
	iters: 100, epoch: 14 | loss: 0.4851056
	speed: 0.0581s/iter; left time: 90.5674s
	iters: 200, epoch: 14 | loss: 0.4282952
	speed: 0.0306s/iter; left time: 44.6674s
Epoch: 14 cost time: 7.300447225570679
Epoch: 14, Steps: 237 | Train Loss: 0.4755606 Vali Loss: 1.2432439 Test Loss: 0.4868729
EarlyStopping counter: 5 out of 5
Early stopping
>>>>>>>testing : ETTh1_336_720_DLinear_ETTh1_ftM_sl336_ll48_pl720_dm512_nh8_el2_dl1_df2048_fc1_ebtimeF_dtTrue_Exp_0_seed15227<<<<<<<<<<<<<<<<<<<<<<<<<<<<<<<<<
test 2161
mse:0.48899492621421814, mae:0.4881250262260437
