Args in experiment:
Namespace(activation='gelu', batch_size=32, c_out=7, checkpoints='./checkpoints/', d_ff=2048, d_layers=1, d_model=512, data='custom', data_path='exchange_rate.csv', dec_in=7, des='Exp', devices='0,1,2,3', distil=True, do_predict=False, dropout=0.05, e_layers=2, embed='timeF', embed_type=0, enc_in=8, factor=1, features='M', freq='h', gpu=0, individual=True, is_training=1, itr=1, label_len=48, learning_rate=0.0005, loss='mse', lradj='type1', model='DLinear', model_id='Exchange_336_336', moving_avg=25, n_heads=8, num_workers=0, output_attention=False, patience=5, pred_len=336, root_path='./dataset/', save_pred_values=False, seed=15349, seq_len=336, target='OT', test_flop=False, train_epochs=20, train_only=False, use_amp=False, use_gpu=False, use_multi_gpu=False)
Use CPU
>>>>>>>start training : Exchange_336_336_DLinear_custom_ftM_sl336_ll48_pl336_dm512_nh8_el2_dl1_df2048_fc1_ebtimeF_dtTrue_Exp_0_seed15349>>>>>>>>>>>>>>>>>>>>>>>>>>
train 4640
val 425
test 1182
	iters: 100, epoch: 1 | loss: 0.3824556
	speed: 0.0203s/iter; left time: 56.9065s
Epoch: 1 cost time: 2.816065549850464
Epoch: 1, Steps: 145 | Train Loss: 0.4310077 Vali Loss: 1.6639657 Test Loss: 0.5424014
Validation loss decreased (inf --> 1.663966).  Saving model ...
Updating learning rate to 0.0005
	iters: 100, epoch: 2 | loss: 0.4282984
	speed: 0.0307s/iter; left time: 81.4195s
Epoch: 2 cost time: 2.779555320739746
Epoch: 2, Steps: 145 | Train Loss: 0.3621325 Vali Loss: 1.1893783 Test Loss: 0.4286928
Validation loss decreased (1.663966 --> 1.189378).  Saving model ...
Updating learning rate to 0.00025
	iters: 100, epoch: 3 | loss: 0.3545568
	speed: 0.0302s/iter; left time: 75.8321s
Epoch: 3 cost time: 2.6856772899627686
Epoch: 3, Steps: 145 | Train Loss: 0.3499436 Vali Loss: 1.3464411 Test Loss: 0.4516108
EarlyStopping counter: 1 out of 5
Updating learning rate to 0.000125
	iters: 100, epoch: 4 | loss: 0.3673289
	speed: 0.0268s/iter; left time: 63.3015s
Epoch: 4 cost time: 2.386523962020874
Epoch: 4, Steps: 145 | Train Loss: 0.3455839 Vali Loss: 1.2271848 Test Loss: 0.3712454
EarlyStopping counter: 2 out of 5
Updating learning rate to 6.25e-05
	iters: 100, epoch: 5 | loss: 0.2821218
	speed: 0.0305s/iter; left time: 67.7340s
Epoch: 5 cost time: 2.704148054122925
Epoch: 5, Steps: 145 | Train Loss: 0.3431766 Vali Loss: 1.2750589 Test Loss: 0.3742617
EarlyStopping counter: 3 out of 5
Updating learning rate to 3.125e-05
	iters: 100, epoch: 6 | loss: 0.3355903
	speed: 0.0304s/iter; left time: 63.2137s
Epoch: 6 cost time: 2.7272450923919678
Epoch: 6, Steps: 145 | Train Loss: 0.3423541 Vali Loss: 1.2146108 Test Loss: 0.3615303
EarlyStopping counter: 4 out of 5
Updating learning rate to 1.5625e-05
	iters: 100, epoch: 7 | loss: 0.2923321
	speed: 0.0313s/iter; left time: 60.5111s
Epoch: 7 cost time: 2.8139569759368896
Epoch: 7, Steps: 145 | Train Loss: 0.3416738 Vali Loss: 1.1698136 Test Loss: 0.3509160
Validation loss decreased (1.189378 --> 1.169814).  Saving model ...
Updating learning rate to 7.8125e-06
	iters: 100, epoch: 8 | loss: 0.3634143
	speed: 0.0310s/iter; left time: 55.4328s
Epoch: 8 cost time: 2.8196611404418945
Epoch: 8, Steps: 145 | Train Loss: 0.3414083 Vali Loss: 1.2073177 Test Loss: 0.3601785
EarlyStopping counter: 1 out of 5
Updating learning rate to 3.90625e-06
	iters: 100, epoch: 9 | loss: 0.3224971
	speed: 0.0300s/iter; left time: 49.2289s
Epoch: 9 cost time: 2.558711051940918
Epoch: 9, Steps: 145 | Train Loss: 0.3412194 Vali Loss: 1.2085029 Test Loss: 0.3626760
EarlyStopping counter: 2 out of 5
Updating learning rate to 1.953125e-06
	iters: 100, epoch: 10 | loss: 0.3282940
	speed: 0.0273s/iter; left time: 40.8140s
Epoch: 10 cost time: 2.4293458461761475
Epoch: 10, Steps: 145 | Train Loss: 0.3411288 Vali Loss: 1.2116030 Test Loss: 0.3610642
EarlyStopping counter: 3 out of 5
Updating learning rate to 9.765625e-07
	iters: 100, epoch: 11 | loss: 0.3000062
	speed: 0.0287s/iter; left time: 38.8122s
Epoch: 11 cost time: 2.5616092681884766
Epoch: 11, Steps: 145 | Train Loss: 0.3410703 Vali Loss: 1.2065581 Test Loss: 0.3603241
EarlyStopping counter: 4 out of 5
Updating learning rate to 4.8828125e-07
	iters: 100, epoch: 12 | loss: 0.3235142
	speed: 0.0253s/iter; left time: 30.5074s
Epoch: 12 cost time: 1.8902459144592285
Epoch: 12, Steps: 145 | Train Loss: 0.3410471 Vali Loss: 1.2048393 Test Loss: 0.3601073
EarlyStopping counter: 5 out of 5
Early stopping
>>>>>>>testing : Exchange_336_336_DLinear_custom_ftM_sl336_ll48_pl336_dm512_nh8_el2_dl1_df2048_fc1_ebtimeF_dtTrue_Exp_0_seed15349<<<<<<<<<<<<<<<<<<<<<<<<<<<<<<<<<
test 1182
mse:0.35072022676467896, mae:0.4521384835243225
