Args in experiment:
Namespace(activation='gelu', batch_size=32, c_out=7, checkpoints='./checkpoints/', d_ff=2048, d_layers=1, d_model=512, data='ETTh1', data_path='ETTh1.csv', dec_in=7, des='Exp', devices='0,1,2,3', distil=True, do_predict=False, dropout=0.05, e_layers=2, embed='timeF', embed_type=0, enc_in=7, factor=1, features='M', freq='h', gpu=0, individual=True, is_training=1, itr=1, label_len=48, learning_rate=0.005, loss='mse', lradj='type1', model='DLinear', model_id='ETTh1_336_192', moving_avg=25, n_heads=8, num_workers=0, output_attention=False, patience=5, pred_len=192, root_path='./dataset/', save_pred_values=False, seed=3293, seq_len=336, target='OT', test_flop=False, train_epochs=20, train_only=False, use_amp=False, use_gpu=False, use_multi_gpu=False)
Use CPU
>>>>>>>start training : ETTh1_336_192_DLinear_ETTh1_ftM_sl336_ll48_pl192_dm512_nh8_el2_dl1_df2048_fc1_ebtimeF_dtTrue_Exp_0_seed3293>>>>>>>>>>>>>>>>>>>>>>>>>>
train 8113
val 2689
test 2689
	iters: 100, epoch: 1 | loss: 0.3794187
	speed: 0.0105s/iter; left time: 52.0605s
	iters: 200, epoch: 1 | loss: 0.6109585
	speed: 0.0105s/iter; left time: 51.1974s
Epoch: 1 cost time: 2.658459186553955
Epoch: 1, Steps: 253 | Train Loss: 0.5030571 Vali Loss: 1.1593813 Test Loss: 0.5509903
Validation loss decreased (inf --> 1.159381).  Saving model ...
Updating learning rate to 0.005
	iters: 100, epoch: 2 | loss: 0.4913915
	speed: 0.0228s/iter; left time: 107.2175s
	iters: 200, epoch: 2 | loss: 0.5360135
	speed: 0.0110s/iter; left time: 50.6006s
Epoch: 2 cost time: 2.7467141151428223
Epoch: 2, Steps: 253 | Train Loss: 0.4787170 Vali Loss: 1.1510679 Test Loss: 0.5469089
Validation loss decreased (1.159381 --> 1.151068).  Saving model ...
Updating learning rate to 0.0025
	iters: 100, epoch: 3 | loss: 0.4023678
	speed: 0.0241s/iter; left time: 107.3880s
	iters: 200, epoch: 3 | loss: 0.4177113
	speed: 0.0113s/iter; left time: 49.2650s
Epoch: 3 cost time: 2.7203643321990967
Epoch: 3, Steps: 253 | Train Loss: 0.4158271 Vali Loss: 1.0364698 Test Loss: 0.4599810
Validation loss decreased (1.151068 --> 1.036470).  Saving model ...
Updating learning rate to 0.00125
	iters: 100, epoch: 4 | loss: 0.3612862
	speed: 0.0210s/iter; left time: 88.2746s
	iters: 200, epoch: 4 | loss: 0.3513413
	speed: 0.0107s/iter; left time: 43.7824s
Epoch: 4 cost time: 2.75193452835083
Epoch: 4, Steps: 253 | Train Loss: 0.3865127 Vali Loss: 0.9656480 Test Loss: 0.4382166
Validation loss decreased (1.036470 --> 0.965648).  Saving model ...
Updating learning rate to 0.000625
	iters: 100, epoch: 5 | loss: 0.4776476
	speed: 0.0237s/iter; left time: 93.6389s
	iters: 200, epoch: 5 | loss: 0.3674125
	speed: 0.0108s/iter; left time: 41.6545s
Epoch: 5 cost time: 2.6629717350006104
Epoch: 5, Steps: 253 | Train Loss: 0.3732772 Vali Loss: 0.9658021 Test Loss: 0.4261827
EarlyStopping counter: 1 out of 5
Updating learning rate to 0.0003125
	iters: 100, epoch: 6 | loss: 0.3056028
	speed: 0.0224s/iter; left time: 82.7541s
	iters: 200, epoch: 6 | loss: 0.3884125
	speed: 0.0105s/iter; left time: 37.6233s
Epoch: 6 cost time: 2.7094767093658447
Epoch: 6, Steps: 253 | Train Loss: 0.3664694 Vali Loss: 0.9283453 Test Loss: 0.4203306
Validation loss decreased (0.965648 --> 0.928345).  Saving model ...
Updating learning rate to 0.00015625
	iters: 100, epoch: 7 | loss: 0.3155335
	speed: 0.0224s/iter; left time: 76.9834s
	iters: 200, epoch: 7 | loss: 0.3930595
	speed: 0.0109s/iter; left time: 36.4092s
Epoch: 7 cost time: 2.6268632411956787
Epoch: 7, Steps: 253 | Train Loss: 0.3626271 Vali Loss: 0.9371629 Test Loss: 0.4199314
EarlyStopping counter: 1 out of 5
Updating learning rate to 7.8125e-05
	iters: 100, epoch: 8 | loss: 0.3843411
	speed: 0.0242s/iter; left time: 77.0517s
	iters: 200, epoch: 8 | loss: 0.3675478
	speed: 0.0104s/iter; left time: 32.0459s
Epoch: 8 cost time: 2.6306254863739014
Epoch: 8, Steps: 253 | Train Loss: 0.3605509 Vali Loss: 0.9357374 Test Loss: 0.4143903
EarlyStopping counter: 2 out of 5
Updating learning rate to 3.90625e-05
	iters: 100, epoch: 9 | loss: 0.3007492
	speed: 0.0223s/iter; left time: 65.3834s
	iters: 200, epoch: 9 | loss: 0.3142806
	speed: 0.0116s/iter; left time: 32.7693s
Epoch: 9 cost time: 2.810182571411133
Epoch: 9, Steps: 253 | Train Loss: 0.3597814 Vali Loss: 0.9304622 Test Loss: 0.4159653
EarlyStopping counter: 3 out of 5
Updating learning rate to 1.953125e-05
	iters: 100, epoch: 10 | loss: 0.3362232
	speed: 0.0260s/iter; left time: 69.7223s
	iters: 200, epoch: 10 | loss: 0.3396944
	speed: 0.0107s/iter; left time: 27.7589s
Epoch: 10 cost time: 2.784193277359009
Epoch: 10, Steps: 253 | Train Loss: 0.3589732 Vali Loss: 0.9321858 Test Loss: 0.4142871
EarlyStopping counter: 4 out of 5
Updating learning rate to 9.765625e-06
	iters: 100, epoch: 11 | loss: 0.3778023
	speed: 0.0237s/iter; left time: 57.6036s
	iters: 200, epoch: 11 | loss: 0.2956851
	speed: 0.0098s/iter; left time: 22.7328s
Epoch: 11 cost time: 2.6246790885925293
Epoch: 11, Steps: 253 | Train Loss: 0.3586017 Vali Loss: 0.9319664 Test Loss: 0.4143008
EarlyStopping counter: 5 out of 5
Early stopping
>>>>>>>testing : ETTh1_336_192_DLinear_ETTh1_ftM_sl336_ll48_pl192_dm512_nh8_el2_dl1_df2048_fc1_ebtimeF_dtTrue_Exp_0_seed3293<<<<<<<<<<<<<<<<<<<<<<<<<<<<<<<<<
test 2689
mse:0.4196874797344208, mae:0.4269733726978302
