Args in experiment:
Namespace(activation='gelu', batch_size=32, c_out=7, checkpoints='./checkpoints/', d_ff=2048, d_layers=1, d_model=512, data='custom', data_path='national_illness.csv', dec_in=7, des='Exp', devices='0,1,2,3', distil=True, do_predict=False, dropout=0.05, e_layers=2, embed='timeF', embed_type=0, enc_in=7, factor=1, features='M', freq='h', gpu=0, individual=True, is_training=1, itr=1, label_len=18, learning_rate=0.05, loss='mse', lradj='type1', model='Linear', model_id='national_illness_104_36', moving_avg=25, n_heads=8, num_workers=0, output_attention=False, patience=5, pred_len=36, root_path='./dataset/', save_pred_values=False, seed=32598, seq_len=104, target='OT', test_flop=False, train_epochs=20, train_only=False, use_amp=False, use_gpu=False, use_multi_gpu=False)
Use CPU
>>>>>>>start training : national_illness_104_36_Linear_custom_ftM_sl104_ll18_pl36_dm512_nh8_el2_dl1_df2048_fc1_ebtimeF_dtTrue_Exp_0_seed32598>>>>>>>>>>>>>>>>>>>>>>>>>>
train 537
val 62
test 158
Epoch: 1 cost time: 0.0650033950805664
Epoch: 1, Steps: 16 | Train Loss: 1.7841347 Vali Loss: 1.1316360 Test Loss: 6.2117219
Validation loss decreased (inf --> 1.131636).  Saving model ...
Updating learning rate to 0.05
Epoch: 2 cost time: 0.02999734878540039
Epoch: 2, Steps: 16 | Train Loss: 0.8584249 Vali Loss: 0.4509101 Test Loss: 3.0870590
Validation loss decreased (1.131636 --> 0.450910).  Saving model ...
Updating learning rate to 0.025
Epoch: 3 cost time: 0.032000064849853516
Epoch: 3, Steps: 16 | Train Loss: 0.5705570 Vali Loss: 0.3815925 Test Loss: 2.7971845
Validation loss decreased (0.450910 --> 0.381592).  Saving model ...
Updating learning rate to 0.0125
Epoch: 4 cost time: 0.033188819885253906
Epoch: 4, Steps: 16 | Train Loss: 0.4658792 Vali Loss: 0.2501663 Test Loss: 2.5382164
Validation loss decreased (0.381592 --> 0.250166).  Saving model ...
Updating learning rate to 0.00625
Epoch: 5 cost time: 0.03299999237060547
Epoch: 5, Steps: 16 | Train Loss: 0.4331017 Vali Loss: 0.3052587 Test Loss: 2.2369301
EarlyStopping counter: 1 out of 5
Updating learning rate to 0.003125
Epoch: 6 cost time: 0.03299999237060547
Epoch: 6, Steps: 16 | Train Loss: 0.4148774 Vali Loss: 0.2356300 Test Loss: 2.2620006
Validation loss decreased (0.250166 --> 0.235630).  Saving model ...
Updating learning rate to 0.0015625
Epoch: 7 cost time: 0.03200364112854004
Epoch: 7, Steps: 16 | Train Loss: 0.4192819 Vali Loss: 0.2549362 Test Loss: 2.2390542
EarlyStopping counter: 1 out of 5
Updating learning rate to 0.00078125
Epoch: 8 cost time: 0.031000614166259766
Epoch: 8, Steps: 16 | Train Loss: 0.4179188 Vali Loss: 0.2709489 Test Loss: 2.2306674
EarlyStopping counter: 2 out of 5
Updating learning rate to 0.000390625
Epoch: 9 cost time: 0.030997753143310547
Epoch: 9, Steps: 16 | Train Loss: 0.4238178 Vali Loss: 0.2986435 Test Loss: 2.2424765
EarlyStopping counter: 3 out of 5
Updating learning rate to 0.0001953125
Epoch: 10 cost time: 0.03299999237060547
Epoch: 10, Steps: 16 | Train Loss: 0.4139832 Vali Loss: 0.2677110 Test Loss: 2.2428975
EarlyStopping counter: 4 out of 5
Updating learning rate to 9.765625e-05
Epoch: 11 cost time: 0.031000137329101562
Epoch: 11, Steps: 16 | Train Loss: 0.4146075 Vali Loss: 0.2608989 Test Loss: 2.2387810
EarlyStopping counter: 5 out of 5
Early stopping
>>>>>>>testing : national_illness_104_36_Linear_custom_ftM_sl104_ll18_pl36_dm512_nh8_el2_dl1_df2048_fc1_ebtimeF_dtTrue_Exp_0_seed32598<<<<<<<<<<<<<<<<<<<<<<<<<<<<<<<<<
test 158
mse:2.2570366859436035, mae:1.0402194261550903
