Args in experiment:
Namespace(activation='gelu', batch_size=8, c_out=7, checkpoints='./checkpoints/', d_ff=2048, d_layers=1, d_model=512, data='ETTm1', data_path='ETTm1.csv', dec_in=7, des='Exp', devices='0,1,2,3', distil=True, do_predict=False, dropout=0.05, e_layers=2, embed='timeF', embed_type=0, enc_in=7, factor=1, features='M', freq='h', gpu=0, individual=True, is_training=1, itr=1, label_len=48, learning_rate=0.005, loss='mse', lradj='type1', model='Linear', model_id='ETTm1_336_720', moving_avg=25, n_heads=8, num_workers=0, output_attention=False, patience=5, pred_len=720, root_path='./dataset/', save_pred_values=False, seed=15349, seq_len=336, target='OT', test_flop=False, train_epochs=20, train_only=False, use_amp=False, use_gpu=False, use_multi_gpu=False)
Use CPU
>>>>>>>start training : ETTm1_336_720_Linear_ETTm1_ftM_sl336_ll48_pl720_dm512_nh8_el2_dl1_df2048_fc1_ebtimeF_dtTrue_Exp_0_seed15349>>>>>>>>>>>>>>>>>>>>>>>>>>
train 33505
val 10801
test 10801
	iters: 100, epoch: 1 | loss: 0.6953876
	speed: 0.0136s/iter; left time: 1134.3893s
	iters: 200, epoch: 1 | loss: 0.4824169
	speed: 0.0136s/iter; left time: 1132.9662s
	iters: 300, epoch: 1 | loss: 0.7847803
	speed: 0.0148s/iter; left time: 1231.3187s
	iters: 400, epoch: 1 | loss: 0.5150717
	speed: 0.0117s/iter; left time: 976.1323s
	iters: 500, epoch: 1 | loss: 0.6402289
	speed: 0.0140s/iter; left time: 1169.2711s
	iters: 600, epoch: 1 | loss: 0.8777780
	speed: 0.0133s/iter; left time: 1108.5613s
	iters: 700, epoch: 1 | loss: 0.5269654
	speed: 0.0142s/iter; left time: 1176.6273s
	iters: 800, epoch: 1 | loss: 0.8368396
	speed: 0.0136s/iter; left time: 1125.2992s
	iters: 900, epoch: 1 | loss: 0.7311428
	speed: 0.0136s/iter; left time: 1125.3889s
	iters: 1000, epoch: 1 | loss: 0.6894977
	speed: 0.0120s/iter; left time: 992.8260s
	iters: 1100, epoch: 1 | loss: 0.5888317
	speed: 0.0143s/iter; left time: 1183.9467s
	iters: 1200, epoch: 1 | loss: 0.6578256
	speed: 0.0134s/iter; left time: 1108.0375s
	iters: 1300, epoch: 1 | loss: 0.7575310
	speed: 0.0118s/iter; left time: 976.9772s
	iters: 1400, epoch: 1 | loss: 0.4831017
	speed: 0.0139s/iter; left time: 1148.4122s
	iters: 1500, epoch: 1 | loss: 0.4155930
	speed: 0.0148s/iter; left time: 1213.5368s
	iters: 1600, epoch: 1 | loss: 0.6854720
	speed: 0.0146s/iter; left time: 1200.5732s
	iters: 1700, epoch: 1 | loss: 0.5476006
	speed: 0.0112s/iter; left time: 921.5080s
	iters: 1800, epoch: 1 | loss: 0.5471618
	speed: 0.0139s/iter; left time: 1138.6061s
	iters: 1900, epoch: 1 | loss: 0.6994365
	speed: 0.0133s/iter; left time: 1090.5999s
	iters: 2000, epoch: 1 | loss: 0.6983652
	speed: 0.0141s/iter; left time: 1149.7179s
	iters: 2100, epoch: 1 | loss: 0.5850945
	speed: 0.0146s/iter; left time: 1190.3964s
	iters: 2200, epoch: 1 | loss: 0.6963422
	speed: 0.0148s/iter; left time: 1210.1820s
	iters: 2300, epoch: 1 | loss: 0.4901325
	speed: 0.0143s/iter; left time: 1164.0955s
	iters: 2400, epoch: 1 | loss: 0.5452775
	speed: 0.0143s/iter; left time: 1160.3443s
	iters: 2500, epoch: 1 | loss: 0.6662674
	speed: 0.0137s/iter; left time: 1116.4596s
	iters: 2600, epoch: 1 | loss: 0.5139862
	speed: 0.0130s/iter; left time: 1052.4540s
	iters: 2700, epoch: 1 | loss: 0.5537715
	speed: 0.0129s/iter; left time: 1045.5893s
	iters: 2800, epoch: 1 | loss: 0.9037052
	speed: 0.0143s/iter; left time: 1155.0975s
	iters: 2900, epoch: 1 | loss: 0.4484158
	speed: 0.0138s/iter; left time: 1117.9738s
	iters: 3000, epoch: 1 | loss: 0.6761817
	speed: 0.0121s/iter; left time: 978.5061s
	iters: 3100, epoch: 1 | loss: 0.7854332
	speed: 0.0142s/iter; left time: 1145.1303s
	iters: 3200, epoch: 1 | loss: 0.4918790
	speed: 0.0138s/iter; left time: 1114.3366s
	iters: 3300, epoch: 1 | loss: 0.5699859
	speed: 0.0138s/iter; left time: 1106.4182s
	iters: 3400, epoch: 1 | loss: 0.6671432
	speed: 0.0141s/iter; left time: 1129.5024s
	iters: 3500, epoch: 1 | loss: 0.4764518
	speed: 0.0143s/iter; left time: 1146.2639s
	iters: 3600, epoch: 1 | loss: 0.5483462
	speed: 0.0136s/iter; left time: 1092.8958s
	iters: 3700, epoch: 1 | loss: 0.5122442
	speed: 0.0135s/iter; left time: 1077.3885s
	iters: 3800, epoch: 1 | loss: 0.9232178
	speed: 0.0141s/iter; left time: 1129.3612s
	iters: 3900, epoch: 1 | loss: 0.5032598
	speed: 0.0136s/iter; left time: 1088.8909s
	iters: 4000, epoch: 1 | loss: 0.5265962
	speed: 0.0116s/iter; left time: 925.4445s
	iters: 4100, epoch: 1 | loss: 0.6362435
	speed: 0.0096s/iter; left time: 764.0243s
Epoch: 1 cost time: 56.06626796722412
Epoch: 1, Steps: 4188 | Train Loss: 0.6053312 Vali Loss: 1.6817591 Test Loss: 0.6995279
Validation loss decreased (inf --> 1.681759).  Saving model ...
Updating learning rate to 0.005
	iters: 100, epoch: 2 | loss: 0.7212064
	speed: 0.0697s/iter; left time: 5542.3104s
	iters: 200, epoch: 2 | loss: 0.7714579
	speed: 0.0111s/iter; left time: 884.1084s
	iters: 300, epoch: 2 | loss: 0.6286641
	speed: 0.0142s/iter; left time: 1124.8764s
	iters: 400, epoch: 2 | loss: 0.4917425
	speed: 0.0122s/iter; left time: 962.5799s
	iters: 500, epoch: 2 | loss: 0.5254125
	speed: 0.0130s/iter; left time: 1030.9359s
	iters: 600, epoch: 2 | loss: 0.4153174
	speed: 0.0128s/iter; left time: 1009.0325s
	iters: 700, epoch: 2 | loss: 0.4981442
	speed: 0.0153s/iter; left time: 1208.1187s
	iters: 800, epoch: 2 | loss: 0.5022721
	speed: 0.0139s/iter; left time: 1092.5722s
	iters: 900, epoch: 2 | loss: 0.6556954
	speed: 0.0111s/iter; left time: 875.4029s
	iters: 1000, epoch: 2 | loss: 0.4173992
	speed: 0.0131s/iter; left time: 1030.2386s
	iters: 1100, epoch: 2 | loss: 0.4113958
	speed: 0.0134s/iter; left time: 1049.0966s
	iters: 1200, epoch: 2 | loss: 0.4912595
	speed: 0.0113s/iter; left time: 885.6096s
	iters: 1300, epoch: 2 | loss: 0.5150685
	speed: 0.0127s/iter; left time: 990.3334s
	iters: 1400, epoch: 2 | loss: 0.5054485
	speed: 0.0143s/iter; left time: 1121.1032s
	iters: 1500, epoch: 2 | loss: 0.4422311
	speed: 0.0146s/iter; left time: 1139.5866s
	iters: 1600, epoch: 2 | loss: 0.8026425
	speed: 0.0146s/iter; left time: 1141.1096s
	iters: 1700, epoch: 2 | loss: 0.6230069
	speed: 0.0149s/iter; left time: 1161.8823s
	iters: 1800, epoch: 2 | loss: 0.6334450
	speed: 0.0130s/iter; left time: 1014.4699s
	iters: 1900, epoch: 2 | loss: 0.4396384
	speed: 0.0135s/iter; left time: 1047.0219s
	iters: 2000, epoch: 2 | loss: 0.6294634
	speed: 0.0139s/iter; left time: 1080.3490s
	iters: 2100, epoch: 2 | loss: 0.5242970
	speed: 0.0138s/iter; left time: 1070.1053s
	iters: 2200, epoch: 2 | loss: 0.5696975
	speed: 0.0132s/iter; left time: 1020.3881s
	iters: 2300, epoch: 2 | loss: 0.5297271
	speed: 0.0125s/iter; left time: 969.4452s
	iters: 2400, epoch: 2 | loss: 0.5792402
	speed: 0.0133s/iter; left time: 1025.7992s
	iters: 2500, epoch: 2 | loss: 0.6113384
	speed: 0.0115s/iter; left time: 888.3515s
	iters: 2600, epoch: 2 | loss: 0.5537062
	speed: 0.0133s/iter; left time: 1025.6742s
	iters: 2700, epoch: 2 | loss: 0.5230653
	speed: 0.0142s/iter; left time: 1093.4923s
	iters: 2800, epoch: 2 | loss: 0.5619755
	speed: 0.0144s/iter; left time: 1105.2719s
	iters: 2900, epoch: 2 | loss: 0.4054962
	speed: 0.0149s/iter; left time: 1138.6155s
	iters: 3000, epoch: 2 | loss: 0.5744531
	speed: 0.0146s/iter; left time: 1121.4455s
	iters: 3100, epoch: 2 | loss: 0.5852944
	speed: 0.0137s/iter; left time: 1049.8568s
	iters: 3200, epoch: 2 | loss: 0.5773335
	speed: 0.0124s/iter; left time: 949.7554s
	iters: 3300, epoch: 2 | loss: 0.6042361
	speed: 0.0112s/iter; left time: 852.2726s
	iters: 3400, epoch: 2 | loss: 0.5788565
	speed: 0.0109s/iter; left time: 829.1175s
	iters: 3500, epoch: 2 | loss: 0.7285575
	speed: 0.0141s/iter; left time: 1073.8219s
	iters: 3600, epoch: 2 | loss: 0.6935002
	speed: 0.0145s/iter; left time: 1104.7479s
	iters: 3700, epoch: 2 | loss: 0.4764732
	speed: 0.0133s/iter; left time: 1006.4475s
	iters: 3800, epoch: 2 | loss: 0.5864992
	speed: 0.0102s/iter; left time: 774.0831s
	iters: 3900, epoch: 2 | loss: 0.5610241
	speed: 0.0119s/iter; left time: 899.4840s
	iters: 4000, epoch: 2 | loss: 0.6571031
	speed: 0.0117s/iter; left time: 885.8955s
	iters: 4100, epoch: 2 | loss: 0.4699915
	speed: 0.0094s/iter; left time: 708.1910s
Epoch: 2 cost time: 54.30197858810425
Epoch: 2, Steps: 4188 | Train Loss: 0.6063204 Vali Loss: 1.2533270 Test Loss: 0.6975502
Validation loss decreased (1.681759 --> 1.253327).  Saving model ...
Updating learning rate to 0.0025
	iters: 100, epoch: 3 | loss: 0.4020893
	speed: 0.0657s/iter; left time: 4942.4720s
	iters: 200, epoch: 3 | loss: 0.5612521
	speed: 0.0100s/iter; left time: 752.5064s
	iters: 300, epoch: 3 | loss: 0.4563127
	speed: 0.0108s/iter; left time: 812.7518s
	iters: 400, epoch: 3 | loss: 0.4388838
	speed: 0.0139s/iter; left time: 1039.2295s
	iters: 500, epoch: 3 | loss: 0.4340738
	speed: 0.0143s/iter; left time: 1071.5699s
	iters: 600, epoch: 3 | loss: 0.5736511
	speed: 0.0127s/iter; left time: 950.2222s
	iters: 700, epoch: 3 | loss: 0.5398410
	speed: 0.0105s/iter; left time: 782.3210s
	iters: 800, epoch: 3 | loss: 0.2963965
	speed: 0.0138s/iter; left time: 1029.7984s
	iters: 900, epoch: 3 | loss: 0.6692235
	speed: 0.0149s/iter; left time: 1113.3834s
	iters: 1000, epoch: 3 | loss: 0.6167993
	speed: 0.0140s/iter; left time: 1042.7441s
	iters: 1100, epoch: 3 | loss: 0.3675212
	speed: 0.0126s/iter; left time: 933.5940s
	iters: 1200, epoch: 3 | loss: 0.4404711
	speed: 0.0100s/iter; left time: 739.3365s
	iters: 1300, epoch: 3 | loss: 0.5911682
	speed: 0.0109s/iter; left time: 805.1850s
	iters: 1400, epoch: 3 | loss: 0.5189961
	speed: 0.0113s/iter; left time: 836.6183s
	iters: 1500, epoch: 3 | loss: 0.5889490
	speed: 0.0145s/iter; left time: 1068.5850s
	iters: 1600, epoch: 3 | loss: 0.4585599
	speed: 0.0118s/iter; left time: 872.3978s
	iters: 1700, epoch: 3 | loss: 0.3815347
	speed: 0.0119s/iter; left time: 880.0904s
	iters: 1800, epoch: 3 | loss: 0.4404539
	speed: 0.0153s/iter; left time: 1125.2652s
	iters: 1900, epoch: 3 | loss: 0.4749584
	speed: 0.0147s/iter; left time: 1083.8092s
	iters: 2000, epoch: 3 | loss: 0.3474811
	speed: 0.0147s/iter; left time: 1080.1342s
	iters: 2100, epoch: 3 | loss: 0.3651808
	speed: 0.0132s/iter; left time: 964.4757s
	iters: 2200, epoch: 3 | loss: 0.5555959
	speed: 0.0118s/iter; left time: 860.1966s
	iters: 2300, epoch: 3 | loss: 0.3658692
	speed: 0.0153s/iter; left time: 1116.9846s
	iters: 2400, epoch: 3 | loss: 0.6101267
	speed: 0.0149s/iter; left time: 1086.3550s
	iters: 2500, epoch: 3 | loss: 0.4771838
	speed: 0.0145s/iter; left time: 1055.6563s
	iters: 2600, epoch: 3 | loss: 0.6343333
	speed: 0.0126s/iter; left time: 917.2947s
	iters: 2700, epoch: 3 | loss: 0.4265742
	speed: 0.0137s/iter; left time: 993.2940s
	iters: 2800, epoch: 3 | loss: 0.5101271
	speed: 0.0135s/iter; left time: 983.4167s
	iters: 2900, epoch: 3 | loss: 0.3757342
	speed: 0.0134s/iter; left time: 973.2760s
	iters: 3000, epoch: 3 | loss: 0.4550577
	speed: 0.0144s/iter; left time: 1041.1653s
	iters: 3100, epoch: 3 | loss: 0.4859316
	speed: 0.0132s/iter; left time: 950.9068s
	iters: 3200, epoch: 3 | loss: 0.5310828
	speed: 0.0117s/iter; left time: 844.8196s
	iters: 3300, epoch: 3 | loss: 0.4869667
	speed: 0.0138s/iter; left time: 998.2970s
	iters: 3400, epoch: 3 | loss: 0.4666879
	speed: 0.0138s/iter; left time: 995.0386s
	iters: 3500, epoch: 3 | loss: 0.3829919
	speed: 0.0115s/iter; left time: 826.0006s
	iters: 3600, epoch: 3 | loss: 0.4805136
	speed: 0.0100s/iter; left time: 717.0826s
	iters: 3700, epoch: 3 | loss: 0.5439830
	speed: 0.0145s/iter; left time: 1039.4794s
	iters: 3800, epoch: 3 | loss: 0.3949953
	speed: 0.0151s/iter; left time: 1080.8255s
	iters: 3900, epoch: 3 | loss: 0.4285389
	speed: 0.0134s/iter; left time: 960.7012s
	iters: 4000, epoch: 3 | loss: 0.4278038
	speed: 0.0132s/iter; left time: 941.0351s
	iters: 4100, epoch: 3 | loss: 0.4873546
	speed: 0.0126s/iter; left time: 897.7013s
Epoch: 3 cost time: 54.1505868434906
Epoch: 3, Steps: 4188 | Train Loss: 0.4786225 Vali Loss: 1.1450478 Test Loss: 0.5833642
Validation loss decreased (1.253327 --> 1.145048).  Saving model ...
Updating learning rate to 0.00125
	iters: 100, epoch: 4 | loss: 0.5240996
	speed: 0.0807s/iter; left time: 5741.0231s
	iters: 200, epoch: 4 | loss: 0.3656953
	speed: 0.0118s/iter; left time: 840.1151s
	iters: 300, epoch: 4 | loss: 0.5130589
	speed: 0.0136s/iter; left time: 964.6608s
	iters: 400, epoch: 4 | loss: 0.3390342
	speed: 0.0133s/iter; left time: 943.0453s
	iters: 500, epoch: 4 | loss: 0.4253888
	speed: 0.0129s/iter; left time: 908.9045s
	iters: 600, epoch: 4 | loss: 0.4499228
	speed: 0.0125s/iter; left time: 884.5372s
	iters: 700, epoch: 4 | loss: 0.4716751
	speed: 0.0130s/iter; left time: 915.4076s
	iters: 800, epoch: 4 | loss: 0.6044640
	speed: 0.0142s/iter; left time: 996.7241s
	iters: 900, epoch: 4 | loss: 0.3753365
	speed: 0.0142s/iter; left time: 995.2690s
	iters: 1000, epoch: 4 | loss: 0.3198859
	speed: 0.0145s/iter; left time: 1021.0567s
	iters: 1100, epoch: 4 | loss: 0.3504168
	speed: 0.0141s/iter; left time: 987.8159s
	iters: 1200, epoch: 4 | loss: 0.6646538
	speed: 0.0128s/iter; left time: 895.0193s
	iters: 1300, epoch: 4 | loss: 0.4160152
	speed: 0.0144s/iter; left time: 1006.8786s
	iters: 1400, epoch: 4 | loss: 0.4080027
	speed: 0.0137s/iter; left time: 955.2327s
	iters: 1500, epoch: 4 | loss: 0.3804401
	speed: 0.0134s/iter; left time: 935.8539s
	iters: 1600, epoch: 4 | loss: 0.5340755
	speed: 0.0120s/iter; left time: 838.2927s
	iters: 1700, epoch: 4 | loss: 0.4451853
	speed: 0.0137s/iter; left time: 950.1720s
	iters: 1800, epoch: 4 | loss: 0.3154359
	speed: 0.0141s/iter; left time: 980.9343s
	iters: 1900, epoch: 4 | loss: 0.3407928
	speed: 0.0113s/iter; left time: 782.8792s
	iters: 2000, epoch: 4 | loss: 0.3854971
	speed: 0.0104s/iter; left time: 717.3714s
	iters: 2100, epoch: 4 | loss: 0.3617111
	speed: 0.0105s/iter; left time: 727.2927s
	iters: 2200, epoch: 4 | loss: 0.3395265
	speed: 0.0121s/iter; left time: 835.2648s
	iters: 2300, epoch: 4 | loss: 0.3745891
	speed: 0.0147s/iter; left time: 1014.8156s
	iters: 2400, epoch: 4 | loss: 0.6000785
	speed: 0.0149s/iter; left time: 1024.3908s
	iters: 2500, epoch: 4 | loss: 0.5104123
	speed: 0.0141s/iter; left time: 969.5612s
	iters: 2600, epoch: 4 | loss: 0.5150238
	speed: 0.0134s/iter; left time: 918.2117s
	iters: 2700, epoch: 4 | loss: 0.4338217
	speed: 0.0143s/iter; left time: 981.4203s
	iters: 2800, epoch: 4 | loss: 0.4752224
	speed: 0.0145s/iter; left time: 991.1858s
	iters: 2900, epoch: 4 | loss: 0.3691388
	speed: 0.0144s/iter; left time: 983.3746s
	iters: 3000, epoch: 4 | loss: 0.3454809
	speed: 0.0140s/iter; left time: 954.9676s
	iters: 3100, epoch: 4 | loss: 0.3278498
	speed: 0.0141s/iter; left time: 957.3131s
	iters: 3200, epoch: 4 | loss: 0.4406747
	speed: 0.0138s/iter; left time: 935.9065s
	iters: 3300, epoch: 4 | loss: 0.5139440
	speed: 0.0103s/iter; left time: 700.9621s
	iters: 3400, epoch: 4 | loss: 0.4555830
	speed: 0.0134s/iter; left time: 910.2274s
	iters: 3500, epoch: 4 | loss: 0.4015073
	speed: 0.0140s/iter; left time: 948.6779s
	iters: 3600, epoch: 4 | loss: 0.4371714
	speed: 0.0105s/iter; left time: 707.6027s
	iters: 3700, epoch: 4 | loss: 0.5036564
	speed: 0.0132s/iter; left time: 892.6903s
	iters: 3800, epoch: 4 | loss: 0.4832250
	speed: 0.0127s/iter; left time: 856.6481s
	iters: 3900, epoch: 4 | loss: 0.4694137
	speed: 0.0121s/iter; left time: 815.0169s
	iters: 4000, epoch: 4 | loss: 0.4748066
	speed: 0.0111s/iter; left time: 747.5853s
	iters: 4100, epoch: 4 | loss: 0.4504038
	speed: 0.0094s/iter; left time: 632.0553s
Epoch: 4 cost time: 54.121081590652466
Epoch: 4, Steps: 4188 | Train Loss: 0.4341395 Vali Loss: 0.9017173 Test Loss: 0.4854292
Validation loss decreased (1.145048 --> 0.901717).  Saving model ...
Updating learning rate to 0.000625
	iters: 100, epoch: 5 | loss: 0.4024673
	speed: 0.0698s/iter; left time: 4670.9902s
	iters: 200, epoch: 5 | loss: 0.3877361
	speed: 0.0138s/iter; left time: 924.4552s
	iters: 300, epoch: 5 | loss: 0.5545436
	speed: 0.0128s/iter; left time: 855.3915s
	iters: 400, epoch: 5 | loss: 0.3473088
	speed: 0.0137s/iter; left time: 911.6834s
	iters: 500, epoch: 5 | loss: 0.5242818
	speed: 0.0149s/iter; left time: 993.2398s
	iters: 600, epoch: 5 | loss: 0.3950530
	speed: 0.0130s/iter; left time: 863.8263s
	iters: 700, epoch: 5 | loss: 0.3420099
	speed: 0.0143s/iter; left time: 946.9923s
	iters: 800, epoch: 5 | loss: 0.3714647
	speed: 0.0148s/iter; left time: 977.4024s
	iters: 900, epoch: 5 | loss: 0.2820589
	speed: 0.0133s/iter; left time: 876.6577s
	iters: 1000, epoch: 5 | loss: 0.3725438
	speed: 0.0141s/iter; left time: 931.7727s
	iters: 1100, epoch: 5 | loss: 0.4488430
	speed: 0.0148s/iter; left time: 975.0902s
	iters: 1200, epoch: 5 | loss: 0.3258602
	speed: 0.0136s/iter; left time: 893.8067s
	iters: 1300, epoch: 5 | loss: 0.4068461
	speed: 0.0118s/iter; left time: 772.9961s
	iters: 1400, epoch: 5 | loss: 0.4136650
	speed: 0.0125s/iter; left time: 821.7158s
	iters: 1500, epoch: 5 | loss: 0.4291102
	speed: 0.0108s/iter; left time: 705.8475s
	iters: 1600, epoch: 5 | loss: 0.4276794
	speed: 0.0126s/iter; left time: 824.6721s
	iters: 1700, epoch: 5 | loss: 0.4876702
	speed: 0.0119s/iter; left time: 777.7743s
	iters: 1800, epoch: 5 | loss: 0.4134573
	speed: 0.0118s/iter; left time: 768.8744s
	iters: 1900, epoch: 5 | loss: 0.4594249
	speed: 0.0147s/iter; left time: 957.4476s
	iters: 2000, epoch: 5 | loss: 0.4070021
	speed: 0.0139s/iter; left time: 904.2185s
	iters: 2100, epoch: 5 | loss: 0.4689948
	speed: 0.0144s/iter; left time: 937.6127s
	iters: 2200, epoch: 5 | loss: 0.5539691
	speed: 0.0146s/iter; left time: 943.9484s
	iters: 2300, epoch: 5 | loss: 0.4955341
	speed: 0.0124s/iter; left time: 804.4167s
	iters: 2400, epoch: 5 | loss: 0.4583907
	speed: 0.0134s/iter; left time: 866.9557s
	iters: 2500, epoch: 5 | loss: 0.3533639
	speed: 0.0143s/iter; left time: 923.7121s
	iters: 2600, epoch: 5 | loss: 0.3921511
	speed: 0.0148s/iter; left time: 952.8745s
	iters: 2700, epoch: 5 | loss: 0.4451393
	speed: 0.0145s/iter; left time: 932.7007s
	iters: 2800, epoch: 5 | loss: 0.4359719
	speed: 0.0144s/iter; left time: 925.7500s
	iters: 2900, epoch: 5 | loss: 0.4243926
	speed: 0.0144s/iter; left time: 922.6954s
	iters: 3000, epoch: 5 | loss: 0.3977538
	speed: 0.0143s/iter; left time: 913.1904s
	iters: 3100, epoch: 5 | loss: 0.4122278
	speed: 0.0143s/iter; left time: 912.2563s
	iters: 3200, epoch: 5 | loss: 0.4958930
	speed: 0.0136s/iter; left time: 864.9047s
	iters: 3300, epoch: 5 | loss: 0.4254194
	speed: 0.0141s/iter; left time: 895.3996s
	iters: 3400, epoch: 5 | loss: 0.4660767
	speed: 0.0133s/iter; left time: 849.0886s
	iters: 3500, epoch: 5 | loss: 0.3631658
	speed: 0.0110s/iter; left time: 696.7503s
	iters: 3600, epoch: 5 | loss: 0.4123972
	speed: 0.0105s/iter; left time: 664.9269s
	iters: 3700, epoch: 5 | loss: 0.3903844
	speed: 0.0102s/iter; left time: 645.0134s
	iters: 3800, epoch: 5 | loss: 0.3296819
	speed: 0.0102s/iter; left time: 646.9699s
	iters: 3900, epoch: 5 | loss: 0.4328612
	speed: 0.0106s/iter; left time: 667.5416s
	iters: 4000, epoch: 5 | loss: 0.4477504
	speed: 0.0103s/iter; left time: 647.2151s
	iters: 4100, epoch: 5 | loss: 0.4126222
	speed: 0.0097s/iter; left time: 611.7022s
Epoch: 5 cost time: 54.42604970932007
Epoch: 5, Steps: 4188 | Train Loss: 0.4100225 Vali Loss: 0.8840511 Test Loss: 0.4586606
Validation loss decreased (0.901717 --> 0.884051).  Saving model ...
Updating learning rate to 0.0003125
	iters: 100, epoch: 6 | loss: 0.3765240
	speed: 0.0796s/iter; left time: 4995.6606s
	iters: 200, epoch: 6 | loss: 0.4713451
	speed: 0.0126s/iter; left time: 789.3398s
	iters: 300, epoch: 6 | loss: 0.2400007
	speed: 0.0135s/iter; left time: 843.3531s
	iters: 400, epoch: 6 | loss: 0.4166238
	speed: 0.0137s/iter; left time: 853.3713s
	iters: 500, epoch: 6 | loss: 0.3195855
	speed: 0.0129s/iter; left time: 805.0486s
	iters: 600, epoch: 6 | loss: 0.3716477
	speed: 0.0132s/iter; left time: 822.3201s
	iters: 700, epoch: 6 | loss: 0.4036993
	speed: 0.0135s/iter; left time: 836.9281s
	iters: 800, epoch: 6 | loss: 0.4320950
	speed: 0.0135s/iter; left time: 839.6428s
	iters: 900, epoch: 6 | loss: 0.4193266
	speed: 0.0146s/iter; left time: 901.3795s
	iters: 1000, epoch: 6 | loss: 0.4951527
	speed: 0.0134s/iter; left time: 830.0160s
	iters: 1100, epoch: 6 | loss: 0.4727240
	speed: 0.0137s/iter; left time: 843.0711s
	iters: 1200, epoch: 6 | loss: 0.4605773
	speed: 0.0136s/iter; left time: 835.5746s
	iters: 1300, epoch: 6 | loss: 0.3683935
	speed: 0.0123s/iter; left time: 757.9381s
	iters: 1400, epoch: 6 | loss: 0.3862385
	speed: 0.0134s/iter; left time: 825.2177s
	iters: 1500, epoch: 6 | loss: 0.4485542
	speed: 0.0141s/iter; left time: 863.8077s
	iters: 1600, epoch: 6 | loss: 0.3594328
	speed: 0.0146s/iter; left time: 894.0524s
	iters: 1700, epoch: 6 | loss: 0.3314622
	speed: 0.0147s/iter; left time: 897.0643s
	iters: 1800, epoch: 6 | loss: 0.3327680
	speed: 0.0143s/iter; left time: 874.6528s
	iters: 1900, epoch: 6 | loss: 0.3455158
	speed: 0.0114s/iter; left time: 696.8580s
	iters: 2000, epoch: 6 | loss: 0.5002251
	speed: 0.0114s/iter; left time: 690.6262s
	iters: 2100, epoch: 6 | loss: 0.4481601
	speed: 0.0116s/iter; left time: 701.7380s
	iters: 2200, epoch: 6 | loss: 0.5004130
	speed: 0.0124s/iter; left time: 753.9898s
	iters: 2300, epoch: 6 | loss: 0.4664690
	speed: 0.0138s/iter; left time: 832.9556s
	iters: 2400, epoch: 6 | loss: 0.4137172
	speed: 0.0138s/iter; left time: 834.4839s
	iters: 2500, epoch: 6 | loss: 0.2892414
	speed: 0.0143s/iter; left time: 862.7956s
	iters: 2600, epoch: 6 | loss: 0.3315056
	speed: 0.0138s/iter; left time: 831.0697s
	iters: 2700, epoch: 6 | loss: 0.4316548
	speed: 0.0131s/iter; left time: 787.1221s
	iters: 2800, epoch: 6 | loss: 0.3973277
	speed: 0.0114s/iter; left time: 685.5062s
	iters: 2900, epoch: 6 | loss: 0.4272242
	speed: 0.0136s/iter; left time: 812.4342s
	iters: 3000, epoch: 6 | loss: 0.3352424
	speed: 0.0142s/iter; left time: 851.8938s
	iters: 3100, epoch: 6 | loss: 0.4026527
	speed: 0.0136s/iter; left time: 810.3010s
	iters: 3200, epoch: 6 | loss: 0.3971299
	speed: 0.0140s/iter; left time: 833.8403s
	iters: 3300, epoch: 6 | loss: 0.4323423
	speed: 0.0142s/iter; left time: 842.4519s
	iters: 3400, epoch: 6 | loss: 0.5340933
	speed: 0.0138s/iter; left time: 821.7432s
	iters: 3500, epoch: 6 | loss: 0.3795038
	speed: 0.0132s/iter; left time: 780.5405s
	iters: 3600, epoch: 6 | loss: 0.3197450
	speed: 0.0121s/iter; left time: 714.9286s
	iters: 3700, epoch: 6 | loss: 0.3761459
	speed: 0.0107s/iter; left time: 633.2063s
	iters: 3800, epoch: 6 | loss: 0.2844653
	speed: 0.0113s/iter; left time: 668.5698s
	iters: 3900, epoch: 6 | loss: 0.3210385
	speed: 0.0101s/iter; left time: 595.8662s
	iters: 4000, epoch: 6 | loss: 0.4104850
	speed: 0.0096s/iter; left time: 565.8362s
	iters: 4100, epoch: 6 | loss: 0.3005927
	speed: 0.0097s/iter; left time: 569.2094s
Epoch: 6 cost time: 53.97087621688843
Epoch: 6, Steps: 4188 | Train Loss: 0.3982607 Vali Loss: 0.8500709 Test Loss: 0.4379814
Validation loss decreased (0.884051 --> 0.850071).  Saving model ...
Updating learning rate to 0.00015625
	iters: 100, epoch: 7 | loss: 0.2755300
	speed: 0.0960s/iter; left time: 5620.0182s
	iters: 200, epoch: 7 | loss: 0.3783267
	speed: 0.0130s/iter; left time: 761.6880s
	iters: 300, epoch: 7 | loss: 0.4679321
	speed: 0.0129s/iter; left time: 754.3248s
	iters: 400, epoch: 7 | loss: 0.3418293
	speed: 0.0121s/iter; left time: 704.4734s
	iters: 500, epoch: 7 | loss: 0.3042204
	speed: 0.0142s/iter; left time: 826.3268s
	iters: 600, epoch: 7 | loss: 0.3984654
	speed: 0.0112s/iter; left time: 649.1060s
	iters: 700, epoch: 7 | loss: 0.4145185
	speed: 0.0138s/iter; left time: 798.3136s
	iters: 800, epoch: 7 | loss: 0.3884103
	speed: 0.0142s/iter; left time: 819.3678s
	iters: 900, epoch: 7 | loss: 0.2588242
	speed: 0.0144s/iter; left time: 828.9038s
	iters: 1000, epoch: 7 | loss: 0.2863644
	speed: 0.0128s/iter; left time: 738.2181s
	iters: 1100, epoch: 7 | loss: 0.3939571
	speed: 0.0109s/iter; left time: 624.9763s
	iters: 1200, epoch: 7 | loss: 0.3696429
	speed: 0.0119s/iter; left time: 682.7471s
	iters: 1300, epoch: 7 | loss: 0.2801386
	speed: 0.0119s/iter; left time: 679.7675s
	iters: 1400, epoch: 7 | loss: 0.3284819
	speed: 0.0117s/iter; left time: 671.0694s
	iters: 1500, epoch: 7 | loss: 0.4413946
	speed: 0.0127s/iter; left time: 726.4449s
	iters: 1600, epoch: 7 | loss: 0.3202857
	speed: 0.0100s/iter; left time: 572.3921s
	iters: 1700, epoch: 7 | loss: 0.3617662
	speed: 0.0128s/iter; left time: 730.7755s
	iters: 1800, epoch: 7 | loss: 0.3200102
	speed: 0.0136s/iter; left time: 771.3319s
	iters: 1900, epoch: 7 | loss: 0.3194503
	speed: 0.0150s/iter; left time: 848.6132s
	iters: 2000, epoch: 7 | loss: 0.4678009
	speed: 0.0145s/iter; left time: 821.0739s
	iters: 2100, epoch: 7 | loss: 0.3029621
	speed: 0.0140s/iter; left time: 793.8929s
	iters: 2200, epoch: 7 | loss: 0.3807008
	speed: 0.0131s/iter; left time: 738.6710s
	iters: 2300, epoch: 7 | loss: 0.5026722
	speed: 0.0106s/iter; left time: 597.9512s
	iters: 2400, epoch: 7 | loss: 0.4047526
	speed: 0.0105s/iter; left time: 588.7379s
	iters: 2500, epoch: 7 | loss: 0.3006143
	speed: 0.0130s/iter; left time: 728.6384s
	iters: 2600, epoch: 7 | loss: 0.3264559
	speed: 0.0147s/iter; left time: 825.7002s
	iters: 2700, epoch: 7 | loss: 0.3660842
	speed: 0.0143s/iter; left time: 800.6513s
	iters: 2800, epoch: 7 | loss: 0.3710974
	speed: 0.0127s/iter; left time: 706.6815s
	iters: 2900, epoch: 7 | loss: 0.4198578
	speed: 0.0145s/iter; left time: 806.7846s
	iters: 3000, epoch: 7 | loss: 0.3901594
	speed: 0.0143s/iter; left time: 795.9583s
	iters: 3100, epoch: 7 | loss: 0.4938044
	speed: 0.0120s/iter; left time: 668.0076s
	iters: 3200, epoch: 7 | loss: 0.4979744
	speed: 0.0141s/iter; left time: 783.0515s
	iters: 3300, epoch: 7 | loss: 0.3519041
	speed: 0.0145s/iter; left time: 800.0197s
	iters: 3400, epoch: 7 | loss: 0.3867478
	speed: 0.0144s/iter; left time: 794.6252s
	iters: 3500, epoch: 7 | loss: 0.4058773
	speed: 0.0133s/iter; left time: 734.8483s
	iters: 3600, epoch: 7 | loss: 0.3423789
	speed: 0.0120s/iter; left time: 662.3707s
	iters: 3700, epoch: 7 | loss: 0.4795875
	speed: 0.0108s/iter; left time: 592.3042s
	iters: 3800, epoch: 7 | loss: 0.3572550
	speed: 0.0091s/iter; left time: 500.2214s
	iters: 3900, epoch: 7 | loss: 0.2927896
	speed: 0.0094s/iter; left time: 513.1587s
	iters: 4000, epoch: 7 | loss: 0.3674504
	speed: 0.0100s/iter; left time: 544.2566s
	iters: 4100, epoch: 7 | loss: 0.4024397
	speed: 0.0093s/iter; left time: 506.6352s
Epoch: 7 cost time: 52.73222231864929
Epoch: 7, Steps: 4188 | Train Loss: 0.3920448 Vali Loss: 0.8840994 Test Loss: 0.4374399
EarlyStopping counter: 1 out of 5
Updating learning rate to 7.8125e-05
	iters: 100, epoch: 8 | loss: 0.3587904
	speed: 0.0922s/iter; left time: 5012.7115s
	iters: 200, epoch: 8 | loss: 0.3603997
	speed: 0.0157s/iter; left time: 850.0248s
	iters: 300, epoch: 8 | loss: 0.2786607
	speed: 0.0151s/iter; left time: 817.9244s
	iters: 400, epoch: 8 | loss: 0.2957498
	speed: 0.0147s/iter; left time: 793.8951s
	iters: 500, epoch: 8 | loss: 0.3866941
	speed: 0.0145s/iter; left time: 783.8752s
	iters: 600, epoch: 8 | loss: 0.4189859
	speed: 0.0148s/iter; left time: 795.1049s
	iters: 700, epoch: 8 | loss: 0.4731441
	speed: 0.0130s/iter; left time: 698.1893s
	iters: 800, epoch: 8 | loss: 0.3348365
	speed: 0.0140s/iter; left time: 753.5850s
	iters: 900, epoch: 8 | loss: 0.2906475
	speed: 0.0138s/iter; left time: 737.5662s
	iters: 1000, epoch: 8 | loss: 0.2782997
	speed: 0.0136s/iter; left time: 726.5850s
	iters: 1100, epoch: 8 | loss: 0.3431151
	speed: 0.0139s/iter; left time: 739.7146s
	iters: 1200, epoch: 8 | loss: 0.4013896
	speed: 0.0144s/iter; left time: 768.0932s
	iters: 1300, epoch: 8 | loss: 0.3327361
	speed: 0.0153s/iter; left time: 812.1158s
	iters: 1400, epoch: 8 | loss: 0.3820270
	speed: 0.0130s/iter; left time: 691.4993s
	iters: 1500, epoch: 8 | loss: 0.4685763
	speed: 0.0140s/iter; left time: 739.8353s
	iters: 1600, epoch: 8 | loss: 0.2692697
	speed: 0.0147s/iter; left time: 776.3346s
	iters: 1700, epoch: 8 | loss: 0.3294993
	speed: 0.0149s/iter; left time: 786.5348s
	iters: 1800, epoch: 8 | loss: 0.4150911
	speed: 0.0133s/iter; left time: 701.5926s
	iters: 1900, epoch: 8 | loss: 0.4027436
	speed: 0.0111s/iter; left time: 583.2385s
	iters: 2000, epoch: 8 | loss: 0.3461907
	speed: 0.0113s/iter; left time: 592.3721s
	iters: 2100, epoch: 8 | loss: 0.3219144
	speed: 0.0127s/iter; left time: 666.8054s
	iters: 2200, epoch: 8 | loss: 0.4342864
	speed: 0.0134s/iter; left time: 700.2110s
	iters: 2300, epoch: 8 | loss: 0.4639801
	speed: 0.0136s/iter; left time: 710.6332s
	iters: 2400, epoch: 8 | loss: 0.3456312
	speed: 0.0138s/iter; left time: 719.3985s
	iters: 2500, epoch: 8 | loss: 0.4686504
	speed: 0.0145s/iter; left time: 752.4716s
	iters: 2600, epoch: 8 | loss: 0.4019848
	speed: 0.0139s/iter; left time: 720.5771s
	iters: 2700, epoch: 8 | loss: 0.3442993
	speed: 0.0149s/iter; left time: 770.9964s
	iters: 2800, epoch: 8 | loss: 0.4953684
	speed: 0.0152s/iter; left time: 786.2720s
	iters: 2900, epoch: 8 | loss: 0.3937275
	speed: 0.0132s/iter; left time: 680.7699s
	iters: 3000, epoch: 8 | loss: 0.3393312
	speed: 0.0134s/iter; left time: 690.5008s
	iters: 3100, epoch: 8 | loss: 0.4626814
	speed: 0.0120s/iter; left time: 615.9890s
	iters: 3200, epoch: 8 | loss: 0.3504032
	speed: 0.0113s/iter; left time: 578.7711s
	iters: 3300, epoch: 8 | loss: 0.3552811
	speed: 0.0107s/iter; left time: 547.2995s
	iters: 3400, epoch: 8 | loss: 0.4456701
	speed: 0.0090s/iter; left time: 461.1053s
	iters: 3500, epoch: 8 | loss: 0.4019375
	speed: 0.0089s/iter; left time: 451.9907s
	iters: 3600, epoch: 8 | loss: 0.2977428
	speed: 0.0091s/iter; left time: 462.2626s
	iters: 3700, epoch: 8 | loss: 0.5183045
	speed: 0.0096s/iter; left time: 488.3054s
	iters: 3800, epoch: 8 | loss: 0.4002421
	speed: 0.0096s/iter; left time: 488.3938s
	iters: 3900, epoch: 8 | loss: 0.3823953
	speed: 0.0093s/iter; left time: 470.6471s
	iters: 4000, epoch: 8 | loss: 0.4710895
	speed: 0.0085s/iter; left time: 427.9427s
	iters: 4100, epoch: 8 | loss: 0.4590673
	speed: 0.0089s/iter; left time: 445.7008s
Epoch: 8 cost time: 53.28281021118164
Epoch: 8, Steps: 4188 | Train Loss: 0.3888592 Vali Loss: 0.8646552 Test Loss: 0.4314979
EarlyStopping counter: 2 out of 5
Updating learning rate to 3.90625e-05
	iters: 100, epoch: 9 | loss: 0.5254594
	speed: 0.0896s/iter; left time: 4496.3228s
	iters: 200, epoch: 9 | loss: 0.4108295
	speed: 0.0117s/iter; left time: 587.4700s
	iters: 300, epoch: 9 | loss: 0.3389585
	speed: 0.0115s/iter; left time: 573.9060s
	iters: 400, epoch: 9 | loss: 0.3531327
	speed: 0.0138s/iter; left time: 686.3844s
	iters: 500, epoch: 9 | loss: 0.2657449
	speed: 0.0146s/iter; left time: 726.9225s
	iters: 600, epoch: 9 | loss: 0.3756748
	speed: 0.0145s/iter; left time: 721.9858s
	iters: 700, epoch: 9 | loss: 0.2825654
	speed: 0.0152s/iter; left time: 752.3887s
	iters: 800, epoch: 9 | loss: 0.3044193
	speed: 0.0115s/iter; left time: 569.9262s
	iters: 900, epoch: 9 | loss: 0.3697013
	speed: 0.0123s/iter; left time: 604.6702s
	iters: 1000, epoch: 9 | loss: 0.3316379
	speed: 0.0101s/iter; left time: 498.3007s
	iters: 1100, epoch: 9 | loss: 0.3962509
	speed: 0.0141s/iter; left time: 692.4306s
	iters: 1200, epoch: 9 | loss: 0.3968605
	speed: 0.0106s/iter; left time: 517.5937s
	iters: 1300, epoch: 9 | loss: 0.3074346
	speed: 0.0112s/iter; left time: 547.1849s
	iters: 1400, epoch: 9 | loss: 0.3272825
	speed: 0.0130s/iter; left time: 637.0071s
	iters: 1500, epoch: 9 | loss: 0.3632950
	speed: 0.0135s/iter; left time: 659.1684s
	iters: 1600, epoch: 9 | loss: 0.3868413
	speed: 0.0135s/iter; left time: 657.2824s
	iters: 1700, epoch: 9 | loss: 0.3067120
	speed: 0.0137s/iter; left time: 664.5938s
	iters: 1800, epoch: 9 | loss: 0.5513402
	speed: 0.0143s/iter; left time: 690.6539s
	iters: 1900, epoch: 9 | loss: 0.3055831
	speed: 0.0142s/iter; left time: 686.4218s
	iters: 2000, epoch: 9 | loss: 0.3300002
	speed: 0.0130s/iter; left time: 627.3952s
	iters: 2100, epoch: 9 | loss: 0.4258270
	speed: 0.0125s/iter; left time: 602.1145s
	iters: 2200, epoch: 9 | loss: 0.4576567
	speed: 0.0106s/iter; left time: 511.5546s
	iters: 2300, epoch: 9 | loss: 0.3487463
	speed: 0.0135s/iter; left time: 645.2256s
	iters: 2400, epoch: 9 | loss: 0.6154005
	speed: 0.0118s/iter; left time: 565.2293s
	iters: 2500, epoch: 9 | loss: 0.4038257
	speed: 0.0134s/iter; left time: 640.6009s
	iters: 2600, epoch: 9 | loss: 0.3615070
	speed: 0.0145s/iter; left time: 690.3677s
	iters: 2700, epoch: 9 | loss: 0.4995294
	speed: 0.0150s/iter; left time: 714.9427s
	iters: 2800, epoch: 9 | loss: 0.3491845
	speed: 0.0132s/iter; left time: 626.4032s
	iters: 2900, epoch: 9 | loss: 0.3303355
	speed: 0.0132s/iter; left time: 624.6544s
	iters: 3000, epoch: 9 | loss: 0.4803596
	speed: 0.0123s/iter; left time: 581.0211s
	iters: 3100, epoch: 9 | loss: 0.5561343
	speed: 0.0144s/iter; left time: 676.8029s
	iters: 3200, epoch: 9 | loss: 0.3529464
	speed: 0.0134s/iter; left time: 631.3221s
	iters: 3300, epoch: 9 | loss: 0.3328772
	speed: 0.0118s/iter; left time: 556.1907s
	iters: 3400, epoch: 9 | loss: 0.4916713
	speed: 0.0101s/iter; left time: 475.3058s
	iters: 3500, epoch: 9 | loss: 0.3106431
	speed: 0.0095s/iter; left time: 443.8439s
	iters: 3600, epoch: 9 | loss: 0.5124686
	speed: 0.0106s/iter; left time: 494.1999s
	iters: 3700, epoch: 9 | loss: 0.3764812
	speed: 0.0101s/iter; left time: 470.8023s
	iters: 3800, epoch: 9 | loss: 0.3710750
	speed: 0.0094s/iter; left time: 438.6966s
	iters: 3900, epoch: 9 | loss: 0.3491325
	speed: 0.0097s/iter; left time: 450.7328s
	iters: 4000, epoch: 9 | loss: 0.3955202
	speed: 0.0107s/iter; left time: 493.2456s
	iters: 4100, epoch: 9 | loss: 0.3389198
	speed: 0.0119s/iter; left time: 547.3477s
Epoch: 9 cost time: 52.13158893585205
Epoch: 9, Steps: 4188 | Train Loss: 0.3872871 Vali Loss: 0.8475781 Test Loss: 0.4303537
Validation loss decreased (0.850071 --> 0.847578).  Saving model ...
Updating learning rate to 1.953125e-05
	iters: 100, epoch: 10 | loss: 0.3458785
	speed: 0.0841s/iter; left time: 3868.0103s
	iters: 200, epoch: 10 | loss: 0.3774293
	speed: 0.0129s/iter; left time: 590.6550s
	iters: 300, epoch: 10 | loss: 0.3937444
	speed: 0.0139s/iter; left time: 636.2601s
	iters: 400, epoch: 10 | loss: 0.3584586
	speed: 0.0130s/iter; left time: 594.0883s
	iters: 500, epoch: 10 | loss: 0.4112335
	speed: 0.0125s/iter; left time: 569.9226s
	iters: 600, epoch: 10 | loss: 0.3916860
	speed: 0.0110s/iter; left time: 501.8636s
	iters: 700, epoch: 10 | loss: 0.3826705
	speed: 0.0127s/iter; left time: 574.6030s
	iters: 800, epoch: 10 | loss: 0.3931883
	speed: 0.0143s/iter; left time: 646.3202s
	iters: 900, epoch: 10 | loss: 0.3049540
	speed: 0.0141s/iter; left time: 638.0918s
	iters: 1000, epoch: 10 | loss: 0.4179520
	speed: 0.0131s/iter; left time: 590.5501s
	iters: 1100, epoch: 10 | loss: 0.3968820
	speed: 0.0113s/iter; left time: 506.2250s
	iters: 1200, epoch: 10 | loss: 0.4464854
	speed: 0.0111s/iter; left time: 499.2422s
	iters: 1300, epoch: 10 | loss: 0.2790121
	speed: 0.0109s/iter; left time: 488.5640s
	iters: 1400, epoch: 10 | loss: 0.5203894
	speed: 0.0135s/iter; left time: 602.4746s
	iters: 1500, epoch: 10 | loss: 0.3773494
	speed: 0.0142s/iter; left time: 632.7198s
	iters: 1600, epoch: 10 | loss: 0.2319626
	speed: 0.0140s/iter; left time: 622.7477s
	iters: 1700, epoch: 10 | loss: 0.2864456
	speed: 0.0143s/iter; left time: 634.8548s
	iters: 1800, epoch: 10 | loss: 0.3794349
	speed: 0.0145s/iter; left time: 641.7334s
	iters: 1900, epoch: 10 | loss: 0.2635796
	speed: 0.0120s/iter; left time: 531.5204s
	iters: 2000, epoch: 10 | loss: 0.3094777
	speed: 0.0134s/iter; left time: 591.5458s
	iters: 2100, epoch: 10 | loss: 0.2616232
	speed: 0.0139s/iter; left time: 613.1163s
	iters: 2200, epoch: 10 | loss: 0.2818795
	speed: 0.0145s/iter; left time: 634.2546s
	iters: 2300, epoch: 10 | loss: 0.3243133
	speed: 0.0139s/iter; left time: 610.0269s
	iters: 2400, epoch: 10 | loss: 0.4577738
	speed: 0.0125s/iter; left time: 545.5584s
	iters: 2500, epoch: 10 | loss: 0.4089499
	speed: 0.0130s/iter; left time: 567.3121s
	iters: 2600, epoch: 10 | loss: 0.4510644
	speed: 0.0146s/iter; left time: 636.0958s
	iters: 2700, epoch: 10 | loss: 0.3216192
	speed: 0.0144s/iter; left time: 626.1784s
	iters: 2800, epoch: 10 | loss: 0.5567548
	speed: 0.0149s/iter; left time: 646.2035s
	iters: 2900, epoch: 10 | loss: 0.3145345
	speed: 0.0144s/iter; left time: 620.0250s
	iters: 3000, epoch: 10 | loss: 0.3332716
	speed: 0.0135s/iter; left time: 581.4057s
	iters: 3100, epoch: 10 | loss: 0.5508791
	speed: 0.0129s/iter; left time: 554.9016s
	iters: 3200, epoch: 10 | loss: 0.3259457
	speed: 0.0117s/iter; left time: 499.6986s
	iters: 3300, epoch: 10 | loss: 0.5194096
	speed: 0.0107s/iter; left time: 459.4990s
	iters: 3400, epoch: 10 | loss: 0.3987085
	speed: 0.0099s/iter; left time: 422.0974s
	iters: 3500, epoch: 10 | loss: 0.4562447
	speed: 0.0100s/iter; left time: 427.4816s
	iters: 3600, epoch: 10 | loss: 0.3290800
	speed: 0.0099s/iter; left time: 421.8388s
	iters: 3700, epoch: 10 | loss: 0.3111241
	speed: 0.0101s/iter; left time: 426.3777s
	iters: 3800, epoch: 10 | loss: 0.5038096
	speed: 0.0109s/iter; left time: 459.9987s
	iters: 3900, epoch: 10 | loss: 0.4086716
	speed: 0.0097s/iter; left time: 407.8911s
	iters: 4000, epoch: 10 | loss: 0.3580065
	speed: 0.0118s/iter; left time: 495.7720s
	iters: 4100, epoch: 10 | loss: 0.2884160
	speed: 0.0123s/iter; left time: 516.1751s
Epoch: 10 cost time: 52.91963028907776
Epoch: 10, Steps: 4188 | Train Loss: 0.3864099 Vali Loss: 0.8581125 Test Loss: 0.4265854
EarlyStopping counter: 1 out of 5
Updating learning rate to 9.765625e-06
	iters: 100, epoch: 11 | loss: 0.4029729
	speed: 0.0809s/iter; left time: 3381.6431s
	iters: 200, epoch: 11 | loss: 0.3091380
	speed: 0.0142s/iter; left time: 592.5960s
	iters: 300, epoch: 11 | loss: 0.4737236
	speed: 0.0146s/iter; left time: 606.5155s
	iters: 400, epoch: 11 | loss: 0.2840228
	speed: 0.0143s/iter; left time: 592.9222s
	iters: 500, epoch: 11 | loss: 0.4608974
	speed: 0.0143s/iter; left time: 590.8011s
	iters: 600, epoch: 11 | loss: 0.4503962
	speed: 0.0144s/iter; left time: 593.7709s
	iters: 700, epoch: 11 | loss: 0.3348196
	speed: 0.0144s/iter; left time: 594.5327s
	iters: 800, epoch: 11 | loss: 0.2929561
	speed: 0.0139s/iter; left time: 572.6776s
	iters: 900, epoch: 11 | loss: 0.2992468
	speed: 0.0143s/iter; left time: 586.2003s
	iters: 1000, epoch: 11 | loss: 0.3912233
	speed: 0.0140s/iter; left time: 573.9612s
	iters: 1100, epoch: 11 | loss: 0.3182896
	speed: 0.0112s/iter; left time: 458.2740s
	iters: 1200, epoch: 11 | loss: 0.4358149
	speed: 0.0104s/iter; left time: 424.9704s
	iters: 1300, epoch: 11 | loss: 0.4176904
	speed: 0.0145s/iter; left time: 589.1351s
	iters: 1400, epoch: 11 | loss: 0.3040736
	speed: 0.0132s/iter; left time: 533.1066s
	iters: 1500, epoch: 11 | loss: 0.3838293
	speed: 0.0129s/iter; left time: 522.2434s
	iters: 1600, epoch: 11 | loss: 0.2902737
	speed: 0.0142s/iter; left time: 573.8511s
	iters: 1700, epoch: 11 | loss: 0.3358967
	speed: 0.0148s/iter; left time: 594.1285s
	iters: 1800, epoch: 11 | loss: 0.4527501
	speed: 0.0148s/iter; left time: 592.4542s
	iters: 1900, epoch: 11 | loss: 0.4535566
	speed: 0.0142s/iter; left time: 569.5956s
	iters: 2000, epoch: 11 | loss: 0.4551931
	speed: 0.0138s/iter; left time: 550.8817s
	iters: 2100, epoch: 11 | loss: 0.4668469
	speed: 0.0123s/iter; left time: 489.0586s
	iters: 2200, epoch: 11 | loss: 0.3253731
	speed: 0.0137s/iter; left time: 544.4633s
	iters: 2300, epoch: 11 | loss: 0.3924389
	speed: 0.0140s/iter; left time: 555.0708s
	iters: 2400, epoch: 11 | loss: 0.2610189
	speed: 0.0137s/iter; left time: 541.1900s
	iters: 2500, epoch: 11 | loss: 0.3943241
	speed: 0.0139s/iter; left time: 548.8856s
	iters: 2600, epoch: 11 | loss: 0.2659496
	speed: 0.0116s/iter; left time: 455.9586s
	iters: 2700, epoch: 11 | loss: 0.4286399
	speed: 0.0111s/iter; left time: 436.7207s
	iters: 2800, epoch: 11 | loss: 0.3694135
	speed: 0.0113s/iter; left time: 443.5410s
	iters: 2900, epoch: 11 | loss: 0.3332620
	speed: 0.0116s/iter; left time: 453.7414s
	iters: 3000, epoch: 11 | loss: 0.3648314
	speed: 0.0128s/iter; left time: 496.6410s
	iters: 3100, epoch: 11 | loss: 0.3371963
	speed: 0.0121s/iter; left time: 470.7000s
	iters: 3200, epoch: 11 | loss: 0.3458651
	speed: 0.0116s/iter; left time: 447.2975s
	iters: 3300, epoch: 11 | loss: 0.4414279
	speed: 0.0101s/iter; left time: 390.1897s
	iters: 3400, epoch: 11 | loss: 0.3382806
	speed: 0.0101s/iter; left time: 388.0289s
	iters: 3500, epoch: 11 | loss: 0.3931901
	speed: 0.0092s/iter; left time: 351.2155s
	iters: 3600, epoch: 11 | loss: 0.3095999
	speed: 0.0096s/iter; left time: 369.1585s
	iters: 3700, epoch: 11 | loss: 0.4874436
	speed: 0.0101s/iter; left time: 385.3897s
	iters: 3800, epoch: 11 | loss: 0.4641076
	speed: 0.0104s/iter; left time: 395.4092s
	iters: 3900, epoch: 11 | loss: 0.3384959
	speed: 0.0116s/iter; left time: 442.3261s
	iters: 4000, epoch: 11 | loss: 0.3743190
	speed: 0.0131s/iter; left time: 497.3180s
	iters: 4100, epoch: 11 | loss: 0.3449269
	speed: 0.0137s/iter; left time: 516.5495s
Epoch: 11 cost time: 53.5046763420105
Epoch: 11, Steps: 4188 | Train Loss: 0.3859820 Vali Loss: 0.8600447 Test Loss: 0.4254834
EarlyStopping counter: 2 out of 5
Updating learning rate to 4.8828125e-06
	iters: 100, epoch: 12 | loss: 0.3133062
	speed: 0.0924s/iter; left time: 3473.5865s
	iters: 200, epoch: 12 | loss: 0.4993937
	speed: 0.0150s/iter; left time: 560.6787s
	iters: 300, epoch: 12 | loss: 0.4700193
	speed: 0.0142s/iter; left time: 530.9680s
	iters: 400, epoch: 12 | loss: 0.3357736
	speed: 0.0111s/iter; left time: 413.7646s
	iters: 500, epoch: 12 | loss: 0.4046927
	speed: 0.0136s/iter; left time: 504.9362s
	iters: 600, epoch: 12 | loss: 0.4171662
	speed: 0.0149s/iter; left time: 551.8420s
	iters: 700, epoch: 12 | loss: 0.3693095
	speed: 0.0144s/iter; left time: 532.2302s
	iters: 800, epoch: 12 | loss: 0.4450532
	speed: 0.0145s/iter; left time: 536.6213s
	iters: 900, epoch: 12 | loss: 0.3809517
	speed: 0.0143s/iter; left time: 524.4435s
	iters: 1000, epoch: 12 | loss: 0.3411294
	speed: 0.0137s/iter; left time: 501.2126s
	iters: 1100, epoch: 12 | loss: 0.3271588
	speed: 0.0143s/iter; left time: 521.6403s
	iters: 1200, epoch: 12 | loss: 0.4967454
	speed: 0.0143s/iter; left time: 522.4093s
	iters: 1300, epoch: 12 | loss: 0.5547794
	speed: 0.0147s/iter; left time: 533.5382s
	iters: 1400, epoch: 12 | loss: 0.3615843
	speed: 0.0146s/iter; left time: 528.3243s
	iters: 1500, epoch: 12 | loss: 0.3232664
	speed: 0.0148s/iter; left time: 537.0296s
	iters: 1600, epoch: 12 | loss: 0.4191055
	speed: 0.0141s/iter; left time: 508.7785s
	iters: 1700, epoch: 12 | loss: 0.4277622
	speed: 0.0135s/iter; left time: 485.5926s
	iters: 1800, epoch: 12 | loss: 0.4233279
	speed: 0.0134s/iter; left time: 481.9537s
	iters: 1900, epoch: 12 | loss: 0.4279151
	speed: 0.0140s/iter; left time: 502.4114s
	iters: 2000, epoch: 12 | loss: 0.4511347
	speed: 0.0142s/iter; left time: 508.2925s
	iters: 2100, epoch: 12 | loss: 0.3654174
	speed: 0.0140s/iter; left time: 499.4852s
	iters: 2200, epoch: 12 | loss: 0.4544458
	speed: 0.0140s/iter; left time: 497.3016s
	iters: 2300, epoch: 12 | loss: 0.3696211
	speed: 0.0149s/iter; left time: 527.6223s
	iters: 2400, epoch: 12 | loss: 0.3346947
	speed: 0.0130s/iter; left time: 460.1192s
	iters: 2500, epoch: 12 | loss: 0.3063336
	speed: 0.0137s/iter; left time: 483.5359s
	iters: 2600, epoch: 12 | loss: 0.4898068
	speed: 0.0108s/iter; left time: 380.3453s
	iters: 2700, epoch: 12 | loss: 0.5137941
	speed: 0.0126s/iter; left time: 441.4519s
	iters: 2800, epoch: 12 | loss: 0.5209484
	speed: 0.0109s/iter; left time: 381.8560s
	iters: 2900, epoch: 12 | loss: 0.3819084
	speed: 0.0118s/iter; left time: 410.9267s
	iters: 3000, epoch: 12 | loss: 0.3378024
	speed: 0.0110s/iter; left time: 382.0571s
	iters: 3100, epoch: 12 | loss: 0.3428348
	speed: 0.0107s/iter; left time: 371.0706s
	iters: 3200, epoch: 12 | loss: 0.3798216
	speed: 0.0104s/iter; left time: 358.5161s
	iters: 3300, epoch: 12 | loss: 0.3463345
	speed: 0.0103s/iter; left time: 355.3216s
	iters: 3400, epoch: 12 | loss: 0.4195782
	speed: 0.0104s/iter; left time: 358.1527s
	iters: 3500, epoch: 12 | loss: 0.3915613
	speed: 0.0108s/iter; left time: 370.0810s
	iters: 3600, epoch: 12 | loss: 0.3457828
	speed: 0.0116s/iter; left time: 397.0234s
	iters: 3700, epoch: 12 | loss: 0.3958798
	speed: 0.0108s/iter; left time: 367.2141s
	iters: 3800, epoch: 12 | loss: 0.3113375
	speed: 0.0117s/iter; left time: 395.0236s
	iters: 3900, epoch: 12 | loss: 0.3261342
	speed: 0.0121s/iter; left time: 409.5511s
	iters: 4000, epoch: 12 | loss: 0.3580454
	speed: 0.0112s/iter; left time: 378.8667s
	iters: 4100, epoch: 12 | loss: 0.4921415
	speed: 0.0113s/iter; left time: 378.8472s
Epoch: 12 cost time: 53.966243743896484
Epoch: 12, Steps: 4188 | Train Loss: 0.3857477 Vali Loss: 0.8596191 Test Loss: 0.4264236
EarlyStopping counter: 3 out of 5
Updating learning rate to 2.44140625e-06
	iters: 100, epoch: 13 | loss: 0.4386172
	speed: 0.0798s/iter; left time: 2666.9076s
	iters: 200, epoch: 13 | loss: 0.3576153
	speed: 0.0125s/iter; left time: 416.9013s
	iters: 300, epoch: 13 | loss: 0.3303967
	speed: 0.0132s/iter; left time: 437.7107s
	iters: 400, epoch: 13 | loss: 0.4116329
	speed: 0.0129s/iter; left time: 428.6910s
	iters: 500, epoch: 13 | loss: 0.4649861
	speed: 0.0122s/iter; left time: 402.3551s
	iters: 600, epoch: 13 | loss: 0.4706683
	speed: 0.0130s/iter; left time: 426.2814s
	iters: 700, epoch: 13 | loss: 0.3300496
	speed: 0.0132s/iter; left time: 433.4078s
	iters: 800, epoch: 13 | loss: 0.3141282
	speed: 0.0128s/iter; left time: 418.2025s
	iters: 900, epoch: 13 | loss: 0.3378821
	speed: 0.0145s/iter; left time: 472.3094s
	iters: 1000, epoch: 13 | loss: 0.3922408
	speed: 0.0128s/iter; left time: 414.8925s
	iters: 1100, epoch: 13 | loss: 0.4123932
	speed: 0.0113s/iter; left time: 365.3623s
	iters: 1200, epoch: 13 | loss: 0.3944197
	speed: 0.0093s/iter; left time: 301.5596s
	iters: 1300, epoch: 13 | loss: 0.4617784
	speed: 0.0126s/iter; left time: 404.7036s
	iters: 1400, epoch: 13 | loss: 0.3679797
	speed: 0.0128s/iter; left time: 411.1082s
	iters: 1500, epoch: 13 | loss: 0.3141803
	speed: 0.0130s/iter; left time: 415.2506s
	iters: 1600, epoch: 13 | loss: 0.4096853
	speed: 0.0134s/iter; left time: 429.0883s
	iters: 1700, epoch: 13 | loss: 0.3770914
	speed: 0.0133s/iter; left time: 422.8429s
	iters: 1800, epoch: 13 | loss: 0.3553894
	speed: 0.0137s/iter; left time: 434.5157s
	iters: 1900, epoch: 13 | loss: 0.5163728
	speed: 0.0133s/iter; left time: 420.6901s
	iters: 2000, epoch: 13 | loss: 0.3686448
	speed: 0.0135s/iter; left time: 424.8802s
	iters: 2100, epoch: 13 | loss: 0.4858489
	speed: 0.0134s/iter; left time: 420.9736s
	iters: 2200, epoch: 13 | loss: 0.5370547
	speed: 0.0135s/iter; left time: 423.1585s
	iters: 2300, epoch: 13 | loss: 0.2787874
	speed: 0.0121s/iter; left time: 378.9230s
	iters: 2400, epoch: 13 | loss: 0.3425882
	speed: 0.0121s/iter; left time: 375.8882s
	iters: 2500, epoch: 13 | loss: 0.3127103
	speed: 0.0120s/iter; left time: 370.6331s
	iters: 2600, epoch: 13 | loss: 0.4688117
	speed: 0.0114s/iter; left time: 353.3213s
	iters: 2700, epoch: 13 | loss: 0.3838975
	speed: 0.0102s/iter; left time: 313.1332s
	iters: 2800, epoch: 13 | loss: 0.4309340
	speed: 0.0099s/iter; left time: 304.9651s
	iters: 2900, epoch: 13 | loss: 0.4246585
	speed: 0.0090s/iter; left time: 275.2959s
	iters: 3000, epoch: 13 | loss: 0.4144639
	speed: 0.0090s/iter; left time: 274.2973s
	iters: 3100, epoch: 13 | loss: 0.3455080
	speed: 0.0092s/iter; left time: 278.2528s
	iters: 3200, epoch: 13 | loss: 0.3471547
	speed: 0.0093s/iter; left time: 280.7785s
	iters: 3300, epoch: 13 | loss: 0.4098651
	speed: 0.0102s/iter; left time: 307.6019s
	iters: 3400, epoch: 13 | loss: 0.4278475
	speed: 0.0106s/iter; left time: 317.7141s
	iters: 3500, epoch: 13 | loss: 0.3409528
	speed: 0.0125s/iter; left time: 373.7698s
	iters: 3600, epoch: 13 | loss: 0.4744514
	speed: 0.0121s/iter; left time: 361.4404s
	iters: 3700, epoch: 13 | loss: 0.4257786
	speed: 0.0117s/iter; left time: 348.8690s
	iters: 3800, epoch: 13 | loss: 0.3931672
	speed: 0.0113s/iter; left time: 336.6139s
	iters: 3900, epoch: 13 | loss: 0.3280903
	speed: 0.0109s/iter; left time: 322.2176s
	iters: 4000, epoch: 13 | loss: 0.3747470
	speed: 0.0108s/iter; left time: 317.6205s
	iters: 4100, epoch: 13 | loss: 0.3648525
	speed: 0.0107s/iter; left time: 314.1443s
Epoch: 13 cost time: 49.49140906333923
Epoch: 13, Steps: 4188 | Train Loss: 0.3856104 Vali Loss: 0.8582383 Test Loss: 0.4266541
EarlyStopping counter: 4 out of 5
Updating learning rate to 1.220703125e-06
	iters: 100, epoch: 14 | loss: 0.4003272
	speed: 0.0975s/iter; left time: 2848.6048s
	iters: 200, epoch: 14 | loss: 0.3987927
	speed: 0.0119s/iter; left time: 345.4169s
	iters: 300, epoch: 14 | loss: 0.4439913
	speed: 0.0118s/iter; left time: 341.0289s
	iters: 400, epoch: 14 | loss: 0.2790290
	speed: 0.0119s/iter; left time: 343.3879s
	iters: 500, epoch: 14 | loss: 0.3995136
	speed: 0.0096s/iter; left time: 277.3355s
	iters: 600, epoch: 14 | loss: 0.3977419
	speed: 0.0108s/iter; left time: 308.8392s
	iters: 700, epoch: 14 | loss: 0.2779900
	speed: 0.0087s/iter; left time: 248.1888s
	iters: 800, epoch: 14 | loss: 0.2864665
	speed: 0.0104s/iter; left time: 297.8292s
	iters: 900, epoch: 14 | loss: 0.3720464
	speed: 0.0105s/iter; left time: 299.6376s
	iters: 1000, epoch: 14 | loss: 0.4015814
	speed: 0.0105s/iter; left time: 298.5429s
	iters: 1100, epoch: 14 | loss: 0.5494008
	speed: 0.0109s/iter; left time: 306.9352s
	iters: 1200, epoch: 14 | loss: 0.3349342
	speed: 0.0108s/iter; left time: 304.2870s
	iters: 1300, epoch: 14 | loss: 0.3292596
	speed: 0.0110s/iter; left time: 307.1909s
	iters: 1400, epoch: 14 | loss: 0.6009636
	speed: 0.0111s/iter; left time: 309.7008s
	iters: 1500, epoch: 14 | loss: 0.4092045
	speed: 0.0111s/iter; left time: 309.6993s
	iters: 1600, epoch: 14 | loss: 0.6672435
	speed: 0.0109s/iter; left time: 302.2667s
	iters: 1700, epoch: 14 | loss: 0.4151968
	speed: 0.0110s/iter; left time: 302.4836s
	iters: 1800, epoch: 14 | loss: 0.3864390
	speed: 0.0111s/iter; left time: 304.1428s
	iters: 1900, epoch: 14 | loss: 0.4185687
	speed: 0.0110s/iter; left time: 301.9855s
	iters: 2000, epoch: 14 | loss: 0.3632905
	speed: 0.0102s/iter; left time: 279.3298s
	iters: 2100, epoch: 14 | loss: 0.3174016
	speed: 0.0102s/iter; left time: 277.9303s
	iters: 2200, epoch: 14 | loss: 0.3427736
	speed: 0.0105s/iter; left time: 285.4138s
	iters: 2300, epoch: 14 | loss: 0.3630779
	speed: 0.0101s/iter; left time: 271.5722s
	iters: 2400, epoch: 14 | loss: 0.3025067
	speed: 0.0085s/iter; left time: 229.3893s
	iters: 2500, epoch: 14 | loss: 0.4678954
	speed: 0.0093s/iter; left time: 248.4038s
	iters: 2600, epoch: 14 | loss: 0.3403588
	speed: 0.0093s/iter; left time: 248.4593s
	iters: 2700, epoch: 14 | loss: 0.3901080
	speed: 0.0084s/iter; left time: 223.6543s
	iters: 2800, epoch: 14 | loss: 0.4567195
	speed: 0.0079s/iter; left time: 210.5582s
	iters: 2900, epoch: 14 | loss: 0.3492047
	speed: 0.0083s/iter; left time: 218.5556s
	iters: 3000, epoch: 14 | loss: 0.3857690
	speed: 0.0095s/iter; left time: 250.3334s
	iters: 3100, epoch: 14 | loss: 0.4045178
	speed: 0.0092s/iter; left time: 241.3831s
	iters: 3200, epoch: 14 | loss: 0.4524522
	speed: 0.0094s/iter; left time: 245.0044s
	iters: 3300, epoch: 14 | loss: 0.3853625
	speed: 0.0095s/iter; left time: 247.2495s
	iters: 3400, epoch: 14 | loss: 0.4411363
	speed: 0.0097s/iter; left time: 250.4637s
	iters: 3500, epoch: 14 | loss: 0.4522817
	speed: 0.0096s/iter; left time: 248.6327s
	iters: 3600, epoch: 14 | loss: 0.2725184
	speed: 0.0097s/iter; left time: 248.5147s
	iters: 3700, epoch: 14 | loss: 0.4734172
	speed: 0.0098s/iter; left time: 251.0922s
	iters: 3800, epoch: 14 | loss: 0.3489020
	speed: 0.0102s/iter; left time: 260.5532s
	iters: 3900, epoch: 14 | loss: 0.3410614
	speed: 0.0105s/iter; left time: 265.8961s
	iters: 4000, epoch: 14 | loss: 0.3085403
	speed: 0.0102s/iter; left time: 258.0643s
	iters: 4100, epoch: 14 | loss: 0.3797093
	speed: 0.0096s/iter; left time: 242.3601s
Epoch: 14 cost time: 42.44810199737549
Epoch: 14, Steps: 4188 | Train Loss: 0.3855502 Vali Loss: 0.8592008 Test Loss: 0.4261347
EarlyStopping counter: 5 out of 5
Early stopping
>>>>>>>testing : ETTm1_336_720_Linear_ETTm1_ftM_sl336_ll48_pl720_dm512_nh8_el2_dl1_df2048_fc1_ebtimeF_dtTrue_Exp_0_seed15349<<<<<<<<<<<<<<<<<<<<<<<<<<<<<<<<<
test 10801
mse:0.43023642897605896, mae:0.4200403392314911
