Args in experiment:
Namespace(activation='gelu', batch_size=32, c_out=7, checkpoints='./checkpoints/', d_ff=2048, d_layers=1, d_model=512, data='ETTh1', data_path='ETTh1.csv', dec_in=7, des='Exp', devices='0,1,2,3', distil=True, do_predict=False, dropout=0.05, e_layers=2, embed='timeF', embed_type=0, enc_in=7, factor=1, features='M', freq='h', gpu=0, individual=True, is_training=1, itr=1, label_len=48, learning_rate=0.005, loss='mse', lradj='type1', model='Linear', model_id='ETTh1_336_336', moving_avg=25, n_heads=8, num_workers=0, output_attention=False, patience=5, pred_len=336, root_path='./dataset/', save_pred_values=False, seed=10458, seq_len=336, target='OT', test_flop=False, train_epochs=20, train_only=False, use_amp=False, use_gpu=False, use_multi_gpu=False)
Use CPU
>>>>>>>start training : ETTh1_336_336_Linear_ETTh1_ftM_sl336_ll48_pl336_dm512_nh8_el2_dl1_df2048_fc1_ebtimeF_dtTrue_Exp_0_seed10458>>>>>>>>>>>>>>>>>>>>>>>>>>
train 7969
val 2545
test 2545
	iters: 100, epoch: 1 | loss: 0.5366053
	speed: 0.0088s/iter; left time: 42.8347s
	iters: 200, epoch: 1 | loss: 0.5193270
	speed: 0.0076s/iter; left time: 36.1966s
Epoch: 1 cost time: 2.0338902473449707
Epoch: 1, Steps: 249 | Train Loss: 0.5284946 Vali Loss: 1.2836654 Test Loss: 0.5208560
Validation loss decreased (inf --> 1.283665).  Saving model ...
Updating learning rate to 0.005
	iters: 100, epoch: 2 | loss: 0.4743316
	speed: 0.0178s/iter; left time: 82.4648s
	iters: 200, epoch: 2 | loss: 0.4810853
	speed: 0.0091s/iter; left time: 41.3374s
Epoch: 2 cost time: 2.2102348804473877
Epoch: 2, Steps: 249 | Train Loss: 0.4939434 Vali Loss: 1.2665117 Test Loss: 0.5059165
Validation loss decreased (1.283665 --> 1.266512).  Saving model ...
Updating learning rate to 0.0025
	iters: 100, epoch: 3 | loss: 0.4162154
	speed: 0.0177s/iter; left time: 77.6517s
	iters: 200, epoch: 3 | loss: 0.4051208
	speed: 0.0078s/iter; left time: 33.4500s
Epoch: 3 cost time: 2.0153868198394775
Epoch: 3, Steps: 249 | Train Loss: 0.4501504 Vali Loss: 1.1711206 Test Loss: 0.4701656
Validation loss decreased (1.266512 --> 1.171121).  Saving model ...
Updating learning rate to 0.00125
	iters: 100, epoch: 4 | loss: 0.4616159
	speed: 0.0170s/iter; left time: 70.2066s
	iters: 200, epoch: 4 | loss: 0.3695468
	speed: 0.0078s/iter; left time: 31.3550s
Epoch: 4 cost time: 1.9928386211395264
Epoch: 4, Steps: 249 | Train Loss: 0.4294475 Vali Loss: 1.1676568 Test Loss: 0.4628061
Validation loss decreased (1.171121 --> 1.167657).  Saving model ...
Updating learning rate to 0.000625
	iters: 100, epoch: 5 | loss: 0.4322855
	speed: 0.0170s/iter; left time: 66.1389s
	iters: 200, epoch: 5 | loss: 0.4463423
	speed: 0.0092s/iter; left time: 34.7840s
Epoch: 5 cost time: 2.158032178878784
Epoch: 5, Steps: 249 | Train Loss: 0.4193149 Vali Loss: 1.1537819 Test Loss: 0.4565609
Validation loss decreased (1.167657 --> 1.153782).  Saving model ...
Updating learning rate to 0.0003125
	iters: 100, epoch: 6 | loss: 0.4780745
	speed: 0.0183s/iter; left time: 66.3737s
	iters: 200, epoch: 6 | loss: 0.3318054
	speed: 0.0082s/iter; left time: 28.8230s
Epoch: 6 cost time: 1.9194083213806152
Epoch: 6, Steps: 249 | Train Loss: 0.4140514 Vali Loss: 1.1436758 Test Loss: 0.4452577
Validation loss decreased (1.153782 --> 1.143676).  Saving model ...
Updating learning rate to 0.00015625
	iters: 100, epoch: 7 | loss: 0.4373690
	speed: 0.0147s/iter; left time: 49.8186s
	iters: 200, epoch: 7 | loss: 0.3974046
	speed: 0.0079s/iter; left time: 25.9302s
Epoch: 7 cost time: 1.9558162689208984
Epoch: 7, Steps: 249 | Train Loss: 0.4110474 Vali Loss: 1.1511129 Test Loss: 0.4469840
EarlyStopping counter: 1 out of 5
Updating learning rate to 7.8125e-05
	iters: 100, epoch: 8 | loss: 0.4607174
	speed: 0.0166s/iter; left time: 52.1984s
	iters: 200, epoch: 8 | loss: 0.3610300
	speed: 0.0078s/iter; left time: 23.6733s
Epoch: 8 cost time: 2.040438652038574
Epoch: 8, Steps: 249 | Train Loss: 0.4093019 Vali Loss: 1.1394763 Test Loss: 0.4463774
Validation loss decreased (1.143676 --> 1.139476).  Saving model ...
Updating learning rate to 3.90625e-05
	iters: 100, epoch: 9 | loss: 0.3860298
	speed: 0.0194s/iter; left time: 56.1623s
	iters: 200, epoch: 9 | loss: 0.4048173
	speed: 0.0078s/iter; left time: 21.7272s
Epoch: 9 cost time: 2.050732135772705
Epoch: 9, Steps: 249 | Train Loss: 0.4084623 Vali Loss: 1.1419880 Test Loss: 0.4458973
EarlyStopping counter: 1 out of 5
Updating learning rate to 1.953125e-05
	iters: 100, epoch: 10 | loss: 0.3705555
	speed: 0.0180s/iter; left time: 47.5313s
	iters: 200, epoch: 10 | loss: 0.4190671
	speed: 0.0078s/iter; left time: 19.9202s
Epoch: 10 cost time: 2.1029038429260254
Epoch: 10, Steps: 249 | Train Loss: 0.4080269 Vali Loss: 1.1384737 Test Loss: 0.4452616
Validation loss decreased (1.139476 --> 1.138474).  Saving model ...
Updating learning rate to 9.765625e-06
	iters: 100, epoch: 11 | loss: 0.4186149
	speed: 0.0151s/iter; left time: 36.0784s
	iters: 200, epoch: 11 | loss: 0.4448113
	speed: 0.0072s/iter; left time: 16.5637s
Epoch: 11 cost time: 1.8388943672180176
Epoch: 11, Steps: 249 | Train Loss: 0.4078109 Vali Loss: 1.1396177 Test Loss: 0.4465419
EarlyStopping counter: 1 out of 5
Updating learning rate to 4.8828125e-06
	iters: 100, epoch: 12 | loss: 0.4664629
	speed: 0.0181s/iter; left time: 38.7157s
	iters: 200, epoch: 12 | loss: 0.4240001
	speed: 0.0080s/iter; left time: 16.3783s
Epoch: 12 cost time: 2.029513359069824
Epoch: 12, Steps: 249 | Train Loss: 0.4076377 Vali Loss: 1.1404676 Test Loss: 0.4464950
EarlyStopping counter: 2 out of 5
Updating learning rate to 2.44140625e-06
	iters: 100, epoch: 13 | loss: 0.3801874
	speed: 0.0146s/iter; left time: 27.5529s
	iters: 200, epoch: 13 | loss: 0.4028478
	speed: 0.0071s/iter; left time: 12.7852s
Epoch: 13 cost time: 1.7571210861206055
Epoch: 13, Steps: 249 | Train Loss: 0.4075548 Vali Loss: 1.1363516 Test Loss: 0.4462513
Validation loss decreased (1.138474 --> 1.136352).  Saving model ...
Updating learning rate to 1.220703125e-06
	iters: 100, epoch: 14 | loss: 0.4191273
	speed: 0.0159s/iter; left time: 26.1942s
	iters: 200, epoch: 14 | loss: 0.4887492
	speed: 0.0065s/iter; left time: 9.9896s
Epoch: 14 cost time: 1.7645504474639893
Epoch: 14, Steps: 249 | Train Loss: 0.4074998 Vali Loss: 1.1398301 Test Loss: 0.4460916
EarlyStopping counter: 1 out of 5
Updating learning rate to 6.103515625e-07
	iters: 100, epoch: 15 | loss: 0.4050538
	speed: 0.0121s/iter; left time: 16.8753s
	iters: 200, epoch: 15 | loss: 0.3687267
	speed: 0.0057s/iter; left time: 7.3404s
Epoch: 15 cost time: 1.4411063194274902
Epoch: 15, Steps: 249 | Train Loss: 0.4074436 Vali Loss: 1.1378452 Test Loss: 0.4460786
EarlyStopping counter: 2 out of 5
Updating learning rate to 3.0517578125e-07
	iters: 100, epoch: 16 | loss: 0.3980677
	speed: 0.0127s/iter; left time: 14.5133s
	iters: 200, epoch: 16 | loss: 0.3958203
	speed: 0.0056s/iter; left time: 5.9066s
Epoch: 16 cost time: 1.4556829929351807
Epoch: 16, Steps: 249 | Train Loss: 0.4074843 Vali Loss: 1.1392194 Test Loss: 0.4460395
EarlyStopping counter: 3 out of 5
Updating learning rate to 1.52587890625e-07
	iters: 100, epoch: 17 | loss: 0.4437063
	speed: 0.0105s/iter; left time: 9.4305s
	iters: 200, epoch: 17 | loss: 0.3632169
	speed: 0.0040s/iter; left time: 3.1960s
Epoch: 17 cost time: 1.1032071113586426
Epoch: 17, Steps: 249 | Train Loss: 0.4074670 Vali Loss: 1.1383497 Test Loss: 0.4460422
EarlyStopping counter: 4 out of 5
Updating learning rate to 7.62939453125e-08
	iters: 100, epoch: 18 | loss: 0.4217815
	speed: 0.0081s/iter; left time: 5.2373s
	iters: 200, epoch: 18 | loss: 0.4195682
	speed: 0.0040s/iter; left time: 2.1987s
Epoch: 18 cost time: 1.0702803134918213
Epoch: 18, Steps: 249 | Train Loss: 0.4074822 Vali Loss: 1.1379129 Test Loss: 0.4460385
EarlyStopping counter: 5 out of 5
Early stopping
>>>>>>>testing : ETTh1_336_336_Linear_ETTh1_ftM_sl336_ll48_pl336_dm512_nh8_el2_dl1_df2048_fc1_ebtimeF_dtTrue_Exp_0_seed10458<<<<<<<<<<<<<<<<<<<<<<<<<<<<<<<<<
test 2545
mse:0.4457564353942871, mae:0.44125378131866455
