Args in experiment:
Namespace(activation='gelu', batch_size=32, c_out=7, checkpoints='./checkpoints/', d_ff=2048, d_layers=1, d_model=512, data='custom', data_path='national_illness.csv', dec_in=7, des='Exp', devices='0,1,2,3', distil=True, do_predict=False, dropout=0.05, e_layers=2, embed='timeF', embed_type=0, enc_in=7, factor=1, features='M', freq='h', gpu=0, individual=True, is_training=1, itr=1, label_len=18, learning_rate=0.05, loss='mse', lradj='type1', model='Linear', model_id='national_illness_104_60', moving_avg=25, n_heads=8, num_workers=0, output_attention=False, patience=5, pred_len=60, root_path='./dataset/', save_pred_values=False, seed=32598, seq_len=104, target='OT', test_flop=False, train_epochs=20, train_only=False, use_amp=False, use_gpu=False, use_multi_gpu=False)
Use CPU
>>>>>>>start training : national_illness_104_60_Linear_custom_ftM_sl104_ll18_pl60_dm512_nh8_el2_dl1_df2048_fc1_ebtimeF_dtTrue_Exp_0_seed32598>>>>>>>>>>>>>>>>>>>>>>>>>>
train 513
val 38
test 134
Epoch: 1 cost time: 0.037000417709350586
Epoch: 1, Steps: 16 | Train Loss: 1.6311683 Vali Loss: 0.8616220 Test Loss: 5.0487976
Validation loss decreased (inf --> 0.861622).  Saving model ...
Updating learning rate to 0.05
Epoch: 2 cost time: 0.03099966049194336
Epoch: 2, Steps: 16 | Train Loss: 0.9026795 Vali Loss: 0.4703392 Test Loss: 3.8696568
Validation loss decreased (0.861622 --> 0.470339).  Saving model ...
Updating learning rate to 0.025
Epoch: 3 cost time: 0.031000375747680664
Epoch: 3, Steps: 16 | Train Loss: 0.6317551 Vali Loss: 0.3581995 Test Loss: 3.1007113
Validation loss decreased (0.470339 --> 0.358200).  Saving model ...
Updating learning rate to 0.0125
Epoch: 4 cost time: 0.031999826431274414
Epoch: 4, Steps: 16 | Train Loss: 0.5073687 Vali Loss: 0.2831070 Test Loss: 2.5890839
Validation loss decreased (0.358200 --> 0.283107).  Saving model ...
Updating learning rate to 0.00625
Epoch: 5 cost time: 0.03099989891052246
Epoch: 5, Steps: 16 | Train Loss: 0.4697803 Vali Loss: 0.2854039 Test Loss: 2.7407711
EarlyStopping counter: 1 out of 5
Updating learning rate to 0.003125
Epoch: 6 cost time: 0.031000614166259766
Epoch: 6, Steps: 16 | Train Loss: 0.4456211 Vali Loss: 0.2515316 Test Loss: 2.6380544
Validation loss decreased (0.283107 --> 0.251532).  Saving model ...
Updating learning rate to 0.0015625
Epoch: 7 cost time: 0.031000375747680664
Epoch: 7, Steps: 16 | Train Loss: 0.4397562 Vali Loss: 0.2708663 Test Loss: 2.6451247
EarlyStopping counter: 1 out of 5
Updating learning rate to 0.00078125
Epoch: 8 cost time: 0.029999971389770508
Epoch: 8, Steps: 16 | Train Loss: 0.4407643 Vali Loss: 0.2551682 Test Loss: 2.6514721
EarlyStopping counter: 2 out of 5
Updating learning rate to 0.000390625
Epoch: 9 cost time: 0.031000137329101562
Epoch: 9, Steps: 16 | Train Loss: 0.4401871 Vali Loss: 0.2568244 Test Loss: 2.6492493
EarlyStopping counter: 3 out of 5
Updating learning rate to 0.0001953125
Epoch: 10 cost time: 0.03099989891052246
Epoch: 10, Steps: 16 | Train Loss: 0.4392059 Vali Loss: 0.2558920 Test Loss: 2.6453044
EarlyStopping counter: 4 out of 5
Updating learning rate to 9.765625e-05
Epoch: 11 cost time: 0.029999971389770508
Epoch: 11, Steps: 16 | Train Loss: 0.4390007 Vali Loss: 0.2512772 Test Loss: 2.6436393
Validation loss decreased (0.251532 --> 0.251277).  Saving model ...
Updating learning rate to 4.8828125e-05
Epoch: 12 cost time: 0.02833843231201172
Epoch: 12, Steps: 16 | Train Loss: 0.4387069 Vali Loss: 0.2603846 Test Loss: 2.6443205
EarlyStopping counter: 1 out of 5
Updating learning rate to 2.44140625e-05
Epoch: 13 cost time: 0.03551363945007324
Epoch: 13, Steps: 16 | Train Loss: 0.4347989 Vali Loss: 0.2599847 Test Loss: 2.6439445
EarlyStopping counter: 2 out of 5
Updating learning rate to 1.220703125e-05
Epoch: 14 cost time: 0.03699994087219238
Epoch: 14, Steps: 16 | Train Loss: 0.4386417 Vali Loss: 0.2602413 Test Loss: 2.6437824
EarlyStopping counter: 3 out of 5
Updating learning rate to 6.103515625e-06
Epoch: 15 cost time: 0.03500056266784668
Epoch: 15, Steps: 16 | Train Loss: 0.4385437 Vali Loss: 0.2604946 Test Loss: 2.6438682
EarlyStopping counter: 4 out of 5
Updating learning rate to 3.0517578125e-06
Epoch: 16 cost time: 0.030998945236206055
Epoch: 16, Steps: 16 | Train Loss: 0.4387701 Vali Loss: 0.2562935 Test Loss: 2.6438222
EarlyStopping counter: 5 out of 5
Early stopping
>>>>>>>testing : national_illness_104_60_Linear_custom_ftM_sl104_ll18_pl60_dm512_nh8_el2_dl1_df2048_fc1_ebtimeF_dtTrue_Exp_0_seed32598<<<<<<<<<<<<<<<<<<<<<<<<<<<<<<<<<
test 134
mse:2.453622341156006, mae:1.095184564590454
