Args in experiment:
Namespace(activation='gelu', batch_size=32, c_out=7, checkpoints='./checkpoints/', d_ff=2048, d_layers=1, d_model=512, data='custom', data_path='exchange_rate.csv', dec_in=7, des='Exp', devices='0,1,2,3', distil=True, do_predict=False, dropout=0.05, e_layers=2, embed='timeF', embed_type=0, enc_in=8, factor=1, features='M', freq='h', gpu=0, individual=True, is_training=1, itr=1, label_len=48, learning_rate=0.0005, loss='mse', lradj='type1', model='Linear', model_id='Exchange_336_336', moving_avg=25, n_heads=8, num_workers=0, output_attention=False, patience=5, pred_len=336, root_path='./dataset/', save_pred_values=False, seed=3144, seq_len=336, target='OT', test_flop=False, train_epochs=20, train_only=False, use_amp=False, use_gpu=False, use_multi_gpu=False)
Use CPU
>>>>>>>start training : Exchange_336_336_Linear_custom_ftM_sl336_ll48_pl336_dm512_nh8_el2_dl1_df2048_fc1_ebtimeF_dtTrue_Exp_0_seed3144>>>>>>>>>>>>>>>>>>>>>>>>>>
train 4640
val 425
test 1182
	iters: 100, epoch: 1 | loss: 0.3334534
	speed: 0.0097s/iter; left time: 27.0932s
Epoch: 1 cost time: 1.369572639465332
Epoch: 1, Steps: 145 | Train Loss: 0.4282286 Vali Loss: 1.4909688 Test Loss: 0.4611043
Validation loss decreased (inf --> 1.490969).  Saving model ...
Updating learning rate to 0.0005
	iters: 100, epoch: 2 | loss: 0.4071801
	speed: 0.0164s/iter; left time: 43.6764s
Epoch: 2 cost time: 1.4691355228424072
Epoch: 2, Steps: 145 | Train Loss: 0.3658829 Vali Loss: 1.5370847 Test Loss: 0.5097336
EarlyStopping counter: 1 out of 5
Updating learning rate to 0.00025
	iters: 100, epoch: 3 | loss: 0.3901557
	speed: 0.0151s/iter; left time: 37.9496s
Epoch: 3 cost time: 1.3296923637390137
Epoch: 3, Steps: 145 | Train Loss: 0.3548893 Vali Loss: 1.2926052 Test Loss: 0.3681677
Validation loss decreased (1.490969 --> 1.292605).  Saving model ...
Updating learning rate to 0.000125
	iters: 100, epoch: 4 | loss: 0.4117069
	speed: 0.0146s/iter; left time: 34.5375s
Epoch: 4 cost time: 1.1821346282958984
Epoch: 4, Steps: 145 | Train Loss: 0.3489313 Vali Loss: 1.4193730 Test Loss: 0.4315510
EarlyStopping counter: 1 out of 5
Updating learning rate to 6.25e-05
	iters: 100, epoch: 5 | loss: 0.4032665
	speed: 0.0148s/iter; left time: 32.8587s
Epoch: 5 cost time: 1.4828600883483887
Epoch: 5, Steps: 145 | Train Loss: 0.3480217 Vali Loss: 1.2296970 Test Loss: 0.3712991
Validation loss decreased (1.292605 --> 1.229697).  Saving model ...
Updating learning rate to 3.125e-05
	iters: 100, epoch: 6 | loss: 0.3294615
	speed: 0.0144s/iter; left time: 29.8667s
Epoch: 6 cost time: 1.2062475681304932
Epoch: 6, Steps: 145 | Train Loss: 0.3466001 Vali Loss: 1.2042423 Test Loss: 0.3586819
Validation loss decreased (1.229697 --> 1.204242).  Saving model ...
Updating learning rate to 1.5625e-05
	iters: 100, epoch: 7 | loss: 0.3932818
	speed: 0.0135s/iter; left time: 25.9746s
Epoch: 7 cost time: 1.1111419200897217
Epoch: 7, Steps: 145 | Train Loss: 0.3460196 Vali Loss: 1.2309705 Test Loss: 0.3630265
EarlyStopping counter: 1 out of 5
Updating learning rate to 7.8125e-06
	iters: 100, epoch: 8 | loss: 0.4215308
	speed: 0.0123s/iter; left time: 21.9524s
Epoch: 8 cost time: 1.1115009784698486
Epoch: 8, Steps: 145 | Train Loss: 0.3457312 Vali Loss: 1.2426193 Test Loss: 0.3731224
EarlyStopping counter: 2 out of 5
Updating learning rate to 3.90625e-06
	iters: 100, epoch: 9 | loss: 0.3643984
	speed: 0.0140s/iter; left time: 22.9720s
Epoch: 9 cost time: 1.267249345779419
Epoch: 9, Steps: 145 | Train Loss: 0.3455870 Vali Loss: 1.2400393 Test Loss: 0.3732941
EarlyStopping counter: 3 out of 5
Updating learning rate to 1.953125e-06
	iters: 100, epoch: 10 | loss: 0.3830429
	speed: 0.0139s/iter; left time: 20.7845s
Epoch: 10 cost time: 1.1921350955963135
Epoch: 10, Steps: 145 | Train Loss: 0.3455179 Vali Loss: 1.2315383 Test Loss: 0.3706027
EarlyStopping counter: 4 out of 5
Updating learning rate to 9.765625e-07
	iters: 100, epoch: 11 | loss: 0.3505818
	speed: 0.0129s/iter; left time: 17.4771s
Epoch: 11 cost time: 1.1431803703308105
Epoch: 11, Steps: 145 | Train Loss: 0.3454569 Vali Loss: 1.2346690 Test Loss: 0.3701515
EarlyStopping counter: 5 out of 5
Early stopping
>>>>>>>testing : Exchange_336_336_Linear_custom_ftM_sl336_ll48_pl336_dm512_nh8_el2_dl1_df2048_fc1_ebtimeF_dtTrue_Exp_0_seed3144<<<<<<<<<<<<<<<<<<<<<<<<<<<<<<<<<
test 1182
mse:0.35849419236183167, mae:0.45449426770210266
