Args in experiment:
Namespace(activation='gelu', batch_size=16, c_out=7, checkpoints='./checkpoints/', d_ff=2048, d_layers=1, d_model=512, data='custom', data_path='electricity.csv', dec_in=7, des='Exp', devices='0,1,2,3', distil=True, do_predict=False, dropout=0.05, e_layers=2, embed='timeF', embed_type=0, enc_in=321, factor=1, features='M', freq='h', gpu=0, individual=True, is_training=1, itr=1, label_len=48, learning_rate=0.005, loss='mse', lradj='type1', model='Linear', model_id='Electricity_336_336', moving_avg=25, n_heads=8, num_workers=0, output_attention=False, patience=5, pred_len=336, root_path='./dataset/', save_pred_values=False, seed=10458, seq_len=336, target='OT', test_flop=False, train_epochs=20, train_only=False, use_amp=False, use_gpu=True, use_multi_gpu=False)
Use GPU: cuda:0
>>>>>>>start training : Electricity_336_336_Linear_custom_ftM_sl336_ll48_pl336_dm512_nh8_el2_dl1_df2048_fc1_ebtimeF_dtTrue_Exp_0_seed10458>>>>>>>>>>>>>>>>>>>>>>>>>>
train 17741
val 2297
test 4925
	iters: 100, epoch: 1 | loss: 0.2458824
	speed: 0.1013s/iter; left time: 2234.1351s
	iters: 200, epoch: 1 | loss: 0.2606373
	speed: 0.0889s/iter; left time: 1951.7702s
	iters: 300, epoch: 1 | loss: 0.2158433
	speed: 0.0859s/iter; left time: 1878.3573s
	iters: 400, epoch: 1 | loss: 0.2756804
	speed: 0.0855s/iter; left time: 1859.5451s
	iters: 500, epoch: 1 | loss: 0.2694882
	speed: 0.0858s/iter; left time: 1859.1436s
	iters: 600, epoch: 1 | loss: 0.2507221
	speed: 0.0868s/iter; left time: 1872.5705s
	iters: 700, epoch: 1 | loss: 0.2298568
	speed: 0.0868s/iter; left time: 1862.2182s
	iters: 800, epoch: 1 | loss: 0.2692777
	speed: 0.0860s/iter; left time: 1836.4761s
	iters: 900, epoch: 1 | loss: 0.2648254
	speed: 0.0857s/iter; left time: 1822.2036s
	iters: 1000, epoch: 1 | loss: 0.2574660
	speed: 0.0871s/iter; left time: 1843.6183s
	iters: 1100, epoch: 1 | loss: 0.2688268
	speed: 0.0864s/iter; left time: 1820.2346s
Epoch: 1 cost time: 97.36576747894287
Epoch: 1, Steps: 1108 | Train Loss: 0.2524377 Vali Loss: 0.2047087 Test Loss: 0.2367525
Validation loss decreased (inf --> 0.204709).  Saving model ...
Updating learning rate to 0.005
	iters: 100, epoch: 2 | loss: 0.2391316
	speed: 0.2490s/iter; left time: 5217.7557s
	iters: 200, epoch: 2 | loss: 0.2615295
	speed: 0.0885s/iter; left time: 1845.1846s
	iters: 300, epoch: 2 | loss: 0.2631917
	speed: 0.0893s/iter; left time: 1853.8695s
	iters: 400, epoch: 2 | loss: 0.2922255
	speed: 0.0859s/iter; left time: 1774.6080s
	iters: 500, epoch: 2 | loss: 0.2021956
	speed: 0.0854s/iter; left time: 1755.5896s
	iters: 600, epoch: 2 | loss: 0.2645521
	speed: 0.0855s/iter; left time: 1749.4880s
	iters: 700, epoch: 2 | loss: 0.2305519
	speed: 0.0857s/iter; left time: 1744.0118s
	iters: 800, epoch: 2 | loss: 0.2989674
	speed: 0.0859s/iter; left time: 1739.0057s
	iters: 900, epoch: 2 | loss: 0.2179812
	speed: 0.0856s/iter; left time: 1724.1780s
	iters: 1000, epoch: 2 | loss: 0.2594381
	speed: 0.0854s/iter; left time: 1711.8385s
	iters: 1100, epoch: 2 | loss: 0.2530810
	speed: 0.0851s/iter; left time: 1697.6601s
Epoch: 2 cost time: 96.0661072731018
Epoch: 2, Steps: 1108 | Train Loss: 0.2415719 Vali Loss: 0.2146647 Test Loss: 0.2443299
EarlyStopping counter: 1 out of 5
Updating learning rate to 0.0025
	iters: 100, epoch: 3 | loss: 0.1873109
	speed: 0.2271s/iter; left time: 4507.1682s
	iters: 200, epoch: 3 | loss: 0.1771807
	speed: 0.0881s/iter; left time: 1739.4818s
	iters: 300, epoch: 3 | loss: 0.2054973
	speed: 0.0865s/iter; left time: 1700.0107s
	iters: 400, epoch: 3 | loss: 0.1769969
	speed: 0.0857s/iter; left time: 1674.8882s
	iters: 500, epoch: 3 | loss: 0.1896649
	speed: 0.0855s/iter; left time: 1661.8387s
	iters: 600, epoch: 3 | loss: 0.1785073
	speed: 0.0856s/iter; left time: 1656.3370s
	iters: 700, epoch: 3 | loss: 0.2182751
	speed: 0.0858s/iter; left time: 1650.3362s
	iters: 800, epoch: 3 | loss: 0.1896474
	speed: 0.0858s/iter; left time: 1643.5280s
	iters: 900, epoch: 3 | loss: 0.2152680
	speed: 0.0860s/iter; left time: 1637.3840s
	iters: 1000, epoch: 3 | loss: 0.1942823
	speed: 0.0874s/iter; left time: 1654.9431s
	iters: 1100, epoch: 3 | loss: 0.1952133
	speed: 0.0873s/iter; left time: 1644.7947s
Epoch: 3 cost time: 95.7225022315979
Epoch: 3, Steps: 1108 | Train Loss: 0.1964782 Vali Loss: 0.1713435 Test Loss: 0.2008481
Validation loss decreased (0.204709 --> 0.171344).  Saving model ...
Updating learning rate to 0.00125
	iters: 100, epoch: 4 | loss: 0.1722097
	speed: 0.2452s/iter; left time: 4594.4410s
	iters: 200, epoch: 4 | loss: 0.1585611
	speed: 0.0873s/iter; left time: 1626.5490s
	iters: 300, epoch: 4 | loss: 0.1682573
	speed: 0.0894s/iter; left time: 1656.4324s
	iters: 400, epoch: 4 | loss: 0.2032137
	speed: 0.0867s/iter; left time: 1599.3237s
	iters: 500, epoch: 4 | loss: 0.1692720
	speed: 0.0883s/iter; left time: 1618.7299s
	iters: 600, epoch: 4 | loss: 0.1578459
	speed: 0.0861s/iter; left time: 1569.7741s
	iters: 700, epoch: 4 | loss: 0.1956941
	speed: 0.0863s/iter; left time: 1565.2724s
	iters: 800, epoch: 4 | loss: 0.2079950
	speed: 0.0865s/iter; left time: 1560.9765s
	iters: 900, epoch: 4 | loss: 0.2554017
	speed: 0.0869s/iter; left time: 1558.2265s
	iters: 1000, epoch: 4 | loss: 0.1679514
	speed: 0.0860s/iter; left time: 1534.5819s
	iters: 1100, epoch: 4 | loss: 0.1617491
	speed: 0.0868s/iter; left time: 1540.3440s
Epoch: 4 cost time: 96.54825282096863
Epoch: 4, Steps: 1108 | Train Loss: 0.1786858 Vali Loss: 0.1572865 Test Loss: 0.1814788
Validation loss decreased (0.171344 --> 0.157287).  Saving model ...
Updating learning rate to 0.000625
	iters: 100, epoch: 5 | loss: 0.1615729
	speed: 0.2428s/iter; left time: 4279.8687s
	iters: 200, epoch: 5 | loss: 0.1597876
	speed: 0.0862s/iter; left time: 1510.7111s
	iters: 300, epoch: 5 | loss: 0.1693207
	speed: 0.0864s/iter; left time: 1506.5652s
	iters: 400, epoch: 5 | loss: 0.1603139
	speed: 0.0892s/iter; left time: 1545.0227s
	iters: 500, epoch: 5 | loss: 0.1687223
	speed: 0.0889s/iter; left time: 1531.6885s
	iters: 600, epoch: 5 | loss: 0.1614137
	speed: 0.0899s/iter; left time: 1539.1565s
	iters: 700, epoch: 5 | loss: 0.1473358
	speed: 0.0859s/iter; left time: 1462.9197s
	iters: 800, epoch: 5 | loss: 0.1531259
	speed: 0.0857s/iter; left time: 1450.2351s
	iters: 900, epoch: 5 | loss: 0.1870351
	speed: 0.0853s/iter; left time: 1436.2547s
	iters: 1000, epoch: 5 | loss: 0.1910525
	speed: 0.0857s/iter; left time: 1434.4573s
	iters: 1100, epoch: 5 | loss: 0.1553609
	speed: 0.0865s/iter; left time: 1438.6165s
Epoch: 5 cost time: 96.51819086074829
Epoch: 5, Steps: 1108 | Train Loss: 0.1699473 Vali Loss: 0.1494491 Test Loss: 0.1744827
Validation loss decreased (0.157287 --> 0.149449).  Saving model ...
Updating learning rate to 0.0003125
	iters: 100, epoch: 6 | loss: 0.1714369
	speed: 0.2440s/iter; left time: 4031.3206s
	iters: 200, epoch: 6 | loss: 0.1341764
	speed: 0.0865s/iter; left time: 1419.8366s
	iters: 300, epoch: 6 | loss: 0.1448795
	speed: 0.0856s/iter; left time: 1397.3252s
	iters: 400, epoch: 6 | loss: 0.1772768
	speed: 0.0867s/iter; left time: 1405.6008s
	iters: 500, epoch: 6 | loss: 0.1548545
	speed: 0.0881s/iter; left time: 1420.2341s
	iters: 600, epoch: 6 | loss: 0.1661354
	speed: 0.0873s/iter; left time: 1398.5867s
	iters: 700, epoch: 6 | loss: 0.1558301
	speed: 0.0901s/iter; left time: 1434.7686s
	iters: 800, epoch: 6 | loss: 0.1852964
	speed: 0.0865s/iter; left time: 1368.3488s
	iters: 900, epoch: 6 | loss: 0.1816424
	speed: 0.0865s/iter; left time: 1360.5114s
	iters: 1000, epoch: 6 | loss: 0.1576730
	speed: 0.0854s/iter; left time: 1333.9985s
	iters: 1100, epoch: 6 | loss: 0.1340958
	speed: 0.0857s/iter; left time: 1330.8976s
Epoch: 6 cost time: 96.24937081336975
Epoch: 6, Steps: 1108 | Train Loss: 0.1651030 Vali Loss: 0.1443208 Test Loss: 0.1695185
Validation loss decreased (0.149449 --> 0.144321).  Saving model ...
Updating learning rate to 0.00015625
	iters: 100, epoch: 7 | loss: 0.1846337
	speed: 0.2472s/iter; left time: 3809.8030s
	iters: 200, epoch: 7 | loss: 0.1478290
	speed: 0.0863s/iter; left time: 1321.8343s
	iters: 300, epoch: 7 | loss: 0.1577396
	speed: 0.0871s/iter; left time: 1325.6532s
	iters: 400, epoch: 7 | loss: 0.1781776
	speed: 0.0876s/iter; left time: 1323.5566s
	iters: 500, epoch: 7 | loss: 0.1608719
	speed: 0.0875s/iter; left time: 1313.6024s
	iters: 600, epoch: 7 | loss: 0.1568214
	speed: 0.0878s/iter; left time: 1308.6664s
	iters: 700, epoch: 7 | loss: 0.1586271
	speed: 0.0895s/iter; left time: 1326.1693s
	iters: 800, epoch: 7 | loss: 0.1460195
	speed: 0.0882s/iter; left time: 1298.4061s
	iters: 900, epoch: 7 | loss: 0.1576315
	speed: 0.0865s/iter; left time: 1263.5409s
	iters: 1000, epoch: 7 | loss: 0.1437178
	speed: 0.0870s/iter; left time: 1263.1634s
	iters: 1100, epoch: 7 | loss: 0.2010423
	speed: 0.0868s/iter; left time: 1251.0268s
Epoch: 7 cost time: 96.9723334312439
Epoch: 7, Steps: 1108 | Train Loss: 0.1625157 Vali Loss: 0.1421555 Test Loss: 0.1668551
Validation loss decreased (0.144321 --> 0.142156).  Saving model ...
Updating learning rate to 7.8125e-05
	iters: 100, epoch: 8 | loss: 0.1556768
	speed: 0.2465s/iter; left time: 3525.8039s
	iters: 200, epoch: 8 | loss: 0.1644468
	speed: 0.0869s/iter; left time: 1233.8161s
	iters: 300, epoch: 8 | loss: 0.1547329
	speed: 0.0869s/iter; left time: 1225.4892s
	iters: 400, epoch: 8 | loss: 0.1465511
	speed: 0.0868s/iter; left time: 1215.1626s
	iters: 500, epoch: 8 | loss: 0.1499667
	speed: 0.0871s/iter; left time: 1211.3630s
	iters: 600, epoch: 8 | loss: 0.1410292
	speed: 0.0883s/iter; left time: 1219.6572s
	iters: 700, epoch: 8 | loss: 0.1515815
	speed: 0.0909s/iter; left time: 1245.2957s
	iters: 800, epoch: 8 | loss: 0.1614603
	speed: 0.0908s/iter; left time: 1234.9459s
	iters: 900, epoch: 8 | loss: 0.1414053
	speed: 0.0909s/iter; left time: 1227.8276s
	iters: 1000, epoch: 8 | loss: 0.1442089
	speed: 0.0860s/iter; left time: 1153.1322s
	iters: 1100, epoch: 8 | loss: 0.1625842
	speed: 0.0864s/iter; left time: 1149.1095s
Epoch: 8 cost time: 97.64537763595581
Epoch: 8, Steps: 1108 | Train Loss: 0.1611303 Vali Loss: 0.1416988 Test Loss: 0.1661868
Validation loss decreased (0.142156 --> 0.141699).  Saving model ...
Updating learning rate to 3.90625e-05
	iters: 100, epoch: 9 | loss: 0.1628025
	speed: 0.2402s/iter; left time: 3170.2492s
	iters: 200, epoch: 9 | loss: 0.1502916
	speed: 0.0827s/iter; left time: 1083.4363s
	iters: 300, epoch: 9 | loss: 0.1549530
	speed: 0.0828s/iter; left time: 1076.3371s
	iters: 400, epoch: 9 | loss: 0.1679763
	speed: 0.0831s/iter; left time: 1071.3149s
	iters: 500, epoch: 9 | loss: 0.1303206
	speed: 0.0842s/iter; left time: 1077.9764s
	iters: 600, epoch: 9 | loss: 0.1587914
	speed: 0.0837s/iter; left time: 1063.0810s
	iters: 700, epoch: 9 | loss: 0.1626000
	speed: 0.0864s/iter; left time: 1088.2599s
	iters: 800, epoch: 9 | loss: 0.1612374
	speed: 0.0878s/iter; left time: 1097.1286s
	iters: 900, epoch: 9 | loss: 0.1547280
	speed: 0.0871s/iter; left time: 1079.6900s
	iters: 1000, epoch: 9 | loss: 0.1431509
	speed: 0.0866s/iter; left time: 1064.9300s
	iters: 1100, epoch: 9 | loss: 0.1598167
	speed: 0.0867s/iter; left time: 1057.7536s
Epoch: 9 cost time: 94.2439477443695
Epoch: 9, Steps: 1108 | Train Loss: 0.1603646 Vali Loss: 0.1412643 Test Loss: 0.1660051
Validation loss decreased (0.141699 --> 0.141264).  Saving model ...
Updating learning rate to 1.953125e-05
	iters: 100, epoch: 10 | loss: 0.1695915
	speed: 0.2437s/iter; left time: 2946.1776s
	iters: 200, epoch: 10 | loss: 0.1798076
	speed: 0.0870s/iter; left time: 1042.9653s
	iters: 300, epoch: 10 | loss: 0.1349387
	speed: 0.0866s/iter; left time: 1029.8354s
	iters: 400, epoch: 10 | loss: 0.1470419
	speed: 0.0862s/iter; left time: 1016.7470s
	iters: 500, epoch: 10 | loss: 0.1378283
	speed: 0.0866s/iter; left time: 1011.7632s
	iters: 600, epoch: 10 | loss: 0.1523372
	speed: 0.0863s/iter; left time: 1000.0127s
	iters: 700, epoch: 10 | loss: 0.1462632
	speed: 0.0881s/iter; left time: 1012.4766s
	iters: 800, epoch: 10 | loss: 0.1309664
	speed: 0.0876s/iter; left time: 997.5541s
	iters: 900, epoch: 10 | loss: 0.1846236
	speed: 0.0857s/iter; left time: 967.6375s
	iters: 1000, epoch: 10 | loss: 0.1503943
	speed: 0.0867s/iter; left time: 969.9875s
	iters: 1100, epoch: 10 | loss: 0.1528552
	speed: 0.0857s/iter; left time: 950.3902s
Epoch: 10 cost time: 96.19863820075989
Epoch: 10, Steps: 1108 | Train Loss: 0.1599593 Vali Loss: 0.1408476 Test Loss: 0.1652424
Validation loss decreased (0.141264 --> 0.140848).  Saving model ...
Updating learning rate to 9.765625e-06
	iters: 100, epoch: 11 | loss: 0.1836954
	speed: 0.2444s/iter; left time: 2683.3287s
	iters: 200, epoch: 11 | loss: 0.1350473
	speed: 0.0858s/iter; left time: 933.2987s
	iters: 300, epoch: 11 | loss: 0.1893129
	speed: 0.0868s/iter; left time: 935.4339s
	iters: 400, epoch: 11 | loss: 0.1628330
	speed: 0.0864s/iter; left time: 923.0284s
	iters: 500, epoch: 11 | loss: 0.1825380
	speed: 0.0869s/iter; left time: 919.9275s
	iters: 600, epoch: 11 | loss: 0.1567741
	speed: 0.0852s/iter; left time: 893.1308s
	iters: 700, epoch: 11 | loss: 0.1587602
	speed: 0.0856s/iter; left time: 888.2910s
	iters: 800, epoch: 11 | loss: 0.1927559
	speed: 0.0864s/iter; left time: 888.0188s
	iters: 900, epoch: 11 | loss: 0.1304471
	speed: 0.0862s/iter; left time: 877.6105s
	iters: 1000, epoch: 11 | loss: 0.1480223
	speed: 0.0928s/iter; left time: 935.2095s
	iters: 1100, epoch: 11 | loss: 0.1245871
	speed: 0.0911s/iter; left time: 909.4979s
Epoch: 11 cost time: 96.8032169342041
Epoch: 11, Steps: 1108 | Train Loss: 0.1597689 Vali Loss: 0.1408143 Test Loss: 0.1652180
Validation loss decreased (0.140848 --> 0.140814).  Saving model ...
Updating learning rate to 4.8828125e-06
	iters: 100, epoch: 12 | loss: 0.1583333
	speed: 0.2450s/iter; left time: 2418.6774s
	iters: 200, epoch: 12 | loss: 0.1489844
	speed: 0.0862s/iter; left time: 842.5702s
	iters: 300, epoch: 12 | loss: 0.1537302
	speed: 0.0859s/iter; left time: 831.2449s
	iters: 400, epoch: 12 | loss: 0.1528435
	speed: 0.0854s/iter; left time: 817.9830s
	iters: 500, epoch: 12 | loss: 0.1740963
	speed: 0.0852s/iter; left time: 807.4952s
	iters: 600, epoch: 12 | loss: 0.1606195
	speed: 0.0854s/iter; left time: 800.6609s
	iters: 700, epoch: 12 | loss: 0.1880381
	speed: 0.0852s/iter; left time: 790.4972s
	iters: 800, epoch: 12 | loss: 0.1445790
	speed: 0.0864s/iter; left time: 792.7428s
	iters: 900, epoch: 12 | loss: 0.2071094
	speed: 0.0857s/iter; left time: 777.3355s
	iters: 1000, epoch: 12 | loss: 0.1642583
	speed: 0.0861s/iter; left time: 772.2309s
	iters: 1100, epoch: 12 | loss: 0.1660272
	speed: 0.0879s/iter; left time: 779.8339s
Epoch: 12 cost time: 95.34693002700806
Epoch: 12, Steps: 1108 | Train Loss: 0.1596419 Vali Loss: 0.1406909 Test Loss: 0.1651719
Validation loss decreased (0.140814 --> 0.140691).  Saving model ...
Updating learning rate to 2.44140625e-06
	iters: 100, epoch: 13 | loss: 0.1427821
	speed: 0.2501s/iter; left time: 2191.7439s
	iters: 200, epoch: 13 | loss: 0.1438263
	speed: 0.0867s/iter; left time: 751.2121s
	iters: 300, epoch: 13 | loss: 0.1607829
	speed: 0.0860s/iter; left time: 736.4655s
	iters: 400, epoch: 13 | loss: 0.1728739
	speed: 0.0863s/iter; left time: 730.7472s
	iters: 500, epoch: 13 | loss: 0.1343140
	speed: 0.0870s/iter; left time: 727.9434s
	iters: 600, epoch: 13 | loss: 0.1429934
	speed: 0.0871s/iter; left time: 719.8347s
	iters: 700, epoch: 13 | loss: 0.1523122
	speed: 0.0871s/iter; left time: 711.2048s
	iters: 800, epoch: 13 | loss: 0.1682935
	speed: 0.0866s/iter; left time: 698.2974s
	iters: 900, epoch: 13 | loss: 0.1533109
	speed: 0.0867s/iter; left time: 690.7205s
	iters: 1000, epoch: 13 | loss: 0.1762574
	speed: 0.0867s/iter; left time: 681.8725s
	iters: 1100, epoch: 13 | loss: 0.1583448
	speed: 0.0875s/iter; left time: 679.4471s
Epoch: 13 cost time: 96.36488628387451
Epoch: 13, Steps: 1108 | Train Loss: 0.1596010 Vali Loss: 0.1407796 Test Loss: 0.1651410
EarlyStopping counter: 1 out of 5
Updating learning rate to 1.220703125e-06
	iters: 100, epoch: 14 | loss: 0.1652147
	speed: 0.2322s/iter; left time: 1778.0752s
	iters: 200, epoch: 14 | loss: 0.1503927
	speed: 0.0879s/iter; left time: 664.5588s
	iters: 300, epoch: 14 | loss: 0.1325160
	speed: 0.0869s/iter; left time: 648.3787s
	iters: 400, epoch: 14 | loss: 0.1326989
	speed: 0.0864s/iter; left time: 635.3229s
	iters: 500, epoch: 14 | loss: 0.1719438
	speed: 0.0857s/iter; left time: 621.9972s
	iters: 600, epoch: 14 | loss: 0.1559762
	speed: 0.0866s/iter; left time: 620.0993s
	iters: 700, epoch: 14 | loss: 0.1832925
	speed: 0.0865s/iter; left time: 610.1775s
	iters: 800, epoch: 14 | loss: 0.1783804
	speed: 0.0871s/iter; left time: 605.6400s
	iters: 900, epoch: 14 | loss: 0.1511021
	speed: 0.0860s/iter; left time: 589.4714s
	iters: 1000, epoch: 14 | loss: 0.1658461
	speed: 0.0861s/iter; left time: 581.7130s
	iters: 1100, epoch: 14 | loss: 0.1564739
	speed: 0.0859s/iter; left time: 571.7244s
Epoch: 14 cost time: 96.04498815536499
Epoch: 14, Steps: 1108 | Train Loss: 0.1595511 Vali Loss: 0.1407382 Test Loss: 0.1651187
EarlyStopping counter: 2 out of 5
Updating learning rate to 6.103515625e-07
	iters: 100, epoch: 15 | loss: 0.1666902
	speed: 0.2284s/iter; left time: 1495.7592s
	iters: 200, epoch: 15 | loss: 0.1822838
	speed: 0.0903s/iter; left time: 582.0951s
	iters: 300, epoch: 15 | loss: 0.1458858
	speed: 0.0914s/iter; left time: 580.5130s
	iters: 400, epoch: 15 | loss: 0.1532666
	speed: 0.0856s/iter; left time: 535.1747s
	iters: 500, epoch: 15 | loss: 0.1679130
	speed: 0.0864s/iter; left time: 531.0933s
	iters: 600, epoch: 15 | loss: 0.1282217
	speed: 0.0860s/iter; left time: 520.3972s
	iters: 700, epoch: 15 | loss: 0.1849611
	speed: 0.0858s/iter; left time: 510.3310s
	iters: 800, epoch: 15 | loss: 0.2135191
	speed: 0.0851s/iter; left time: 497.5636s
	iters: 900, epoch: 15 | loss: 0.1610288
	speed: 0.0857s/iter; left time: 492.7584s
	iters: 1000, epoch: 15 | loss: 0.1580691
	speed: 0.0853s/iter; left time: 481.9649s
	iters: 1100, epoch: 15 | loss: 0.1346058
	speed: 0.0857s/iter; left time: 475.4384s
Epoch: 15 cost time: 96.08090615272522
Epoch: 15, Steps: 1108 | Train Loss: 0.1595565 Vali Loss: 0.1407212 Test Loss: 0.1651126
EarlyStopping counter: 3 out of 5
Updating learning rate to 3.0517578125e-07
	iters: 100, epoch: 16 | loss: 0.1473648
	speed: 0.2260s/iter; left time: 1229.5049s
	iters: 200, epoch: 16 | loss: 0.1402764
	speed: 0.0878s/iter; left time: 468.9908s
	iters: 300, epoch: 16 | loss: 0.1606949
	speed: 0.0889s/iter; left time: 466.0464s
	iters: 400, epoch: 16 | loss: 0.1602821
	speed: 0.0894s/iter; left time: 459.4560s
	iters: 500, epoch: 16 | loss: 0.1570028
	speed: 0.0852s/iter; left time: 429.5472s
	iters: 600, epoch: 16 | loss: 0.1810284
	speed: 0.0850s/iter; left time: 419.9188s
	iters: 700, epoch: 16 | loss: 0.1485748
	speed: 0.0859s/iter; left time: 415.6383s
	iters: 800, epoch: 16 | loss: 0.1490469
	speed: 0.0869s/iter; left time: 411.8380s
	iters: 900, epoch: 16 | loss: 0.1563834
	speed: 0.0859s/iter; left time: 398.5066s
	iters: 1000, epoch: 16 | loss: 0.1702997
	speed: 0.0865s/iter; left time: 392.9513s
	iters: 1100, epoch: 16 | loss: 0.1483850
	speed: 0.0860s/iter; left time: 381.9345s
Epoch: 16 cost time: 95.97378635406494
Epoch: 16, Steps: 1108 | Train Loss: 0.1595216 Vali Loss: 0.1407473 Test Loss: 0.1651102
EarlyStopping counter: 4 out of 5
Updating learning rate to 1.52587890625e-07
	iters: 100, epoch: 17 | loss: 0.1418217
	speed: 0.2278s/iter; left time: 986.8605s
	iters: 200, epoch: 17 | loss: 0.1564895
	speed: 0.0865s/iter; left time: 366.0521s
	iters: 300, epoch: 17 | loss: 0.1847517
	speed: 0.0858s/iter; left time: 354.6910s
	iters: 400, epoch: 17 | loss: 0.1700635
	speed: 0.0870s/iter; left time: 351.0537s
	iters: 500, epoch: 17 | loss: 0.1614813
	speed: 0.0878s/iter; left time: 345.2559s
	iters: 600, epoch: 17 | loss: 0.1445093
	speed: 0.0868s/iter; left time: 332.5982s
	iters: 700, epoch: 17 | loss: 0.1527810
	speed: 0.0868s/iter; left time: 324.0689s
	iters: 800, epoch: 17 | loss: 0.1598082
	speed: 0.0859s/iter; left time: 311.9181s
	iters: 900, epoch: 17 | loss: 0.1187629
	speed: 0.0869s/iter; left time: 306.9415s
	iters: 1000, epoch: 17 | loss: 0.1441551
	speed: 0.0872s/iter; left time: 299.2101s
	iters: 1100, epoch: 17 | loss: 0.1703386
	speed: 0.0865s/iter; left time: 288.2445s
Epoch: 17 cost time: 96.00710797309875
Epoch: 17, Steps: 1108 | Train Loss: 0.1595266 Vali Loss: 0.1406996 Test Loss: 0.1651085
EarlyStopping counter: 5 out of 5
Early stopping
>>>>>>>testing : Electricity_336_336_Linear_custom_ftM_sl336_ll48_pl336_dm512_nh8_el2_dl1_df2048_fc1_ebtimeF_dtTrue_Exp_0_seed10458<<<<<<<<<<<<<<<<<<<<<<<<<<<<<<<<<
test 4925
mse:0.16505275666713715, mae:0.2634868621826172
