Args in experiment:
Namespace(activation='gelu', batch_size=32, c_out=7, checkpoints='./checkpoints/', d_ff=2048, d_layers=1, d_model=512, data='custom', data_path='national_illness.csv', dec_in=7, des='Exp', devices='0,1,2,3', distil=True, do_predict=False, dropout=0.05, e_layers=2, embed='timeF', embed_type=0, enc_in=7, factor=1, features='M', freq='h', gpu=0, individual=True, is_training=1, itr=1, label_len=18, learning_rate=0.05, loss='mse', lradj='type1', model='Linear', model_id='national_illness_104_60', moving_avg=25, n_heads=8, num_workers=0, output_attention=False, patience=5, pred_len=60, root_path='./dataset/', save_pred_values=False, seed=28649, seq_len=104, target='OT', test_flop=False, train_epochs=20, train_only=False, use_amp=False, use_gpu=False, use_multi_gpu=False)
Use CPU
>>>>>>>start training : national_illness_104_60_Linear_custom_ftM_sl104_ll18_pl60_dm512_nh8_el2_dl1_df2048_fc1_ebtimeF_dtTrue_Exp_0_seed28649>>>>>>>>>>>>>>>>>>>>>>>>>>
train 513
val 38
test 134
Epoch: 1 cost time: 0.03399968147277832
Epoch: 1, Steps: 16 | Train Loss: 1.5019966 Vali Loss: 0.7683619 Test Loss: 4.6129127
Validation loss decreased (inf --> 0.768362).  Saving model ...
Updating learning rate to 0.05
Epoch: 2 cost time: 0.029999494552612305
Epoch: 2, Steps: 16 | Train Loss: 0.8542570 Vali Loss: 0.5678390 Test Loss: 4.3265486
Validation loss decreased (0.768362 --> 0.567839).  Saving model ...
Updating learning rate to 0.025
Epoch: 3 cost time: 0.03099989891052246
Epoch: 3, Steps: 16 | Train Loss: 0.6322418 Vali Loss: 0.3837574 Test Loss: 3.3178585
Validation loss decreased (0.567839 --> 0.383757).  Saving model ...
Updating learning rate to 0.0125
Epoch: 4 cost time: 0.02899956703186035
Epoch: 4, Steps: 16 | Train Loss: 0.5033180 Vali Loss: 0.2510232 Test Loss: 2.8094127
Validation loss decreased (0.383757 --> 0.251023).  Saving model ...
Updating learning rate to 0.00625
Epoch: 5 cost time: 0.02500009536743164
Epoch: 5, Steps: 16 | Train Loss: 0.4663057 Vali Loss: 0.2481062 Test Loss: 2.5557482
Validation loss decreased (0.251023 --> 0.248106).  Saving model ...
Updating learning rate to 0.003125
Epoch: 6 cost time: 0.04000043869018555
Epoch: 6, Steps: 16 | Train Loss: 0.4494590 Vali Loss: 0.2489848 Test Loss: 2.6226230
EarlyStopping counter: 1 out of 5
Updating learning rate to 0.0015625
Epoch: 7 cost time: 0.039999961853027344
Epoch: 7, Steps: 16 | Train Loss: 0.4423890 Vali Loss: 0.2458480 Test Loss: 2.6337147
Validation loss decreased (0.248106 --> 0.245848).  Saving model ...
Updating learning rate to 0.00078125
Epoch: 8 cost time: 0.040999412536621094
Epoch: 8, Steps: 16 | Train Loss: 0.4404241 Vali Loss: 0.2507148 Test Loss: 2.6326022
EarlyStopping counter: 1 out of 5
Updating learning rate to 0.000390625
Epoch: 9 cost time: 0.040999650955200195
Epoch: 9, Steps: 16 | Train Loss: 0.4393867 Vali Loss: 0.2363790 Test Loss: 2.6368985
Validation loss decreased (0.245848 --> 0.236379).  Saving model ...
Updating learning rate to 0.0001953125
Epoch: 10 cost time: 0.03899979591369629
Epoch: 10, Steps: 16 | Train Loss: 0.4387243 Vali Loss: 0.2562483 Test Loss: 2.6346483
EarlyStopping counter: 1 out of 5
Updating learning rate to 9.765625e-05
Epoch: 11 cost time: 0.03989744186401367
Epoch: 11, Steps: 16 | Train Loss: 0.4385717 Vali Loss: 0.2559896 Test Loss: 2.6310558
EarlyStopping counter: 2 out of 5
Updating learning rate to 4.8828125e-05
Epoch: 12 cost time: 0.02700018882751465
Epoch: 12, Steps: 16 | Train Loss: 0.4383775 Vali Loss: 0.2558843 Test Loss: 2.6310458
EarlyStopping counter: 3 out of 5
Updating learning rate to 2.44140625e-05
Epoch: 13 cost time: 0.02499985694885254
Epoch: 13, Steps: 16 | Train Loss: 0.4382344 Vali Loss: 0.2478607 Test Loss: 2.6315842
EarlyStopping counter: 4 out of 5
Updating learning rate to 1.220703125e-05
Epoch: 14 cost time: 0.024999141693115234
Epoch: 14, Steps: 16 | Train Loss: 0.4382513 Vali Loss: 0.2492532 Test Loss: 2.6316762
EarlyStopping counter: 5 out of 5
Early stopping
>>>>>>>testing : national_illness_104_60_Linear_custom_ftM_sl104_ll18_pl60_dm512_nh8_el2_dl1_df2048_fc1_ebtimeF_dtTrue_Exp_0_seed28649<<<<<<<<<<<<<<<<<<<<<<<<<<<<<<<<<
test 134
mse:2.4479849338531494, mae:1.0900969505310059
