Args in experiment:
Namespace(activation='gelu', batch_size=32, c_out=7, checkpoints='./checkpoints/', d_ff=2048, d_layers=1, d_model=512, data='ETTh2', data_path='ETTh2.csv', dec_in=7, des='Exp', devices='0,1,2,3', distil=True, do_predict=False, dropout=0.05, e_layers=2, embed='timeF', embed_type=0, enc_in=7, factor=1, features='M', freq='h', gpu=0, individual=True, is_training=1, itr=1, label_len=48, learning_rate=0.005, loss='mse', lradj='type1', model='Linear', model_id='ETTh2_336_336', moving_avg=25, n_heads=8, num_workers=0, output_attention=False, patience=5, pred_len=336, root_path='./dataset/', save_pred_values=False, seed=15349, seq_len=336, target='OT', test_flop=False, train_epochs=20, train_only=False, use_amp=False, use_gpu=False, use_multi_gpu=False)
Use CPU
>>>>>>>start training : ETTh2_336_336_Linear_ETTh2_ftM_sl336_ll48_pl336_dm512_nh8_el2_dl1_df2048_fc1_ebtimeF_dtTrue_Exp_0_seed15349>>>>>>>>>>>>>>>>>>>>>>>>>>
train 7969
val 2545
test 2545
	iters: 100, epoch: 1 | loss: 0.6039279
	speed: 0.0087s/iter; left time: 42.2997s
	iters: 200, epoch: 1 | loss: 0.5092103
	speed: 0.0083s/iter; left time: 39.4551s
Epoch: 1 cost time: 2.0980136394500732
Epoch: 1, Steps: 249 | Train Loss: 0.6615387 Vali Loss: 0.7198076 Test Loss: 1.5252578
Validation loss decreased (inf --> 0.719808).  Saving model ...
Updating learning rate to 0.005
	iters: 100, epoch: 2 | loss: 0.6161790
	speed: 0.0155s/iter; left time: 72.0046s
	iters: 200, epoch: 2 | loss: 0.6047972
	speed: 0.0074s/iter; left time: 33.7368s
Epoch: 2 cost time: 1.7694108486175537
Epoch: 2, Steps: 249 | Train Loss: 0.6322247 Vali Loss: 0.7080268 Test Loss: 1.3843924
Validation loss decreased (0.719808 --> 0.708027).  Saving model ...
Updating learning rate to 0.0025
	iters: 100, epoch: 3 | loss: 0.6455348
	speed: 0.0149s/iter; left time: 65.2240s
	iters: 200, epoch: 3 | loss: 0.3991766
	speed: 0.0077s/iter; left time: 33.0380s
Epoch: 3 cost time: 1.8876550197601318
Epoch: 3, Steps: 249 | Train Loss: 0.5721486 Vali Loss: 0.5103687 Test Loss: 0.7670614
Validation loss decreased (0.708027 --> 0.510369).  Saving model ...
Updating learning rate to 0.00125
	iters: 100, epoch: 4 | loss: 0.4499975
	speed: 0.0162s/iter; left time: 66.9179s
	iters: 200, epoch: 4 | loss: 0.5028855
	speed: 0.0090s/iter; left time: 36.3149s
Epoch: 4 cost time: 2.0294179916381836
Epoch: 4, Steps: 249 | Train Loss: 0.5422693 Vali Loss: 0.4950543 Test Loss: 0.6507236
Validation loss decreased (0.510369 --> 0.495054).  Saving model ...
Updating learning rate to 0.000625
	iters: 100, epoch: 5 | loss: 0.4517825
	speed: 0.0155s/iter; left time: 60.1852s
	iters: 200, epoch: 5 | loss: 0.5780286
	speed: 0.0084s/iter; left time: 31.8806s
Epoch: 5 cost time: 2.042691707611084
Epoch: 5, Steps: 249 | Train Loss: 0.5285123 Vali Loss: 0.5080574 Test Loss: 0.8592159
EarlyStopping counter: 1 out of 5
Updating learning rate to 0.0003125
	iters: 100, epoch: 6 | loss: 0.6335731
	speed: 0.0186s/iter; left time: 67.5100s
	iters: 200, epoch: 6 | loss: 0.4509526
	speed: 0.0085s/iter; left time: 30.1347s
Epoch: 6 cost time: 2.0515735149383545
Epoch: 6, Steps: 249 | Train Loss: 0.5223334 Vali Loss: 0.4890933 Test Loss: 0.7337147
Validation loss decreased (0.495054 --> 0.489093).  Saving model ...
Updating learning rate to 0.00015625
	iters: 100, epoch: 7 | loss: 1.0327456
	speed: 0.0149s/iter; left time: 50.5788s
	iters: 200, epoch: 7 | loss: 0.7389075
	speed: 0.0084s/iter; left time: 27.5502s
Epoch: 7 cost time: 1.904160737991333
Epoch: 7, Steps: 249 | Train Loss: 0.5181558 Vali Loss: 0.4947219 Test Loss: 0.7405893
EarlyStopping counter: 1 out of 5
Updating learning rate to 7.8125e-05
	iters: 100, epoch: 8 | loss: 0.2922016
	speed: 0.0147s/iter; left time: 46.1544s
	iters: 200, epoch: 8 | loss: 0.4872859
	speed: 0.0065s/iter; left time: 19.8374s
Epoch: 8 cost time: 1.713547706604004
Epoch: 8, Steps: 249 | Train Loss: 0.5161727 Vali Loss: 0.4829073 Test Loss: 0.6935493
Validation loss decreased (0.489093 --> 0.482907).  Saving model ...
Updating learning rate to 3.90625e-05
	iters: 100, epoch: 9 | loss: 0.2660882
	speed: 0.0148s/iter; left time: 42.7450s
	iters: 200, epoch: 9 | loss: 0.5994520
	speed: 0.0067s/iter; left time: 18.8257s
Epoch: 9 cost time: 1.763481855392456
Epoch: 9, Steps: 249 | Train Loss: 0.5152124 Vali Loss: 0.4808110 Test Loss: 0.7001148
Validation loss decreased (0.482907 --> 0.480811).  Saving model ...
Updating learning rate to 1.953125e-05
	iters: 100, epoch: 10 | loss: 0.9577684
	speed: 0.0155s/iter; left time: 40.9603s
	iters: 200, epoch: 10 | loss: 0.5487038
	speed: 0.0075s/iter; left time: 19.0351s
Epoch: 10 cost time: 1.797788143157959
Epoch: 10, Steps: 249 | Train Loss: 0.5145802 Vali Loss: 0.4824159 Test Loss: 0.7054777
EarlyStopping counter: 1 out of 5
Updating learning rate to 9.765625e-06
	iters: 100, epoch: 11 | loss: 0.2791618
	speed: 0.0135s/iter; left time: 32.3846s
	iters: 200, epoch: 11 | loss: 0.4940421
	speed: 0.0078s/iter; left time: 17.7623s
Epoch: 11 cost time: 1.8836228847503662
Epoch: 11, Steps: 249 | Train Loss: 0.5137372 Vali Loss: 0.4839888 Test Loss: 0.7131414
EarlyStopping counter: 2 out of 5
Updating learning rate to 4.8828125e-06
	iters: 100, epoch: 12 | loss: 0.6053973
	speed: 0.0163s/iter; left time: 34.9338s
	iters: 200, epoch: 12 | loss: 0.3140049
	speed: 0.0079s/iter; left time: 16.0583s
Epoch: 12 cost time: 1.9914779663085938
Epoch: 12, Steps: 249 | Train Loss: 0.5141316 Vali Loss: 0.4831097 Test Loss: 0.7119061
EarlyStopping counter: 3 out of 5
Updating learning rate to 2.44140625e-06
	iters: 100, epoch: 13 | loss: 0.4097465
	speed: 0.0161s/iter; left time: 30.4732s
	iters: 200, epoch: 13 | loss: 0.4645874
	speed: 0.0078s/iter; left time: 13.9163s
Epoch: 13 cost time: 1.9188201427459717
Epoch: 13, Steps: 249 | Train Loss: 0.5140062 Vali Loss: 0.4837527 Test Loss: 0.7104806
EarlyStopping counter: 4 out of 5
Updating learning rate to 1.220703125e-06
	iters: 100, epoch: 14 | loss: 0.3514135
	speed: 0.0142s/iter; left time: 23.4145s
	iters: 200, epoch: 14 | loss: 0.3076896
	speed: 0.0069s/iter; left time: 10.6289s
Epoch: 14 cost time: 1.7255632877349854
Epoch: 14, Steps: 249 | Train Loss: 0.5139344 Vali Loss: 0.4832317 Test Loss: 0.7099890
EarlyStopping counter: 5 out of 5
Early stopping
>>>>>>>testing : ETTh2_336_336_Linear_ETTh2_ftM_sl336_ll48_pl336_dm512_nh8_el2_dl1_df2048_fc1_ebtimeF_dtTrue_Exp_0_seed15349<<<<<<<<<<<<<<<<<<<<<<<<<<<<<<<<<
test 2545
mse:0.698027491569519, mae:0.5615068674087524
