Args in experiment:
Namespace(activation='gelu', batch_size=16, c_out=7, checkpoints='./checkpoints/', d_ff=2048, d_layers=1, d_model=512, data='custom', data_path='traffic.csv', dec_in=7, des='Exp', devices='0,1,2,3', distil=True, do_predict=False, dropout=0.05, e_layers=2, embed='timeF', embed_type=0, enc_in=862, factor=1, features='M', freq='h', gpu=0, individual=True, is_training=1, itr=1, label_len=48, learning_rate=0.01, loss='mse', lradj='type1', model='Linear', model_id='traffic_336_720', moving_avg=25, n_heads=8, num_workers=0, output_attention=False, patience=5, pred_len=720, root_path='./dataset/', save_pred_values=False, seed=32598, seq_len=336, target='OT', test_flop=False, train_epochs=20, train_only=False, use_amp=False, use_gpu=True, use_multi_gpu=False)
Use GPU: cuda:0
>>>>>>>start training : traffic_336_720_Linear_custom_ftM_sl336_ll48_pl720_dm512_nh8_el2_dl1_df2048_fc1_ebtimeF_dtTrue_Exp_0_seed32598>>>>>>>>>>>>>>>>>>>>>>>>>>
train 11225
val 1037
test 2789
	iters: 100, epoch: 1 | loss: 0.4982673
	speed: 0.3453s/iter; left time: 4806.4104s
	iters: 200, epoch: 1 | loss: 0.4977995
	speed: 0.3284s/iter; left time: 4538.7165s
	iters: 300, epoch: 1 | loss: 0.5107282
	speed: 0.3292s/iter; left time: 4517.4118s
	iters: 400, epoch: 1 | loss: 0.4803225
	speed: 0.3293s/iter; left time: 4486.0026s
	iters: 500, epoch: 1 | loss: 0.4997698
	speed: 0.3294s/iter; left time: 4453.7585s
	iters: 600, epoch: 1 | loss: 0.5236671
	speed: 0.3298s/iter; left time: 4425.8549s
	iters: 700, epoch: 1 | loss: 0.5351859
	speed: 0.3294s/iter; left time: 4388.5116s
Epoch: 1 cost time: 232.63194465637207
Epoch: 1, Steps: 701 | Train Loss: 0.5132397 Vali Loss: 0.7177464 Test Loss: 0.8274096
Validation loss decreased (inf --> 0.717746).  Saving model ...
Updating learning rate to 0.01
	iters: 100, epoch: 2 | loss: 0.4942549
	speed: 0.6230s/iter; left time: 8235.9456s
	iters: 200, epoch: 2 | loss: 0.5420627
	speed: 0.3294s/iter; left time: 4321.1538s
	iters: 300, epoch: 2 | loss: 0.5035601
	speed: 0.3292s/iter; left time: 4285.5868s
	iters: 400, epoch: 2 | loss: 0.5071922
	speed: 0.3294s/iter; left time: 4256.1862s
	iters: 500, epoch: 2 | loss: 0.4947635
	speed: 0.3292s/iter; left time: 4219.7801s
	iters: 600, epoch: 2 | loss: 0.5366551
	speed: 0.3299s/iter; left time: 4195.8499s
	iters: 700, epoch: 2 | loss: 0.5231360
	speed: 0.3296s/iter; left time: 4159.4439s
Epoch: 2 cost time: 231.22287249565125
Epoch: 2, Steps: 701 | Train Loss: 0.5075367 Vali Loss: 0.6875993 Test Loss: 0.7948526
Validation loss decreased (0.717746 --> 0.687599).  Saving model ...
Updating learning rate to 0.005
	iters: 100, epoch: 3 | loss: 0.3716810
	speed: 0.6258s/iter; left time: 7834.2430s
	iters: 200, epoch: 3 | loss: 0.3482898
	speed: 0.3328s/iter; left time: 4133.3394s
	iters: 300, epoch: 3 | loss: 0.3811220
	speed: 0.3294s/iter; left time: 4058.1874s
	iters: 400, epoch: 3 | loss: 0.3610209
	speed: 0.3294s/iter; left time: 4024.6286s
	iters: 500, epoch: 3 | loss: 0.3658006
	speed: 0.3293s/iter; left time: 3991.3367s
	iters: 600, epoch: 3 | loss: 0.3959294
	speed: 0.3297s/iter; left time: 3963.1036s
	iters: 700, epoch: 3 | loss: 0.3462226
	speed: 0.3298s/iter; left time: 3930.9994s
Epoch: 3 cost time: 231.99911427497864
Epoch: 3, Steps: 701 | Train Loss: 0.3614620 Vali Loss: 0.5265435 Test Loss: 0.6057391
Validation loss decreased (0.687599 --> 0.526543).  Saving model ...
Updating learning rate to 0.0025
	iters: 100, epoch: 4 | loss: 0.3295162
	speed: 0.6259s/iter; left time: 7396.7112s
	iters: 200, epoch: 4 | loss: 0.2822065
	speed: 0.3332s/iter; left time: 3904.8486s
	iters: 300, epoch: 4 | loss: 0.3058971
	speed: 0.3299s/iter; left time: 3833.0874s
	iters: 400, epoch: 4 | loss: 0.2893888
	speed: 0.3300s/iter; left time: 3800.9832s
	iters: 500, epoch: 4 | loss: 0.3047135
	speed: 0.3301s/iter; left time: 3768.9208s
	iters: 600, epoch: 4 | loss: 0.3351303
	speed: 0.3304s/iter; left time: 3739.6935s
	iters: 700, epoch: 4 | loss: 0.3075355
	speed: 0.3299s/iter; left time: 3700.6272s
Epoch: 4 cost time: 232.09073090553284
Epoch: 4, Steps: 701 | Train Loss: 0.3124238 Vali Loss: 0.4672098 Test Loss: 0.5384318
Validation loss decreased (0.526543 --> 0.467210).  Saving model ...
Updating learning rate to 0.00125
	iters: 100, epoch: 5 | loss: 0.3052568
	speed: 0.6267s/iter; left time: 6967.1560s
	iters: 200, epoch: 5 | loss: 0.2784626
	speed: 0.3336s/iter; left time: 3674.9874s
	iters: 300, epoch: 5 | loss: 0.2861366
	speed: 0.3327s/iter; left time: 3631.8328s
	iters: 400, epoch: 5 | loss: 0.3016784
	speed: 0.3321s/iter; left time: 3591.8913s
	iters: 500, epoch: 5 | loss: 0.2825903
	speed: 0.3311s/iter; left time: 3548.0946s
	iters: 600, epoch: 5 | loss: 0.2927004
	speed: 0.3336s/iter; left time: 3542.3194s
	iters: 700, epoch: 5 | loss: 0.2903027
	speed: 0.3314s/iter; left time: 3485.1966s
Epoch: 5 cost time: 233.37526559829712
Epoch: 5, Steps: 701 | Train Loss: 0.2901837 Vali Loss: 0.4430957 Test Loss: 0.5106981
Validation loss decreased (0.467210 --> 0.443096).  Saving model ...
Updating learning rate to 0.000625
	iters: 100, epoch: 6 | loss: 0.2873189
	speed: 0.6248s/iter; left time: 6507.8208s
	iters: 200, epoch: 6 | loss: 0.2875705
	speed: 0.3353s/iter; left time: 3458.8990s
	iters: 300, epoch: 6 | loss: 0.2819534
	speed: 0.3326s/iter; left time: 3398.3398s
	iters: 400, epoch: 6 | loss: 0.2804170
	speed: 0.3317s/iter; left time: 3355.9074s
	iters: 500, epoch: 6 | loss: 0.2629163
	speed: 0.3317s/iter; left time: 3322.5196s
	iters: 600, epoch: 6 | loss: 0.2872464
	speed: 0.3321s/iter; left time: 3293.0489s
	iters: 700, epoch: 6 | loss: 0.2884298
	speed: 0.3309s/iter; left time: 3248.1669s
Epoch: 6 cost time: 233.26343989372253
Epoch: 6, Steps: 701 | Train Loss: 0.2788944 Vali Loss: 0.4301073 Test Loss: 0.4948834
Validation loss decreased (0.443096 --> 0.430107).  Saving model ...
Updating learning rate to 0.0003125
	iters: 100, epoch: 7 | loss: 0.2826600
	speed: 0.6230s/iter; left time: 6052.0454s
	iters: 200, epoch: 7 | loss: 0.2755137
	speed: 0.3335s/iter; left time: 3206.7183s
	iters: 300, epoch: 7 | loss: 0.2794030
	speed: 0.3313s/iter; left time: 3152.6485s
	iters: 400, epoch: 7 | loss: 0.2719699
	speed: 0.3315s/iter; left time: 3120.6459s
	iters: 500, epoch: 7 | loss: 0.2838291
	speed: 0.3475s/iter; left time: 3237.3600s
	iters: 600, epoch: 7 | loss: 0.2501854
	speed: 0.3530s/iter; left time: 3252.6952s
	iters: 700, epoch: 7 | loss: 0.2734078
	speed: 0.3554s/iter; left time: 3239.8217s
Epoch: 7 cost time: 238.87531995773315
Epoch: 7, Steps: 701 | Train Loss: 0.2727474 Vali Loss: 0.4252532 Test Loss: 0.4892108
Validation loss decreased (0.430107 --> 0.425253).  Saving model ...
Updating learning rate to 0.00015625
	iters: 100, epoch: 8 | loss: 0.2723239
	speed: 0.6986s/iter; left time: 6297.0536s
	iters: 200, epoch: 8 | loss: 0.2834479
	speed: 0.3377s/iter; left time: 3009.9649s
	iters: 300, epoch: 8 | loss: 0.2434225
	speed: 0.3377s/iter; left time: 2976.2278s
	iters: 400, epoch: 8 | loss: 0.2706249
	speed: 0.3333s/iter; left time: 2904.4260s
	iters: 500, epoch: 8 | loss: 0.2860171
	speed: 0.3333s/iter; left time: 2871.3760s
	iters: 600, epoch: 8 | loss: 0.2659155
	speed: 0.3350s/iter; left time: 2852.3209s
	iters: 700, epoch: 8 | loss: 0.2600997
	speed: 0.3347s/iter; left time: 2815.8469s
Epoch: 8 cost time: 237.17683720588684
Epoch: 8, Steps: 701 | Train Loss: 0.2693836 Vali Loss: 0.4222117 Test Loss: 0.4863511
Validation loss decreased (0.425253 --> 0.422212).  Saving model ...
Updating learning rate to 7.8125e-05
	iters: 100, epoch: 9 | loss: 0.2777461
	speed: 0.6288s/iter; left time: 5227.1212s
	iters: 200, epoch: 9 | loss: 0.2583195
	speed: 0.3329s/iter; left time: 2734.2184s
	iters: 300, epoch: 9 | loss: 0.2611888
	speed: 0.3319s/iter; left time: 2692.5413s
	iters: 400, epoch: 9 | loss: 0.2643836
	speed: 0.3311s/iter; left time: 2653.5022s
	iters: 500, epoch: 9 | loss: 0.2637692
	speed: 0.3324s/iter; left time: 2630.2554s
	iters: 600, epoch: 9 | loss: 0.2820266
	speed: 0.3335s/iter; left time: 2605.5344s
	iters: 700, epoch: 9 | loss: 0.2653341
	speed: 0.3333s/iter; left time: 2570.8857s
Epoch: 9 cost time: 233.26967811584473
Epoch: 9, Steps: 701 | Train Loss: 0.2675255 Vali Loss: 0.4216012 Test Loss: 0.4842634
Validation loss decreased (0.422212 --> 0.421601).  Saving model ...
Updating learning rate to 3.90625e-05
	iters: 100, epoch: 10 | loss: 0.2746629
	speed: 0.6273s/iter; left time: 4774.6718s
	iters: 200, epoch: 10 | loss: 0.2594028
	speed: 0.3342s/iter; left time: 2510.6060s
	iters: 300, epoch: 10 | loss: 0.2712346
	speed: 0.3319s/iter; left time: 2460.2721s
	iters: 400, epoch: 10 | loss: 0.2854725
	speed: 0.3332s/iter; left time: 2436.2336s
	iters: 500, epoch: 10 | loss: 0.2375675
	speed: 0.3336s/iter; left time: 2405.6093s
	iters: 600, epoch: 10 | loss: 0.2505099
	speed: 0.3335s/iter; left time: 2372.2025s
	iters: 700, epoch: 10 | loss: 0.2556448
	speed: 0.3349s/iter; left time: 2348.1064s
Epoch: 10 cost time: 233.86041164398193
Epoch: 10, Steps: 701 | Train Loss: 0.2664690 Vali Loss: 0.4204192 Test Loss: 0.4834523
Validation loss decreased (0.421601 --> 0.420419).  Saving model ...
Updating learning rate to 1.953125e-05
	iters: 100, epoch: 11 | loss: 0.2496081
	speed: 0.6371s/iter; left time: 4402.9939s
	iters: 200, epoch: 11 | loss: 0.2604469
	speed: 0.3363s/iter; left time: 2290.8024s
	iters: 300, epoch: 11 | loss: 0.2616322
	speed: 0.3346s/iter; left time: 2245.2617s
	iters: 400, epoch: 11 | loss: 0.2538426
	speed: 0.3335s/iter; left time: 2205.0964s
	iters: 500, epoch: 11 | loss: 0.2764561
	speed: 0.3316s/iter; left time: 2158.8549s
	iters: 600, epoch: 11 | loss: 0.2527362
	speed: 0.3318s/iter; left time: 2127.2091s
	iters: 700, epoch: 11 | loss: 0.2743939
	speed: 0.3333s/iter; left time: 2103.5872s
Epoch: 11 cost time: 234.39330530166626
Epoch: 11, Steps: 701 | Train Loss: 0.2659517 Vali Loss: 0.4197778 Test Loss: 0.4831383
Validation loss decreased (0.420419 --> 0.419778).  Saving model ...
Updating learning rate to 9.765625e-06
	iters: 100, epoch: 12 | loss: 0.2644569
	speed: 0.6283s/iter; left time: 3901.4631s
	iters: 200, epoch: 12 | loss: 0.2756953
	speed: 0.3331s/iter; left time: 2035.0493s
	iters: 300, epoch: 12 | loss: 0.2591521
	speed: 0.3317s/iter; left time: 1993.4690s
	iters: 400, epoch: 12 | loss: 0.2705359
	speed: 0.3314s/iter; left time: 1958.4634s
	iters: 500, epoch: 12 | loss: 0.2601242
	speed: 0.3325s/iter; left time: 1932.0849s
	iters: 600, epoch: 12 | loss: 0.2661788
	speed: 0.3318s/iter; left time: 1894.4278s
	iters: 700, epoch: 12 | loss: 0.3012142
	speed: 0.3302s/iter; left time: 1852.3229s
Epoch: 12 cost time: 232.83766174316406
Epoch: 12, Steps: 701 | Train Loss: 0.2656316 Vali Loss: 0.4200827 Test Loss: 0.4830523
EarlyStopping counter: 1 out of 5
Updating learning rate to 4.8828125e-06
	iters: 100, epoch: 13 | loss: 0.2590256
	speed: 0.6189s/iter; left time: 3409.6809s
	iters: 200, epoch: 13 | loss: 0.2532727
	speed: 0.3314s/iter; left time: 1792.5909s
	iters: 300, epoch: 13 | loss: 0.2422563
	speed: 0.3306s/iter; left time: 1755.4076s
	iters: 400, epoch: 13 | loss: 0.2702835
	speed: 0.3307s/iter; left time: 1722.6385s
	iters: 500, epoch: 13 | loss: 0.2888694
	speed: 0.3303s/iter; left time: 1687.7475s
	iters: 600, epoch: 13 | loss: 0.2683712
	speed: 0.3314s/iter; left time: 1660.0169s
	iters: 700, epoch: 13 | loss: 0.2770124
	speed: 0.3306s/iter; left time: 1622.8673s
Epoch: 13 cost time: 231.98255825042725
Epoch: 13, Steps: 701 | Train Loss: 0.2654865 Vali Loss: 0.4196704 Test Loss: 0.4830017
Validation loss decreased (0.419778 --> 0.419670).  Saving model ...
Updating learning rate to 2.44140625e-06
	iters: 100, epoch: 14 | loss: 0.2613675
	speed: 0.6296s/iter; left time: 3027.1827s
	iters: 200, epoch: 14 | loss: 0.2727019
	speed: 0.3355s/iter; left time: 1579.5036s
	iters: 300, epoch: 14 | loss: 0.2694717
	speed: 0.3334s/iter; left time: 1536.5230s
	iters: 400, epoch: 14 | loss: 0.2582974
	speed: 0.3333s/iter; left time: 1502.4075s
	iters: 500, epoch: 14 | loss: 0.2511089
	speed: 0.3333s/iter; left time: 1469.2640s
	iters: 600, epoch: 14 | loss: 0.2594829
	speed: 0.3334s/iter; left time: 1436.1032s
	iters: 700, epoch: 14 | loss: 0.2556671
	speed: 0.3332s/iter; left time: 1402.1808s
Epoch: 14 cost time: 234.2439284324646
Epoch: 14, Steps: 701 | Train Loss: 0.2653668 Vali Loss: 0.4204178 Test Loss: 0.4829572
EarlyStopping counter: 1 out of 5
Updating learning rate to 1.220703125e-06
	iters: 100, epoch: 15 | loss: 0.2794896
	speed: 0.6235s/iter; left time: 2560.7844s
	iters: 200, epoch: 15 | loss: 0.2501078
	speed: 0.3338s/iter; left time: 1337.6101s
	iters: 300, epoch: 15 | loss: 0.2573365
	speed: 0.3350s/iter; left time: 1308.9262s
	iters: 400, epoch: 15 | loss: 0.2502023
	speed: 0.3344s/iter; left time: 1273.0783s
	iters: 500, epoch: 15 | loss: 0.2960642
	speed: 0.3333s/iter; left time: 1235.4042s
	iters: 600, epoch: 15 | loss: 0.2565403
	speed: 0.3337s/iter; left time: 1203.4964s
	iters: 700, epoch: 15 | loss: 0.2662197
	speed: 0.3333s/iter; left time: 1168.7213s
Epoch: 15 cost time: 234.24894547462463
Epoch: 15, Steps: 701 | Train Loss: 0.2653396 Vali Loss: 0.4196952 Test Loss: 0.4829453
EarlyStopping counter: 2 out of 5
Updating learning rate to 6.103515625e-07
	iters: 100, epoch: 16 | loss: 0.2535681
	speed: 0.6222s/iter; left time: 2119.3278s
	iters: 200, epoch: 16 | loss: 0.2566764
	speed: 0.3334s/iter; left time: 1102.3126s
	iters: 300, epoch: 16 | loss: 0.2501642
	speed: 0.3342s/iter; left time: 1071.5386s
	iters: 400, epoch: 16 | loss: 0.2490073
	speed: 0.3337s/iter; left time: 1036.3699s
	iters: 500, epoch: 16 | loss: 0.2409728
	speed: 0.3348s/iter; left time: 1006.2973s
	iters: 600, epoch: 16 | loss: 0.2635336
	speed: 0.3336s/iter; left time: 969.4484s
	iters: 700, epoch: 16 | loss: 0.2519837
	speed: 0.3339s/iter; left time: 937.0407s
Epoch: 16 cost time: 234.07099223136902
Epoch: 16, Steps: 701 | Train Loss: 0.2653012 Vali Loss: 0.4196742 Test Loss: 0.4829548
EarlyStopping counter: 3 out of 5
Updating learning rate to 3.0517578125e-07
	iters: 100, epoch: 17 | loss: 0.2716280
	speed: 0.6202s/iter; left time: 1677.6521s
	iters: 200, epoch: 17 | loss: 0.2555978
	speed: 0.3337s/iter; left time: 869.2890s
	iters: 300, epoch: 17 | loss: 0.2554795
	speed: 0.3338s/iter; left time: 836.1248s
	iters: 400, epoch: 17 | loss: 0.2606055
	speed: 0.3348s/iter; left time: 805.0934s
	iters: 500, epoch: 17 | loss: 0.2521384
	speed: 0.3345s/iter; left time: 770.9206s
	iters: 600, epoch: 17 | loss: 0.2718630
	speed: 0.3338s/iter; left time: 736.0184s
	iters: 700, epoch: 17 | loss: 0.2476503
	speed: 0.3362s/iter; left time: 707.6963s
Epoch: 17 cost time: 234.34590768814087
Epoch: 17, Steps: 701 | Train Loss: 0.2653104 Vali Loss: 0.4201286 Test Loss: 0.4829549
EarlyStopping counter: 4 out of 5
Updating learning rate to 1.52587890625e-07
	iters: 100, epoch: 18 | loss: 0.2441667
	speed: 0.6334s/iter; left time: 1269.3366s
	iters: 200, epoch: 18 | loss: 0.2796146
	speed: 0.3399s/iter; left time: 647.1265s
	iters: 300, epoch: 18 | loss: 0.2464729
	speed: 0.3394s/iter; left time: 612.3101s
	iters: 400, epoch: 18 | loss: 0.2549424
	speed: 0.3405s/iter; left time: 580.2563s
	iters: 500, epoch: 18 | loss: 0.2607341
	speed: 0.3406s/iter; left time: 546.3195s
	iters: 600, epoch: 18 | loss: 0.2795652
	speed: 0.3417s/iter; left time: 513.8692s
	iters: 700, epoch: 18 | loss: 0.2556360
	speed: 0.3404s/iter; left time: 477.9496s
Epoch: 18 cost time: 238.6803102493286
Epoch: 18, Steps: 701 | Train Loss: 0.2652946 Vali Loss: 0.4204251 Test Loss: 0.4829554
EarlyStopping counter: 5 out of 5
Early stopping
>>>>>>>testing : traffic_336_720_Linear_custom_ftM_sl336_ll48_pl720_dm512_nh8_el2_dl1_df2048_fc1_ebtimeF_dtTrue_Exp_0_seed32598<<<<<<<<<<<<<<<<<<<<<<<<<<<<<<<<<
test 2789
mse:0.48281651735305786, mae:0.3305583596229553
