Args in experiment:
Namespace(activation='gelu', batch_size=32, c_out=7, checkpoints='./checkpoints/', d_ff=2048, d_layers=1, d_model=512, data='custom', data_path='national_illness.csv', dec_in=7, des='Exp', devices='0,1,2,3', distil=True, do_predict=False, dropout=0.05, e_layers=2, embed='timeF', embed_type=0, enc_in=7, factor=1, features='M', freq='h', gpu=0, individual=True, is_training=1, itr=1, label_len=18, learning_rate=0.05, loss='mse', lradj='type1', model='Linear', model_id='national_illness_104_60', moving_avg=25, n_heads=8, num_workers=0, output_attention=False, patience=5, pred_len=60, root_path='./dataset/', save_pred_values=False, seed=10458, seq_len=104, target='OT', test_flop=False, train_epochs=20, train_only=False, use_amp=False, use_gpu=False, use_multi_gpu=False)
Use CPU
>>>>>>>start training : national_illness_104_60_Linear_custom_ftM_sl104_ll18_pl60_dm512_nh8_el2_dl1_df2048_fc1_ebtimeF_dtTrue_Exp_0_seed10458>>>>>>>>>>>>>>>>>>>>>>>>>>
train 513
val 38
test 134
Epoch: 1 cost time: 0.10499691963195801
Epoch: 1, Steps: 16 | Train Loss: 1.5881617 Vali Loss: 0.6904352 Test Loss: 5.1509194
Validation loss decreased (inf --> 0.690435).  Saving model ...
Updating learning rate to 0.05
Epoch: 2 cost time: 0.029998779296875
Epoch: 2, Steps: 16 | Train Loss: 0.8463739 Vali Loss: 0.4256950 Test Loss: 3.4657199
Validation loss decreased (0.690435 --> 0.425695).  Saving model ...
Updating learning rate to 0.025
Epoch: 3 cost time: 0.026000022888183594
Epoch: 3, Steps: 16 | Train Loss: 0.5898279 Vali Loss: 0.2882664 Test Loss: 3.0973520
Validation loss decreased (0.425695 --> 0.288266).  Saving model ...
Updating learning rate to 0.0125
Epoch: 4 cost time: 0.025000333786010742
Epoch: 4, Steps: 16 | Train Loss: 0.5064399 Vali Loss: 0.2690630 Test Loss: 2.6313376
Validation loss decreased (0.288266 --> 0.269063).  Saving model ...
Updating learning rate to 0.00625
Epoch: 5 cost time: 0.02700018882751465
Epoch: 5, Steps: 16 | Train Loss: 0.4630232 Vali Loss: 0.2921570 Test Loss: 2.6182237
EarlyStopping counter: 1 out of 5
Updating learning rate to 0.003125
Epoch: 6 cost time: 0.031000137329101562
Epoch: 6, Steps: 16 | Train Loss: 0.4502006 Vali Loss: 0.2542231 Test Loss: 2.6271904
Validation loss decreased (0.269063 --> 0.254223).  Saving model ...
Updating learning rate to 0.0015625
Epoch: 7 cost time: 0.0279998779296875
Epoch: 7, Steps: 16 | Train Loss: 0.4424461 Vali Loss: 0.2558680 Test Loss: 2.6505163
EarlyStopping counter: 1 out of 5
Updating learning rate to 0.00078125
Epoch: 8 cost time: 0.026999711990356445
Epoch: 8, Steps: 16 | Train Loss: 0.4401186 Vali Loss: 0.2637751 Test Loss: 2.6370580
EarlyStopping counter: 2 out of 5
Updating learning rate to 0.000390625
Epoch: 9 cost time: 0.02700018882751465
Epoch: 9, Steps: 16 | Train Loss: 0.4396995 Vali Loss: 0.2485653 Test Loss: 2.6339803
Validation loss decreased (0.254223 --> 0.248565).  Saving model ...
Updating learning rate to 0.0001953125
Epoch: 10 cost time: 0.026999950408935547
Epoch: 10, Steps: 16 | Train Loss: 0.4386417 Vali Loss: 0.2696933 Test Loss: 2.6328375
EarlyStopping counter: 1 out of 5
Updating learning rate to 9.765625e-05
Epoch: 11 cost time: 0.0279998779296875
Epoch: 11, Steps: 16 | Train Loss: 0.4379698 Vali Loss: 0.2541247 Test Loss: 2.6319103
EarlyStopping counter: 2 out of 5
Updating learning rate to 4.8828125e-05
Epoch: 12 cost time: 0.0279998779296875
Epoch: 12, Steps: 16 | Train Loss: 0.4382726 Vali Loss: 0.2672018 Test Loss: 2.6316059
EarlyStopping counter: 3 out of 5
Updating learning rate to 2.44140625e-05
Epoch: 13 cost time: 0.02800130844116211
Epoch: 13, Steps: 16 | Train Loss: 0.4380591 Vali Loss: 0.2550114 Test Loss: 2.6314793
EarlyStopping counter: 4 out of 5
Updating learning rate to 1.220703125e-05
Epoch: 14 cost time: 0.0279996395111084
Epoch: 14, Steps: 16 | Train Loss: 0.4378343 Vali Loss: 0.2523432 Test Loss: 2.6314976
EarlyStopping counter: 5 out of 5
Early stopping
>>>>>>>testing : national_illness_104_60_Linear_custom_ftM_sl104_ll18_pl60_dm512_nh8_el2_dl1_df2048_fc1_ebtimeF_dtTrue_Exp_0_seed10458<<<<<<<<<<<<<<<<<<<<<<<<<<<<<<<<<
test 134
mse:2.440228223800659, mae:1.08652925491333
