Args in experiment:
Namespace(activation='gelu', batch_size=32, c_out=7, checkpoints='./checkpoints/', d_ff=2048, d_layers=1, d_model=512, data='ETTh2', data_path='ETTh2.csv', dec_in=7, des='Exp', devices='0,1,2,3', distil=True, do_predict=False, dropout=0.05, e_layers=2, embed='timeF', embed_type=0, enc_in=7, factor=1, features='M', freq='h', gpu=0, individual=True, is_training=1, itr=1, label_len=48, learning_rate=0.005, loss='mse', lradj='type1', model='Linear', model_id='ETTh2_336_720', moving_avg=25, n_heads=8, num_workers=0, output_attention=False, patience=5, pred_len=720, root_path='./dataset/', save_pred_values=False, seed=3293, seq_len=336, target='OT', test_flop=False, train_epochs=20, train_only=False, use_amp=False, use_gpu=False, use_multi_gpu=False)
Use CPU
>>>>>>>start training : ETTh2_336_720_Linear_ETTh2_ftM_sl336_ll48_pl720_dm512_nh8_el2_dl1_df2048_fc1_ebtimeF_dtTrue_Exp_0_seed3293>>>>>>>>>>>>>>>>>>>>>>>>>>
train 7585
val 2161
test 2161
	iters: 100, epoch: 1 | loss: 0.8033087
	speed: 0.0179s/iter; left time: 83.0114s
	iters: 200, epoch: 1 | loss: 0.9308098
	speed: 0.0208s/iter; left time: 94.6344s
Epoch: 1 cost time: 4.579179763793945
Epoch: 1, Steps: 237 | Train Loss: 0.7605901 Vali Loss: 0.9029176 Test Loss: 1.9663135
Validation loss decreased (inf --> 0.902918).  Saving model ...
Updating learning rate to 0.005
	iters: 100, epoch: 2 | loss: 0.8934966
	speed: 0.0342s/iter; left time: 150.8293s
	iters: 200, epoch: 2 | loss: 0.9784594
	speed: 0.0176s/iter; left time: 75.9462s
Epoch: 2 cost time: 4.261317491531372
Epoch: 2, Steps: 237 | Train Loss: 0.7376987 Vali Loss: 0.8248146 Test Loss: 1.2557688
Validation loss decreased (0.902918 --> 0.824815).  Saving model ...
Updating learning rate to 0.0025
	iters: 100, epoch: 3 | loss: 0.7604495
	speed: 0.0345s/iter; left time: 143.9546s
	iters: 200, epoch: 3 | loss: 0.6161640
	speed: 0.0203s/iter; left time: 82.6164s
Epoch: 3 cost time: 4.448043346405029
Epoch: 3, Steps: 237 | Train Loss: 0.6799863 Vali Loss: 0.8383542 Test Loss: 1.5354069
EarlyStopping counter: 1 out of 5
Updating learning rate to 0.00125
	iters: 100, epoch: 4 | loss: 0.8108832
	speed: 0.0344s/iter; left time: 135.3070s
	iters: 200, epoch: 4 | loss: 0.5336905
	speed: 0.0185s/iter; left time: 70.8916s
Epoch: 4 cost time: 4.34696626663208
Epoch: 4, Steps: 237 | Train Loss: 0.6530565 Vali Loss: 0.7617505 Test Loss: 0.9352062
Validation loss decreased (0.824815 --> 0.761750).  Saving model ...
Updating learning rate to 0.000625
	iters: 100, epoch: 5 | loss: 0.7205207
	speed: 0.0345s/iter; left time: 127.5375s
	iters: 200, epoch: 5 | loss: 0.7671241
	speed: 0.0187s/iter; left time: 67.2850s
Epoch: 5 cost time: 4.540998458862305
Epoch: 5, Steps: 237 | Train Loss: 0.6399149 Vali Loss: 0.7814738 Test Loss: 1.0678617
EarlyStopping counter: 1 out of 5
Updating learning rate to 0.0003125
	iters: 100, epoch: 6 | loss: 0.6385818
	speed: 0.0384s/iter; left time: 132.7067s
	iters: 200, epoch: 6 | loss: 0.6963094
	speed: 0.0158s/iter; left time: 52.9582s
Epoch: 6 cost time: 4.1571738719940186
Epoch: 6, Steps: 237 | Train Loss: 0.6333530 Vali Loss: 0.7698554 Test Loss: 1.0916741
EarlyStopping counter: 2 out of 5
Updating learning rate to 0.00015625
	iters: 100, epoch: 7 | loss: 0.5324707
	speed: 0.0311s/iter; left time: 100.0990s
	iters: 200, epoch: 7 | loss: 0.6465754
	speed: 0.0165s/iter; left time: 51.3752s
Epoch: 7 cost time: 4.051153659820557
Epoch: 7, Steps: 237 | Train Loss: 0.6302288 Vali Loss: 0.7864214 Test Loss: 1.0428320
EarlyStopping counter: 3 out of 5
Updating learning rate to 7.8125e-05
	iters: 100, epoch: 8 | loss: 0.5594786
	speed: 0.0277s/iter; left time: 82.6593s
	iters: 200, epoch: 8 | loss: 0.7531937
	speed: 0.0137s/iter; left time: 39.5347s
Epoch: 8 cost time: 3.333435297012329
Epoch: 8, Steps: 237 | Train Loss: 0.6283588 Vali Loss: 0.7625179 Test Loss: 1.0178217
EarlyStopping counter: 4 out of 5
Updating learning rate to 3.90625e-05
	iters: 100, epoch: 9 | loss: 0.8427128
	speed: 0.0265s/iter; left time: 72.7367s
	iters: 200, epoch: 9 | loss: 0.6870673
	speed: 0.0153s/iter; left time: 40.4376s
Epoch: 9 cost time: 3.625403881072998
Epoch: 9, Steps: 237 | Train Loss: 0.6273018 Vali Loss: 0.7694442 Test Loss: 1.0180922
EarlyStopping counter: 5 out of 5
Early stopping
>>>>>>>testing : ETTh2_336_720_Linear_ETTh2_ftM_sl336_ll48_pl720_dm512_nh8_el2_dl1_df2048_fc1_ebtimeF_dtTrue_Exp_0_seed3293<<<<<<<<<<<<<<<<<<<<<<<<<<<<<<<<<
test 2161
mse:0.9348785877227783, mae:0.6739870309829712
