Args in experiment:
Namespace(activation='gelu', batch_size=32, c_out=7, checkpoints='./checkpoints/', d_ff=2048, d_layers=1, d_model=512, data='ETTh1', data_path='ETTh1.csv', dec_in=7, des='Exp', devices='0,1,2,3', distil=True, do_predict=False, dropout=0.05, e_layers=2, embed='timeF', embed_type=0, enc_in=7, factor=1, features='M', freq='h', gpu=0, individual=True, is_training=1, itr=1, label_len=48, learning_rate=0.005, loss='mse', lradj='type1', model='Linear', model_id='ETTh1_336_96', moving_avg=25, n_heads=8, num_workers=0, output_attention=False, patience=5, pred_len=96, root_path='./dataset/', save_pred_values=False, seed=15726, seq_len=336, target='OT', test_flop=False, train_epochs=20, train_only=False, use_amp=False, use_gpu=False, use_multi_gpu=False)
Use CPU
>>>>>>>start training : ETTh1_336_96_Linear_ETTh1_ftM_sl336_ll48_pl96_dm512_nh8_el2_dl1_df2048_fc1_ebtimeF_dtTrue_Exp_0_seed15726>>>>>>>>>>>>>>>>>>>>>>>>>>
train 8209
val 2785
test 2785
	iters: 100, epoch: 1 | loss: 0.3622180
	speed: 0.0034s/iter; left time: 16.9209s
	iters: 200, epoch: 1 | loss: 0.3944020
	speed: 0.0043s/iter; left time: 21.1254s
Epoch: 1 cost time: 1.0022919178009033
Epoch: 1, Steps: 256 | Train Loss: 0.4217454 Vali Loss: 0.7761900 Test Loss: 0.4571316
Validation loss decreased (inf --> 0.776190).  Saving model ...
Updating learning rate to 0.005
	iters: 100, epoch: 2 | loss: 0.3680794
	speed: 0.0095s/iter; left time: 45.1361s
	iters: 200, epoch: 2 | loss: 0.3585165
	speed: 0.0041s/iter; left time: 18.9398s
Epoch: 2 cost time: 1.029240369796753
Epoch: 2, Steps: 256 | Train Loss: 0.3884338 Vali Loss: 0.8629043 Test Loss: 0.4674248
EarlyStopping counter: 1 out of 5
Updating learning rate to 0.0025
	iters: 100, epoch: 3 | loss: 0.3655436
	speed: 0.0087s/iter; left time: 39.1061s
	iters: 200, epoch: 3 | loss: 0.3802890
	speed: 0.0050s/iter; left time: 21.8797s
Epoch: 3 cost time: 1.2053492069244385
Epoch: 3, Steps: 256 | Train Loss: 0.3445121 Vali Loss: 0.7426350 Test Loss: 0.4105940
Validation loss decreased (0.776190 --> 0.742635).  Saving model ...
Updating learning rate to 0.00125
	iters: 100, epoch: 4 | loss: 0.2745411
	speed: 0.0104s/iter; left time: 44.0706s
	iters: 200, epoch: 4 | loss: 0.3051751
	speed: 0.0046s/iter; left time: 18.9340s
Epoch: 4 cost time: 1.1371395587921143
Epoch: 4, Steps: 256 | Train Loss: 0.3293404 Vali Loss: 0.7016780 Test Loss: 0.3970053
Validation loss decreased (0.742635 --> 0.701678).  Saving model ...
Updating learning rate to 0.000625
	iters: 100, epoch: 5 | loss: 0.3542191
	speed: 0.0090s/iter; left time: 36.0217s
	iters: 200, epoch: 5 | loss: 0.3094165
	speed: 0.0037s/iter; left time: 14.6136s
Epoch: 5 cost time: 1.0263128280639648
Epoch: 5, Steps: 256 | Train Loss: 0.3199226 Vali Loss: 0.6903290 Test Loss: 0.3826824
Validation loss decreased (0.701678 --> 0.690329).  Saving model ...
Updating learning rate to 0.0003125
	iters: 100, epoch: 6 | loss: 0.3213307
	speed: 0.0091s/iter; left time: 34.1298s
	iters: 200, epoch: 6 | loss: 0.3181822
	speed: 0.0045s/iter; left time: 16.3595s
Epoch: 6 cost time: 1.1474699974060059
Epoch: 6, Steps: 256 | Train Loss: 0.3148720 Vali Loss: 0.6986912 Test Loss: 0.3827229
EarlyStopping counter: 1 out of 5
Updating learning rate to 0.00015625
	iters: 100, epoch: 7 | loss: 0.3355055
	speed: 0.0085s/iter; left time: 29.7753s
	iters: 200, epoch: 7 | loss: 0.3287359
	speed: 0.0041s/iter; left time: 13.9801s
Epoch: 7 cost time: 1.0462586879730225
Epoch: 7, Steps: 256 | Train Loss: 0.3126089 Vali Loss: 0.6899727 Test Loss: 0.3798334
Validation loss decreased (0.690329 --> 0.689973).  Saving model ...
Updating learning rate to 7.8125e-05
	iters: 100, epoch: 8 | loss: 0.3886617
	speed: 0.0092s/iter; left time: 29.6498s
	iters: 200, epoch: 8 | loss: 0.2873038
	speed: 0.0042s/iter; left time: 13.1121s
Epoch: 8 cost time: 1.0453498363494873
Epoch: 8, Steps: 256 | Train Loss: 0.3113174 Vali Loss: 0.6844690 Test Loss: 0.3804601
Validation loss decreased (0.689973 --> 0.684469).  Saving model ...
Updating learning rate to 3.90625e-05
	iters: 100, epoch: 9 | loss: 0.3101397
	speed: 0.0083s/iter; left time: 24.7443s
	iters: 200, epoch: 9 | loss: 0.2992996
	speed: 0.0038s/iter; left time: 10.7803s
Epoch: 9 cost time: 0.9662728309631348
Epoch: 9, Steps: 256 | Train Loss: 0.3104926 Vali Loss: 0.6806552 Test Loss: 0.3797257
Validation loss decreased (0.684469 --> 0.680655).  Saving model ...
Updating learning rate to 1.953125e-05
	iters: 100, epoch: 10 | loss: 0.2658455
	speed: 0.0084s/iter; left time: 22.6870s
	iters: 200, epoch: 10 | loss: 0.4040809
	speed: 0.0039s/iter; left time: 10.1905s
Epoch: 10 cost time: 0.974398136138916
Epoch: 10, Steps: 256 | Train Loss: 0.3102981 Vali Loss: 0.6809384 Test Loss: 0.3800702
EarlyStopping counter: 1 out of 5
Updating learning rate to 9.765625e-06
	iters: 100, epoch: 11 | loss: 0.3142705
	speed: 0.0082s/iter; left time: 20.2342s
	iters: 200, epoch: 11 | loss: 0.3997919
	speed: 0.0040s/iter; left time: 9.5343s
Epoch: 11 cost time: 0.992020845413208
Epoch: 11, Steps: 256 | Train Loss: 0.3099670 Vali Loss: 0.6799124 Test Loss: 0.3795402
Validation loss decreased (0.680655 --> 0.679912).  Saving model ...
Updating learning rate to 4.8828125e-06
	iters: 100, epoch: 12 | loss: 0.2927047
	speed: 0.0077s/iter; left time: 16.9192s
	iters: 200, epoch: 12 | loss: 0.2583418
	speed: 0.0033s/iter; left time: 6.9917s
Epoch: 12 cost time: 0.9074599742889404
Epoch: 12, Steps: 256 | Train Loss: 0.3098773 Vali Loss: 0.6803101 Test Loss: 0.3795066
EarlyStopping counter: 1 out of 5
Updating learning rate to 2.44140625e-06
	iters: 100, epoch: 13 | loss: 0.2821908
	speed: 0.0089s/iter; left time: 17.3505s
	iters: 200, epoch: 13 | loss: 0.3387196
	speed: 0.0035s/iter; left time: 6.5455s
Epoch: 13 cost time: 0.9461414813995361
Epoch: 13, Steps: 256 | Train Loss: 0.3097698 Vali Loss: 0.6803244 Test Loss: 0.3793801
EarlyStopping counter: 2 out of 5
Updating learning rate to 1.220703125e-06
	iters: 100, epoch: 14 | loss: 0.3037341
	speed: 0.0081s/iter; left time: 13.6818s
	iters: 200, epoch: 14 | loss: 0.3405583
	speed: 0.0036s/iter; left time: 5.7856s
Epoch: 14 cost time: 0.9361929893493652
Epoch: 14, Steps: 256 | Train Loss: 0.3095720 Vali Loss: 0.6800986 Test Loss: 0.3794388
EarlyStopping counter: 3 out of 5
Updating learning rate to 6.103515625e-07
	iters: 100, epoch: 15 | loss: 0.2990659
	speed: 0.0086s/iter; left time: 12.3303s
	iters: 200, epoch: 15 | loss: 0.3849174
	speed: 0.0040s/iter; left time: 5.3239s
Epoch: 15 cost time: 1.0101990699768066
Epoch: 15, Steps: 256 | Train Loss: 0.3097270 Vali Loss: 0.6801476 Test Loss: 0.3794312
EarlyStopping counter: 4 out of 5
Updating learning rate to 3.0517578125e-07
	iters: 100, epoch: 16 | loss: 0.3547897
	speed: 0.0086s/iter; left time: 10.1358s
	iters: 200, epoch: 16 | loss: 0.3532466
	speed: 0.0033s/iter; left time: 3.5997s
Epoch: 16 cost time: 0.9082608222961426
Epoch: 16, Steps: 256 | Train Loss: 0.3096291 Vali Loss: 0.6801788 Test Loss: 0.3794332
EarlyStopping counter: 5 out of 5
Early stopping
>>>>>>>testing : ETTh1_336_96_Linear_ETTh1_ftM_sl336_ll48_pl96_dm512_nh8_el2_dl1_df2048_fc1_ebtimeF_dtTrue_Exp_0_seed15726<<<<<<<<<<<<<<<<<<<<<<<<<<<<<<<<<
test 2785
mse:0.3778563141822815, mae:0.3970502018928528
