Args in experiment:
Namespace(activation='gelu', batch_size=8, c_out=7, checkpoints='./checkpoints/', d_ff=2048, d_layers=1, d_model=512, data='ETTm1', data_path='ETTm1.csv', dec_in=7, des='Exp', devices='0,1,2,3', distil=True, do_predict=False, dropout=0.05, e_layers=2, embed='timeF', embed_type=0, enc_in=7, factor=1, features='M', freq='h', gpu=0, individual=True, is_training=1, itr=1, label_len=48, learning_rate=0.005, loss='mse', lradj='type1', model='Linear', model_id='ETTm1_336_192', moving_avg=25, n_heads=8, num_workers=0, output_attention=False, patience=5, pred_len=192, root_path='./dataset/', save_pred_values=False, seed=15726, seq_len=336, target='OT', test_flop=False, train_epochs=20, train_only=False, use_amp=False, use_gpu=False, use_multi_gpu=False)
Use CPU
>>>>>>>start training : ETTm1_336_192_Linear_ETTm1_ftM_sl336_ll48_pl192_dm512_nh8_el2_dl1_df2048_fc1_ebtimeF_dtTrue_Exp_0_seed15726>>>>>>>>>>>>>>>>>>>>>>>>>>
train 34033
val 11329
test 11329
	iters: 100, epoch: 1 | loss: 0.4602862
	speed: 0.0033s/iter; left time: 283.8376s
	iters: 200, epoch: 1 | loss: 0.4421043
	speed: 0.0034s/iter; left time: 286.9357s
	iters: 300, epoch: 1 | loss: 0.7137180
	speed: 0.0033s/iter; left time: 283.3716s
	iters: 400, epoch: 1 | loss: 0.6206292
	speed: 0.0038s/iter; left time: 317.5542s
	iters: 500, epoch: 1 | loss: 0.4156600
	speed: 0.0037s/iter; left time: 315.4871s
	iters: 600, epoch: 1 | loss: 0.4347267
	speed: 0.0034s/iter; left time: 290.9859s
	iters: 700, epoch: 1 | loss: 0.4749868
	speed: 0.0037s/iter; left time: 315.6367s
	iters: 800, epoch: 1 | loss: 0.4599960
	speed: 0.0037s/iter; left time: 312.1304s
	iters: 900, epoch: 1 | loss: 0.5604106
	speed: 0.0037s/iter; left time: 314.8378s
	iters: 1000, epoch: 1 | loss: 0.5106962
	speed: 0.0040s/iter; left time: 335.7010s
	iters: 1100, epoch: 1 | loss: 0.3210061
	speed: 0.0040s/iter; left time: 335.2635s
	iters: 1200, epoch: 1 | loss: 0.4917718
	speed: 0.0040s/iter; left time: 338.0403s
	iters: 1300, epoch: 1 | loss: 0.6551830
	speed: 0.0040s/iter; left time: 337.1637s
	iters: 1400, epoch: 1 | loss: 0.5992246
	speed: 0.0039s/iter; left time: 330.5395s
	iters: 1500, epoch: 1 | loss: 0.5450257
	speed: 0.0026s/iter; left time: 220.6532s
	iters: 1600, epoch: 1 | loss: 0.3931929
	speed: 0.0025s/iter; left time: 212.0411s
	iters: 1700, epoch: 1 | loss: 0.5560533
	speed: 0.0027s/iter; left time: 227.8319s
	iters: 1800, epoch: 1 | loss: 0.3396539
	speed: 0.0035s/iter; left time: 291.4836s
	iters: 1900, epoch: 1 | loss: 0.5570627
	speed: 0.0031s/iter; left time: 257.0295s
	iters: 2000, epoch: 1 | loss: 0.3544818
	speed: 0.0034s/iter; left time: 283.4511s
	iters: 2100, epoch: 1 | loss: 0.5163773
	speed: 0.0031s/iter; left time: 254.7520s
	iters: 2200, epoch: 1 | loss: 0.4452045
	speed: 0.0037s/iter; left time: 302.5631s
	iters: 2300, epoch: 1 | loss: 0.4876446
	speed: 0.0038s/iter; left time: 311.5514s
	iters: 2400, epoch: 1 | loss: 0.3727283
	speed: 0.0033s/iter; left time: 269.5393s
	iters: 2500, epoch: 1 | loss: 0.9292552
	speed: 0.0031s/iter; left time: 252.6541s
	iters: 2600, epoch: 1 | loss: 0.3928890
	speed: 0.0034s/iter; left time: 283.9001s
	iters: 2700, epoch: 1 | loss: 0.4410218
	speed: 0.0034s/iter; left time: 280.0961s
	iters: 2800, epoch: 1 | loss: 0.4226346
	speed: 0.0036s/iter; left time: 293.7437s
	iters: 2900, epoch: 1 | loss: 0.4251933
	speed: 0.0038s/iter; left time: 310.9164s
	iters: 3000, epoch: 1 | loss: 0.3155291
	speed: 0.0036s/iter; left time: 295.4935s
	iters: 3100, epoch: 1 | loss: 0.3225102
	speed: 0.0035s/iter; left time: 290.4526s
	iters: 3200, epoch: 1 | loss: 0.5260299
	speed: 0.0035s/iter; left time: 289.0405s
	iters: 3300, epoch: 1 | loss: 0.3872885
	speed: 0.0034s/iter; left time: 278.7350s
	iters: 3400, epoch: 1 | loss: 0.3260418
	speed: 0.0038s/iter; left time: 310.5694s
	iters: 3500, epoch: 1 | loss: 0.5455419
	speed: 0.0039s/iter; left time: 320.6138s
	iters: 3600, epoch: 1 | loss: 0.4361692
	speed: 0.0040s/iter; left time: 325.1097s
	iters: 3700, epoch: 1 | loss: 0.9787982
	speed: 0.0037s/iter; left time: 304.1698s
	iters: 3800, epoch: 1 | loss: 0.4393329
	speed: 0.0033s/iter; left time: 266.5988s
	iters: 3900, epoch: 1 | loss: 0.4367527
	speed: 0.0033s/iter; left time: 266.2730s
	iters: 4000, epoch: 1 | loss: 0.3603570
	speed: 0.0035s/iter; left time: 283.2149s
	iters: 4100, epoch: 1 | loss: 0.3068557
	speed: 0.0036s/iter; left time: 293.1954s
	iters: 4200, epoch: 1 | loss: 0.5588091
	speed: 0.0036s/iter; left time: 291.3239s
Epoch: 1 cost time: 14.949998140335083
Epoch: 1, Steps: 4254 | Train Loss: 0.4777029 Vali Loss: 0.9402092 Test Loss: 0.5494956
Validation loss decreased (inf --> 0.940209).  Saving model ...
Updating learning rate to 0.005
	iters: 100, epoch: 2 | loss: 0.7486510
	speed: 0.0240s/iter; left time: 1938.4770s
	iters: 200, epoch: 2 | loss: 0.6717201
	speed: 0.0036s/iter; left time: 292.6763s
	iters: 300, epoch: 2 | loss: 0.3027942
	speed: 0.0040s/iter; left time: 321.6293s
	iters: 400, epoch: 2 | loss: 0.4164274
	speed: 0.0039s/iter; left time: 313.5423s
	iters: 500, epoch: 2 | loss: 0.3776860
	speed: 0.0039s/iter; left time: 314.7924s
	iters: 600, epoch: 2 | loss: 0.6107603
	speed: 0.0030s/iter; left time: 237.6624s
	iters: 700, epoch: 2 | loss: 0.3015474
	speed: 0.0037s/iter; left time: 293.2667s
	iters: 800, epoch: 2 | loss: 0.4508311
	speed: 0.0041s/iter; left time: 326.0585s
	iters: 900, epoch: 2 | loss: 0.5037449
	speed: 0.0038s/iter; left time: 303.7236s
	iters: 1000, epoch: 2 | loss: 0.4230264
	speed: 0.0037s/iter; left time: 292.9654s
	iters: 1100, epoch: 2 | loss: 0.3912544
	speed: 0.0034s/iter; left time: 268.8367s
	iters: 1200, epoch: 2 | loss: 0.4957313
	speed: 0.0032s/iter; left time: 256.4445s
	iters: 1300, epoch: 2 | loss: 0.3289392
	speed: 0.0032s/iter; left time: 250.5105s
	iters: 1400, epoch: 2 | loss: 0.4514997
	speed: 0.0033s/iter; left time: 260.7979s
	iters: 1500, epoch: 2 | loss: 0.4388398
	speed: 0.0031s/iter; left time: 248.2918s
	iters: 1600, epoch: 2 | loss: 0.4999989
	speed: 0.0033s/iter; left time: 259.1111s
	iters: 1700, epoch: 2 | loss: 0.3347710
	speed: 0.0035s/iter; left time: 273.2163s
	iters: 1800, epoch: 2 | loss: 0.3681799
	speed: 0.0030s/iter; left time: 236.2902s
	iters: 1900, epoch: 2 | loss: 0.3772954
	speed: 0.0029s/iter; left time: 229.6796s
	iters: 2000, epoch: 2 | loss: 0.4734446
	speed: 0.0029s/iter; left time: 225.3199s
	iters: 2100, epoch: 2 | loss: 0.3196073
	speed: 0.0031s/iter; left time: 241.0908s
	iters: 2200, epoch: 2 | loss: 0.3897032
	speed: 0.0038s/iter; left time: 296.4239s
	iters: 2300, epoch: 2 | loss: 0.3328632
	speed: 0.0036s/iter; left time: 283.4831s
	iters: 2400, epoch: 2 | loss: 0.4345153
	speed: 0.0035s/iter; left time: 277.8495s
	iters: 2500, epoch: 2 | loss: 0.4480173
	speed: 0.0035s/iter; left time: 271.0116s
	iters: 2600, epoch: 2 | loss: 0.6735402
	speed: 0.0034s/iter; left time: 266.9067s
	iters: 2700, epoch: 2 | loss: 0.4667174
	speed: 0.0034s/iter; left time: 267.9782s
	iters: 2800, epoch: 2 | loss: 0.5409219
	speed: 0.0034s/iter; left time: 263.7761s
	iters: 2900, epoch: 2 | loss: 0.4717038
	speed: 0.0033s/iter; left time: 255.0674s
	iters: 3000, epoch: 2 | loss: 0.5343711
	speed: 0.0033s/iter; left time: 255.2719s
	iters: 3100, epoch: 2 | loss: 0.4325726
	speed: 0.0035s/iter; left time: 273.5998s
	iters: 3200, epoch: 2 | loss: 0.2796262
	speed: 0.0035s/iter; left time: 270.9286s
	iters: 3300, epoch: 2 | loss: 0.4247586
	speed: 0.0033s/iter; left time: 259.7147s
	iters: 3400, epoch: 2 | loss: 0.4829740
	speed: 0.0035s/iter; left time: 274.0907s
	iters: 3500, epoch: 2 | loss: 0.5715224
	speed: 0.0036s/iter; left time: 278.4490s
	iters: 3600, epoch: 2 | loss: 0.6492428
	speed: 0.0033s/iter; left time: 257.2058s
	iters: 3700, epoch: 2 | loss: 0.4794507
	speed: 0.0036s/iter; left time: 276.1136s
	iters: 3800, epoch: 2 | loss: 0.4860808
	speed: 0.0036s/iter; left time: 275.1958s
	iters: 3900, epoch: 2 | loss: 0.4105960
	speed: 0.0037s/iter; left time: 283.8617s
	iters: 4000, epoch: 2 | loss: 0.5546281
	speed: 0.0038s/iter; left time: 291.2120s
	iters: 4100, epoch: 2 | loss: 0.6234382
	speed: 0.0036s/iter; left time: 272.6547s
	iters: 4200, epoch: 2 | loss: 0.3825146
	speed: 0.0034s/iter; left time: 259.7644s
Epoch: 2 cost time: 14.749368667602539
Epoch: 2, Steps: 4254 | Train Loss: 0.4812165 Vali Loss: 1.1136615 Test Loss: 0.6896725
EarlyStopping counter: 1 out of 5
Updating learning rate to 0.0025
	iters: 100, epoch: 3 | loss: 0.3505282
	speed: 0.0240s/iter; left time: 1835.8963s
	iters: 200, epoch: 3 | loss: 0.2902069
	speed: 0.0034s/iter; left time: 257.3780s
	iters: 300, epoch: 3 | loss: 0.2743986
	speed: 0.0039s/iter; left time: 297.4650s
	iters: 400, epoch: 3 | loss: 0.3276869
	speed: 0.0035s/iter; left time: 269.9340s
	iters: 500, epoch: 3 | loss: 0.2189447
	speed: 0.0029s/iter; left time: 219.8512s
	iters: 600, epoch: 3 | loss: 0.3828772
	speed: 0.0031s/iter; left time: 233.2365s
	iters: 700, epoch: 3 | loss: 0.3562378
	speed: 0.0027s/iter; left time: 206.3744s
	iters: 800, epoch: 3 | loss: 0.4261834
	speed: 0.0031s/iter; left time: 236.6284s
	iters: 900, epoch: 3 | loss: 0.2773697
	speed: 0.0031s/iter; left time: 236.8543s
	iters: 1000, epoch: 3 | loss: 0.3494228
	speed: 0.0034s/iter; left time: 259.9712s
	iters: 1100, epoch: 3 | loss: 0.3691369
	speed: 0.0032s/iter; left time: 239.4133s
	iters: 1200, epoch: 3 | loss: 0.5227877
	speed: 0.0034s/iter; left time: 253.3012s
	iters: 1300, epoch: 3 | loss: 0.2964724
	speed: 0.0036s/iter; left time: 267.9717s
	iters: 1400, epoch: 3 | loss: 0.2832666
	speed: 0.0036s/iter; left time: 267.8752s
	iters: 1500, epoch: 3 | loss: 0.3710859
	speed: 0.0036s/iter; left time: 268.8935s
	iters: 1600, epoch: 3 | loss: 0.2785258
	speed: 0.0036s/iter; left time: 266.4723s
	iters: 1700, epoch: 3 | loss: 0.3212557
	speed: 0.0037s/iter; left time: 279.2764s
	iters: 1800, epoch: 3 | loss: 0.3904069
	speed: 0.0038s/iter; left time: 284.8850s
	iters: 1900, epoch: 3 | loss: 0.4652622
	speed: 0.0038s/iter; left time: 281.0250s
	iters: 2000, epoch: 3 | loss: 0.3418422
	speed: 0.0038s/iter; left time: 279.6968s
	iters: 2100, epoch: 3 | loss: 0.2461859
	speed: 0.0037s/iter; left time: 275.5500s
	iters: 2200, epoch: 3 | loss: 0.2445271
	speed: 0.0037s/iter; left time: 278.3159s
	iters: 2300, epoch: 3 | loss: 0.2301252
	speed: 0.0039s/iter; left time: 291.9378s
	iters: 2400, epoch: 3 | loss: 0.3575259
	speed: 0.0036s/iter; left time: 263.7400s
	iters: 2500, epoch: 3 | loss: 0.3729082
	speed: 0.0036s/iter; left time: 264.4396s
	iters: 2600, epoch: 3 | loss: 0.3168792
	speed: 0.0040s/iter; left time: 292.1942s
	iters: 2700, epoch: 3 | loss: 0.3362270
	speed: 0.0037s/iter; left time: 274.2822s
	iters: 2800, epoch: 3 | loss: 0.5286441
	speed: 0.0034s/iter; left time: 247.1412s
	iters: 2900, epoch: 3 | loss: 0.2357298
	speed: 0.0034s/iter; left time: 250.7054s
	iters: 3000, epoch: 3 | loss: 0.4464745
	speed: 0.0038s/iter; left time: 276.4573s
	iters: 3100, epoch: 3 | loss: 0.4096578
	speed: 0.0034s/iter; left time: 247.6479s
	iters: 3200, epoch: 3 | loss: 0.3529674
	speed: 0.0033s/iter; left time: 241.3959s
	iters: 3300, epoch: 3 | loss: 0.3204569
	speed: 0.0034s/iter; left time: 247.8155s
	iters: 3400, epoch: 3 | loss: 0.3096044
	speed: 0.0028s/iter; left time: 205.6183s
	iters: 3500, epoch: 3 | loss: 0.3864277
	speed: 0.0028s/iter; left time: 207.5708s
	iters: 3600, epoch: 3 | loss: 0.4224591
	speed: 0.0033s/iter; left time: 240.3228s
	iters: 3700, epoch: 3 | loss: 0.4622757
	speed: 0.0032s/iter; left time: 233.9219s
	iters: 3800, epoch: 3 | loss: 0.2848643
	speed: 0.0035s/iter; left time: 256.1615s
	iters: 3900, epoch: 3 | loss: 0.2473534
	speed: 0.0037s/iter; left time: 268.4612s
	iters: 4000, epoch: 3 | loss: 0.2545225
	speed: 0.0036s/iter; left time: 263.4406s
	iters: 4100, epoch: 3 | loss: 0.4318745
	speed: 0.0037s/iter; left time: 265.9749s
	iters: 4200, epoch: 3 | loss: 0.3795236
	speed: 0.0038s/iter; left time: 275.1705s
Epoch: 3 cost time: 14.744833707809448
Epoch: 3, Steps: 4254 | Train Loss: 0.3652655 Vali Loss: 0.5822249 Test Loss: 0.3833010
Validation loss decreased (0.940209 --> 0.582225).  Saving model ...
Updating learning rate to 0.00125
	iters: 100, epoch: 4 | loss: 0.2699120
	speed: 0.0244s/iter; left time: 1763.1270s
	iters: 200, epoch: 4 | loss: 0.2503301
	speed: 0.0030s/iter; left time: 217.8003s
	iters: 300, epoch: 4 | loss: 0.5380132
	speed: 0.0033s/iter; left time: 234.3200s
	iters: 400, epoch: 4 | loss: 0.4761311
	speed: 0.0031s/iter; left time: 225.1070s
	iters: 500, epoch: 4 | loss: 0.2989778
	speed: 0.0031s/iter; left time: 223.3579s
	iters: 600, epoch: 4 | loss: 0.2756018
	speed: 0.0026s/iter; left time: 185.1958s
	iters: 700, epoch: 4 | loss: 0.4256138
	speed: 0.0034s/iter; left time: 242.0718s
	iters: 800, epoch: 4 | loss: 0.2378094
	speed: 0.0038s/iter; left time: 271.8125s
	iters: 900, epoch: 4 | loss: 0.3280843
	speed: 0.0039s/iter; left time: 277.2666s
	iters: 1000, epoch: 4 | loss: 0.5782527
	speed: 0.0036s/iter; left time: 258.1744s
	iters: 1100, epoch: 4 | loss: 0.2278514
	speed: 0.0037s/iter; left time: 260.2603s
	iters: 1200, epoch: 4 | loss: 0.3826409
	speed: 0.0036s/iter; left time: 257.4506s
	iters: 1300, epoch: 4 | loss: 0.2449652
	speed: 0.0036s/iter; left time: 257.0910s
	iters: 1400, epoch: 4 | loss: 0.2667343
	speed: 0.0036s/iter; left time: 257.5960s
	iters: 1500, epoch: 4 | loss: 0.3184880
	speed: 0.0034s/iter; left time: 237.2933s
	iters: 1600, epoch: 4 | loss: 0.2433755
	speed: 0.0033s/iter; left time: 234.0793s
	iters: 1700, epoch: 4 | loss: 0.2542034
	speed: 0.0034s/iter; left time: 238.8344s
	iters: 1800, epoch: 4 | loss: 0.7601482
	speed: 0.0036s/iter; left time: 255.9841s
	iters: 1900, epoch: 4 | loss: 0.3256257
	speed: 0.0037s/iter; left time: 263.4040s
	iters: 2000, epoch: 4 | loss: 0.3141907
	speed: 0.0038s/iter; left time: 267.4284s
	iters: 2100, epoch: 4 | loss: 0.2256071
	speed: 0.0039s/iter; left time: 275.2588s
	iters: 2200, epoch: 4 | loss: 0.4527548
	speed: 0.0036s/iter; left time: 253.8304s
	iters: 2300, epoch: 4 | loss: 0.2168475
	speed: 0.0034s/iter; left time: 236.8965s
	iters: 2400, epoch: 4 | loss: 0.3082276
	speed: 0.0036s/iter; left time: 253.8064s
	iters: 2500, epoch: 4 | loss: 0.2059686
	speed: 0.0033s/iter; left time: 229.7634s
	iters: 2600, epoch: 4 | loss: 0.2288393
	speed: 0.0035s/iter; left time: 244.7156s
	iters: 2700, epoch: 4 | loss: 0.5540299
	speed: 0.0032s/iter; left time: 223.4771s
	iters: 2800, epoch: 4 | loss: 0.2766260
	speed: 0.0031s/iter; left time: 214.1176s
	iters: 2900, epoch: 4 | loss: 0.3375546
	speed: 0.0033s/iter; left time: 227.1437s
	iters: 3000, epoch: 4 | loss: 0.2986661
	speed: 0.0034s/iter; left time: 234.9919s
	iters: 3100, epoch: 4 | loss: 0.4253617
	speed: 0.0032s/iter; left time: 221.5430s
	iters: 3200, epoch: 4 | loss: 0.3904962
	speed: 0.0034s/iter; left time: 237.9996s
	iters: 3300, epoch: 4 | loss: 0.2465412
	speed: 0.0034s/iter; left time: 231.9040s
	iters: 3400, epoch: 4 | loss: 0.3194500
	speed: 0.0036s/iter; left time: 244.7985s
	iters: 3500, epoch: 4 | loss: 0.3990692
	speed: 0.0036s/iter; left time: 245.7174s
	iters: 3600, epoch: 4 | loss: 0.3284144
	speed: 0.0033s/iter; left time: 229.6803s
	iters: 3700, epoch: 4 | loss: 0.2858955
	speed: 0.0037s/iter; left time: 256.7830s
	iters: 3800, epoch: 4 | loss: 0.2854879
	speed: 0.0038s/iter; left time: 257.5180s
	iters: 3900, epoch: 4 | loss: 0.4175994
	speed: 0.0036s/iter; left time: 249.7292s
	iters: 4000, epoch: 4 | loss: 0.2334441
	speed: 0.0034s/iter; left time: 228.9019s
	iters: 4100, epoch: 4 | loss: 0.2428567
	speed: 0.0035s/iter; left time: 240.1327s
	iters: 4200, epoch: 4 | loss: 0.2774192
	speed: 0.0035s/iter; left time: 239.1299s
Epoch: 4 cost time: 14.655071496963501
Epoch: 4, Steps: 4254 | Train Loss: 0.3263599 Vali Loss: 0.5376158 Test Loss: 0.3669263
Validation loss decreased (0.582225 --> 0.537616).  Saving model ...
Updating learning rate to 0.000625
	iters: 100, epoch: 5 | loss: 0.2511555
	speed: 0.0260s/iter; left time: 1770.3489s
	iters: 200, epoch: 5 | loss: 0.4248657
	speed: 0.0035s/iter; left time: 234.8485s
	iters: 300, epoch: 5 | loss: 0.2578234
	speed: 0.0036s/iter; left time: 244.0762s
	iters: 400, epoch: 5 | loss: 0.2502334
	speed: 0.0034s/iter; left time: 230.7364s
	iters: 500, epoch: 5 | loss: 0.3146855
	speed: 0.0033s/iter; left time: 223.6409s
	iters: 600, epoch: 5 | loss: 0.3100883
	speed: 0.0039s/iter; left time: 261.1877s
	iters: 700, epoch: 5 | loss: 0.2661301
	speed: 0.0038s/iter; left time: 253.9637s
	iters: 800, epoch: 5 | loss: 0.2817904
	speed: 0.0037s/iter; left time: 250.8979s
	iters: 900, epoch: 5 | loss: 0.2907004
	speed: 0.0036s/iter; left time: 238.9386s
	iters: 1000, epoch: 5 | loss: 0.3077096
	speed: 0.0035s/iter; left time: 234.7274s
	iters: 1100, epoch: 5 | loss: 0.3659023
	speed: 0.0035s/iter; left time: 235.1931s
	iters: 1200, epoch: 5 | loss: 0.3013024
	speed: 0.0035s/iter; left time: 232.0221s
	iters: 1300, epoch: 5 | loss: 0.2487933
	speed: 0.0035s/iter; left time: 234.3793s
	iters: 1400, epoch: 5 | loss: 0.2259272
	speed: 0.0036s/iter; left time: 241.5512s
	iters: 1500, epoch: 5 | loss: 0.3207564
	speed: 0.0037s/iter; left time: 246.9541s
	iters: 1600, epoch: 5 | loss: 0.2785881
	speed: 0.0037s/iter; left time: 242.5976s
	iters: 1700, epoch: 5 | loss: 0.2663004
	speed: 0.0038s/iter; left time: 251.0268s
	iters: 1800, epoch: 5 | loss: 0.2292338
	speed: 0.0024s/iter; left time: 157.7116s
	iters: 1900, epoch: 5 | loss: 0.2256426
	speed: 0.0025s/iter; left time: 166.0735s
	iters: 2000, epoch: 5 | loss: 0.2970552
	speed: 0.0034s/iter; left time: 222.1061s
	iters: 2100, epoch: 5 | loss: 0.3903750
	speed: 0.0036s/iter; left time: 235.5231s
	iters: 2200, epoch: 5 | loss: 0.4228883
	speed: 0.0037s/iter; left time: 243.6998s
	iters: 2300, epoch: 5 | loss: 0.2026329
	speed: 0.0037s/iter; left time: 243.5570s
	iters: 2400, epoch: 5 | loss: 0.3024512
	speed: 0.0037s/iter; left time: 241.6474s
	iters: 2500, epoch: 5 | loss: 0.2708244
	speed: 0.0036s/iter; left time: 238.0272s
	iters: 2600, epoch: 5 | loss: 0.3388835
	speed: 0.0036s/iter; left time: 237.7734s
	iters: 2700, epoch: 5 | loss: 0.2505503
	speed: 0.0040s/iter; left time: 258.8449s
	iters: 2800, epoch: 5 | loss: 0.2204677
	speed: 0.0040s/iter; left time: 262.5089s
	iters: 2900, epoch: 5 | loss: 0.3717864
	speed: 0.0039s/iter; left time: 252.2208s
	iters: 3000, epoch: 5 | loss: 0.2951663
	speed: 0.0038s/iter; left time: 249.2015s
	iters: 3100, epoch: 5 | loss: 0.2776327
	speed: 0.0037s/iter; left time: 237.3564s
	iters: 3200, epoch: 5 | loss: 0.2794202
	speed: 0.0039s/iter; left time: 252.8693s
	iters: 3300, epoch: 5 | loss: 0.2898102
	speed: 0.0038s/iter; left time: 244.8122s
	iters: 3400, epoch: 5 | loss: 0.3241223
	speed: 0.0037s/iter; left time: 241.3433s
	iters: 3500, epoch: 5 | loss: 0.3586150
	speed: 0.0037s/iter; left time: 237.5361s
	iters: 3600, epoch: 5 | loss: 0.2875904
	speed: 0.0037s/iter; left time: 236.0976s
	iters: 3700, epoch: 5 | loss: 0.4322760
	speed: 0.0037s/iter; left time: 240.0826s
	iters: 3800, epoch: 5 | loss: 0.2920519
	speed: 0.0039s/iter; left time: 253.2028s
	iters: 3900, epoch: 5 | loss: 0.3036276
	speed: 0.0037s/iter; left time: 236.3183s
	iters: 4000, epoch: 5 | loss: 0.3535418
	speed: 0.0035s/iter; left time: 221.6646s
	iters: 4100, epoch: 5 | loss: 0.2995481
	speed: 0.0033s/iter; left time: 211.7239s
	iters: 4200, epoch: 5 | loss: 0.2727513
	speed: 0.0034s/iter; left time: 214.7255s
Epoch: 5 cost time: 15.244157552719116
Epoch: 5, Steps: 4254 | Train Loss: 0.3065780 Vali Loss: 0.5137200 Test Loss: 0.3561007
Validation loss decreased (0.537616 --> 0.513720).  Saving model ...
Updating learning rate to 0.0003125
	iters: 100, epoch: 6 | loss: 0.2433188
	speed: 0.0269s/iter; left time: 1716.0914s
	iters: 200, epoch: 6 | loss: 0.2503645
	speed: 0.0039s/iter; left time: 246.3233s
	iters: 300, epoch: 6 | loss: 0.2329613
	speed: 0.0035s/iter; left time: 222.2881s
	iters: 400, epoch: 6 | loss: 0.2529545
	speed: 0.0035s/iter; left time: 222.5727s
	iters: 500, epoch: 6 | loss: 0.2376097
	speed: 0.0035s/iter; left time: 220.4548s
	iters: 600, epoch: 6 | loss: 0.3073037
	speed: 0.0034s/iter; left time: 216.8505s
	iters: 700, epoch: 6 | loss: 0.2461883
	speed: 0.0036s/iter; left time: 228.7065s
	iters: 800, epoch: 6 | loss: 0.1918909
	speed: 0.0035s/iter; left time: 223.0596s
	iters: 900, epoch: 6 | loss: 0.2755034
	speed: 0.0035s/iter; left time: 220.8175s
	iters: 1000, epoch: 6 | loss: 0.2652914
	speed: 0.0036s/iter; left time: 224.3981s
	iters: 1100, epoch: 6 | loss: 0.3474752
	speed: 0.0035s/iter; left time: 218.2351s
	iters: 1200, epoch: 6 | loss: 0.2844923
	speed: 0.0034s/iter; left time: 212.2499s
	iters: 1300, epoch: 6 | loss: 0.4422282
	speed: 0.0034s/iter; left time: 213.3070s
	iters: 1400, epoch: 6 | loss: 0.2782946
	speed: 0.0031s/iter; left time: 192.2633s
	iters: 1500, epoch: 6 | loss: 0.2278246
	speed: 0.0031s/iter; left time: 190.6723s
	iters: 1600, epoch: 6 | loss: 0.2460409
	speed: 0.0031s/iter; left time: 191.8062s
	iters: 1700, epoch: 6 | loss: 0.3745636
	speed: 0.0032s/iter; left time: 197.5130s
	iters: 1800, epoch: 6 | loss: 0.2311590
	speed: 0.0034s/iter; left time: 210.2174s
	iters: 1900, epoch: 6 | loss: 0.2530510
	speed: 0.0035s/iter; left time: 215.0587s
	iters: 2000, epoch: 6 | loss: 0.2163523
	speed: 0.0032s/iter; left time: 200.8855s
	iters: 2100, epoch: 6 | loss: 0.3293787
	speed: 0.0031s/iter; left time: 190.0704s
	iters: 2200, epoch: 6 | loss: 0.2563920
	speed: 0.0033s/iter; left time: 205.2871s
	iters: 2300, epoch: 6 | loss: 0.3225023
	speed: 0.0034s/iter; left time: 208.5547s
	iters: 2400, epoch: 6 | loss: 0.2492775
	speed: 0.0036s/iter; left time: 221.0792s
	iters: 2500, epoch: 6 | loss: 0.2060955
	speed: 0.0035s/iter; left time: 212.2563s
	iters: 2600, epoch: 6 | loss: 0.2341662
	speed: 0.0035s/iter; left time: 214.8498s
	iters: 2700, epoch: 6 | loss: 0.2532002
	speed: 0.0035s/iter; left time: 215.1412s
	iters: 2800, epoch: 6 | loss: 0.3342860
	speed: 0.0036s/iter; left time: 221.6841s
	iters: 2900, epoch: 6 | loss: 0.4709841
	speed: 0.0039s/iter; left time: 235.7253s
	iters: 3000, epoch: 6 | loss: 0.2740897
	speed: 0.0033s/iter; left time: 202.4151s
	iters: 3100, epoch: 6 | loss: 0.2929643
	speed: 0.0033s/iter; left time: 198.6988s
	iters: 3200, epoch: 6 | loss: 0.1936885
	speed: 0.0036s/iter; left time: 216.3857s
	iters: 3300, epoch: 6 | loss: 0.2218614
	speed: 0.0038s/iter; left time: 228.1228s
	iters: 3400, epoch: 6 | loss: 0.2096428
	speed: 0.0037s/iter; left time: 221.2716s
	iters: 3500, epoch: 6 | loss: 0.2539989
	speed: 0.0036s/iter; left time: 215.3103s
	iters: 3600, epoch: 6 | loss: 0.3615992
	speed: 0.0033s/iter; left time: 201.1045s
	iters: 3700, epoch: 6 | loss: 0.1986811
	speed: 0.0031s/iter; left time: 187.1865s
	iters: 3800, epoch: 6 | loss: 0.2920416
	speed: 0.0039s/iter; left time: 232.2802s
	iters: 3900, epoch: 6 | loss: 0.3498145
	speed: 0.0038s/iter; left time: 229.5852s
	iters: 4000, epoch: 6 | loss: 0.1950582
	speed: 0.0033s/iter; left time: 197.9750s
	iters: 4100, epoch: 6 | loss: 0.2154404
	speed: 0.0033s/iter; left time: 198.4067s
	iters: 4200, epoch: 6 | loss: 0.3437102
	speed: 0.0038s/iter; left time: 228.4795s
Epoch: 6 cost time: 14.737630844116211
Epoch: 6, Steps: 4254 | Train Loss: 0.2964377 Vali Loss: 0.4915697 Test Loss: 0.3317327
Validation loss decreased (0.513720 --> 0.491570).  Saving model ...
Updating learning rate to 0.00015625
	iters: 100, epoch: 7 | loss: 0.5069587
	speed: 0.0290s/iter; left time: 1725.7035s
	iters: 200, epoch: 7 | loss: 0.2633761
	speed: 0.0032s/iter; left time: 190.0492s
	iters: 300, epoch: 7 | loss: 0.3892151
	speed: 0.0038s/iter; left time: 225.1771s
	iters: 400, epoch: 7 | loss: 0.2787829
	speed: 0.0037s/iter; left time: 218.3093s
	iters: 500, epoch: 7 | loss: 0.2820462
	speed: 0.0033s/iter; left time: 195.4800s
	iters: 600, epoch: 7 | loss: 0.3227434
	speed: 0.0028s/iter; left time: 166.8507s
	iters: 700, epoch: 7 | loss: 0.2948852
	speed: 0.0029s/iter; left time: 171.8598s
	iters: 800, epoch: 7 | loss: 0.2959229
	speed: 0.0034s/iter; left time: 201.0676s
	iters: 900, epoch: 7 | loss: 0.2771218
	speed: 0.0036s/iter; left time: 214.0323s
	iters: 1000, epoch: 7 | loss: 0.2639466
	speed: 0.0035s/iter; left time: 204.5125s
	iters: 1100, epoch: 7 | loss: 0.2144253
	speed: 0.0033s/iter; left time: 193.4902s
	iters: 1200, epoch: 7 | loss: 0.2941391
	speed: 0.0035s/iter; left time: 202.2106s
	iters: 1300, epoch: 7 | loss: 0.2818735
	speed: 0.0037s/iter; left time: 218.3996s
	iters: 1400, epoch: 7 | loss: 0.2672633
	speed: 0.0036s/iter; left time: 207.6211s
	iters: 1500, epoch: 7 | loss: 0.2427913
	speed: 0.0038s/iter; left time: 220.6178s
	iters: 1600, epoch: 7 | loss: 0.2770193
	speed: 0.0038s/iter; left time: 220.3616s
	iters: 1700, epoch: 7 | loss: 0.4628157
	speed: 0.0035s/iter; left time: 204.8134s
	iters: 1800, epoch: 7 | loss: 0.2382758
	speed: 0.0035s/iter; left time: 205.0372s
	iters: 1900, epoch: 7 | loss: 0.3786042
	speed: 0.0036s/iter; left time: 207.0969s
	iters: 2000, epoch: 7 | loss: 0.2238402
	speed: 0.0038s/iter; left time: 217.0108s
	iters: 2100, epoch: 7 | loss: 0.6194960
	speed: 0.0037s/iter; left time: 213.9422s
	iters: 2200, epoch: 7 | loss: 0.2995493
	speed: 0.0034s/iter; left time: 196.1604s
	iters: 2300, epoch: 7 | loss: 0.2094724
	speed: 0.0033s/iter; left time: 189.5447s
	iters: 2400, epoch: 7 | loss: 0.3695284
	speed: 0.0038s/iter; left time: 214.4577s
	iters: 2500, epoch: 7 | loss: 0.1814775
	speed: 0.0030s/iter; left time: 172.8831s
	iters: 2600, epoch: 7 | loss: 0.2909418
	speed: 0.0035s/iter; left time: 199.3500s
	iters: 2700, epoch: 7 | loss: 0.5693299
	speed: 0.0035s/iter; left time: 200.8596s
	iters: 2800, epoch: 7 | loss: 0.3077315
	speed: 0.0036s/iter; left time: 206.0630s
	iters: 2900, epoch: 7 | loss: 0.3297356
	speed: 0.0039s/iter; left time: 220.9618s
	iters: 3000, epoch: 7 | loss: 0.2954172
	speed: 0.0038s/iter; left time: 213.3843s
	iters: 3100, epoch: 7 | loss: 0.3204042
	speed: 0.0036s/iter; left time: 204.9726s
	iters: 3200, epoch: 7 | loss: 0.2363576
	speed: 0.0034s/iter; left time: 191.6146s
	iters: 3300, epoch: 7 | loss: 0.2929085
	speed: 0.0032s/iter; left time: 182.4250s
	iters: 3400, epoch: 7 | loss: 0.3285254
	speed: 0.0039s/iter; left time: 219.5740s
	iters: 3500, epoch: 7 | loss: 0.1542579
	speed: 0.0034s/iter; left time: 191.1876s
	iters: 3600, epoch: 7 | loss: 0.2952943
	speed: 0.0036s/iter; left time: 199.3412s
	iters: 3700, epoch: 7 | loss: 0.3218429
	speed: 0.0036s/iter; left time: 200.4664s
	iters: 3800, epoch: 7 | loss: 0.2707184
	speed: 0.0037s/iter; left time: 204.7636s
	iters: 3900, epoch: 7 | loss: 0.1789241
	speed: 0.0035s/iter; left time: 192.0482s
	iters: 4000, epoch: 7 | loss: 0.3765915
	speed: 0.0032s/iter; left time: 176.1151s
	iters: 4100, epoch: 7 | loss: 0.3825765
	speed: 0.0032s/iter; left time: 177.0553s
	iters: 4200, epoch: 7 | loss: 0.2303419
	speed: 0.0032s/iter; left time: 176.5896s
Epoch: 7 cost time: 14.838703393936157
Epoch: 7, Steps: 4254 | Train Loss: 0.2912800 Vali Loss: 0.5015095 Test Loss: 0.3330475
EarlyStopping counter: 1 out of 5
Updating learning rate to 7.8125e-05
	iters: 100, epoch: 8 | loss: 0.1840446
	speed: 0.0266s/iter; left time: 1468.1620s
	iters: 200, epoch: 8 | loss: 0.2495752
	speed: 0.0033s/iter; left time: 180.9275s
	iters: 300, epoch: 8 | loss: 0.3043439
	speed: 0.0031s/iter; left time: 171.6422s
	iters: 400, epoch: 8 | loss: 0.2189149
	speed: 0.0037s/iter; left time: 201.4179s
	iters: 500, epoch: 8 | loss: 0.2105454
	speed: 0.0032s/iter; left time: 177.0646s
	iters: 600, epoch: 8 | loss: 0.2417043
	speed: 0.0037s/iter; left time: 201.3076s
	iters: 700, epoch: 8 | loss: 0.2587951
	speed: 0.0035s/iter; left time: 192.8957s
	iters: 800, epoch: 8 | loss: 0.2857787
	speed: 0.0037s/iter; left time: 203.2980s
	iters: 900, epoch: 8 | loss: 0.1951400
	speed: 0.0033s/iter; left time: 179.5304s
	iters: 1000, epoch: 8 | loss: 0.4371594
	speed: 0.0033s/iter; left time: 180.4218s
	iters: 1100, epoch: 8 | loss: 0.3398734
	speed: 0.0034s/iter; left time: 185.5841s
	iters: 1200, epoch: 8 | loss: 0.3205492
	speed: 0.0035s/iter; left time: 189.9014s
	iters: 1300, epoch: 8 | loss: 0.2455048
	speed: 0.0031s/iter; left time: 166.4660s
	iters: 1400, epoch: 8 | loss: 0.2421301
	speed: 0.0036s/iter; left time: 196.2261s
	iters: 1500, epoch: 8 | loss: 0.2653153
	speed: 0.0036s/iter; left time: 195.8430s
	iters: 1600, epoch: 8 | loss: 0.2861131
	speed: 0.0036s/iter; left time: 194.5241s
	iters: 1700, epoch: 8 | loss: 0.2868467
	speed: 0.0034s/iter; left time: 181.1791s
	iters: 1800, epoch: 8 | loss: 0.3159936
	speed: 0.0034s/iter; left time: 181.8144s
	iters: 1900, epoch: 8 | loss: 0.3053001
	speed: 0.0036s/iter; left time: 193.9566s
	iters: 2000, epoch: 8 | loss: 0.3546758
	speed: 0.0035s/iter; left time: 185.4936s
	iters: 2100, epoch: 8 | loss: 0.3715484
	speed: 0.0034s/iter; left time: 180.3578s
	iters: 2200, epoch: 8 | loss: 0.6504943
	speed: 0.0034s/iter; left time: 178.0245s
	iters: 2300, epoch: 8 | loss: 0.2657164
	speed: 0.0035s/iter; left time: 183.9215s
	iters: 2400, epoch: 8 | loss: 0.2100664
	speed: 0.0034s/iter; left time: 181.4570s
	iters: 2500, epoch: 8 | loss: 0.2688874
	speed: 0.0036s/iter; left time: 190.2596s
	iters: 2600, epoch: 8 | loss: 0.1919922
	speed: 0.0037s/iter; left time: 196.0825s
	iters: 2700, epoch: 8 | loss: 0.2454915
	speed: 0.0037s/iter; left time: 192.6922s
	iters: 2800, epoch: 8 | loss: 0.3065001
	speed: 0.0036s/iter; left time: 189.5357s
	iters: 2900, epoch: 8 | loss: 0.2225143
	speed: 0.0027s/iter; left time: 143.5837s
	iters: 3000, epoch: 8 | loss: 0.3123227
	speed: 0.0029s/iter; left time: 149.4993s
	iters: 3100, epoch: 8 | loss: 0.3474017
	speed: 0.0039s/iter; left time: 203.1838s
	iters: 3200, epoch: 8 | loss: 0.2605738
	speed: 0.0039s/iter; left time: 202.0857s
	iters: 3300, epoch: 8 | loss: 0.2657509
	speed: 0.0036s/iter; left time: 186.8053s
	iters: 3400, epoch: 8 | loss: 0.3863497
	speed: 0.0035s/iter; left time: 183.7627s
	iters: 3500, epoch: 8 | loss: 0.2611260
	speed: 0.0038s/iter; left time: 195.8154s
	iters: 3600, epoch: 8 | loss: 0.2832563
	speed: 0.0033s/iter; left time: 171.2697s
	iters: 3700, epoch: 8 | loss: 0.2560282
	speed: 0.0035s/iter; left time: 178.5454s
	iters: 3800, epoch: 8 | loss: 0.3331237
	speed: 0.0034s/iter; left time: 175.6514s
	iters: 3900, epoch: 8 | loss: 0.2508504
	speed: 0.0034s/iter; left time: 172.3629s
	iters: 4000, epoch: 8 | loss: 0.1898772
	speed: 0.0033s/iter; left time: 171.3526s
	iters: 4100, epoch: 8 | loss: 0.3927039
	speed: 0.0035s/iter; left time: 177.6750s
	iters: 4200, epoch: 8 | loss: 0.3573136
	speed: 0.0038s/iter; left time: 193.3024s
Epoch: 8 cost time: 14.813791036605835
Epoch: 8, Steps: 4254 | Train Loss: 0.2885337 Vali Loss: 0.4820572 Test Loss: 0.3298401
Validation loss decreased (0.491570 --> 0.482057).  Saving model ...
Updating learning rate to 3.90625e-05
	iters: 100, epoch: 9 | loss: 0.2484621
	speed: 0.0298s/iter; left time: 1520.7858s
	iters: 200, epoch: 9 | loss: 0.3366663
	speed: 0.0041s/iter; left time: 207.9750s
	iters: 300, epoch: 9 | loss: 0.4328949
	speed: 0.0041s/iter; left time: 208.1837s
	iters: 400, epoch: 9 | loss: 0.2131771
	speed: 0.0038s/iter; left time: 190.8536s
	iters: 500, epoch: 9 | loss: 0.2847736
	speed: 0.0034s/iter; left time: 174.3937s
	iters: 600, epoch: 9 | loss: 0.3197991
	speed: 0.0036s/iter; left time: 180.7142s
	iters: 700, epoch: 9 | loss: 0.2694261
	speed: 0.0038s/iter; left time: 189.8418s
	iters: 800, epoch: 9 | loss: 0.3041897
	speed: 0.0040s/iter; left time: 203.0069s
	iters: 900, epoch: 9 | loss: 0.1850551
	speed: 0.0042s/iter; left time: 209.2983s
	iters: 1000, epoch: 9 | loss: 0.2358021
	speed: 0.0041s/iter; left time: 207.1396s
	iters: 1100, epoch: 9 | loss: 0.3341277
	speed: 0.0037s/iter; left time: 185.4188s
	iters: 1200, epoch: 9 | loss: 0.2843904
	speed: 0.0037s/iter; left time: 182.9471s
	iters: 1300, epoch: 9 | loss: 0.2429599
	speed: 0.0035s/iter; left time: 174.6178s
	iters: 1400, epoch: 9 | loss: 0.2553337
	speed: 0.0035s/iter; left time: 174.9593s
	iters: 1500, epoch: 9 | loss: 0.2427365
	speed: 0.0034s/iter; left time: 170.9436s
	iters: 1600, epoch: 9 | loss: 0.2624139
	speed: 0.0039s/iter; left time: 193.8412s
	iters: 1700, epoch: 9 | loss: 0.2453987
	speed: 0.0034s/iter; left time: 167.3978s
	iters: 1800, epoch: 9 | loss: 0.2892880
	speed: 0.0032s/iter; left time: 156.6398s
	iters: 1900, epoch: 9 | loss: 0.4881985
	speed: 0.0035s/iter; left time: 171.5287s
	iters: 2000, epoch: 9 | loss: 0.4345545
	speed: 0.0036s/iter; left time: 176.7253s
	iters: 2100, epoch: 9 | loss: 0.3337781
	speed: 0.0037s/iter; left time: 180.6219s
	iters: 2200, epoch: 9 | loss: 0.2981156
	speed: 0.0037s/iter; left time: 178.9020s
	iters: 2300, epoch: 9 | loss: 0.1542887
	speed: 0.0037s/iter; left time: 180.4655s
	iters: 2400, epoch: 9 | loss: 0.2458997
	speed: 0.0037s/iter; left time: 180.4339s
	iters: 2500, epoch: 9 | loss: 0.2292582
	speed: 0.0036s/iter; left time: 176.8235s
	iters: 2600, epoch: 9 | loss: 0.2709703
	speed: 0.0032s/iter; left time: 156.4900s
	iters: 2700, epoch: 9 | loss: 0.2664591
	speed: 0.0035s/iter; left time: 168.7377s
	iters: 2800, epoch: 9 | loss: 0.2362611
	speed: 0.0035s/iter; left time: 166.5507s
	iters: 2900, epoch: 9 | loss: 0.2330742
	speed: 0.0037s/iter; left time: 178.6326s
	iters: 3000, epoch: 9 | loss: 0.3248922
	speed: 0.0037s/iter; left time: 175.8851s
	iters: 3100, epoch: 9 | loss: 0.2774535
	speed: 0.0032s/iter; left time: 151.6588s
	iters: 3200, epoch: 9 | loss: 0.3549497
	speed: 0.0034s/iter; left time: 161.2509s
	iters: 3300, epoch: 9 | loss: 0.2696486
	speed: 0.0036s/iter; left time: 173.8067s
	iters: 3400, epoch: 9 | loss: 0.1967736
	speed: 0.0037s/iter; left time: 175.4689s
	iters: 3500, epoch: 9 | loss: 0.2558252
	speed: 0.0038s/iter; left time: 179.7350s
	iters: 3600, epoch: 9 | loss: 0.3396624
	speed: 0.0031s/iter; left time: 148.9914s
	iters: 3700, epoch: 9 | loss: 0.3092461
	speed: 0.0032s/iter; left time: 152.0924s
	iters: 3800, epoch: 9 | loss: 0.2725057
	speed: 0.0035s/iter; left time: 165.4003s
	iters: 3900, epoch: 9 | loss: 0.1858576
	speed: 0.0035s/iter; left time: 163.0716s
	iters: 4000, epoch: 9 | loss: 0.2399898
	speed: 0.0031s/iter; left time: 147.8389s
	iters: 4100, epoch: 9 | loss: 0.2300014
	speed: 0.0032s/iter; left time: 151.1758s
	iters: 4200, epoch: 9 | loss: 0.3351090
	speed: 0.0034s/iter; left time: 161.1871s
Epoch: 9 cost time: 15.302931547164917
Epoch: 9, Steps: 4254 | Train Loss: 0.2871693 Vali Loss: 0.4859768 Test Loss: 0.3286523
EarlyStopping counter: 1 out of 5
Updating learning rate to 1.953125e-05
	iters: 100, epoch: 10 | loss: 0.3793260
	speed: 0.0253s/iter; left time: 1179.4543s
	iters: 200, epoch: 10 | loss: 0.2058388
	speed: 0.0039s/iter; left time: 181.2543s
	iters: 300, epoch: 10 | loss: 0.5828654
	speed: 0.0040s/iter; left time: 186.1276s
	iters: 400, epoch: 10 | loss: 0.2631549
	speed: 0.0041s/iter; left time: 189.7555s
	iters: 500, epoch: 10 | loss: 0.3191458
	speed: 0.0040s/iter; left time: 185.2442s
	iters: 600, epoch: 10 | loss: 0.2056838
	speed: 0.0037s/iter; left time: 170.9222s
	iters: 700, epoch: 10 | loss: 0.2350974
	speed: 0.0037s/iter; left time: 171.9344s
	iters: 800, epoch: 10 | loss: 0.3582344
	speed: 0.0038s/iter; left time: 173.0573s
	iters: 900, epoch: 10 | loss: 0.4735799
	speed: 0.0037s/iter; left time: 171.6472s
	iters: 1000, epoch: 10 | loss: 0.4682927
	speed: 0.0037s/iter; left time: 168.5256s
	iters: 1100, epoch: 10 | loss: 0.2752066
	speed: 0.0036s/iter; left time: 162.7818s
	iters: 1200, epoch: 10 | loss: 0.2721178
	speed: 0.0030s/iter; left time: 138.1774s
	iters: 1300, epoch: 10 | loss: 0.2164263
	speed: 0.0032s/iter; left time: 147.4040s
	iters: 1400, epoch: 10 | loss: 0.2966855
	speed: 0.0035s/iter; left time: 159.0407s
	iters: 1500, epoch: 10 | loss: 0.3013333
	speed: 0.0034s/iter; left time: 155.9382s
	iters: 1600, epoch: 10 | loss: 0.2229117
	speed: 0.0036s/iter; left time: 162.2703s
	iters: 1700, epoch: 10 | loss: 0.2486076
	speed: 0.0035s/iter; left time: 159.3199s
	iters: 1800, epoch: 10 | loss: 0.2211973
	speed: 0.0034s/iter; left time: 153.4328s
	iters: 1900, epoch: 10 | loss: 0.2185127
	speed: 0.0036s/iter; left time: 160.3392s
	iters: 2000, epoch: 10 | loss: 0.2267588
	speed: 0.0033s/iter; left time: 149.1675s
	iters: 2100, epoch: 10 | loss: 0.3247400
	speed: 0.0030s/iter; left time: 131.8506s
	iters: 2200, epoch: 10 | loss: 0.4437639
	speed: 0.0030s/iter; left time: 133.7850s
	iters: 2300, epoch: 10 | loss: 0.2782752
	speed: 0.0034s/iter; left time: 150.0435s
	iters: 2400, epoch: 10 | loss: 0.2920171
	speed: 0.0035s/iter; left time: 153.6212s
	iters: 2500, epoch: 10 | loss: 0.2730653
	speed: 0.0033s/iter; left time: 145.2887s
	iters: 2600, epoch: 10 | loss: 0.2322488
	speed: 0.0033s/iter; left time: 144.6524s
	iters: 2700, epoch: 10 | loss: 0.2570923
	speed: 0.0032s/iter; left time: 139.3398s
	iters: 2800, epoch: 10 | loss: 0.3908021
	speed: 0.0032s/iter; left time: 139.4637s
	iters: 2900, epoch: 10 | loss: 0.3624651
	speed: 0.0032s/iter; left time: 139.2540s
	iters: 3000, epoch: 10 | loss: 0.4024127
	speed: 0.0033s/iter; left time: 144.9615s
	iters: 3100, epoch: 10 | loss: 0.1999643
	speed: 0.0034s/iter; left time: 147.6892s
	iters: 3200, epoch: 10 | loss: 0.5309338
	speed: 0.0034s/iter; left time: 147.0074s
	iters: 3300, epoch: 10 | loss: 0.2510668
	speed: 0.0034s/iter; left time: 146.1704s
	iters: 3400, epoch: 10 | loss: 0.2977427
	speed: 0.0035s/iter; left time: 153.1709s
	iters: 3500, epoch: 10 | loss: 0.3237823
	speed: 0.0035s/iter; left time: 151.2325s
	iters: 3600, epoch: 10 | loss: 0.2429462
	speed: 0.0037s/iter; left time: 158.9585s
	iters: 3700, epoch: 10 | loss: 0.2235687
	speed: 0.0038s/iter; left time: 165.1748s
	iters: 3800, epoch: 10 | loss: 0.3638253
	speed: 0.0032s/iter; left time: 138.0146s
	iters: 3900, epoch: 10 | loss: 0.2850438
	speed: 0.0031s/iter; left time: 131.6869s
	iters: 4000, epoch: 10 | loss: 0.2730669
	speed: 0.0031s/iter; left time: 130.9528s
	iters: 4100, epoch: 10 | loss: 0.3462808
	speed: 0.0033s/iter; left time: 142.7100s
	iters: 4200, epoch: 10 | loss: 0.3170828
	speed: 0.0034s/iter; left time: 146.1012s
Epoch: 10 cost time: 14.725056886672974
Epoch: 10, Steps: 4254 | Train Loss: 0.2864068 Vali Loss: 0.4824537 Test Loss: 0.3272568
EarlyStopping counter: 2 out of 5
Updating learning rate to 9.765625e-06
	iters: 100, epoch: 11 | loss: 0.2895879
	speed: 0.0278s/iter; left time: 1178.5439s
	iters: 200, epoch: 11 | loss: 0.1670669
	speed: 0.0038s/iter; left time: 160.4724s
	iters: 300, epoch: 11 | loss: 0.2104188
	speed: 0.0037s/iter; left time: 155.9763s
	iters: 400, epoch: 11 | loss: 0.6025389
	speed: 0.0037s/iter; left time: 157.6076s
	iters: 500, epoch: 11 | loss: 0.3313499
	speed: 0.0037s/iter; left time: 156.8128s
	iters: 600, epoch: 11 | loss: 0.2455276
	speed: 0.0032s/iter; left time: 135.1799s
	iters: 700, epoch: 11 | loss: 0.2518774
	speed: 0.0034s/iter; left time: 141.0210s
	iters: 800, epoch: 11 | loss: 0.2771297
	speed: 0.0035s/iter; left time: 146.5097s
	iters: 900, epoch: 11 | loss: 0.3322785
	speed: 0.0035s/iter; left time: 144.1588s
	iters: 1000, epoch: 11 | loss: 0.2296531
	speed: 0.0035s/iter; left time: 144.5616s
	iters: 1100, epoch: 11 | loss: 0.2813244
	speed: 0.0037s/iter; left time: 151.6913s
	iters: 1200, epoch: 11 | loss: 0.2861593
	speed: 0.0037s/iter; left time: 151.3816s
	iters: 1300, epoch: 11 | loss: 0.1950657
	speed: 0.0036s/iter; left time: 150.1168s
	iters: 1400, epoch: 11 | loss: 0.2154850
	speed: 0.0035s/iter; left time: 143.9965s
	iters: 1500, epoch: 11 | loss: 0.2995812
	speed: 0.0035s/iter; left time: 141.5921s
	iters: 1600, epoch: 11 | loss: 0.2952634
	speed: 0.0037s/iter; left time: 149.8454s
	iters: 1700, epoch: 11 | loss: 0.5035388
	speed: 0.0032s/iter; left time: 128.7333s
	iters: 1800, epoch: 11 | loss: 0.2018534
	speed: 0.0027s/iter; left time: 110.0010s
	iters: 1900, epoch: 11 | loss: 0.2659216
	speed: 0.0037s/iter; left time: 149.9862s
	iters: 2000, epoch: 11 | loss: 0.1955230
	speed: 0.0037s/iter; left time: 149.3548s
	iters: 2100, epoch: 11 | loss: 0.3231528
	speed: 0.0038s/iter; left time: 152.0590s
	iters: 2200, epoch: 11 | loss: 0.4236645
	speed: 0.0029s/iter; left time: 118.6030s
	iters: 2300, epoch: 11 | loss: 0.3020293
	speed: 0.0035s/iter; left time: 139.3472s
	iters: 2400, epoch: 11 | loss: 0.2729405
	speed: 0.0036s/iter; left time: 145.7108s
	iters: 2500, epoch: 11 | loss: 0.2726872
	speed: 0.0034s/iter; left time: 135.3392s
	iters: 2600, epoch: 11 | loss: 0.3261733
	speed: 0.0035s/iter; left time: 139.8690s
	iters: 2700, epoch: 11 | loss: 0.2186835
	speed: 0.0033s/iter; left time: 133.0920s
	iters: 2800, epoch: 11 | loss: 0.3662291
	speed: 0.0034s/iter; left time: 136.6668s
	iters: 2900, epoch: 11 | loss: 0.2841510
	speed: 0.0031s/iter; left time: 123.7813s
	iters: 3000, epoch: 11 | loss: 0.2196425
	speed: 0.0033s/iter; left time: 132.0662s
	iters: 3100, epoch: 11 | loss: 0.1613220
	speed: 0.0035s/iter; left time: 138.0664s
	iters: 3200, epoch: 11 | loss: 0.2120190
	speed: 0.0033s/iter; left time: 129.5526s
	iters: 3300, epoch: 11 | loss: 0.1792950
	speed: 0.0033s/iter; left time: 131.0660s
	iters: 3400, epoch: 11 | loss: 0.1885682
	speed: 0.0034s/iter; left time: 134.2540s
	iters: 3500, epoch: 11 | loss: 0.2562093
	speed: 0.0032s/iter; left time: 125.4341s
	iters: 3600, epoch: 11 | loss: 0.1977730
	speed: 0.0034s/iter; left time: 130.8416s
	iters: 3700, epoch: 11 | loss: 0.2069774
	speed: 0.0034s/iter; left time: 132.4479s
	iters: 3800, epoch: 11 | loss: 0.2400046
	speed: 0.0034s/iter; left time: 132.9570s
	iters: 3900, epoch: 11 | loss: 0.2243869
	speed: 0.0037s/iter; left time: 143.7653s
	iters: 4000, epoch: 11 | loss: 0.2736711
	speed: 0.0038s/iter; left time: 144.5289s
	iters: 4100, epoch: 11 | loss: 0.2059950
	speed: 0.0033s/iter; left time: 126.1950s
	iters: 4200, epoch: 11 | loss: 0.1965749
	speed: 0.0033s/iter; left time: 127.2920s
Epoch: 11 cost time: 14.709605693817139
Epoch: 11, Steps: 4254 | Train Loss: 0.2860100 Vali Loss: 0.4812430 Test Loss: 0.3271334
Validation loss decreased (0.482057 --> 0.481243).  Saving model ...
Updating learning rate to 4.8828125e-06
	iters: 100, epoch: 12 | loss: 0.3664266
	speed: 0.0268s/iter; left time: 1024.4579s
	iters: 200, epoch: 12 | loss: 0.4534417
	speed: 0.0030s/iter; left time: 113.5201s
	iters: 300, epoch: 12 | loss: 0.2463339
	speed: 0.0036s/iter; left time: 135.9928s
	iters: 400, epoch: 12 | loss: 0.2989158
	speed: 0.0035s/iter; left time: 133.1169s
	iters: 500, epoch: 12 | loss: 0.3304323
	speed: 0.0032s/iter; left time: 120.1618s
	iters: 600, epoch: 12 | loss: 0.3229977
	speed: 0.0033s/iter; left time: 124.7676s
	iters: 700, epoch: 12 | loss: 0.2055993
	speed: 0.0032s/iter; left time: 119.6224s
	iters: 800, epoch: 12 | loss: 0.2608407
	speed: 0.0035s/iter; left time: 132.7038s
	iters: 900, epoch: 12 | loss: 0.2374807
	speed: 0.0035s/iter; left time: 131.9137s
	iters: 1000, epoch: 12 | loss: 0.2972564
	speed: 0.0033s/iter; left time: 123.1438s
	iters: 1100, epoch: 12 | loss: 0.2926316
	speed: 0.0037s/iter; left time: 136.4763s
	iters: 1200, epoch: 12 | loss: 0.1943131
	speed: 0.0035s/iter; left time: 128.3201s
	iters: 1300, epoch: 12 | loss: 0.2530760
	speed: 0.0035s/iter; left time: 127.6845s
	iters: 1400, epoch: 12 | loss: 0.1917460
	speed: 0.0036s/iter; left time: 133.4714s
	iters: 1500, epoch: 12 | loss: 0.2650580
	speed: 0.0036s/iter; left time: 132.8991s
	iters: 1600, epoch: 12 | loss: 0.4284956
	speed: 0.0034s/iter; left time: 124.3700s
	iters: 1700, epoch: 12 | loss: 0.2996381
	speed: 0.0035s/iter; left time: 129.1513s
	iters: 1800, epoch: 12 | loss: 0.3168450
	speed: 0.0036s/iter; left time: 131.1280s
	iters: 1900, epoch: 12 | loss: 0.2101628
	speed: 0.0037s/iter; left time: 134.9964s
	iters: 2000, epoch: 12 | loss: 0.2648950
	speed: 0.0035s/iter; left time: 127.3667s
	iters: 2100, epoch: 12 | loss: 0.1762620
	speed: 0.0036s/iter; left time: 129.6332s
	iters: 2200, epoch: 12 | loss: 0.2497471
	speed: 0.0034s/iter; left time: 121.2700s
	iters: 2300, epoch: 12 | loss: 0.1962731
	speed: 0.0034s/iter; left time: 121.6369s
	iters: 2400, epoch: 12 | loss: 0.3483618
	speed: 0.0037s/iter; left time: 131.7277s
	iters: 2500, epoch: 12 | loss: 0.2646101
	speed: 0.0039s/iter; left time: 137.7807s
	iters: 2600, epoch: 12 | loss: 0.1932087
	speed: 0.0037s/iter; left time: 131.3472s
	iters: 2700, epoch: 12 | loss: 0.3640812
	speed: 0.0035s/iter; left time: 125.3768s
	iters: 2800, epoch: 12 | loss: 0.2656246
	speed: 0.0031s/iter; left time: 109.6552s
	iters: 2900, epoch: 12 | loss: 0.3528104
	speed: 0.0035s/iter; left time: 123.5001s
	iters: 3000, epoch: 12 | loss: 0.2332501
	speed: 0.0036s/iter; left time: 128.5281s
	iters: 3100, epoch: 12 | loss: 0.2677616
	speed: 0.0037s/iter; left time: 128.4326s
	iters: 3200, epoch: 12 | loss: 0.3135747
	speed: 0.0035s/iter; left time: 122.1703s
	iters: 3300, epoch: 12 | loss: 0.2648799
	speed: 0.0035s/iter; left time: 122.4765s
	iters: 3400, epoch: 12 | loss: 0.2921650
	speed: 0.0034s/iter; left time: 117.2196s
	iters: 3500, epoch: 12 | loss: 0.2156087
	speed: 0.0035s/iter; left time: 120.7845s
	iters: 3600, epoch: 12 | loss: 0.2352092
	speed: 0.0035s/iter; left time: 122.0982s
	iters: 3700, epoch: 12 | loss: 0.4357900
	speed: 0.0037s/iter; left time: 129.3735s
	iters: 3800, epoch: 12 | loss: 0.2470321
	speed: 0.0036s/iter; left time: 125.6011s
	iters: 3900, epoch: 12 | loss: 0.2682539
	speed: 0.0031s/iter; left time: 108.3184s
	iters: 4000, epoch: 12 | loss: 0.2684085
	speed: 0.0031s/iter; left time: 107.3194s
	iters: 4100, epoch: 12 | loss: 0.2880754
	speed: 0.0036s/iter; left time: 122.5114s
	iters: 4200, epoch: 12 | loss: 0.2841830
	speed: 0.0035s/iter; left time: 119.3048s
Epoch: 12 cost time: 14.792726039886475
Epoch: 12, Steps: 4254 | Train Loss: 0.2858107 Vali Loss: 0.4816496 Test Loss: 0.3270220
EarlyStopping counter: 1 out of 5
Updating learning rate to 2.44140625e-06
	iters: 100, epoch: 13 | loss: 0.2071396
	speed: 0.0257s/iter; left time: 873.7346s
	iters: 200, epoch: 13 | loss: 0.2651142
	speed: 0.0034s/iter; left time: 115.3706s
	iters: 300, epoch: 13 | loss: 0.3426445
	speed: 0.0034s/iter; left time: 115.3636s
	iters: 400, epoch: 13 | loss: 0.2475508
	speed: 0.0034s/iter; left time: 114.8053s
	iters: 500, epoch: 13 | loss: 0.3004591
	speed: 0.0037s/iter; left time: 124.0916s
	iters: 600, epoch: 13 | loss: 0.3299887
	speed: 0.0035s/iter; left time: 117.0158s
	iters: 700, epoch: 13 | loss: 0.2227559
	speed: 0.0030s/iter; left time: 98.4275s
	iters: 800, epoch: 13 | loss: 0.2998570
	speed: 0.0038s/iter; left time: 126.2858s
	iters: 900, epoch: 13 | loss: 0.2008568
	speed: 0.0038s/iter; left time: 124.9332s
	iters: 1000, epoch: 13 | loss: 0.2158559
	speed: 0.0034s/iter; left time: 112.4183s
	iters: 1100, epoch: 13 | loss: 0.2908351
	speed: 0.0034s/iter; left time: 113.2894s
	iters: 1200, epoch: 13 | loss: 0.2281364
	speed: 0.0036s/iter; left time: 116.5773s
	iters: 1300, epoch: 13 | loss: 0.1983398
	speed: 0.0032s/iter; left time: 105.8182s
	iters: 1400, epoch: 13 | loss: 0.2007393
	speed: 0.0033s/iter; left time: 108.3417s
	iters: 1500, epoch: 13 | loss: 0.2942860
	speed: 0.0041s/iter; left time: 132.8486s
	iters: 1600, epoch: 13 | loss: 0.3211262
	speed: 0.0033s/iter; left time: 106.0069s
	iters: 1700, epoch: 13 | loss: 0.2884992
	speed: 0.0028s/iter; left time: 90.8554s
	iters: 1800, epoch: 13 | loss: 0.2471135
	speed: 0.0026s/iter; left time: 84.1289s
	iters: 1900, epoch: 13 | loss: 0.2608488
	speed: 0.0027s/iter; left time: 87.0950s
	iters: 2000, epoch: 13 | loss: 0.1880853
	speed: 0.0038s/iter; left time: 122.6841s
	iters: 2100, epoch: 13 | loss: 0.2631665
	speed: 0.0040s/iter; left time: 128.3871s
	iters: 2200, epoch: 13 | loss: 0.2211895
	speed: 0.0035s/iter; left time: 111.5427s
	iters: 2300, epoch: 13 | loss: 0.3204283
	speed: 0.0030s/iter; left time: 93.9289s
	iters: 2400, epoch: 13 | loss: 0.2778090
	speed: 0.0031s/iter; left time: 98.0622s
	iters: 2500, epoch: 13 | loss: 0.3622536
	speed: 0.0036s/iter; left time: 114.8621s
	iters: 2600, epoch: 13 | loss: 0.2711568
	speed: 0.0032s/iter; left time: 101.5292s
	iters: 2700, epoch: 13 | loss: 0.2088451
	speed: 0.0035s/iter; left time: 109.6660s
	iters: 2800, epoch: 13 | loss: 0.2530623
	speed: 0.0037s/iter; left time: 116.8788s
	iters: 2900, epoch: 13 | loss: 0.2530451
	speed: 0.0033s/iter; left time: 102.1158s
	iters: 3000, epoch: 13 | loss: 0.2348770
	speed: 0.0032s/iter; left time: 98.9959s
	iters: 3100, epoch: 13 | loss: 0.2576369
	speed: 0.0031s/iter; left time: 95.9893s
	iters: 3200, epoch: 13 | loss: 0.2767015
	speed: 0.0029s/iter; left time: 88.4908s
	iters: 3300, epoch: 13 | loss: 0.2022425
	speed: 0.0032s/iter; left time: 97.4416s
	iters: 3400, epoch: 13 | loss: 0.2392928
	speed: 0.0033s/iter; left time: 100.5333s
	iters: 3500, epoch: 13 | loss: 0.2487106
	speed: 0.0034s/iter; left time: 103.2021s
	iters: 3600, epoch: 13 | loss: 0.2525228
	speed: 0.0034s/iter; left time: 104.3849s
	iters: 3700, epoch: 13 | loss: 0.2324106
	speed: 0.0027s/iter; left time: 82.5820s
	iters: 3800, epoch: 13 | loss: 0.2414765
	speed: 0.0034s/iter; left time: 103.3967s
	iters: 3900, epoch: 13 | loss: 0.2326113
	speed: 0.0034s/iter; left time: 101.5484s
	iters: 4000, epoch: 13 | loss: 0.2790934
	speed: 0.0033s/iter; left time: 99.2035s
	iters: 4100, epoch: 13 | loss: 0.2508719
	speed: 0.0033s/iter; left time: 97.8929s
	iters: 4200, epoch: 13 | loss: 0.3897169
	speed: 0.0034s/iter; left time: 100.2411s
Epoch: 13 cost time: 14.240453958511353
Epoch: 13, Steps: 4254 | Train Loss: 0.2857073 Vali Loss: 0.4817944 Test Loss: 0.3268943
EarlyStopping counter: 2 out of 5
Updating learning rate to 1.220703125e-06
	iters: 100, epoch: 14 | loss: 0.2524136
	speed: 0.0266s/iter; left time: 789.5187s
	iters: 200, epoch: 14 | loss: 0.2486068
	speed: 0.0036s/iter; left time: 105.3010s
	iters: 300, epoch: 14 | loss: 0.2778373
	speed: 0.0036s/iter; left time: 105.8853s
	iters: 400, epoch: 14 | loss: 0.2763213
	speed: 0.0035s/iter; left time: 101.9448s
	iters: 500, epoch: 14 | loss: 0.2723195
	speed: 0.0032s/iter; left time: 94.2966s
	iters: 600, epoch: 14 | loss: 0.2171670
	speed: 0.0034s/iter; left time: 100.4333s
	iters: 700, epoch: 14 | loss: 0.1771262
	speed: 0.0029s/iter; left time: 84.0380s
	iters: 800, epoch: 14 | loss: 0.2607125
	speed: 0.0027s/iter; left time: 77.9535s
	iters: 900, epoch: 14 | loss: 0.2557517
	speed: 0.0026s/iter; left time: 75.3776s
	iters: 1000, epoch: 14 | loss: 0.2472433
	speed: 0.0035s/iter; left time: 101.0143s
	iters: 1100, epoch: 14 | loss: 0.2311577
	speed: 0.0037s/iter; left time: 105.8254s
	iters: 1200, epoch: 14 | loss: 0.2086156
	speed: 0.0036s/iter; left time: 102.3759s
	iters: 1300, epoch: 14 | loss: 0.2806137
	speed: 0.0034s/iter; left time: 95.4184s
	iters: 1400, epoch: 14 | loss: 0.1818717
	speed: 0.0033s/iter; left time: 93.9351s
	iters: 1500, epoch: 14 | loss: 0.2931015
	speed: 0.0034s/iter; left time: 95.0596s
	iters: 1600, epoch: 14 | loss: 0.2419135
	speed: 0.0030s/iter; left time: 84.2550s
	iters: 1700, epoch: 14 | loss: 0.3786201
	speed: 0.0025s/iter; left time: 70.4366s
	iters: 1800, epoch: 14 | loss: 0.2067698
	speed: 0.0031s/iter; left time: 85.8961s
	iters: 1900, epoch: 14 | loss: 0.1983654
	speed: 0.0031s/iter; left time: 86.4781s
	iters: 2000, epoch: 14 | loss: 0.3293197
	speed: 0.0034s/iter; left time: 93.8930s
	iters: 2100, epoch: 14 | loss: 0.2149231
	speed: 0.0034s/iter; left time: 92.7247s
	iters: 2200, epoch: 14 | loss: 0.2253482
	speed: 0.0032s/iter; left time: 89.0287s
	iters: 2300, epoch: 14 | loss: 0.2538732
	speed: 0.0030s/iter; left time: 82.4372s
	iters: 2400, epoch: 14 | loss: 0.2324420
	speed: 0.0026s/iter; left time: 70.6379s
	iters: 2500, epoch: 14 | loss: 0.2513517
	speed: 0.0027s/iter; left time: 74.3026s
	iters: 2600, epoch: 14 | loss: 0.2339170
	speed: 0.0035s/iter; left time: 95.1405s
	iters: 2700, epoch: 14 | loss: 0.2143064
	speed: 0.0034s/iter; left time: 90.8303s
	iters: 2800, epoch: 14 | loss: 0.2558822
	speed: 0.0038s/iter; left time: 101.5064s
	iters: 2900, epoch: 14 | loss: 0.4813885
	speed: 0.0035s/iter; left time: 94.6138s
	iters: 3000, epoch: 14 | loss: 0.2544274
	speed: 0.0036s/iter; left time: 96.9549s
	iters: 3100, epoch: 14 | loss: 0.2858456
	speed: 0.0035s/iter; left time: 92.8913s
	iters: 3200, epoch: 14 | loss: 0.2492706
	speed: 0.0031s/iter; left time: 81.8630s
	iters: 3300, epoch: 14 | loss: 0.2626509
	speed: 0.0031s/iter; left time: 80.7610s
	iters: 3400, epoch: 14 | loss: 0.2162524
	speed: 0.0032s/iter; left time: 83.4312s
	iters: 3500, epoch: 14 | loss: 0.2320050
	speed: 0.0032s/iter; left time: 85.1442s
	iters: 3600, epoch: 14 | loss: 0.2781051
	speed: 0.0032s/iter; left time: 82.7256s
	iters: 3700, epoch: 14 | loss: 0.2903628
	speed: 0.0032s/iter; left time: 82.4563s
	iters: 3800, epoch: 14 | loss: 0.3056363
	speed: 0.0034s/iter; left time: 89.1080s
	iters: 3900, epoch: 14 | loss: 0.2254966
	speed: 0.0036s/iter; left time: 92.9183s
	iters: 4000, epoch: 14 | loss: 0.2771049
	speed: 0.0034s/iter; left time: 86.4081s
	iters: 4100, epoch: 14 | loss: 0.2326821
	speed: 0.0032s/iter; left time: 81.6589s
	iters: 4200, epoch: 14 | loss: 0.2717906
	speed: 0.0031s/iter; left time: 78.7836s
Epoch: 14 cost time: 13.809815645217896
Epoch: 14, Steps: 4254 | Train Loss: 0.2856360 Vali Loss: 0.4820213 Test Loss: 0.3266515
EarlyStopping counter: 3 out of 5
Updating learning rate to 6.103515625e-07
	iters: 100, epoch: 15 | loss: 0.3675028
	speed: 0.0281s/iter; left time: 714.8076s
	iters: 200, epoch: 15 | loss: 0.3626550
	speed: 0.0037s/iter; left time: 92.4368s
	iters: 300, epoch: 15 | loss: 0.2387045
	speed: 0.0034s/iter; left time: 86.5763s
	iters: 400, epoch: 15 | loss: 0.4183625
	speed: 0.0037s/iter; left time: 92.7108s
	iters: 500, epoch: 15 | loss: 0.2474826
	speed: 0.0035s/iter; left time: 88.4157s
	iters: 600, epoch: 15 | loss: 0.4352148
	speed: 0.0032s/iter; left time: 80.7572s
	iters: 700, epoch: 15 | loss: 0.2996957
	speed: 0.0032s/iter; left time: 78.1989s
	iters: 800, epoch: 15 | loss: 0.2676736
	speed: 0.0031s/iter; left time: 77.8833s
	iters: 900, epoch: 15 | loss: 0.3356486
	speed: 0.0033s/iter; left time: 80.8580s
	iters: 1000, epoch: 15 | loss: 0.2193394
	speed: 0.0036s/iter; left time: 88.2903s
	iters: 1100, epoch: 15 | loss: 0.2871226
	speed: 0.0036s/iter; left time: 87.7138s
	iters: 1200, epoch: 15 | loss: 0.4316224
	speed: 0.0031s/iter; left time: 76.3804s
	iters: 1300, epoch: 15 | loss: 0.1943402
	speed: 0.0032s/iter; left time: 78.4971s
	iters: 1400, epoch: 15 | loss: 0.2774776
	speed: 0.0032s/iter; left time: 76.9599s
	iters: 1500, epoch: 15 | loss: 0.3536980
	speed: 0.0034s/iter; left time: 80.5356s
	iters: 1600, epoch: 15 | loss: 0.2605966
	speed: 0.0037s/iter; left time: 88.2834s
	iters: 1700, epoch: 15 | loss: 0.2427271
	speed: 0.0037s/iter; left time: 88.9268s
	iters: 1800, epoch: 15 | loss: 0.4286518
	speed: 0.0036s/iter; left time: 85.6477s
	iters: 1900, epoch: 15 | loss: 0.3294719
	speed: 0.0039s/iter; left time: 90.9565s
	iters: 2000, epoch: 15 | loss: 0.2413515
	speed: 0.0039s/iter; left time: 91.1228s
	iters: 2100, epoch: 15 | loss: 0.3256042
	speed: 0.0039s/iter; left time: 92.3062s
	iters: 2200, epoch: 15 | loss: 0.3261265
	speed: 0.0040s/iter; left time: 92.8339s
	iters: 2300, epoch: 15 | loss: 0.2482319
	speed: 0.0041s/iter; left time: 94.1172s
	iters: 2400, epoch: 15 | loss: 0.2728823
	speed: 0.0040s/iter; left time: 93.2059s
	iters: 2500, epoch: 15 | loss: 0.2209224
	speed: 0.0040s/iter; left time: 92.1290s
	iters: 2600, epoch: 15 | loss: 0.4545337
	speed: 0.0039s/iter; left time: 90.0949s
	iters: 2700, epoch: 15 | loss: 0.3286710
	speed: 0.0040s/iter; left time: 90.1589s
	iters: 2800, epoch: 15 | loss: 0.2489104
	speed: 0.0039s/iter; left time: 88.7726s
	iters: 2900, epoch: 15 | loss: 0.2874770
	speed: 0.0039s/iter; left time: 88.2372s
	iters: 3000, epoch: 15 | loss: 0.1324544
	speed: 0.0039s/iter; left time: 87.4370s
	iters: 3100, epoch: 15 | loss: 0.3052514
	speed: 0.0036s/iter; left time: 80.9650s
	iters: 3200, epoch: 15 | loss: 0.3949006
	speed: 0.0035s/iter; left time: 78.3604s
	iters: 3300, epoch: 15 | loss: 0.2631332
	speed: 0.0036s/iter; left time: 79.6085s
	iters: 3400, epoch: 15 | loss: 0.2452793
	speed: 0.0035s/iter; left time: 77.6590s
	iters: 3500, epoch: 15 | loss: 0.2484373
	speed: 0.0035s/iter; left time: 77.0987s
	iters: 3600, epoch: 15 | loss: 0.2507238
	speed: 0.0035s/iter; left time: 76.1590s
	iters: 3700, epoch: 15 | loss: 0.2798844
	speed: 0.0035s/iter; left time: 75.5144s
	iters: 3800, epoch: 15 | loss: 0.4491245
	speed: 0.0035s/iter; left time: 75.3857s
	iters: 3900, epoch: 15 | loss: 0.2809778
	speed: 0.0035s/iter; left time: 75.2592s
	iters: 4000, epoch: 15 | loss: 0.2168382
	speed: 0.0036s/iter; left time: 76.8441s
	iters: 4100, epoch: 15 | loss: 0.3086479
	speed: 0.0034s/iter; left time: 72.8448s
	iters: 4200, epoch: 15 | loss: 0.2024420
	speed: 0.0033s/iter; left time: 69.5625s
Epoch: 15 cost time: 15.29206395149231
Epoch: 15, Steps: 4254 | Train Loss: 0.2856245 Vali Loss: 0.4820736 Test Loss: 0.3267101
EarlyStopping counter: 4 out of 5
Updating learning rate to 3.0517578125e-07
	iters: 100, epoch: 16 | loss: 0.2321070
	speed: 0.0292s/iter; left time: 618.3461s
	iters: 200, epoch: 16 | loss: 0.2703666
	speed: 0.0037s/iter; left time: 77.4998s
	iters: 300, epoch: 16 | loss: 0.2343700
	speed: 0.0037s/iter; left time: 77.1734s
	iters: 400, epoch: 16 | loss: 0.2737216
	speed: 0.0037s/iter; left time: 77.2322s
	iters: 500, epoch: 16 | loss: 0.3197769
	speed: 0.0037s/iter; left time: 76.6521s
	iters: 600, epoch: 16 | loss: 0.3076963
	speed: 0.0037s/iter; left time: 76.7504s
	iters: 700, epoch: 16 | loss: 0.2679922
	speed: 0.0037s/iter; left time: 76.3185s
	iters: 800, epoch: 16 | loss: 0.3918909
	speed: 0.0037s/iter; left time: 75.5380s
	iters: 900, epoch: 16 | loss: 0.2312685
	speed: 0.0035s/iter; left time: 71.1025s
	iters: 1000, epoch: 16 | loss: 0.3755454
	speed: 0.0036s/iter; left time: 73.5838s
	iters: 1100, epoch: 16 | loss: 0.2186363
	speed: 0.0037s/iter; left time: 74.4310s
	iters: 1200, epoch: 16 | loss: 0.2248051
	speed: 0.0037s/iter; left time: 73.8989s
	iters: 1300, epoch: 16 | loss: 0.2587723
	speed: 0.0037s/iter; left time: 74.2988s
	iters: 1400, epoch: 16 | loss: 0.2082947
	speed: 0.0037s/iter; left time: 73.7728s
	iters: 1500, epoch: 16 | loss: 0.2816548
	speed: 0.0038s/iter; left time: 74.5363s
	iters: 1600, epoch: 16 | loss: 0.2023782
	speed: 0.0038s/iter; left time: 74.9202s
	iters: 1700, epoch: 16 | loss: 0.2802991
	speed: 0.0039s/iter; left time: 76.9382s
	iters: 1800, epoch: 16 | loss: 0.2640543
	speed: 0.0034s/iter; left time: 66.3966s
	iters: 1900, epoch: 16 | loss: 0.4669086
	speed: 0.0031s/iter; left time: 60.2442s
	iters: 2000, epoch: 16 | loss: 0.3262417
	speed: 0.0030s/iter; left time: 58.2401s
	iters: 2100, epoch: 16 | loss: 0.3211235
	speed: 0.0037s/iter; left time: 71.6997s
	iters: 2200, epoch: 16 | loss: 0.4080187
	speed: 0.0035s/iter; left time: 67.5115s
	iters: 2300, epoch: 16 | loss: 0.1766853
	speed: 0.0033s/iter; left time: 61.7152s
	iters: 2400, epoch: 16 | loss: 0.2174098
	speed: 0.0034s/iter; left time: 63.2238s
	iters: 2500, epoch: 16 | loss: 0.2311526
	speed: 0.0031s/iter; left time: 58.5654s
	iters: 2600, epoch: 16 | loss: 0.3093674
	speed: 0.0031s/iter; left time: 58.6644s
	iters: 2700, epoch: 16 | loss: 0.3094145
	speed: 0.0034s/iter; left time: 62.9557s
	iters: 2800, epoch: 16 | loss: 0.2564990
	speed: 0.0032s/iter; left time: 58.9226s
	iters: 2900, epoch: 16 | loss: 0.1985689
	speed: 0.0032s/iter; left time: 58.4704s
	iters: 3000, epoch: 16 | loss: 0.3314227
	speed: 0.0034s/iter; left time: 61.9387s
	iters: 3100, epoch: 16 | loss: 0.2510386
	speed: 0.0033s/iter; left time: 59.7826s
	iters: 3200, epoch: 16 | loss: 0.3413580
	speed: 0.0031s/iter; left time: 56.5808s
	iters: 3300, epoch: 16 | loss: 0.2257574
	speed: 0.0032s/iter; left time: 56.7887s
	iters: 3400, epoch: 16 | loss: 0.3697395
	speed: 0.0030s/iter; left time: 53.4341s
	iters: 3500, epoch: 16 | loss: 0.2248345
	speed: 0.0030s/iter; left time: 52.4727s
	iters: 3600, epoch: 16 | loss: 0.3678361
	speed: 0.0030s/iter; left time: 53.8964s
	iters: 3700, epoch: 16 | loss: 0.2402328
	speed: 0.0030s/iter; left time: 51.8400s
	iters: 3800, epoch: 16 | loss: 0.2552547
	speed: 0.0029s/iter; left time: 50.6659s
	iters: 3900, epoch: 16 | loss: 0.3558072
	speed: 0.0033s/iter; left time: 57.3631s
	iters: 4000, epoch: 16 | loss: 0.2668381
	speed: 0.0036s/iter; left time: 61.8301s
	iters: 4100, epoch: 16 | loss: 0.2723697
	speed: 0.0036s/iter; left time: 60.9623s
	iters: 4200, epoch: 16 | loss: 0.2296172
	speed: 0.0036s/iter; left time: 60.8074s
Epoch: 16 cost time: 14.613781690597534
Epoch: 16, Steps: 4254 | Train Loss: 0.2855915 Vali Loss: 0.4818079 Test Loss: 0.3267048
EarlyStopping counter: 5 out of 5
Early stopping
>>>>>>>testing : ETTm1_336_192_Linear_ETTm1_ftM_sl336_ll48_pl192_dm512_nh8_el2_dl1_df2048_fc1_ebtimeF_dtTrue_Exp_0_seed15726<<<<<<<<<<<<<<<<<<<<<<<<<<<<<<<<<
test 11329
mse:0.32725271582603455, mae:0.3587931990623474
