Args in experiment:
Namespace(activation='gelu', batch_size=32, c_out=7, checkpoints='./checkpoints/', d_ff=2048, d_layers=1, d_model=512, data='custom', data_path='national_illness.csv', dec_in=7, des='Exp', devices='0,1,2,3', distil=True, do_predict=False, dropout=0.05, e_layers=2, embed='timeF', embed_type=0, enc_in=7, factor=1, features='M', freq='h', gpu=0, individual=True, is_training=1, itr=1, label_len=18, learning_rate=0.05, loss='mse', lradj='type1', model='Linear', model_id='national_illness_104_36', moving_avg=25, n_heads=8, num_workers=0, output_attention=False, patience=5, pred_len=36, root_path='./dataset/', save_pred_values=False, seed=12890, seq_len=104, target='OT', test_flop=False, train_epochs=20, train_only=False, use_amp=False, use_gpu=False, use_multi_gpu=False)
Use CPU
>>>>>>>start training : national_illness_104_36_Linear_custom_ftM_sl104_ll18_pl36_dm512_nh8_el2_dl1_df2048_fc1_ebtimeF_dtTrue_Exp_0_seed12890>>>>>>>>>>>>>>>>>>>>>>>>>>
train 537
val 62
test 158
Epoch: 1 cost time: 0.0630035400390625
Epoch: 1, Steps: 16 | Train Loss: 1.5821161 Vali Loss: 0.8865413 Test Loss: 5.1411257
Validation loss decreased (inf --> 0.886541).  Saving model ...
Updating learning rate to 0.05
Epoch: 2 cost time: 0.032999515533447266
Epoch: 2, Steps: 16 | Train Loss: 0.8252513 Vali Loss: 0.4357893 Test Loss: 3.1458974
Validation loss decreased (0.886541 --> 0.435789).  Saving model ...
Updating learning rate to 0.025
Epoch: 3 cost time: 0.03099989891052246
Epoch: 3, Steps: 16 | Train Loss: 0.5627364 Vali Loss: 0.3478564 Test Loss: 2.7601597
Validation loss decreased (0.435789 --> 0.347856).  Saving model ...
Updating learning rate to 0.0125
Epoch: 4 cost time: 0.03118896484375
Epoch: 4, Steps: 16 | Train Loss: 0.4788238 Vali Loss: 0.2996235 Test Loss: 2.4020302
Validation loss decreased (0.347856 --> 0.299623).  Saving model ...
Updating learning rate to 0.00625
Epoch: 5 cost time: 0.03099966049194336
Epoch: 5, Steps: 16 | Train Loss: 0.4475190 Vali Loss: 0.2516616 Test Loss: 2.3364868
Validation loss decreased (0.299623 --> 0.251662).  Saving model ...
Updating learning rate to 0.003125
Epoch: 6 cost time: 0.03099989891052246
Epoch: 6, Steps: 16 | Train Loss: 0.4310700 Vali Loss: 0.2890557 Test Loss: 2.2405698
EarlyStopping counter: 1 out of 5
Updating learning rate to 0.0015625
Epoch: 7 cost time: 0.027003049850463867
Epoch: 7, Steps: 16 | Train Loss: 0.4081377 Vali Loss: 0.2486912 Test Loss: 2.2706931
Validation loss decreased (0.251662 --> 0.248691).  Saving model ...
Updating learning rate to 0.00078125
Epoch: 8 cost time: 0.02500009536743164
Epoch: 8, Steps: 16 | Train Loss: 0.4023664 Vali Loss: 0.2548482 Test Loss: 2.2642925
EarlyStopping counter: 1 out of 5
Updating learning rate to 0.000390625
Epoch: 9 cost time: 0.024999618530273438
Epoch: 9, Steps: 16 | Train Loss: 0.4166135 Vali Loss: 0.2437127 Test Loss: 2.2661767
Validation loss decreased (0.248691 --> 0.243713).  Saving model ...
Updating learning rate to 0.0001953125
Epoch: 10 cost time: 0.030999183654785156
Epoch: 10, Steps: 16 | Train Loss: 0.4164318 Vali Loss: 0.2318721 Test Loss: 2.2656856
Validation loss decreased (0.243713 --> 0.231872).  Saving model ...
Updating learning rate to 9.765625e-05
Epoch: 11 cost time: 0.03299975395202637
Epoch: 11, Steps: 16 | Train Loss: 0.4199135 Vali Loss: 0.2641490 Test Loss: 2.2621274
EarlyStopping counter: 1 out of 5
Updating learning rate to 4.8828125e-05
Epoch: 12 cost time: 0.03399968147277832
Epoch: 12, Steps: 16 | Train Loss: 0.4201806 Vali Loss: 0.2312816 Test Loss: 2.2624850
Validation loss decreased (0.231872 --> 0.231282).  Saving model ...
Updating learning rate to 2.44140625e-05
Epoch: 13 cost time: 0.033921003341674805
Epoch: 13, Steps: 16 | Train Loss: 0.4086690 Vali Loss: 0.2392293 Test Loss: 2.2619214
EarlyStopping counter: 1 out of 5
Updating learning rate to 1.220703125e-05
Epoch: 14 cost time: 0.03200340270996094
Epoch: 14, Steps: 16 | Train Loss: 0.4085993 Vali Loss: 0.2464303 Test Loss: 2.2614946
EarlyStopping counter: 2 out of 5
Updating learning rate to 6.103515625e-06
Epoch: 15 cost time: 0.025000333786010742
Epoch: 15, Steps: 16 | Train Loss: 0.4139857 Vali Loss: 0.2580685 Test Loss: 2.2611527
EarlyStopping counter: 3 out of 5
Updating learning rate to 3.0517578125e-06
Epoch: 16 cost time: 0.026000261306762695
Epoch: 16, Steps: 16 | Train Loss: 0.4138291 Vali Loss: 0.2174272 Test Loss: 2.2610581
Validation loss decreased (0.231282 --> 0.217427).  Saving model ...
Updating learning rate to 1.52587890625e-06
Epoch: 17 cost time: 0.024999380111694336
Epoch: 17, Steps: 16 | Train Loss: 0.4135809 Vali Loss: 0.2279966 Test Loss: 2.2610633
EarlyStopping counter: 1 out of 5
Updating learning rate to 7.62939453125e-07
Epoch: 18 cost time: 0.025000572204589844
Epoch: 18, Steps: 16 | Train Loss: 0.4143173 Vali Loss: 0.2403127 Test Loss: 2.2610414
EarlyStopping counter: 2 out of 5
Updating learning rate to 3.814697265625e-07
Epoch: 19 cost time: 0.025000333786010742
Epoch: 19, Steps: 16 | Train Loss: 0.4241176 Vali Loss: 0.2402443 Test Loss: 2.2610400
EarlyStopping counter: 3 out of 5
Updating learning rate to 1.9073486328125e-07
Epoch: 20 cost time: 0.02599930763244629
Epoch: 20, Steps: 16 | Train Loss: 0.4140327 Vali Loss: 0.2419957 Test Loss: 2.2610345
EarlyStopping counter: 4 out of 5
Updating learning rate to 9.5367431640625e-08
>>>>>>>testing : national_illness_104_36_Linear_custom_ftM_sl104_ll18_pl36_dm512_nh8_el2_dl1_df2048_fc1_ebtimeF_dtTrue_Exp_0_seed12890<<<<<<<<<<<<<<<<<<<<<<<<<<<<<<<<<
test 158
mse:2.2572479248046875, mae:1.0386853218078613
