Args in experiment:
Namespace(activation='gelu', batch_size=16, c_out=7, checkpoints='./checkpoints/', d_ff=2048, d_layers=1, d_model=512, data='ETTh2', data_path='ETTh2.csv', dec_in=7, des='Exp', devices='0,1,2,3', distil=True, do_predict=False, dropout=0.05, e_layers=2, embed='timeF', embed_type=0, enc_in=7, factor=1, features='M', freq='h', gpu=0, individual=True, is_training=1, itr=1, label_len=48, learning_rate=0.05, loss='mse', lradj='type1', model='Linear', model_id='ETTh2_336_96', moving_avg=25, n_heads=8, num_workers=0, output_attention=False, patience=5, pred_len=96, root_path='./dataset/', save_pred_values=False, seed=3293, seq_len=336, target='OT', test_flop=False, train_epochs=20, train_only=False, use_amp=False, use_gpu=False, use_multi_gpu=False)
Use CPU
>>>>>>>start training : ETTh2_336_96_Linear_ETTh2_ftM_sl336_ll48_pl96_dm512_nh8_el2_dl1_df2048_fc1_ebtimeF_dtTrue_Exp_0_seed3293>>>>>>>>>>>>>>>>>>>>>>>>>>
train 8209
val 2785
test 2785
	iters: 100, epoch: 1 | loss: 3.6201108
	speed: 0.0034s/iter; left time: 34.4587s
	iters: 200, epoch: 1 | loss: 21.0236607
	speed: 0.0034s/iter; left time: 34.1068s
	iters: 300, epoch: 1 | loss: 7.1558952
	speed: 0.0033s/iter; left time: 32.4033s
	iters: 400, epoch: 1 | loss: 6.4749355
	speed: 0.0033s/iter; left time: 32.6399s
	iters: 500, epoch: 1 | loss: 3.1713328
	speed: 0.0038s/iter; left time: 36.6086s
Epoch: 1 cost time: 1.754479169845581
Epoch: 1, Steps: 513 | Train Loss: 7.4472043 Vali Loss: 2.0227561 Test Loss: 5.2098045
Validation loss decreased (inf --> 2.022756).  Saving model ...
Updating learning rate to 0.05
	iters: 100, epoch: 2 | loss: 9.9539394
	speed: 0.0063s/iter; left time: 60.8069s
	iters: 200, epoch: 2 | loss: 2.5107646
	speed: 0.0034s/iter; left time: 32.8449s
	iters: 300, epoch: 2 | loss: 3.1764979
	speed: 0.0030s/iter; left time: 28.1886s
	iters: 400, epoch: 2 | loss: 3.6260757
	speed: 0.0029s/iter; left time: 26.9222s
	iters: 500, epoch: 2 | loss: 5.2266197
	speed: 0.0032s/iter; left time: 29.7785s
Epoch: 2 cost time: 1.5973520278930664
Epoch: 2, Steps: 513 | Train Loss: 5.4170771 Vali Loss: 3.8696737 Test Loss: 10.5894032
EarlyStopping counter: 1 out of 5
Updating learning rate to 0.025
	iters: 100, epoch: 3 | loss: 0.9420324
	speed: 0.0070s/iter; left time: 63.8718s
	iters: 200, epoch: 3 | loss: 0.7336405
	speed: 0.0035s/iter; left time: 31.8029s
	iters: 300, epoch: 3 | loss: 1.0723898
	speed: 0.0035s/iter; left time: 31.2945s
	iters: 400, epoch: 3 | loss: 0.8788135
	speed: 0.0038s/iter; left time: 33.1432s
	iters: 500, epoch: 3 | loss: 0.7466697
	speed: 0.0030s/iter; left time: 26.3796s
Epoch: 3 cost time: 1.7744369506835938
Epoch: 3, Steps: 513 | Train Loss: 1.0276380 Vali Loss: 0.6331162 Test Loss: 1.0186783
Validation loss decreased (2.022756 --> 0.633116).  Saving model ...
Updating learning rate to 0.0125
	iters: 100, epoch: 4 | loss: 0.4236088
	speed: 0.0059s/iter; left time: 50.6339s
	iters: 200, epoch: 4 | loss: 0.4778950
	speed: 0.0028s/iter; left time: 24.2025s
	iters: 300, epoch: 4 | loss: 0.3793613
	speed: 0.0029s/iter; left time: 24.1711s
	iters: 400, epoch: 4 | loss: 0.5531701
	speed: 0.0032s/iter; left time: 26.4884s
	iters: 500, epoch: 4 | loss: 0.3614076
	speed: 0.0039s/iter; left time: 31.7370s
Epoch: 4 cost time: 1.6072940826416016
Epoch: 4, Steps: 513 | Train Loss: 0.5126513 Vali Loss: 0.3981584 Test Loss: 0.7482225
Validation loss decreased (0.633116 --> 0.398158).  Saving model ...
Updating learning rate to 0.00625
	iters: 100, epoch: 5 | loss: 0.5458581
	speed: 0.0065s/iter; left time: 53.0465s
	iters: 200, epoch: 5 | loss: 0.4189356
	speed: 0.0027s/iter; left time: 21.5443s
	iters: 300, epoch: 5 | loss: 0.6641913
	speed: 0.0032s/iter; left time: 24.9136s
	iters: 400, epoch: 5 | loss: 0.5668527
	speed: 0.0035s/iter; left time: 27.5019s
	iters: 500, epoch: 5 | loss: 0.7365322
	speed: 0.0033s/iter; left time: 25.2085s
Epoch: 5 cost time: 1.5731828212738037
Epoch: 5, Steps: 513 | Train Loss: 0.4370084 Vali Loss: 0.4395976 Test Loss: 0.9289374
EarlyStopping counter: 1 out of 5
Updating learning rate to 0.003125
	iters: 100, epoch: 6 | loss: 0.3746480
	speed: 0.0077s/iter; left time: 58.2056s
	iters: 200, epoch: 6 | loss: 0.2706533
	speed: 0.0036s/iter; left time: 26.9777s
	iters: 300, epoch: 6 | loss: 0.2025240
	speed: 0.0037s/iter; left time: 27.0823s
	iters: 400, epoch: 6 | loss: 0.3101615
	speed: 0.0036s/iter; left time: 26.2682s
	iters: 500, epoch: 6 | loss: 0.4485382
	speed: 0.0037s/iter; left time: 26.2654s
Epoch: 6 cost time: 1.8793439865112305
Epoch: 6, Steps: 513 | Train Loss: 0.3974308 Vali Loss: 0.2738611 Test Loss: 0.4696610
Validation loss decreased (0.398158 --> 0.273861).  Saving model ...
Updating learning rate to 0.0015625
	iters: 100, epoch: 7 | loss: 0.2974733
	speed: 0.0079s/iter; left time: 55.8324s
	iters: 200, epoch: 7 | loss: 0.7825948
	speed: 0.0033s/iter; left time: 23.2535s
	iters: 300, epoch: 7 | loss: 0.2791235
	speed: 0.0032s/iter; left time: 22.1063s
	iters: 400, epoch: 7 | loss: 0.1949565
	speed: 0.0032s/iter; left time: 21.3665s
	iters: 500, epoch: 7 | loss: 0.3039563
	speed: 0.0029s/iter; left time: 19.5844s
Epoch: 7 cost time: 1.6762721538543701
Epoch: 7, Steps: 513 | Train Loss: 0.3783381 Vali Loss: 0.2589385 Test Loss: 0.3757849
Validation loss decreased (0.273861 --> 0.258938).  Saving model ...
Updating learning rate to 0.00078125
	iters: 100, epoch: 8 | loss: 0.9481000
	speed: 0.0069s/iter; left time: 45.2845s
	iters: 200, epoch: 8 | loss: 0.2854400
	speed: 0.0037s/iter; left time: 24.0684s
	iters: 300, epoch: 8 | loss: 0.5077733
	speed: 0.0038s/iter; left time: 24.0333s
	iters: 400, epoch: 8 | loss: 0.9280581
	speed: 0.0035s/iter; left time: 21.8196s
	iters: 500, epoch: 8 | loss: 0.6268194
	speed: 0.0028s/iter; left time: 17.2142s
Epoch: 8 cost time: 1.7582905292510986
Epoch: 8, Steps: 513 | Train Loss: 0.3680227 Vali Loss: 0.3291514 Test Loss: 0.4928271
EarlyStopping counter: 1 out of 5
Updating learning rate to 0.000390625
	iters: 100, epoch: 9 | loss: 0.2597988
	speed: 0.0064s/iter; left time: 38.4910s
	iters: 200, epoch: 9 | loss: 0.4480140
	speed: 0.0033s/iter; left time: 19.4197s
	iters: 300, epoch: 9 | loss: 0.1949544
	speed: 0.0032s/iter; left time: 19.0244s
	iters: 400, epoch: 9 | loss: 0.4784148
	speed: 0.0032s/iter; left time: 18.3648s
	iters: 500, epoch: 9 | loss: 0.3093064
	speed: 0.0026s/iter; left time: 14.9345s
Epoch: 9 cost time: 1.5790331363677979
Epoch: 9, Steps: 513 | Train Loss: 0.3613968 Vali Loss: 0.3318169 Test Loss: 0.5478742
EarlyStopping counter: 2 out of 5
Updating learning rate to 0.0001953125
	iters: 100, epoch: 10 | loss: 0.1215424
	speed: 0.0061s/iter; left time: 34.0518s
	iters: 200, epoch: 10 | loss: 0.3381937
	speed: 0.0034s/iter; left time: 18.5640s
	iters: 300, epoch: 10 | loss: 0.2004364
	speed: 0.0031s/iter; left time: 16.7916s
	iters: 400, epoch: 10 | loss: 0.4089054
	speed: 0.0033s/iter; left time: 17.1525s
	iters: 500, epoch: 10 | loss: 0.6528440
	speed: 0.0030s/iter; left time: 15.6376s
Epoch: 10 cost time: 1.6452991962432861
Epoch: 10, Steps: 513 | Train Loss: 0.3580181 Vali Loss: 0.3051713 Test Loss: 0.4967969
EarlyStopping counter: 3 out of 5
Updating learning rate to 9.765625e-05
	iters: 100, epoch: 11 | loss: 0.2325952
	speed: 0.0069s/iter; left time: 34.8879s
	iters: 200, epoch: 11 | loss: 0.2202569
	speed: 0.0029s/iter; left time: 14.1534s
	iters: 300, epoch: 11 | loss: 0.3205482
	speed: 0.0029s/iter; left time: 13.9133s
	iters: 400, epoch: 11 | loss: 0.2904741
	speed: 0.0031s/iter; left time: 14.7690s
	iters: 500, epoch: 11 | loss: 0.2253786
	speed: 0.0023s/iter; left time: 10.4198s
Epoch: 11 cost time: 1.500356674194336
Epoch: 11, Steps: 513 | Train Loss: 0.3555656 Vali Loss: 0.2762605 Test Loss: 0.4159192
EarlyStopping counter: 4 out of 5
Updating learning rate to 4.8828125e-05
	iters: 100, epoch: 12 | loss: 0.6983832
	speed: 0.0059s/iter; left time: 26.4893s
	iters: 200, epoch: 12 | loss: 0.3048981
	speed: 0.0032s/iter; left time: 13.9609s
	iters: 300, epoch: 12 | loss: 0.4626985
	speed: 0.0031s/iter; left time: 13.2562s
	iters: 400, epoch: 12 | loss: 0.6012979
	speed: 0.0031s/iter; left time: 13.1208s
	iters: 500, epoch: 12 | loss: 0.6982192
	speed: 0.0029s/iter; left time: 11.8186s
Epoch: 12 cost time: 1.5773744583129883
Epoch: 12, Steps: 513 | Train Loss: 0.3543125 Vali Loss: 0.2811719 Test Loss: 0.4255368
EarlyStopping counter: 5 out of 5
Early stopping
>>>>>>>testing : ETTh2_336_96_Linear_ETTh2_ftM_sl336_ll48_pl96_dm512_nh8_el2_dl1_df2048_fc1_ebtimeF_dtTrue_Exp_0_seed3293<<<<<<<<<<<<<<<<<<<<<<<<<<<<<<<<<
test 2785
mse:0.37692534923553467, mae:0.4057585597038269
