Args in experiment:
Namespace(activation='gelu', batch_size=32, c_out=7, checkpoints='./checkpoints/', d_ff=2048, d_layers=1, d_model=512, data='ETTm2', data_path='ETTm2.csv', dec_in=7, des='Exp', devices='0,1,2,3', distil=True, do_predict=False, dropout=0.05, e_layers=2, embed='timeF', embed_type=0, enc_in=7, factor=1, features='M', freq='h', gpu=0, individual=True, is_training=1, itr=1, label_len=48, learning_rate=0.01, loss='mse', lradj='type1', model='Linear', model_id='ETTm2_336_720', moving_avg=25, n_heads=8, num_workers=0, output_attention=False, patience=5, pred_len=720, root_path='./dataset/', save_pred_values=False, seed=12890, seq_len=336, target='OT', test_flop=False, train_epochs=20, train_only=False, use_amp=False, use_gpu=False, use_multi_gpu=False)
Use CPU
>>>>>>>start training : ETTm2_336_720_Linear_ETTm2_ftM_sl336_ll48_pl720_dm512_nh8_el2_dl1_df2048_fc1_ebtimeF_dtTrue_Exp_0_seed12890>>>>>>>>>>>>>>>>>>>>>>>>>>
train 33505
val 10801
test 10801
	iters: 100, epoch: 1 | loss: 0.8812469
	speed: 0.0175s/iter; left time: 365.0072s
	iters: 200, epoch: 1 | loss: 0.3731088
	speed: 0.0204s/iter; left time: 422.4774s
	iters: 300, epoch: 1 | loss: 0.5760314
	speed: 0.0193s/iter; left time: 398.5853s
	iters: 400, epoch: 1 | loss: 0.7100161
	speed: 0.0205s/iter; left time: 421.7203s
	iters: 500, epoch: 1 | loss: 1.4030725
	speed: 0.0197s/iter; left time: 401.9657s
	iters: 600, epoch: 1 | loss: 0.6241206
	speed: 0.0200s/iter; left time: 407.2625s
	iters: 700, epoch: 1 | loss: 0.5346109
	speed: 0.0218s/iter; left time: 440.2440s
	iters: 800, epoch: 1 | loss: 0.6314024
	speed: 0.0210s/iter; left time: 422.7557s
	iters: 900, epoch: 1 | loss: 0.4699599
	speed: 0.0187s/iter; left time: 375.3638s
	iters: 1000, epoch: 1 | loss: 0.3658161
	speed: 0.0172s/iter; left time: 342.3089s
Epoch: 1 cost time: 20.297492742538452
Epoch: 1, Steps: 1047 | Train Loss: 0.7182300 Vali Loss: 0.7376148 Test Loss: 1.8258564
Validation loss decreased (inf --> 0.737615).  Saving model ...
Updating learning rate to 0.01
	iters: 100, epoch: 2 | loss: 1.0465398
	speed: 0.0604s/iter; left time: 1195.7251s
	iters: 200, epoch: 2 | loss: 0.2772466
	speed: 0.0188s/iter; left time: 369.5925s
	iters: 300, epoch: 2 | loss: 0.4995290
	speed: 0.0192s/iter; left time: 376.5343s
	iters: 400, epoch: 2 | loss: 0.5472858
	speed: 0.0196s/iter; left time: 382.9643s
	iters: 500, epoch: 2 | loss: 0.5532262
	speed: 0.0203s/iter; left time: 393.1771s
	iters: 600, epoch: 2 | loss: 0.7910315
	speed: 0.0192s/iter; left time: 370.6779s
	iters: 700, epoch: 2 | loss: 0.8046144
	speed: 0.0188s/iter; left time: 361.0753s
	iters: 800, epoch: 2 | loss: 0.9113723
	speed: 0.0184s/iter; left time: 351.7207s
	iters: 900, epoch: 2 | loss: 0.7173728
	speed: 0.0156s/iter; left time: 296.6106s
	iters: 1000, epoch: 2 | loss: 1.2629635
	speed: 0.0179s/iter; left time: 337.4814s
Epoch: 2 cost time: 19.35596537590027
Epoch: 2, Steps: 1047 | Train Loss: 0.7304925 Vali Loss: 0.4653377 Test Loss: 0.8495836
Validation loss decreased (0.737615 --> 0.465338).  Saving model ...
Updating learning rate to 0.005
	iters: 100, epoch: 3 | loss: 0.3078107
	speed: 0.0647s/iter; left time: 1213.3066s
	iters: 200, epoch: 3 | loss: 0.8178556
	speed: 0.0198s/iter; left time: 369.2199s
	iters: 300, epoch: 3 | loss: 0.6639982
	speed: 0.0190s/iter; left time: 352.3931s
	iters: 400, epoch: 3 | loss: 0.8729188
	speed: 0.0187s/iter; left time: 345.3476s
	iters: 500, epoch: 3 | loss: 0.3886653
	speed: 0.0173s/iter; left time: 317.4930s
	iters: 600, epoch: 3 | loss: 0.6017499
	speed: 0.0193s/iter; left time: 352.1044s
	iters: 700, epoch: 3 | loss: 0.4665070
	speed: 0.0191s/iter; left time: 347.1763s
	iters: 800, epoch: 3 | loss: 0.5755678
	speed: 0.0185s/iter; left time: 334.3109s
	iters: 900, epoch: 3 | loss: 0.8642192
	speed: 0.0194s/iter; left time: 348.2369s
	iters: 1000, epoch: 3 | loss: 0.5581605
	speed: 0.0176s/iter; left time: 314.2726s
Epoch: 3 cost time: 19.502395391464233
Epoch: 3, Steps: 1047 | Train Loss: 0.5498383 Vali Loss: 0.5508677 Test Loss: 1.3152325
EarlyStopping counter: 1 out of 5
Updating learning rate to 0.0025
	iters: 100, epoch: 4 | loss: 0.3454673
	speed: 0.0599s/iter; left time: 1059.4364s
	iters: 200, epoch: 4 | loss: 1.0354011
	speed: 0.0179s/iter; left time: 315.7465s
	iters: 300, epoch: 4 | loss: 0.7130704
	speed: 0.0157s/iter; left time: 273.9492s
	iters: 400, epoch: 4 | loss: 0.2352967
	speed: 0.0167s/iter; left time: 291.1321s
	iters: 500, epoch: 4 | loss: 0.4578613
	speed: 0.0211s/iter; left time: 364.3261s
	iters: 600, epoch: 4 | loss: 0.3518437
	speed: 0.0214s/iter; left time: 367.9736s
	iters: 700, epoch: 4 | loss: 0.3472438
	speed: 0.0209s/iter; left time: 357.5045s
	iters: 800, epoch: 4 | loss: 0.4610851
	speed: 0.0206s/iter; left time: 350.2208s
	iters: 900, epoch: 4 | loss: 0.8578002
	speed: 0.0194s/iter; left time: 328.6914s
	iters: 1000, epoch: 4 | loss: 0.6940069
	speed: 0.0153s/iter; left time: 256.4883s
Epoch: 4 cost time: 19.285552978515625
Epoch: 4, Steps: 1047 | Train Loss: 0.5011992 Vali Loss: 0.4601423 Test Loss: 0.9668182
Validation loss decreased (0.465338 --> 0.460142).  Saving model ...
Updating learning rate to 0.00125
	iters: 100, epoch: 5 | loss: 0.6245543
	speed: 0.0624s/iter; left time: 1039.0861s
	iters: 200, epoch: 5 | loss: 0.3292258
	speed: 0.0192s/iter; left time: 317.6483s
	iters: 300, epoch: 5 | loss: 0.2454982
	speed: 0.0195s/iter; left time: 321.0415s
	iters: 400, epoch: 5 | loss: 0.5193638
	speed: 0.0206s/iter; left time: 336.7923s
	iters: 500, epoch: 5 | loss: 0.2393014
	speed: 0.0173s/iter; left time: 281.1483s
	iters: 600, epoch: 5 | loss: 0.4769060
	speed: 0.0182s/iter; left time: 293.2526s
	iters: 700, epoch: 5 | loss: 0.8454198
	speed: 0.0197s/iter; left time: 315.5605s
	iters: 800, epoch: 5 | loss: 0.3220611
	speed: 0.0197s/iter; left time: 314.1934s
	iters: 900, epoch: 5 | loss: 0.3001892
	speed: 0.0187s/iter; left time: 296.3157s
	iters: 1000, epoch: 5 | loss: 0.7948428
	speed: 0.0163s/iter; left time: 256.3889s
Epoch: 5 cost time: 19.09838557243347
Epoch: 5, Steps: 1047 | Train Loss: 0.4780643 Vali Loss: 0.5062295 Test Loss: 1.1977855
EarlyStopping counter: 1 out of 5
Updating learning rate to 0.000625
	iters: 100, epoch: 6 | loss: 0.8559140
	speed: 0.0606s/iter; left time: 945.6661s
	iters: 200, epoch: 6 | loss: 0.2592804
	speed: 0.0175s/iter; left time: 271.1635s
	iters: 300, epoch: 6 | loss: 0.4441366
	speed: 0.0198s/iter; left time: 304.7788s
	iters: 400, epoch: 6 | loss: 0.3552147
	speed: 0.0190s/iter; left time: 291.3009s
	iters: 500, epoch: 6 | loss: 0.5127322
	speed: 0.0195s/iter; left time: 296.6345s
	iters: 600, epoch: 6 | loss: 0.5208607
	speed: 0.0189s/iter; left time: 285.9046s
	iters: 700, epoch: 6 | loss: 0.7660691
	speed: 0.0176s/iter; left time: 264.4247s
	iters: 800, epoch: 6 | loss: 0.4528439
	speed: 0.0151s/iter; left time: 225.4722s
	iters: 900, epoch: 6 | loss: 0.2890519
	speed: 0.0182s/iter; left time: 269.8243s
	iters: 1000, epoch: 6 | loss: 0.4721015
	speed: 0.0172s/iter; left time: 252.8141s
Epoch: 6 cost time: 18.72415328025818
Epoch: 6, Steps: 1047 | Train Loss: 0.4641918 Vali Loss: 0.5420806 Test Loss: 1.3311983
EarlyStopping counter: 2 out of 5
Updating learning rate to 0.0003125
	iters: 100, epoch: 7 | loss: 0.4246060
	speed: 0.0613s/iter; left time: 892.6602s
	iters: 200, epoch: 7 | loss: 0.7069780
	speed: 0.0185s/iter; left time: 267.1769s
	iters: 300, epoch: 7 | loss: 0.5605966
	speed: 0.0183s/iter; left time: 262.3304s
	iters: 400, epoch: 7 | loss: 0.2717353
	speed: 0.0186s/iter; left time: 265.6734s
	iters: 500, epoch: 7 | loss: 0.4623666
	speed: 0.0169s/iter; left time: 239.3765s
	iters: 600, epoch: 7 | loss: 0.4547336
	speed: 0.0185s/iter; left time: 259.8863s
	iters: 700, epoch: 7 | loss: 0.2618994
	speed: 0.0178s/iter; left time: 248.7497s
	iters: 800, epoch: 7 | loss: 0.5602503
	speed: 0.0199s/iter; left time: 275.1097s
	iters: 900, epoch: 7 | loss: 0.5904717
	speed: 0.0177s/iter; left time: 243.4300s
	iters: 1000, epoch: 7 | loss: 0.2428188
	speed: 0.0174s/iter; left time: 237.8890s
Epoch: 7 cost time: 18.92179012298584
Epoch: 7, Steps: 1047 | Train Loss: 0.4565982 Vali Loss: 0.4373618 Test Loss: 0.9230735
Validation loss decreased (0.460142 --> 0.437362).  Saving model ...
Updating learning rate to 0.00015625
	iters: 100, epoch: 8 | loss: 0.5757716
	speed: 0.0678s/iter; left time: 915.4462s
	iters: 200, epoch: 8 | loss: 0.2296479
	speed: 0.0177s/iter; left time: 237.3797s
	iters: 300, epoch: 8 | loss: 0.4841809
	speed: 0.0179s/iter; left time: 238.1175s
	iters: 400, epoch: 8 | loss: 0.6469813
	speed: 0.0182s/iter; left time: 240.6630s
	iters: 500, epoch: 8 | loss: 0.5115598
	speed: 0.0186s/iter; left time: 243.8876s
	iters: 600, epoch: 8 | loss: 0.2544638
	speed: 0.0190s/iter; left time: 247.6393s
	iters: 700, epoch: 8 | loss: 0.8223954
	speed: 0.0206s/iter; left time: 266.0228s
	iters: 800, epoch: 8 | loss: 0.2554891
	speed: 0.0205s/iter; left time: 262.3458s
	iters: 900, epoch: 8 | loss: 0.6436684
	speed: 0.0186s/iter; left time: 236.4418s
	iters: 1000, epoch: 8 | loss: 0.3265389
	speed: 0.0162s/iter; left time: 204.8865s
Epoch: 8 cost time: 19.09681487083435
Epoch: 8, Steps: 1047 | Train Loss: 0.4535813 Vali Loss: 0.3954047 Test Loss: 0.7966829
Validation loss decreased (0.437362 --> 0.395405).  Saving model ...
Updating learning rate to 7.8125e-05
	iters: 100, epoch: 9 | loss: 0.4444520
	speed: 0.0622s/iter; left time: 775.3813s
	iters: 200, epoch: 9 | loss: 0.3073252
	speed: 0.0192s/iter; left time: 237.9795s
	iters: 300, epoch: 9 | loss: 0.4688251
	speed: 0.0188s/iter; left time: 231.0861s
	iters: 400, epoch: 9 | loss: 0.3141506
	speed: 0.0178s/iter; left time: 216.4914s
	iters: 500, epoch: 9 | loss: 0.3669400
	speed: 0.0195s/iter; left time: 235.3745s
	iters: 600, epoch: 9 | loss: 0.2694443
	speed: 0.0193s/iter; left time: 231.0439s
	iters: 700, epoch: 9 | loss: 0.3523490
	speed: 0.0191s/iter; left time: 226.4680s
	iters: 800, epoch: 9 | loss: 0.8703418
	speed: 0.0199s/iter; left time: 234.5246s
	iters: 900, epoch: 9 | loss: 0.3323188
	speed: 0.0186s/iter; left time: 216.3873s
	iters: 1000, epoch: 9 | loss: 0.6533766
	speed: 0.0158s/iter; left time: 182.9140s
Epoch: 9 cost time: 19.374043703079224
Epoch: 9, Steps: 1047 | Train Loss: 0.4515230 Vali Loss: 0.4052380 Test Loss: 0.8095515
EarlyStopping counter: 1 out of 5
Updating learning rate to 3.90625e-05
	iters: 100, epoch: 10 | loss: 0.5608070
	speed: 0.0550s/iter; left time: 627.7489s
	iters: 200, epoch: 10 | loss: 0.3221180
	speed: 0.0184s/iter; left time: 208.5775s
	iters: 300, epoch: 10 | loss: 0.6621851
	speed: 0.0176s/iter; left time: 197.1468s
	iters: 400, epoch: 10 | loss: 0.5098649
	speed: 0.0146s/iter; left time: 162.0837s
	iters: 500, epoch: 10 | loss: 0.2517264
	speed: 0.0177s/iter; left time: 194.8917s
	iters: 600, epoch: 10 | loss: 0.6391860
	speed: 0.0180s/iter; left time: 196.5725s
	iters: 700, epoch: 10 | loss: 0.5589421
	speed: 0.0165s/iter; left time: 178.5383s
	iters: 800, epoch: 10 | loss: 0.8002755
	speed: 0.0160s/iter; left time: 171.0720s
	iters: 900, epoch: 10 | loss: 0.6873087
	speed: 0.0138s/iter; left time: 146.6841s
	iters: 1000, epoch: 10 | loss: 0.4219153
	speed: 0.0149s/iter; left time: 157.1690s
Epoch: 10 cost time: 16.98550248146057
Epoch: 10, Steps: 1047 | Train Loss: 0.4503169 Vali Loss: 0.4226992 Test Loss: 0.8691301
EarlyStopping counter: 2 out of 5
Updating learning rate to 1.953125e-05
	iters: 100, epoch: 11 | loss: 0.2588346
	speed: 0.0562s/iter; left time: 583.2124s
	iters: 200, epoch: 11 | loss: 0.3069674
	speed: 0.0140s/iter; left time: 144.1349s
	iters: 300, epoch: 11 | loss: 0.6205420
	speed: 0.0153s/iter; left time: 155.1451s
	iters: 400, epoch: 11 | loss: 0.4284244
	speed: 0.0158s/iter; left time: 159.1702s
	iters: 500, epoch: 11 | loss: 0.3023646
	speed: 0.0151s/iter; left time: 150.9758s
	iters: 600, epoch: 11 | loss: 0.3678098
	speed: 0.0155s/iter; left time: 152.9685s
	iters: 700, epoch: 11 | loss: 0.5143706
	speed: 0.0135s/iter; left time: 131.9353s
	iters: 800, epoch: 11 | loss: 0.3348721
	speed: 0.0139s/iter; left time: 133.9936s
	iters: 900, epoch: 11 | loss: 0.3634232
	speed: 0.0143s/iter; left time: 137.0459s
	iters: 1000, epoch: 11 | loss: 0.4211196
	speed: 0.0139s/iter; left time: 131.3365s
Epoch: 11 cost time: 15.175755739212036
Epoch: 11, Steps: 1047 | Train Loss: 0.4496687 Vali Loss: 0.3946270 Test Loss: 0.7762309
Validation loss decreased (0.395405 --> 0.394627).  Saving model ...
Updating learning rate to 9.765625e-06
	iters: 100, epoch: 12 | loss: 0.4214706
	speed: 0.0509s/iter; left time: 474.8980s
	iters: 200, epoch: 12 | loss: 0.2979935
	speed: 0.0121s/iter; left time: 111.5668s
	iters: 300, epoch: 12 | loss: 0.2996907
	speed: 0.0143s/iter; left time: 130.0351s
	iters: 400, epoch: 12 | loss: 0.4347197
	speed: 0.0142s/iter; left time: 127.9812s
	iters: 500, epoch: 12 | loss: 0.2335435
	speed: 0.0108s/iter; left time: 95.9505s
	iters: 600, epoch: 12 | loss: 0.4460984
	speed: 0.0116s/iter; left time: 101.9258s
	iters: 700, epoch: 12 | loss: 0.5400386
	speed: 0.0111s/iter; left time: 96.6217s
	iters: 800, epoch: 12 | loss: 0.6685954
	speed: 0.0096s/iter; left time: 82.9274s
	iters: 900, epoch: 12 | loss: 0.4119390
	speed: 0.0116s/iter; left time: 98.5683s
	iters: 1000, epoch: 12 | loss: 0.3440186
	speed: 0.0115s/iter; left time: 97.0825s
Epoch: 12 cost time: 12.472865104675293
Epoch: 12, Steps: 1047 | Train Loss: 0.4494125 Vali Loss: 0.4084981 Test Loss: 0.8290311
EarlyStopping counter: 1 out of 5
Updating learning rate to 4.8828125e-06
	iters: 100, epoch: 13 | loss: 0.6688006
	speed: 0.0353s/iter; left time: 292.4929s
	iters: 200, epoch: 13 | loss: 0.4888257
	speed: 0.0110s/iter; left time: 90.2869s
	iters: 300, epoch: 13 | loss: 0.3612304
	speed: 0.0092s/iter; left time: 74.5070s
	iters: 400, epoch: 13 | loss: 0.3481586
	speed: 0.0112s/iter; left time: 89.7055s
	iters: 500, epoch: 13 | loss: 0.3550777
	speed: 0.0096s/iter; left time: 75.3455s
	iters: 600, epoch: 13 | loss: 0.4212985
	speed: 0.0117s/iter; left time: 90.7143s
	iters: 700, epoch: 13 | loss: 0.3988906
	speed: 0.0119s/iter; left time: 91.2877s
	iters: 800, epoch: 13 | loss: 0.3392352
	speed: 0.0120s/iter; left time: 90.6520s
	iters: 900, epoch: 13 | loss: 0.3847791
	speed: 0.0117s/iter; left time: 87.1510s
	iters: 1000, epoch: 13 | loss: 0.4386618
	speed: 0.0129s/iter; left time: 95.3780s
Epoch: 13 cost time: 11.652462720870972
Epoch: 13, Steps: 1047 | Train Loss: 0.4492242 Vali Loss: 0.4086334 Test Loss: 0.8269438
EarlyStopping counter: 2 out of 5
Updating learning rate to 2.44140625e-06
	iters: 100, epoch: 14 | loss: 0.2064807
	speed: 0.0505s/iter; left time: 365.2356s
	iters: 200, epoch: 14 | loss: 0.5305021
	speed: 0.0125s/iter; left time: 89.0098s
	iters: 300, epoch: 14 | loss: 0.6944849
	speed: 0.0129s/iter; left time: 90.4644s
	iters: 400, epoch: 14 | loss: 0.3096271
	speed: 0.0127s/iter; left time: 88.3172s
	iters: 500, epoch: 14 | loss: 0.7373747
	speed: 0.0119s/iter; left time: 81.2320s
	iters: 600, epoch: 14 | loss: 0.4861163
	speed: 0.0134s/iter; left time: 90.2746s
	iters: 700, epoch: 14 | loss: 0.4689103
	speed: 0.0131s/iter; left time: 87.1001s
	iters: 800, epoch: 14 | loss: 0.4616064
	speed: 0.0133s/iter; left time: 86.5589s
	iters: 900, epoch: 14 | loss: 0.4954290
	speed: 0.0128s/iter; left time: 82.5907s
	iters: 1000, epoch: 14 | loss: 0.5098356
	speed: 0.0117s/iter; left time: 74.3484s
Epoch: 14 cost time: 13.22557806968689
Epoch: 14, Steps: 1047 | Train Loss: 0.4491217 Vali Loss: 0.4063066 Test Loss: 0.8195075
EarlyStopping counter: 3 out of 5
Updating learning rate to 1.220703125e-06
	iters: 100, epoch: 15 | loss: 0.4228403
	speed: 0.0441s/iter; left time: 272.3705s
	iters: 200, epoch: 15 | loss: 0.4659554
	speed: 0.0116s/iter; left time: 70.7593s
	iters: 300, epoch: 15 | loss: 0.2458684
	speed: 0.0119s/iter; left time: 71.4049s
	iters: 400, epoch: 15 | loss: 0.3440388
	speed: 0.0113s/iter; left time: 66.6135s
	iters: 500, epoch: 15 | loss: 0.3865464
	speed: 0.0111s/iter; left time: 64.3240s
	iters: 600, epoch: 15 | loss: 0.5074360
	speed: 0.0106s/iter; left time: 60.3174s
	iters: 700, epoch: 15 | loss: 0.3999329
	speed: 0.0107s/iter; left time: 59.5288s
	iters: 800, epoch: 15 | loss: 0.3088800
	speed: 0.0119s/iter; left time: 65.1523s
	iters: 900, epoch: 15 | loss: 0.4810397
	speed: 0.0125s/iter; left time: 67.3001s
	iters: 1000, epoch: 15 | loss: 0.5571296
	speed: 0.0121s/iter; left time: 63.7888s
Epoch: 15 cost time: 12.096779346466064
Epoch: 15, Steps: 1047 | Train Loss: 0.4490719 Vali Loss: 0.4073109 Test Loss: 0.8208569
EarlyStopping counter: 4 out of 5
Updating learning rate to 6.103515625e-07
	iters: 100, epoch: 16 | loss: 0.4899130
	speed: 0.0452s/iter; left time: 232.1095s
	iters: 200, epoch: 16 | loss: 0.3578095
	speed: 0.0125s/iter; left time: 63.1300s
	iters: 300, epoch: 16 | loss: 0.3458827
	speed: 0.0124s/iter; left time: 61.2217s
	iters: 400, epoch: 16 | loss: 0.5320852
	speed: 0.0122s/iter; left time: 58.9685s
	iters: 500, epoch: 16 | loss: 0.4601361
	speed: 0.0123s/iter; left time: 58.3113s
	iters: 600, epoch: 16 | loss: 0.3042424
	speed: 0.0125s/iter; left time: 57.9663s
	iters: 700, epoch: 16 | loss: 0.5070726
	speed: 0.0125s/iter; left time: 56.7563s
	iters: 800, epoch: 16 | loss: 0.5264111
	speed: 0.0125s/iter; left time: 55.5320s
	iters: 900, epoch: 16 | loss: 0.2752234
	speed: 0.0124s/iter; left time: 53.6476s
	iters: 1000, epoch: 16 | loss: 0.5975786
	speed: 0.0119s/iter; left time: 50.3481s
Epoch: 16 cost time: 12.878991842269897
Epoch: 16, Steps: 1047 | Train Loss: 0.4490422 Vali Loss: 0.4073777 Test Loss: 0.8220921
EarlyStopping counter: 5 out of 5
Early stopping
>>>>>>>testing : ETTm2_336_720_Linear_ETTm2_ftM_sl336_ll48_pl720_dm512_nh8_el2_dl1_df2048_fc1_ebtimeF_dtTrue_Exp_0_seed12890<<<<<<<<<<<<<<<<<<<<<<<<<<<<<<<<<
test 10801
mse:0.776875376701355, mae:0.5760191679000854
