Args in experiment:
Namespace(activation='gelu', batch_size=32, c_out=7, checkpoints='./checkpoints/', d_ff=2048, d_layers=1, d_model=512, data='custom', data_path='national_illness.csv', dec_in=7, des='Exp', devices='0,1,2,3', distil=True, do_predict=False, dropout=0.05, e_layers=2, embed='timeF', embed_type=0, enc_in=7, factor=1, features='M', freq='h', gpu=0, individual=True, is_training=1, itr=1, label_len=18, learning_rate=0.05, loss='mse', lradj='type1', model='Linear', model_id='national_illness_104_36', moving_avg=25, n_heads=8, num_workers=0, output_attention=False, patience=5, pred_len=36, root_path='./dataset/', save_pred_values=False, seed=25565, seq_len=104, target='OT', test_flop=False, train_epochs=20, train_only=False, use_amp=False, use_gpu=False, use_multi_gpu=False)
Use CPU
>>>>>>>start training : national_illness_104_36_Linear_custom_ftM_sl104_ll18_pl36_dm512_nh8_el2_dl1_df2048_fc1_ebtimeF_dtTrue_Exp_0_seed25565>>>>>>>>>>>>>>>>>>>>>>>>>>
train 537
val 62
test 158
Epoch: 1 cost time: 0.029996871948242188
Epoch: 1, Steps: 16 | Train Loss: 1.5666717 Vali Loss: 0.7874091 Test Loss: 5.3702645
Validation loss decreased (inf --> 0.787409).  Saving model ...
Updating learning rate to 0.05
Epoch: 2 cost time: 0.028000354766845703
Epoch: 2, Steps: 16 | Train Loss: 0.8317480 Vali Loss: 0.5622946 Test Loss: 3.0106130
Validation loss decreased (0.787409 --> 0.562295).  Saving model ...
Updating learning rate to 0.025
Epoch: 3 cost time: 0.0279998779296875
Epoch: 3, Steps: 16 | Train Loss: 0.5647575 Vali Loss: 0.3323429 Test Loss: 2.4780040
Validation loss decreased (0.562295 --> 0.332343).  Saving model ...
Updating learning rate to 0.0125
Epoch: 4 cost time: 0.027188539505004883
Epoch: 4, Steps: 16 | Train Loss: 0.4662396 Vali Loss: 0.2965069 Test Loss: 2.5142403
Validation loss decreased (0.332343 --> 0.296507).  Saving model ...
Updating learning rate to 0.00625
Epoch: 5 cost time: 0.026999711990356445
Epoch: 5, Steps: 16 | Train Loss: 0.4359362 Vali Loss: 0.2457725 Test Loss: 2.2560935
Validation loss decreased (0.296507 --> 0.245772).  Saving model ...
Updating learning rate to 0.003125
Epoch: 6 cost time: 0.026999950408935547
Epoch: 6, Steps: 16 | Train Loss: 0.4322803 Vali Loss: 0.2354758 Test Loss: 2.2546015
Validation loss decreased (0.245772 --> 0.235476).  Saving model ...
Updating learning rate to 0.0015625
Epoch: 7 cost time: 0.02800297737121582
Epoch: 7, Steps: 16 | Train Loss: 0.4164423 Vali Loss: 0.2503555 Test Loss: 2.2308068
EarlyStopping counter: 1 out of 5
Updating learning rate to 0.00078125
Epoch: 8 cost time: 0.02599930763244629
Epoch: 8, Steps: 16 | Train Loss: 0.3974251 Vali Loss: 0.2918301 Test Loss: 2.2531168
EarlyStopping counter: 2 out of 5
Updating learning rate to 0.000390625
Epoch: 9 cost time: 0.02500009536743164
Epoch: 9, Steps: 16 | Train Loss: 0.4133892 Vali Loss: 0.2204862 Test Loss: 2.2404237
Validation loss decreased (0.235476 --> 0.220486).  Saving model ...
Updating learning rate to 0.0001953125
Epoch: 10 cost time: 0.024997234344482422
Epoch: 10, Steps: 16 | Train Loss: 0.4025796 Vali Loss: 0.2707894 Test Loss: 2.2441325
EarlyStopping counter: 1 out of 5
Updating learning rate to 9.765625e-05
Epoch: 11 cost time: 0.025999784469604492
Epoch: 11, Steps: 16 | Train Loss: 0.4224682 Vali Loss: 0.2627907 Test Loss: 2.2424383
EarlyStopping counter: 2 out of 5
Updating learning rate to 4.8828125e-05
Epoch: 12 cost time: 0.026000022888183594
Epoch: 12, Steps: 16 | Train Loss: 0.4210758 Vali Loss: 0.2053391 Test Loss: 2.2438507
Validation loss decreased (0.220486 --> 0.205339).  Saving model ...
Updating learning rate to 2.44140625e-05
Epoch: 13 cost time: 0.025999784469604492
Epoch: 13, Steps: 16 | Train Loss: 0.4105038 Vali Loss: 0.2701010 Test Loss: 2.2434101
EarlyStopping counter: 1 out of 5
Updating learning rate to 1.220703125e-05
Epoch: 14 cost time: 0.02492070198059082
Epoch: 14, Steps: 16 | Train Loss: 0.4132069 Vali Loss: 0.2596213 Test Loss: 2.2430620
EarlyStopping counter: 2 out of 5
Updating learning rate to 6.103515625e-06
Epoch: 15 cost time: 0.0280001163482666
Epoch: 15, Steps: 16 | Train Loss: 0.3923767 Vali Loss: 0.2291846 Test Loss: 2.2430127
EarlyStopping counter: 3 out of 5
Updating learning rate to 3.0517578125e-06
Epoch: 16 cost time: 0.027002811431884766
Epoch: 16, Steps: 16 | Train Loss: 0.4204347 Vali Loss: 0.2808633 Test Loss: 2.2429805
EarlyStopping counter: 4 out of 5
Updating learning rate to 1.52587890625e-06
Epoch: 17 cost time: 0.02499985694885254
Epoch: 17, Steps: 16 | Train Loss: 0.4155917 Vali Loss: 0.2063139 Test Loss: 2.2429731
EarlyStopping counter: 5 out of 5
Early stopping
>>>>>>>testing : national_illness_104_36_Linear_custom_ftM_sl104_ll18_pl36_dm512_nh8_el2_dl1_df2048_fc1_ebtimeF_dtTrue_Exp_0_seed25565<<<<<<<<<<<<<<<<<<<<<<<<<<<<<<<<<
test 158
mse:2.2408933639526367, mae:1.030541181564331
