Args in experiment:
Namespace(activation='gelu', batch_size=16, c_out=7, checkpoints='./checkpoints/', d_ff=2048, d_layers=1, d_model=512, data='custom', data_path='weather.csv', dec_in=7, des='Exp', devices='0,1,2,3', distil=True, do_predict=False, dropout=0.05, e_layers=2, embed='timeF', embed_type=0, enc_in=21, factor=1, features='M', freq='h', gpu=0, individual=True, is_training=1, itr=1, label_len=48, learning_rate=0.005, loss='mse', lradj='type1', model='Linear', model_id='weather_336_192', moving_avg=25, n_heads=8, num_workers=0, output_attention=False, patience=5, pred_len=192, root_path='./dataset/', save_pred_values=False, seed=15227, seq_len=336, target='OT', test_flop=False, train_epochs=20, train_only=False, use_amp=False, use_gpu=False, use_multi_gpu=False)
Use CPU
>>>>>>>start training : weather_336_192_Linear_custom_ftM_sl336_ll48_pl192_dm512_nh8_el2_dl1_df2048_fc1_ebtimeF_dtTrue_Exp_0_seed15227>>>>>>>>>>>>>>>>>>>>>>>>>>
train 36360
val 5079
test 10348
	iters: 100, epoch: 1 | loss: 0.4333594
	speed: 0.0146s/iter; left time: 659.8876s
	iters: 200, epoch: 1 | loss: 0.5450567
	speed: 0.0142s/iter; left time: 642.0484s
	iters: 300, epoch: 1 | loss: 0.4293505
	speed: 0.0152s/iter; left time: 685.0650s
	iters: 400, epoch: 1 | loss: 0.4145089
	speed: 0.0149s/iter; left time: 670.7328s
	iters: 500, epoch: 1 | loss: 0.6167062
	speed: 0.0146s/iter; left time: 658.2635s
	iters: 600, epoch: 1 | loss: 0.8063965
	speed: 0.0146s/iter; left time: 656.5890s
	iters: 700, epoch: 1 | loss: 0.4260400
	speed: 0.0140s/iter; left time: 628.0057s
	iters: 800, epoch: 1 | loss: 0.4068709
	speed: 0.0147s/iter; left time: 657.3977s
	iters: 900, epoch: 1 | loss: 1.8668610
	speed: 0.0146s/iter; left time: 651.7545s
	iters: 1000, epoch: 1 | loss: 0.7482206
	speed: 0.0148s/iter; left time: 657.4615s
	iters: 1100, epoch: 1 | loss: 0.7246446
	speed: 0.0146s/iter; left time: 646.7576s
	iters: 1200, epoch: 1 | loss: 2.8863068
	speed: 0.0149s/iter; left time: 657.5074s
	iters: 1300, epoch: 1 | loss: 0.4008571
	speed: 0.0147s/iter; left time: 648.2446s
	iters: 1400, epoch: 1 | loss: 0.7262167
	speed: 0.0146s/iter; left time: 643.6892s
	iters: 1500, epoch: 1 | loss: 4.8882957
	speed: 0.0147s/iter; left time: 644.6474s
	iters: 1600, epoch: 1 | loss: 0.5659395
	speed: 0.0146s/iter; left time: 641.0639s
	iters: 1700, epoch: 1 | loss: 1.3819658
	speed: 0.0147s/iter; left time: 644.7082s
	iters: 1800, epoch: 1 | loss: 0.7477487
	speed: 0.0146s/iter; left time: 636.9840s
	iters: 1900, epoch: 1 | loss: 0.4777844
	speed: 0.0146s/iter; left time: 634.6824s
	iters: 2000, epoch: 1 | loss: 0.4998066
	speed: 0.0144s/iter; left time: 624.3948s
	iters: 2100, epoch: 1 | loss: 0.4101388
	speed: 0.0143s/iter; left time: 621.3844s
	iters: 2200, epoch: 1 | loss: 0.6387033
	speed: 0.0140s/iter; left time: 604.4379s
Epoch: 1 cost time: 33.14666199684143
Epoch: 1, Steps: 2272 | Train Loss: 1.2805967 Vali Loss: 0.6056262 Test Loss: 0.2847607
Validation loss decreased (inf --> 0.605626).  Saving model ...
Updating learning rate to 0.005
	iters: 100, epoch: 2 | loss: 1.6954865
	speed: 0.0531s/iter; left time: 2287.6561s
	iters: 200, epoch: 2 | loss: 0.3917446
	speed: 0.0146s/iter; left time: 626.8841s
	iters: 300, epoch: 2 | loss: 0.4152069
	speed: 0.0149s/iter; left time: 637.5312s
	iters: 400, epoch: 2 | loss: 0.3955103
	speed: 0.0146s/iter; left time: 625.1531s
	iters: 500, epoch: 2 | loss: 0.6712320
	speed: 0.0151s/iter; left time: 643.8018s
	iters: 600, epoch: 2 | loss: 0.6788557
	speed: 0.0144s/iter; left time: 612.3526s
	iters: 700, epoch: 2 | loss: 1.5074844
	speed: 0.0150s/iter; left time: 637.5680s
	iters: 800, epoch: 2 | loss: 0.4445478
	speed: 0.0146s/iter; left time: 619.7647s
	iters: 900, epoch: 2 | loss: 0.4736369
	speed: 0.0146s/iter; left time: 616.0736s
	iters: 1000, epoch: 2 | loss: 0.4542905
	speed: 0.0145s/iter; left time: 610.0672s
	iters: 1100, epoch: 2 | loss: 0.5012678
	speed: 0.0146s/iter; left time: 613.8581s
	iters: 1200, epoch: 2 | loss: 0.6954833
	speed: 0.0151s/iter; left time: 632.7971s
	iters: 1300, epoch: 2 | loss: 0.4597103
	speed: 0.0147s/iter; left time: 616.3944s
	iters: 1400, epoch: 2 | loss: 0.5716005
	speed: 0.0146s/iter; left time: 608.4540s
	iters: 1500, epoch: 2 | loss: 0.4117908
	speed: 0.0149s/iter; left time: 619.8670s
	iters: 1600, epoch: 2 | loss: 0.5611141
	speed: 0.0143s/iter; left time: 593.6559s
	iters: 1700, epoch: 2 | loss: 0.5400330
	speed: 0.0147s/iter; left time: 610.3378s
	iters: 1800, epoch: 2 | loss: 1.5443892
	speed: 0.0146s/iter; left time: 605.6566s
	iters: 1900, epoch: 2 | loss: 3.6232867
	speed: 0.0148s/iter; left time: 612.4506s
	iters: 2000, epoch: 2 | loss: 0.4340473
	speed: 0.0149s/iter; left time: 612.9465s
	iters: 2100, epoch: 2 | loss: 0.8683716
	speed: 0.0146s/iter; left time: 600.6227s
	iters: 2200, epoch: 2 | loss: 0.4685976
	speed: 0.0145s/iter; left time: 594.5429s
Epoch: 2 cost time: 33.25288462638855
Epoch: 2, Steps: 2272 | Train Loss: 0.9863154 Vali Loss: 0.5993329 Test Loss: 0.2508642
Validation loss decreased (0.605626 --> 0.599333).  Saving model ...
Updating learning rate to 0.0025
	iters: 100, epoch: 3 | loss: 1.1202557
	speed: 0.0525s/iter; left time: 2143.3844s
	iters: 200, epoch: 3 | loss: 0.4249998
	speed: 0.0145s/iter; left time: 588.9199s
	iters: 300, epoch: 3 | loss: 0.4188236
	speed: 0.0149s/iter; left time: 603.3459s
	iters: 400, epoch: 3 | loss: 1.3664622
	speed: 0.0149s/iter; left time: 603.2372s
	iters: 500, epoch: 3 | loss: 1.3393350
	speed: 0.0149s/iter; left time: 599.9365s
	iters: 600, epoch: 3 | loss: 0.3059000
	speed: 0.0148s/iter; left time: 595.7571s
	iters: 700, epoch: 3 | loss: 0.2824771
	speed: 0.0145s/iter; left time: 582.2935s
	iters: 800, epoch: 3 | loss: 0.6072023
	speed: 0.0145s/iter; left time: 580.9301s
	iters: 900, epoch: 3 | loss: 0.4260809
	speed: 0.0144s/iter; left time: 575.8204s
	iters: 1000, epoch: 3 | loss: 7.9274478
	speed: 0.0147s/iter; left time: 584.8336s
	iters: 1100, epoch: 3 | loss: 0.3258706
	speed: 0.0146s/iter; left time: 582.0395s
	iters: 1200, epoch: 3 | loss: 0.5015388
	speed: 0.0149s/iter; left time: 590.4391s
	iters: 1300, epoch: 3 | loss: 0.3110823
	speed: 0.0143s/iter; left time: 565.0957s
	iters: 1400, epoch: 3 | loss: 0.4709641
	speed: 0.0149s/iter; left time: 589.5552s
	iters: 1500, epoch: 3 | loss: 0.4600650
	speed: 0.0146s/iter; left time: 577.0470s
	iters: 1600, epoch: 3 | loss: 0.4383165
	speed: 0.0150s/iter; left time: 587.9940s
	iters: 1700, epoch: 3 | loss: 0.3252635
	speed: 0.0146s/iter; left time: 572.1926s
	iters: 1800, epoch: 3 | loss: 0.3686548
	speed: 0.0146s/iter; left time: 571.3388s
	iters: 1900, epoch: 3 | loss: 1.0366427
	speed: 0.0146s/iter; left time: 571.2281s
	iters: 2000, epoch: 3 | loss: 0.3337086
	speed: 0.0144s/iter; left time: 558.6450s
	iters: 2100, epoch: 3 | loss: 0.6034007
	speed: 0.0146s/iter; left time: 568.3268s
	iters: 2200, epoch: 3 | loss: 0.4838791
	speed: 0.0145s/iter; left time: 561.7072s
Epoch: 3 cost time: 33.17218208312988
Epoch: 3, Steps: 2272 | Train Loss: 0.6939107 Vali Loss: 0.4877584 Test Loss: 0.2120659
Validation loss decreased (0.599333 --> 0.487758).  Saving model ...
Updating learning rate to 0.00125
	iters: 100, epoch: 4 | loss: 1.5853896
	speed: 0.0524s/iter; left time: 2018.7965s
	iters: 200, epoch: 4 | loss: 0.3799530
	speed: 0.0147s/iter; left time: 565.2891s
	iters: 300, epoch: 4 | loss: 1.2391106
	speed: 0.0150s/iter; left time: 576.6865s
	iters: 400, epoch: 4 | loss: 1.3197156
	speed: 0.0149s/iter; left time: 567.9063s
	iters: 500, epoch: 4 | loss: 0.3153278
	speed: 0.0147s/iter; left time: 558.9916s
	iters: 600, epoch: 4 | loss: 1.2300692
	speed: 0.0147s/iter; left time: 557.6493s
	iters: 700, epoch: 4 | loss: 0.3633835
	speed: 0.0148s/iter; left time: 560.1033s
	iters: 800, epoch: 4 | loss: 0.4149161
	speed: 0.0149s/iter; left time: 562.4344s
	iters: 900, epoch: 4 | loss: 0.5025589
	speed: 0.0148s/iter; left time: 558.9959s
	iters: 1000, epoch: 4 | loss: 0.4018899
	speed: 0.0147s/iter; left time: 551.4865s
	iters: 1100, epoch: 4 | loss: 0.2906742
	speed: 0.0148s/iter; left time: 555.8753s
	iters: 1200, epoch: 4 | loss: 0.4417270
	speed: 0.0145s/iter; left time: 542.5776s
	iters: 1300, epoch: 4 | loss: 0.2399975
	speed: 0.0145s/iter; left time: 540.5336s
	iters: 1400, epoch: 4 | loss: 0.3690572
	speed: 0.0149s/iter; left time: 555.2738s
	iters: 1500, epoch: 4 | loss: 1.3622063
	speed: 0.0143s/iter; left time: 530.5021s
	iters: 1600, epoch: 4 | loss: 0.3520200
	speed: 0.0147s/iter; left time: 543.6371s
	iters: 1700, epoch: 4 | loss: 0.3692178
	speed: 0.0145s/iter; left time: 534.9439s
	iters: 1800, epoch: 4 | loss: 0.3847332
	speed: 0.0151s/iter; left time: 556.4901s
	iters: 1900, epoch: 4 | loss: 0.3420033
	speed: 0.0147s/iter; left time: 539.2280s
	iters: 2000, epoch: 4 | loss: 0.5512178
	speed: 0.0146s/iter; left time: 535.8907s
	iters: 2100, epoch: 4 | loss: 0.3135619
	speed: 0.0146s/iter; left time: 533.9483s
	iters: 2200, epoch: 4 | loss: 0.2853484
	speed: 0.0147s/iter; left time: 534.4327s
Epoch: 4 cost time: 33.292210817337036
Epoch: 4, Steps: 2272 | Train Loss: 0.5524514 Vali Loss: 0.4525850 Test Loss: 0.2135472
Validation loss decreased (0.487758 --> 0.452585).  Saving model ...
Updating learning rate to 0.000625
	iters: 100, epoch: 5 | loss: 0.4965239
	speed: 0.0526s/iter; left time: 1907.4650s
	iters: 200, epoch: 5 | loss: 1.2907410
	speed: 0.0147s/iter; left time: 530.9321s
	iters: 300, epoch: 5 | loss: 0.3760194
	speed: 0.0148s/iter; left time: 532.4509s
	iters: 400, epoch: 5 | loss: 0.4160494
	speed: 0.0148s/iter; left time: 532.7186s
	iters: 500, epoch: 5 | loss: 0.2876244
	speed: 0.0147s/iter; left time: 526.8768s
	iters: 600, epoch: 5 | loss: 0.3248216
	speed: 0.0147s/iter; left time: 524.8273s
	iters: 700, epoch: 5 | loss: 0.2757416
	speed: 0.0146s/iter; left time: 521.2148s
	iters: 800, epoch: 5 | loss: 0.3247235
	speed: 0.0146s/iter; left time: 518.1394s
	iters: 900, epoch: 5 | loss: 0.3554074
	speed: 0.0142s/iter; left time: 505.0988s
	iters: 1000, epoch: 5 | loss: 0.3907619
	speed: 0.0145s/iter; left time: 513.4767s
	iters: 1100, epoch: 5 | loss: 0.2667562
	speed: 0.0147s/iter; left time: 518.5812s
	iters: 1200, epoch: 5 | loss: 0.2854990
	speed: 0.0146s/iter; left time: 513.3476s
	iters: 1300, epoch: 5 | loss: 0.4994285
	speed: 0.0143s/iter; left time: 501.5659s
	iters: 1400, epoch: 5 | loss: 0.4873668
	speed: 0.0147s/iter; left time: 513.3151s
	iters: 1500, epoch: 5 | loss: 0.3114181
	speed: 0.0148s/iter; left time: 514.3497s
	iters: 1600, epoch: 5 | loss: 0.2431065
	speed: 0.0146s/iter; left time: 507.4607s
	iters: 1700, epoch: 5 | loss: 0.2956789
	speed: 0.0150s/iter; left time: 518.9690s
	iters: 1800, epoch: 5 | loss: 0.4336771
	speed: 0.0145s/iter; left time: 499.3042s
	iters: 1900, epoch: 5 | loss: 0.3214761
	speed: 0.0147s/iter; left time: 507.3008s
	iters: 2000, epoch: 5 | loss: 0.5776804
	speed: 0.0148s/iter; left time: 508.9764s
	iters: 2100, epoch: 5 | loss: 0.5116028
	speed: 0.0142s/iter; left time: 487.1952s
	iters: 2200, epoch: 5 | loss: 2.2198777
	speed: 0.0143s/iter; left time: 487.9451s
Epoch: 5 cost time: 33.043649673461914
Epoch: 5, Steps: 2272 | Train Loss: 0.5126229 Vali Loss: 0.4410029 Test Loss: 0.1974411
Validation loss decreased (0.452585 --> 0.441003).  Saving model ...
Updating learning rate to 0.0003125
	iters: 100, epoch: 6 | loss: 0.2964639
	speed: 0.0522s/iter; left time: 1773.7503s
	iters: 200, epoch: 6 | loss: 0.5322537
	speed: 0.0146s/iter; left time: 495.6114s
	iters: 300, epoch: 6 | loss: 0.5030727
	speed: 0.0150s/iter; left time: 507.6517s
	iters: 400, epoch: 6 | loss: 0.2409481
	speed: 0.0147s/iter; left time: 495.8845s
	iters: 500, epoch: 6 | loss: 0.2805578
	speed: 0.0146s/iter; left time: 491.5201s
	iters: 600, epoch: 6 | loss: 0.2639541
	speed: 0.0150s/iter; left time: 500.5586s
	iters: 700, epoch: 6 | loss: 3.9293988
	speed: 0.0148s/iter; left time: 494.4772s
	iters: 800, epoch: 6 | loss: 0.6212669
	speed: 0.0148s/iter; left time: 494.1414s
	iters: 900, epoch: 6 | loss: 1.3313779
	speed: 0.0149s/iter; left time: 494.4723s
	iters: 1000, epoch: 6 | loss: 0.4138718
	speed: 0.0145s/iter; left time: 480.2356s
	iters: 1100, epoch: 6 | loss: 0.2921163
	speed: 0.0147s/iter; left time: 483.7238s
	iters: 1200, epoch: 6 | loss: 0.2977674
	speed: 0.0145s/iter; left time: 477.5910s
	iters: 1300, epoch: 6 | loss: 0.2350864
	speed: 0.0146s/iter; left time: 479.8706s
	iters: 1400, epoch: 6 | loss: 1.2841309
	speed: 0.0148s/iter; left time: 483.9121s
	iters: 1500, epoch: 6 | loss: 0.3298365
	speed: 0.0144s/iter; left time: 467.9366s
	iters: 1600, epoch: 6 | loss: 0.3892949
	speed: 0.0144s/iter; left time: 468.7506s
	iters: 1700, epoch: 6 | loss: 0.3645264
	speed: 0.0146s/iter; left time: 472.6632s
	iters: 1800, epoch: 6 | loss: 0.3787943
	speed: 0.0145s/iter; left time: 469.4303s
	iters: 1900, epoch: 6 | loss: 0.4182563
	speed: 0.0145s/iter; left time: 465.7333s
	iters: 2000, epoch: 6 | loss: 0.5235837
	speed: 0.0145s/iter; left time: 463.9944s
	iters: 2100, epoch: 6 | loss: 0.3252314
	speed: 0.0144s/iter; left time: 458.9857s
	iters: 2200, epoch: 6 | loss: 0.4764200
	speed: 0.0139s/iter; left time: 444.4349s
Epoch: 6 cost time: 32.98211169242859
Epoch: 6, Steps: 2272 | Train Loss: 0.4961521 Vali Loss: 0.4284810 Test Loss: 0.1919727
Validation loss decreased (0.441003 --> 0.428481).  Saving model ...
Updating learning rate to 0.00015625
	iters: 100, epoch: 7 | loss: 0.3902482
	speed: 0.0535s/iter; left time: 1696.9763s
	iters: 200, epoch: 7 | loss: 0.4940622
	speed: 0.0145s/iter; left time: 457.0250s
	iters: 300, epoch: 7 | loss: 0.2275934
	speed: 0.0147s/iter; left time: 464.1522s
	iters: 400, epoch: 7 | loss: 9.8779697
	speed: 0.0142s/iter; left time: 446.5957s
	iters: 500, epoch: 7 | loss: 0.4250509
	speed: 0.0142s/iter; left time: 444.6384s
	iters: 600, epoch: 7 | loss: 0.5484102
	speed: 0.0146s/iter; left time: 455.6215s
	iters: 700, epoch: 7 | loss: 0.7301713
	speed: 0.0146s/iter; left time: 455.4980s
	iters: 800, epoch: 7 | loss: 0.4654343
	speed: 0.0145s/iter; left time: 451.1347s
	iters: 900, epoch: 7 | loss: 0.6792743
	speed: 0.0141s/iter; left time: 435.2515s
	iters: 1000, epoch: 7 | loss: 0.4670384
	speed: 0.0147s/iter; left time: 452.0630s
	iters: 1100, epoch: 7 | loss: 0.4032603
	speed: 0.0142s/iter; left time: 435.4009s
	iters: 1200, epoch: 7 | loss: 0.4168503
	speed: 0.0146s/iter; left time: 445.9015s
	iters: 1300, epoch: 7 | loss: 0.2651611
	speed: 0.0145s/iter; left time: 443.7383s
	iters: 1400, epoch: 7 | loss: 0.4820997
	speed: 0.0143s/iter; left time: 433.8347s
	iters: 1500, epoch: 7 | loss: 0.4139372
	speed: 0.0145s/iter; left time: 440.5077s
	iters: 1600, epoch: 7 | loss: 1.3380458
	speed: 0.0145s/iter; left time: 438.5254s
	iters: 1700, epoch: 7 | loss: 0.4962122
	speed: 0.0140s/iter; left time: 422.0925s
	iters: 1800, epoch: 7 | loss: 0.4142411
	speed: 0.0147s/iter; left time: 440.7463s
	iters: 1900, epoch: 7 | loss: 0.3072047
	speed: 0.0146s/iter; left time: 435.2286s
	iters: 2000, epoch: 7 | loss: 0.4747454
	speed: 0.0147s/iter; left time: 439.0339s
	iters: 2100, epoch: 7 | loss: 0.2999123
	speed: 0.0143s/iter; left time: 423.9978s
	iters: 2200, epoch: 7 | loss: 0.3222635
	speed: 0.0144s/iter; left time: 425.3883s
Epoch: 7 cost time: 32.72846436500549
Epoch: 7, Steps: 2272 | Train Loss: 0.4883709 Vali Loss: 0.4293257 Test Loss: 0.1921831
EarlyStopping counter: 1 out of 5
Updating learning rate to 7.8125e-05
	iters: 100, epoch: 8 | loss: 0.2816491
	speed: 0.0528s/iter; left time: 1554.1058s
	iters: 200, epoch: 8 | loss: 0.3712368
	speed: 0.0146s/iter; left time: 428.7528s
	iters: 300, epoch: 8 | loss: 0.5835588
	speed: 0.0147s/iter; left time: 429.2716s
	iters: 400, epoch: 8 | loss: 0.4540797
	speed: 0.0152s/iter; left time: 442.3178s
	iters: 500, epoch: 8 | loss: 0.4119829
	speed: 0.0144s/iter; left time: 417.8223s
	iters: 600, epoch: 8 | loss: 0.7861379
	speed: 0.0149s/iter; left time: 431.4851s
	iters: 700, epoch: 8 | loss: 0.3021220
	speed: 0.0146s/iter; left time: 420.5420s
	iters: 800, epoch: 8 | loss: 0.5091161
	speed: 0.0144s/iter; left time: 414.4629s
	iters: 900, epoch: 8 | loss: 0.3152114
	speed: 0.0148s/iter; left time: 424.5235s
	iters: 1000, epoch: 8 | loss: 0.2524819
	speed: 0.0144s/iter; left time: 411.2663s
	iters: 1100, epoch: 8 | loss: 0.6333416
	speed: 0.0148s/iter; left time: 420.5249s
	iters: 1200, epoch: 8 | loss: 0.2572666
	speed: 0.0143s/iter; left time: 403.8435s
	iters: 1300, epoch: 8 | loss: 0.3319553
	speed: 0.0147s/iter; left time: 416.4065s
	iters: 1400, epoch: 8 | loss: 0.2728489
	speed: 0.0147s/iter; left time: 414.6746s
	iters: 1500, epoch: 8 | loss: 0.4739287
	speed: 0.0149s/iter; left time: 416.3663s
	iters: 1600, epoch: 8 | loss: 0.3939866
	speed: 0.0143s/iter; left time: 399.2873s
	iters: 1700, epoch: 8 | loss: 0.3743086
	speed: 0.0149s/iter; left time: 414.8401s
	iters: 1800, epoch: 8 | loss: 0.4747795
	speed: 0.0144s/iter; left time: 400.1356s
	iters: 1900, epoch: 8 | loss: 0.2616232
	speed: 0.0149s/iter; left time: 410.5703s
	iters: 2000, epoch: 8 | loss: 1.1784365
	speed: 0.0144s/iter; left time: 395.3912s
	iters: 2100, epoch: 8 | loss: 0.4250103
	speed: 0.0143s/iter; left time: 392.4063s
	iters: 2200, epoch: 8 | loss: 0.3325299
	speed: 0.0140s/iter; left time: 383.4463s
Epoch: 8 cost time: 33.00702238082886
Epoch: 8, Steps: 2272 | Train Loss: 0.4844766 Vali Loss: 0.4259814 Test Loss: 0.1899198
Validation loss decreased (0.428481 --> 0.425981).  Saving model ...
Updating learning rate to 3.90625e-05
	iters: 100, epoch: 9 | loss: 0.4047078
	speed: 0.0533s/iter; left time: 1448.8715s
	iters: 200, epoch: 9 | loss: 0.3208411
	speed: 0.0149s/iter; left time: 402.1940s
	iters: 300, epoch: 9 | loss: 1.2839938
	speed: 0.0143s/iter; left time: 385.5255s
	iters: 400, epoch: 9 | loss: 0.4124477
	speed: 0.0151s/iter; left time: 406.9931s
	iters: 500, epoch: 9 | loss: 0.4372064
	speed: 0.0149s/iter; left time: 397.7197s
	iters: 600, epoch: 9 | loss: 0.4966777
	speed: 0.0149s/iter; left time: 397.2421s
	iters: 700, epoch: 9 | loss: 0.5156814
	speed: 0.0146s/iter; left time: 388.0308s
	iters: 800, epoch: 9 | loss: 0.4263175
	speed: 0.0145s/iter; left time: 383.1320s
	iters: 900, epoch: 9 | loss: 1.1586013
	speed: 0.0145s/iter; left time: 382.5392s
	iters: 1000, epoch: 9 | loss: 3.5269005
	speed: 0.0146s/iter; left time: 383.9212s
	iters: 1100, epoch: 9 | loss: 0.3955077
	speed: 0.0146s/iter; left time: 381.8393s
	iters: 1200, epoch: 9 | loss: 0.2320773
	speed: 0.0149s/iter; left time: 388.6237s
	iters: 1300, epoch: 9 | loss: 0.3683181
	speed: 0.0146s/iter; left time: 379.3775s
	iters: 1400, epoch: 9 | loss: 0.3445416
	speed: 0.0146s/iter; left time: 377.5744s
	iters: 1500, epoch: 9 | loss: 0.4944022
	speed: 0.0145s/iter; left time: 372.6840s
	iters: 1600, epoch: 9 | loss: 0.2429708
	speed: 0.0147s/iter; left time: 376.6845s
	iters: 1700, epoch: 9 | loss: 0.3234550
	speed: 0.0149s/iter; left time: 380.3858s
	iters: 1800, epoch: 9 | loss: 0.3788635
	speed: 0.0146s/iter; left time: 371.7006s
	iters: 1900, epoch: 9 | loss: 0.5124816
	speed: 0.0144s/iter; left time: 365.0757s
	iters: 2000, epoch: 9 | loss: 0.2851187
	speed: 0.0147s/iter; left time: 370.9648s
	iters: 2100, epoch: 9 | loss: 1.3122633
	speed: 0.0144s/iter; left time: 362.8221s
	iters: 2200, epoch: 9 | loss: 0.2678716
	speed: 0.0136s/iter; left time: 341.9586s
Epoch: 9 cost time: 33.067766427993774
Epoch: 9, Steps: 2272 | Train Loss: 0.4824414 Vali Loss: 0.4245994 Test Loss: 0.1891571
Validation loss decreased (0.425981 --> 0.424599).  Saving model ...
Updating learning rate to 1.953125e-05
	iters: 100, epoch: 10 | loss: 0.3434708
	speed: 0.0539s/iter; left time: 1341.5561s
	iters: 200, epoch: 10 | loss: 0.3556755
	speed: 0.0142s/iter; left time: 352.3446s
	iters: 300, epoch: 10 | loss: 0.3241127
	speed: 0.0142s/iter; left time: 351.0979s
	iters: 400, epoch: 10 | loss: 0.4918128
	speed: 0.0145s/iter; left time: 356.2550s
	iters: 500, epoch: 10 | loss: 0.2646645
	speed: 0.0144s/iter; left time: 353.8774s
	iters: 600, epoch: 10 | loss: 0.2373134
	speed: 0.0148s/iter; left time: 361.1829s
	iters: 700, epoch: 10 | loss: 0.2880293
	speed: 0.0147s/iter; left time: 356.1392s
	iters: 800, epoch: 10 | loss: 0.3366244
	speed: 0.0143s/iter; left time: 346.0600s
	iters: 900, epoch: 10 | loss: 1.2887412
	speed: 0.0149s/iter; left time: 358.2661s
	iters: 1000, epoch: 10 | loss: 0.3306432
	speed: 0.0148s/iter; left time: 354.9147s
	iters: 1100, epoch: 10 | loss: 0.4301378
	speed: 0.0147s/iter; left time: 351.4131s
	iters: 1200, epoch: 10 | loss: 0.3853287
	speed: 0.0149s/iter; left time: 354.6859s
	iters: 1300, epoch: 10 | loss: 1.2436554
	speed: 0.0148s/iter; left time: 350.5861s
	iters: 1400, epoch: 10 | loss: 0.3084180
	speed: 0.0144s/iter; left time: 340.2506s
	iters: 1500, epoch: 10 | loss: 0.3107894
	speed: 0.0151s/iter; left time: 355.2811s
	iters: 1600, epoch: 10 | loss: 0.2297612
	speed: 0.0147s/iter; left time: 344.7926s
	iters: 1700, epoch: 10 | loss: 0.4002519
	speed: 0.0147s/iter; left time: 342.3530s
	iters: 1800, epoch: 10 | loss: 0.3089841
	speed: 0.0144s/iter; left time: 334.9249s
	iters: 1900, epoch: 10 | loss: 0.5143077
	speed: 0.0147s/iter; left time: 339.6343s
	iters: 2000, epoch: 10 | loss: 0.2751609
	speed: 0.0146s/iter; left time: 336.2229s
	iters: 2100, epoch: 10 | loss: 0.2488586
	speed: 0.0144s/iter; left time: 329.2538s
	iters: 2200, epoch: 10 | loss: 0.2515570
	speed: 0.0129s/iter; left time: 293.7595s
Epoch: 10 cost time: 32.87210488319397
Epoch: 10, Steps: 2272 | Train Loss: 0.4815465 Vali Loss: 0.4241884 Test Loss: 0.1888089
Validation loss decreased (0.424599 --> 0.424188).  Saving model ...
Updating learning rate to 9.765625e-06
	iters: 100, epoch: 11 | loss: 0.2795249
	speed: 0.0528s/iter; left time: 1193.4067s
	iters: 200, epoch: 11 | loss: 0.3331205
	speed: 0.0146s/iter; left time: 328.8505s
	iters: 300, epoch: 11 | loss: 2.1020267
	speed: 0.0144s/iter; left time: 323.6966s
	iters: 400, epoch: 11 | loss: 0.3778078
	speed: 0.0146s/iter; left time: 326.2696s
	iters: 500, epoch: 11 | loss: 0.4148451
	speed: 0.0145s/iter; left time: 322.5119s
	iters: 600, epoch: 11 | loss: 0.3791896
	speed: 0.0149s/iter; left time: 329.0886s
	iters: 700, epoch: 11 | loss: 1.3098679
	speed: 0.0149s/iter; left time: 327.0334s
	iters: 800, epoch: 11 | loss: 0.7346296
	speed: 0.0145s/iter; left time: 318.2363s
	iters: 900, epoch: 11 | loss: 0.2740818
	speed: 0.0145s/iter; left time: 316.2282s
	iters: 1000, epoch: 11 | loss: 0.4496408
	speed: 0.0143s/iter; left time: 310.5504s
	iters: 1100, epoch: 11 | loss: 1.5315591
	speed: 0.0145s/iter; left time: 314.2930s
	iters: 1200, epoch: 11 | loss: 0.3010066
	speed: 0.0147s/iter; left time: 315.5009s
	iters: 1300, epoch: 11 | loss: 0.2255179
	speed: 0.0146s/iter; left time: 311.9763s
	iters: 1400, epoch: 11 | loss: 1.3327838
	speed: 0.0147s/iter; left time: 313.6631s
	iters: 1500, epoch: 11 | loss: 0.3643566
	speed: 0.0148s/iter; left time: 314.0596s
	iters: 1600, epoch: 11 | loss: 1.3035266
	speed: 0.0145s/iter; left time: 305.4619s
	iters: 1700, epoch: 11 | loss: 0.3532110
	speed: 0.0147s/iter; left time: 308.2192s
	iters: 1800, epoch: 11 | loss: 0.3996041
	speed: 0.0148s/iter; left time: 308.5929s
	iters: 1900, epoch: 11 | loss: 0.6783683
	speed: 0.0148s/iter; left time: 308.1375s
	iters: 2000, epoch: 11 | loss: 0.3122245
	speed: 0.0143s/iter; left time: 297.2508s
	iters: 2100, epoch: 11 | loss: 0.9153869
	speed: 0.0144s/iter; left time: 296.7063s
	iters: 2200, epoch: 11 | loss: 1.8268030
	speed: 0.0133s/iter; left time: 272.3815s
Epoch: 11 cost time: 32.841227293014526
Epoch: 11, Steps: 2272 | Train Loss: 0.4809816 Vali Loss: 0.4230427 Test Loss: 0.1877315
Validation loss decreased (0.424188 --> 0.423043).  Saving model ...
Updating learning rate to 4.8828125e-06
	iters: 100, epoch: 12 | loss: 0.2988032
	speed: 0.0536s/iter; left time: 1090.4484s
	iters: 200, epoch: 12 | loss: 0.3921568
	speed: 0.0144s/iter; left time: 291.6666s
	iters: 300, epoch: 12 | loss: 0.5767558
	speed: 0.0146s/iter; left time: 294.2147s
	iters: 400, epoch: 12 | loss: 0.2541316
	speed: 0.0150s/iter; left time: 301.6797s
	iters: 500, epoch: 12 | loss: 0.2964372
	speed: 0.0149s/iter; left time: 297.3290s
	iters: 600, epoch: 12 | loss: 0.3649473
	speed: 0.0146s/iter; left time: 289.1417s
	iters: 700, epoch: 12 | loss: 0.2315778
	speed: 0.0142s/iter; left time: 280.2682s
	iters: 800, epoch: 12 | loss: 1.0221655
	speed: 0.0141s/iter; left time: 277.4834s
	iters: 900, epoch: 12 | loss: 0.5088978
	speed: 0.0142s/iter; left time: 278.0544s
	iters: 1000, epoch: 12 | loss: 0.4715110
	speed: 0.0144s/iter; left time: 279.8423s
	iters: 1100, epoch: 12 | loss: 0.3335627
	speed: 0.0152s/iter; left time: 293.5024s
	iters: 1200, epoch: 12 | loss: 0.3485908
	speed: 0.0143s/iter; left time: 275.3197s
	iters: 1300, epoch: 12 | loss: 0.3151013
	speed: 0.0143s/iter; left time: 273.4906s
	iters: 1400, epoch: 12 | loss: 1.2584960
	speed: 0.0148s/iter; left time: 282.0547s
	iters: 1500, epoch: 12 | loss: 0.5536994
	speed: 0.0149s/iter; left time: 281.8782s
	iters: 1600, epoch: 12 | loss: 1.6983650
	speed: 0.0150s/iter; left time: 283.6609s
	iters: 1700, epoch: 12 | loss: 0.4873951
	speed: 0.0147s/iter; left time: 274.8826s
	iters: 1800, epoch: 12 | loss: 0.4596708
	speed: 0.0149s/iter; left time: 278.4684s
	iters: 1900, epoch: 12 | loss: 0.2797342
	speed: 0.0146s/iter; left time: 270.1064s
	iters: 2000, epoch: 12 | loss: 9.6135597
	speed: 0.0145s/iter; left time: 267.2810s
	iters: 2100, epoch: 12 | loss: 0.2799790
	speed: 0.0139s/iter; left time: 254.3649s
	iters: 2200, epoch: 12 | loss: 1.2709913
	speed: 0.0128s/iter; left time: 234.4124s
Epoch: 12 cost time: 32.782001972198486
Epoch: 12, Steps: 2272 | Train Loss: 0.4807352 Vali Loss: 0.4238219 Test Loss: 0.1887269
EarlyStopping counter: 1 out of 5
Updating learning rate to 2.44140625e-06
	iters: 100, epoch: 13 | loss: 0.8159923
	speed: 0.0545s/iter; left time: 984.3349s
	iters: 200, epoch: 13 | loss: 0.2692706
	speed: 0.0149s/iter; left time: 267.4347s
	iters: 300, epoch: 13 | loss: 0.2884040
	speed: 0.0145s/iter; left time: 259.5022s
	iters: 400, epoch: 13 | loss: 1.3490397
	speed: 0.0144s/iter; left time: 256.5893s
	iters: 500, epoch: 13 | loss: 0.4558285
	speed: 0.0148s/iter; left time: 261.9675s
	iters: 600, epoch: 13 | loss: 16.5705013
	speed: 0.0148s/iter; left time: 259.4319s
	iters: 700, epoch: 13 | loss: 0.5311686
	speed: 0.0147s/iter; left time: 256.7313s
	iters: 800, epoch: 13 | loss: 0.3428456
	speed: 0.0147s/iter; left time: 255.1693s
	iters: 900, epoch: 13 | loss: 0.4562524
	speed: 0.0143s/iter; left time: 246.6735s
	iters: 1000, epoch: 13 | loss: 1.2169656
	speed: 0.0146s/iter; left time: 250.6263s
	iters: 1100, epoch: 13 | loss: 0.3136547
	speed: 0.0145s/iter; left time: 247.2774s
	iters: 1200, epoch: 13 | loss: 0.3368279
	speed: 0.0148s/iter; left time: 251.9830s
	iters: 1300, epoch: 13 | loss: 0.3815604
	speed: 0.0147s/iter; left time: 247.2807s
	iters: 1400, epoch: 13 | loss: 0.2000807
	speed: 0.0145s/iter; left time: 243.8801s
	iters: 1500, epoch: 13 | loss: 0.5432833
	speed: 0.0149s/iter; left time: 249.0591s
	iters: 1600, epoch: 13 | loss: 0.3718029
	speed: 0.0147s/iter; left time: 242.9675s
	iters: 1700, epoch: 13 | loss: 0.3305745
	speed: 0.0147s/iter; left time: 242.5870s
	iters: 1800, epoch: 13 | loss: 0.3351848
	speed: 0.0146s/iter; left time: 238.7339s
	iters: 1900, epoch: 13 | loss: 0.2830484
	speed: 0.0145s/iter; left time: 236.1466s
	iters: 2000, epoch: 13 | loss: 0.5129882
	speed: 0.0148s/iter; left time: 239.2478s
	iters: 2100, epoch: 13 | loss: 0.2228660
	speed: 0.0138s/iter; left time: 221.9038s
	iters: 2200, epoch: 13 | loss: 0.4444928
	speed: 0.0127s/iter; left time: 202.4178s
Epoch: 13 cost time: 32.82108163833618
Epoch: 13, Steps: 2272 | Train Loss: 0.4805881 Vali Loss: 0.4231055 Test Loss: 0.1880244
EarlyStopping counter: 2 out of 5
Updating learning rate to 1.220703125e-06
	iters: 100, epoch: 14 | loss: 0.5438932
	speed: 0.0516s/iter; left time: 816.0478s
	iters: 200, epoch: 14 | loss: 0.4424058
	speed: 0.0130s/iter; left time: 203.4661s
	iters: 300, epoch: 14 | loss: 0.2562296
	speed: 0.0137s/iter; left time: 213.3764s
	iters: 400, epoch: 14 | loss: 0.4169698
	speed: 0.0144s/iter; left time: 222.9274s
	iters: 500, epoch: 14 | loss: 0.3204544
	speed: 0.0145s/iter; left time: 223.4251s
	iters: 600, epoch: 14 | loss: 0.4292756
	speed: 0.0121s/iter; left time: 184.9221s
	iters: 700, epoch: 14 | loss: 1.2959409
	speed: 0.0131s/iter; left time: 198.6568s
	iters: 800, epoch: 14 | loss: 0.4029227
	speed: 0.0130s/iter; left time: 196.3000s
	iters: 900, epoch: 14 | loss: 0.3933829
	speed: 0.0114s/iter; left time: 171.1711s
	iters: 1000, epoch: 14 | loss: 0.3928489
	speed: 0.0115s/iter; left time: 170.6662s
	iters: 1100, epoch: 14 | loss: 0.4014391
	speed: 0.0115s/iter; left time: 170.9541s
	iters: 1200, epoch: 14 | loss: 0.2874908
	speed: 0.0129s/iter; left time: 189.0656s
	iters: 1300, epoch: 14 | loss: 0.2650202
	speed: 0.0129s/iter; left time: 189.1050s
	iters: 1400, epoch: 14 | loss: 0.3403742
	speed: 0.0123s/iter; left time: 178.8508s
	iters: 1500, epoch: 14 | loss: 0.3677037
	speed: 0.0122s/iter; left time: 175.9682s
	iters: 1600, epoch: 14 | loss: 0.3361718
	speed: 0.0122s/iter; left time: 174.0369s
	iters: 1700, epoch: 14 | loss: 0.3003804
	speed: 0.0124s/iter; left time: 176.1462s
	iters: 1800, epoch: 14 | loss: 0.3434120
	speed: 0.0120s/iter; left time: 169.6525s
	iters: 1900, epoch: 14 | loss: 0.3772957
	speed: 0.0114s/iter; left time: 159.2395s
	iters: 2000, epoch: 14 | loss: 0.4067924
	speed: 0.0128s/iter; left time: 178.3506s
	iters: 2100, epoch: 14 | loss: 0.5451854
	speed: 0.0118s/iter; left time: 162.6534s
	iters: 2200, epoch: 14 | loss: 0.3851591
	speed: 0.0108s/iter; left time: 148.1079s
Epoch: 14 cost time: 28.40350317955017
Epoch: 14, Steps: 2272 | Train Loss: 0.4804260 Vali Loss: 0.4232245 Test Loss: 0.1881101
EarlyStopping counter: 3 out of 5
Updating learning rate to 6.103515625e-07
	iters: 100, epoch: 15 | loss: 0.2950595
	speed: 0.0503s/iter; left time: 680.4221s
	iters: 200, epoch: 15 | loss: 0.2812088
	speed: 0.0114s/iter; left time: 153.3701s
	iters: 300, epoch: 15 | loss: 0.3175244
	speed: 0.0123s/iter; left time: 164.1392s
	iters: 400, epoch: 15 | loss: 0.3002771
	speed: 0.0132s/iter; left time: 174.7522s
	iters: 500, epoch: 15 | loss: 0.4493804
	speed: 0.0113s/iter; left time: 147.9722s
	iters: 600, epoch: 15 | loss: 0.2884288
	speed: 0.0109s/iter; left time: 142.1500s
	iters: 700, epoch: 15 | loss: 0.4937501
	speed: 0.0113s/iter; left time: 146.5623s
	iters: 800, epoch: 15 | loss: 0.2742842
	speed: 0.0126s/iter; left time: 161.6187s
	iters: 900, epoch: 15 | loss: 1.2778240
	speed: 0.0128s/iter; left time: 162.8237s
	iters: 1000, epoch: 15 | loss: 0.3256359
	speed: 0.0109s/iter; left time: 137.6609s
	iters: 1100, epoch: 15 | loss: 0.4619936
	speed: 0.0109s/iter; left time: 137.0590s
	iters: 1200, epoch: 15 | loss: 1.2743073
	speed: 0.0120s/iter; left time: 148.8460s
	iters: 1300, epoch: 15 | loss: 0.2994278
	speed: 0.0123s/iter; left time: 151.4533s
	iters: 1400, epoch: 15 | loss: 0.2837374
	speed: 0.0128s/iter; left time: 156.0347s
	iters: 1500, epoch: 15 | loss: 0.3327867
	speed: 0.0115s/iter; left time: 139.9018s
	iters: 1600, epoch: 15 | loss: 0.3363935
	speed: 0.0110s/iter; left time: 132.4520s
	iters: 1700, epoch: 15 | loss: 0.5343672
	speed: 0.0123s/iter; left time: 147.2328s
	iters: 1800, epoch: 15 | loss: 0.3683641
	speed: 0.0128s/iter; left time: 151.4355s
	iters: 1900, epoch: 15 | loss: 0.3722567
	speed: 0.0125s/iter; left time: 146.5794s
	iters: 2000, epoch: 15 | loss: 0.4129278
	speed: 0.0115s/iter; left time: 134.2723s
	iters: 2100, epoch: 15 | loss: 0.4256907
	speed: 0.0110s/iter; left time: 127.4033s
	iters: 2200, epoch: 15 | loss: 0.2922325
	speed: 0.0123s/iter; left time: 141.1139s
Epoch: 15 cost time: 27.102962970733643
Epoch: 15, Steps: 2272 | Train Loss: 0.4804248 Vali Loss: 0.4228909 Test Loss: 0.1881532
Validation loss decreased (0.423043 --> 0.422891).  Saving model ...
Updating learning rate to 3.0517578125e-07
	iters: 100, epoch: 16 | loss: 1.3338987
	speed: 0.0453s/iter; left time: 509.7149s
	iters: 200, epoch: 16 | loss: 0.4949343
	speed: 0.0125s/iter; left time: 139.4889s
	iters: 300, epoch: 16 | loss: 0.5399207
	speed: 0.0116s/iter; left time: 128.4818s
	iters: 400, epoch: 16 | loss: 0.3492227
	speed: 0.0113s/iter; left time: 123.3382s
	iters: 500, epoch: 16 | loss: 0.2508266
	speed: 0.0117s/iter; left time: 127.3765s
	iters: 600, epoch: 16 | loss: 0.5541531
	speed: 0.0122s/iter; left time: 130.7538s
	iters: 700, epoch: 16 | loss: 0.2397685
	speed: 0.0126s/iter; left time: 134.8134s
	iters: 800, epoch: 16 | loss: 0.4846627
	speed: 0.0126s/iter; left time: 132.8868s
	iters: 900, epoch: 16 | loss: 0.3623340
	speed: 0.0103s/iter; left time: 107.8535s
	iters: 1000, epoch: 16 | loss: 0.3184466
	speed: 0.0102s/iter; left time: 105.8021s
	iters: 1100, epoch: 16 | loss: 0.3182189
	speed: 0.0101s/iter; left time: 103.4517s
	iters: 1200, epoch: 16 | loss: 0.3967744
	speed: 0.0102s/iter; left time: 104.0980s
	iters: 1300, epoch: 16 | loss: 0.2340603
	speed: 0.0102s/iter; left time: 102.3198s
	iters: 1400, epoch: 16 | loss: 0.5528314
	speed: 0.0119s/iter; left time: 118.8572s
	iters: 1500, epoch: 16 | loss: 0.5129706
	speed: 0.0113s/iter; left time: 111.3056s
	iters: 1600, epoch: 16 | loss: 0.2164270
	speed: 0.0124s/iter; left time: 121.1655s
	iters: 1700, epoch: 16 | loss: 0.3436638
	speed: 0.0112s/iter; left time: 108.3233s
	iters: 1800, epoch: 16 | loss: 0.3520205
	speed: 0.0115s/iter; left time: 110.3559s
	iters: 1900, epoch: 16 | loss: 0.2448325
	speed: 0.0128s/iter; left time: 121.2730s
	iters: 2000, epoch: 16 | loss: 0.4073932
	speed: 0.0123s/iter; left time: 114.8823s
	iters: 2100, epoch: 16 | loss: 0.2983070
	speed: 0.0123s/iter; left time: 113.7169s
	iters: 2200, epoch: 16 | loss: 0.4467782
	speed: 0.0122s/iter; left time: 112.1956s
Epoch: 16 cost time: 26.40352773666382
Epoch: 16, Steps: 2272 | Train Loss: 0.4804388 Vali Loss: 0.4236323 Test Loss: 0.1881938
EarlyStopping counter: 1 out of 5
Updating learning rate to 1.52587890625e-07
	iters: 100, epoch: 17 | loss: 0.2994738
	speed: 0.0496s/iter; left time: 445.8006s
	iters: 200, epoch: 17 | loss: 0.2412688
	speed: 0.0126s/iter; left time: 111.7087s
	iters: 300, epoch: 17 | loss: 1.3399106
	speed: 0.0126s/iter; left time: 111.1091s
	iters: 400, epoch: 17 | loss: 0.3806506
	speed: 0.0131s/iter; left time: 113.6590s
	iters: 500, epoch: 17 | loss: 0.3351171
	speed: 0.0119s/iter; left time: 101.8374s
	iters: 600, epoch: 17 | loss: 0.2940665
	speed: 0.0105s/iter; left time: 88.7722s
	iters: 700, epoch: 17 | loss: 0.3549931
	speed: 0.0099s/iter; left time: 83.1505s
	iters: 800, epoch: 17 | loss: 0.3487954
	speed: 0.0105s/iter; left time: 86.7895s
	iters: 900, epoch: 17 | loss: 0.3631090
	speed: 0.0105s/iter; left time: 85.9057s
	iters: 1000, epoch: 17 | loss: 3.4953737
	speed: 0.0124s/iter; left time: 100.5707s
	iters: 1100, epoch: 17 | loss: 0.2719759
	speed: 0.0123s/iter; left time: 97.9683s
	iters: 1200, epoch: 17 | loss: 0.3887638
	speed: 0.0100s/iter; left time: 78.6701s
	iters: 1300, epoch: 17 | loss: 0.3930508
	speed: 0.0101s/iter; left time: 78.2996s
	iters: 1400, epoch: 17 | loss: 0.3506061
	speed: 0.0129s/iter; left time: 99.2499s
	iters: 1500, epoch: 17 | loss: 0.4067560
	speed: 0.0122s/iter; left time: 92.7232s
	iters: 1600, epoch: 17 | loss: 0.3327556
	speed: 0.0106s/iter; left time: 79.1815s
	iters: 1700, epoch: 17 | loss: 0.3592102
	speed: 0.0103s/iter; left time: 76.0480s
	iters: 1800, epoch: 17 | loss: 1.2954071
	speed: 0.0114s/iter; left time: 83.1720s
	iters: 1900, epoch: 17 | loss: 0.3679489
	speed: 0.0111s/iter; left time: 79.8548s
	iters: 2000, epoch: 17 | loss: 0.4329934
	speed: 0.0131s/iter; left time: 92.9939s
	iters: 2100, epoch: 17 | loss: 0.2961400
	speed: 0.0124s/iter; left time: 86.4044s
	iters: 2200, epoch: 17 | loss: 0.3286744
	speed: 0.0110s/iter; left time: 76.0275s
Epoch: 17 cost time: 26.163239002227783
Epoch: 17, Steps: 2272 | Train Loss: 0.4804561 Vali Loss: 0.4230934 Test Loss: 0.1882107
EarlyStopping counter: 2 out of 5
Updating learning rate to 7.62939453125e-08
	iters: 100, epoch: 18 | loss: 0.4000741
	speed: 0.0494s/iter; left time: 331.5484s
	iters: 200, epoch: 18 | loss: 0.4744110
	speed: 0.0115s/iter; left time: 76.0794s
	iters: 300, epoch: 18 | loss: 1.2646266
	speed: 0.0113s/iter; left time: 73.3999s
	iters: 400, epoch: 18 | loss: 0.5323246
	speed: 0.0111s/iter; left time: 71.3391s
	iters: 500, epoch: 18 | loss: 0.3084167
	speed: 0.0118s/iter; left time: 74.8053s
	iters: 600, epoch: 18 | loss: 1.2413359
	speed: 0.0120s/iter; left time: 74.4349s
	iters: 700, epoch: 18 | loss: 0.2781213
	speed: 0.0120s/iter; left time: 73.4847s
	iters: 800, epoch: 18 | loss: 0.4173214
	speed: 0.0121s/iter; left time: 73.0344s
	iters: 900, epoch: 18 | loss: 0.2988870
	speed: 0.0127s/iter; left time: 75.0295s
	iters: 1000, epoch: 18 | loss: 0.5124062
	speed: 0.0127s/iter; left time: 73.7425s
	iters: 1100, epoch: 18 | loss: 0.5096662
	speed: 0.0127s/iter; left time: 72.5350s
	iters: 1200, epoch: 18 | loss: 0.3562429
	speed: 0.0124s/iter; left time: 69.8572s
	iters: 1300, epoch: 18 | loss: 0.3335768
	speed: 0.0124s/iter; left time: 68.1447s
	iters: 1400, epoch: 18 | loss: 1.3461016
	speed: 0.0123s/iter; left time: 66.8858s
	iters: 1500, epoch: 18 | loss: 0.4232938
	speed: 0.0123s/iter; left time: 65.6506s
	iters: 1600, epoch: 18 | loss: 0.3308035
	speed: 0.0123s/iter; left time: 64.3391s
	iters: 1700, epoch: 18 | loss: 0.3967355
	speed: 0.0108s/iter; left time: 55.2385s
	iters: 1800, epoch: 18 | loss: 1.3876708
	speed: 0.0108s/iter; left time: 54.1196s
	iters: 1900, epoch: 18 | loss: 0.2694699
	speed: 0.0109s/iter; left time: 53.6314s
	iters: 2000, epoch: 18 | loss: 0.2791064
	speed: 0.0106s/iter; left time: 50.8774s
	iters: 2100, epoch: 18 | loss: 1.4201671
	speed: 0.0106s/iter; left time: 50.2224s
	iters: 2200, epoch: 18 | loss: 0.3303618
	speed: 0.0105s/iter; left time: 48.4571s
Epoch: 18 cost time: 26.589959383010864
Epoch: 18, Steps: 2272 | Train Loss: 0.4804485 Vali Loss: 0.4234963 Test Loss: 0.1882138
EarlyStopping counter: 3 out of 5
Updating learning rate to 3.814697265625e-08
	iters: 100, epoch: 19 | loss: 0.4665259
	speed: 0.0476s/iter; left time: 211.5057s
	iters: 200, epoch: 19 | loss: 0.5518150
	speed: 0.0119s/iter; left time: 51.6089s
	iters: 300, epoch: 19 | loss: 1.2358301
	speed: 0.0119s/iter; left time: 50.4838s
	iters: 400, epoch: 19 | loss: 0.2986503
	speed: 0.0119s/iter; left time: 49.4192s
	iters: 500, epoch: 19 | loss: 0.2654178
	speed: 0.0125s/iter; left time: 50.6610s
	iters: 600, epoch: 19 | loss: 0.4825519
	speed: 0.0128s/iter; left time: 50.5981s
	iters: 700, epoch: 19 | loss: 0.4423775
	speed: 0.0122s/iter; left time: 47.0355s
	iters: 800, epoch: 19 | loss: 0.3937994
	speed: 0.0122s/iter; left time: 45.5693s
	iters: 900, epoch: 19 | loss: 0.3531302
	speed: 0.0119s/iter; left time: 43.4225s
	iters: 1000, epoch: 19 | loss: 1.2263459
	speed: 0.0111s/iter; left time: 39.3442s
	iters: 1100, epoch: 19 | loss: 0.3046156
	speed: 0.0108s/iter; left time: 37.3167s
	iters: 1200, epoch: 19 | loss: 0.3355355
	speed: 0.0108s/iter; left time: 36.2504s
	iters: 1300, epoch: 19 | loss: 0.2996575
	speed: 0.0106s/iter; left time: 34.5258s
	iters: 1400, epoch: 19 | loss: 0.5871060
	speed: 0.0108s/iter; left time: 34.0312s
	iters: 1500, epoch: 19 | loss: 0.4397717
	speed: 0.0108s/iter; left time: 32.9542s
	iters: 1600, epoch: 19 | loss: 0.4356784
	speed: 0.0108s/iter; left time: 31.8419s
	iters: 1700, epoch: 19 | loss: 0.3338647
	speed: 0.0109s/iter; left time: 30.8877s
	iters: 1800, epoch: 19 | loss: 0.3830367
	speed: 0.0108s/iter; left time: 29.5930s
	iters: 1900, epoch: 19 | loss: 0.2443438
	speed: 0.0107s/iter; left time: 28.2366s
	iters: 2000, epoch: 19 | loss: 0.2689426
	speed: 0.0119s/iter; left time: 30.1649s
	iters: 2100, epoch: 19 | loss: 0.2708500
	speed: 0.0109s/iter; left time: 26.5578s
	iters: 2200, epoch: 19 | loss: 0.5367906
	speed: 0.0112s/iter; left time: 26.2932s
Epoch: 19 cost time: 25.925389528274536
Epoch: 19, Steps: 2272 | Train Loss: 0.4804067 Vali Loss: 0.4237986 Test Loss: 0.1882163
EarlyStopping counter: 4 out of 5
Updating learning rate to 1.9073486328125e-08
	iters: 100, epoch: 20 | loss: 0.3190566
	speed: 0.0441s/iter; left time: 95.9159s
	iters: 200, epoch: 20 | loss: 0.4331691
	speed: 0.0108s/iter; left time: 22.3829s
	iters: 300, epoch: 20 | loss: 0.3708689
	speed: 0.0104s/iter; left time: 20.4608s
	iters: 400, epoch: 20 | loss: 0.3039852
	speed: 0.0108s/iter; left time: 20.2422s
	iters: 500, epoch: 20 | loss: 0.2636681
	speed: 0.0105s/iter; left time: 18.6563s
	iters: 600, epoch: 20 | loss: 0.3073464
	speed: 0.0106s/iter; left time: 17.7130s
	iters: 700, epoch: 20 | loss: 0.3927989
	speed: 0.0106s/iter; left time: 16.6296s
	iters: 800, epoch: 20 | loss: 0.5229785
	speed: 0.0111s/iter; left time: 16.3392s
	iters: 900, epoch: 20 | loss: 0.4256539
	speed: 0.0111s/iter; left time: 15.2162s
	iters: 1000, epoch: 20 | loss: 0.5033317
	speed: 0.0111s/iter; left time: 14.1269s
	iters: 1100, epoch: 20 | loss: 0.2331063
	speed: 0.0111s/iter; left time: 13.0642s
	iters: 1200, epoch: 20 | loss: 0.3455182
	speed: 0.0111s/iter; left time: 11.8847s
	iters: 1300, epoch: 20 | loss: 0.4443736
	speed: 0.0110s/iter; left time: 10.7486s
	iters: 1400, epoch: 20 | loss: 0.2838515
	speed: 0.0111s/iter; left time: 9.6531s
	iters: 1500, epoch: 20 | loss: 0.4835369
	speed: 0.0111s/iter; left time: 8.5473s
	iters: 1600, epoch: 20 | loss: 0.2736817
	speed: 0.0110s/iter; left time: 7.4214s
	iters: 1700, epoch: 20 | loss: 0.4728211
	speed: 0.0107s/iter; left time: 6.1460s
	iters: 1800, epoch: 20 | loss: 0.3077459
	speed: 0.0099s/iter; left time: 4.6976s
	iters: 1900, epoch: 20 | loss: 0.4289241
	speed: 0.0099s/iter; left time: 3.7046s
	iters: 2000, epoch: 20 | loss: 0.4436703
	speed: 0.0099s/iter; left time: 2.6964s
	iters: 2100, epoch: 20 | loss: 0.4982169
	speed: 0.0099s/iter; left time: 1.7060s
	iters: 2200, epoch: 20 | loss: 0.3484118
	speed: 0.0097s/iter; left time: 0.7101s
Epoch: 20 cost time: 24.175665140151978
Epoch: 20, Steps: 2272 | Train Loss: 0.4804133 Vali Loss: 0.4236391 Test Loss: 0.1882168
EarlyStopping counter: 5 out of 5
Early stopping
>>>>>>>testing : weather_336_192_Linear_custom_ftM_sl336_ll48_pl192_dm512_nh8_el2_dl1_df2048_fc1_ebtimeF_dtTrue_Exp_0_seed15227<<<<<<<<<<<<<<<<<<<<<<<<<<<<<<<<<
test 10348
mse:0.1882018893957138, mae:0.2558959722518921
