Args in experiment:
Namespace(activation='gelu', batch_size=16, c_out=7, checkpoints='./checkpoints/', d_ff=2048, d_layers=1, d_model=512, data='custom', data_path='weather.csv', dec_in=7, des='Exp', devices='0,1,2,3', distil=True, do_predict=False, dropout=0.05, e_layers=2, embed='timeF', embed_type=0, enc_in=21, factor=1, features='M', freq='h', gpu=0, individual=True, is_training=1, itr=1, label_len=48, learning_rate=0.005, loss='mse', lradj='type1', model='Linear', model_id='weather_336_192', moving_avg=25, n_heads=8, num_workers=0, output_attention=False, patience=5, pred_len=192, root_path='./dataset/', save_pred_values=False, seed=28649, seq_len=336, target='OT', test_flop=False, train_epochs=20, train_only=False, use_amp=False, use_gpu=False, use_multi_gpu=False)
Use CPU
>>>>>>>start training : weather_336_192_Linear_custom_ftM_sl336_ll48_pl192_dm512_nh8_el2_dl1_df2048_fc1_ebtimeF_dtTrue_Exp_0_seed28649>>>>>>>>>>>>>>>>>>>>>>>>>>
train 36360
val 5079
test 10348
	iters: 100, epoch: 1 | loss: 1.3420247
	speed: 0.0146s/iter; left time: 663.0650s
	iters: 200, epoch: 1 | loss: 0.5707045
	speed: 0.0141s/iter; left time: 640.0142s
	iters: 300, epoch: 1 | loss: 1.0358695
	speed: 0.0145s/iter; left time: 654.8060s
	iters: 400, epoch: 1 | loss: 0.3824629
	speed: 0.0149s/iter; left time: 669.1635s
	iters: 500, epoch: 1 | loss: 1.3821466
	speed: 0.0150s/iter; left time: 674.4448s
	iters: 600, epoch: 1 | loss: 0.5504869
	speed: 0.0140s/iter; left time: 627.6586s
	iters: 700, epoch: 1 | loss: 0.4627873
	speed: 0.0148s/iter; left time: 662.6887s
	iters: 800, epoch: 1 | loss: 0.4137900
	speed: 0.0144s/iter; left time: 644.6674s
	iters: 900, epoch: 1 | loss: 0.4031147
	speed: 0.0146s/iter; left time: 652.4289s
	iters: 1000, epoch: 1 | loss: 0.5019660
	speed: 0.0143s/iter; left time: 636.3490s
	iters: 1100, epoch: 1 | loss: 0.4081207
	speed: 0.0145s/iter; left time: 641.4302s
	iters: 1200, epoch: 1 | loss: 4.4454756
	speed: 0.0148s/iter; left time: 656.1802s
	iters: 1300, epoch: 1 | loss: 0.6387519
	speed: 0.0146s/iter; left time: 642.9490s
	iters: 1400, epoch: 1 | loss: 0.4917408
	speed: 0.0146s/iter; left time: 643.2489s
	iters: 1500, epoch: 1 | loss: 0.4835166
	speed: 0.0150s/iter; left time: 658.9625s
	iters: 1600, epoch: 1 | loss: 0.5835084
	speed: 0.0145s/iter; left time: 635.5469s
	iters: 1700, epoch: 1 | loss: 0.6063861
	speed: 0.0148s/iter; left time: 648.6427s
	iters: 1800, epoch: 1 | loss: 0.5345374
	speed: 0.0144s/iter; left time: 626.9496s
	iters: 1900, epoch: 1 | loss: 0.5160254
	speed: 0.0146s/iter; left time: 637.2950s
	iters: 2000, epoch: 1 | loss: 0.4378697
	speed: 0.0147s/iter; left time: 638.0885s
	iters: 2100, epoch: 1 | loss: 0.4570434
	speed: 0.0147s/iter; left time: 638.4947s
	iters: 2200, epoch: 1 | loss: 14.0799170
	speed: 0.0148s/iter; left time: 640.5521s
Epoch: 1 cost time: 33.16067028045654
Epoch: 1, Steps: 2272 | Train Loss: 1.2591584 Vali Loss: 0.6094650 Test Loss: 0.2883163
Validation loss decreased (inf --> 0.609465).  Saving model ...
Updating learning rate to 0.005
	iters: 100, epoch: 2 | loss: 0.5858400
	speed: 0.0530s/iter; left time: 2280.7737s
	iters: 200, epoch: 2 | loss: 1.6984687
	speed: 0.0144s/iter; left time: 619.7974s
	iters: 300, epoch: 2 | loss: 0.4416354
	speed: 0.0147s/iter; left time: 631.3041s
	iters: 400, epoch: 2 | loss: 0.4177734
	speed: 0.0147s/iter; left time: 630.2864s
	iters: 500, epoch: 2 | loss: 0.3530757
	speed: 0.0144s/iter; left time: 615.4176s
	iters: 600, epoch: 2 | loss: 0.3553772
	speed: 0.0148s/iter; left time: 628.3242s
	iters: 700, epoch: 2 | loss: 1.2265507
	speed: 0.0145s/iter; left time: 616.3346s
	iters: 800, epoch: 2 | loss: 0.5590172
	speed: 0.0150s/iter; left time: 635.4414s
	iters: 900, epoch: 2 | loss: 0.5257417
	speed: 0.0148s/iter; left time: 625.3731s
	iters: 1000, epoch: 2 | loss: 0.6481153
	speed: 0.0146s/iter; left time: 616.8129s
	iters: 1100, epoch: 2 | loss: 0.4504865
	speed: 0.0144s/iter; left time: 603.7587s
	iters: 1200, epoch: 2 | loss: 2.2131875
	speed: 0.0145s/iter; left time: 606.7766s
	iters: 1300, epoch: 2 | loss: 0.4651794
	speed: 0.0146s/iter; left time: 609.4832s
	iters: 1400, epoch: 2 | loss: 0.6568179
	speed: 0.0145s/iter; left time: 605.1090s
	iters: 1500, epoch: 2 | loss: 0.4612786
	speed: 0.0147s/iter; left time: 613.6133s
	iters: 1600, epoch: 2 | loss: 0.6918630
	speed: 0.0145s/iter; left time: 601.1420s
	iters: 1700, epoch: 2 | loss: 3.7547057
	speed: 0.0147s/iter; left time: 608.6748s
	iters: 1800, epoch: 2 | loss: 0.3925065
	speed: 0.0146s/iter; left time: 602.3497s
	iters: 1900, epoch: 2 | loss: 0.4687410
	speed: 0.0147s/iter; left time: 608.3257s
	iters: 2000, epoch: 2 | loss: 0.5468535
	speed: 0.0143s/iter; left time: 588.0297s
	iters: 2100, epoch: 2 | loss: 1.2737480
	speed: 0.0143s/iter; left time: 587.8888s
	iters: 2200, epoch: 2 | loss: 1.7687880
	speed: 0.0148s/iter; left time: 606.8349s
Epoch: 2 cost time: 33.07434034347534
Epoch: 2, Steps: 2272 | Train Loss: 0.9567236 Vali Loss: 0.5911248 Test Loss: 0.2382319
Validation loss decreased (0.609465 --> 0.591125).  Saving model ...
Updating learning rate to 0.0025
	iters: 100, epoch: 3 | loss: 2.1188784
	speed: 0.0528s/iter; left time: 2155.6257s
	iters: 200, epoch: 3 | loss: 0.4292363
	speed: 0.0148s/iter; left time: 601.7473s
	iters: 300, epoch: 3 | loss: 0.3586564
	speed: 0.0145s/iter; left time: 590.3510s
	iters: 400, epoch: 3 | loss: 1.3560286
	speed: 0.0143s/iter; left time: 577.9822s
	iters: 500, epoch: 3 | loss: 0.4510790
	speed: 0.0145s/iter; left time: 586.4721s
	iters: 600, epoch: 3 | loss: 0.3624120
	speed: 0.0149s/iter; left time: 600.0389s
	iters: 700, epoch: 3 | loss: 0.5202820
	speed: 0.0147s/iter; left time: 590.5613s
	iters: 800, epoch: 3 | loss: 1.5097543
	speed: 0.0149s/iter; left time: 597.5756s
	iters: 900, epoch: 3 | loss: 0.3003003
	speed: 0.0143s/iter; left time: 572.8044s
	iters: 1000, epoch: 3 | loss: 0.3345120
	speed: 0.0145s/iter; left time: 578.4528s
	iters: 1100, epoch: 3 | loss: 0.4131622
	speed: 0.0145s/iter; left time: 578.8536s
	iters: 1200, epoch: 3 | loss: 2.2331488
	speed: 0.0145s/iter; left time: 574.1621s
	iters: 1300, epoch: 3 | loss: 0.5270825
	speed: 0.0145s/iter; left time: 573.4123s
	iters: 1400, epoch: 3 | loss: 0.4312472
	speed: 0.0145s/iter; left time: 573.3664s
	iters: 1500, epoch: 3 | loss: 0.3569255
	speed: 0.0145s/iter; left time: 569.7501s
	iters: 1600, epoch: 3 | loss: 0.5273377
	speed: 0.0145s/iter; left time: 571.0913s
	iters: 1700, epoch: 3 | loss: 2.7261209
	speed: 0.0146s/iter; left time: 573.5385s
	iters: 1800, epoch: 3 | loss: 0.3120026
	speed: 0.0144s/iter; left time: 562.2276s
	iters: 1900, epoch: 3 | loss: 0.3721386
	speed: 0.0148s/iter; left time: 579.0084s
	iters: 2000, epoch: 3 | loss: 1.0831035
	speed: 0.0144s/iter; left time: 560.1708s
	iters: 2100, epoch: 3 | loss: 0.6375870
	speed: 0.0147s/iter; left time: 571.0363s
	iters: 2200, epoch: 3 | loss: 0.4139091
	speed: 0.0143s/iter; left time: 553.9719s
Epoch: 3 cost time: 33.0280327796936
Epoch: 3, Steps: 2272 | Train Loss: 0.6857407 Vali Loss: 0.4966343 Test Loss: 0.2173215
Validation loss decreased (0.591125 --> 0.496634).  Saving model ...
Updating learning rate to 0.00125
	iters: 100, epoch: 4 | loss: 0.4205713
	speed: 0.0542s/iter; left time: 2086.4142s
	iters: 200, epoch: 4 | loss: 0.4660958
	speed: 0.0147s/iter; left time: 566.6471s
	iters: 300, epoch: 4 | loss: 0.5869062
	speed: 0.0150s/iter; left time: 575.5378s
	iters: 400, epoch: 4 | loss: 0.3209611
	speed: 0.0147s/iter; left time: 562.9373s
	iters: 500, epoch: 4 | loss: 2.2963984
	speed: 0.0146s/iter; left time: 557.6436s
	iters: 600, epoch: 4 | loss: 0.5261355
	speed: 0.0145s/iter; left time: 549.6852s
	iters: 700, epoch: 4 | loss: 0.3209166
	speed: 0.0144s/iter; left time: 546.0518s
	iters: 800, epoch: 4 | loss: 0.3601776
	speed: 0.0148s/iter; left time: 558.0299s
	iters: 900, epoch: 4 | loss: 0.5209749
	speed: 0.0144s/iter; left time: 544.7088s
	iters: 1000, epoch: 4 | loss: 0.4528176
	speed: 0.0148s/iter; left time: 556.7627s
	iters: 1100, epoch: 4 | loss: 0.3615803
	speed: 0.0151s/iter; left time: 565.7917s
	iters: 1200, epoch: 4 | loss: 0.3683110
	speed: 0.0139s/iter; left time: 520.7343s
	iters: 1300, epoch: 4 | loss: 1.2977116
	speed: 0.0143s/iter; left time: 532.3474s
	iters: 1400, epoch: 4 | loss: 0.4112419
	speed: 0.0142s/iter; left time: 528.5956s
	iters: 1500, epoch: 4 | loss: 1.1457002
	speed: 0.0145s/iter; left time: 537.5539s
	iters: 1600, epoch: 4 | loss: 0.7428235
	speed: 0.0151s/iter; left time: 557.5297s
	iters: 1700, epoch: 4 | loss: 0.8277193
	speed: 0.0148s/iter; left time: 546.3822s
	iters: 1800, epoch: 4 | loss: 0.3101433
	speed: 0.0145s/iter; left time: 532.7348s
	iters: 1900, epoch: 4 | loss: 0.4022289
	speed: 0.0144s/iter; left time: 528.5844s
	iters: 2000, epoch: 4 | loss: 0.2519220
	speed: 0.0150s/iter; left time: 548.8963s
	iters: 2100, epoch: 4 | loss: 0.2955721
	speed: 0.0149s/iter; left time: 544.1014s
	iters: 2200, epoch: 4 | loss: 0.3702912
	speed: 0.0143s/iter; left time: 522.4860s
Epoch: 4 cost time: 33.102185010910034
Epoch: 4, Steps: 2272 | Train Loss: 0.5437798 Vali Loss: 0.4446756 Test Loss: 0.2039900
Validation loss decreased (0.496634 --> 0.444676).  Saving model ...
Updating learning rate to 0.000625
	iters: 100, epoch: 5 | loss: 0.4005654
	speed: 0.0521s/iter; left time: 1890.2356s
	iters: 200, epoch: 5 | loss: 0.4761809
	speed: 0.0148s/iter; left time: 536.3153s
	iters: 300, epoch: 5 | loss: 0.4129733
	speed: 0.0151s/iter; left time: 542.9523s
	iters: 400, epoch: 5 | loss: 0.6142229
	speed: 0.0144s/iter; left time: 519.0878s
	iters: 500, epoch: 5 | loss: 0.4058925
	speed: 0.0145s/iter; left time: 518.9782s
	iters: 600, epoch: 5 | loss: 0.3853931
	speed: 0.0147s/iter; left time: 526.1130s
	iters: 700, epoch: 5 | loss: 0.2904136
	speed: 0.0151s/iter; left time: 536.8556s
	iters: 800, epoch: 5 | loss: 0.3504415
	speed: 0.0144s/iter; left time: 510.8345s
	iters: 900, epoch: 5 | loss: 0.3688631
	speed: 0.0147s/iter; left time: 521.2465s
	iters: 1000, epoch: 5 | loss: 0.4915303
	speed: 0.0144s/iter; left time: 509.7500s
	iters: 1100, epoch: 5 | loss: 1.2561927
	speed: 0.0144s/iter; left time: 507.3056s
	iters: 1200, epoch: 5 | loss: 0.4455493
	speed: 0.0145s/iter; left time: 510.1835s
	iters: 1300, epoch: 5 | loss: 0.4237303
	speed: 0.0146s/iter; left time: 510.6819s
	iters: 1400, epoch: 5 | loss: 0.2990406
	speed: 0.0147s/iter; left time: 514.0059s
	iters: 1500, epoch: 5 | loss: 1.4505470
	speed: 0.0145s/iter; left time: 506.6868s
	iters: 1600, epoch: 5 | loss: 0.5839474
	speed: 0.0146s/iter; left time: 506.7695s
	iters: 1700, epoch: 5 | loss: 0.6580737
	speed: 0.0144s/iter; left time: 497.8502s
	iters: 1800, epoch: 5 | loss: 0.3149432
	speed: 0.0149s/iter; left time: 513.3208s
	iters: 1900, epoch: 5 | loss: 0.6526695
	speed: 0.0150s/iter; left time: 517.0491s
	iters: 2000, epoch: 5 | loss: 0.5562105
	speed: 0.0149s/iter; left time: 511.8310s
	iters: 2100, epoch: 5 | loss: 0.3997113
	speed: 0.0146s/iter; left time: 501.3159s
	iters: 2200, epoch: 5 | loss: 0.2957542
	speed: 0.0143s/iter; left time: 488.4741s
Epoch: 5 cost time: 33.13362240791321
Epoch: 5, Steps: 2272 | Train Loss: 0.5038946 Vali Loss: 0.4384151 Test Loss: 0.1979447
Validation loss decreased (0.444676 --> 0.438415).  Saving model ...
Updating learning rate to 0.0003125
	iters: 100, epoch: 6 | loss: 0.4984759
	speed: 0.0523s/iter; left time: 1776.5236s
	iters: 200, epoch: 6 | loss: 0.3093243
	speed: 0.0145s/iter; left time: 490.8263s
	iters: 300, epoch: 6 | loss: 1.3066983
	speed: 0.0143s/iter; left time: 481.4456s
	iters: 400, epoch: 6 | loss: 0.2716996
	speed: 0.0152s/iter; left time: 510.7125s
	iters: 500, epoch: 6 | loss: 0.3073457
	speed: 0.0147s/iter; left time: 494.3693s
	iters: 600, epoch: 6 | loss: 0.3381113
	speed: 0.0144s/iter; left time: 483.4764s
	iters: 700, epoch: 6 | loss: 0.3443453
	speed: 0.0142s/iter; left time: 474.6253s
	iters: 800, epoch: 6 | loss: 0.3830254
	speed: 0.0152s/iter; left time: 506.7796s
	iters: 900, epoch: 6 | loss: 0.2747227
	speed: 0.0143s/iter; left time: 474.5701s
	iters: 1000, epoch: 6 | loss: 0.3491549
	speed: 0.0148s/iter; left time: 488.4963s
	iters: 1100, epoch: 6 | loss: 0.3569723
	speed: 0.0147s/iter; left time: 484.7108s
	iters: 1200, epoch: 6 | loss: 0.3867622
	speed: 0.0145s/iter; left time: 478.1713s
	iters: 1300, epoch: 6 | loss: 0.2546288
	speed: 0.0151s/iter; left time: 494.3824s
	iters: 1400, epoch: 6 | loss: 0.2451707
	speed: 0.0144s/iter; left time: 470.8856s
	iters: 1500, epoch: 6 | loss: 1.3098096
	speed: 0.0146s/iter; left time: 475.4236s
	iters: 1600, epoch: 6 | loss: 0.5302641
	speed: 0.0145s/iter; left time: 471.5295s
	iters: 1700, epoch: 6 | loss: 0.2591877
	speed: 0.0147s/iter; left time: 477.4652s
	iters: 1800, epoch: 6 | loss: 0.3247148
	speed: 0.0147s/iter; left time: 474.9198s
	iters: 1900, epoch: 6 | loss: 0.3038608
	speed: 0.0146s/iter; left time: 468.3073s
	iters: 2000, epoch: 6 | loss: 0.3020117
	speed: 0.0142s/iter; left time: 456.2513s
	iters: 2100, epoch: 6 | loss: 0.6741095
	speed: 0.0145s/iter; left time: 462.4002s
	iters: 2200, epoch: 6 | loss: 0.6604335
	speed: 0.0143s/iter; left time: 457.0170s
Epoch: 6 cost time: 32.979902505874634
Epoch: 6, Steps: 2272 | Train Loss: 0.4883167 Vali Loss: 0.4289651 Test Loss: 0.1952400
Validation loss decreased (0.438415 --> 0.428965).  Saving model ...
Updating learning rate to 0.00015625
	iters: 100, epoch: 7 | loss: 0.3060680
	speed: 0.0534s/iter; left time: 1693.1748s
	iters: 200, epoch: 7 | loss: 0.4534787
	speed: 0.0145s/iter; left time: 458.9113s
	iters: 300, epoch: 7 | loss: 0.3477614
	speed: 0.0147s/iter; left time: 462.4310s
	iters: 400, epoch: 7 | loss: 0.3181889
	speed: 0.0148s/iter; left time: 464.4225s
	iters: 500, epoch: 7 | loss: 0.4590465
	speed: 0.0144s/iter; left time: 451.1617s
	iters: 600, epoch: 7 | loss: 0.2995588
	speed: 0.0146s/iter; left time: 454.8106s
	iters: 700, epoch: 7 | loss: 0.4071717
	speed: 0.0147s/iter; left time: 456.4348s
	iters: 800, epoch: 7 | loss: 0.3757412
	speed: 0.0144s/iter; left time: 445.7023s
	iters: 900, epoch: 7 | loss: 0.4044418
	speed: 0.0146s/iter; left time: 450.8631s
	iters: 1000, epoch: 7 | loss: 0.3061453
	speed: 0.0144s/iter; left time: 442.5253s
	iters: 1100, epoch: 7 | loss: 0.2933460
	speed: 0.0147s/iter; left time: 452.8948s
	iters: 1200, epoch: 7 | loss: 0.3129867
	speed: 0.0146s/iter; left time: 446.6783s
	iters: 1300, epoch: 7 | loss: 0.4481709
	speed: 0.0146s/iter; left time: 445.7125s
	iters: 1400, epoch: 7 | loss: 0.2499319
	speed: 0.0148s/iter; left time: 448.8898s
	iters: 1500, epoch: 7 | loss: 0.4380852
	speed: 0.0146s/iter; left time: 443.0919s
	iters: 1600, epoch: 7 | loss: 0.6360695
	speed: 0.0143s/iter; left time: 433.2500s
	iters: 1700, epoch: 7 | loss: 0.3524963
	speed: 0.0145s/iter; left time: 436.8332s
	iters: 1800, epoch: 7 | loss: 0.4170701
	speed: 0.0148s/iter; left time: 445.2478s
	iters: 1900, epoch: 7 | loss: 0.2607608
	speed: 0.0142s/iter; left time: 424.1609s
	iters: 2000, epoch: 7 | loss: 0.5218678
	speed: 0.0149s/iter; left time: 442.9095s
	iters: 2100, epoch: 7 | loss: 0.2697895
	speed: 0.0148s/iter; left time: 438.7084s
	iters: 2200, epoch: 7 | loss: 0.3814052
	speed: 0.0141s/iter; left time: 417.2409s
Epoch: 7 cost time: 32.94952607154846
Epoch: 7, Steps: 2272 | Train Loss: 0.4809337 Vali Loss: 0.4245764 Test Loss: 0.1867686
Validation loss decreased (0.428965 --> 0.424576).  Saving model ...
Updating learning rate to 7.8125e-05
	iters: 100, epoch: 8 | loss: 0.3298795
	speed: 0.0531s/iter; left time: 1563.3833s
	iters: 200, epoch: 8 | loss: 0.3665779
	speed: 0.0148s/iter; left time: 433.7422s
	iters: 300, epoch: 8 | loss: 0.2952280
	speed: 0.0142s/iter; left time: 415.3741s
	iters: 400, epoch: 8 | loss: 0.3680394
	speed: 0.0146s/iter; left time: 425.7132s
	iters: 500, epoch: 8 | loss: 0.5515103
	speed: 0.0145s/iter; left time: 421.0129s
	iters: 600, epoch: 8 | loss: 1.2579184
	speed: 0.0146s/iter; left time: 421.1748s
	iters: 700, epoch: 8 | loss: 0.3126117
	speed: 0.0141s/iter; left time: 407.8976s
	iters: 800, epoch: 8 | loss: 0.4415064
	speed: 0.0147s/iter; left time: 423.5077s
	iters: 900, epoch: 8 | loss: 1.2309293
	speed: 0.0145s/iter; left time: 414.6368s
	iters: 1000, epoch: 8 | loss: 0.4768700
	speed: 0.0146s/iter; left time: 416.8410s
	iters: 1100, epoch: 8 | loss: 0.4149274
	speed: 0.0143s/iter; left time: 407.8628s
	iters: 1200, epoch: 8 | loss: 0.3591112
	speed: 0.0144s/iter; left time: 407.7018s
	iters: 1300, epoch: 8 | loss: 0.6563917
	speed: 0.0142s/iter; left time: 401.8294s
	iters: 1400, epoch: 8 | loss: 0.3320920
	speed: 0.0144s/iter; left time: 406.0902s
	iters: 1500, epoch: 8 | loss: 0.3801068
	speed: 0.0144s/iter; left time: 403.4648s
	iters: 1600, epoch: 8 | loss: 0.2504317
	speed: 0.0147s/iter; left time: 411.8603s
	iters: 1700, epoch: 8 | loss: 1.3998829
	speed: 0.0144s/iter; left time: 401.1094s
	iters: 1800, epoch: 8 | loss: 0.2636623
	speed: 0.0146s/iter; left time: 405.8015s
	iters: 1900, epoch: 8 | loss: 0.2982070
	speed: 0.0146s/iter; left time: 403.0569s
	iters: 2000, epoch: 8 | loss: 0.2247841
	speed: 0.0143s/iter; left time: 392.7491s
	iters: 2100, epoch: 8 | loss: 0.4507621
	speed: 0.0148s/iter; left time: 405.7982s
	iters: 2200, epoch: 8 | loss: 0.2681173
	speed: 0.0141s/iter; left time: 384.6878s
Epoch: 8 cost time: 32.801965951919556
Epoch: 8, Steps: 2272 | Train Loss: 0.4770968 Vali Loss: 0.4236008 Test Loss: 0.1889845
Validation loss decreased (0.424576 --> 0.423601).  Saving model ...
Updating learning rate to 3.90625e-05
	iters: 100, epoch: 9 | loss: 0.2361457
	speed: 0.0515s/iter; left time: 1398.2958s
	iters: 200, epoch: 9 | loss: 0.2676318
	speed: 0.0146s/iter; left time: 395.6619s
	iters: 300, epoch: 9 | loss: 0.2273075
	speed: 0.0144s/iter; left time: 387.0706s
	iters: 400, epoch: 9 | loss: 0.3951972
	speed: 0.0147s/iter; left time: 393.8970s
	iters: 500, epoch: 9 | loss: 0.3555884
	speed: 0.0147s/iter; left time: 393.6280s
	iters: 600, epoch: 9 | loss: 0.3918116
	speed: 0.0146s/iter; left time: 389.3510s
	iters: 700, epoch: 9 | loss: 0.3000266
	speed: 0.0143s/iter; left time: 380.3209s
	iters: 800, epoch: 9 | loss: 0.3268288
	speed: 0.0149s/iter; left time: 394.5260s
	iters: 900, epoch: 9 | loss: 0.5113928
	speed: 0.0147s/iter; left time: 386.7008s
	iters: 1000, epoch: 9 | loss: 0.3962398
	speed: 0.0144s/iter; left time: 377.0453s
	iters: 1100, epoch: 9 | loss: 0.5521958
	speed: 0.0144s/iter; left time: 378.0065s
	iters: 1200, epoch: 9 | loss: 0.2756273
	speed: 0.0144s/iter; left time: 376.1520s
	iters: 1300, epoch: 9 | loss: 0.4619160
	speed: 0.0143s/iter; left time: 371.8310s
	iters: 1400, epoch: 9 | loss: 0.3772227
	speed: 0.0151s/iter; left time: 391.4056s
	iters: 1500, epoch: 9 | loss: 0.3510399
	speed: 0.0145s/iter; left time: 373.9227s
	iters: 1600, epoch: 9 | loss: 0.3160695
	speed: 0.0144s/iter; left time: 368.9120s
	iters: 1700, epoch: 9 | loss: 0.3741868
	speed: 0.0144s/iter; left time: 367.1704s
	iters: 1800, epoch: 9 | loss: 0.5364085
	speed: 0.0152s/iter; left time: 386.9090s
	iters: 1900, epoch: 9 | loss: 0.5006182
	speed: 0.0145s/iter; left time: 366.5874s
	iters: 2000, epoch: 9 | loss: 0.3028685
	speed: 0.0150s/iter; left time: 379.3898s
	iters: 2100, epoch: 9 | loss: 1.7253766
	speed: 0.0142s/iter; left time: 357.9378s
	iters: 2200, epoch: 9 | loss: 0.3341475
	speed: 0.0141s/iter; left time: 353.9931s
Epoch: 9 cost time: 32.91842603683472
Epoch: 9, Steps: 2272 | Train Loss: 0.4749074 Vali Loss: 0.4238582 Test Loss: 0.1889835
EarlyStopping counter: 1 out of 5
Updating learning rate to 1.953125e-05
	iters: 100, epoch: 10 | loss: 0.2590245
	speed: 0.0521s/iter; left time: 1297.2143s
	iters: 200, epoch: 10 | loss: 0.3219251
	speed: 0.0143s/iter; left time: 355.5036s
	iters: 300, epoch: 10 | loss: 0.3578339
	speed: 0.0147s/iter; left time: 362.1718s
	iters: 400, epoch: 10 | loss: 2.3612759
	speed: 0.0145s/iter; left time: 357.5084s
	iters: 500, epoch: 10 | loss: 0.3932949
	speed: 0.0147s/iter; left time: 360.5914s
	iters: 600, epoch: 10 | loss: 0.4458243
	speed: 0.0140s/iter; left time: 341.7931s
	iters: 700, epoch: 10 | loss: 0.5506074
	speed: 0.0144s/iter; left time: 350.1149s
	iters: 800, epoch: 10 | loss: 0.2250240
	speed: 0.0144s/iter; left time: 349.0339s
	iters: 900, epoch: 10 | loss: 0.6601970
	speed: 0.0144s/iter; left time: 346.2475s
	iters: 1000, epoch: 10 | loss: 0.3171785
	speed: 0.0144s/iter; left time: 344.8194s
	iters: 1100, epoch: 10 | loss: 0.3362038
	speed: 0.0147s/iter; left time: 350.4537s
	iters: 1200, epoch: 10 | loss: 0.3380823
	speed: 0.0142s/iter; left time: 337.4441s
	iters: 1300, epoch: 10 | loss: 0.3640419
	speed: 0.0146s/iter; left time: 345.3751s
	iters: 1400, epoch: 10 | loss: 0.4078755
	speed: 0.0142s/iter; left time: 334.5948s
	iters: 1500, epoch: 10 | loss: 0.3064679
	speed: 0.0150s/iter; left time: 351.7420s
	iters: 1600, epoch: 10 | loss: 0.4901388
	speed: 0.0140s/iter; left time: 327.7888s
	iters: 1700, epoch: 10 | loss: 0.4018051
	speed: 0.0145s/iter; left time: 338.5369s
	iters: 1800, epoch: 10 | loss: 0.4178950
	speed: 0.0150s/iter; left time: 346.9197s
	iters: 1900, epoch: 10 | loss: 0.5677899
	speed: 0.0144s/iter; left time: 332.1860s
	iters: 2000, epoch: 10 | loss: 0.4031373
	speed: 0.0144s/iter; left time: 330.1224s
	iters: 2100, epoch: 10 | loss: 0.3995925
	speed: 0.0146s/iter; left time: 334.1688s
	iters: 2200, epoch: 10 | loss: 0.3036842
	speed: 0.0143s/iter; left time: 326.4805s
Epoch: 10 cost time: 32.6767737865448
Epoch: 10, Steps: 2272 | Train Loss: 0.4743623 Vali Loss: 0.4240966 Test Loss: 0.1879825
EarlyStopping counter: 2 out of 5
Updating learning rate to 9.765625e-06
	iters: 100, epoch: 11 | loss: 0.3545929
	speed: 0.0512s/iter; left time: 1158.6009s
	iters: 200, epoch: 11 | loss: 0.3179679
	speed: 0.0147s/iter; left time: 330.2806s
	iters: 300, epoch: 11 | loss: 0.3077821
	speed: 0.0141s/iter; left time: 316.6304s
	iters: 400, epoch: 11 | loss: 0.3989860
	speed: 0.0145s/iter; left time: 323.7091s
	iters: 500, epoch: 11 | loss: 0.4602971
	speed: 0.0146s/iter; left time: 324.7142s
	iters: 600, epoch: 11 | loss: 0.3692346
	speed: 0.0147s/iter; left time: 324.1604s
	iters: 700, epoch: 11 | loss: 0.5229164
	speed: 0.0147s/iter; left time: 322.8405s
	iters: 800, epoch: 11 | loss: 0.2332640
	speed: 0.0144s/iter; left time: 314.7232s
	iters: 900, epoch: 11 | loss: 0.3844384
	speed: 0.0148s/iter; left time: 323.8766s
	iters: 1000, epoch: 11 | loss: 0.2964231
	speed: 0.0144s/iter; left time: 313.5865s
	iters: 1100, epoch: 11 | loss: 0.2897692
	speed: 0.0143s/iter; left time: 309.6552s
	iters: 1200, epoch: 11 | loss: 0.4030229
	speed: 0.0145s/iter; left time: 311.4470s
	iters: 1300, epoch: 11 | loss: 0.3926798
	speed: 0.0146s/iter; left time: 313.0598s
	iters: 1400, epoch: 11 | loss: 0.2626649
	speed: 0.0145s/iter; left time: 309.4621s
	iters: 1500, epoch: 11 | loss: 0.3854256
	speed: 0.0149s/iter; left time: 316.9700s
	iters: 1600, epoch: 11 | loss: 0.2567714
	speed: 0.0143s/iter; left time: 301.0619s
	iters: 1700, epoch: 11 | loss: 0.2912024
	speed: 0.0145s/iter; left time: 305.6528s
	iters: 1800, epoch: 11 | loss: 0.2873765
	speed: 0.0145s/iter; left time: 304.0546s
	iters: 1900, epoch: 11 | loss: 0.2696049
	speed: 0.0145s/iter; left time: 302.4601s
	iters: 2000, epoch: 11 | loss: 0.3784315
	speed: 0.0148s/iter; left time: 306.4428s
	iters: 2100, epoch: 11 | loss: 1.4519331
	speed: 0.0147s/iter; left time: 303.0708s
	iters: 2200, epoch: 11 | loss: 0.5552018
	speed: 0.0143s/iter; left time: 293.9022s
Epoch: 11 cost time: 32.89169907569885
Epoch: 11, Steps: 2272 | Train Loss: 0.4738753 Vali Loss: 0.4235981 Test Loss: 0.1881380
Validation loss decreased (0.423601 --> 0.423598).  Saving model ...
Updating learning rate to 4.8828125e-06
	iters: 100, epoch: 12 | loss: 0.3275343
	speed: 0.0522s/iter; left time: 1063.1893s
	iters: 200, epoch: 12 | loss: 0.4281940
	speed: 0.0143s/iter; left time: 289.0133s
	iters: 300, epoch: 12 | loss: 0.3116466
	speed: 0.0145s/iter; left time: 291.7308s
	iters: 400, epoch: 12 | loss: 0.2616137
	speed: 0.0149s/iter; left time: 298.6733s
	iters: 500, epoch: 12 | loss: 0.5108966
	speed: 0.0148s/iter; left time: 294.5877s
	iters: 600, epoch: 12 | loss: 0.3023803
	speed: 0.0146s/iter; left time: 289.0901s
	iters: 700, epoch: 12 | loss: 0.3486071
	speed: 0.0141s/iter; left time: 279.0897s
	iters: 800, epoch: 12 | loss: 0.3179398
	speed: 0.0146s/iter; left time: 287.2998s
	iters: 900, epoch: 12 | loss: 0.3345425
	speed: 0.0145s/iter; left time: 282.8190s
	iters: 1000, epoch: 12 | loss: 0.5978515
	speed: 0.0145s/iter; left time: 282.2704s
	iters: 1100, epoch: 12 | loss: 0.5200207
	speed: 0.0149s/iter; left time: 288.6728s
	iters: 1200, epoch: 12 | loss: 0.4117617
	speed: 0.0141s/iter; left time: 271.8559s
	iters: 1300, epoch: 12 | loss: 0.5279581
	speed: 0.0139s/iter; left time: 265.6524s
	iters: 1400, epoch: 12 | loss: 0.3166431
	speed: 0.0138s/iter; left time: 262.5375s
	iters: 1500, epoch: 12 | loss: 0.4086555
	speed: 0.0143s/iter; left time: 271.7601s
	iters: 1600, epoch: 12 | loss: 0.2966489
	speed: 0.0142s/iter; left time: 267.5725s
	iters: 1700, epoch: 12 | loss: 0.3673537
	speed: 0.0144s/iter; left time: 270.2474s
	iters: 1800, epoch: 12 | loss: 0.2589032
	speed: 0.0144s/iter; left time: 269.1800s
	iters: 1900, epoch: 12 | loss: 0.4810335
	speed: 0.0142s/iter; left time: 263.4681s
	iters: 2000, epoch: 12 | loss: 0.2728063
	speed: 0.0144s/iter; left time: 264.7774s
	iters: 2100, epoch: 12 | loss: 0.4840012
	speed: 0.0142s/iter; left time: 260.4185s
	iters: 2200, epoch: 12 | loss: 0.2814178
	speed: 0.0142s/iter; left time: 258.9975s
Epoch: 12 cost time: 32.53764200210571
Epoch: 12, Steps: 2272 | Train Loss: 0.4735515 Vali Loss: 0.4228857 Test Loss: 0.1882876
Validation loss decreased (0.423598 --> 0.422886).  Saving model ...
Updating learning rate to 2.44140625e-06
	iters: 100, epoch: 13 | loss: 0.3664518
	speed: 0.0513s/iter; left time: 927.5317s
	iters: 200, epoch: 13 | loss: 0.3322473
	speed: 0.0144s/iter; left time: 259.6295s
	iters: 300, epoch: 13 | loss: 0.6256571
	speed: 0.0143s/iter; left time: 255.1226s
	iters: 400, epoch: 13 | loss: 0.2444685
	speed: 0.0146s/iter; left time: 260.2812s
	iters: 500, epoch: 13 | loss: 0.3955331
	speed: 0.0143s/iter; left time: 253.6415s
	iters: 600, epoch: 13 | loss: 0.3667365
	speed: 0.0145s/iter; left time: 254.8608s
	iters: 700, epoch: 13 | loss: 1.3797339
	speed: 0.0146s/iter; left time: 254.6332s
	iters: 800, epoch: 13 | loss: 0.2874610
	speed: 0.0142s/iter; left time: 246.3962s
	iters: 900, epoch: 13 | loss: 0.2989355
	speed: 0.0145s/iter; left time: 250.8450s
	iters: 1000, epoch: 13 | loss: 0.3642037
	speed: 0.0143s/iter; left time: 244.7877s
	iters: 1100, epoch: 13 | loss: 0.3311129
	speed: 0.0142s/iter; left time: 241.9068s
	iters: 1200, epoch: 13 | loss: 1.3110380
	speed: 0.0148s/iter; left time: 250.8529s
	iters: 1300, epoch: 13 | loss: 0.2459658
	speed: 0.0147s/iter; left time: 247.5981s
	iters: 1400, epoch: 13 | loss: 0.2650635
	speed: 0.0147s/iter; left time: 246.2294s
	iters: 1500, epoch: 13 | loss: 0.3334760
	speed: 0.0146s/iter; left time: 243.4956s
	iters: 1600, epoch: 13 | loss: 0.5747753
	speed: 0.0147s/iter; left time: 244.2391s
	iters: 1700, epoch: 13 | loss: 0.2993045
	speed: 0.0142s/iter; left time: 234.6588s
	iters: 1800, epoch: 13 | loss: 0.2737437
	speed: 0.0144s/iter; left time: 235.9600s
	iters: 1900, epoch: 13 | loss: 0.3547027
	speed: 0.0145s/iter; left time: 235.3971s
	iters: 2000, epoch: 13 | loss: 0.5201884
	speed: 0.0145s/iter; left time: 234.5336s
	iters: 2100, epoch: 13 | loss: 1.4060959
	speed: 0.0144s/iter; left time: 230.9855s
	iters: 2200, epoch: 13 | loss: 0.2660983
	speed: 0.0141s/iter; left time: 225.1744s
Epoch: 13 cost time: 32.6770293712616
Epoch: 13, Steps: 2272 | Train Loss: 0.4734650 Vali Loss: 0.4236182 Test Loss: 0.1879695
EarlyStopping counter: 1 out of 5
Updating learning rate to 1.220703125e-06
	iters: 100, epoch: 14 | loss: 0.5400434
	speed: 0.0510s/iter; left time: 805.9821s
	iters: 200, epoch: 14 | loss: 0.5136600
	speed: 0.0130s/iter; left time: 203.8117s
	iters: 300, epoch: 14 | loss: 0.3119714
	speed: 0.0128s/iter; left time: 199.8849s
	iters: 400, epoch: 14 | loss: 0.4967419
	speed: 0.0129s/iter; left time: 199.3011s
	iters: 500, epoch: 14 | loss: 0.2963289
	speed: 0.0146s/iter; left time: 225.4311s
	iters: 600, epoch: 14 | loss: 1.4387554
	speed: 0.0147s/iter; left time: 225.1124s
	iters: 700, epoch: 14 | loss: 0.5448859
	speed: 0.0128s/iter; left time: 194.5928s
	iters: 800, epoch: 14 | loss: 0.2614350
	speed: 0.0123s/iter; left time: 185.3678s
	iters: 900, epoch: 14 | loss: 0.3593794
	speed: 0.0121s/iter; left time: 180.8130s
	iters: 1000, epoch: 14 | loss: 0.3908627
	speed: 0.0116s/iter; left time: 172.7558s
	iters: 1100, epoch: 14 | loss: 0.4117986
	speed: 0.0127s/iter; left time: 187.4711s
	iters: 1200, epoch: 14 | loss: 0.2623428
	speed: 0.0112s/iter; left time: 164.9192s
	iters: 1300, epoch: 14 | loss: 0.3296940
	speed: 0.0134s/iter; left time: 195.5973s
	iters: 1400, epoch: 14 | loss: 0.4419868
	speed: 0.0119s/iter; left time: 171.9226s
	iters: 1500, epoch: 14 | loss: 0.2335071
	speed: 0.0131s/iter; left time: 189.2186s
	iters: 1600, epoch: 14 | loss: 0.5899330
	speed: 0.0131s/iter; left time: 187.0750s
	iters: 1700, epoch: 14 | loss: 0.3286925
	speed: 0.0135s/iter; left time: 191.3348s
	iters: 1800, epoch: 14 | loss: 0.3395033
	speed: 0.0121s/iter; left time: 170.8159s
	iters: 1900, epoch: 14 | loss: 0.3272002
	speed: 0.0128s/iter; left time: 179.6477s
	iters: 2000, epoch: 14 | loss: 0.2756962
	speed: 0.0132s/iter; left time: 184.2138s
	iters: 2100, epoch: 14 | loss: 1.2575277
	speed: 0.0121s/iter; left time: 166.7696s
	iters: 2200, epoch: 14 | loss: 1.3291558
	speed: 0.0124s/iter; left time: 170.1640s
Epoch: 14 cost time: 28.904593229293823
Epoch: 14, Steps: 2272 | Train Loss: 0.4733861 Vali Loss: 0.4227272 Test Loss: 0.1883075
Validation loss decreased (0.422886 --> 0.422727).  Saving model ...
Updating learning rate to 6.103515625e-07
	iters: 100, epoch: 15 | loss: 0.4605563
	speed: 0.0490s/iter; left time: 662.6475s
	iters: 200, epoch: 15 | loss: 0.4301471
	speed: 0.0111s/iter; left time: 149.7120s
	iters: 300, epoch: 15 | loss: 0.3892522
	speed: 0.0127s/iter; left time: 169.2311s
	iters: 400, epoch: 15 | loss: 0.2730278
	speed: 0.0128s/iter; left time: 169.3292s
	iters: 500, epoch: 15 | loss: 0.3401916
	speed: 0.0121s/iter; left time: 158.8054s
	iters: 600, epoch: 15 | loss: 0.2629257
	speed: 0.0126s/iter; left time: 164.4835s
	iters: 700, epoch: 15 | loss: 0.2850987
	speed: 0.0127s/iter; left time: 164.0885s
	iters: 800, epoch: 15 | loss: 0.4033363
	speed: 0.0114s/iter; left time: 146.7753s
	iters: 900, epoch: 15 | loss: 0.4203077
	speed: 0.0119s/iter; left time: 151.4461s
	iters: 1000, epoch: 15 | loss: 0.4135020
	speed: 0.0120s/iter; left time: 150.9939s
	iters: 1100, epoch: 15 | loss: 0.4223040
	speed: 0.0118s/iter; left time: 147.5398s
	iters: 1200, epoch: 15 | loss: 1.2204212
	speed: 0.0130s/iter; left time: 162.2030s
	iters: 1300, epoch: 15 | loss: 0.3495044
	speed: 0.0132s/iter; left time: 163.1085s
	iters: 1400, epoch: 15 | loss: 0.4634245
	speed: 0.0131s/iter; left time: 160.1949s
	iters: 1500, epoch: 15 | loss: 2.7927217
	speed: 0.0133s/iter; left time: 161.8219s
	iters: 1600, epoch: 15 | loss: 0.4122961
	speed: 0.0132s/iter; left time: 158.9129s
	iters: 1700, epoch: 15 | loss: 0.3555235
	speed: 0.0136s/iter; left time: 161.7314s
	iters: 1800, epoch: 15 | loss: 0.3344391
	speed: 0.0114s/iter; left time: 135.4529s
	iters: 1900, epoch: 15 | loss: 0.3144771
	speed: 0.0108s/iter; left time: 126.6863s
	iters: 2000, epoch: 15 | loss: 0.4208264
	speed: 0.0118s/iter; left time: 137.3018s
	iters: 2100, epoch: 15 | loss: 0.3293877
	speed: 0.0121s/iter; left time: 139.6929s
	iters: 2200, epoch: 15 | loss: 0.3626317
	speed: 0.0123s/iter; left time: 140.8840s
Epoch: 15 cost time: 27.932124137878418
Epoch: 15, Steps: 2272 | Train Loss: 0.4733655 Vali Loss: 0.4234366 Test Loss: 0.1882124
EarlyStopping counter: 1 out of 5
Updating learning rate to 3.0517578125e-07
	iters: 100, epoch: 16 | loss: 0.9894207
	speed: 0.0489s/iter; left time: 551.1583s
	iters: 200, epoch: 16 | loss: 0.4250844
	speed: 0.0116s/iter; left time: 128.9938s
	iters: 300, epoch: 16 | loss: 0.3794738
	speed: 0.0121s/iter; left time: 133.8010s
	iters: 400, epoch: 16 | loss: 0.3256642
	speed: 0.0121s/iter; left time: 132.8735s
	iters: 500, epoch: 16 | loss: 0.2531913
	speed: 0.0114s/iter; left time: 123.9011s
	iters: 600, epoch: 16 | loss: 1.3880492
	speed: 0.0122s/iter; left time: 130.9681s
	iters: 700, epoch: 16 | loss: 0.3964103
	speed: 0.0118s/iter; left time: 125.2783s
	iters: 800, epoch: 16 | loss: 0.3928274
	speed: 0.0118s/iter; left time: 125.0092s
	iters: 900, epoch: 16 | loss: 0.6722488
	speed: 0.0113s/iter; left time: 118.5964s
	iters: 1000, epoch: 16 | loss: 0.2869541
	speed: 0.0107s/iter; left time: 110.9150s
	iters: 1100, epoch: 16 | loss: 0.2765710
	speed: 0.0108s/iter; left time: 110.3796s
	iters: 1200, epoch: 16 | loss: 0.2970380
	speed: 0.0122s/iter; left time: 123.4568s
	iters: 1300, epoch: 16 | loss: 0.4527080
	speed: 0.0118s/iter; left time: 118.7222s
	iters: 1400, epoch: 16 | loss: 0.5994366
	speed: 0.0116s/iter; left time: 115.7233s
	iters: 1500, epoch: 16 | loss: 0.3769095
	speed: 0.0118s/iter; left time: 116.6760s
	iters: 1600, epoch: 16 | loss: 1.2827673
	speed: 0.0116s/iter; left time: 113.0645s
	iters: 1700, epoch: 16 | loss: 0.2842273
	speed: 0.0122s/iter; left time: 118.2742s
	iters: 1800, epoch: 16 | loss: 0.3567406
	speed: 0.0113s/iter; left time: 108.4446s
	iters: 1900, epoch: 16 | loss: 0.5611306
	speed: 0.0113s/iter; left time: 107.1260s
	iters: 2000, epoch: 16 | loss: 0.3500953
	speed: 0.0113s/iter; left time: 105.7534s
	iters: 2100, epoch: 16 | loss: 0.2299178
	speed: 0.0112s/iter; left time: 103.3131s
	iters: 2200, epoch: 16 | loss: 0.4312159
	speed: 0.0112s/iter; left time: 102.7407s
Epoch: 16 cost time: 26.387039184570312
Epoch: 16, Steps: 2272 | Train Loss: 0.4733239 Vali Loss: 0.4236059 Test Loss: 0.1882103
EarlyStopping counter: 2 out of 5
Updating learning rate to 1.52587890625e-07
	iters: 100, epoch: 17 | loss: 0.3426042
	speed: 0.0464s/iter; left time: 416.8545s
	iters: 200, epoch: 17 | loss: 0.3570329
	speed: 0.0126s/iter; left time: 112.3742s
	iters: 300, epoch: 17 | loss: 0.1975398
	speed: 0.0121s/iter; left time: 106.5390s
	iters: 400, epoch: 17 | loss: 0.4328783
	speed: 0.0107s/iter; left time: 93.2787s
	iters: 500, epoch: 17 | loss: 0.2586516
	speed: 0.0108s/iter; left time: 92.7316s
	iters: 600, epoch: 17 | loss: 0.2761689
	speed: 0.0105s/iter; left time: 89.2324s
	iters: 700, epoch: 17 | loss: 0.5240003
	speed: 0.0112s/iter; left time: 94.1462s
	iters: 800, epoch: 17 | loss: 0.3456288
	speed: 0.0115s/iter; left time: 95.4691s
	iters: 900, epoch: 17 | loss: 0.3256616
	speed: 0.0110s/iter; left time: 90.2252s
	iters: 1000, epoch: 17 | loss: 0.3637513
	speed: 0.0107s/iter; left time: 86.9382s
	iters: 1100, epoch: 17 | loss: 0.3083847
	speed: 0.0129s/iter; left time: 102.9640s
	iters: 1200, epoch: 17 | loss: 0.2797147
	speed: 0.0113s/iter; left time: 89.2062s
	iters: 1300, epoch: 17 | loss: 1.1830758
	speed: 0.0103s/iter; left time: 79.8579s
	iters: 1400, epoch: 17 | loss: 0.3536261
	speed: 0.0116s/iter; left time: 89.4456s
	iters: 1500, epoch: 17 | loss: 1.1009147
	speed: 0.0128s/iter; left time: 97.5001s
	iters: 1600, epoch: 17 | loss: 0.4302272
	speed: 0.0121s/iter; left time: 90.7931s
	iters: 1700, epoch: 17 | loss: 0.4003071
	speed: 0.0121s/iter; left time: 89.2067s
	iters: 1800, epoch: 17 | loss: 0.5676218
	speed: 0.0121s/iter; left time: 88.0564s
	iters: 1900, epoch: 17 | loss: 0.3725023
	speed: 0.0104s/iter; left time: 74.4946s
	iters: 2000, epoch: 17 | loss: 0.2981339
	speed: 0.0102s/iter; left time: 72.5769s
	iters: 2100, epoch: 17 | loss: 0.5037315
	speed: 0.0101s/iter; left time: 70.7426s
	iters: 2200, epoch: 17 | loss: 0.2897946
	speed: 0.0112s/iter; left time: 77.2784s
Epoch: 17 cost time: 25.911651849746704
Epoch: 17, Steps: 2272 | Train Loss: 0.4733046 Vali Loss: 0.4233097 Test Loss: 0.1881997
EarlyStopping counter: 3 out of 5
Updating learning rate to 7.62939453125e-08
	iters: 100, epoch: 18 | loss: 0.7025510
	speed: 0.0484s/iter; left time: 324.8326s
	iters: 200, epoch: 18 | loss: 0.4955612
	speed: 0.0119s/iter; left time: 78.5521s
	iters: 300, epoch: 18 | loss: 1.2405130
	speed: 0.0119s/iter; left time: 77.4368s
	iters: 400, epoch: 18 | loss: 0.3394451
	speed: 0.0119s/iter; left time: 76.3161s
	iters: 500, epoch: 18 | loss: 0.3210282
	speed: 0.0116s/iter; left time: 73.0706s
	iters: 600, epoch: 18 | loss: 0.4689205
	speed: 0.0114s/iter; left time: 70.6682s
	iters: 700, epoch: 18 | loss: 0.3176244
	speed: 0.0114s/iter; left time: 70.0273s
	iters: 800, epoch: 18 | loss: 0.4914801
	speed: 0.0112s/iter; left time: 67.6485s
	iters: 900, epoch: 18 | loss: 0.2927494
	speed: 0.0106s/iter; left time: 62.7341s
	iters: 1000, epoch: 18 | loss: 0.3189054
	speed: 0.0102s/iter; left time: 59.1122s
	iters: 1100, epoch: 18 | loss: 0.2686614
	speed: 0.0102s/iter; left time: 58.3124s
	iters: 1200, epoch: 18 | loss: 0.2498850
	speed: 0.0104s/iter; left time: 58.2325s
	iters: 1300, epoch: 18 | loss: 0.3873635
	speed: 0.0106s/iter; left time: 58.2136s
	iters: 1400, epoch: 18 | loss: 0.4045970
	speed: 0.0106s/iter; left time: 57.3203s
	iters: 1500, epoch: 18 | loss: 0.3543436
	speed: 0.0106s/iter; left time: 56.2354s
	iters: 1600, epoch: 18 | loss: 0.3928595
	speed: 0.0106s/iter; left time: 55.5191s
	iters: 1700, epoch: 18 | loss: 0.2297077
	speed: 0.0118s/iter; left time: 60.5716s
	iters: 1800, epoch: 18 | loss: 0.2547440
	speed: 0.0119s/iter; left time: 59.5141s
	iters: 1900, epoch: 18 | loss: 0.4537506
	speed: 0.0109s/iter; left time: 53.7766s
	iters: 2000, epoch: 18 | loss: 0.6078148
	speed: 0.0108s/iter; left time: 51.9540s
	iters: 2100, epoch: 18 | loss: 0.5701457
	speed: 0.0109s/iter; left time: 51.3079s
	iters: 2200, epoch: 18 | loss: 1.2983898
	speed: 0.0115s/iter; left time: 53.1289s
Epoch: 18 cost time: 25.241013050079346
Epoch: 18, Steps: 2272 | Train Loss: 0.4733424 Vali Loss: 0.4237331 Test Loss: 0.1882014
EarlyStopping counter: 4 out of 5
Updating learning rate to 3.814697265625e-08
	iters: 100, epoch: 19 | loss: 1.5373697
	speed: 0.0458s/iter; left time: 203.6956s
	iters: 200, epoch: 19 | loss: 0.4033292
	speed: 0.0116s/iter; left time: 50.2162s
	iters: 300, epoch: 19 | loss: 0.4287247
	speed: 0.0105s/iter; left time: 44.7725s
	iters: 400, epoch: 19 | loss: 0.4033321
	speed: 0.0106s/iter; left time: 43.8026s
	iters: 500, epoch: 19 | loss: 0.5767883
	speed: 0.0106s/iter; left time: 42.7022s
	iters: 600, epoch: 19 | loss: 0.2596234
	speed: 0.0106s/iter; left time: 41.7277s
	iters: 700, epoch: 19 | loss: 0.4635511
	speed: 0.0106s/iter; left time: 40.6122s
	iters: 800, epoch: 19 | loss: 0.3125716
	speed: 0.0111s/iter; left time: 41.5660s
	iters: 900, epoch: 19 | loss: 0.3021816
	speed: 0.0113s/iter; left time: 41.0107s
	iters: 1000, epoch: 19 | loss: 0.3873692
	speed: 0.0105s/iter; left time: 37.3360s
	iters: 1100, epoch: 19 | loss: 0.3904048
	speed: 0.0105s/iter; left time: 36.0956s
	iters: 1200, epoch: 19 | loss: 0.3303177
	speed: 0.0105s/iter; left time: 34.9636s
	iters: 1300, epoch: 19 | loss: 0.4262601
	speed: 0.0113s/iter; left time: 36.6643s
	iters: 1400, epoch: 19 | loss: 0.3464922
	speed: 0.0126s/iter; left time: 39.5250s
	iters: 1500, epoch: 19 | loss: 0.9833173
	speed: 0.0126s/iter; left time: 38.3444s
	iters: 1600, epoch: 19 | loss: 0.4853411
	speed: 0.0126s/iter; left time: 37.0781s
	iters: 1700, epoch: 19 | loss: 0.3172766
	speed: 0.0119s/iter; left time: 33.7437s
	iters: 1800, epoch: 19 | loss: 0.2885253
	speed: 0.0119s/iter; left time: 32.6173s
	iters: 1900, epoch: 19 | loss: 1.2398444
	speed: 0.0118s/iter; left time: 31.1912s
	iters: 2000, epoch: 19 | loss: 0.3431764
	speed: 0.0119s/iter; left time: 30.2363s
	iters: 2100, epoch: 19 | loss: 0.3645515
	speed: 0.0119s/iter; left time: 29.0971s
	iters: 2200, epoch: 19 | loss: 0.2785760
	speed: 0.0107s/iter; left time: 25.0854s
Epoch: 19 cost time: 25.669289350509644
Epoch: 19, Steps: 2272 | Train Loss: 0.4733201 Vali Loss: 0.4236622 Test Loss: 0.1882026
EarlyStopping counter: 5 out of 5
Early stopping
>>>>>>>testing : weather_336_192_Linear_custom_ftM_sl336_ll48_pl192_dm512_nh8_el2_dl1_df2048_fc1_ebtimeF_dtTrue_Exp_0_seed28649<<<<<<<<<<<<<<<<<<<<<<<<<<<<<<<<<
test 10348
mse:0.18835598230361938, mae:0.25617703795433044
