Args in experiment:
Namespace(activation='gelu', batch_size=8, c_out=7, checkpoints='./checkpoints/', d_ff=2048, d_layers=1, d_model=512, data='ETTm1', data_path='ETTm1.csv', dec_in=7, des='Exp', devices='0,1,2,3', distil=True, do_predict=False, dropout=0.05, e_layers=2, embed='timeF', embed_type=0, enc_in=7, factor=1, features='M', freq='h', gpu=0, individual=True, is_training=1, itr=1, label_len=48, learning_rate=0.005, loss='mse', lradj='type1', model='Linear', model_id='ETTm1_336_192', moving_avg=25, n_heads=8, num_workers=0, output_attention=False, patience=5, pred_len=192, root_path='./dataset/', save_pred_values=False, seed=3144, seq_len=336, target='OT', test_flop=False, train_epochs=20, train_only=False, use_amp=False, use_gpu=False, use_multi_gpu=False)
Use CPU
>>>>>>>start training : ETTm1_336_192_Linear_ETTm1_ftM_sl336_ll48_pl192_dm512_nh8_el2_dl1_df2048_fc1_ebtimeF_dtTrue_Exp_0_seed3144>>>>>>>>>>>>>>>>>>>>>>>>>>
train 34033
val 11329
test 11329
	iters: 100, epoch: 1 | loss: 0.5914654
	speed: 0.0035s/iter; left time: 300.8304s
	iters: 200, epoch: 1 | loss: 0.7812356
	speed: 0.0035s/iter; left time: 300.7204s
	iters: 300, epoch: 1 | loss: 0.3901719
	speed: 0.0029s/iter; left time: 245.0165s
	iters: 400, epoch: 1 | loss: 0.5462010
	speed: 0.0032s/iter; left time: 270.9802s
	iters: 500, epoch: 1 | loss: 0.4698182
	speed: 0.0031s/iter; left time: 263.0460s
	iters: 600, epoch: 1 | loss: 0.4365405
	speed: 0.0034s/iter; left time: 289.2981s
	iters: 700, epoch: 1 | loss: 0.3372026
	speed: 0.0034s/iter; left time: 285.2589s
	iters: 800, epoch: 1 | loss: 0.3993417
	speed: 0.0035s/iter; left time: 294.9822s
	iters: 900, epoch: 1 | loss: 0.3174690
	speed: 0.0035s/iter; left time: 295.7668s
	iters: 1000, epoch: 1 | loss: 0.4374111
	speed: 0.0033s/iter; left time: 275.8357s
	iters: 1100, epoch: 1 | loss: 1.0645481
	speed: 0.0031s/iter; left time: 263.0261s
	iters: 1200, epoch: 1 | loss: 0.4929900
	speed: 0.0035s/iter; left time: 290.4096s
	iters: 1300, epoch: 1 | loss: 0.3897804
	speed: 0.0037s/iter; left time: 314.1787s
	iters: 1400, epoch: 1 | loss: 0.7104666
	speed: 0.0038s/iter; left time: 314.1671s
	iters: 1500, epoch: 1 | loss: 0.3125101
	speed: 0.0037s/iter; left time: 310.9197s
	iters: 1600, epoch: 1 | loss: 0.8965480
	speed: 0.0036s/iter; left time: 303.0374s
	iters: 1700, epoch: 1 | loss: 0.3872088
	speed: 0.0034s/iter; left time: 286.1524s
	iters: 1800, epoch: 1 | loss: 0.5599340
	speed: 0.0029s/iter; left time: 239.0615s
	iters: 1900, epoch: 1 | loss: 0.4622490
	speed: 0.0031s/iter; left time: 255.3652s
	iters: 2000, epoch: 1 | loss: 0.3071050
	speed: 0.0033s/iter; left time: 271.8204s
	iters: 2100, epoch: 1 | loss: 0.4764267
	speed: 0.0039s/iter; left time: 322.7972s
	iters: 2200, epoch: 1 | loss: 0.4299123
	speed: 0.0040s/iter; left time: 332.4006s
	iters: 2300, epoch: 1 | loss: 0.6299441
	speed: 0.0037s/iter; left time: 305.7565s
	iters: 2400, epoch: 1 | loss: 0.3211360
	speed: 0.0038s/iter; left time: 316.6668s
	iters: 2500, epoch: 1 | loss: 0.5906344
	speed: 0.0040s/iter; left time: 332.9232s
	iters: 2600, epoch: 1 | loss: 0.4602838
	speed: 0.0035s/iter; left time: 289.5097s
	iters: 2700, epoch: 1 | loss: 0.4405178
	speed: 0.0037s/iter; left time: 301.5132s
	iters: 2800, epoch: 1 | loss: 0.6104778
	speed: 0.0037s/iter; left time: 305.4915s
	iters: 2900, epoch: 1 | loss: 0.4551135
	speed: 0.0036s/iter; left time: 298.3634s
	iters: 3000, epoch: 1 | loss: 0.5066296
	speed: 0.0034s/iter; left time: 282.3581s
	iters: 3100, epoch: 1 | loss: 0.5581390
	speed: 0.0034s/iter; left time: 282.2549s
	iters: 3200, epoch: 1 | loss: 0.3807232
	speed: 0.0035s/iter; left time: 289.8600s
	iters: 3300, epoch: 1 | loss: 0.3485611
	speed: 0.0037s/iter; left time: 299.1804s
	iters: 3400, epoch: 1 | loss: 0.5141185
	speed: 0.0037s/iter; left time: 302.4017s
	iters: 3500, epoch: 1 | loss: 0.4224182
	speed: 0.0038s/iter; left time: 308.3756s
	iters: 3600, epoch: 1 | loss: 0.3077709
	speed: 0.0035s/iter; left time: 288.4424s
	iters: 3700, epoch: 1 | loss: 0.5137305
	speed: 0.0034s/iter; left time: 277.3147s
	iters: 3800, epoch: 1 | loss: 0.3957558
	speed: 0.0034s/iter; left time: 277.9804s
	iters: 3900, epoch: 1 | loss: 0.7418367
	speed: 0.0035s/iter; left time: 286.8118s
	iters: 4000, epoch: 1 | loss: 0.5841873
	speed: 0.0034s/iter; left time: 272.4337s
	iters: 4100, epoch: 1 | loss: 0.5685625
	speed: 0.0038s/iter; left time: 307.7681s
	iters: 4200, epoch: 1 | loss: 0.5598480
	speed: 0.0036s/iter; left time: 292.1340s
Epoch: 1 cost time: 14.951993703842163
Epoch: 1, Steps: 4254 | Train Loss: 0.4823569 Vali Loss: 1.1163235 Test Loss: 0.5768731
Validation loss decreased (inf --> 1.116323).  Saving model ...
Updating learning rate to 0.005
	iters: 100, epoch: 2 | loss: 0.3639347
	speed: 0.0256s/iter; left time: 2065.2208s
	iters: 200, epoch: 2 | loss: 0.6627528
	speed: 0.0038s/iter; left time: 308.3200s
	iters: 300, epoch: 2 | loss: 0.4659109
	speed: 0.0036s/iter; left time: 285.8709s
	iters: 400, epoch: 2 | loss: 0.7510965
	speed: 0.0029s/iter; left time: 232.3110s
	iters: 500, epoch: 2 | loss: 0.3687300
	speed: 0.0027s/iter; left time: 214.3850s
	iters: 600, epoch: 2 | loss: 0.4491221
	speed: 0.0037s/iter; left time: 294.6239s
	iters: 700, epoch: 2 | loss: 0.4580339
	speed: 0.0040s/iter; left time: 322.1097s
	iters: 800, epoch: 2 | loss: 0.3346801
	speed: 0.0033s/iter; left time: 261.2375s
	iters: 900, epoch: 2 | loss: 0.3982846
	speed: 0.0032s/iter; left time: 258.1670s
	iters: 1000, epoch: 2 | loss: 0.3887884
	speed: 0.0032s/iter; left time: 257.0422s
	iters: 1100, epoch: 2 | loss: 0.4637035
	speed: 0.0032s/iter; left time: 254.3282s
	iters: 1200, epoch: 2 | loss: 0.8184319
	speed: 0.0033s/iter; left time: 263.7682s
	iters: 1300, epoch: 2 | loss: 0.4221810
	speed: 0.0035s/iter; left time: 277.5500s
	iters: 1400, epoch: 2 | loss: 0.4138858
	speed: 0.0036s/iter; left time: 284.6248s
	iters: 1500, epoch: 2 | loss: 0.7096587
	speed: 0.0035s/iter; left time: 276.0571s
	iters: 1600, epoch: 2 | loss: 0.4920464
	speed: 0.0035s/iter; left time: 278.1242s
	iters: 1700, epoch: 2 | loss: 0.8887891
	speed: 0.0036s/iter; left time: 287.4600s
	iters: 1800, epoch: 2 | loss: 0.5008846
	speed: 0.0036s/iter; left time: 284.4973s
	iters: 1900, epoch: 2 | loss: 0.4940512
	speed: 0.0036s/iter; left time: 284.0131s
	iters: 2000, epoch: 2 | loss: 0.4242123
	speed: 0.0036s/iter; left time: 280.0214s
	iters: 2100, epoch: 2 | loss: 0.6309795
	speed: 0.0037s/iter; left time: 288.9291s
	iters: 2200, epoch: 2 | loss: 0.4304304
	speed: 0.0036s/iter; left time: 286.2025s
	iters: 2300, epoch: 2 | loss: 0.3923449
	speed: 0.0036s/iter; left time: 282.0770s
	iters: 2400, epoch: 2 | loss: 0.5822566
	speed: 0.0030s/iter; left time: 236.9034s
	iters: 2500, epoch: 2 | loss: 0.3931440
	speed: 0.0032s/iter; left time: 249.8631s
	iters: 2600, epoch: 2 | loss: 0.3461883
	speed: 0.0031s/iter; left time: 243.4399s
	iters: 2700, epoch: 2 | loss: 0.4152058
	speed: 0.0033s/iter; left time: 257.8177s
	iters: 2800, epoch: 2 | loss: 0.6995953
	speed: 0.0029s/iter; left time: 229.4486s
	iters: 2900, epoch: 2 | loss: 0.6763572
	speed: 0.0033s/iter; left time: 255.0657s
	iters: 3000, epoch: 2 | loss: 0.4333005
	speed: 0.0030s/iter; left time: 235.8160s
	iters: 3100, epoch: 2 | loss: 0.5845318
	speed: 0.0030s/iter; left time: 230.0725s
	iters: 3200, epoch: 2 | loss: 0.7712969
	speed: 0.0030s/iter; left time: 229.0095s
	iters: 3300, epoch: 2 | loss: 0.3927147
	speed: 0.0032s/iter; left time: 248.8610s
	iters: 3400, epoch: 2 | loss: 0.6074657
	speed: 0.0034s/iter; left time: 266.3482s
	iters: 3500, epoch: 2 | loss: 0.4811990
	speed: 0.0036s/iter; left time: 275.3547s
	iters: 3600, epoch: 2 | loss: 0.3242663
	speed: 0.0033s/iter; left time: 254.1173s
	iters: 3700, epoch: 2 | loss: 0.6057559
	speed: 0.0030s/iter; left time: 230.6094s
	iters: 3800, epoch: 2 | loss: 0.3379176
	speed: 0.0030s/iter; left time: 231.8514s
	iters: 3900, epoch: 2 | loss: 0.5592618
	speed: 0.0031s/iter; left time: 234.8348s
	iters: 4000, epoch: 2 | loss: 0.3600154
	speed: 0.0035s/iter; left time: 265.8236s
	iters: 4100, epoch: 2 | loss: 0.4084806
	speed: 0.0035s/iter; left time: 267.8165s
	iters: 4200, epoch: 2 | loss: 0.4167968
	speed: 0.0037s/iter; left time: 280.7248s
Epoch: 2 cost time: 14.290519952774048
Epoch: 2, Steps: 4254 | Train Loss: 0.4788013 Vali Loss: 0.7901722 Test Loss: 0.5286191
Validation loss decreased (1.116323 --> 0.790172).  Saving model ...
Updating learning rate to 0.0025
	iters: 100, epoch: 3 | loss: 0.3926757
	speed: 0.0254s/iter; left time: 1944.3589s
	iters: 200, epoch: 3 | loss: 0.3116682
	speed: 0.0032s/iter; left time: 241.4698s
	iters: 300, epoch: 3 | loss: 0.5187293
	speed: 0.0035s/iter; left time: 266.1948s
	iters: 400, epoch: 3 | loss: 0.3574717
	speed: 0.0040s/iter; left time: 307.7844s
	iters: 500, epoch: 3 | loss: 0.3214124
	speed: 0.0039s/iter; left time: 298.4403s
	iters: 600, epoch: 3 | loss: 0.3121836
	speed: 0.0038s/iter; left time: 285.6581s
	iters: 700, epoch: 3 | loss: 0.3959671
	speed: 0.0037s/iter; left time: 282.4100s
	iters: 800, epoch: 3 | loss: 0.3901783
	speed: 0.0041s/iter; left time: 307.6905s
	iters: 900, epoch: 3 | loss: 0.3113964
	speed: 0.0041s/iter; left time: 310.2603s
	iters: 1000, epoch: 3 | loss: 0.2411324
	speed: 0.0042s/iter; left time: 316.0591s
	iters: 1100, epoch: 3 | loss: 0.3515536
	speed: 0.0040s/iter; left time: 301.1853s
	iters: 1200, epoch: 3 | loss: 0.3097127
	speed: 0.0038s/iter; left time: 283.6614s
	iters: 1300, epoch: 3 | loss: 0.3461057
	speed: 0.0039s/iter; left time: 293.5655s
	iters: 1400, epoch: 3 | loss: 0.3463687
	speed: 0.0035s/iter; left time: 264.1329s
	iters: 1500, epoch: 3 | loss: 0.4129617
	speed: 0.0031s/iter; left time: 234.4016s
	iters: 1600, epoch: 3 | loss: 0.3445806
	speed: 0.0034s/iter; left time: 254.1594s
	iters: 1700, epoch: 3 | loss: 0.2477122
	speed: 0.0033s/iter; left time: 247.8299s
	iters: 1800, epoch: 3 | loss: 0.4178016
	speed: 0.0034s/iter; left time: 253.7345s
	iters: 1900, epoch: 3 | loss: 0.4885542
	speed: 0.0041s/iter; left time: 307.7004s
	iters: 2000, epoch: 3 | loss: 0.2732550
	speed: 0.0041s/iter; left time: 307.4032s
	iters: 2100, epoch: 3 | loss: 0.3253004
	speed: 0.0041s/iter; left time: 303.1071s
	iters: 2200, epoch: 3 | loss: 0.3683661
	speed: 0.0039s/iter; left time: 287.1221s
	iters: 2300, epoch: 3 | loss: 0.3866774
	speed: 0.0039s/iter; left time: 291.5764s
	iters: 2400, epoch: 3 | loss: 0.2521224
	speed: 0.0041s/iter; left time: 305.5934s
	iters: 2500, epoch: 3 | loss: 0.3989378
	speed: 0.0040s/iter; left time: 294.8572s
	iters: 2600, epoch: 3 | loss: 0.2377681
	speed: 0.0040s/iter; left time: 299.0176s
	iters: 2700, epoch: 3 | loss: 0.3837163
	speed: 0.0040s/iter; left time: 291.7990s
	iters: 2800, epoch: 3 | loss: 0.3191348
	speed: 0.0040s/iter; left time: 298.0831s
	iters: 2900, epoch: 3 | loss: 0.3700684
	speed: 0.0041s/iter; left time: 305.0519s
	iters: 3000, epoch: 3 | loss: 0.3290822
	speed: 0.0041s/iter; left time: 300.3299s
	iters: 3100, epoch: 3 | loss: 0.3849083
	speed: 0.0041s/iter; left time: 298.2996s
	iters: 3200, epoch: 3 | loss: 0.5280751
	speed: 0.0041s/iter; left time: 300.1413s
	iters: 3300, epoch: 3 | loss: 0.7494538
	speed: 0.0041s/iter; left time: 301.3956s
	iters: 3400, epoch: 3 | loss: 0.2516815
	speed: 0.0041s/iter; left time: 300.0085s
	iters: 3500, epoch: 3 | loss: 0.4523500
	speed: 0.0040s/iter; left time: 293.2799s
	iters: 3600, epoch: 3 | loss: 0.3546997
	speed: 0.0039s/iter; left time: 282.4487s
	iters: 3700, epoch: 3 | loss: 0.3766891
	speed: 0.0037s/iter; left time: 267.4429s
	iters: 3800, epoch: 3 | loss: 0.3939815
	speed: 0.0038s/iter; left time: 279.6021s
	iters: 3900, epoch: 3 | loss: 0.4733451
	speed: 0.0040s/iter; left time: 289.1252s
	iters: 4000, epoch: 3 | loss: 0.3831006
	speed: 0.0032s/iter; left time: 235.1454s
	iters: 4100, epoch: 3 | loss: 0.3222587
	speed: 0.0031s/iter; left time: 223.3487s
	iters: 4200, epoch: 3 | loss: 0.3359276
	speed: 0.0031s/iter; left time: 221.4603s
Epoch: 3 cost time: 16.172027349472046
Epoch: 3, Steps: 4254 | Train Loss: 0.3684161 Vali Loss: 0.5947221 Test Loss: 0.4162785
Validation loss decreased (0.790172 --> 0.594722).  Saving model ...
Updating learning rate to 0.00125
	iters: 100, epoch: 4 | loss: 0.4049862
	speed: 0.0260s/iter; left time: 1875.4628s
	iters: 200, epoch: 4 | loss: 0.2779641
	speed: 0.0038s/iter; left time: 273.3311s
	iters: 300, epoch: 4 | loss: 0.5544882
	speed: 0.0038s/iter; left time: 275.8725s
	iters: 400, epoch: 4 | loss: 0.4094418
	speed: 0.0039s/iter; left time: 283.5228s
	iters: 500, epoch: 4 | loss: 0.3058560
	speed: 0.0041s/iter; left time: 297.3312s
	iters: 600, epoch: 4 | loss: 0.2022971
	speed: 0.0042s/iter; left time: 299.3807s
	iters: 700, epoch: 4 | loss: 0.3519951
	speed: 0.0041s/iter; left time: 293.6380s
	iters: 800, epoch: 4 | loss: 0.3081325
	speed: 0.0041s/iter; left time: 294.6586s
	iters: 900, epoch: 4 | loss: 0.3203864
	speed: 0.0036s/iter; left time: 259.4629s
	iters: 1000, epoch: 4 | loss: 0.3133856
	speed: 0.0030s/iter; left time: 213.2443s
	iters: 1100, epoch: 4 | loss: 0.3058059
	speed: 0.0028s/iter; left time: 199.4135s
	iters: 1200, epoch: 4 | loss: 0.3429375
	speed: 0.0030s/iter; left time: 216.3458s
	iters: 1300, epoch: 4 | loss: 0.2702228
	speed: 0.0040s/iter; left time: 281.2343s
	iters: 1400, epoch: 4 | loss: 0.3373857
	speed: 0.0035s/iter; left time: 251.0900s
	iters: 1500, epoch: 4 | loss: 0.4593261
	speed: 0.0035s/iter; left time: 247.3759s
	iters: 1600, epoch: 4 | loss: 0.2953773
	speed: 0.0030s/iter; left time: 210.7430s
	iters: 1700, epoch: 4 | loss: 0.3097052
	speed: 0.0031s/iter; left time: 218.2127s
	iters: 1800, epoch: 4 | loss: 0.4271493
	speed: 0.0033s/iter; left time: 230.8316s
	iters: 1900, epoch: 4 | loss: 0.2291013
	speed: 0.0033s/iter; left time: 233.0861s
	iters: 2000, epoch: 4 | loss: 0.2838736
	speed: 0.0026s/iter; left time: 180.7195s
	iters: 2100, epoch: 4 | loss: 0.3567252
	speed: 0.0032s/iter; left time: 222.6561s
	iters: 2200, epoch: 4 | loss: 0.3604785
	speed: 0.0030s/iter; left time: 211.7606s
	iters: 2300, epoch: 4 | loss: 0.3407488
	speed: 0.0030s/iter; left time: 210.0571s
	iters: 2400, epoch: 4 | loss: 0.2920781
	speed: 0.0029s/iter; left time: 202.9094s
	iters: 2500, epoch: 4 | loss: 0.2876082
	speed: 0.0035s/iter; left time: 245.0644s
	iters: 2600, epoch: 4 | loss: 0.3580425
	speed: 0.0032s/iter; left time: 222.4021s
	iters: 2700, epoch: 4 | loss: 0.3532169
	speed: 0.0037s/iter; left time: 258.5617s
	iters: 2800, epoch: 4 | loss: 0.2112805
	speed: 0.0036s/iter; left time: 249.5735s
	iters: 2900, epoch: 4 | loss: 0.2162081
	speed: 0.0036s/iter; left time: 249.2135s
	iters: 3000, epoch: 4 | loss: 0.3758522
	speed: 0.0038s/iter; left time: 263.5847s
	iters: 3100, epoch: 4 | loss: 0.3389989
	speed: 0.0035s/iter; left time: 243.6501s
	iters: 3200, epoch: 4 | loss: 0.2194708
	speed: 0.0034s/iter; left time: 235.8539s
	iters: 3300, epoch: 4 | loss: 0.2526368
	speed: 0.0034s/iter; left time: 234.8140s
	iters: 3400, epoch: 4 | loss: 0.3460957
	speed: 0.0033s/iter; left time: 225.9380s
	iters: 3500, epoch: 4 | loss: 0.3064635
	speed: 0.0034s/iter; left time: 233.2979s
	iters: 3600, epoch: 4 | loss: 0.3297751
	speed: 0.0033s/iter; left time: 226.8082s
	iters: 3700, epoch: 4 | loss: 0.2660065
	speed: 0.0031s/iter; left time: 212.0316s
	iters: 3800, epoch: 4 | loss: 0.2861547
	speed: 0.0031s/iter; left time: 214.4974s
	iters: 3900, epoch: 4 | loss: 0.3265908
	speed: 0.0034s/iter; left time: 235.5415s
	iters: 4000, epoch: 4 | loss: 0.2854406
	speed: 0.0027s/iter; left time: 185.1435s
	iters: 4100, epoch: 4 | loss: 0.1741515
	speed: 0.0026s/iter; left time: 178.0533s
	iters: 4200, epoch: 4 | loss: 0.4761304
	speed: 0.0025s/iter; left time: 168.9342s
Epoch: 4 cost time: 14.324965715408325
Epoch: 4, Steps: 4254 | Train Loss: 0.3262628 Vali Loss: 0.5412987 Test Loss: 0.3612562
Validation loss decreased (0.594722 --> 0.541299).  Saving model ...
Updating learning rate to 0.000625
	iters: 100, epoch: 5 | loss: 0.3762290
	speed: 0.0252s/iter; left time: 1715.9551s
	iters: 200, epoch: 5 | loss: 0.2657565
	speed: 0.0035s/iter; left time: 235.4916s
	iters: 300, epoch: 5 | loss: 0.4771000
	speed: 0.0035s/iter; left time: 234.5646s
	iters: 400, epoch: 5 | loss: 0.4194357
	speed: 0.0036s/iter; left time: 244.2710s
	iters: 500, epoch: 5 | loss: 0.2963832
	speed: 0.0035s/iter; left time: 236.4782s
	iters: 600, epoch: 5 | loss: 0.3553937
	speed: 0.0037s/iter; left time: 250.4303s
	iters: 700, epoch: 5 | loss: 0.2616205
	speed: 0.0038s/iter; left time: 256.3557s
	iters: 800, epoch: 5 | loss: 0.3647285
	speed: 0.0038s/iter; left time: 254.2609s
	iters: 900, epoch: 5 | loss: 0.3144079
	speed: 0.0038s/iter; left time: 258.0608s
	iters: 1000, epoch: 5 | loss: 0.3472943
	speed: 0.0039s/iter; left time: 262.9287s
	iters: 1100, epoch: 5 | loss: 0.3632511
	speed: 0.0040s/iter; left time: 266.7473s
	iters: 1200, epoch: 5 | loss: 0.2357829
	speed: 0.0037s/iter; left time: 248.0670s
	iters: 1300, epoch: 5 | loss: 0.3212009
	speed: 0.0038s/iter; left time: 255.0423s
	iters: 1400, epoch: 5 | loss: 0.2426272
	speed: 0.0038s/iter; left time: 250.8318s
	iters: 1500, epoch: 5 | loss: 0.3897574
	speed: 0.0038s/iter; left time: 250.2807s
	iters: 1600, epoch: 5 | loss: 0.2561448
	speed: 0.0037s/iter; left time: 244.0559s
	iters: 1700, epoch: 5 | loss: 0.2864027
	speed: 0.0034s/iter; left time: 228.3234s
	iters: 1800, epoch: 5 | loss: 0.2981367
	speed: 0.0037s/iter; left time: 245.8430s
	iters: 1900, epoch: 5 | loss: 0.2879921
	speed: 0.0035s/iter; left time: 231.1430s
	iters: 2000, epoch: 5 | loss: 0.3358668
	speed: 0.0035s/iter; left time: 230.5670s
	iters: 2100, epoch: 5 | loss: 0.2445406
	speed: 0.0035s/iter; left time: 232.2235s
	iters: 2200, epoch: 5 | loss: 0.2594811
	speed: 0.0036s/iter; left time: 237.9076s
	iters: 2300, epoch: 5 | loss: 0.3399469
	speed: 0.0037s/iter; left time: 243.9880s
	iters: 2400, epoch: 5 | loss: 0.3260035
	speed: 0.0036s/iter; left time: 237.0527s
	iters: 2500, epoch: 5 | loss: 0.6651595
	speed: 0.0035s/iter; left time: 227.6887s
	iters: 2600, epoch: 5 | loss: 0.3655078
	speed: 0.0036s/iter; left time: 237.6365s
	iters: 2700, epoch: 5 | loss: 0.2547512
	speed: 0.0036s/iter; left time: 234.0063s
	iters: 2800, epoch: 5 | loss: 0.3382753
	speed: 0.0036s/iter; left time: 237.1492s
	iters: 2900, epoch: 5 | loss: 0.4159649
	speed: 0.0029s/iter; left time: 188.8742s
	iters: 3000, epoch: 5 | loss: 0.2551731
	speed: 0.0031s/iter; left time: 201.0501s
	iters: 3100, epoch: 5 | loss: 0.3376995
	speed: 0.0033s/iter; left time: 213.2307s
	iters: 3200, epoch: 5 | loss: 0.3091309
	speed: 0.0039s/iter; left time: 252.9117s
	iters: 3300, epoch: 5 | loss: 0.2642954
	speed: 0.0038s/iter; left time: 248.8508s
	iters: 3400, epoch: 5 | loss: 0.2438184
	speed: 0.0031s/iter; left time: 197.8755s
	iters: 3500, epoch: 5 | loss: 0.2414905
	speed: 0.0030s/iter; left time: 193.6957s
	iters: 3600, epoch: 5 | loss: 0.2409857
	speed: 0.0031s/iter; left time: 203.0637s
	iters: 3700, epoch: 5 | loss: 0.2523752
	speed: 0.0036s/iter; left time: 228.6854s
	iters: 3800, epoch: 5 | loss: 0.2895174
	speed: 0.0030s/iter; left time: 190.8688s
	iters: 3900, epoch: 5 | loss: 0.3518900
	speed: 0.0031s/iter; left time: 198.9105s
	iters: 4000, epoch: 5 | loss: 0.2426642
	speed: 0.0030s/iter; left time: 192.3353s
	iters: 4100, epoch: 5 | loss: 0.2977059
	speed: 0.0032s/iter; left time: 206.6386s
	iters: 4200, epoch: 5 | loss: 0.3698964
	speed: 0.0034s/iter; left time: 215.2251s
Epoch: 5 cost time: 14.94926929473877
Epoch: 5, Steps: 4254 | Train Loss: 0.3063947 Vali Loss: 0.5123227 Test Loss: 0.3447772
Validation loss decreased (0.541299 --> 0.512323).  Saving model ...
Updating learning rate to 0.0003125
	iters: 100, epoch: 6 | loss: 0.3051047
	speed: 0.0267s/iter; left time: 1702.1919s
	iters: 200, epoch: 6 | loss: 0.3183903
	speed: 0.0034s/iter; left time: 218.8222s
	iters: 300, epoch: 6 | loss: 0.4060815
	speed: 0.0034s/iter; left time: 215.4337s
	iters: 400, epoch: 6 | loss: 0.2096668
	speed: 0.0036s/iter; left time: 230.8164s
	iters: 500, epoch: 6 | loss: 0.5596921
	speed: 0.0025s/iter; left time: 155.1484s
	iters: 600, epoch: 6 | loss: 0.2617009
	speed: 0.0031s/iter; left time: 193.6716s
	iters: 700, epoch: 6 | loss: 0.3163132
	speed: 0.0028s/iter; left time: 179.2373s
	iters: 800, epoch: 6 | loss: 0.3605685
	speed: 0.0026s/iter; left time: 163.8269s
	iters: 900, epoch: 6 | loss: 0.2185598
	speed: 0.0031s/iter; left time: 191.9143s
	iters: 1000, epoch: 6 | loss: 0.2836629
	speed: 0.0038s/iter; left time: 235.6687s
	iters: 1100, epoch: 6 | loss: 0.2636566
	speed: 0.0037s/iter; left time: 231.4037s
	iters: 1200, epoch: 6 | loss: 0.2828308
	speed: 0.0034s/iter; left time: 211.7685s
	iters: 1300, epoch: 6 | loss: 0.3579618
	speed: 0.0035s/iter; left time: 217.5763s
	iters: 1400, epoch: 6 | loss: 0.2646357
	speed: 0.0037s/iter; left time: 229.0487s
	iters: 1500, epoch: 6 | loss: 0.3145038
	speed: 0.0037s/iter; left time: 230.1243s
	iters: 1600, epoch: 6 | loss: 0.3279921
	speed: 0.0037s/iter; left time: 232.6690s
	iters: 1700, epoch: 6 | loss: 0.2382384
	speed: 0.0038s/iter; left time: 232.9485s
	iters: 1800, epoch: 6 | loss: 0.2013466
	speed: 0.0038s/iter; left time: 237.6978s
	iters: 1900, epoch: 6 | loss: 0.2505987
	speed: 0.0042s/iter; left time: 256.9317s
	iters: 2000, epoch: 6 | loss: 0.2744567
	speed: 0.0039s/iter; left time: 238.7450s
	iters: 2100, epoch: 6 | loss: 0.6282583
	speed: 0.0031s/iter; left time: 193.1556s
	iters: 2200, epoch: 6 | loss: 0.2324103
	speed: 0.0037s/iter; left time: 229.1926s
	iters: 2300, epoch: 6 | loss: 0.2676776
	speed: 0.0037s/iter; left time: 226.4805s
	iters: 2400, epoch: 6 | loss: 0.2320329
	speed: 0.0038s/iter; left time: 235.2357s
	iters: 2500, epoch: 6 | loss: 0.2537271
	speed: 0.0036s/iter; left time: 219.4934s
	iters: 2600, epoch: 6 | loss: 0.2517665
	speed: 0.0034s/iter; left time: 208.9431s
	iters: 2700, epoch: 6 | loss: 0.4111749
	speed: 0.0038s/iter; left time: 235.1915s
	iters: 2800, epoch: 6 | loss: 0.2826807
	speed: 0.0038s/iter; left time: 232.4522s
	iters: 2900, epoch: 6 | loss: 0.2072916
	speed: 0.0036s/iter; left time: 216.4092s
	iters: 3000, epoch: 6 | loss: 0.3051341
	speed: 0.0034s/iter; left time: 208.5850s
	iters: 3100, epoch: 6 | loss: 0.3307408
	speed: 0.0030s/iter; left time: 180.3087s
	iters: 3200, epoch: 6 | loss: 0.1444436
	speed: 0.0038s/iter; left time: 228.0648s
	iters: 3300, epoch: 6 | loss: 0.1952370
	speed: 0.0030s/iter; left time: 180.9276s
	iters: 3400, epoch: 6 | loss: 0.2289879
	speed: 0.0028s/iter; left time: 169.1505s
	iters: 3500, epoch: 6 | loss: 0.2879587
	speed: 0.0035s/iter; left time: 210.7284s
	iters: 3600, epoch: 6 | loss: 0.3521073
	speed: 0.0038s/iter; left time: 230.0429s
	iters: 3700, epoch: 6 | loss: 0.2728268
	speed: 0.0038s/iter; left time: 230.3520s
	iters: 3800, epoch: 6 | loss: 0.2111142
	speed: 0.0034s/iter; left time: 201.6372s
	iters: 3900, epoch: 6 | loss: 0.3012387
	speed: 0.0030s/iter; left time: 176.9040s
	iters: 4000, epoch: 6 | loss: 0.3983409
	speed: 0.0035s/iter; left time: 211.3026s
	iters: 4100, epoch: 6 | loss: 0.2291806
	speed: 0.0034s/iter; left time: 203.0172s
	iters: 4200, epoch: 6 | loss: 0.2965955
	speed: 0.0038s/iter; left time: 227.0071s
Epoch: 6 cost time: 14.782262325286865
Epoch: 6, Steps: 4254 | Train Loss: 0.2962728 Vali Loss: 0.4916589 Test Loss: 0.3417715
Validation loss decreased (0.512323 --> 0.491659).  Saving model ...
Updating learning rate to 0.00015625
	iters: 100, epoch: 7 | loss: 0.3026539
	speed: 0.0283s/iter; left time: 1680.1401s
	iters: 200, epoch: 7 | loss: 0.1634506
	speed: 0.0032s/iter; left time: 190.5360s
	iters: 300, epoch: 7 | loss: 0.2593348
	speed: 0.0035s/iter; left time: 205.0497s
	iters: 400, epoch: 7 | loss: 0.2192842
	speed: 0.0036s/iter; left time: 210.0081s
	iters: 500, epoch: 7 | loss: 0.2272928
	speed: 0.0035s/iter; left time: 209.6521s
	iters: 600, epoch: 7 | loss: 0.2395522
	speed: 0.0036s/iter; left time: 211.8060s
	iters: 700, epoch: 7 | loss: 0.2122911
	speed: 0.0034s/iter; left time: 198.8407s
	iters: 800, epoch: 7 | loss: 0.6292560
	speed: 0.0033s/iter; left time: 191.5472s
	iters: 900, epoch: 7 | loss: 0.3458760
	speed: 0.0031s/iter; left time: 182.5707s
	iters: 1000, epoch: 7 | loss: 0.2152058
	speed: 0.0034s/iter; left time: 199.6786s
	iters: 1100, epoch: 7 | loss: 0.2521178
	speed: 0.0028s/iter; left time: 162.5447s
	iters: 1200, epoch: 7 | loss: 0.2498712
	speed: 0.0030s/iter; left time: 176.4348s
	iters: 1300, epoch: 7 | loss: 0.3800594
	speed: 0.0031s/iter; left time: 178.8488s
	iters: 1400, epoch: 7 | loss: 0.2989551
	speed: 0.0031s/iter; left time: 177.9594s
	iters: 1500, epoch: 7 | loss: 0.3707230
	speed: 0.0035s/iter; left time: 205.0682s
	iters: 1600, epoch: 7 | loss: 0.3185115
	speed: 0.0031s/iter; left time: 180.2459s
	iters: 1700, epoch: 7 | loss: 0.2428798
	speed: 0.0029s/iter; left time: 164.8928s
	iters: 1800, epoch: 7 | loss: 0.1818828
	speed: 0.0030s/iter; left time: 175.1115s
	iters: 1900, epoch: 7 | loss: 0.3654411
	speed: 0.0039s/iter; left time: 222.0010s
	iters: 2000, epoch: 7 | loss: 0.2844976
	speed: 0.0038s/iter; left time: 221.5938s
	iters: 2100, epoch: 7 | loss: 0.3114012
	speed: 0.0038s/iter; left time: 215.6662s
	iters: 2200, epoch: 7 | loss: 0.2185538
	speed: 0.0036s/iter; left time: 208.2060s
	iters: 2300, epoch: 7 | loss: 0.4013582
	speed: 0.0034s/iter; left time: 194.6976s
	iters: 2400, epoch: 7 | loss: 0.4999989
	speed: 0.0034s/iter; left time: 193.3094s
	iters: 2500, epoch: 7 | loss: 0.2769426
	speed: 0.0033s/iter; left time: 188.2889s
	iters: 2600, epoch: 7 | loss: 0.2911509
	speed: 0.0033s/iter; left time: 189.0970s
	iters: 2700, epoch: 7 | loss: 0.3785297
	speed: 0.0037s/iter; left time: 211.6970s
	iters: 2800, epoch: 7 | loss: 0.2537667
	speed: 0.0038s/iter; left time: 212.8397s
	iters: 2900, epoch: 7 | loss: 0.2876571
	speed: 0.0037s/iter; left time: 209.2275s
	iters: 3000, epoch: 7 | loss: 0.2965832
	speed: 0.0033s/iter; left time: 184.3772s
	iters: 3100, epoch: 7 | loss: 0.3040579
	speed: 0.0031s/iter; left time: 177.3083s
	iters: 3200, epoch: 7 | loss: 0.2296791
	speed: 0.0029s/iter; left time: 165.1275s
	iters: 3300, epoch: 7 | loss: 0.2333917
	speed: 0.0035s/iter; left time: 197.0526s
	iters: 3400, epoch: 7 | loss: 0.1905809
	speed: 0.0031s/iter; left time: 175.2084s
	iters: 3500, epoch: 7 | loss: 0.2271147
	speed: 0.0037s/iter; left time: 207.0179s
	iters: 3600, epoch: 7 | loss: 0.2625049
	speed: 0.0032s/iter; left time: 177.9441s
	iters: 3700, epoch: 7 | loss: 0.2250556
	speed: 0.0030s/iter; left time: 169.7426s
	iters: 3800, epoch: 7 | loss: 0.2670633
	speed: 0.0030s/iter; left time: 166.7128s
	iters: 3900, epoch: 7 | loss: 0.2452939
	speed: 0.0032s/iter; left time: 176.6028s
	iters: 4000, epoch: 7 | loss: 0.4710192
	speed: 0.0038s/iter; left time: 210.0040s
	iters: 4100, epoch: 7 | loss: 0.2265965
	speed: 0.0033s/iter; left time: 183.0083s
	iters: 4200, epoch: 7 | loss: 0.3397809
	speed: 0.0033s/iter; left time: 180.6131s
Epoch: 7 cost time: 14.1865234375
Epoch: 7, Steps: 4254 | Train Loss: 0.2912431 Vali Loss: 0.5035851 Test Loss: 0.3317321
EarlyStopping counter: 1 out of 5
Updating learning rate to 7.8125e-05
	iters: 100, epoch: 8 | loss: 0.2292005
	speed: 0.0272s/iter; left time: 1503.1281s
	iters: 200, epoch: 8 | loss: 0.2115843
	speed: 0.0039s/iter; left time: 215.4866s
	iters: 300, epoch: 8 | loss: 0.2171870
	speed: 0.0040s/iter; left time: 221.0361s
	iters: 400, epoch: 8 | loss: 0.1916129
	speed: 0.0037s/iter; left time: 204.2884s
	iters: 500, epoch: 8 | loss: 0.2968682
	speed: 0.0040s/iter; left time: 220.3101s
	iters: 600, epoch: 8 | loss: 0.3667426
	speed: 0.0040s/iter; left time: 217.1981s
	iters: 700, epoch: 8 | loss: 0.3276832
	speed: 0.0035s/iter; left time: 192.8690s
	iters: 800, epoch: 8 | loss: 0.3151134
	speed: 0.0036s/iter; left time: 196.7553s
	iters: 900, epoch: 8 | loss: 0.3337397
	speed: 0.0031s/iter; left time: 170.9344s
	iters: 1000, epoch: 8 | loss: 0.2890087
	speed: 0.0037s/iter; left time: 202.2451s
	iters: 1100, epoch: 8 | loss: 0.3248489
	speed: 0.0036s/iter; left time: 196.2160s
	iters: 1200, epoch: 8 | loss: 0.5571289
	speed: 0.0027s/iter; left time: 146.7559s
	iters: 1300, epoch: 8 | loss: 0.3213185
	speed: 0.0032s/iter; left time: 173.3497s
	iters: 1400, epoch: 8 | loss: 0.2769645
	speed: 0.0029s/iter; left time: 155.2598s
	iters: 1500, epoch: 8 | loss: 0.3210843
	speed: 0.0025s/iter; left time: 132.3562s
	iters: 1600, epoch: 8 | loss: 0.2246359
	speed: 0.0024s/iter; left time: 131.1521s
	iters: 1700, epoch: 8 | loss: 0.2102783
	speed: 0.0030s/iter; left time: 159.2024s
	iters: 1800, epoch: 8 | loss: 0.2399086
	speed: 0.0036s/iter; left time: 190.9116s
	iters: 1900, epoch: 8 | loss: 0.2895587
	speed: 0.0038s/iter; left time: 200.3640s
	iters: 2000, epoch: 8 | loss: 0.2624955
	speed: 0.0031s/iter; left time: 165.2385s
	iters: 2100, epoch: 8 | loss: 0.2478238
	speed: 0.0026s/iter; left time: 135.6677s
	iters: 2200, epoch: 8 | loss: 0.2464375
	speed: 0.0026s/iter; left time: 137.0059s
	iters: 2300, epoch: 8 | loss: 0.2376499
	speed: 0.0028s/iter; left time: 149.0677s
	iters: 2400, epoch: 8 | loss: 0.2549853
	speed: 0.0035s/iter; left time: 183.0449s
	iters: 2500, epoch: 8 | loss: 0.3408259
	speed: 0.0037s/iter; left time: 195.8998s
	iters: 2600, epoch: 8 | loss: 0.2654120
	speed: 0.0033s/iter; left time: 171.4515s
	iters: 2700, epoch: 8 | loss: 0.2330695
	speed: 0.0034s/iter; left time: 176.2478s
	iters: 2800, epoch: 8 | loss: 0.3354628
	speed: 0.0035s/iter; left time: 181.6602s
	iters: 2900, epoch: 8 | loss: 0.3217318
	speed: 0.0034s/iter; left time: 176.7627s
	iters: 3000, epoch: 8 | loss: 0.3510592
	speed: 0.0037s/iter; left time: 196.1359s
	iters: 3100, epoch: 8 | loss: 0.2258474
	speed: 0.0038s/iter; left time: 199.4431s
	iters: 3200, epoch: 8 | loss: 0.2687185
	speed: 0.0038s/iter; left time: 196.9484s
	iters: 3300, epoch: 8 | loss: 0.4886496
	speed: 0.0041s/iter; left time: 212.0980s
	iters: 3400, epoch: 8 | loss: 0.2341686
	speed: 0.0042s/iter; left time: 216.5776s
	iters: 3500, epoch: 8 | loss: 0.4178797
	speed: 0.0042s/iter; left time: 216.5362s
	iters: 3600, epoch: 8 | loss: 0.5754603
	speed: 0.0039s/iter; left time: 203.3255s
	iters: 3700, epoch: 8 | loss: 0.2560062
	speed: 0.0037s/iter; left time: 192.9945s
	iters: 3800, epoch: 8 | loss: 0.2977529
	speed: 0.0037s/iter; left time: 191.1019s
	iters: 3900, epoch: 8 | loss: 0.2805479
	speed: 0.0036s/iter; left time: 184.1862s
	iters: 4000, epoch: 8 | loss: 0.2110885
	speed: 0.0035s/iter; left time: 181.0992s
	iters: 4100, epoch: 8 | loss: 0.3036067
	speed: 0.0037s/iter; left time: 186.8910s
	iters: 4200, epoch: 8 | loss: 0.2491843
	speed: 0.0038s/iter; left time: 195.8591s
Epoch: 8 cost time: 14.845792293548584
Epoch: 8, Steps: 4254 | Train Loss: 0.2884381 Vali Loss: 0.4795363 Test Loss: 0.3292513
Validation loss decreased (0.491659 --> 0.479536).  Saving model ...
Updating learning rate to 3.90625e-05
	iters: 100, epoch: 9 | loss: 0.2961098
	speed: 0.0304s/iter; left time: 1550.3365s
	iters: 200, epoch: 9 | loss: 0.2528105
	speed: 0.0041s/iter; left time: 206.4474s
	iters: 300, epoch: 9 | loss: 0.3749044
	speed: 0.0040s/iter; left time: 203.0165s
	iters: 400, epoch: 9 | loss: 0.1958673
	speed: 0.0029s/iter; left time: 148.4016s
	iters: 500, epoch: 9 | loss: 0.3485721
	speed: 0.0025s/iter; left time: 126.8771s
	iters: 600, epoch: 9 | loss: 0.2694347
	speed: 0.0033s/iter; left time: 166.5888s
	iters: 700, epoch: 9 | loss: 0.4218693
	speed: 0.0040s/iter; left time: 203.4362s
	iters: 800, epoch: 9 | loss: 0.2677779
	speed: 0.0039s/iter; left time: 194.4651s
	iters: 900, epoch: 9 | loss: 0.2731110
	speed: 0.0038s/iter; left time: 192.7490s
	iters: 1000, epoch: 9 | loss: 0.1662706
	speed: 0.0036s/iter; left time: 177.6740s
	iters: 1100, epoch: 9 | loss: 0.2630418
	speed: 0.0036s/iter; left time: 178.2567s
	iters: 1200, epoch: 9 | loss: 0.3672505
	speed: 0.0037s/iter; left time: 183.0518s
	iters: 1300, epoch: 9 | loss: 0.3818378
	speed: 0.0037s/iter; left time: 182.0819s
	iters: 1400, epoch: 9 | loss: 0.2862339
	speed: 0.0037s/iter; left time: 185.3555s
	iters: 1500, epoch: 9 | loss: 0.3010827
	speed: 0.0037s/iter; left time: 181.3796s
	iters: 1600, epoch: 9 | loss: 0.1911599
	speed: 0.0038s/iter; left time: 189.3893s
	iters: 1700, epoch: 9 | loss: 0.2105442
	speed: 0.0038s/iter; left time: 188.6180s
	iters: 1800, epoch: 9 | loss: 0.3168921
	speed: 0.0038s/iter; left time: 189.1432s
	iters: 1900, epoch: 9 | loss: 0.2653884
	speed: 0.0038s/iter; left time: 184.7994s
	iters: 2000, epoch: 9 | loss: 0.3101462
	speed: 0.0033s/iter; left time: 161.0299s
	iters: 2100, epoch: 9 | loss: 0.2693450
	speed: 0.0028s/iter; left time: 139.5045s
	iters: 2200, epoch: 9 | loss: 0.2832616
	speed: 0.0042s/iter; left time: 203.7274s
	iters: 2300, epoch: 9 | loss: 0.2024156
	speed: 0.0040s/iter; left time: 196.1544s
	iters: 2400, epoch: 9 | loss: 0.2644161
	speed: 0.0038s/iter; left time: 185.8384s
	iters: 2500, epoch: 9 | loss: 0.2964922
	speed: 0.0039s/iter; left time: 187.9364s
	iters: 2600, epoch: 9 | loss: 0.2297104
	speed: 0.0029s/iter; left time: 142.4393s
	iters: 2700, epoch: 9 | loss: 0.2685283
	speed: 0.0036s/iter; left time: 174.0558s
	iters: 2800, epoch: 9 | loss: 0.2428833
	speed: 0.0037s/iter; left time: 179.5784s
	iters: 2900, epoch: 9 | loss: 0.2684177
	speed: 0.0038s/iter; left time: 181.5229s
	iters: 3000, epoch: 9 | loss: 0.2529835
	speed: 0.0038s/iter; left time: 180.6880s
	iters: 3100, epoch: 9 | loss: 0.3086162
	speed: 0.0037s/iter; left time: 177.5521s
	iters: 3200, epoch: 9 | loss: 0.2430879
	speed: 0.0038s/iter; left time: 179.9125s
	iters: 3300, epoch: 9 | loss: 0.3152365
	speed: 0.0031s/iter; left time: 148.0220s
	iters: 3400, epoch: 9 | loss: 0.2579920
	speed: 0.0031s/iter; left time: 149.7380s
	iters: 3500, epoch: 9 | loss: 0.2535280
	speed: 0.0031s/iter; left time: 146.4502s
	iters: 3600, epoch: 9 | loss: 0.2503536
	speed: 0.0031s/iter; left time: 146.6185s
	iters: 3700, epoch: 9 | loss: 0.3866356
	speed: 0.0031s/iter; left time: 146.8839s
	iters: 3800, epoch: 9 | loss: 0.2201587
	speed: 0.0034s/iter; left time: 162.5665s
	iters: 3900, epoch: 9 | loss: 0.3746971
	speed: 0.0035s/iter; left time: 163.5422s
	iters: 4000, epoch: 9 | loss: 0.4306903
	speed: 0.0036s/iter; left time: 170.8935s
	iters: 4100, epoch: 9 | loss: 0.1840727
	speed: 0.0032s/iter; left time: 149.7670s
	iters: 4200, epoch: 9 | loss: 0.4398718
	speed: 0.0036s/iter; left time: 167.2777s
Epoch: 9 cost time: 15.181933403015137
Epoch: 9, Steps: 4254 | Train Loss: 0.2871644 Vali Loss: 0.4840032 Test Loss: 0.3277155
EarlyStopping counter: 1 out of 5
Updating learning rate to 1.953125e-05
	iters: 100, epoch: 10 | loss: 0.3660733
	speed: 0.0256s/iter; left time: 1197.6655s
	iters: 200, epoch: 10 | loss: 0.2463841
	speed: 0.0032s/iter; left time: 147.2396s
	iters: 300, epoch: 10 | loss: 0.3157160
	speed: 0.0032s/iter; left time: 148.4686s
	iters: 400, epoch: 10 | loss: 0.2955607
	speed: 0.0035s/iter; left time: 164.2365s
	iters: 500, epoch: 10 | loss: 0.3667508
	speed: 0.0034s/iter; left time: 158.3036s
	iters: 600, epoch: 10 | loss: 0.3040134
	speed: 0.0034s/iter; left time: 156.2283s
	iters: 700, epoch: 10 | loss: 0.2916382
	speed: 0.0035s/iter; left time: 160.4112s
	iters: 800, epoch: 10 | loss: 0.2514535
	speed: 0.0029s/iter; left time: 133.8449s
	iters: 900, epoch: 10 | loss: 0.3009172
	speed: 0.0027s/iter; left time: 122.1777s
	iters: 1000, epoch: 10 | loss: 0.2086761
	speed: 0.0038s/iter; left time: 173.1247s
	iters: 1100, epoch: 10 | loss: 0.4140347
	speed: 0.0040s/iter; left time: 182.3226s
	iters: 1200, epoch: 10 | loss: 0.2650166
	speed: 0.0040s/iter; left time: 180.6646s
	iters: 1300, epoch: 10 | loss: 0.2164859
	speed: 0.0039s/iter; left time: 175.1794s
	iters: 1400, epoch: 10 | loss: 0.2796198
	speed: 0.0034s/iter; left time: 154.3432s
	iters: 1500, epoch: 10 | loss: 0.2033644
	speed: 0.0034s/iter; left time: 152.8014s
	iters: 1600, epoch: 10 | loss: 0.2947608
	speed: 0.0034s/iter; left time: 154.2387s
	iters: 1700, epoch: 10 | loss: 0.1730549
	speed: 0.0031s/iter; left time: 140.2656s
	iters: 1800, epoch: 10 | loss: 0.3224003
	speed: 0.0035s/iter; left time: 155.3672s
	iters: 1900, epoch: 10 | loss: 0.3187610
	speed: 0.0040s/iter; left time: 181.8247s
	iters: 2000, epoch: 10 | loss: 0.2894487
	speed: 0.0041s/iter; left time: 183.7229s
	iters: 2100, epoch: 10 | loss: 0.3658779
	speed: 0.0041s/iter; left time: 181.4617s
	iters: 2200, epoch: 10 | loss: 0.3019975
	speed: 0.0038s/iter; left time: 169.4620s
	iters: 2300, epoch: 10 | loss: 0.2474076
	speed: 0.0038s/iter; left time: 170.0659s
	iters: 2400, epoch: 10 | loss: 0.2734460
	speed: 0.0034s/iter; left time: 150.5127s
	iters: 2500, epoch: 10 | loss: 0.3163445
	speed: 0.0035s/iter; left time: 155.4769s
	iters: 2600, epoch: 10 | loss: 0.2834164
	speed: 0.0033s/iter; left time: 147.7457s
	iters: 2700, epoch: 10 | loss: 0.2928745
	speed: 0.0033s/iter; left time: 147.2771s
	iters: 2800, epoch: 10 | loss: 0.2786752
	speed: 0.0031s/iter; left time: 136.8247s
	iters: 2900, epoch: 10 | loss: 0.3221639
	speed: 0.0036s/iter; left time: 159.8842s
	iters: 3000, epoch: 10 | loss: 0.3786557
	speed: 0.0037s/iter; left time: 162.0417s
	iters: 3100, epoch: 10 | loss: 0.2100189
	speed: 0.0039s/iter; left time: 169.1916s
	iters: 3200, epoch: 10 | loss: 0.2445145
	speed: 0.0038s/iter; left time: 167.4333s
	iters: 3300, epoch: 10 | loss: 0.2488030
	speed: 0.0033s/iter; left time: 145.2728s
	iters: 3400, epoch: 10 | loss: 0.1890243
	speed: 0.0036s/iter; left time: 155.0400s
	iters: 3500, epoch: 10 | loss: 0.3342630
	speed: 0.0036s/iter; left time: 158.0261s
	iters: 3600, epoch: 10 | loss: 0.2551208
	speed: 0.0037s/iter; left time: 158.1204s
	iters: 3700, epoch: 10 | loss: 0.2545427
	speed: 0.0036s/iter; left time: 156.0994s
	iters: 3800, epoch: 10 | loss: 0.2412914
	speed: 0.0036s/iter; left time: 156.5020s
	iters: 3900, epoch: 10 | loss: 0.2657573
	speed: 0.0036s/iter; left time: 153.5635s
	iters: 4000, epoch: 10 | loss: 0.3716028
	speed: 0.0036s/iter; left time: 154.5991s
	iters: 4100, epoch: 10 | loss: 0.1907853
	speed: 0.0037s/iter; left time: 158.3993s
	iters: 4200, epoch: 10 | loss: 0.2892426
	speed: 0.0038s/iter; left time: 163.6924s
Epoch: 10 cost time: 15.112355709075928
Epoch: 10, Steps: 4254 | Train Loss: 0.2863784 Vali Loss: 0.4827749 Test Loss: 0.3279288
EarlyStopping counter: 2 out of 5
Updating learning rate to 9.765625e-06
	iters: 100, epoch: 11 | loss: 0.2652802
	speed: 0.0279s/iter; left time: 1184.3584s
	iters: 200, epoch: 11 | loss: 0.2344249
	speed: 0.0038s/iter; left time: 158.8859s
	iters: 300, epoch: 11 | loss: 0.2480535
	speed: 0.0036s/iter; left time: 150.8004s
	iters: 400, epoch: 11 | loss: 0.1880495
	speed: 0.0031s/iter; left time: 129.7941s
	iters: 500, epoch: 11 | loss: 0.3969611
	speed: 0.0033s/iter; left time: 140.1271s
	iters: 600, epoch: 11 | loss: 0.2596495
	speed: 0.0035s/iter; left time: 146.8090s
	iters: 700, epoch: 11 | loss: 0.2633904
	speed: 0.0035s/iter; left time: 146.4435s
	iters: 800, epoch: 11 | loss: 0.3579431
	speed: 0.0035s/iter; left time: 147.4265s
	iters: 900, epoch: 11 | loss: 0.2864614
	speed: 0.0034s/iter; left time: 141.9951s
	iters: 1000, epoch: 11 | loss: 0.2856506
	speed: 0.0036s/iter; left time: 147.4888s
	iters: 1100, epoch: 11 | loss: 0.3406015
	speed: 0.0039s/iter; left time: 160.0347s
	iters: 1200, epoch: 11 | loss: 0.2451794
	speed: 0.0034s/iter; left time: 141.7994s
	iters: 1300, epoch: 11 | loss: 0.2902021
	speed: 0.0034s/iter; left time: 139.8096s
	iters: 1400, epoch: 11 | loss: 0.1694678
	speed: 0.0036s/iter; left time: 149.7541s
	iters: 1500, epoch: 11 | loss: 0.3199120
	speed: 0.0040s/iter; left time: 164.5747s
	iters: 1600, epoch: 11 | loss: 0.2810879
	speed: 0.0040s/iter; left time: 161.8029s
	iters: 1700, epoch: 11 | loss: 0.2835854
	speed: 0.0040s/iter; left time: 164.2030s
	iters: 1800, epoch: 11 | loss: 0.2201969
	speed: 0.0040s/iter; left time: 161.4319s
	iters: 1900, epoch: 11 | loss: 0.2424158
	speed: 0.0037s/iter; left time: 150.8442s
	iters: 2000, epoch: 11 | loss: 0.1839840
	speed: 0.0037s/iter; left time: 148.3798s
	iters: 2100, epoch: 11 | loss: 0.1899257
	speed: 0.0035s/iter; left time: 142.4669s
	iters: 2200, epoch: 11 | loss: 0.3539309
	speed: 0.0032s/iter; left time: 129.0911s
	iters: 2300, epoch: 11 | loss: 0.3487855
	speed: 0.0032s/iter; left time: 129.9787s
	iters: 2400, epoch: 11 | loss: 0.2426710
	speed: 0.0036s/iter; left time: 144.1824s
	iters: 2500, epoch: 11 | loss: 0.2772029
	speed: 0.0031s/iter; left time: 123.7495s
	iters: 2600, epoch: 11 | loss: 0.2447000
	speed: 0.0031s/iter; left time: 122.2195s
	iters: 2700, epoch: 11 | loss: 0.2131326
	speed: 0.0031s/iter; left time: 122.7703s
	iters: 2800, epoch: 11 | loss: 0.2504084
	speed: 0.0036s/iter; left time: 143.0668s
	iters: 2900, epoch: 11 | loss: 0.2916650
	speed: 0.0033s/iter; left time: 129.2529s
	iters: 3000, epoch: 11 | loss: 0.2256866
	speed: 0.0033s/iter; left time: 132.1875s
	iters: 3100, epoch: 11 | loss: 0.2216136
	speed: 0.0036s/iter; left time: 143.5661s
	iters: 3200, epoch: 11 | loss: 0.4203451
	speed: 0.0035s/iter; left time: 138.0868s
	iters: 3300, epoch: 11 | loss: 0.2941153
	speed: 0.0034s/iter; left time: 134.3179s
	iters: 3400, epoch: 11 | loss: 0.2250902
	speed: 0.0037s/iter; left time: 146.3882s
	iters: 3500, epoch: 11 | loss: 0.2548965
	speed: 0.0037s/iter; left time: 146.4026s
	iters: 3600, epoch: 11 | loss: 0.2894470
	speed: 0.0030s/iter; left time: 116.1201s
	iters: 3700, epoch: 11 | loss: 0.3266160
	speed: 0.0034s/iter; left time: 130.5266s
	iters: 3800, epoch: 11 | loss: 0.3731996
	speed: 0.0038s/iter; left time: 147.9910s
	iters: 3900, epoch: 11 | loss: 0.2378918
	speed: 0.0036s/iter; left time: 138.8303s
	iters: 4000, epoch: 11 | loss: 0.3524780
	speed: 0.0030s/iter; left time: 114.8522s
	iters: 4100, epoch: 11 | loss: 0.5356911
	speed: 0.0029s/iter; left time: 111.8833s
	iters: 4200, epoch: 11 | loss: 0.3489272
	speed: 0.0031s/iter; left time: 120.4897s
Epoch: 11 cost time: 14.813862085342407
Epoch: 11, Steps: 4254 | Train Loss: 0.2860157 Vali Loss: 0.4830947 Test Loss: 0.3271813
EarlyStopping counter: 3 out of 5
Updating learning rate to 4.8828125e-06
	iters: 100, epoch: 12 | loss: 0.2608094
	speed: 0.0238s/iter; left time: 910.5628s
	iters: 200, epoch: 12 | loss: 0.2534183
	speed: 0.0035s/iter; left time: 132.9236s
	iters: 300, epoch: 12 | loss: 0.2834166
	speed: 0.0032s/iter; left time: 123.2106s
	iters: 400, epoch: 12 | loss: 0.3070397
	speed: 0.0035s/iter; left time: 133.3624s
	iters: 500, epoch: 12 | loss: 0.2124062
	speed: 0.0036s/iter; left time: 134.9229s
	iters: 600, epoch: 12 | loss: 0.3239625
	speed: 0.0038s/iter; left time: 143.6836s
	iters: 700, epoch: 12 | loss: 0.2548416
	speed: 0.0036s/iter; left time: 134.5618s
	iters: 800, epoch: 12 | loss: 0.2716678
	speed: 0.0036s/iter; left time: 133.7660s
	iters: 900, epoch: 12 | loss: 0.2981334
	speed: 0.0035s/iter; left time: 132.4464s
	iters: 1000, epoch: 12 | loss: 0.3485527
	speed: 0.0036s/iter; left time: 133.8601s
	iters: 1100, epoch: 12 | loss: 0.2452646
	speed: 0.0027s/iter; left time: 102.2641s
	iters: 1200, epoch: 12 | loss: 0.2137770
	speed: 0.0031s/iter; left time: 113.1942s
	iters: 1300, epoch: 12 | loss: 0.2228477
	speed: 0.0035s/iter; left time: 130.8754s
	iters: 1400, epoch: 12 | loss: 0.4259396
	speed: 0.0033s/iter; left time: 121.7272s
	iters: 1500, epoch: 12 | loss: 0.4274533
	speed: 0.0036s/iter; left time: 132.1628s
	iters: 1600, epoch: 12 | loss: 0.2618227
	speed: 0.0035s/iter; left time: 127.6722s
	iters: 1700, epoch: 12 | loss: 0.3051968
	speed: 0.0033s/iter; left time: 119.6592s
	iters: 1800, epoch: 12 | loss: 0.2537704
	speed: 0.0035s/iter; left time: 125.9988s
	iters: 1900, epoch: 12 | loss: 0.2208917
	speed: 0.0035s/iter; left time: 127.7181s
	iters: 2000, epoch: 12 | loss: 0.2584086
	speed: 0.0035s/iter; left time: 125.6368s
	iters: 2100, epoch: 12 | loss: 0.5699817
	speed: 0.0032s/iter; left time: 114.3693s
	iters: 2200, epoch: 12 | loss: 0.2879786
	speed: 0.0033s/iter; left time: 119.0872s
	iters: 2300, epoch: 12 | loss: 0.4731990
	speed: 0.0035s/iter; left time: 125.6174s
	iters: 2400, epoch: 12 | loss: 0.2442755
	speed: 0.0036s/iter; left time: 130.6294s
	iters: 2500, epoch: 12 | loss: 0.5353277
	speed: 0.0035s/iter; left time: 124.5570s
	iters: 2600, epoch: 12 | loss: 0.2650714
	speed: 0.0034s/iter; left time: 119.6634s
	iters: 2700, epoch: 12 | loss: 0.2582084
	speed: 0.0034s/iter; left time: 122.4193s
	iters: 2800, epoch: 12 | loss: 0.3001161
	speed: 0.0035s/iter; left time: 123.8491s
	iters: 2900, epoch: 12 | loss: 0.1981586
	speed: 0.0036s/iter; left time: 125.7076s
	iters: 3000, epoch: 12 | loss: 0.2568876
	speed: 0.0038s/iter; left time: 132.6795s
	iters: 3100, epoch: 12 | loss: 0.3769701
	speed: 0.0035s/iter; left time: 124.5617s
	iters: 3200, epoch: 12 | loss: 0.2286616
	speed: 0.0031s/iter; left time: 109.5385s
	iters: 3300, epoch: 12 | loss: 0.2128169
	speed: 0.0035s/iter; left time: 123.8759s
	iters: 3400, epoch: 12 | loss: 0.2325173
	speed: 0.0034s/iter; left time: 117.2203s
	iters: 3500, epoch: 12 | loss: 0.2742368
	speed: 0.0036s/iter; left time: 124.9588s
	iters: 3600, epoch: 12 | loss: 0.2777724
	speed: 0.0036s/iter; left time: 126.2609s
	iters: 3700, epoch: 12 | loss: 0.2876548
	speed: 0.0039s/iter; left time: 136.2900s
	iters: 3800, epoch: 12 | loss: 0.3228643
	speed: 0.0037s/iter; left time: 127.3268s
	iters: 3900, epoch: 12 | loss: 0.3465737
	speed: 0.0038s/iter; left time: 130.6699s
	iters: 4000, epoch: 12 | loss: 0.3781382
	speed: 0.0037s/iter; left time: 128.3362s
	iters: 4100, epoch: 12 | loss: 0.2495480
	speed: 0.0036s/iter; left time: 124.4607s
	iters: 4200, epoch: 12 | loss: 0.2636399
	speed: 0.0036s/iter; left time: 124.0766s
Epoch: 12 cost time: 14.862764358520508
Epoch: 12, Steps: 4254 | Train Loss: 0.2858061 Vali Loss: 0.4820553 Test Loss: 0.3268535
EarlyStopping counter: 4 out of 5
Updating learning rate to 2.44140625e-06
	iters: 100, epoch: 13 | loss: 0.2010810
	speed: 0.0269s/iter; left time: 913.0975s
	iters: 200, epoch: 13 | loss: 0.2741399
	speed: 0.0033s/iter; left time: 110.9687s
	iters: 300, epoch: 13 | loss: 0.2336636
	speed: 0.0029s/iter; left time: 97.6053s
	iters: 400, epoch: 13 | loss: 0.2081516
	speed: 0.0032s/iter; left time: 106.9729s
	iters: 500, epoch: 13 | loss: 0.2420715
	speed: 0.0036s/iter; left time: 120.3839s
	iters: 600, epoch: 13 | loss: 0.3433273
	speed: 0.0036s/iter; left time: 119.1167s
	iters: 700, epoch: 13 | loss: 0.3259688
	speed: 0.0041s/iter; left time: 135.3537s
	iters: 800, epoch: 13 | loss: 0.2177360
	speed: 0.0039s/iter; left time: 130.2736s
	iters: 900, epoch: 13 | loss: 0.2207783
	speed: 0.0037s/iter; left time: 122.0362s
	iters: 1000, epoch: 13 | loss: 0.3213318
	speed: 0.0035s/iter; left time: 115.2853s
	iters: 1100, epoch: 13 | loss: 0.2317264
	speed: 0.0035s/iter; left time: 115.7063s
	iters: 1200, epoch: 13 | loss: 0.3207916
	speed: 0.0038s/iter; left time: 123.7802s
	iters: 1300, epoch: 13 | loss: 0.2430049
	speed: 0.0037s/iter; left time: 119.4755s
	iters: 1400, epoch: 13 | loss: 0.2888626
	speed: 0.0034s/iter; left time: 112.0455s
	iters: 1500, epoch: 13 | loss: 0.2280700
	speed: 0.0035s/iter; left time: 114.7924s
	iters: 1600, epoch: 13 | loss: 0.3955545
	speed: 0.0036s/iter; left time: 115.4613s
	iters: 1700, epoch: 13 | loss: 0.2188012
	speed: 0.0038s/iter; left time: 122.2317s
	iters: 1800, epoch: 13 | loss: 0.2358225
	speed: 0.0033s/iter; left time: 104.7576s
	iters: 1900, epoch: 13 | loss: 0.3189251
	speed: 0.0032s/iter; left time: 102.1992s
	iters: 2000, epoch: 13 | loss: 0.2623739
	speed: 0.0040s/iter; left time: 128.8995s
	iters: 2100, epoch: 13 | loss: 0.2698895
	speed: 0.0037s/iter; left time: 119.7487s
	iters: 2200, epoch: 13 | loss: 0.3438222
	speed: 0.0030s/iter; left time: 95.8170s
	iters: 2300, epoch: 13 | loss: 0.2363805
	speed: 0.0029s/iter; left time: 92.1085s
	iters: 2400, epoch: 13 | loss: 0.4560624
	speed: 0.0035s/iter; left time: 111.6648s
	iters: 2500, epoch: 13 | loss: 0.1786368
	speed: 0.0037s/iter; left time: 117.3028s
	iters: 2600, epoch: 13 | loss: 0.2348188
	speed: 0.0036s/iter; left time: 112.9131s
	iters: 2700, epoch: 13 | loss: 0.2388598
	speed: 0.0036s/iter; left time: 114.0520s
	iters: 2800, epoch: 13 | loss: 0.3005677
	speed: 0.0037s/iter; left time: 116.9101s
	iters: 2900, epoch: 13 | loss: 0.3176960
	speed: 0.0034s/iter; left time: 105.8522s
	iters: 3000, epoch: 13 | loss: 0.2485438
	speed: 0.0031s/iter; left time: 95.5823s
	iters: 3100, epoch: 13 | loss: 0.2727923
	speed: 0.0036s/iter; left time: 110.1966s
	iters: 3200, epoch: 13 | loss: 0.2455478
	speed: 0.0037s/iter; left time: 112.8488s
	iters: 3300, epoch: 13 | loss: 0.2129923
	speed: 0.0037s/iter; left time: 114.3269s
	iters: 3400, epoch: 13 | loss: 0.2593215
	speed: 0.0034s/iter; left time: 105.4544s
	iters: 3500, epoch: 13 | loss: 0.2883762
	speed: 0.0032s/iter; left time: 98.6218s
	iters: 3600, epoch: 13 | loss: 0.2118950
	speed: 0.0036s/iter; left time: 110.7759s
	iters: 3700, epoch: 13 | loss: 0.1965381
	speed: 0.0034s/iter; left time: 102.9250s
	iters: 3800, epoch: 13 | loss: 0.2416833
	speed: 0.0036s/iter; left time: 109.7597s
	iters: 3900, epoch: 13 | loss: 0.2697309
	speed: 0.0034s/iter; left time: 102.7533s
	iters: 4000, epoch: 13 | loss: 0.2459371
	speed: 0.0031s/iter; left time: 94.4015s
	iters: 4100, epoch: 13 | loss: 0.2430387
	speed: 0.0034s/iter; left time: 103.2678s
	iters: 4200, epoch: 13 | loss: 0.1895294
	speed: 0.0032s/iter; left time: 96.4383s
Epoch: 13 cost time: 14.905529499053955
Epoch: 13, Steps: 4254 | Train Loss: 0.2857028 Vali Loss: 0.4815834 Test Loss: 0.3268697
EarlyStopping counter: 5 out of 5
Early stopping
>>>>>>>testing : ETTm1_336_192_Linear_ETTm1_ftM_sl336_ll48_pl192_dm512_nh8_el2_dl1_df2048_fc1_ebtimeF_dtTrue_Exp_0_seed3144<<<<<<<<<<<<<<<<<<<<<<<<<<<<<<<<<
test 11329
mse:0.3293718695640564, mae:0.3615915775299072
