Args in experiment:
Namespace(activation='gelu', batch_size=32, c_out=7, checkpoints='./checkpoints/', d_ff=2048, d_layers=1, d_model=512, data='ETTh1', data_path='ETTh1.csv', dec_in=7, des='Exp', devices='0,1,2,3', distil=True, do_predict=False, dropout=0.05, e_layers=2, embed='timeF', embed_type=0, enc_in=7, factor=1, features='M', freq='h', gpu=0, individual=True, is_training=1, itr=1, label_len=48, learning_rate=0.005, loss='mse', lradj='type1', model='Linear', model_id='ETTh1_336_192', moving_avg=25, n_heads=8, num_workers=0, output_attention=False, patience=5, pred_len=192, root_path='./dataset/', save_pred_values=False, seed=15349, seq_len=336, target='OT', test_flop=False, train_epochs=20, train_only=False, use_amp=False, use_gpu=False, use_multi_gpu=False)
Use CPU
>>>>>>>start training : ETTh1_336_192_Linear_ETTh1_ftM_sl336_ll48_pl192_dm512_nh8_el2_dl1_df2048_fc1_ebtimeF_dtTrue_Exp_0_seed15349>>>>>>>>>>>>>>>>>>>>>>>>>>
train 8113
val 2689
test 2689
	iters: 100, epoch: 1 | loss: 0.4180551
	speed: 0.0061s/iter; left time: 30.4219s
	iters: 200, epoch: 1 | loss: 0.4162303
	speed: 0.0065s/iter; left time: 31.7602s
Epoch: 1 cost time: 1.6048264503479004
Epoch: 1, Steps: 253 | Train Loss: 0.4738703 Vali Loss: 1.1605872 Test Loss: 0.4825701
Validation loss decreased (inf --> 1.160587).  Saving model ...
Updating learning rate to 0.005
	iters: 100, epoch: 2 | loss: 0.4795728
	speed: 0.0139s/iter; left time: 65.6584s
	iters: 200, epoch: 2 | loss: 0.4604732
	speed: 0.0050s/iter; left time: 23.2704s
Epoch: 2 cost time: 1.4025814533233643
Epoch: 2, Steps: 253 | Train Loss: 0.4479858 Vali Loss: 1.1371956 Test Loss: 0.4875974
Validation loss decreased (1.160587 --> 1.137196).  Saving model ...
Updating learning rate to 0.0025
	iters: 100, epoch: 3 | loss: 0.4344554
	speed: 0.0135s/iter; left time: 60.2557s
	iters: 200, epoch: 3 | loss: 0.4199160
	speed: 0.0042s/iter; left time: 18.2900s
Epoch: 3 cost time: 1.2152483463287354
Epoch: 3, Steps: 253 | Train Loss: 0.4030025 Vali Loss: 0.9690915 Test Loss: 0.4507318
Validation loss decreased (1.137196 --> 0.969092).  Saving model ...
Updating learning rate to 0.00125
	iters: 100, epoch: 4 | loss: 0.3518008
	speed: 0.0080s/iter; left time: 33.6244s
	iters: 200, epoch: 4 | loss: 0.4906833
	speed: 0.0044s/iter; left time: 18.0488s
Epoch: 4 cost time: 1.1394717693328857
Epoch: 4, Steps: 253 | Train Loss: 0.3801247 Vali Loss: 0.9635112 Test Loss: 0.4320236
Validation loss decreased (0.969092 --> 0.963511).  Saving model ...
Updating learning rate to 0.000625
	iters: 100, epoch: 5 | loss: 0.3173378
	speed: 0.0128s/iter; left time: 50.4474s
	iters: 200, epoch: 5 | loss: 0.3865437
	speed: 0.0065s/iter; left time: 25.0595s
Epoch: 5 cost time: 1.6504783630371094
Epoch: 5, Steps: 253 | Train Loss: 0.3706935 Vali Loss: 0.9427228 Test Loss: 0.4259174
Validation loss decreased (0.963511 --> 0.942723).  Saving model ...
Updating learning rate to 0.0003125
	iters: 100, epoch: 6 | loss: 0.3242164
	speed: 0.0131s/iter; left time: 48.5876s
	iters: 200, epoch: 6 | loss: 0.3840428
	speed: 0.0053s/iter; left time: 19.2086s
Epoch: 6 cost time: 1.3785548210144043
Epoch: 6, Steps: 253 | Train Loss: 0.3652229 Vali Loss: 0.9432385 Test Loss: 0.4183837
EarlyStopping counter: 1 out of 5
Updating learning rate to 0.00015625
	iters: 100, epoch: 7 | loss: 0.2963672
	speed: 0.0110s/iter; left time: 37.7459s
	iters: 200, epoch: 7 | loss: 0.3762030
	speed: 0.0054s/iter; left time: 17.9628s
Epoch: 7 cost time: 1.3733739852905273
Epoch: 7, Steps: 253 | Train Loss: 0.3628912 Vali Loss: 0.9519352 Test Loss: 0.4187579
EarlyStopping counter: 2 out of 5
Updating learning rate to 7.8125e-05
	iters: 100, epoch: 8 | loss: 0.3333946
	speed: 0.0117s/iter; left time: 37.2706s
	iters: 200, epoch: 8 | loss: 0.3964985
	speed: 0.0052s/iter; left time: 16.0074s
Epoch: 8 cost time: 1.2885684967041016
Epoch: 8, Steps: 253 | Train Loss: 0.3617053 Vali Loss: 0.9298837 Test Loss: 0.4162647
Validation loss decreased (0.942723 --> 0.929884).  Saving model ...
Updating learning rate to 3.90625e-05
	iters: 100, epoch: 9 | loss: 0.3420540
	speed: 0.0121s/iter; left time: 35.4360s
	iters: 200, epoch: 9 | loss: 0.3881809
	speed: 0.0056s/iter; left time: 15.9829s
Epoch: 9 cost time: 1.4526915550231934
Epoch: 9, Steps: 253 | Train Loss: 0.3607273 Vali Loss: 0.9342832 Test Loss: 0.4151227
EarlyStopping counter: 1 out of 5
Updating learning rate to 1.953125e-05
	iters: 100, epoch: 10 | loss: 0.3831359
	speed: 0.0108s/iter; left time: 28.9155s
	iters: 200, epoch: 10 | loss: 0.3737500
	speed: 0.0053s/iter; left time: 13.6785s
Epoch: 10 cost time: 1.351405382156372
Epoch: 10, Steps: 253 | Train Loss: 0.3601089 Vali Loss: 0.9309977 Test Loss: 0.4151709
EarlyStopping counter: 2 out of 5
Updating learning rate to 9.765625e-06
	iters: 100, epoch: 11 | loss: 0.3618052
	speed: 0.0124s/iter; left time: 30.1990s
	iters: 200, epoch: 11 | loss: 0.3935104
	speed: 0.0062s/iter; left time: 14.4616s
Epoch: 11 cost time: 1.49041748046875
Epoch: 11, Steps: 253 | Train Loss: 0.3602182 Vali Loss: 0.9320105 Test Loss: 0.4151951
EarlyStopping counter: 3 out of 5
Updating learning rate to 4.8828125e-06
	iters: 100, epoch: 12 | loss: 0.3189046
	speed: 0.0107s/iter; left time: 23.3919s
	iters: 200, epoch: 12 | loss: 0.2977221
	speed: 0.0055s/iter; left time: 11.3528s
Epoch: 12 cost time: 1.3558640480041504
Epoch: 12, Steps: 253 | Train Loss: 0.3598842 Vali Loss: 0.9327465 Test Loss: 0.4149278
EarlyStopping counter: 4 out of 5
Updating learning rate to 2.44140625e-06
	iters: 100, epoch: 13 | loss: 0.3266373
	speed: 0.0118s/iter; left time: 22.6832s
	iters: 200, epoch: 13 | loss: 0.3131083
	speed: 0.0054s/iter; left time: 9.8889s
Epoch: 13 cost time: 1.3368608951568604
Epoch: 13, Steps: 253 | Train Loss: 0.3599340 Vali Loss: 0.9324325 Test Loss: 0.4151375
EarlyStopping counter: 5 out of 5
Early stopping
>>>>>>>testing : ETTh1_336_192_Linear_ETTh1_ftM_sl336_ll48_pl192_dm512_nh8_el2_dl1_df2048_fc1_ebtimeF_dtTrue_Exp_0_seed15349<<<<<<<<<<<<<<<<<<<<<<<<<<<<<<<<<
test 2689
mse:0.41571280360221863, mae:0.42376384139060974
