Args in experiment:
Namespace(activation='gelu', batch_size=8, c_out=7, checkpoints='./checkpoints/', d_ff=2048, d_layers=1, d_model=512, data='ETTm1', data_path='ETTm1.csv', dec_in=7, des='Exp', devices='0,1,2,3', distil=True, do_predict=False, dropout=0.05, e_layers=2, embed='timeF', embed_type=0, enc_in=7, factor=1, features='M', freq='h', gpu=0, individual=True, is_training=1, itr=1, label_len=48, learning_rate=0.005, loss='mse', lradj='type1', model='Linear', model_id='ETTm1_336_192', moving_avg=25, n_heads=8, num_workers=0, output_attention=False, patience=5, pred_len=192, root_path='./dataset/', save_pred_values=False, seed=3293, seq_len=336, target='OT', test_flop=False, train_epochs=20, train_only=False, use_amp=False, use_gpu=False, use_multi_gpu=False)
Use CPU
>>>>>>>start training : ETTm1_336_192_Linear_ETTm1_ftM_sl336_ll48_pl192_dm512_nh8_el2_dl1_df2048_fc1_ebtimeF_dtTrue_Exp_0_seed3293>>>>>>>>>>>>>>>>>>>>>>>>>>
train 34033
val 11329
test 11329
	iters: 100, epoch: 1 | loss: 0.5509812
	speed: 0.0036s/iter; left time: 306.7823s
	iters: 200, epoch: 1 | loss: 0.5384346
	speed: 0.0034s/iter; left time: 285.4420s
	iters: 300, epoch: 1 | loss: 0.5135628
	speed: 0.0032s/iter; left time: 272.9946s
	iters: 400, epoch: 1 | loss: 0.4889832
	speed: 0.0033s/iter; left time: 279.4472s
	iters: 500, epoch: 1 | loss: 0.4139708
	speed: 0.0036s/iter; left time: 305.6805s
	iters: 600, epoch: 1 | loss: 0.3563396
	speed: 0.0028s/iter; left time: 235.7308s
	iters: 700, epoch: 1 | loss: 0.5032584
	speed: 0.0039s/iter; left time: 330.8270s
	iters: 800, epoch: 1 | loss: 0.3862157
	speed: 0.0037s/iter; left time: 312.1282s
	iters: 900, epoch: 1 | loss: 0.3031911
	speed: 0.0037s/iter; left time: 311.4716s
	iters: 1000, epoch: 1 | loss: 0.6532454
	speed: 0.0037s/iter; left time: 309.6342s
	iters: 1100, epoch: 1 | loss: 0.5649328
	speed: 0.0036s/iter; left time: 302.5127s
	iters: 1200, epoch: 1 | loss: 0.4255724
	speed: 0.0036s/iter; left time: 303.6484s
	iters: 1300, epoch: 1 | loss: 0.4857644
	speed: 0.0036s/iter; left time: 303.3421s
	iters: 1400, epoch: 1 | loss: 0.5522162
	speed: 0.0036s/iter; left time: 304.0702s
	iters: 1500, epoch: 1 | loss: 0.5588951
	speed: 0.0036s/iter; left time: 303.4019s
	iters: 1600, epoch: 1 | loss: 0.5693830
	speed: 0.0036s/iter; left time: 304.7031s
	iters: 1700, epoch: 1 | loss: 1.0069116
	speed: 0.0034s/iter; left time: 284.5332s
	iters: 1800, epoch: 1 | loss: 0.5802072
	speed: 0.0033s/iter; left time: 278.9878s
	iters: 1900, epoch: 1 | loss: 0.5277079
	speed: 0.0033s/iter; left time: 272.8347s
	iters: 2000, epoch: 1 | loss: 0.8128839
	speed: 0.0033s/iter; left time: 270.9890s
	iters: 2100, epoch: 1 | loss: 0.6005831
	speed: 0.0034s/iter; left time: 283.0134s
	iters: 2200, epoch: 1 | loss: 0.5745392
	speed: 0.0034s/iter; left time: 281.7949s
	iters: 2300, epoch: 1 | loss: 0.3732819
	speed: 0.0033s/iter; left time: 270.1613s
	iters: 2400, epoch: 1 | loss: 0.7685106
	speed: 0.0031s/iter; left time: 256.3103s
	iters: 2500, epoch: 1 | loss: 0.3532487
	speed: 0.0029s/iter; left time: 237.7883s
	iters: 2600, epoch: 1 | loss: 0.3879084
	speed: 0.0034s/iter; left time: 283.0756s
	iters: 2700, epoch: 1 | loss: 0.6494150
	speed: 0.0036s/iter; left time: 298.2208s
	iters: 2800, epoch: 1 | loss: 0.4629503
	speed: 0.0035s/iter; left time: 288.8097s
	iters: 2900, epoch: 1 | loss: 0.5509546
	speed: 0.0035s/iter; left time: 287.0803s
	iters: 3000, epoch: 1 | loss: 0.6062364
	speed: 0.0031s/iter; left time: 253.6270s
	iters: 3100, epoch: 1 | loss: 0.5178918
	speed: 0.0031s/iter; left time: 254.9628s
	iters: 3200, epoch: 1 | loss: 0.6342210
	speed: 0.0033s/iter; left time: 267.9907s
	iters: 3300, epoch: 1 | loss: 0.6529874
	speed: 0.0034s/iter; left time: 273.9693s
	iters: 3400, epoch: 1 | loss: 0.6663737
	speed: 0.0031s/iter; left time: 254.7041s
	iters: 3500, epoch: 1 | loss: 0.3848875
	speed: 0.0032s/iter; left time: 262.8735s
	iters: 3600, epoch: 1 | loss: 0.4378686
	speed: 0.0038s/iter; left time: 313.7016s
	iters: 3700, epoch: 1 | loss: 0.6773003
	speed: 0.0039s/iter; left time: 317.1912s
	iters: 3800, epoch: 1 | loss: 0.4280116
	speed: 0.0033s/iter; left time: 270.6665s
	iters: 3900, epoch: 1 | loss: 0.4690481
	speed: 0.0035s/iter; left time: 287.3783s
	iters: 4000, epoch: 1 | loss: 0.4782280
	speed: 0.0036s/iter; left time: 288.8911s
	iters: 4100, epoch: 1 | loss: 0.3668794
	speed: 0.0036s/iter; left time: 289.9551s
	iters: 4200, epoch: 1 | loss: 0.5711836
	speed: 0.0035s/iter; left time: 283.8912s
Epoch: 1 cost time: 14.643807411193848
Epoch: 1, Steps: 4254 | Train Loss: 0.4824368 Vali Loss: 1.1017061 Test Loss: 0.6171442
Validation loss decreased (inf --> 1.101706).  Saving model ...
Updating learning rate to 0.005
	iters: 100, epoch: 2 | loss: 0.4627854
	speed: 0.0266s/iter; left time: 2150.1360s
	iters: 200, epoch: 2 | loss: 0.4613602
	speed: 0.0030s/iter; left time: 245.1072s
	iters: 300, epoch: 2 | loss: 0.3756930
	speed: 0.0031s/iter; left time: 247.5419s
	iters: 400, epoch: 2 | loss: 0.7169423
	speed: 0.0029s/iter; left time: 231.6298s
	iters: 500, epoch: 2 | loss: 0.4448038
	speed: 0.0037s/iter; left time: 301.1037s
	iters: 600, epoch: 2 | loss: 0.4977212
	speed: 0.0036s/iter; left time: 292.1287s
	iters: 700, epoch: 2 | loss: 0.4935957
	speed: 0.0034s/iter; left time: 270.8293s
	iters: 800, epoch: 2 | loss: 0.6683328
	speed: 0.0037s/iter; left time: 295.3000s
	iters: 900, epoch: 2 | loss: 0.6016973
	speed: 0.0037s/iter; left time: 296.8806s
	iters: 1000, epoch: 2 | loss: 0.4997157
	speed: 0.0038s/iter; left time: 300.1497s
	iters: 1100, epoch: 2 | loss: 0.4462676
	speed: 0.0038s/iter; left time: 303.7591s
	iters: 1200, epoch: 2 | loss: 0.4052636
	speed: 0.0039s/iter; left time: 308.3578s
	iters: 1300, epoch: 2 | loss: 0.6402365
	speed: 0.0041s/iter; left time: 323.6768s
	iters: 1400, epoch: 2 | loss: 0.4677691
	speed: 0.0040s/iter; left time: 315.6004s
	iters: 1500, epoch: 2 | loss: 0.5755547
	speed: 0.0040s/iter; left time: 313.3418s
	iters: 1600, epoch: 2 | loss: 0.5251607
	speed: 0.0038s/iter; left time: 303.4760s
	iters: 1700, epoch: 2 | loss: 0.5735644
	speed: 0.0036s/iter; left time: 284.2985s
	iters: 1800, epoch: 2 | loss: 0.3428946
	speed: 0.0034s/iter; left time: 265.5288s
	iters: 1900, epoch: 2 | loss: 0.7587838
	speed: 0.0036s/iter; left time: 282.4334s
	iters: 2000, epoch: 2 | loss: 0.4236822
	speed: 0.0028s/iter; left time: 217.7486s
	iters: 2100, epoch: 2 | loss: 0.4214895
	speed: 0.0031s/iter; left time: 241.6945s
	iters: 2200, epoch: 2 | loss: 0.3672372
	speed: 0.0037s/iter; left time: 294.0647s
	iters: 2300, epoch: 2 | loss: 0.5326203
	speed: 0.0035s/iter; left time: 275.0081s
	iters: 2400, epoch: 2 | loss: 0.3527486
	speed: 0.0038s/iter; left time: 298.0764s
	iters: 2500, epoch: 2 | loss: 0.4229820
	speed: 0.0038s/iter; left time: 299.9920s
	iters: 2600, epoch: 2 | loss: 0.6443450
	speed: 0.0033s/iter; left time: 258.3005s
	iters: 2700, epoch: 2 | loss: 0.4777448
	speed: 0.0038s/iter; left time: 297.7133s
	iters: 2800, epoch: 2 | loss: 0.4669433
	speed: 0.0037s/iter; left time: 285.0447s
	iters: 2900, epoch: 2 | loss: 0.6536080
	speed: 0.0036s/iter; left time: 278.1997s
	iters: 3000, epoch: 2 | loss: 0.4232570
	speed: 0.0029s/iter; left time: 227.2551s
	iters: 3100, epoch: 2 | loss: 0.5073448
	speed: 0.0031s/iter; left time: 244.0723s
	iters: 3200, epoch: 2 | loss: 0.4322444
	speed: 0.0032s/iter; left time: 249.1822s
	iters: 3300, epoch: 2 | loss: 0.4421820
	speed: 0.0033s/iter; left time: 251.9628s
	iters: 3400, epoch: 2 | loss: 0.4748717
	speed: 0.0035s/iter; left time: 272.6136s
	iters: 3500, epoch: 2 | loss: 0.3087986
	speed: 0.0033s/iter; left time: 258.3126s
	iters: 3600, epoch: 2 | loss: 0.5403159
	speed: 0.0037s/iter; left time: 288.8294s
	iters: 3700, epoch: 2 | loss: 0.4704198
	speed: 0.0034s/iter; left time: 263.2122s
	iters: 3800, epoch: 2 | loss: 0.4610769
	speed: 0.0035s/iter; left time: 271.9049s
	iters: 3900, epoch: 2 | loss: 0.5808882
	speed: 0.0037s/iter; left time: 284.6698s
	iters: 4000, epoch: 2 | loss: 0.5284161
	speed: 0.0033s/iter; left time: 253.8010s
	iters: 4100, epoch: 2 | loss: 0.5516229
	speed: 0.0031s/iter; left time: 238.6212s
	iters: 4200, epoch: 2 | loss: 0.4622471
	speed: 0.0034s/iter; left time: 258.2333s
Epoch: 2 cost time: 14.800520658493042
Epoch: 2, Steps: 4254 | Train Loss: 0.4741374 Vali Loss: 0.8115732 Test Loss: 0.5603997
Validation loss decreased (1.101706 --> 0.811573).  Saving model ...
Updating learning rate to 0.0025
	iters: 100, epoch: 3 | loss: 0.2948896
	speed: 0.0265s/iter; left time: 2029.3727s
	iters: 200, epoch: 3 | loss: 0.4387364
	speed: 0.0040s/iter; left time: 303.2466s
	iters: 300, epoch: 3 | loss: 0.3757440
	speed: 0.0035s/iter; left time: 263.3795s
	iters: 400, epoch: 3 | loss: 0.4384066
	speed: 0.0036s/iter; left time: 277.2701s
	iters: 500, epoch: 3 | loss: 0.2914507
	speed: 0.0032s/iter; left time: 245.7143s
	iters: 600, epoch: 3 | loss: 0.3225607
	speed: 0.0034s/iter; left time: 260.8027s
	iters: 700, epoch: 3 | loss: 0.4851749
	speed: 0.0032s/iter; left time: 243.5544s
	iters: 800, epoch: 3 | loss: 0.3454629
	speed: 0.0034s/iter; left time: 257.6265s
	iters: 900, epoch: 3 | loss: 0.3670039
	speed: 0.0038s/iter; left time: 288.4780s
	iters: 1000, epoch: 3 | loss: 0.2647776
	speed: 0.0040s/iter; left time: 300.0733s
	iters: 1100, epoch: 3 | loss: 0.3192108
	speed: 0.0040s/iter; left time: 299.8863s
	iters: 1200, epoch: 3 | loss: 0.4011106
	speed: 0.0038s/iter; left time: 290.1860s
	iters: 1300, epoch: 3 | loss: 0.4313301
	speed: 0.0038s/iter; left time: 289.3264s
	iters: 1400, epoch: 3 | loss: 0.3284100
	speed: 0.0040s/iter; left time: 297.8596s
	iters: 1500, epoch: 3 | loss: 0.3686916
	speed: 0.0038s/iter; left time: 287.5295s
	iters: 1600, epoch: 3 | loss: 0.3406850
	speed: 0.0037s/iter; left time: 278.9004s
	iters: 1700, epoch: 3 | loss: 0.3134614
	speed: 0.0039s/iter; left time: 290.8098s
	iters: 1800, epoch: 3 | loss: 0.2758924
	speed: 0.0038s/iter; left time: 285.6334s
	iters: 1900, epoch: 3 | loss: 0.3873813
	speed: 0.0039s/iter; left time: 291.3861s
	iters: 2000, epoch: 3 | loss: 0.2393623
	speed: 0.0040s/iter; left time: 298.2919s
	iters: 2100, epoch: 3 | loss: 0.5110284
	speed: 0.0038s/iter; left time: 283.0428s
	iters: 2200, epoch: 3 | loss: 0.2700553
	speed: 0.0035s/iter; left time: 262.2191s
	iters: 2300, epoch: 3 | loss: 0.3396447
	speed: 0.0033s/iter; left time: 248.0703s
	iters: 2400, epoch: 3 | loss: 0.3145386
	speed: 0.0038s/iter; left time: 280.3759s
	iters: 2500, epoch: 3 | loss: 0.4360498
	speed: 0.0037s/iter; left time: 274.2839s
	iters: 2600, epoch: 3 | loss: 0.4309583
	speed: 0.0038s/iter; left time: 283.3174s
	iters: 2700, epoch: 3 | loss: 0.4097568
	speed: 0.0038s/iter; left time: 277.8024s
	iters: 2800, epoch: 3 | loss: 0.3493840
	speed: 0.0036s/iter; left time: 265.6295s
	iters: 2900, epoch: 3 | loss: 0.3046519
	speed: 0.0035s/iter; left time: 260.8013s
	iters: 3000, epoch: 3 | loss: 0.3847080
	speed: 0.0036s/iter; left time: 263.5436s
	iters: 3100, epoch: 3 | loss: 0.2790419
	speed: 0.0032s/iter; left time: 233.6438s
	iters: 3200, epoch: 3 | loss: 0.3962452
	speed: 0.0028s/iter; left time: 206.9565s
	iters: 3300, epoch: 3 | loss: 0.4129860
	speed: 0.0033s/iter; left time: 243.5104s
	iters: 3400, epoch: 3 | loss: 0.2534473
	speed: 0.0033s/iter; left time: 238.5431s
	iters: 3500, epoch: 3 | loss: 0.3494359
	speed: 0.0031s/iter; left time: 226.5259s
	iters: 3600, epoch: 3 | loss: 0.2962881
	speed: 0.0031s/iter; left time: 224.2823s
	iters: 3700, epoch: 3 | loss: 0.5429557
	speed: 0.0036s/iter; left time: 263.1162s
	iters: 3800, epoch: 3 | loss: 0.4155745
	speed: 0.0040s/iter; left time: 289.6360s
	iters: 3900, epoch: 3 | loss: 0.4224908
	speed: 0.0037s/iter; left time: 270.4962s
	iters: 4000, epoch: 3 | loss: 0.2731271
	speed: 0.0037s/iter; left time: 267.6819s
	iters: 4100, epoch: 3 | loss: 0.3707367
	speed: 0.0031s/iter; left time: 226.1251s
	iters: 4200, epoch: 3 | loss: 0.3071669
	speed: 0.0033s/iter; left time: 238.9628s
Epoch: 3 cost time: 15.315799236297607
Epoch: 3, Steps: 4254 | Train Loss: 0.3679814 Vali Loss: 0.5924678 Test Loss: 0.4035863
Validation loss decreased (0.811573 --> 0.592468).  Saving model ...
Updating learning rate to 0.00125
	iters: 100, epoch: 4 | loss: 0.2372588
	speed: 0.0284s/iter; left time: 2052.3979s
	iters: 200, epoch: 4 | loss: 0.4841987
	speed: 0.0040s/iter; left time: 289.9183s
	iters: 300, epoch: 4 | loss: 0.2409489
	speed: 0.0040s/iter; left time: 284.5164s
	iters: 400, epoch: 4 | loss: 0.3384808
	speed: 0.0039s/iter; left time: 282.8017s
	iters: 500, epoch: 4 | loss: 0.2908504
	speed: 0.0033s/iter; left time: 235.5665s
	iters: 600, epoch: 4 | loss: 0.3538631
	speed: 0.0032s/iter; left time: 232.4247s
	iters: 700, epoch: 4 | loss: 0.2921681
	speed: 0.0036s/iter; left time: 258.8021s
	iters: 800, epoch: 4 | loss: 0.2878498
	speed: 0.0036s/iter; left time: 255.3244s
	iters: 900, epoch: 4 | loss: 0.2570293
	speed: 0.0037s/iter; left time: 261.3932s
	iters: 1000, epoch: 4 | loss: 0.3815467
	speed: 0.0035s/iter; left time: 249.1153s
	iters: 1100, epoch: 4 | loss: 0.3246697
	speed: 0.0033s/iter; left time: 237.1586s
	iters: 1200, epoch: 4 | loss: 0.3680258
	speed: 0.0033s/iter; left time: 236.8276s
	iters: 1300, epoch: 4 | loss: 0.4136198
	speed: 0.0034s/iter; left time: 241.6083s
	iters: 1400, epoch: 4 | loss: 0.2886901
	speed: 0.0037s/iter; left time: 259.5975s
	iters: 1500, epoch: 4 | loss: 0.3585777
	speed: 0.0038s/iter; left time: 266.4999s
	iters: 1600, epoch: 4 | loss: 0.2239884
	speed: 0.0034s/iter; left time: 238.3214s
	iters: 1700, epoch: 4 | loss: 0.3248179
	speed: 0.0036s/iter; left time: 250.6981s
	iters: 1800, epoch: 4 | loss: 0.2968458
	speed: 0.0031s/iter; left time: 221.6646s
	iters: 1900, epoch: 4 | loss: 0.3890122
	speed: 0.0029s/iter; left time: 206.3260s
	iters: 2000, epoch: 4 | loss: 0.3333987
	speed: 0.0034s/iter; left time: 237.6791s
	iters: 2100, epoch: 4 | loss: 0.2933576
	speed: 0.0034s/iter; left time: 240.2088s
	iters: 2200, epoch: 4 | loss: 0.3228410
	speed: 0.0032s/iter; left time: 221.5779s
	iters: 2300, epoch: 4 | loss: 0.2301027
	speed: 0.0034s/iter; left time: 235.9640s
	iters: 2400, epoch: 4 | loss: 0.2568352
	speed: 0.0033s/iter; left time: 232.9744s
	iters: 2500, epoch: 4 | loss: 0.2865608
	speed: 0.0034s/iter; left time: 235.2896s
	iters: 2600, epoch: 4 | loss: 0.2301254
	speed: 0.0034s/iter; left time: 234.2560s
	iters: 2700, epoch: 4 | loss: 0.3283546
	speed: 0.0035s/iter; left time: 242.5489s
	iters: 2800, epoch: 4 | loss: 0.2464217
	speed: 0.0033s/iter; left time: 232.1929s
	iters: 2900, epoch: 4 | loss: 0.3070754
	speed: 0.0037s/iter; left time: 255.4621s
	iters: 3000, epoch: 4 | loss: 0.2393825
	speed: 0.0034s/iter; left time: 238.6273s
	iters: 3100, epoch: 4 | loss: 0.3034082
	speed: 0.0037s/iter; left time: 253.3430s
	iters: 3200, epoch: 4 | loss: 0.5873789
	speed: 0.0027s/iter; left time: 186.0885s
	iters: 3300, epoch: 4 | loss: 0.3033427
	speed: 0.0026s/iter; left time: 178.0696s
	iters: 3400, epoch: 4 | loss: 0.3286996
	speed: 0.0030s/iter; left time: 205.5266s
	iters: 3500, epoch: 4 | loss: 0.3469344
	speed: 0.0026s/iter; left time: 182.2567s
	iters: 3600, epoch: 4 | loss: 0.3627493
	speed: 0.0032s/iter; left time: 219.2128s
	iters: 3700, epoch: 4 | loss: 0.4570100
	speed: 0.0032s/iter; left time: 220.3022s
	iters: 3800, epoch: 4 | loss: 0.3738727
	speed: 0.0034s/iter; left time: 229.5393s
	iters: 3900, epoch: 4 | loss: 0.2995637
	speed: 0.0034s/iter; left time: 235.3927s
	iters: 4000, epoch: 4 | loss: 0.3659649
	speed: 0.0037s/iter; left time: 253.6427s
	iters: 4100, epoch: 4 | loss: 0.3132138
	speed: 0.0036s/iter; left time: 247.6356s
	iters: 4200, epoch: 4 | loss: 0.2990099
	speed: 0.0037s/iter; left time: 248.6348s
Epoch: 4 cost time: 14.507963180541992
Epoch: 4, Steps: 4254 | Train Loss: 0.3259555 Vali Loss: 0.5911968 Test Loss: 0.3831131
Validation loss decreased (0.592468 --> 0.591197).  Saving model ...
Updating learning rate to 0.000625
	iters: 100, epoch: 5 | loss: 0.2176655
	speed: 0.0266s/iter; left time: 1809.0669s
	iters: 200, epoch: 5 | loss: 0.2359511
	speed: 0.0034s/iter; left time: 234.0312s
	iters: 300, epoch: 5 | loss: 0.3624895
	speed: 0.0037s/iter; left time: 249.5751s
	iters: 400, epoch: 5 | loss: 0.3288851
	speed: 0.0038s/iter; left time: 253.7444s
	iters: 500, epoch: 5 | loss: 0.2739506
	speed: 0.0036s/iter; left time: 244.0466s
	iters: 600, epoch: 5 | loss: 0.2483976
	speed: 0.0035s/iter; left time: 237.8464s
	iters: 700, epoch: 5 | loss: 0.2862626
	speed: 0.0038s/iter; left time: 255.9840s
	iters: 800, epoch: 5 | loss: 0.2498004
	speed: 0.0037s/iter; left time: 247.0105s
	iters: 900, epoch: 5 | loss: 0.4777930
	speed: 0.0037s/iter; left time: 247.8393s
	iters: 1000, epoch: 5 | loss: 0.3448586
	speed: 0.0038s/iter; left time: 253.5372s
	iters: 1100, epoch: 5 | loss: 0.2983270
	speed: 0.0040s/iter; left time: 267.4167s
	iters: 1200, epoch: 5 | loss: 0.2266232
	speed: 0.0037s/iter; left time: 247.4007s
	iters: 1300, epoch: 5 | loss: 0.4551562
	speed: 0.0039s/iter; left time: 259.2163s
	iters: 1400, epoch: 5 | loss: 0.3964796
	speed: 0.0038s/iter; left time: 249.9947s
	iters: 1500, epoch: 5 | loss: 0.1836760
	speed: 0.0038s/iter; left time: 252.9460s
	iters: 1600, epoch: 5 | loss: 0.3918028
	speed: 0.0038s/iter; left time: 253.3597s
	iters: 1700, epoch: 5 | loss: 0.1996048
	speed: 0.0038s/iter; left time: 249.5616s
	iters: 1800, epoch: 5 | loss: 0.3286729
	speed: 0.0036s/iter; left time: 241.8662s
	iters: 1900, epoch: 5 | loss: 0.2572254
	speed: 0.0036s/iter; left time: 241.0677s
	iters: 2000, epoch: 5 | loss: 0.5321739
	speed: 0.0034s/iter; left time: 223.9602s
	iters: 2100, epoch: 5 | loss: 0.2827612
	speed: 0.0033s/iter; left time: 220.3501s
	iters: 2200, epoch: 5 | loss: 0.2784013
	speed: 0.0041s/iter; left time: 268.2060s
	iters: 2300, epoch: 5 | loss: 0.4498717
	speed: 0.0040s/iter; left time: 265.6903s
	iters: 2400, epoch: 5 | loss: 0.2466075
	speed: 0.0037s/iter; left time: 245.7664s
	iters: 2500, epoch: 5 | loss: 0.5248732
	speed: 0.0036s/iter; left time: 236.6878s
	iters: 2600, epoch: 5 | loss: 0.3782706
	speed: 0.0038s/iter; left time: 250.7317s
	iters: 2700, epoch: 5 | loss: 0.3042825
	speed: 0.0037s/iter; left time: 244.0498s
	iters: 2800, epoch: 5 | loss: 0.2967484
	speed: 0.0039s/iter; left time: 252.4717s
	iters: 2900, epoch: 5 | loss: 0.2809631
	speed: 0.0041s/iter; left time: 264.7111s
	iters: 3000, epoch: 5 | loss: 0.2482503
	speed: 0.0041s/iter; left time: 266.9867s
	iters: 3100, epoch: 5 | loss: 0.3008207
	speed: 0.0042s/iter; left time: 270.6222s
	iters: 3200, epoch: 5 | loss: 0.2884537
	speed: 0.0041s/iter; left time: 268.0486s
	iters: 3300, epoch: 5 | loss: 0.3039770
	speed: 0.0037s/iter; left time: 240.2799s
	iters: 3400, epoch: 5 | loss: 0.3888974
	speed: 0.0036s/iter; left time: 229.7197s
	iters: 3500, epoch: 5 | loss: 0.2972883
	speed: 0.0038s/iter; left time: 244.0882s
	iters: 3600, epoch: 5 | loss: 0.2143513
	speed: 0.0036s/iter; left time: 231.4279s
	iters: 3700, epoch: 5 | loss: 0.1895630
	speed: 0.0038s/iter; left time: 244.7273s
	iters: 3800, epoch: 5 | loss: 0.1969699
	speed: 0.0039s/iter; left time: 247.4524s
	iters: 3900, epoch: 5 | loss: 0.7085813
	speed: 0.0037s/iter; left time: 236.1283s
	iters: 4000, epoch: 5 | loss: 0.2443400
	speed: 0.0033s/iter; left time: 212.8826s
	iters: 4100, epoch: 5 | loss: 0.3249785
	speed: 0.0029s/iter; left time: 186.1382s
	iters: 4200, epoch: 5 | loss: 0.3507454
	speed: 0.0038s/iter; left time: 240.8095s
Epoch: 5 cost time: 15.825636863708496
Epoch: 5, Steps: 4254 | Train Loss: 0.3066705 Vali Loss: 0.5279029 Test Loss: 0.3497617
Validation loss decreased (0.591197 --> 0.527903).  Saving model ...
Updating learning rate to 0.0003125
	iters: 100, epoch: 6 | loss: 0.4178558
	speed: 0.0250s/iter; left time: 1595.0655s
	iters: 200, epoch: 6 | loss: 0.3042184
	speed: 0.0034s/iter; left time: 213.7702s
	iters: 300, epoch: 6 | loss: 0.3044315
	speed: 0.0034s/iter; left time: 214.2782s
	iters: 400, epoch: 6 | loss: 0.3159990
	speed: 0.0033s/iter; left time: 207.9884s
	iters: 500, epoch: 6 | loss: 0.3013152
	speed: 0.0033s/iter; left time: 211.4587s
	iters: 600, epoch: 6 | loss: 0.2763453
	speed: 0.0034s/iter; left time: 214.4494s
	iters: 700, epoch: 6 | loss: 0.2301893
	speed: 0.0037s/iter; left time: 232.8803s
	iters: 800, epoch: 6 | loss: 0.2990247
	speed: 0.0037s/iter; left time: 235.0314s
	iters: 900, epoch: 6 | loss: 0.3132598
	speed: 0.0037s/iter; left time: 234.8029s
	iters: 1000, epoch: 6 | loss: 0.2718250
	speed: 0.0038s/iter; left time: 235.5790s
	iters: 1100, epoch: 6 | loss: 0.2625449
	speed: 0.0038s/iter; left time: 235.7932s
	iters: 1200, epoch: 6 | loss: 0.2503280
	speed: 0.0036s/iter; left time: 224.9719s
	iters: 1300, epoch: 6 | loss: 0.3028396
	speed: 0.0033s/iter; left time: 205.6604s
	iters: 1400, epoch: 6 | loss: 0.2329690
	speed: 0.0034s/iter; left time: 211.8048s
	iters: 1500, epoch: 6 | loss: 0.4479907
	speed: 0.0035s/iter; left time: 215.5948s
	iters: 1600, epoch: 6 | loss: 0.3142969
	speed: 0.0034s/iter; left time: 212.1402s
	iters: 1700, epoch: 6 | loss: 0.2225548
	speed: 0.0037s/iter; left time: 231.4892s
	iters: 1800, epoch: 6 | loss: 0.2994497
	speed: 0.0038s/iter; left time: 234.1213s
	iters: 1900, epoch: 6 | loss: 0.3680958
	speed: 0.0037s/iter; left time: 227.8331s
	iters: 2000, epoch: 6 | loss: 0.2867159
	speed: 0.0033s/iter; left time: 201.0066s
	iters: 2100, epoch: 6 | loss: 0.2330777
	speed: 0.0036s/iter; left time: 220.9553s
	iters: 2200, epoch: 6 | loss: 0.3132089
	speed: 0.0036s/iter; left time: 224.2639s
	iters: 2300, epoch: 6 | loss: 0.3438055
	speed: 0.0036s/iter; left time: 222.2708s
	iters: 2400, epoch: 6 | loss: 0.2353781
	speed: 0.0032s/iter; left time: 197.1285s
	iters: 2500, epoch: 6 | loss: 0.3173076
	speed: 0.0026s/iter; left time: 157.4837s
	iters: 2600, epoch: 6 | loss: 0.3261864
	speed: 0.0029s/iter; left time: 180.1358s
	iters: 2700, epoch: 6 | loss: 0.1991056
	speed: 0.0030s/iter; left time: 184.5551s
	iters: 2800, epoch: 6 | loss: 0.3586570
	speed: 0.0035s/iter; left time: 215.3692s
	iters: 2900, epoch: 6 | loss: 0.2867989
	speed: 0.0037s/iter; left time: 223.0696s
	iters: 3000, epoch: 6 | loss: 0.2603665
	speed: 0.0031s/iter; left time: 189.1555s
	iters: 3100, epoch: 6 | loss: 0.1674033
	speed: 0.0035s/iter; left time: 210.0593s
	iters: 3200, epoch: 6 | loss: 0.2983650
	speed: 0.0037s/iter; left time: 223.8033s
	iters: 3300, epoch: 6 | loss: 0.3816398
	speed: 0.0036s/iter; left time: 215.5128s
	iters: 3400, epoch: 6 | loss: 0.4272713
	speed: 0.0034s/iter; left time: 204.2280s
	iters: 3500, epoch: 6 | loss: 0.2648902
	speed: 0.0033s/iter; left time: 197.3439s
	iters: 3600, epoch: 6 | loss: 0.2577579
	speed: 0.0033s/iter; left time: 200.5033s
	iters: 3700, epoch: 6 | loss: 0.3417021
	speed: 0.0036s/iter; left time: 214.1628s
	iters: 3800, epoch: 6 | loss: 0.3164873
	speed: 0.0039s/iter; left time: 233.0137s
	iters: 3900, epoch: 6 | loss: 0.3416454
	speed: 0.0038s/iter; left time: 229.3458s
	iters: 4000, epoch: 6 | loss: 0.3665309
	speed: 0.0031s/iter; left time: 186.6108s
	iters: 4100, epoch: 6 | loss: 0.2177118
	speed: 0.0030s/iter; left time: 181.0430s
	iters: 4200, epoch: 6 | loss: 0.2099617
	speed: 0.0034s/iter; left time: 204.4970s
Epoch: 6 cost time: 14.635253667831421
Epoch: 6, Steps: 4254 | Train Loss: 0.2964938 Vali Loss: 0.4957820 Test Loss: 0.3381234
Validation loss decreased (0.527903 --> 0.495782).  Saving model ...
Updating learning rate to 0.00015625
	iters: 100, epoch: 7 | loss: 0.2393017
	speed: 0.0272s/iter; left time: 1615.7983s
	iters: 200, epoch: 7 | loss: 0.3668728
	speed: 0.0032s/iter; left time: 187.5683s
	iters: 300, epoch: 7 | loss: 0.2772626
	speed: 0.0036s/iter; left time: 210.9547s
	iters: 400, epoch: 7 | loss: 0.3510688
	speed: 0.0030s/iter; left time: 175.8173s
	iters: 500, epoch: 7 | loss: 0.3811738
	speed: 0.0027s/iter; left time: 156.5317s
	iters: 600, epoch: 7 | loss: 0.2424764
	speed: 0.0025s/iter; left time: 150.2434s
	iters: 700, epoch: 7 | loss: 0.2329030
	speed: 0.0027s/iter; left time: 161.4158s
	iters: 800, epoch: 7 | loss: 0.5962139
	speed: 0.0034s/iter; left time: 200.9473s
	iters: 900, epoch: 7 | loss: 0.3398734
	speed: 0.0034s/iter; left time: 199.4694s
	iters: 1000, epoch: 7 | loss: 0.2806347
	speed: 0.0033s/iter; left time: 195.1920s
	iters: 1100, epoch: 7 | loss: 0.2254046
	speed: 0.0031s/iter; left time: 181.2158s
	iters: 1200, epoch: 7 | loss: 0.4001070
	speed: 0.0034s/iter; left time: 198.4139s
	iters: 1300, epoch: 7 | loss: 0.3071454
	speed: 0.0035s/iter; left time: 201.1096s
	iters: 1400, epoch: 7 | loss: 0.2558538
	speed: 0.0033s/iter; left time: 190.7596s
	iters: 1500, epoch: 7 | loss: 0.2620436
	speed: 0.0034s/iter; left time: 195.6506s
	iters: 1600, epoch: 7 | loss: 0.2286074
	speed: 0.0035s/iter; left time: 202.9582s
	iters: 1700, epoch: 7 | loss: 0.3281116
	speed: 0.0036s/iter; left time: 210.6208s
	iters: 1800, epoch: 7 | loss: 0.4094722
	speed: 0.0035s/iter; left time: 201.5716s
	iters: 1900, epoch: 7 | loss: 0.5042137
	speed: 0.0035s/iter; left time: 201.4255s
	iters: 2000, epoch: 7 | loss: 0.2754816
	speed: 0.0033s/iter; left time: 192.2404s
	iters: 2100, epoch: 7 | loss: 0.3984975
	speed: 0.0033s/iter; left time: 191.9311s
	iters: 2200, epoch: 7 | loss: 0.3908948
	speed: 0.0033s/iter; left time: 187.1029s
	iters: 2300, epoch: 7 | loss: 0.2311750
	speed: 0.0034s/iter; left time: 194.6733s
	iters: 2400, epoch: 7 | loss: 0.2477411
	speed: 0.0034s/iter; left time: 193.1914s
	iters: 2500, epoch: 7 | loss: 0.2179253
	speed: 0.0035s/iter; left time: 198.7477s
	iters: 2600, epoch: 7 | loss: 0.2517400
	speed: 0.0029s/iter; left time: 165.1753s
	iters: 2700, epoch: 7 | loss: 0.2551313
	speed: 0.0026s/iter; left time: 149.5347s
	iters: 2800, epoch: 7 | loss: 0.2609215
	speed: 0.0026s/iter; left time: 150.4060s
	iters: 2900, epoch: 7 | loss: 0.2229879
	speed: 0.0033s/iter; left time: 184.8665s
	iters: 3000, epoch: 7 | loss: 0.2777634
	speed: 0.0034s/iter; left time: 194.5898s
	iters: 3100, epoch: 7 | loss: 0.2532171
	speed: 0.0035s/iter; left time: 196.0600s
	iters: 3200, epoch: 7 | loss: 0.3016734
	speed: 0.0032s/iter; left time: 179.2158s
	iters: 3300, epoch: 7 | loss: 0.2699984
	speed: 0.0033s/iter; left time: 186.2096s
	iters: 3400, epoch: 7 | loss: 0.3001660
	speed: 0.0034s/iter; left time: 189.8427s
	iters: 3500, epoch: 7 | loss: 0.2827033
	speed: 0.0036s/iter; left time: 200.2584s
	iters: 3600, epoch: 7 | loss: 0.4679902
	speed: 0.0033s/iter; left time: 184.0374s
	iters: 3700, epoch: 7 | loss: 0.1932478
	speed: 0.0031s/iter; left time: 172.5979s
	iters: 3800, epoch: 7 | loss: 0.2593517
	speed: 0.0032s/iter; left time: 179.1485s
	iters: 3900, epoch: 7 | loss: 0.1726445
	speed: 0.0026s/iter; left time: 145.2649s
	iters: 4000, epoch: 7 | loss: 0.4318683
	speed: 0.0031s/iter; left time: 174.4494s
	iters: 4100, epoch: 7 | loss: 0.3360473
	speed: 0.0032s/iter; left time: 178.7191s
	iters: 4200, epoch: 7 | loss: 0.2622843
	speed: 0.0039s/iter; left time: 216.9968s
Epoch: 7 cost time: 13.819557905197144
Epoch: 7, Steps: 4254 | Train Loss: 0.2911361 Vali Loss: 0.4961510 Test Loss: 0.3318300
EarlyStopping counter: 1 out of 5
Updating learning rate to 7.8125e-05
	iters: 100, epoch: 8 | loss: 0.2333048
	speed: 0.0242s/iter; left time: 1336.9729s
	iters: 200, epoch: 8 | loss: 0.3087292
	speed: 0.0034s/iter; left time: 189.5854s
	iters: 300, epoch: 8 | loss: 0.2103150
	speed: 0.0035s/iter; left time: 190.7857s
	iters: 400, epoch: 8 | loss: 0.2858734
	speed: 0.0036s/iter; left time: 195.0191s
	iters: 500, epoch: 8 | loss: 0.2343517
	speed: 0.0037s/iter; left time: 201.0637s
	iters: 600, epoch: 8 | loss: 0.3518594
	speed: 0.0040s/iter; left time: 220.4815s
	iters: 700, epoch: 8 | loss: 0.4542037
	speed: 0.0038s/iter; left time: 209.2496s
	iters: 800, epoch: 8 | loss: 0.3873486
	speed: 0.0031s/iter; left time: 169.5061s
	iters: 900, epoch: 8 | loss: 0.3747141
	speed: 0.0034s/iter; left time: 184.4247s
	iters: 1000, epoch: 8 | loss: 0.2725269
	speed: 0.0033s/iter; left time: 179.3368s
	iters: 1100, epoch: 8 | loss: 0.3006830
	speed: 0.0034s/iter; left time: 182.8731s
	iters: 1200, epoch: 8 | loss: 0.3969535
	speed: 0.0035s/iter; left time: 191.5243s
	iters: 1300, epoch: 8 | loss: 0.2253720
	speed: 0.0033s/iter; left time: 177.8078s
	iters: 1400, epoch: 8 | loss: 0.3171722
	speed: 0.0034s/iter; left time: 180.5941s
	iters: 1500, epoch: 8 | loss: 0.2727152
	speed: 0.0032s/iter; left time: 169.4796s
	iters: 1600, epoch: 8 | loss: 0.3570157
	speed: 0.0031s/iter; left time: 166.0610s
	iters: 1700, epoch: 8 | loss: 0.2952661
	speed: 0.0030s/iter; left time: 163.4887s
	iters: 1800, epoch: 8 | loss: 0.2287916
	speed: 0.0036s/iter; left time: 193.5870s
	iters: 1900, epoch: 8 | loss: 0.2310818
	speed: 0.0038s/iter; left time: 203.0340s
	iters: 2000, epoch: 8 | loss: 0.1614344
	speed: 0.0033s/iter; left time: 174.3009s
	iters: 2100, epoch: 8 | loss: 0.3713431
	speed: 0.0030s/iter; left time: 159.0771s
	iters: 2200, epoch: 8 | loss: 0.1976171
	speed: 0.0032s/iter; left time: 167.9345s
	iters: 2300, epoch: 8 | loss: 0.2479559
	speed: 0.0038s/iter; left time: 201.4117s
	iters: 2400, epoch: 8 | loss: 0.2260688
	speed: 0.0038s/iter; left time: 199.4445s
	iters: 2500, epoch: 8 | loss: 0.2485516
	speed: 0.0037s/iter; left time: 196.5960s
	iters: 2600, epoch: 8 | loss: 0.2108742
	speed: 0.0035s/iter; left time: 185.0148s
	iters: 2700, epoch: 8 | loss: 0.2774412
	speed: 0.0033s/iter; left time: 172.0115s
	iters: 2800, epoch: 8 | loss: 0.2089557
	speed: 0.0037s/iter; left time: 194.4254s
	iters: 2900, epoch: 8 | loss: 0.4130248
	speed: 0.0037s/iter; left time: 193.8910s
	iters: 3000, epoch: 8 | loss: 0.4912045
	speed: 0.0034s/iter; left time: 178.9049s
	iters: 3100, epoch: 8 | loss: 0.3605583
	speed: 0.0033s/iter; left time: 170.1806s
	iters: 3200, epoch: 8 | loss: 0.2979268
	speed: 0.0031s/iter; left time: 159.3605s
	iters: 3300, epoch: 8 | loss: 0.3932921
	speed: 0.0031s/iter; left time: 159.1297s
	iters: 3400, epoch: 8 | loss: 0.2999198
	speed: 0.0036s/iter; left time: 188.5485s
	iters: 3500, epoch: 8 | loss: 0.2312812
	speed: 0.0038s/iter; left time: 195.8168s
	iters: 3600, epoch: 8 | loss: 0.2261716
	speed: 0.0040s/iter; left time: 204.3579s
	iters: 3700, epoch: 8 | loss: 0.2710635
	speed: 0.0038s/iter; left time: 197.6396s
	iters: 3800, epoch: 8 | loss: 0.2438602
	speed: 0.0036s/iter; left time: 184.9225s
	iters: 3900, epoch: 8 | loss: 0.3017894
	speed: 0.0035s/iter; left time: 180.5862s
	iters: 4000, epoch: 8 | loss: 0.2432459
	speed: 0.0030s/iter; left time: 153.3962s
	iters: 4100, epoch: 8 | loss: 0.2240233
	speed: 0.0031s/iter; left time: 160.7776s
	iters: 4200, epoch: 8 | loss: 0.2353574
	speed: 0.0030s/iter; left time: 154.4651s
Epoch: 8 cost time: 14.633790493011475
Epoch: 8, Steps: 4254 | Train Loss: 0.2883807 Vali Loss: 0.4845279 Test Loss: 0.3285545
Validation loss decreased (0.495782 --> 0.484528).  Saving model ...
Updating learning rate to 3.90625e-05
	iters: 100, epoch: 9 | loss: 0.1880234
	speed: 0.0258s/iter; left time: 1313.3257s
	iters: 200, epoch: 9 | loss: 0.2869239
	speed: 0.0038s/iter; left time: 193.3235s
	iters: 300, epoch: 9 | loss: 0.2794674
	speed: 0.0038s/iter; left time: 193.3542s
	iters: 400, epoch: 9 | loss: 0.2518978
	speed: 0.0037s/iter; left time: 188.9200s
	iters: 500, epoch: 9 | loss: 0.2940106
	speed: 0.0032s/iter; left time: 163.2942s
	iters: 600, epoch: 9 | loss: 0.3015209
	speed: 0.0030s/iter; left time: 153.3654s
	iters: 700, epoch: 9 | loss: 0.2684055
	speed: 0.0038s/iter; left time: 188.8089s
	iters: 800, epoch: 9 | loss: 0.2969060
	speed: 0.0034s/iter; left time: 168.4421s
	iters: 900, epoch: 9 | loss: 0.2812239
	speed: 0.0031s/iter; left time: 156.9909s
	iters: 1000, epoch: 9 | loss: 0.5080766
	speed: 0.0037s/iter; left time: 185.1821s
	iters: 1100, epoch: 9 | loss: 0.4355655
	speed: 0.0037s/iter; left time: 182.9898s
	iters: 1200, epoch: 9 | loss: 0.2423201
	speed: 0.0026s/iter; left time: 128.6099s
	iters: 1300, epoch: 9 | loss: 0.2572993
	speed: 0.0029s/iter; left time: 145.2042s
	iters: 1400, epoch: 9 | loss: 0.2768886
	speed: 0.0029s/iter; left time: 143.0968s
	iters: 1500, epoch: 9 | loss: 0.2429507
	speed: 0.0035s/iter; left time: 174.4137s
	iters: 1600, epoch: 9 | loss: 0.3071134
	speed: 0.0032s/iter; left time: 157.7424s
	iters: 1700, epoch: 9 | loss: 0.2618383
	speed: 0.0031s/iter; left time: 153.1454s
	iters: 1800, epoch: 9 | loss: 0.2159364
	speed: 0.0036s/iter; left time: 174.8634s
	iters: 1900, epoch: 9 | loss: 0.2622656
	speed: 0.0035s/iter; left time: 173.9876s
	iters: 2000, epoch: 9 | loss: 0.3326810
	speed: 0.0035s/iter; left time: 173.2458s
	iters: 2100, epoch: 9 | loss: 0.1821729
	speed: 0.0036s/iter; left time: 175.2381s
	iters: 2200, epoch: 9 | loss: 0.2491543
	speed: 0.0033s/iter; left time: 161.2290s
	iters: 2300, epoch: 9 | loss: 0.2432820
	speed: 0.0034s/iter; left time: 166.8701s
	iters: 2400, epoch: 9 | loss: 0.2796382
	speed: 0.0035s/iter; left time: 169.7849s
	iters: 2500, epoch: 9 | loss: 0.4550073
	speed: 0.0029s/iter; left time: 139.8194s
	iters: 2600, epoch: 9 | loss: 0.2274037
	speed: 0.0033s/iter; left time: 161.5435s
	iters: 2700, epoch: 9 | loss: 0.2781506
	speed: 0.0032s/iter; left time: 155.2003s
	iters: 2800, epoch: 9 | loss: 0.2342068
	speed: 0.0030s/iter; left time: 146.1411s
	iters: 2900, epoch: 9 | loss: 0.2983312
	speed: 0.0036s/iter; left time: 171.0337s
	iters: 3000, epoch: 9 | loss: 0.2626915
	speed: 0.0036s/iter; left time: 173.9367s
	iters: 3100, epoch: 9 | loss: 0.2378110
	speed: 0.0036s/iter; left time: 171.1778s
	iters: 3200, epoch: 9 | loss: 0.2363272
	speed: 0.0035s/iter; left time: 165.6484s
	iters: 3300, epoch: 9 | loss: 0.2440156
	speed: 0.0037s/iter; left time: 177.6273s
	iters: 3400, epoch: 9 | loss: 0.2347412
	speed: 0.0037s/iter; left time: 177.2786s
	iters: 3500, epoch: 9 | loss: 0.2609832
	speed: 0.0036s/iter; left time: 171.7906s
	iters: 3600, epoch: 9 | loss: 0.2231789
	speed: 0.0036s/iter; left time: 171.2907s
	iters: 3700, epoch: 9 | loss: 0.2610828
	speed: 0.0036s/iter; left time: 170.4872s
	iters: 3800, epoch: 9 | loss: 0.2639134
	speed: 0.0039s/iter; left time: 182.0009s
	iters: 3900, epoch: 9 | loss: 0.1859967
	speed: 0.0040s/iter; left time: 188.1226s
	iters: 4000, epoch: 9 | loss: 0.2713136
	speed: 0.0040s/iter; left time: 187.3568s
	iters: 4100, epoch: 9 | loss: 0.2046817
	speed: 0.0039s/iter; left time: 185.0076s
	iters: 4200, epoch: 9 | loss: 0.1969082
	speed: 0.0039s/iter; left time: 183.5839s
Epoch: 9 cost time: 14.827660322189331
Epoch: 9, Steps: 4254 | Train Loss: 0.2871232 Vali Loss: 0.4814663 Test Loss: 0.3268961
Validation loss decreased (0.484528 --> 0.481466).  Saving model ...
Updating learning rate to 1.953125e-05
	iters: 100, epoch: 10 | loss: 0.2352957
	speed: 0.0287s/iter; left time: 1339.5916s
	iters: 200, epoch: 10 | loss: 0.2500505
	speed: 0.0031s/iter; left time: 142.2414s
	iters: 300, epoch: 10 | loss: 0.2489768
	speed: 0.0036s/iter; left time: 167.4119s
	iters: 400, epoch: 10 | loss: 0.5499177
	speed: 0.0037s/iter; left time: 171.1980s
	iters: 500, epoch: 10 | loss: 0.3263096
	speed: 0.0033s/iter; left time: 152.4577s
	iters: 600, epoch: 10 | loss: 0.3148421
	speed: 0.0030s/iter; left time: 140.4329s
	iters: 700, epoch: 10 | loss: 0.3084456
	speed: 0.0034s/iter; left time: 155.3145s
	iters: 800, epoch: 10 | loss: 0.3058996
	speed: 0.0036s/iter; left time: 167.5111s
	iters: 900, epoch: 10 | loss: 0.2832056
	speed: 0.0037s/iter; left time: 168.8941s
	iters: 1000, epoch: 10 | loss: 0.2669269
	speed: 0.0028s/iter; left time: 128.2257s
	iters: 1100, epoch: 10 | loss: 0.2895447
	speed: 0.0033s/iter; left time: 151.8233s
	iters: 1200, epoch: 10 | loss: 0.3019147
	speed: 0.0032s/iter; left time: 144.9916s
	iters: 1300, epoch: 10 | loss: 0.2833602
	speed: 0.0031s/iter; left time: 139.2151s
	iters: 1400, epoch: 10 | loss: 0.2907159
	speed: 0.0031s/iter; left time: 140.8321s
	iters: 1500, epoch: 10 | loss: 0.3186080
	speed: 0.0039s/iter; left time: 178.4824s
	iters: 1600, epoch: 10 | loss: 0.3282793
	speed: 0.0039s/iter; left time: 175.3593s
	iters: 1700, epoch: 10 | loss: 0.2825301
	speed: 0.0037s/iter; left time: 168.3615s
	iters: 1800, epoch: 10 | loss: 0.2759317
	speed: 0.0036s/iter; left time: 159.8559s
	iters: 1900, epoch: 10 | loss: 0.2311176
	speed: 0.0034s/iter; left time: 152.6628s
	iters: 2000, epoch: 10 | loss: 0.3142267
	speed: 0.0029s/iter; left time: 130.9351s
	iters: 2100, epoch: 10 | loss: 0.1738679
	speed: 0.0031s/iter; left time: 140.3426s
	iters: 2200, epoch: 10 | loss: 0.3361875
	speed: 0.0031s/iter; left time: 138.2066s
	iters: 2300, epoch: 10 | loss: 0.2394491
	speed: 0.0033s/iter; left time: 148.2689s
	iters: 2400, epoch: 10 | loss: 0.2557607
	speed: 0.0033s/iter; left time: 145.1720s
	iters: 2500, epoch: 10 | loss: 0.3020747
	speed: 0.0034s/iter; left time: 148.8312s
	iters: 2600, epoch: 10 | loss: 0.2631067
	speed: 0.0033s/iter; left time: 145.9371s
	iters: 2700, epoch: 10 | loss: 0.2087900
	speed: 0.0033s/iter; left time: 146.8361s
	iters: 2800, epoch: 10 | loss: 0.6684119
	speed: 0.0031s/iter; left time: 134.6410s
	iters: 2900, epoch: 10 | loss: 0.2693945
	speed: 0.0033s/iter; left time: 144.9868s
	iters: 3000, epoch: 10 | loss: 0.2774215
	speed: 0.0036s/iter; left time: 157.2239s
	iters: 3100, epoch: 10 | loss: 0.2245065
	speed: 0.0036s/iter; left time: 156.4291s
	iters: 3200, epoch: 10 | loss: 0.4473754
	speed: 0.0037s/iter; left time: 162.2786s
	iters: 3300, epoch: 10 | loss: 0.3655241
	speed: 0.0034s/iter; left time: 147.0127s
	iters: 3400, epoch: 10 | loss: 0.2647465
	speed: 0.0033s/iter; left time: 142.7711s
	iters: 3500, epoch: 10 | loss: 0.2057605
	speed: 0.0034s/iter; left time: 149.0251s
	iters: 3600, epoch: 10 | loss: 0.2540545
	speed: 0.0034s/iter; left time: 147.7550s
	iters: 3700, epoch: 10 | loss: 0.1755038
	speed: 0.0033s/iter; left time: 141.3382s
	iters: 3800, epoch: 10 | loss: 0.3716201
	speed: 0.0035s/iter; left time: 148.4642s
	iters: 3900, epoch: 10 | loss: 0.2666282
	speed: 0.0039s/iter; left time: 166.4585s
	iters: 4000, epoch: 10 | loss: 0.3605146
	speed: 0.0038s/iter; left time: 162.2884s
	iters: 4100, epoch: 10 | loss: 0.1905954
	speed: 0.0036s/iter; left time: 154.5558s
	iters: 4200, epoch: 10 | loss: 0.2102932
	speed: 0.0036s/iter; left time: 152.9162s
Epoch: 10 cost time: 14.494072437286377
Epoch: 10, Steps: 4254 | Train Loss: 0.2864064 Vali Loss: 0.4830090 Test Loss: 0.3268368
EarlyStopping counter: 1 out of 5
Updating learning rate to 9.765625e-06
	iters: 100, epoch: 11 | loss: 0.2468361
	speed: 0.0250s/iter; left time: 1060.5712s
	iters: 200, epoch: 11 | loss: 0.3578747
	speed: 0.0032s/iter; left time: 136.3384s
	iters: 300, epoch: 11 | loss: 0.3552805
	speed: 0.0033s/iter; left time: 141.1040s
	iters: 400, epoch: 11 | loss: 0.2803372
	speed: 0.0033s/iter; left time: 138.2985s
	iters: 500, epoch: 11 | loss: 0.2025829
	speed: 0.0031s/iter; left time: 131.5870s
	iters: 600, epoch: 11 | loss: 0.2410271
	speed: 0.0031s/iter; left time: 132.1135s
	iters: 700, epoch: 11 | loss: 0.3209932
	speed: 0.0036s/iter; left time: 151.5714s
	iters: 800, epoch: 11 | loss: 0.2539912
	speed: 0.0030s/iter; left time: 123.9713s
	iters: 900, epoch: 11 | loss: 0.2729086
	speed: 0.0031s/iter; left time: 128.2536s
	iters: 1000, epoch: 11 | loss: 0.2450041
	speed: 0.0037s/iter; left time: 152.5845s
	iters: 1100, epoch: 11 | loss: 0.3473713
	speed: 0.0032s/iter; left time: 133.4553s
	iters: 1200, epoch: 11 | loss: 0.2382997
	speed: 0.0031s/iter; left time: 126.9167s
	iters: 1300, epoch: 11 | loss: 0.2237946
	speed: 0.0031s/iter; left time: 127.9267s
	iters: 1400, epoch: 11 | loss: 0.2424365
	speed: 0.0032s/iter; left time: 133.2967s
	iters: 1500, epoch: 11 | loss: 0.5210455
	speed: 0.0032s/iter; left time: 131.3313s
	iters: 1600, epoch: 11 | loss: 0.3659442
	speed: 0.0036s/iter; left time: 147.0680s
	iters: 1700, epoch: 11 | loss: 0.4446264
	speed: 0.0028s/iter; left time: 115.5794s
	iters: 1800, epoch: 11 | loss: 0.2274362
	speed: 0.0038s/iter; left time: 153.9258s
	iters: 1900, epoch: 11 | loss: 0.4602448
	speed: 0.0036s/iter; left time: 144.7599s
	iters: 2000, epoch: 11 | loss: 0.3281805
	speed: 0.0031s/iter; left time: 125.6777s
	iters: 2100, epoch: 11 | loss: 0.2265847
	speed: 0.0028s/iter; left time: 114.0432s
	iters: 2200, epoch: 11 | loss: 0.5000932
	speed: 0.0029s/iter; left time: 115.4600s
	iters: 2300, epoch: 11 | loss: 0.2344453
	speed: 0.0035s/iter; left time: 140.8433s
	iters: 2400, epoch: 11 | loss: 0.2321732
	speed: 0.0040s/iter; left time: 162.1922s
	iters: 2500, epoch: 11 | loss: 0.2737670
	speed: 0.0033s/iter; left time: 131.8957s
	iters: 2600, epoch: 11 | loss: 0.2624278
	speed: 0.0030s/iter; left time: 121.0213s
	iters: 2700, epoch: 11 | loss: 0.4109093
	speed: 0.0032s/iter; left time: 127.0926s
	iters: 2800, epoch: 11 | loss: 0.2282851
	speed: 0.0034s/iter; left time: 134.4380s
	iters: 2900, epoch: 11 | loss: 0.1942491
	speed: 0.0031s/iter; left time: 124.4718s
	iters: 3000, epoch: 11 | loss: 0.1801137
	speed: 0.0035s/iter; left time: 137.9974s
	iters: 3100, epoch: 11 | loss: 0.2296631
	speed: 0.0034s/iter; left time: 135.7526s
	iters: 3200, epoch: 11 | loss: 0.2249068
	speed: 0.0038s/iter; left time: 147.5512s
	iters: 3300, epoch: 11 | loss: 0.2448684
	speed: 0.0037s/iter; left time: 144.7572s
	iters: 3400, epoch: 11 | loss: 0.2472435
	speed: 0.0033s/iter; left time: 127.7002s
	iters: 3500, epoch: 11 | loss: 0.3871419
	speed: 0.0035s/iter; left time: 135.0816s
	iters: 3600, epoch: 11 | loss: 0.2506929
	speed: 0.0035s/iter; left time: 134.3692s
	iters: 3700, epoch: 11 | loss: 0.2521941
	speed: 0.0035s/iter; left time: 137.6168s
	iters: 3800, epoch: 11 | loss: 0.2883506
	speed: 0.0038s/iter; left time: 146.4409s
	iters: 3900, epoch: 11 | loss: 0.3948859
	speed: 0.0037s/iter; left time: 141.8127s
	iters: 4000, epoch: 11 | loss: 0.3034047
	speed: 0.0037s/iter; left time: 143.8695s
	iters: 4100, epoch: 11 | loss: 0.3067005
	speed: 0.0037s/iter; left time: 143.7696s
	iters: 4200, epoch: 11 | loss: 0.2953720
	speed: 0.0036s/iter; left time: 139.2516s
Epoch: 11 cost time: 14.330753087997437
Epoch: 11, Steps: 4254 | Train Loss: 0.2859999 Vali Loss: 0.4810857 Test Loss: 0.3266131
Validation loss decreased (0.481466 --> 0.481086).  Saving model ...
Updating learning rate to 4.8828125e-06
	iters: 100, epoch: 12 | loss: 0.2438035
	speed: 0.0256s/iter; left time: 978.2167s
	iters: 200, epoch: 12 | loss: 0.2035915
	speed: 0.0031s/iter; left time: 117.3076s
	iters: 300, epoch: 12 | loss: 0.2051115
	speed: 0.0034s/iter; left time: 128.8664s
	iters: 400, epoch: 12 | loss: 0.2402745
	speed: 0.0033s/iter; left time: 126.5426s
	iters: 500, epoch: 12 | loss: 0.2713667
	speed: 0.0030s/iter; left time: 113.7393s
	iters: 600, epoch: 12 | loss: 0.2678800
	speed: 0.0032s/iter; left time: 121.0477s
	iters: 700, epoch: 12 | loss: 0.3359933
	speed: 0.0034s/iter; left time: 126.3118s
	iters: 800, epoch: 12 | loss: 0.1815977
	speed: 0.0036s/iter; left time: 133.8283s
	iters: 900, epoch: 12 | loss: 0.2566401
	speed: 0.0038s/iter; left time: 141.0801s
	iters: 1000, epoch: 12 | loss: 0.2071902
	speed: 0.0040s/iter; left time: 150.6395s
	iters: 1100, epoch: 12 | loss: 0.3146207
	speed: 0.0038s/iter; left time: 141.8012s
	iters: 1200, epoch: 12 | loss: 0.1881185
	speed: 0.0038s/iter; left time: 141.3012s
	iters: 1300, epoch: 12 | loss: 0.2396877
	speed: 0.0039s/iter; left time: 142.7078s
	iters: 1400, epoch: 12 | loss: 0.2404446
	speed: 0.0038s/iter; left time: 139.5286s
	iters: 1500, epoch: 12 | loss: 0.2586754
	speed: 0.0038s/iter; left time: 140.8956s
	iters: 1600, epoch: 12 | loss: 0.2035861
	speed: 0.0036s/iter; left time: 132.0714s
	iters: 1700, epoch: 12 | loss: 0.2446538
	speed: 0.0034s/iter; left time: 124.1077s
	iters: 1800, epoch: 12 | loss: 0.2579678
	speed: 0.0034s/iter; left time: 123.2674s
	iters: 1900, epoch: 12 | loss: 0.2695380
	speed: 0.0036s/iter; left time: 129.2715s
	iters: 2000, epoch: 12 | loss: 0.1785415
	speed: 0.0039s/iter; left time: 140.4299s
	iters: 2100, epoch: 12 | loss: 0.4367671
	speed: 0.0037s/iter; left time: 133.8915s
	iters: 2200, epoch: 12 | loss: 0.4775550
	speed: 0.0035s/iter; left time: 124.9997s
	iters: 2300, epoch: 12 | loss: 0.5395879
	speed: 0.0038s/iter; left time: 137.1101s
	iters: 2400, epoch: 12 | loss: 0.2479380
	speed: 0.0035s/iter; left time: 125.9643s
	iters: 2500, epoch: 12 | loss: 0.3663882
	speed: 0.0033s/iter; left time: 117.8205s
	iters: 2600, epoch: 12 | loss: 0.2214140
	speed: 0.0035s/iter; left time: 126.3505s
	iters: 2700, epoch: 12 | loss: 0.2298173
	speed: 0.0031s/iter; left time: 109.9635s
	iters: 2800, epoch: 12 | loss: 0.5759401
	speed: 0.0033s/iter; left time: 118.1947s
	iters: 2900, epoch: 12 | loss: 0.2614824
	speed: 0.0037s/iter; left time: 131.2858s
	iters: 3000, epoch: 12 | loss: 0.3863354
	speed: 0.0038s/iter; left time: 132.3457s
	iters: 3100, epoch: 12 | loss: 0.3027114
	speed: 0.0035s/iter; left time: 122.5611s
	iters: 3200, epoch: 12 | loss: 0.2616864
	speed: 0.0031s/iter; left time: 110.1726s
	iters: 3300, epoch: 12 | loss: 0.2175392
	speed: 0.0033s/iter; left time: 114.4072s
	iters: 3400, epoch: 12 | loss: 0.2492078
	speed: 0.0037s/iter; left time: 127.7686s
	iters: 3500, epoch: 12 | loss: 0.2504002
	speed: 0.0039s/iter; left time: 136.0172s
	iters: 3600, epoch: 12 | loss: 0.2911824
	speed: 0.0034s/iter; left time: 118.3491s
	iters: 3700, epoch: 12 | loss: 0.3188016
	speed: 0.0035s/iter; left time: 120.3629s
	iters: 3800, epoch: 12 | loss: 0.2992800
	speed: 0.0037s/iter; left time: 127.9682s
	iters: 3900, epoch: 12 | loss: 0.3283401
	speed: 0.0032s/iter; left time: 111.1430s
	iters: 4000, epoch: 12 | loss: 0.2869623
	speed: 0.0037s/iter; left time: 125.4902s
	iters: 4100, epoch: 12 | loss: 0.2981165
	speed: 0.0037s/iter; left time: 127.1927s
	iters: 4200, epoch: 12 | loss: 0.3300169
	speed: 0.0032s/iter; left time: 109.4879s
Epoch: 12 cost time: 14.995606422424316
Epoch: 12, Steps: 4254 | Train Loss: 0.2858101 Vali Loss: 0.4816636 Test Loss: 0.3268887
EarlyStopping counter: 1 out of 5
Updating learning rate to 2.44140625e-06
	iters: 100, epoch: 13 | loss: 0.2158207
	speed: 0.0243s/iter; left time: 824.4520s
	iters: 200, epoch: 13 | loss: 0.3880917
	speed: 0.0035s/iter; left time: 117.7385s
	iters: 300, epoch: 13 | loss: 0.2717893
	speed: 0.0031s/iter; left time: 105.9940s
	iters: 400, epoch: 13 | loss: 0.2998224
	speed: 0.0037s/iter; left time: 122.7613s
	iters: 500, epoch: 13 | loss: 0.3349355
	speed: 0.0037s/iter; left time: 124.7583s
	iters: 600, epoch: 13 | loss: 0.1945942
	speed: 0.0034s/iter; left time: 115.1203s
	iters: 700, epoch: 13 | loss: 0.2724323
	speed: 0.0031s/iter; left time: 102.3294s
	iters: 800, epoch: 13 | loss: 0.2312882
	speed: 0.0035s/iter; left time: 117.6629s
	iters: 900, epoch: 13 | loss: 0.2578445
	speed: 0.0036s/iter; left time: 118.0697s
	iters: 1000, epoch: 13 | loss: 0.2378605
	speed: 0.0036s/iter; left time: 118.5880s
	iters: 1100, epoch: 13 | loss: 0.3690448
	speed: 0.0037s/iter; left time: 123.2642s
	iters: 1200, epoch: 13 | loss: 0.2766637
	speed: 0.0038s/iter; left time: 124.1091s
	iters: 1300, epoch: 13 | loss: 0.4054904
	speed: 0.0036s/iter; left time: 116.2231s
	iters: 1400, epoch: 13 | loss: 0.3167475
	speed: 0.0037s/iter; left time: 120.1953s
	iters: 1500, epoch: 13 | loss: 0.2446944
	speed: 0.0035s/iter; left time: 112.5642s
	iters: 1600, epoch: 13 | loss: 0.2148752
	speed: 0.0034s/iter; left time: 110.5957s
	iters: 1700, epoch: 13 | loss: 0.2503293
	speed: 0.0033s/iter; left time: 108.1023s
	iters: 1800, epoch: 13 | loss: 0.2370320
	speed: 0.0035s/iter; left time: 111.5257s
	iters: 1900, epoch: 13 | loss: 0.2643489
	speed: 0.0037s/iter; left time: 118.2501s
	iters: 2000, epoch: 13 | loss: 0.2216290
	speed: 0.0038s/iter; left time: 120.2356s
	iters: 2100, epoch: 13 | loss: 0.2705259
	speed: 0.0037s/iter; left time: 118.7423s
	iters: 2200, epoch: 13 | loss: 0.2369578
	speed: 0.0038s/iter; left time: 120.0230s
	iters: 2300, epoch: 13 | loss: 0.2388097
	speed: 0.0037s/iter; left time: 116.7777s
	iters: 2400, epoch: 13 | loss: 0.2536269
	speed: 0.0036s/iter; left time: 113.8943s
	iters: 2500, epoch: 13 | loss: 0.3429243
	speed: 0.0035s/iter; left time: 111.4372s
	iters: 2600, epoch: 13 | loss: 0.2111938
	speed: 0.0041s/iter; left time: 127.6179s
	iters: 2700, epoch: 13 | loss: 0.3005681
	speed: 0.0034s/iter; left time: 106.8456s
	iters: 2800, epoch: 13 | loss: 0.3388696
	speed: 0.0031s/iter; left time: 96.9033s
	iters: 2900, epoch: 13 | loss: 0.2746096
	speed: 0.0036s/iter; left time: 110.8334s
	iters: 3000, epoch: 13 | loss: 0.2236387
	speed: 0.0031s/iter; left time: 95.8926s
	iters: 3100, epoch: 13 | loss: 0.2865039
	speed: 0.0037s/iter; left time: 115.7381s
	iters: 3200, epoch: 13 | loss: 0.2441179
	speed: 0.0032s/iter; left time: 99.3005s
	iters: 3300, epoch: 13 | loss: 0.2451376
	speed: 0.0032s/iter; left time: 98.0383s
	iters: 3400, epoch: 13 | loss: 0.4000821
	speed: 0.0032s/iter; left time: 98.1221s
	iters: 3500, epoch: 13 | loss: 0.3258719
	speed: 0.0034s/iter; left time: 105.0334s
	iters: 3600, epoch: 13 | loss: 0.1722993
	speed: 0.0034s/iter; left time: 103.4894s
	iters: 3700, epoch: 13 | loss: 0.2778431
	speed: 0.0035s/iter; left time: 105.3125s
	iters: 3800, epoch: 13 | loss: 0.4434195
	speed: 0.0032s/iter; left time: 98.2572s
	iters: 3900, epoch: 13 | loss: 0.5979260
	speed: 0.0034s/iter; left time: 103.3570s
	iters: 4000, epoch: 13 | loss: 0.2550652
	speed: 0.0034s/iter; left time: 102.4882s
	iters: 4100, epoch: 13 | loss: 0.2930403
	speed: 0.0035s/iter; left time: 105.9621s
	iters: 4200, epoch: 13 | loss: 0.3985505
	speed: 0.0035s/iter; left time: 104.4157s
Epoch: 13 cost time: 14.901355504989624
Epoch: 13, Steps: 4254 | Train Loss: 0.2856869 Vali Loss: 0.4824094 Test Loss: 0.3268895
EarlyStopping counter: 2 out of 5
Updating learning rate to 1.220703125e-06
	iters: 100, epoch: 14 | loss: 0.2712751
	speed: 0.0268s/iter; left time: 796.6267s
	iters: 200, epoch: 14 | loss: 0.3563095
	speed: 0.0032s/iter; left time: 94.6526s
	iters: 300, epoch: 14 | loss: 0.2462662
	speed: 0.0035s/iter; left time: 103.2986s
	iters: 400, epoch: 14 | loss: 0.2918488
	speed: 0.0031s/iter; left time: 90.1939s
	iters: 500, epoch: 14 | loss: 0.2309338
	speed: 0.0031s/iter; left time: 91.3498s
	iters: 600, epoch: 14 | loss: 0.1968838
	speed: 0.0035s/iter; left time: 102.1815s
	iters: 700, epoch: 14 | loss: 0.3144105
	speed: 0.0038s/iter; left time: 110.2275s
	iters: 800, epoch: 14 | loss: 0.2498918
	speed: 0.0028s/iter; left time: 80.2720s
	iters: 900, epoch: 14 | loss: 0.2899271
	speed: 0.0031s/iter; left time: 90.1587s
	iters: 1000, epoch: 14 | loss: 0.2747685
	speed: 0.0033s/iter; left time: 96.1219s
	iters: 1100, epoch: 14 | loss: 0.2519535
	speed: 0.0034s/iter; left time: 96.9351s
	iters: 1200, epoch: 14 | loss: 0.2746200
	speed: 0.0034s/iter; left time: 96.6007s
	iters: 1300, epoch: 14 | loss: 0.2165093
	speed: 0.0033s/iter; left time: 92.8409s
	iters: 1400, epoch: 14 | loss: 0.2232944
	speed: 0.0032s/iter; left time: 90.2454s
	iters: 1500, epoch: 14 | loss: 0.3244284
	speed: 0.0034s/iter; left time: 94.7970s
	iters: 1600, epoch: 14 | loss: 0.2069346
	speed: 0.0032s/iter; left time: 91.0322s
	iters: 1700, epoch: 14 | loss: 0.2329891
	speed: 0.0028s/iter; left time: 80.0247s
	iters: 1800, epoch: 14 | loss: 0.2424299
	speed: 0.0028s/iter; left time: 78.3835s
	iters: 1900, epoch: 14 | loss: 0.3100170
	speed: 0.0035s/iter; left time: 97.0189s
	iters: 2000, epoch: 14 | loss: 0.2834817
	speed: 0.0036s/iter; left time: 101.0747s
	iters: 2100, epoch: 14 | loss: 0.4378282
	speed: 0.0033s/iter; left time: 91.3939s
	iters: 2200, epoch: 14 | loss: 0.3328350
	speed: 0.0033s/iter; left time: 89.9076s
	iters: 2300, epoch: 14 | loss: 0.2875538
	speed: 0.0036s/iter; left time: 99.1990s
	iters: 2400, epoch: 14 | loss: 0.4466084
	speed: 0.0036s/iter; left time: 99.8818s
	iters: 2500, epoch: 14 | loss: 0.3083077
	speed: 0.0035s/iter; left time: 94.3858s
	iters: 2600, epoch: 14 | loss: 0.3170149
	speed: 0.0035s/iter; left time: 95.9416s
	iters: 2700, epoch: 14 | loss: 0.2511324
	speed: 0.0035s/iter; left time: 93.7966s
	iters: 2800, epoch: 14 | loss: 0.3208938
	speed: 0.0033s/iter; left time: 90.1238s
	iters: 2900, epoch: 14 | loss: 0.3995631
	speed: 0.0037s/iter; left time: 100.6420s
	iters: 3000, epoch: 14 | loss: 0.2698125
	speed: 0.0036s/iter; left time: 97.0045s
	iters: 3100, epoch: 14 | loss: 0.2505418
	speed: 0.0033s/iter; left time: 88.0404s
	iters: 3200, epoch: 14 | loss: 0.2438468
	speed: 0.0037s/iter; left time: 97.8263s
	iters: 3300, epoch: 14 | loss: 0.2702288
	speed: 0.0032s/iter; left time: 84.7808s
	iters: 3400, epoch: 14 | loss: 0.2285057
	speed: 0.0036s/iter; left time: 94.4366s
	iters: 3500, epoch: 14 | loss: 0.2810615
	speed: 0.0036s/iter; left time: 94.6660s
	iters: 3600, epoch: 14 | loss: 0.3270963
	speed: 0.0036s/iter; left time: 93.4710s
	iters: 3700, epoch: 14 | loss: 0.3583063
	speed: 0.0035s/iter; left time: 92.3192s
	iters: 3800, epoch: 14 | loss: 0.2733924
	speed: 0.0035s/iter; left time: 89.9343s
	iters: 3900, epoch: 14 | loss: 0.2699718
	speed: 0.0034s/iter; left time: 88.2466s
	iters: 4000, epoch: 14 | loss: 0.2744902
	speed: 0.0034s/iter; left time: 86.3724s
	iters: 4100, epoch: 14 | loss: 0.2466114
	speed: 0.0034s/iter; left time: 86.5867s
	iters: 4200, epoch: 14 | loss: 0.3335967
	speed: 0.0035s/iter; left time: 88.5036s
Epoch: 14 cost time: 14.345177412033081
Epoch: 14, Steps: 4254 | Train Loss: 0.2856489 Vali Loss: 0.4822167 Test Loss: 0.3267039
EarlyStopping counter: 3 out of 5
Updating learning rate to 6.103515625e-07
	iters: 100, epoch: 15 | loss: 0.4795590
	speed: 0.0271s/iter; left time: 688.8591s
	iters: 200, epoch: 15 | loss: 0.2317450
	speed: 0.0035s/iter; left time: 89.1441s
	iters: 300, epoch: 15 | loss: 0.2858672
	speed: 0.0035s/iter; left time: 87.5456s
	iters: 400, epoch: 15 | loss: 0.2749501
	speed: 0.0035s/iter; left time: 87.4899s
	iters: 500, epoch: 15 | loss: 0.1664087
	speed: 0.0035s/iter; left time: 87.3371s
	iters: 600, epoch: 15 | loss: 0.2616142
	speed: 0.0035s/iter; left time: 86.4893s
	iters: 700, epoch: 15 | loss: 0.2457927
	speed: 0.0035s/iter; left time: 86.2194s
	iters: 800, epoch: 15 | loss: 0.3591317
	speed: 0.0035s/iter; left time: 87.0316s
	iters: 900, epoch: 15 | loss: 0.3719638
	speed: 0.0035s/iter; left time: 86.9268s
	iters: 1000, epoch: 15 | loss: 0.2661678
	speed: 0.0035s/iter; left time: 86.6608s
	iters: 1100, epoch: 15 | loss: 0.4680089
	speed: 0.0036s/iter; left time: 87.4417s
	iters: 1200, epoch: 15 | loss: 0.2011005
	speed: 0.0035s/iter; left time: 86.3529s
	iters: 1300, epoch: 15 | loss: 0.2904884
	speed: 0.0035s/iter; left time: 84.3313s
	iters: 1400, epoch: 15 | loss: 0.2252703
	speed: 0.0035s/iter; left time: 83.7226s
	iters: 1500, epoch: 15 | loss: 0.2413621
	speed: 0.0034s/iter; left time: 82.6980s
	iters: 1600, epoch: 15 | loss: 0.2839935
	speed: 0.0035s/iter; left time: 83.4983s
	iters: 1700, epoch: 15 | loss: 0.5077269
	speed: 0.0035s/iter; left time: 83.3873s
	iters: 1800, epoch: 15 | loss: 0.2685935
	speed: 0.0035s/iter; left time: 82.8599s
	iters: 1900, epoch: 15 | loss: 0.4121386
	speed: 0.0036s/iter; left time: 84.8140s
	iters: 2000, epoch: 15 | loss: 0.3199613
	speed: 0.0039s/iter; left time: 91.0420s
	iters: 2100, epoch: 15 | loss: 0.2508460
	speed: 0.0038s/iter; left time: 88.3931s
	iters: 2200, epoch: 15 | loss: 0.4636153
	speed: 0.0039s/iter; left time: 90.2798s
	iters: 2300, epoch: 15 | loss: 0.1922752
	speed: 0.0039s/iter; left time: 89.6484s
	iters: 2400, epoch: 15 | loss: 0.2363262
	speed: 0.0039s/iter; left time: 89.7805s
	iters: 2500, epoch: 15 | loss: 0.4235842
	speed: 0.0039s/iter; left time: 90.0392s
	iters: 2600, epoch: 15 | loss: 0.1903840
	speed: 0.0039s/iter; left time: 89.4371s
	iters: 2700, epoch: 15 | loss: 0.2682270
	speed: 0.0036s/iter; left time: 82.3982s
	iters: 2800, epoch: 15 | loss: 0.2340136
	speed: 0.0035s/iter; left time: 79.5372s
	iters: 2900, epoch: 15 | loss: 0.2485268
	speed: 0.0038s/iter; left time: 84.9173s
	iters: 3000, epoch: 15 | loss: 0.2360029
	speed: 0.0038s/iter; left time: 86.3412s
	iters: 3100, epoch: 15 | loss: 0.2904808
	speed: 0.0038s/iter; left time: 85.9208s
	iters: 3200, epoch: 15 | loss: 0.3090974
	speed: 0.0038s/iter; left time: 84.3952s
	iters: 3300, epoch: 15 | loss: 0.3517781
	speed: 0.0038s/iter; left time: 83.7990s
	iters: 3400, epoch: 15 | loss: 0.3337187
	speed: 0.0038s/iter; left time: 84.3392s
	iters: 3500, epoch: 15 | loss: 0.2691688
	speed: 0.0038s/iter; left time: 84.1352s
	iters: 3600, epoch: 15 | loss: 0.2384171
	speed: 0.0038s/iter; left time: 83.7649s
	iters: 3700, epoch: 15 | loss: 0.2479288
	speed: 0.0039s/iter; left time: 84.1052s
	iters: 3800, epoch: 15 | loss: 0.2527869
	speed: 0.0038s/iter; left time: 82.5547s
	iters: 3900, epoch: 15 | loss: 0.2376065
	speed: 0.0038s/iter; left time: 81.7376s
	iters: 4000, epoch: 15 | loss: 0.2425181
	speed: 0.0037s/iter; left time: 79.4361s
	iters: 4100, epoch: 15 | loss: 0.4233316
	speed: 0.0037s/iter; left time: 79.9152s
	iters: 4200, epoch: 15 | loss: 0.3594309
	speed: 0.0038s/iter; left time: 80.6511s
Epoch: 15 cost time: 15.594244003295898
Epoch: 15, Steps: 4254 | Train Loss: 0.2856160 Vali Loss: 0.4822520 Test Loss: 0.3266796
EarlyStopping counter: 4 out of 5
Updating learning rate to 3.0517578125e-07
	iters: 100, epoch: 16 | loss: 0.2831113
	speed: 0.0295s/iter; left time: 624.2739s
	iters: 200, epoch: 16 | loss: 0.2112228
	speed: 0.0037s/iter; left time: 77.7107s
	iters: 300, epoch: 16 | loss: 0.2414054
	speed: 0.0037s/iter; left time: 77.5927s
	iters: 400, epoch: 16 | loss: 0.2621019
	speed: 0.0038s/iter; left time: 78.2757s
	iters: 500, epoch: 16 | loss: 0.3814085
	speed: 0.0037s/iter; left time: 76.6450s
	iters: 600, epoch: 16 | loss: 0.2808721
	speed: 0.0037s/iter; left time: 75.8696s
	iters: 700, epoch: 16 | loss: 0.2489080
	speed: 0.0037s/iter; left time: 75.5564s
	iters: 800, epoch: 16 | loss: 0.2468881
	speed: 0.0037s/iter; left time: 76.3568s
	iters: 900, epoch: 16 | loss: 0.5209914
	speed: 0.0037s/iter; left time: 75.7879s
	iters: 1000, epoch: 16 | loss: 0.1723742
	speed: 0.0037s/iter; left time: 76.0162s
	iters: 1100, epoch: 16 | loss: 0.2833211
	speed: 0.0037s/iter; left time: 75.4396s
	iters: 1200, epoch: 16 | loss: 0.2488230
	speed: 0.0038s/iter; left time: 75.5046s
	iters: 1300, epoch: 16 | loss: 0.2978866
	speed: 0.0036s/iter; left time: 72.7012s
	iters: 1400, epoch: 16 | loss: 0.2010225
	speed: 0.0036s/iter; left time: 72.5290s
	iters: 1500, epoch: 16 | loss: 0.2082140
	speed: 0.0036s/iter; left time: 72.0172s
	iters: 1600, epoch: 16 | loss: 0.2569502
	speed: 0.0034s/iter; left time: 67.2749s
	iters: 1700, epoch: 16 | loss: 0.2098662
	speed: 0.0036s/iter; left time: 70.0380s
	iters: 1800, epoch: 16 | loss: 0.3595944
	speed: 0.0035s/iter; left time: 67.1994s
	iters: 1900, epoch: 16 | loss: 0.2887408
	speed: 0.0034s/iter; left time: 65.0864s
	iters: 2000, epoch: 16 | loss: 0.2554427
	speed: 0.0033s/iter; left time: 64.4443s
	iters: 2100, epoch: 16 | loss: 0.2050831
	speed: 0.0033s/iter; left time: 63.0363s
	iters: 2200, epoch: 16 | loss: 0.3880059
	speed: 0.0034s/iter; left time: 65.2224s
	iters: 2300, epoch: 16 | loss: 0.2285215
	speed: 0.0032s/iter; left time: 61.1470s
	iters: 2400, epoch: 16 | loss: 0.4624070
	speed: 0.0033s/iter; left time: 62.2738s
	iters: 2500, epoch: 16 | loss: 0.3009706
	speed: 0.0033s/iter; left time: 61.9499s
	iters: 2600, epoch: 16 | loss: 0.2923451
	speed: 0.0030s/iter; left time: 56.3866s
	iters: 2700, epoch: 16 | loss: 0.3617682
	speed: 0.0034s/iter; left time: 62.2501s
	iters: 2800, epoch: 16 | loss: 0.2874849
	speed: 0.0033s/iter; left time: 61.3238s
	iters: 2900, epoch: 16 | loss: 0.1719485
	speed: 0.0031s/iter; left time: 56.0371s
	iters: 3000, epoch: 16 | loss: 0.2378413
	speed: 0.0033s/iter; left time: 60.7045s
	iters: 3100, epoch: 16 | loss: 0.2872261
	speed: 0.0034s/iter; left time: 60.8729s
	iters: 3200, epoch: 16 | loss: 0.2139401
	speed: 0.0031s/iter; left time: 56.3816s
	iters: 3300, epoch: 16 | loss: 0.2116481
	speed: 0.0031s/iter; left time: 56.0882s
	iters: 3400, epoch: 16 | loss: 0.3218784
	speed: 0.0030s/iter; left time: 53.9709s
	iters: 3500, epoch: 16 | loss: 0.5641685
	speed: 0.0029s/iter; left time: 52.2463s
	iters: 3600, epoch: 16 | loss: 0.3077539
	speed: 0.0029s/iter; left time: 51.2938s
	iters: 3700, epoch: 16 | loss: 0.3239718
	speed: 0.0027s/iter; left time: 47.9689s
	iters: 3800, epoch: 16 | loss: 0.2386608
	speed: 0.0028s/iter; left time: 48.4001s
	iters: 3900, epoch: 16 | loss: 0.2826708
	speed: 0.0028s/iter; left time: 48.1177s
	iters: 4000, epoch: 16 | loss: 0.4278441
	speed: 0.0030s/iter; left time: 51.6788s
	iters: 4100, epoch: 16 | loss: 0.3062743
	speed: 0.0033s/iter; left time: 56.3209s
	iters: 4200, epoch: 16 | loss: 0.3107503
	speed: 0.0032s/iter; left time: 55.1396s
Epoch: 16 cost time: 14.308781385421753
Epoch: 16, Steps: 4254 | Train Loss: 0.2856029 Vali Loss: 0.4821246 Test Loss: 0.3267796
EarlyStopping counter: 5 out of 5
Early stopping
>>>>>>>testing : ETTm1_336_192_Linear_ETTm1_ftM_sl336_ll48_pl192_dm512_nh8_el2_dl1_df2048_fc1_ebtimeF_dtTrue_Exp_0_seed3293<<<<<<<<<<<<<<<<<<<<<<<<<<<<<<<<<
test 11329
mse:0.3267360329627991, mae:0.35806360840797424
