Args in experiment:
Namespace(activation='gelu', batch_size=16, c_out=7, checkpoints='./checkpoints/', d_ff=2048, d_layers=1, d_model=512, data='custom', data_path='weather.csv', dec_in=7, des='Exp', devices='0,1,2,3', distil=True, do_predict=False, dropout=0.05, e_layers=2, embed='timeF', embed_type=0, enc_in=21, factor=1, features='M', freq='h', gpu=0, individual=True, is_training=1, itr=1, label_len=48, learning_rate=0.005, loss='mse', lradj='type1', model='Linear', model_id='weather_336_192', moving_avg=25, n_heads=8, num_workers=0, output_attention=False, patience=5, pred_len=192, root_path='./dataset/', save_pred_values=False, seed=3144, seq_len=336, target='OT', test_flop=False, train_epochs=20, train_only=False, use_amp=False, use_gpu=False, use_multi_gpu=False)
Use CPU
>>>>>>>start training : weather_336_192_Linear_custom_ftM_sl336_ll48_pl192_dm512_nh8_el2_dl1_df2048_fc1_ebtimeF_dtTrue_Exp_0_seed3144>>>>>>>>>>>>>>>>>>>>>>>>>>
train 36360
val 5079
test 10348
	iters: 100, epoch: 1 | loss: 0.6365479
	speed: 0.0150s/iter; left time: 679.1495s
	iters: 200, epoch: 1 | loss: 1.0773139
	speed: 0.0144s/iter; left time: 651.5600s
	iters: 300, epoch: 1 | loss: 0.5272398
	speed: 0.0148s/iter; left time: 668.5827s
	iters: 400, epoch: 1 | loss: 0.9025241
	speed: 0.0143s/iter; left time: 643.2559s
	iters: 500, epoch: 1 | loss: 0.3362833
	speed: 0.0144s/iter; left time: 645.6838s
	iters: 600, epoch: 1 | loss: 0.4918427
	speed: 0.0143s/iter; left time: 640.2138s
	iters: 700, epoch: 1 | loss: 0.4889444
	speed: 0.0144s/iter; left time: 642.7706s
	iters: 800, epoch: 1 | loss: 0.5111008
	speed: 0.0142s/iter; left time: 632.8423s
	iters: 900, epoch: 1 | loss: 2.8934381
	speed: 0.0148s/iter; left time: 658.4355s
	iters: 1000, epoch: 1 | loss: 0.3844569
	speed: 0.0140s/iter; left time: 623.0135s
	iters: 1100, epoch: 1 | loss: 0.3979740
	speed: 0.0147s/iter; left time: 652.0725s
	iters: 1200, epoch: 1 | loss: 0.3583840
	speed: 0.0144s/iter; left time: 637.1590s
	iters: 1300, epoch: 1 | loss: 0.5418264
	speed: 0.0144s/iter; left time: 634.1217s
	iters: 1400, epoch: 1 | loss: 0.5698686
	speed: 0.0146s/iter; left time: 643.0247s
	iters: 1500, epoch: 1 | loss: 0.5539954
	speed: 0.0144s/iter; left time: 633.9109s
	iters: 1600, epoch: 1 | loss: 0.6130562
	speed: 0.0145s/iter; left time: 637.3723s
	iters: 1700, epoch: 1 | loss: 0.6461751
	speed: 0.0143s/iter; left time: 624.0484s
	iters: 1800, epoch: 1 | loss: 0.5810899
	speed: 0.0150s/iter; left time: 652.5169s
	iters: 1900, epoch: 1 | loss: 0.6290385
	speed: 0.0147s/iter; left time: 639.6758s
	iters: 2000, epoch: 1 | loss: 0.3920424
	speed: 0.0147s/iter; left time: 639.3952s
	iters: 2100, epoch: 1 | loss: 0.3054591
	speed: 0.0145s/iter; left time: 629.3948s
	iters: 2200, epoch: 1 | loss: 0.3446966
	speed: 0.0142s/iter; left time: 614.6030s
Epoch: 1 cost time: 32.92862939834595
Epoch: 1, Steps: 2272 | Train Loss: 1.1700429 Vali Loss: 0.5872062 Test Loss: 0.2600636
Validation loss decreased (inf --> 0.587206).  Saving model ...
Updating learning rate to 0.005
	iters: 100, epoch: 2 | loss: 2.3352273
	speed: 0.0533s/iter; left time: 2294.5477s
	iters: 200, epoch: 2 | loss: 0.3727536
	speed: 0.0146s/iter; left time: 629.2605s
	iters: 300, epoch: 2 | loss: 0.5708788
	speed: 0.0144s/iter; left time: 616.2964s
	iters: 400, epoch: 2 | loss: 4.3356280
	speed: 0.0147s/iter; left time: 629.4348s
	iters: 500, epoch: 2 | loss: 0.4239391
	speed: 0.0147s/iter; left time: 626.5046s
	iters: 600, epoch: 2 | loss: 0.4487516
	speed: 0.0149s/iter; left time: 632.5903s
	iters: 700, epoch: 2 | loss: 1.5387160
	speed: 0.0145s/iter; left time: 617.1799s
	iters: 800, epoch: 2 | loss: 0.4012842
	speed: 0.0147s/iter; left time: 623.2426s
	iters: 900, epoch: 2 | loss: 0.4125198
	speed: 0.0143s/iter; left time: 606.0411s
	iters: 1000, epoch: 2 | loss: 0.4249988
	speed: 0.0148s/iter; left time: 623.8028s
	iters: 1100, epoch: 2 | loss: 0.5940517
	speed: 0.0149s/iter; left time: 626.4230s
	iters: 1200, epoch: 2 | loss: 0.5556433
	speed: 0.0145s/iter; left time: 610.1710s
	iters: 1300, epoch: 2 | loss: 0.4694408
	speed: 0.0145s/iter; left time: 606.1311s
	iters: 1400, epoch: 2 | loss: 0.7793194
	speed: 0.0148s/iter; left time: 618.9124s
	iters: 1500, epoch: 2 | loss: 0.4422485
	speed: 0.0147s/iter; left time: 613.3701s
	iters: 1600, epoch: 2 | loss: 0.5130187
	speed: 0.0149s/iter; left time: 620.7104s
	iters: 1700, epoch: 2 | loss: 0.3801117
	speed: 0.0145s/iter; left time: 603.0538s
	iters: 1800, epoch: 2 | loss: 0.5566899
	speed: 0.0145s/iter; left time: 600.9213s
	iters: 1900, epoch: 2 | loss: 3.2518857
	speed: 0.0144s/iter; left time: 595.7549s
	iters: 2000, epoch: 2 | loss: 0.5588396
	speed: 0.0147s/iter; left time: 606.3299s
	iters: 2100, epoch: 2 | loss: 0.3660447
	speed: 0.0149s/iter; left time: 613.8302s
	iters: 2200, epoch: 2 | loss: 1.8878403
	speed: 0.0146s/iter; left time: 600.0146s
Epoch: 2 cost time: 33.1953809261322
Epoch: 2, Steps: 2272 | Train Loss: 0.9415299 Vali Loss: 0.5748653 Test Loss: 0.2530357
Validation loss decreased (0.587206 --> 0.574865).  Saving model ...
Updating learning rate to 0.0025
	iters: 100, epoch: 3 | loss: 0.3541081
	speed: 0.0529s/iter; left time: 2157.2611s
	iters: 200, epoch: 3 | loss: 0.4128138
	speed: 0.0147s/iter; left time: 597.4665s
	iters: 300, epoch: 3 | loss: 0.5003729
	speed: 0.0145s/iter; left time: 587.1025s
	iters: 400, epoch: 3 | loss: 0.4285157
	speed: 0.0145s/iter; left time: 587.2938s
	iters: 500, epoch: 3 | loss: 0.3838730
	speed: 0.0143s/iter; left time: 577.5845s
	iters: 600, epoch: 3 | loss: 1.3843195
	speed: 0.0145s/iter; left time: 584.7505s
	iters: 700, epoch: 3 | loss: 0.3380244
	speed: 0.0146s/iter; left time: 586.5173s
	iters: 800, epoch: 3 | loss: 0.4890485
	speed: 0.0143s/iter; left time: 572.1054s
	iters: 900, epoch: 3 | loss: 1.3315612
	speed: 0.0147s/iter; left time: 589.0095s
	iters: 1000, epoch: 3 | loss: 0.4194005
	speed: 0.0141s/iter; left time: 563.4901s
	iters: 1100, epoch: 3 | loss: 1.2319318
	speed: 0.0145s/iter; left time: 578.4523s
	iters: 1200, epoch: 3 | loss: 0.5539889
	speed: 0.0145s/iter; left time: 574.9604s
	iters: 1300, epoch: 3 | loss: 0.3468082
	speed: 0.0148s/iter; left time: 585.6859s
	iters: 1400, epoch: 3 | loss: 7.1823230
	speed: 0.0143s/iter; left time: 564.6765s
	iters: 1500, epoch: 3 | loss: 0.2883453
	speed: 0.0146s/iter; left time: 575.2399s
	iters: 1600, epoch: 3 | loss: 0.4034026
	speed: 0.0146s/iter; left time: 572.6869s
	iters: 1700, epoch: 3 | loss: 0.3373171
	speed: 0.0143s/iter; left time: 562.1703s
	iters: 1800, epoch: 3 | loss: 0.5209885
	speed: 0.0145s/iter; left time: 566.9176s
	iters: 1900, epoch: 3 | loss: 0.5106651
	speed: 0.0145s/iter; left time: 565.5487s
	iters: 2000, epoch: 3 | loss: 1.2773926
	speed: 0.0140s/iter; left time: 543.4929s
	iters: 2100, epoch: 3 | loss: 0.3522526
	speed: 0.0149s/iter; left time: 576.4342s
	iters: 2200, epoch: 3 | loss: 0.5684516
	speed: 0.0145s/iter; left time: 561.0455s
Epoch: 3 cost time: 32.88951063156128
Epoch: 3, Steps: 2272 | Train Loss: 0.6777730 Vali Loss: 0.4925351 Test Loss: 0.2303806
Validation loss decreased (0.574865 --> 0.492535).  Saving model ...
Updating learning rate to 0.00125
	iters: 100, epoch: 4 | loss: 0.4102379
	speed: 0.0522s/iter; left time: 2011.3900s
	iters: 200, epoch: 4 | loss: 0.3080518
	speed: 0.0145s/iter; left time: 556.8548s
	iters: 300, epoch: 4 | loss: 0.4642861
	speed: 0.0144s/iter; left time: 551.3940s
	iters: 400, epoch: 4 | loss: 0.4480963
	speed: 0.0148s/iter; left time: 567.1399s
	iters: 500, epoch: 4 | loss: 0.3041844
	speed: 0.0144s/iter; left time: 547.7335s
	iters: 600, epoch: 4 | loss: 0.3136829
	speed: 0.0146s/iter; left time: 553.9921s
	iters: 700, epoch: 4 | loss: 0.3681560
	speed: 0.0146s/iter; left time: 553.5844s
	iters: 800, epoch: 4 | loss: 0.4079858
	speed: 0.0149s/iter; left time: 561.8164s
	iters: 900, epoch: 4 | loss: 0.3517317
	speed: 0.0147s/iter; left time: 554.2129s
	iters: 1000, epoch: 4 | loss: 0.4773857
	speed: 0.0144s/iter; left time: 543.0138s
	iters: 1100, epoch: 4 | loss: 0.6065750
	speed: 0.0146s/iter; left time: 548.1846s
	iters: 1200, epoch: 4 | loss: 0.3724779
	speed: 0.0144s/iter; left time: 537.5464s
	iters: 1300, epoch: 4 | loss: 0.3124706
	speed: 0.0151s/iter; left time: 562.0318s
	iters: 1400, epoch: 4 | loss: 0.6801072
	speed: 0.0145s/iter; left time: 538.9567s
	iters: 1500, epoch: 4 | loss: 1.2750362
	speed: 0.0147s/iter; left time: 544.9060s
	iters: 1600, epoch: 4 | loss: 0.4880925
	speed: 0.0148s/iter; left time: 549.5297s
	iters: 1700, epoch: 4 | loss: 0.5073761
	speed: 0.0143s/iter; left time: 527.0262s
	iters: 1800, epoch: 4 | loss: 0.3620229
	speed: 0.0145s/iter; left time: 534.3487s
	iters: 1900, epoch: 4 | loss: 0.3237122
	speed: 0.0143s/iter; left time: 525.4636s
	iters: 2000, epoch: 4 | loss: 0.3767020
	speed: 0.0145s/iter; left time: 531.3176s
	iters: 2100, epoch: 4 | loss: 0.3819194
	speed: 0.0145s/iter; left time: 528.1979s
	iters: 2200, epoch: 4 | loss: 0.5791366
	speed: 0.0147s/iter; left time: 537.2399s
Epoch: 4 cost time: 33.03050947189331
Epoch: 4, Steps: 2272 | Train Loss: 0.5355410 Vali Loss: 0.4580631 Test Loss: 0.2068748
Validation loss decreased (0.492535 --> 0.458063).  Saving model ...
Updating learning rate to 0.000625
	iters: 100, epoch: 5 | loss: 0.4318261
	speed: 0.0525s/iter; left time: 1904.7379s
	iters: 200, epoch: 5 | loss: 0.3140745
	speed: 0.0145s/iter; left time: 524.7517s
	iters: 300, epoch: 5 | loss: 0.4582493
	speed: 0.0146s/iter; left time: 525.4657s
	iters: 400, epoch: 5 | loss: 0.3672496
	speed: 0.0143s/iter; left time: 515.3154s
	iters: 500, epoch: 5 | loss: 0.3546650
	speed: 0.0149s/iter; left time: 535.8288s
	iters: 600, epoch: 5 | loss: 0.3778061
	speed: 0.0143s/iter; left time: 509.7832s
	iters: 700, epoch: 5 | loss: 0.3730853
	speed: 0.0146s/iter; left time: 521.3591s
	iters: 800, epoch: 5 | loss: 0.3869281
	speed: 0.0143s/iter; left time: 508.6390s
	iters: 900, epoch: 5 | loss: 0.5584689
	speed: 0.0143s/iter; left time: 505.7977s
	iters: 1000, epoch: 5 | loss: 1.2337208
	speed: 0.0145s/iter; left time: 513.4511s
	iters: 1100, epoch: 5 | loss: 0.2408750
	speed: 0.0144s/iter; left time: 507.6710s
	iters: 1200, epoch: 5 | loss: 0.4560931
	speed: 0.0146s/iter; left time: 513.1232s
	iters: 1300, epoch: 5 | loss: 0.3304575
	speed: 0.0145s/iter; left time: 508.2063s
	iters: 1400, epoch: 5 | loss: 0.4178565
	speed: 0.0147s/iter; left time: 513.2490s
	iters: 1500, epoch: 5 | loss: 0.5439236
	speed: 0.0140s/iter; left time: 489.3684s
	iters: 1600, epoch: 5 | loss: 0.2949532
	speed: 0.0146s/iter; left time: 506.7345s
	iters: 1700, epoch: 5 | loss: 0.2617225
	speed: 0.0146s/iter; left time: 504.7748s
	iters: 1800, epoch: 5 | loss: 0.4738167
	speed: 0.0145s/iter; left time: 500.0164s
	iters: 1900, epoch: 5 | loss: 0.4046269
	speed: 0.0145s/iter; left time: 499.1355s
	iters: 2000, epoch: 5 | loss: 0.5573514
	speed: 0.0143s/iter; left time: 492.9261s
	iters: 2100, epoch: 5 | loss: 0.2921275
	speed: 0.0139s/iter; left time: 477.5158s
	iters: 2200, epoch: 5 | loss: 0.3015867
	speed: 0.0149s/iter; left time: 508.4880s
Epoch: 5 cost time: 32.75918912887573
Epoch: 5, Steps: 2272 | Train Loss: 0.4990095 Vali Loss: 0.4400819 Test Loss: 0.1966662
Validation loss decreased (0.458063 --> 0.440082).  Saving model ...
Updating learning rate to 0.0003125
	iters: 100, epoch: 6 | loss: 0.3929287
	speed: 0.0513s/iter; left time: 1742.8278s
	iters: 200, epoch: 6 | loss: 0.3220721
	speed: 0.0147s/iter; left time: 496.4237s
	iters: 300, epoch: 6 | loss: 0.5547664
	speed: 0.0144s/iter; left time: 486.2053s
	iters: 400, epoch: 6 | loss: 0.6859412
	speed: 0.0151s/iter; left time: 510.0314s
	iters: 500, epoch: 6 | loss: 0.5171151
	speed: 0.0145s/iter; left time: 487.3595s
	iters: 600, epoch: 6 | loss: 0.4098949
	speed: 0.0147s/iter; left time: 491.3927s
	iters: 700, epoch: 6 | loss: 0.3091598
	speed: 0.0143s/iter; left time: 478.5452s
	iters: 800, epoch: 6 | loss: 0.4317658
	speed: 0.0146s/iter; left time: 484.6551s
	iters: 900, epoch: 6 | loss: 0.4633619
	speed: 0.0145s/iter; left time: 480.8710s
	iters: 1000, epoch: 6 | loss: 1.3220891
	speed: 0.0144s/iter; left time: 477.9346s
	iters: 1100, epoch: 6 | loss: 0.2902125
	speed: 0.0147s/iter; left time: 483.2324s
	iters: 1200, epoch: 6 | loss: 0.3912696
	speed: 0.0143s/iter; left time: 470.4168s
	iters: 1300, epoch: 6 | loss: 0.3566931
	speed: 0.0145s/iter; left time: 474.9720s
	iters: 1400, epoch: 6 | loss: 0.3660679
	speed: 0.0147s/iter; left time: 479.8987s
	iters: 1500, epoch: 6 | loss: 1.2312490
	speed: 0.0147s/iter; left time: 478.0286s
	iters: 1600, epoch: 6 | loss: 1.1540223
	speed: 0.0146s/iter; left time: 475.4393s
	iters: 1700, epoch: 6 | loss: 0.3759360
	speed: 0.0140s/iter; left time: 454.6779s
	iters: 1800, epoch: 6 | loss: 0.2819043
	speed: 0.0141s/iter; left time: 454.8934s
	iters: 1900, epoch: 6 | loss: 0.3473070
	speed: 0.0145s/iter; left time: 467.8205s
	iters: 2000, epoch: 6 | loss: 0.3505198
	speed: 0.0147s/iter; left time: 470.2143s
	iters: 2100, epoch: 6 | loss: 0.3387232
	speed: 0.0147s/iter; left time: 469.1094s
	iters: 2200, epoch: 6 | loss: 0.5058609
	speed: 0.0145s/iter; left time: 461.5349s
Epoch: 6 cost time: 32.86872673034668
Epoch: 6, Steps: 2272 | Train Loss: 0.4838331 Vali Loss: 0.4322116 Test Loss: 0.1916863
Validation loss decreased (0.440082 --> 0.432212).  Saving model ...
Updating learning rate to 0.00015625
	iters: 100, epoch: 7 | loss: 0.3373626
	speed: 0.0536s/iter; left time: 1699.9113s
	iters: 200, epoch: 7 | loss: 0.2988681
	speed: 0.0147s/iter; left time: 465.2294s
	iters: 300, epoch: 7 | loss: 0.4353144
	speed: 0.0148s/iter; left time: 465.2399s
	iters: 400, epoch: 7 | loss: 0.2503571
	speed: 0.0145s/iter; left time: 455.5547s
	iters: 500, epoch: 7 | loss: 0.4125130
	speed: 0.0148s/iter; left time: 462.3974s
	iters: 600, epoch: 7 | loss: 0.3691955
	speed: 0.0143s/iter; left time: 447.2725s
	iters: 700, epoch: 7 | loss: 0.3530460
	speed: 0.0144s/iter; left time: 448.6288s
	iters: 800, epoch: 7 | loss: 0.4013921
	speed: 0.0149s/iter; left time: 461.4171s
	iters: 900, epoch: 7 | loss: 0.4267329
	speed: 0.0145s/iter; left time: 449.6320s
	iters: 1000, epoch: 7 | loss: 1.5040766
	speed: 0.0146s/iter; left time: 450.0661s
	iters: 1100, epoch: 7 | loss: 0.3495193
	speed: 0.0145s/iter; left time: 443.8392s
	iters: 1200, epoch: 7 | loss: 0.3364675
	speed: 0.0146s/iter; left time: 447.6069s
	iters: 1300, epoch: 7 | loss: 0.3588036
	speed: 0.0144s/iter; left time: 440.6303s
	iters: 1400, epoch: 7 | loss: 0.3633908
	speed: 0.0138s/iter; left time: 418.7088s
	iters: 1500, epoch: 7 | loss: 0.3466405
	speed: 0.0146s/iter; left time: 443.3251s
	iters: 1600, epoch: 7 | loss: 0.2614520
	speed: 0.0148s/iter; left time: 447.9651s
	iters: 1700, epoch: 7 | loss: 0.2601889
	speed: 0.0147s/iter; left time: 443.3992s
	iters: 1800, epoch: 7 | loss: 0.9845265
	speed: 0.0146s/iter; left time: 439.4553s
	iters: 1900, epoch: 7 | loss: 0.2916290
	speed: 0.0148s/iter; left time: 443.0087s
	iters: 2000, epoch: 7 | loss: 0.3448806
	speed: 0.0149s/iter; left time: 444.6566s
	iters: 2100, epoch: 7 | loss: 0.3019749
	speed: 0.0141s/iter; left time: 420.1822s
	iters: 2200, epoch: 7 | loss: 0.4134631
	speed: 0.0147s/iter; left time: 435.1549s
Epoch: 7 cost time: 32.9464316368103
Epoch: 7, Steps: 2272 | Train Loss: 0.4767363 Vali Loss: 0.4254921 Test Loss: 0.1888203
Validation loss decreased (0.432212 --> 0.425492).  Saving model ...
Updating learning rate to 7.8125e-05
	iters: 100, epoch: 8 | loss: 0.2442017
	speed: 0.0514s/iter; left time: 1512.2959s
	iters: 200, epoch: 8 | loss: 0.3152008
	speed: 0.0147s/iter; left time: 431.3106s
	iters: 300, epoch: 8 | loss: 0.2766755
	speed: 0.0147s/iter; left time: 429.9230s
	iters: 400, epoch: 8 | loss: 0.4476221
	speed: 0.0145s/iter; left time: 423.5755s
	iters: 500, epoch: 8 | loss: 0.2886953
	speed: 0.0145s/iter; left time: 420.1541s
	iters: 600, epoch: 8 | loss: 0.3570032
	speed: 0.0146s/iter; left time: 422.0776s
	iters: 700, epoch: 8 | loss: 0.4847117
	speed: 0.0148s/iter; left time: 425.3619s
	iters: 800, epoch: 8 | loss: 0.3202130
	speed: 0.0141s/iter; left time: 405.8546s
	iters: 900, epoch: 8 | loss: 0.2891660
	speed: 0.0147s/iter; left time: 420.9012s
	iters: 1000, epoch: 8 | loss: 0.3878725
	speed: 0.0146s/iter; left time: 415.9043s
	iters: 1100, epoch: 8 | loss: 0.2378137
	speed: 0.0145s/iter; left time: 412.3866s
	iters: 1200, epoch: 8 | loss: 0.3235168
	speed: 0.0144s/iter; left time: 409.1305s
	iters: 1300, epoch: 8 | loss: 0.3709427
	speed: 0.0143s/iter; left time: 404.9574s
	iters: 1400, epoch: 8 | loss: 1.2780881
	speed: 0.0145s/iter; left time: 407.7545s
	iters: 1500, epoch: 8 | loss: 3.0846233
	speed: 0.0148s/iter; left time: 414.0370s
	iters: 1600, epoch: 8 | loss: 0.4275672
	speed: 0.0145s/iter; left time: 404.5448s
	iters: 1700, epoch: 8 | loss: 0.3567417
	speed: 0.0148s/iter; left time: 411.7395s
	iters: 1800, epoch: 8 | loss: 1.2244693
	speed: 0.0147s/iter; left time: 408.9483s
	iters: 1900, epoch: 8 | loss: 0.5951449
	speed: 0.0143s/iter; left time: 395.1049s
	iters: 2000, epoch: 8 | loss: 0.2867005
	speed: 0.0150s/iter; left time: 412.6606s
	iters: 2100, epoch: 8 | loss: 1.3635983
	speed: 0.0143s/iter; left time: 391.0769s
	iters: 2200, epoch: 8 | loss: 0.3581297
	speed: 0.0141s/iter; left time: 386.1895s
Epoch: 8 cost time: 32.83365297317505
Epoch: 8, Steps: 2272 | Train Loss: 0.4733417 Vali Loss: 0.4228291 Test Loss: 0.1881628
Validation loss decreased (0.425492 --> 0.422829).  Saving model ...
Updating learning rate to 3.90625e-05
	iters: 100, epoch: 9 | loss: 0.3035781
	speed: 0.0522s/iter; left time: 1417.3314s
	iters: 200, epoch: 9 | loss: 0.4889658
	speed: 0.0142s/iter; left time: 385.2026s
	iters: 300, epoch: 9 | loss: 0.3607495
	speed: 0.0139s/iter; left time: 375.0343s
	iters: 400, epoch: 9 | loss: 0.3453029
	speed: 0.0142s/iter; left time: 380.6435s
	iters: 500, epoch: 9 | loss: 0.3587193
	speed: 0.0147s/iter; left time: 394.3761s
	iters: 600, epoch: 9 | loss: 1.3995850
	speed: 0.0145s/iter; left time: 386.3965s
	iters: 700, epoch: 9 | loss: 0.4221620
	speed: 0.0146s/iter; left time: 387.0885s
	iters: 800, epoch: 9 | loss: 0.4121451
	speed: 0.0146s/iter; left time: 386.0395s
	iters: 900, epoch: 9 | loss: 0.3386059
	speed: 0.0147s/iter; left time: 388.1516s
	iters: 1000, epoch: 9 | loss: 0.2238013
	speed: 0.0146s/iter; left time: 383.5335s
	iters: 1100, epoch: 9 | loss: 0.3396365
	speed: 0.0148s/iter; left time: 387.8715s
	iters: 1200, epoch: 9 | loss: 0.3667448
	speed: 0.0144s/iter; left time: 374.2484s
	iters: 1300, epoch: 9 | loss: 1.3333741
	speed: 0.0145s/iter; left time: 376.2300s
	iters: 1400, epoch: 9 | loss: 0.4151895
	speed: 0.0147s/iter; left time: 380.0119s
	iters: 1500, epoch: 9 | loss: 0.2749426
	speed: 0.0149s/iter; left time: 383.1876s
	iters: 1600, epoch: 9 | loss: 0.3621358
	speed: 0.0144s/iter; left time: 368.9049s
	iters: 1700, epoch: 9 | loss: 0.4071481
	speed: 0.0146s/iter; left time: 372.8158s
	iters: 1800, epoch: 9 | loss: 0.2548071
	speed: 0.0145s/iter; left time: 368.3059s
	iters: 1900, epoch: 9 | loss: 0.3034224
	speed: 0.0146s/iter; left time: 370.2394s
	iters: 2000, epoch: 9 | loss: 0.3021816
	speed: 0.0148s/iter; left time: 374.6329s
	iters: 2100, epoch: 9 | loss: 0.3775924
	speed: 0.0141s/iter; left time: 354.6235s
	iters: 2200, epoch: 9 | loss: 0.3612632
	speed: 0.0144s/iter; left time: 361.1589s
Epoch: 9 cost time: 32.81446981430054
Epoch: 9, Steps: 2272 | Train Loss: 0.4714629 Vali Loss: 0.4229988 Test Loss: 0.1877723
EarlyStopping counter: 1 out of 5
Updating learning rate to 1.953125e-05
	iters: 100, epoch: 10 | loss: 1.2376698
	speed: 0.0524s/iter; left time: 1303.7641s
	iters: 200, epoch: 10 | loss: 1.2872854
	speed: 0.0141s/iter; left time: 349.8286s
	iters: 300, epoch: 10 | loss: 0.3738353
	speed: 0.0145s/iter; left time: 356.8653s
	iters: 400, epoch: 10 | loss: 0.2702945
	speed: 0.0149s/iter; left time: 367.5099s
	iters: 500, epoch: 10 | loss: 1.3535618
	speed: 0.0145s/iter; left time: 355.0763s
	iters: 600, epoch: 10 | loss: 0.3425293
	speed: 0.0143s/iter; left time: 348.7437s
	iters: 700, epoch: 10 | loss: 0.2955214
	speed: 0.0146s/iter; left time: 354.1220s
	iters: 800, epoch: 10 | loss: 0.3666436
	speed: 0.0144s/iter; left time: 348.6751s
	iters: 900, epoch: 10 | loss: 0.3928384
	speed: 0.0146s/iter; left time: 351.3282s
	iters: 1000, epoch: 10 | loss: 0.3442500
	speed: 0.0145s/iter; left time: 347.5683s
	iters: 1100, epoch: 10 | loss: 0.5012920
	speed: 0.0145s/iter; left time: 345.4197s
	iters: 1200, epoch: 10 | loss: 0.3257035
	speed: 0.0145s/iter; left time: 346.0050s
	iters: 1300, epoch: 10 | loss: 0.2441184
	speed: 0.0148s/iter; left time: 351.7836s
	iters: 1400, epoch: 10 | loss: 0.2815680
	speed: 0.0144s/iter; left time: 339.3167s
	iters: 1500, epoch: 10 | loss: 0.2659676
	speed: 0.0148s/iter; left time: 347.1237s
	iters: 1600, epoch: 10 | loss: 0.2451740
	speed: 0.0148s/iter; left time: 345.0973s
	iters: 1700, epoch: 10 | loss: 0.4243128
	speed: 0.0144s/iter; left time: 335.9929s
	iters: 1800, epoch: 10 | loss: 1.2462943
	speed: 0.0149s/iter; left time: 345.5224s
	iters: 1900, epoch: 10 | loss: 0.3043956
	speed: 0.0147s/iter; left time: 339.1362s
	iters: 2000, epoch: 10 | loss: 0.2982652
	speed: 0.0145s/iter; left time: 332.7627s
	iters: 2100, epoch: 10 | loss: 1.3525617
	speed: 0.0145s/iter; left time: 331.0933s
	iters: 2200, epoch: 10 | loss: 0.3962246
	speed: 0.0145s/iter; left time: 330.9998s
Epoch: 10 cost time: 32.82925796508789
Epoch: 10, Steps: 2272 | Train Loss: 0.4705559 Vali Loss: 0.4250218 Test Loss: 0.1889829
EarlyStopping counter: 2 out of 5
Updating learning rate to 9.765625e-06
	iters: 100, epoch: 11 | loss: 0.3390179
	speed: 0.0511s/iter; left time: 1156.1342s
	iters: 200, epoch: 11 | loss: 0.5226978
	speed: 0.0143s/iter; left time: 322.6385s
	iters: 300, epoch: 11 | loss: 0.2683564
	speed: 0.0141s/iter; left time: 316.4056s
	iters: 400, epoch: 11 | loss: 0.2615945
	speed: 0.0149s/iter; left time: 331.8509s
	iters: 500, epoch: 11 | loss: 0.6528788
	speed: 0.0147s/iter; left time: 325.6993s
	iters: 600, epoch: 11 | loss: 0.4627241
	speed: 0.0148s/iter; left time: 327.5815s
	iters: 700, epoch: 11 | loss: 1.4605995
	speed: 0.0144s/iter; left time: 317.6208s
	iters: 800, epoch: 11 | loss: 1.4553024
	speed: 0.0146s/iter; left time: 318.9614s
	iters: 900, epoch: 11 | loss: 0.4170021
	speed: 0.0141s/iter; left time: 308.1573s
	iters: 1000, epoch: 11 | loss: 0.3089837
	speed: 0.0144s/iter; left time: 312.5143s
	iters: 1100, epoch: 11 | loss: 0.3744653
	speed: 0.0144s/iter; left time: 311.8151s
	iters: 1200, epoch: 11 | loss: 0.3317165
	speed: 0.0144s/iter; left time: 309.5090s
	iters: 1300, epoch: 11 | loss: 0.2581923
	speed: 0.0149s/iter; left time: 319.5460s
	iters: 1400, epoch: 11 | loss: 0.2936885
	speed: 0.0144s/iter; left time: 307.6590s
	iters: 1500, epoch: 11 | loss: 0.2830901
	speed: 0.0147s/iter; left time: 311.3077s
	iters: 1600, epoch: 11 | loss: 0.2764442
	speed: 0.0145s/iter; left time: 306.4974s
	iters: 1700, epoch: 11 | loss: 1.4790128
	speed: 0.0142s/iter; left time: 299.3883s
	iters: 1800, epoch: 11 | loss: 0.2108817
	speed: 0.0149s/iter; left time: 312.2828s
	iters: 1900, epoch: 11 | loss: 0.2289669
	speed: 0.0144s/iter; left time: 300.7143s
	iters: 2000, epoch: 11 | loss: 0.2496496
	speed: 0.0144s/iter; left time: 299.2463s
	iters: 2100, epoch: 11 | loss: 0.2486762
	speed: 0.0149s/iter; left time: 306.3181s
	iters: 2200, epoch: 11 | loss: 0.3555645
	speed: 0.0146s/iter; left time: 300.3570s
Epoch: 11 cost time: 32.82565522193909
Epoch: 11, Steps: 2272 | Train Loss: 0.4700488 Vali Loss: 0.4229171 Test Loss: 0.1888371
EarlyStopping counter: 3 out of 5
Updating learning rate to 4.8828125e-06
	iters: 100, epoch: 12 | loss: 0.4101076
	speed: 0.0526s/iter; left time: 1071.1875s
	iters: 200, epoch: 12 | loss: 0.3334353
	speed: 0.0144s/iter; left time: 291.3667s
	iters: 300, epoch: 12 | loss: 0.2772986
	speed: 0.0144s/iter; left time: 290.5445s
	iters: 400, epoch: 12 | loss: 0.4479956
	speed: 0.0145s/iter; left time: 290.9432s
	iters: 500, epoch: 12 | loss: 0.3606811
	speed: 0.0147s/iter; left time: 292.7974s
	iters: 600, epoch: 12 | loss: 0.2956163
	speed: 0.0144s/iter; left time: 286.1502s
	iters: 700, epoch: 12 | loss: 0.3114212
	speed: 0.0140s/iter; left time: 277.2747s
	iters: 800, epoch: 12 | loss: 0.5194209
	speed: 0.0148s/iter; left time: 291.4045s
	iters: 900, epoch: 12 | loss: 0.3548715
	speed: 0.0147s/iter; left time: 286.5332s
	iters: 1000, epoch: 12 | loss: 0.3033138
	speed: 0.0147s/iter; left time: 285.8746s
	iters: 1100, epoch: 12 | loss: 0.5101979
	speed: 0.0145s/iter; left time: 280.6202s
	iters: 1200, epoch: 12 | loss: 0.2263150
	speed: 0.0149s/iter; left time: 287.5567s
	iters: 1300, epoch: 12 | loss: 0.5382673
	speed: 0.0144s/iter; left time: 274.9458s
	iters: 1400, epoch: 12 | loss: 0.4916829
	speed: 0.0142s/iter; left time: 270.5387s
	iters: 1500, epoch: 12 | loss: 0.3551778
	speed: 0.0142s/iter; left time: 269.8803s
	iters: 1600, epoch: 12 | loss: 0.2313635
	speed: 0.0146s/iter; left time: 274.5649s
	iters: 1700, epoch: 12 | loss: 0.2624904
	speed: 0.0145s/iter; left time: 271.2631s
	iters: 1800, epoch: 12 | loss: 0.3318235
	speed: 0.0144s/iter; left time: 267.8623s
	iters: 1900, epoch: 12 | loss: 0.5270919
	speed: 0.0146s/iter; left time: 270.5374s
	iters: 2000, epoch: 12 | loss: 0.2873042
	speed: 0.0141s/iter; left time: 259.7078s
	iters: 2100, epoch: 12 | loss: 0.4441209
	speed: 0.0143s/iter; left time: 262.2383s
	iters: 2200, epoch: 12 | loss: 0.3188319
	speed: 0.0145s/iter; left time: 265.4755s
Epoch: 12 cost time: 32.71488308906555
Epoch: 12, Steps: 2272 | Train Loss: 0.4697789 Vali Loss: 0.4241226 Test Loss: 0.1887499
EarlyStopping counter: 4 out of 5
Updating learning rate to 2.44140625e-06
	iters: 100, epoch: 13 | loss: 0.2138790
	speed: 0.0525s/iter; left time: 949.7859s
	iters: 200, epoch: 13 | loss: 0.3537883
	speed: 0.0142s/iter; left time: 255.2174s
	iters: 300, epoch: 13 | loss: 0.4289172
	speed: 0.0144s/iter; left time: 257.2815s
	iters: 400, epoch: 13 | loss: 0.4818609
	speed: 0.0143s/iter; left time: 254.7756s
	iters: 500, epoch: 13 | loss: 0.2826659
	speed: 0.0145s/iter; left time: 256.6937s
	iters: 600, epoch: 13 | loss: 0.3079253
	speed: 0.0144s/iter; left time: 253.0794s
	iters: 700, epoch: 13 | loss: 0.2449505
	speed: 0.0142s/iter; left time: 248.5601s
	iters: 800, epoch: 13 | loss: 0.3010366
	speed: 0.0142s/iter; left time: 246.0262s
	iters: 900, epoch: 13 | loss: 0.3172665
	speed: 0.0145s/iter; left time: 251.1932s
	iters: 1000, epoch: 13 | loss: 0.3196317
	speed: 0.0146s/iter; left time: 250.9094s
	iters: 1100, epoch: 13 | loss: 0.2624577
	speed: 0.0146s/iter; left time: 249.9952s
	iters: 1200, epoch: 13 | loss: 0.3487658
	speed: 0.0140s/iter; left time: 238.1087s
	iters: 1300, epoch: 13 | loss: 0.3362981
	speed: 0.0149s/iter; left time: 251.3917s
	iters: 1400, epoch: 13 | loss: 0.2595854
	speed: 0.0147s/iter; left time: 246.9991s
	iters: 1500, epoch: 13 | loss: 0.3370164
	speed: 0.0149s/iter; left time: 248.0866s
	iters: 1600, epoch: 13 | loss: 0.3534698
	speed: 0.0146s/iter; left time: 241.9859s
	iters: 1700, epoch: 13 | loss: 0.2796369
	speed: 0.0146s/iter; left time: 241.0441s
	iters: 1800, epoch: 13 | loss: 0.3401705
	speed: 0.0143s/iter; left time: 234.0591s
	iters: 1900, epoch: 13 | loss: 0.4538111
	speed: 0.0144s/iter; left time: 234.1906s
	iters: 2000, epoch: 13 | loss: 0.2727185
	speed: 0.0144s/iter; left time: 232.9827s
	iters: 2100, epoch: 13 | loss: 0.4091616
	speed: 0.0147s/iter; left time: 237.0265s
	iters: 2200, epoch: 13 | loss: 0.3222639
	speed: 0.0144s/iter; left time: 229.3077s
Epoch: 13 cost time: 32.72900366783142
Epoch: 13, Steps: 2272 | Train Loss: 0.4696986 Vali Loss: 0.4233297 Test Loss: 0.1882875
EarlyStopping counter: 5 out of 5
Early stopping
>>>>>>>testing : weather_336_192_Linear_custom_ftM_sl336_ll48_pl192_dm512_nh8_el2_dl1_df2048_fc1_ebtimeF_dtTrue_Exp_0_seed3144<<<<<<<<<<<<<<<<<<<<<<<<<<<<<<<<<
test 10348
mse:0.18821081519126892, mae:0.25563251972198486
