Args in experiment:
Namespace(activation='gelu', batch_size=32, c_out=7, checkpoints='./checkpoints/', d_ff=2048, d_layers=1, d_model=512, data='custom', data_path='national_illness.csv', dec_in=7, des='Exp', devices='0,1,2,3', distil=True, do_predict=False, dropout=0.05, e_layers=2, embed='timeF', embed_type=0, enc_in=7, factor=1, features='M', freq='h', gpu=0, individual=True, is_training=1, itr=1, label_len=18, learning_rate=0.05, loss='mse', lradj='type1', model='Linear', model_id='national_illness_104_48', moving_avg=25, n_heads=8, num_workers=0, output_attention=False, patience=5, pred_len=48, root_path='./dataset/', save_pred_values=False, seed=25565, seq_len=104, target='OT', test_flop=False, train_epochs=20, train_only=False, use_amp=False, use_gpu=False, use_multi_gpu=False)
Use CPU
>>>>>>>start training : national_illness_104_48_Linear_custom_ftM_sl104_ll18_pl48_dm512_nh8_el2_dl1_df2048_fc1_ebtimeF_dtTrue_Exp_0_seed25565>>>>>>>>>>>>>>>>>>>>>>>>>>
train 525
val 50
test 146
Epoch: 1 cost time: 0.07799911499023438
Epoch: 1, Steps: 16 | Train Loss: 1.7200211 Vali Loss: 0.9345190 Test Loss: 5.7114797
Validation loss decreased (inf --> 0.934519).  Saving model ...
Updating learning rate to 0.05
Epoch: 2 cost time: 0.03199958801269531
Epoch: 2, Steps: 16 | Train Loss: 0.8039676 Vali Loss: 0.5591819 Test Loss: 3.1554005
Validation loss decreased (0.934519 --> 0.559182).  Saving model ...
Updating learning rate to 0.025
Epoch: 3 cost time: 0.029002904891967773
Epoch: 3, Steps: 16 | Train Loss: 0.5831925 Vali Loss: 0.3642750 Test Loss: 2.5056899
Validation loss decreased (0.559182 --> 0.364275).  Saving model ...
Updating learning rate to 0.0125
Epoch: 4 cost time: 0.0280001163482666
Epoch: 4, Steps: 16 | Train Loss: 0.4885503 Vali Loss: 0.2269810 Test Loss: 2.5068374
Validation loss decreased (0.364275 --> 0.226981).  Saving model ...
Updating learning rate to 0.00625
Epoch: 5 cost time: 0.021999597549438477
Epoch: 5, Steps: 16 | Train Loss: 0.4488117 Vali Loss: 0.2618715 Test Loss: 2.4249308
EarlyStopping counter: 1 out of 5
Updating learning rate to 0.003125
Epoch: 6 cost time: 0.020999431610107422
Epoch: 6, Steps: 16 | Train Loss: 0.4452567 Vali Loss: 0.2637970 Test Loss: 2.3383868
EarlyStopping counter: 2 out of 5
Updating learning rate to 0.0015625
Epoch: 7 cost time: 0.020999908447265625
Epoch: 7, Steps: 16 | Train Loss: 0.4260976 Vali Loss: 0.2518380 Test Loss: 2.3227155
EarlyStopping counter: 3 out of 5
Updating learning rate to 0.00078125
Epoch: 8 cost time: 0.021000385284423828
Epoch: 8, Steps: 16 | Train Loss: 0.4234852 Vali Loss: 0.2334761 Test Loss: 2.3240044
EarlyStopping counter: 4 out of 5
Updating learning rate to 0.000390625
Epoch: 9 cost time: 0.023000717163085938
Epoch: 9, Steps: 16 | Train Loss: 0.4169927 Vali Loss: 0.2414384 Test Loss: 2.3291924
EarlyStopping counter: 5 out of 5
Early stopping
>>>>>>>testing : national_illness_104_48_Linear_custom_ftM_sl104_ll18_pl48_dm512_nh8_el2_dl1_df2048_fc1_ebtimeF_dtTrue_Exp_0_seed25565<<<<<<<<<<<<<<<<<<<<<<<<<<<<<<<<<
test 146
mse:2.456976890563965, mae:1.1277743577957153
