Args in experiment:
Namespace(activation='gelu', batch_size=8, c_out=7, checkpoints='./checkpoints/', d_ff=2048, d_layers=1, d_model=512, data='custom', data_path='exchange_rate.csv', dec_in=7, des='Exp', devices='0,1,2,3', distil=True, do_predict=False, dropout=0.05, e_layers=2, embed='timeF', embed_type=0, enc_in=8, factor=1, features='M', freq='h', gpu=0, individual=True, is_training=1, itr=1, label_len=48, learning_rate=0.0005, loss='mse', lradj='type1', model='Linear', model_id='Exchange_336_192', moving_avg=25, n_heads=8, num_workers=0, output_attention=False, patience=5, pred_len=192, root_path='./dataset/', save_pred_values=False, seed=3293, seq_len=336, target='OT', test_flop=False, train_epochs=20, train_only=False, use_amp=False, use_gpu=False, use_multi_gpu=False)
Use CPU
>>>>>>>start training : Exchange_336_192_Linear_custom_ftM_sl336_ll48_pl192_dm512_nh8_el2_dl1_df2048_fc1_ebtimeF_dtTrue_Exp_0_seed3293>>>>>>>>>>>>>>>>>>>>>>>>>>
train 4784
val 569
test 1326
	iters: 100, epoch: 1 | loss: 0.1757729
	speed: 0.0041s/iter; left time: 48.1869s
	iters: 200, epoch: 1 | loss: 0.1412866
	speed: 0.0039s/iter; left time: 45.7502s
	iters: 300, epoch: 1 | loss: 0.2559661
	speed: 0.0035s/iter; left time: 40.3891s
	iters: 400, epoch: 1 | loss: 0.4154237
	speed: 0.0036s/iter; left time: 41.9662s
	iters: 500, epoch: 1 | loss: 0.1973076
	speed: 0.0044s/iter; left time: 50.7721s
Epoch: 1 cost time: 2.373854875564575
Epoch: 1, Steps: 598 | Train Loss: 0.2694728 Vali Loss: 0.5535873 Test Loss: 0.2067003
Validation loss decreased (inf --> 0.553587).  Saving model ...
Updating learning rate to 0.0005
	iters: 100, epoch: 2 | loss: 0.2819838
	speed: 0.0107s/iter; left time: 120.4352s
	iters: 200, epoch: 2 | loss: 0.2572059
	speed: 0.0042s/iter; left time: 47.2553s
	iters: 300, epoch: 2 | loss: 0.1891233
	speed: 0.0042s/iter; left time: 46.6909s
	iters: 400, epoch: 2 | loss: 0.1344287
	speed: 0.0046s/iter; left time: 50.3458s
	iters: 500, epoch: 2 | loss: 0.2781289
	speed: 0.0043s/iter; left time: 46.8192s
Epoch: 2 cost time: 2.577916383743286
Epoch: 2, Steps: 598 | Train Loss: 0.2344203 Vali Loss: 0.5312365 Test Loss: 0.2221943
Validation loss decreased (0.553587 --> 0.531236).  Saving model ...
Updating learning rate to 0.00025
	iters: 100, epoch: 3 | loss: 0.2518598
	speed: 0.0100s/iter; left time: 106.6841s
	iters: 200, epoch: 3 | loss: 0.2542595
	speed: 0.0035s/iter; left time: 36.8934s
	iters: 300, epoch: 3 | loss: 0.3698048
	speed: 0.0037s/iter; left time: 38.9297s
	iters: 400, epoch: 3 | loss: 0.1982416
	speed: 0.0034s/iter; left time: 34.7288s
	iters: 500, epoch: 3 | loss: 0.1795289
	speed: 0.0041s/iter; left time: 42.2100s
Epoch: 3 cost time: 2.193469524383545
Epoch: 3, Steps: 598 | Train Loss: 0.2235145 Vali Loss: 0.4688652 Test Loss: 0.2006742
Validation loss decreased (0.531236 --> 0.468865).  Saving model ...
Updating learning rate to 0.000125
	iters: 100, epoch: 4 | loss: 0.1392555
	speed: 0.0092s/iter; left time: 92.4570s
	iters: 200, epoch: 4 | loss: 0.2114124
	speed: 0.0041s/iter; left time: 40.6654s
	iters: 300, epoch: 4 | loss: 0.1317279
	speed: 0.0045s/iter; left time: 44.6974s
	iters: 400, epoch: 4 | loss: 0.3358281
	speed: 0.0039s/iter; left time: 38.4252s
	iters: 500, epoch: 4 | loss: 0.1639465
	speed: 0.0035s/iter; left time: 33.9313s
Epoch: 4 cost time: 2.3368330001831055
Epoch: 4, Steps: 598 | Train Loss: 0.2185715 Vali Loss: 0.5118737 Test Loss: 0.2110803
EarlyStopping counter: 1 out of 5
Updating learning rate to 6.25e-05
	iters: 100, epoch: 5 | loss: 0.1337740
	speed: 0.0093s/iter; left time: 87.9848s
	iters: 200, epoch: 5 | loss: 0.1055669
	speed: 0.0036s/iter; left time: 33.7283s
	iters: 300, epoch: 5 | loss: 0.1841896
	speed: 0.0037s/iter; left time: 34.6872s
	iters: 400, epoch: 5 | loss: 0.2983879
	speed: 0.0045s/iter; left time: 41.6272s
	iters: 500, epoch: 5 | loss: 0.2674743
	speed: 0.0045s/iter; left time: 40.4916s
Epoch: 5 cost time: 2.4202136993408203
Epoch: 5, Steps: 598 | Train Loss: 0.2159935 Vali Loss: 0.4443254 Test Loss: 0.1849203
Validation loss decreased (0.468865 --> 0.444325).  Saving model ...
Updating learning rate to 3.125e-05
	iters: 100, epoch: 6 | loss: 0.3891347
	speed: 0.0107s/iter; left time: 94.7046s
	iters: 200, epoch: 6 | loss: 0.2584150
	speed: 0.0044s/iter; left time: 38.4170s
	iters: 300, epoch: 6 | loss: 0.1603436
	speed: 0.0041s/iter; left time: 35.2217s
	iters: 400, epoch: 6 | loss: 0.1711295
	speed: 0.0041s/iter; left time: 35.1413s
	iters: 500, epoch: 6 | loss: 0.3248347
	speed: 0.0045s/iter; left time: 37.7003s
Epoch: 6 cost time: 2.5986454486846924
Epoch: 6, Steps: 598 | Train Loss: 0.2148916 Vali Loss: 0.4540330 Test Loss: 0.1829801
EarlyStopping counter: 1 out of 5
Updating learning rate to 1.5625e-05
	iters: 100, epoch: 7 | loss: 0.3652873
	speed: 0.0112s/iter; left time: 92.7904s
	iters: 200, epoch: 7 | loss: 0.1586900
	speed: 0.0044s/iter; left time: 35.7977s
	iters: 300, epoch: 7 | loss: 0.1585745
	speed: 0.0044s/iter; left time: 35.1982s
	iters: 400, epoch: 7 | loss: 0.2760319
	speed: 0.0043s/iter; left time: 34.3662s
	iters: 500, epoch: 7 | loss: 0.4004236
	speed: 0.0038s/iter; left time: 29.9960s
Epoch: 7 cost time: 2.4946951866149902
Epoch: 7, Steps: 598 | Train Loss: 0.2145810 Vali Loss: 0.4549719 Test Loss: 0.1837361
EarlyStopping counter: 2 out of 5
Updating learning rate to 7.8125e-06
	iters: 100, epoch: 8 | loss: 0.2334463
	speed: 0.0087s/iter; left time: 66.8019s
	iters: 200, epoch: 8 | loss: 0.1063017
	speed: 0.0032s/iter; left time: 24.0912s
	iters: 300, epoch: 8 | loss: 0.2461379
	speed: 0.0040s/iter; left time: 29.9424s
	iters: 400, epoch: 8 | loss: 0.1867983
	speed: 0.0042s/iter; left time: 30.6800s
	iters: 500, epoch: 8 | loss: 0.1405106
	speed: 0.0041s/iter; left time: 29.5585s
Epoch: 8 cost time: 2.2579033374786377
Epoch: 8, Steps: 598 | Train Loss: 0.2140926 Vali Loss: 0.4496787 Test Loss: 0.1809993
EarlyStopping counter: 3 out of 5
Updating learning rate to 3.90625e-06
	iters: 100, epoch: 9 | loss: 0.1158006
	speed: 0.0098s/iter; left time: 69.0896s
	iters: 200, epoch: 9 | loss: 0.2306505
	speed: 0.0040s/iter; left time: 27.7718s
	iters: 300, epoch: 9 | loss: 0.3775525
	speed: 0.0042s/iter; left time: 28.9523s
	iters: 400, epoch: 9 | loss: 0.2558405
	speed: 0.0042s/iter; left time: 28.1395s
	iters: 500, epoch: 9 | loss: 0.1879105
	speed: 0.0039s/iter; left time: 26.1625s
Epoch: 9 cost time: 2.408579111099243
Epoch: 9, Steps: 598 | Train Loss: 0.2138518 Vali Loss: 0.4628448 Test Loss: 0.1846766
EarlyStopping counter: 4 out of 5
Updating learning rate to 1.953125e-06
	iters: 100, epoch: 10 | loss: 0.1511815
	speed: 0.0097s/iter; left time: 62.7959s
	iters: 200, epoch: 10 | loss: 0.1994440
	speed: 0.0037s/iter; left time: 23.6760s
	iters: 300, epoch: 10 | loss: 0.1762097
	speed: 0.0037s/iter; left time: 23.1725s
	iters: 400, epoch: 10 | loss: 0.1728670
	speed: 0.0039s/iter; left time: 23.9745s
	iters: 500, epoch: 10 | loss: 0.1622501
	speed: 0.0039s/iter; left time: 23.7878s
Epoch: 10 cost time: 2.300513744354248
Epoch: 10, Steps: 598 | Train Loss: 0.2138190 Vali Loss: 0.4601707 Test Loss: 0.1839788
EarlyStopping counter: 5 out of 5
Early stopping
>>>>>>>testing : Exchange_336_192_Linear_custom_ftM_sl336_ll48_pl192_dm512_nh8_el2_dl1_df2048_fc1_ebtimeF_dtTrue_Exp_0_seed3293<<<<<<<<<<<<<<<<<<<<<<<<<<<<<<<<<
test 1326
mse:0.1848079264163971, mae:0.3269893527030945
