Args in experiment:
Namespace(activation='gelu', batch_size=32, c_out=7, checkpoints='./checkpoints/', d_ff=2048, d_layers=1, d_model=512, data='custom', data_path='national_illness.csv', dec_in=7, des='Exp', devices='0,1,2,3', distil=True, do_predict=False, dropout=0.05, e_layers=2, embed='timeF', embed_type=0, enc_in=7, factor=1, features='M', freq='h', gpu=0, individual=True, is_training=1, itr=1, label_len=18, learning_rate=0.05, loss='mse', lradj='type1', model='NLinear', model_id='national_illness_104_48', moving_avg=25, n_heads=8, num_workers=0, output_attention=False, patience=5, pred_len=48, root_path='./dataset/', save_pred_values=False, seed=10458, seq_len=104, target='OT', test_flop=False, train_epochs=20, train_only=False, use_amp=False, use_gpu=False, use_multi_gpu=False)
Use CPU
>>>>>>>start training : national_illness_104_48_NLinear_custom_ftM_sl104_ll18_pl48_dm512_nh8_el2_dl1_df2048_fc1_ebtimeF_dtTrue_Exp_0_seed10458>>>>>>>>>>>>>>>>>>>>>>>>>>
train 525
val 50
test 146
Epoch: 1 cost time: 0.03499650955200195
Epoch: 1, Steps: 16 | Train Loss: 6.1888144 Vali Loss: 1.3732828 Test Loss: 14.3479366
Validation loss decreased (inf --> 1.373283).  Saving model ...
Updating learning rate to 0.05
Epoch: 2 cost time: 0.032000064849853516
Epoch: 2, Steps: 16 | Train Loss: 1.8066780 Vali Loss: 0.5764802 Test Loss: 4.7906799
Validation loss decreased (1.373283 --> 0.576480).  Saving model ...
Updating learning rate to 0.025
Epoch: 3 cost time: 0.03300070762634277
Epoch: 3, Steps: 16 | Train Loss: 0.7384750 Vali Loss: 0.2743817 Test Loss: 2.5841746
Validation loss decreased (0.576480 --> 0.274382).  Saving model ...
Updating learning rate to 0.0125
Epoch: 4 cost time: 0.032999515533447266
Epoch: 4, Steps: 16 | Train Loss: 0.5437959 Vali Loss: 0.2721880 Test Loss: 2.2584198
Validation loss decreased (0.274382 --> 0.272188).  Saving model ...
Updating learning rate to 0.00625
Epoch: 5 cost time: 0.0411376953125
Epoch: 5, Steps: 16 | Train Loss: 0.4979875 Vali Loss: 0.2442874 Test Loss: 2.0874412
Validation loss decreased (0.272188 --> 0.244287).  Saving model ...
Updating learning rate to 0.003125
Epoch: 6 cost time: 0.03400015830993652
Epoch: 6, Steps: 16 | Train Loss: 0.4758555 Vali Loss: 0.2330148 Test Loss: 2.0489056
Validation loss decreased (0.244287 --> 0.233015).  Saving model ...
Updating learning rate to 0.0015625
Epoch: 7 cost time: 0.03500032424926758
Epoch: 7, Steps: 16 | Train Loss: 0.4809096 Vali Loss: 0.2507893 Test Loss: 2.0699720
EarlyStopping counter: 1 out of 5
Updating learning rate to 0.00078125
Epoch: 8 cost time: 0.037000417709350586
Epoch: 8, Steps: 16 | Train Loss: 0.4808720 Vali Loss: 0.2386622 Test Loss: 2.0653331
EarlyStopping counter: 2 out of 5
Updating learning rate to 0.000390625
Epoch: 9 cost time: 0.03099989891052246
Epoch: 9, Steps: 16 | Train Loss: 0.4757690 Vali Loss: 0.2469147 Test Loss: 2.0655580
EarlyStopping counter: 3 out of 5
Updating learning rate to 0.0001953125
Epoch: 10 cost time: 0.0279998779296875
Epoch: 10, Steps: 16 | Train Loss: 0.4790299 Vali Loss: 0.2407910 Test Loss: 2.0633864
EarlyStopping counter: 4 out of 5
Updating learning rate to 9.765625e-05
Epoch: 11 cost time: 0.03700065612792969
Epoch: 11, Steps: 16 | Train Loss: 0.4731642 Vali Loss: 0.2510892 Test Loss: 2.0620975
EarlyStopping counter: 5 out of 5
Early stopping
>>>>>>>testing : national_illness_104_48_NLinear_custom_ftM_sl104_ll18_pl48_dm512_nh8_el2_dl1_df2048_fc1_ebtimeF_dtTrue_Exp_0_seed10458<<<<<<<<<<<<<<<<<<<<<<<<<<<<<<<<<
test 146
mse:1.8965190649032593, mae:0.8762149810791016
