Args in experiment:
Namespace(activation='gelu', batch_size=32, c_out=7, checkpoints='./checkpoints/', d_ff=2048, d_layers=1, d_model=512, data='ETTh1', data_path='ETTh1.csv', dec_in=7, des='Exp', devices='0,1,2,3', distil=True, do_predict=False, dropout=0.05, e_layers=2, embed='timeF', embed_type=0, enc_in=7, factor=1, features='M', freq='h', gpu=0, individual=True, is_training=1, itr=1, label_len=48, learning_rate=0.005, loss='mse', lradj='type1', model='NLinear', model_id='ETTh1_336_192', moving_avg=25, n_heads=8, num_workers=0, output_attention=False, patience=5, pred_len=192, root_path='./dataset/', save_pred_values=False, seed=12890, seq_len=336, target='OT', test_flop=False, train_epochs=20, train_only=False, use_amp=False, use_gpu=False, use_multi_gpu=False)
Use CPU
>>>>>>>start training : ETTh1_336_192_NLinear_ETTh1_ftM_sl336_ll48_pl192_dm512_nh8_el2_dl1_df2048_fc1_ebtimeF_dtTrue_Exp_0_seed12890>>>>>>>>>>>>>>>>>>>>>>>>>>
train 8113
val 2689
test 2689
	iters: 100, epoch: 1 | loss: 0.5373366
	speed: 0.0058s/iter; left time: 28.5441s
	iters: 200, epoch: 1 | loss: 0.4570762
	speed: 0.0056s/iter; left time: 27.0759s
Epoch: 1 cost time: 1.4235758781433105
Epoch: 1, Steps: 253 | Train Loss: 0.4880295 Vali Loss: 1.1261278 Test Loss: 0.4858510
Validation loss decreased (inf --> 1.126128).  Saving model ...
Updating learning rate to 0.005
	iters: 100, epoch: 2 | loss: 0.4729821
	speed: 0.0120s/iter; left time: 56.4305s
	iters: 200, epoch: 2 | loss: 0.4100669
	speed: 0.0055s/iter; left time: 25.2058s
Epoch: 2 cost time: 1.3836488723754883
Epoch: 2, Steps: 253 | Train Loss: 0.4576991 Vali Loss: 1.2911149 Test Loss: 0.5479808
EarlyStopping counter: 1 out of 5
Updating learning rate to 0.0025
	iters: 100, epoch: 3 | loss: 0.3435467
	speed: 0.0133s/iter; left time: 59.2739s
	iters: 200, epoch: 3 | loss: 0.3892269
	speed: 0.0064s/iter; left time: 27.8307s
Epoch: 3 cost time: 1.6383640766143799
Epoch: 3, Steps: 253 | Train Loss: 0.4082004 Vali Loss: 1.0626452 Test Loss: 0.4497164
Validation loss decreased (1.126128 --> 1.062645).  Saving model ...
Updating learning rate to 0.00125
	iters: 100, epoch: 4 | loss: 0.3768043
	speed: 0.0149s/iter; left time: 62.4207s
	iters: 200, epoch: 4 | loss: 0.3471157
	speed: 0.0061s/iter; left time: 25.1453s
Epoch: 4 cost time: 1.5764319896697998
Epoch: 4, Steps: 253 | Train Loss: 0.3884174 Vali Loss: 1.0437704 Test Loss: 0.4310341
Validation loss decreased (1.062645 --> 1.043770).  Saving model ...
Updating learning rate to 0.000625
	iters: 100, epoch: 5 | loss: 0.4182397
	speed: 0.0124s/iter; left time: 48.9796s
	iters: 200, epoch: 5 | loss: 0.3751168
	speed: 0.0059s/iter; left time: 22.5187s
Epoch: 5 cost time: 1.4372689723968506
Epoch: 5, Steps: 253 | Train Loss: 0.3795908 Vali Loss: 1.0165091 Test Loss: 0.4194395
Validation loss decreased (1.043770 --> 1.016509).  Saving model ...
Updating learning rate to 0.0003125
	iters: 100, epoch: 6 | loss: 0.3404467
	speed: 0.0131s/iter; left time: 48.3692s
	iters: 200, epoch: 6 | loss: 0.4262808
	speed: 0.0068s/iter; left time: 24.5207s
Epoch: 6 cost time: 1.629420518875122
Epoch: 6, Steps: 253 | Train Loss: 0.3746621 Vali Loss: 1.0002413 Test Loss: 0.4173299
Validation loss decreased (1.016509 --> 1.000241).  Saving model ...
Updating learning rate to 0.00015625
	iters: 100, epoch: 7 | loss: 0.3237076
	speed: 0.0159s/iter; left time: 54.6762s
	iters: 200, epoch: 7 | loss: 0.3936019
	speed: 0.0069s/iter; left time: 23.1285s
Epoch: 7 cost time: 1.7533652782440186
Epoch: 7, Steps: 253 | Train Loss: 0.3718503 Vali Loss: 0.9922312 Test Loss: 0.4154488
Validation loss decreased (1.000241 --> 0.992231).  Saving model ...
Updating learning rate to 7.8125e-05
	iters: 100, epoch: 8 | loss: 0.3600854
	speed: 0.0152s/iter; left time: 48.5360s
	iters: 200, epoch: 8 | loss: 0.3543973
	speed: 0.0058s/iter; left time: 17.8272s
Epoch: 8 cost time: 1.5473411083221436
Epoch: 8, Steps: 253 | Train Loss: 0.3702774 Vali Loss: 0.9906344 Test Loss: 0.4146188
Validation loss decreased (0.992231 --> 0.990634).  Saving model ...
Updating learning rate to 3.90625e-05
	iters: 100, epoch: 9 | loss: 0.3829487
	speed: 0.0156s/iter; left time: 45.8878s
	iters: 200, epoch: 9 | loss: 0.3494319
	speed: 0.0061s/iter; left time: 17.4245s
Epoch: 9 cost time: 1.6193981170654297
Epoch: 9, Steps: 253 | Train Loss: 0.3693325 Vali Loss: 0.9884812 Test Loss: 0.4142763
Validation loss decreased (0.990634 --> 0.988481).  Saving model ...
Updating learning rate to 1.953125e-05
	iters: 100, epoch: 10 | loss: 0.3340706
	speed: 0.0121s/iter; left time: 32.4055s
	iters: 200, epoch: 10 | loss: 0.3409027
	speed: 0.0054s/iter; left time: 14.0311s
Epoch: 10 cost time: 1.4184291362762451
Epoch: 10, Steps: 253 | Train Loss: 0.3690113 Vali Loss: 0.9851500 Test Loss: 0.4145816
Validation loss decreased (0.988481 --> 0.985150).  Saving model ...
Updating learning rate to 9.765625e-06
	iters: 100, epoch: 11 | loss: 0.3842297
	speed: 0.0133s/iter; left time: 32.3884s
	iters: 200, epoch: 11 | loss: 0.3499219
	speed: 0.0056s/iter; left time: 13.0782s
Epoch: 11 cost time: 1.452256441116333
Epoch: 11, Steps: 253 | Train Loss: 0.3689625 Vali Loss: 0.9878001 Test Loss: 0.4141392
EarlyStopping counter: 1 out of 5
Updating learning rate to 4.8828125e-06
	iters: 100, epoch: 12 | loss: 0.3680269
	speed: 0.0146s/iter; left time: 31.8019s
	iters: 200, epoch: 12 | loss: 0.3331563
	speed: 0.0065s/iter; left time: 13.4862s
Epoch: 12 cost time: 1.6354551315307617
Epoch: 12, Steps: 253 | Train Loss: 0.3686716 Vali Loss: 0.9878573 Test Loss: 0.4141715
EarlyStopping counter: 2 out of 5
Updating learning rate to 2.44140625e-06
	iters: 100, epoch: 13 | loss: 0.3702238
	speed: 0.0126s/iter; left time: 24.2305s
	iters: 200, epoch: 13 | loss: 0.3748654
	speed: 0.0055s/iter; left time: 10.0649s
Epoch: 13 cost time: 1.3608248233795166
Epoch: 13, Steps: 253 | Train Loss: 0.3685610 Vali Loss: 0.9877170 Test Loss: 0.4141835
EarlyStopping counter: 3 out of 5
Updating learning rate to 1.220703125e-06
	iters: 100, epoch: 14 | loss: 0.4281538
	speed: 0.0101s/iter; left time: 16.8415s
	iters: 200, epoch: 14 | loss: 0.3867116
	speed: 0.0047s/iter; left time: 7.4106s
Epoch: 14 cost time: 1.1734139919281006
Epoch: 14, Steps: 253 | Train Loss: 0.3684763 Vali Loss: 0.9882207 Test Loss: 0.4141838
EarlyStopping counter: 4 out of 5
Updating learning rate to 6.103515625e-07
	iters: 100, epoch: 15 | loss: 0.3449573
	speed: 0.0100s/iter; left time: 14.1969s
	iters: 200, epoch: 15 | loss: 0.4082706
	speed: 0.0038s/iter; left time: 5.0391s
Epoch: 15 cost time: 1.0093252658843994
Epoch: 15, Steps: 253 | Train Loss: 0.3683005 Vali Loss: 0.9882283 Test Loss: 0.4141766
EarlyStopping counter: 5 out of 5
Early stopping
>>>>>>>testing : ETTh1_336_192_NLinear_ETTh1_ftM_sl336_ll48_pl192_dm512_nh8_el2_dl1_df2048_fc1_ebtimeF_dtTrue_Exp_0_seed12890<<<<<<<<<<<<<<<<<<<<<<<<<<<<<<<<<
test 2689
mse:0.4140096604824066, mae:0.4212935268878937
