Args in experiment:
Namespace(activation='gelu', batch_size=32, c_out=7, checkpoints='./checkpoints/', d_ff=2048, d_layers=1, d_model=512, data='ETTh1', data_path='ETTh1.csv', dec_in=7, des='Exp', devices='0,1,2,3', distil=True, do_predict=False, dropout=0.05, e_layers=2, embed='timeF', embed_type=0, enc_in=7, factor=1, features='M', freq='h', gpu=0, individual=True, is_training=1, itr=1, label_len=48, learning_rate=0.005, loss='mse', lradj='type1', model='NLinear', model_id='ETTh1_96_96', moving_avg=25, n_heads=8, num_workers=0, output_attention=False, patience=5, pred_len=96, root_path='./dataset/', save_pred_values=False, seed=10458, seq_len=96, target='OT', test_flop=False, train_epochs=20, train_only=False, use_amp=False, use_gpu=False, use_multi_gpu=False)
Use CPU
>>>>>>>start training : ETTh1_96_96_NLinear_ETTh1_ftM_sl96_ll48_pl96_dm512_nh8_el2_dl1_df2048_fc1_ebtimeF_dtTrue_Exp_0_seed10458>>>>>>>>>>>>>>>>>>>>>>>>>>
train 8449
data_set:  <data_provider.data_loader.Dataset_ETT_hour object at 0x000001D450FC0D68>
val 2785
data_set:  <data_provider.data_loader.Dataset_ETT_hour object at 0x000001D41E5D6DD8>
test 2785
data_set:  <data_provider.data_loader.Dataset_ETT_hour object at 0x000001D450FC0128>
Total number of trainable parameters: 65184
Total number of parameters: 65184
	iters: 100, epoch: 1 | loss: 0.4174128
	speed: 0.0058s/iter; left time: 30.0978s
	iters: 200, epoch: 1 | loss: 0.3219885
	speed: 0.0036s/iter; left time: 18.1271s
Epoch: 1 cost time: 1.1563611030578613
Epoch: 1, Steps: 264 | Train Loss: 0.3954913 Vali Loss: 0.7200474 Test Loss: 0.4137357
Validation loss decreased (inf --> 0.720047).  Saving model ...
Updating learning rate to 0.005
	iters: 100, epoch: 2 | loss: 0.3768470
	speed: 0.0088s/iter; left time: 43.0288s
	iters: 200, epoch: 2 | loss: 0.3722943
	speed: 0.0034s/iter; left time: 16.5313s
Epoch: 2 cost time: 0.8623251914978027
Epoch: 2, Steps: 264 | Train Loss: 0.3667040 Vali Loss: 0.6993868 Test Loss: 0.4160099
Validation loss decreased (0.720047 --> 0.699387).  Saving model ...
Updating learning rate to 0.0025
	iters: 100, epoch: 3 | loss: 0.2848302
	speed: 0.0089s/iter; left time: 41.4533s
	iters: 200, epoch: 3 | loss: 0.3287962
	speed: 0.0036s/iter; left time: 16.3537s
Epoch: 3 cost time: 0.8973240852355957
Epoch: 3, Steps: 264 | Train Loss: 0.3539703 Vali Loss: 0.7024919 Test Loss: 0.3955930
EarlyStopping counter: 1 out of 5
Updating learning rate to 0.00125
	iters: 100, epoch: 4 | loss: 0.3506277
	speed: 0.0083s/iter; left time: 36.3516s
	iters: 200, epoch: 4 | loss: 0.3280557
	speed: 0.0037s/iter; left time: 16.0757s
Epoch: 4 cost time: 1.0316410064697266
Epoch: 4, Steps: 264 | Train Loss: 0.3476349 Vali Loss: 0.7011499 Test Loss: 0.3925801
EarlyStopping counter: 2 out of 5
Updating learning rate to 0.000625
	iters: 100, epoch: 5 | loss: 0.3050224
	speed: 0.0083s/iter; left time: 34.1609s
	iters: 200, epoch: 5 | loss: 0.3241712
	speed: 0.0030s/iter; left time: 11.9593s
Epoch: 5 cost time: 0.7815287113189697
Epoch: 5, Steps: 264 | Train Loss: 0.3447402 Vali Loss: 0.6940469 Test Loss: 0.3873908
Validation loss decreased (0.699387 --> 0.694047).  Saving model ...
Updating learning rate to 0.0003125
	iters: 100, epoch: 6 | loss: 0.3620041
	speed: 0.0091s/iter; left time: 35.0003s
	iters: 200, epoch: 6 | loss: 0.2789747
	speed: 0.0036s/iter; left time: 13.5105s
Epoch: 6 cost time: 0.8597521781921387
Epoch: 6, Steps: 264 | Train Loss: 0.3430123 Vali Loss: 0.6894860 Test Loss: 0.3871045
Validation loss decreased (0.694047 --> 0.689486).  Saving model ...
Updating learning rate to 0.00015625
	iters: 100, epoch: 7 | loss: 0.3290542
	speed: 0.0078s/iter; left time: 28.1020s
	iters: 200, epoch: 7 | loss: 0.3420734
	speed: 0.0038s/iter; left time: 13.1177s
Epoch: 7 cost time: 0.9060976505279541
Epoch: 7, Steps: 264 | Train Loss: 0.3420910 Vali Loss: 0.6915032 Test Loss: 0.3854092
EarlyStopping counter: 1 out of 5
Updating learning rate to 7.8125e-05
	iters: 100, epoch: 8 | loss: 0.3346583
	speed: 0.0081s/iter; left time: 27.0713s
	iters: 200, epoch: 8 | loss: 0.3379706
	speed: 0.0028s/iter; left time: 9.0832s
Epoch: 8 cost time: 0.9529416561126709
Epoch: 8, Steps: 264 | Train Loss: 0.3416228 Vali Loss: 0.6888924 Test Loss: 0.3853569
Validation loss decreased (0.689486 --> 0.688892).  Saving model ...
Updating learning rate to 3.90625e-05
	iters: 100, epoch: 9 | loss: 0.4075683
	speed: 0.0085s/iter; left time: 26.1056s
	iters: 200, epoch: 9 | loss: 0.3413843
	speed: 0.0034s/iter; left time: 10.0091s
Epoch: 9 cost time: 0.8942973613739014
Epoch: 9, Steps: 264 | Train Loss: 0.3413360 Vali Loss: 0.6873374 Test Loss: 0.3854842
Validation loss decreased (0.688892 --> 0.687337).  Saving model ...
Updating learning rate to 1.953125e-05
	iters: 100, epoch: 10 | loss: 0.3270480
	speed: 0.0078s/iter; left time: 21.9094s
	iters: 200, epoch: 10 | loss: 0.3428250
	speed: 0.0030s/iter; left time: 8.0432s
Epoch: 10 cost time: 0.7097716331481934
Epoch: 10, Steps: 264 | Train Loss: 0.3411977 Vali Loss: 0.6881244 Test Loss: 0.3852940
EarlyStopping counter: 1 out of 5
Updating learning rate to 9.765625e-06
	iters: 100, epoch: 11 | loss: 0.3718207
	speed: 0.0066s/iter; left time: 16.6669s
	iters: 200, epoch: 11 | loss: 0.2875880
	speed: 0.0034s/iter; left time: 8.3989s
Epoch: 11 cost time: 0.8129210472106934
Epoch: 11, Steps: 264 | Train Loss: 0.3411279 Vali Loss: 0.6876369 Test Loss: 0.3852997
EarlyStopping counter: 2 out of 5
Updating learning rate to 4.8828125e-06
	iters: 100, epoch: 12 | loss: 0.3257349
	speed: 0.0072s/iter; left time: 16.3602s
	iters: 200, epoch: 12 | loss: 0.3277984
	speed: 0.0031s/iter; left time: 6.7991s
Epoch: 12 cost time: 0.7967593669891357
Epoch: 12, Steps: 264 | Train Loss: 0.3410952 Vali Loss: 0.6878366 Test Loss: 0.3852905
EarlyStopping counter: 3 out of 5
Updating learning rate to 2.44140625e-06
	iters: 100, epoch: 13 | loss: 0.3317124
	speed: 0.0059s/iter; left time: 11.9573s
	iters: 200, epoch: 13 | loss: 0.3444477
	speed: 0.0022s/iter; left time: 4.1875s
Epoch: 13 cost time: 0.6097898483276367
Epoch: 13, Steps: 264 | Train Loss: 0.3410588 Vali Loss: 0.6879275 Test Loss: 0.3852968
EarlyStopping counter: 4 out of 5
Updating learning rate to 1.220703125e-06
	iters: 100, epoch: 14 | loss: 0.3107730
	speed: 0.0059s/iter; left time: 10.3801s
	iters: 200, epoch: 14 | loss: 0.3183406
	speed: 0.0019s/iter; left time: 3.0925s
Epoch: 14 cost time: 0.5310497283935547
Epoch: 14, Steps: 264 | Train Loss: 0.3410430 Vali Loss: 0.6879053 Test Loss: 0.3852925
EarlyStopping counter: 5 out of 5
Early stopping
Total training time: 15.4062 seconds
>>>>>>>testing : ETTh1_96_96_NLinear_ETTh1_ftM_sl96_ll48_pl96_dm512_nh8_el2_dl1_df2048_fc1_ebtimeF_dtTrue_Exp_0_seed10458<<<<<<<<<<<<<<<<<<<<<<<<<<<<<<<<<
test 2785
data_set:  <data_provider.data_loader.Dataset_ETT_hour object at 0x000001D413A21080>
mse:0.38516765832901, mae:0.39145615696907043
