Args in experiment:
Namespace(activation='gelu', batch_size=8, c_out=7, checkpoints='./checkpoints/', d_ff=2048, d_layers=1, d_model=512, data='ETTm1', data_path='ETTm1.csv', dec_in=7, des='Exp', devices='0,1,2,3', distil=True, do_predict=False, dropout=0.05, e_layers=2, embed='timeF', embed_type=0, enc_in=7, factor=1, features='M', freq='h', gpu=0, individual=True, is_training=1, itr=1, label_len=48, learning_rate=0.005, loss='mse', lradj='type1', model='NLinear', model_id='ETTm1_336_192', moving_avg=25, n_heads=8, num_workers=0, output_attention=False, patience=5, pred_len=192, root_path='./dataset/', save_pred_values=False, seed=28649, seq_len=336, target='OT', test_flop=False, train_epochs=20, train_only=False, use_amp=False, use_gpu=False, use_multi_gpu=False)
Use CPU
>>>>>>>start training : ETTm1_336_192_NLinear_ETTm1_ftM_sl336_ll48_pl192_dm512_nh8_el2_dl1_df2048_fc1_ebtimeF_dtTrue_Exp_0_seed28649>>>>>>>>>>>>>>>>>>>>>>>>>>
train 34033
val 11329
test 11329
	iters: 100, epoch: 1 | loss: 0.5967044
	speed: 0.0039s/iter; left time: 335.0215s
	iters: 200, epoch: 1 | loss: 0.5766228
	speed: 0.0035s/iter; left time: 297.9913s
	iters: 300, epoch: 1 | loss: 0.4510243
	speed: 0.0041s/iter; left time: 346.9434s
	iters: 400, epoch: 1 | loss: 0.4779680
	speed: 0.0036s/iter; left time: 307.3899s
	iters: 500, epoch: 1 | loss: 0.5080835
	speed: 0.0036s/iter; left time: 303.9158s
	iters: 600, epoch: 1 | loss: 0.6319774
	speed: 0.0031s/iter; left time: 261.9436s
	iters: 700, epoch: 1 | loss: 0.6547890
	speed: 0.0031s/iter; left time: 264.1131s
	iters: 800, epoch: 1 | loss: 0.4799329
	speed: 0.0036s/iter; left time: 302.7313s
	iters: 900, epoch: 1 | loss: 0.4623920
	speed: 0.0034s/iter; left time: 289.5857s
	iters: 1000, epoch: 1 | loss: 0.4933821
	speed: 0.0032s/iter; left time: 267.4221s
	iters: 1100, epoch: 1 | loss: 0.4465984
	speed: 0.0032s/iter; left time: 265.3805s
	iters: 1200, epoch: 1 | loss: 0.4371782
	speed: 0.0033s/iter; left time: 277.8308s
	iters: 1300, epoch: 1 | loss: 0.5208584
	speed: 0.0037s/iter; left time: 307.4768s
	iters: 1400, epoch: 1 | loss: 0.5566411
	speed: 0.0039s/iter; left time: 325.8939s
	iters: 1500, epoch: 1 | loss: 0.3307577
	speed: 0.0038s/iter; left time: 316.8186s
	iters: 1600, epoch: 1 | loss: 0.8575628
	speed: 0.0036s/iter; left time: 299.6972s
	iters: 1700, epoch: 1 | loss: 0.3449258
	speed: 0.0036s/iter; left time: 299.1388s
	iters: 1800, epoch: 1 | loss: 0.5344735
	speed: 0.0039s/iter; left time: 325.2412s
	iters: 1900, epoch: 1 | loss: 0.4267193
	speed: 0.0034s/iter; left time: 282.8159s
	iters: 2000, epoch: 1 | loss: 0.3731995
	speed: 0.0035s/iter; left time: 292.7145s
	iters: 2100, epoch: 1 | loss: 0.5402589
	speed: 0.0039s/iter; left time: 326.9786s
	iters: 2200, epoch: 1 | loss: 1.2876428
	speed: 0.0038s/iter; left time: 316.9225s
	iters: 2300, epoch: 1 | loss: 0.4539045
	speed: 0.0033s/iter; left time: 274.8323s
	iters: 2400, epoch: 1 | loss: 0.8875120
	speed: 0.0030s/iter; left time: 249.6969s
	iters: 2500, epoch: 1 | loss: 0.4295827
	speed: 0.0031s/iter; left time: 253.5634s
	iters: 2600, epoch: 1 | loss: 0.5055976
	speed: 0.0035s/iter; left time: 288.0443s
	iters: 2700, epoch: 1 | loss: 0.3010727
	speed: 0.0035s/iter; left time: 290.8086s
	iters: 2800, epoch: 1 | loss: 0.5200247
	speed: 0.0036s/iter; left time: 299.7772s
	iters: 2900, epoch: 1 | loss: 0.4316442
	speed: 0.0037s/iter; left time: 301.6594s
	iters: 3000, epoch: 1 | loss: 0.4688119
	speed: 0.0038s/iter; left time: 313.5486s
	iters: 3100, epoch: 1 | loss: 0.4722895
	speed: 0.0037s/iter; left time: 303.5943s
	iters: 3200, epoch: 1 | loss: 0.4033818
	speed: 0.0031s/iter; left time: 249.7377s
	iters: 3300, epoch: 1 | loss: 0.5076083
	speed: 0.0032s/iter; left time: 263.3764s
	iters: 3400, epoch: 1 | loss: 0.3519494
	speed: 0.0040s/iter; left time: 323.6409s
	iters: 3500, epoch: 1 | loss: 0.3401589
	speed: 0.0033s/iter; left time: 266.7713s
	iters: 3600, epoch: 1 | loss: 0.4265997
	speed: 0.0031s/iter; left time: 254.2202s
	iters: 3700, epoch: 1 | loss: 0.3148748
	speed: 0.0038s/iter; left time: 308.7595s
	iters: 3800, epoch: 1 | loss: 0.3278406
	speed: 0.0041s/iter; left time: 335.6908s
	iters: 3900, epoch: 1 | loss: 0.3158481
	speed: 0.0042s/iter; left time: 339.6215s
	iters: 4000, epoch: 1 | loss: 0.4040729
	speed: 0.0041s/iter; left time: 332.2911s
	iters: 4100, epoch: 1 | loss: 0.7897385
	speed: 0.0041s/iter; left time: 330.4032s
	iters: 4200, epoch: 1 | loss: 0.5015851
	speed: 0.0041s/iter; left time: 335.0024s
Epoch: 1 cost time: 15.340968132019043
Epoch: 1, Steps: 4254 | Train Loss: 0.4966357 Vali Loss: 0.8474389 Test Loss: 0.5886663
Validation loss decreased (inf --> 0.847439).  Saving model ...
Updating learning rate to 0.005
	iters: 100, epoch: 2 | loss: 0.6096733
	speed: 0.0280s/iter; left time: 2260.9713s
	iters: 200, epoch: 2 | loss: 0.4975791
	speed: 0.0033s/iter; left time: 262.8452s
	iters: 300, epoch: 2 | loss: 0.4389999
	speed: 0.0036s/iter; left time: 287.5379s
	iters: 400, epoch: 2 | loss: 0.5285813
	speed: 0.0038s/iter; left time: 302.6241s
	iters: 500, epoch: 2 | loss: 0.6305715
	speed: 0.0038s/iter; left time: 305.2425s
	iters: 600, epoch: 2 | loss: 0.5125422
	speed: 0.0036s/iter; left time: 284.8478s
	iters: 700, epoch: 2 | loss: 0.5272573
	speed: 0.0032s/iter; left time: 258.1937s
	iters: 800, epoch: 2 | loss: 0.4449468
	speed: 0.0031s/iter; left time: 247.2827s
	iters: 900, epoch: 2 | loss: 0.4864498
	speed: 0.0030s/iter; left time: 240.5809s
	iters: 1000, epoch: 2 | loss: 0.5841159
	speed: 0.0033s/iter; left time: 260.4204s
	iters: 1100, epoch: 2 | loss: 0.5323787
	speed: 0.0031s/iter; left time: 245.5902s
	iters: 1200, epoch: 2 | loss: 0.5896944
	speed: 0.0030s/iter; left time: 242.8616s
	iters: 1300, epoch: 2 | loss: 0.7772859
	speed: 0.0031s/iter; left time: 249.9430s
	iters: 1400, epoch: 2 | loss: 0.6152722
	speed: 0.0033s/iter; left time: 260.5210s
	iters: 1500, epoch: 2 | loss: 0.5611625
	speed: 0.0030s/iter; left time: 236.4358s
	iters: 1600, epoch: 2 | loss: 0.3676196
	speed: 0.0031s/iter; left time: 247.1871s
	iters: 1700, epoch: 2 | loss: 0.6356001
	speed: 0.0037s/iter; left time: 292.9543s
	iters: 1800, epoch: 2 | loss: 0.3376276
	speed: 0.0038s/iter; left time: 299.5129s
	iters: 1900, epoch: 2 | loss: 0.3559983
	speed: 0.0036s/iter; left time: 286.7895s
	iters: 2000, epoch: 2 | loss: 0.3347446
	speed: 0.0030s/iter; left time: 236.4798s
	iters: 2100, epoch: 2 | loss: 0.4257265
	speed: 0.0027s/iter; left time: 215.7108s
	iters: 2200, epoch: 2 | loss: 0.8842919
	speed: 0.0031s/iter; left time: 239.8137s
	iters: 2300, epoch: 2 | loss: 0.7377368
	speed: 0.0034s/iter; left time: 265.0201s
	iters: 2400, epoch: 2 | loss: 0.3779003
	speed: 0.0032s/iter; left time: 252.5342s
	iters: 2500, epoch: 2 | loss: 0.6232033
	speed: 0.0035s/iter; left time: 274.1446s
	iters: 2600, epoch: 2 | loss: 0.6540261
	speed: 0.0035s/iter; left time: 274.0277s
	iters: 2700, epoch: 2 | loss: 0.3418965
	speed: 0.0026s/iter; left time: 204.6932s
	iters: 2800, epoch: 2 | loss: 0.3692636
	speed: 0.0030s/iter; left time: 233.3473s
	iters: 2900, epoch: 2 | loss: 0.4092940
	speed: 0.0034s/iter; left time: 267.5682s
	iters: 3000, epoch: 2 | loss: 0.2693482
	speed: 0.0038s/iter; left time: 293.5270s
	iters: 3100, epoch: 2 | loss: 0.4364069
	speed: 0.0038s/iter; left time: 298.6183s
	iters: 3200, epoch: 2 | loss: 0.3530442
	speed: 0.0035s/iter; left time: 272.5208s
	iters: 3300, epoch: 2 | loss: 0.7131194
	speed: 0.0036s/iter; left time: 278.3223s
	iters: 3400, epoch: 2 | loss: 0.5295521
	speed: 0.0037s/iter; left time: 285.1243s
	iters: 3500, epoch: 2 | loss: 0.6883366
	speed: 0.0036s/iter; left time: 280.7410s
	iters: 3600, epoch: 2 | loss: 0.4464659
	speed: 0.0039s/iter; left time: 298.8678s
	iters: 3700, epoch: 2 | loss: 0.5700704
	speed: 0.0037s/iter; left time: 287.9402s
	iters: 3800, epoch: 2 | loss: 0.8766667
	speed: 0.0038s/iter; left time: 295.0172s
	iters: 3900, epoch: 2 | loss: 0.3779570
	speed: 0.0039s/iter; left time: 300.0577s
	iters: 4000, epoch: 2 | loss: 0.4854333
	speed: 0.0041s/iter; left time: 314.3777s
	iters: 4100, epoch: 2 | loss: 0.3675672
	speed: 0.0038s/iter; left time: 289.2607s
	iters: 4200, epoch: 2 | loss: 0.4065858
	speed: 0.0036s/iter; left time: 272.1799s
Epoch: 2 cost time: 14.579881191253662
Epoch: 2, Steps: 4254 | Train Loss: 0.4991657 Vali Loss: 0.9138722 Test Loss: 0.6519994
EarlyStopping counter: 1 out of 5
Updating learning rate to 0.0025
	iters: 100, epoch: 3 | loss: 0.4845484
	speed: 0.0289s/iter; left time: 2207.7920s
	iters: 200, epoch: 3 | loss: 0.3988892
	speed: 0.0033s/iter; left time: 254.2214s
	iters: 300, epoch: 3 | loss: 0.2434790
	speed: 0.0035s/iter; left time: 270.0070s
	iters: 400, epoch: 3 | loss: 0.4547594
	speed: 0.0036s/iter; left time: 272.0948s
	iters: 500, epoch: 3 | loss: 0.3649108
	speed: 0.0036s/iter; left time: 273.1505s
	iters: 600, epoch: 3 | loss: 0.2952750
	speed: 0.0039s/iter; left time: 300.0919s
	iters: 700, epoch: 3 | loss: 0.4107559
	speed: 0.0036s/iter; left time: 273.5264s
	iters: 800, epoch: 3 | loss: 0.2247384
	speed: 0.0034s/iter; left time: 254.5962s
	iters: 900, epoch: 3 | loss: 0.7545347
	speed: 0.0028s/iter; left time: 214.9519s
	iters: 1000, epoch: 3 | loss: 0.3820512
	speed: 0.0037s/iter; left time: 277.5206s
	iters: 1100, epoch: 3 | loss: 0.2716930
	speed: 0.0033s/iter; left time: 249.8139s
	iters: 1200, epoch: 3 | loss: 0.3657087
	speed: 0.0030s/iter; left time: 226.8741s
	iters: 1300, epoch: 3 | loss: 0.2944285
	speed: 0.0033s/iter; left time: 247.0938s
	iters: 1400, epoch: 3 | loss: 0.4045083
	speed: 0.0033s/iter; left time: 251.0793s
	iters: 1500, epoch: 3 | loss: 0.2105644
	speed: 0.0031s/iter; left time: 231.2231s
	iters: 1600, epoch: 3 | loss: 0.3304486
	speed: 0.0033s/iter; left time: 243.9050s
	iters: 1700, epoch: 3 | loss: 0.2792475
	speed: 0.0037s/iter; left time: 280.0029s
	iters: 1800, epoch: 3 | loss: 0.4007511
	speed: 0.0039s/iter; left time: 294.6049s
	iters: 1900, epoch: 3 | loss: 0.3055094
	speed: 0.0038s/iter; left time: 282.4192s
	iters: 2000, epoch: 3 | loss: 0.3532773
	speed: 0.0035s/iter; left time: 260.2583s
	iters: 2100, epoch: 3 | loss: 0.5634657
	speed: 0.0036s/iter; left time: 267.4035s
	iters: 2200, epoch: 3 | loss: 0.5445534
	speed: 0.0036s/iter; left time: 267.9156s
	iters: 2300, epoch: 3 | loss: 0.3270285
	speed: 0.0039s/iter; left time: 292.6364s
	iters: 2400, epoch: 3 | loss: 0.5209079
	speed: 0.0038s/iter; left time: 284.4295s
	iters: 2500, epoch: 3 | loss: 0.3890786
	speed: 0.0039s/iter; left time: 290.3670s
	iters: 2600, epoch: 3 | loss: 0.6309681
	speed: 0.0037s/iter; left time: 276.5668s
	iters: 2700, epoch: 3 | loss: 0.3226760
	speed: 0.0034s/iter; left time: 252.8042s
	iters: 2800, epoch: 3 | loss: 0.3383690
	speed: 0.0039s/iter; left time: 284.8035s
	iters: 2900, epoch: 3 | loss: 0.5812644
	speed: 0.0037s/iter; left time: 271.1156s
	iters: 3000, epoch: 3 | loss: 0.2985166
	speed: 0.0035s/iter; left time: 258.3607s
	iters: 3100, epoch: 3 | loss: 0.2767303
	speed: 0.0039s/iter; left time: 282.8714s
	iters: 3200, epoch: 3 | loss: 0.4515434
	speed: 0.0037s/iter; left time: 269.4317s
	iters: 3300, epoch: 3 | loss: 0.5839364
	speed: 0.0035s/iter; left time: 255.7235s
	iters: 3400, epoch: 3 | loss: 0.4783916
	speed: 0.0035s/iter; left time: 258.3001s
	iters: 3500, epoch: 3 | loss: 0.3406745
	speed: 0.0036s/iter; left time: 261.0289s
	iters: 3600, epoch: 3 | loss: 0.2781524
	speed: 0.0036s/iter; left time: 260.5497s
	iters: 3700, epoch: 3 | loss: 0.3000703
	speed: 0.0039s/iter; left time: 287.1207s
	iters: 3800, epoch: 3 | loss: 0.3025920
	speed: 0.0038s/iter; left time: 273.1325s
	iters: 3900, epoch: 3 | loss: 0.5430490
	speed: 0.0030s/iter; left time: 216.6034s
	iters: 4000, epoch: 3 | loss: 0.5655265
	speed: 0.0032s/iter; left time: 230.7824s
	iters: 4100, epoch: 3 | loss: 0.3738780
	speed: 0.0031s/iter; left time: 223.3804s
	iters: 4200, epoch: 3 | loss: 0.3144639
	speed: 0.0032s/iter; left time: 232.3543s
Epoch: 3 cost time: 14.961488246917725
Epoch: 3, Steps: 4254 | Train Loss: 0.3734215 Vali Loss: 0.6390767 Test Loss: 0.4915871
Validation loss decreased (0.847439 --> 0.639077).  Saving model ...
Updating learning rate to 0.00125
	iters: 100, epoch: 4 | loss: 0.6232727
	speed: 0.0290s/iter; left time: 2097.2741s
	iters: 200, epoch: 4 | loss: 0.5818232
	speed: 0.0029s/iter; left time: 205.5887s
	iters: 300, epoch: 4 | loss: 0.3083085
	speed: 0.0029s/iter; left time: 205.9731s
	iters: 400, epoch: 4 | loss: 0.3327229
	speed: 0.0038s/iter; left time: 274.1397s
	iters: 500, epoch: 4 | loss: 0.3541120
	speed: 0.0039s/iter; left time: 280.8128s
	iters: 600, epoch: 4 | loss: 0.4282078
	speed: 0.0036s/iter; left time: 259.1862s
	iters: 700, epoch: 4 | loss: 0.5957964
	speed: 0.0033s/iter; left time: 239.2096s
	iters: 800, epoch: 4 | loss: 0.3966026
	speed: 0.0033s/iter; left time: 237.4424s
	iters: 900, epoch: 4 | loss: 0.2951183
	speed: 0.0034s/iter; left time: 240.8364s
	iters: 1000, epoch: 4 | loss: 0.3773711
	speed: 0.0034s/iter; left time: 241.7182s
	iters: 1100, epoch: 4 | loss: 0.2442144
	speed: 0.0034s/iter; left time: 240.7211s
	iters: 1200, epoch: 4 | loss: 0.3059857
	speed: 0.0035s/iter; left time: 246.9146s
	iters: 1300, epoch: 4 | loss: 0.2310379
	speed: 0.0038s/iter; left time: 267.7405s
	iters: 1400, epoch: 4 | loss: 0.4185361
	speed: 0.0037s/iter; left time: 258.8900s
	iters: 1500, epoch: 4 | loss: 0.2633169
	speed: 0.0036s/iter; left time: 253.6720s
	iters: 1600, epoch: 4 | loss: 0.2747326
	speed: 0.0036s/iter; left time: 253.8817s
	iters: 1700, epoch: 4 | loss: 0.3533641
	speed: 0.0038s/iter; left time: 266.2340s
	iters: 1800, epoch: 4 | loss: 0.3282731
	speed: 0.0035s/iter; left time: 249.1144s
	iters: 1900, epoch: 4 | loss: 0.2981597
	speed: 0.0038s/iter; left time: 264.0724s
	iters: 2000, epoch: 4 | loss: 0.2993342
	speed: 0.0023s/iter; left time: 163.8423s
	iters: 2100, epoch: 4 | loss: 0.2677019
	speed: 0.0031s/iter; left time: 217.9164s
	iters: 2200, epoch: 4 | loss: 0.2044331
	speed: 0.0036s/iter; left time: 255.2725s
	iters: 2300, epoch: 4 | loss: 0.2744959
	speed: 0.0035s/iter; left time: 246.4675s
	iters: 2400, epoch: 4 | loss: 0.2815305
	speed: 0.0036s/iter; left time: 252.5062s
	iters: 2500, epoch: 4 | loss: 0.3456933
	speed: 0.0032s/iter; left time: 225.5163s
	iters: 2600, epoch: 4 | loss: 0.4482219
	speed: 0.0037s/iter; left time: 258.6572s
	iters: 2700, epoch: 4 | loss: 0.7305464
	speed: 0.0039s/iter; left time: 271.6601s
	iters: 2800, epoch: 4 | loss: 0.2945352
	speed: 0.0038s/iter; left time: 265.5614s
	iters: 2900, epoch: 4 | loss: 0.2244347
	speed: 0.0037s/iter; left time: 257.1557s
	iters: 3000, epoch: 4 | loss: 0.4587129
	speed: 0.0037s/iter; left time: 253.7090s
	iters: 3100, epoch: 4 | loss: 0.3039671
	speed: 0.0031s/iter; left time: 216.6549s
	iters: 3200, epoch: 4 | loss: 0.4371774
	speed: 0.0031s/iter; left time: 213.0316s
	iters: 3300, epoch: 4 | loss: 0.3595570
	speed: 0.0033s/iter; left time: 227.0720s
	iters: 3400, epoch: 4 | loss: 0.3865023
	speed: 0.0036s/iter; left time: 250.9106s
	iters: 3500, epoch: 4 | loss: 0.2484165
	speed: 0.0034s/iter; left time: 233.4665s
	iters: 3600, epoch: 4 | loss: 0.2067052
	speed: 0.0037s/iter; left time: 252.8861s
	iters: 3700, epoch: 4 | loss: 0.2743960
	speed: 0.0037s/iter; left time: 254.6189s
	iters: 3800, epoch: 4 | loss: 0.3016203
	speed: 0.0037s/iter; left time: 253.7677s
	iters: 3900, epoch: 4 | loss: 0.3400515
	speed: 0.0038s/iter; left time: 258.5586s
	iters: 4000, epoch: 4 | loss: 0.3489899
	speed: 0.0032s/iter; left time: 220.6685s
	iters: 4100, epoch: 4 | loss: 0.4237554
	speed: 0.0035s/iter; left time: 236.9176s
	iters: 4200, epoch: 4 | loss: 0.2910329
	speed: 0.0035s/iter; left time: 239.0990s
Epoch: 4 cost time: 14.771800994873047
Epoch: 4, Steps: 4254 | Train Loss: 0.3325959 Vali Loss: 0.5779538 Test Loss: 0.3902211
Validation loss decreased (0.639077 --> 0.577954).  Saving model ...
Updating learning rate to 0.000625
	iters: 100, epoch: 5 | loss: 0.3345006
	speed: 0.0311s/iter; left time: 2113.0289s
	iters: 200, epoch: 5 | loss: 0.3901376
	speed: 0.0036s/iter; left time: 245.1420s
	iters: 300, epoch: 5 | loss: 0.2571378
	speed: 0.0031s/iter; left time: 211.4654s
	iters: 400, epoch: 5 | loss: 0.2251932
	speed: 0.0033s/iter; left time: 222.6182s
	iters: 500, epoch: 5 | loss: 0.2314792
	speed: 0.0034s/iter; left time: 227.1956s
	iters: 600, epoch: 5 | loss: 0.2764750
	speed: 0.0036s/iter; left time: 242.8747s
	iters: 700, epoch: 5 | loss: 0.1785114
	speed: 0.0038s/iter; left time: 257.3759s
	iters: 800, epoch: 5 | loss: 0.3526277
	speed: 0.0038s/iter; left time: 258.5307s
	iters: 900, epoch: 5 | loss: 0.1806031
	speed: 0.0039s/iter; left time: 260.6000s
	iters: 1000, epoch: 5 | loss: 0.2829259
	speed: 0.0035s/iter; left time: 236.0685s
	iters: 1100, epoch: 5 | loss: 0.2659044
	speed: 0.0036s/iter; left time: 238.5707s
	iters: 1200, epoch: 5 | loss: 0.2776530
	speed: 0.0033s/iter; left time: 218.6490s
	iters: 1300, epoch: 5 | loss: 0.3524763
	speed: 0.0033s/iter; left time: 220.9911s
	iters: 1400, epoch: 5 | loss: 0.2965235
	speed: 0.0033s/iter; left time: 218.8693s
	iters: 1500, epoch: 5 | loss: 0.3893329
	speed: 0.0023s/iter; left time: 155.7975s
	iters: 1600, epoch: 5 | loss: 0.2526502
	speed: 0.0033s/iter; left time: 216.6746s
	iters: 1700, epoch: 5 | loss: 0.2872075
	speed: 0.0034s/iter; left time: 226.5235s
	iters: 1800, epoch: 5 | loss: 0.2555472
	speed: 0.0037s/iter; left time: 243.8783s
	iters: 1900, epoch: 5 | loss: 0.2948968
	speed: 0.0039s/iter; left time: 255.3983s
	iters: 2000, epoch: 5 | loss: 0.2795270
	speed: 0.0036s/iter; left time: 236.6324s
	iters: 2100, epoch: 5 | loss: 0.2012281
	speed: 0.0035s/iter; left time: 228.8977s
	iters: 2200, epoch: 5 | loss: 0.3577759
	speed: 0.0035s/iter; left time: 228.0413s
	iters: 2300, epoch: 5 | loss: 0.2994904
	speed: 0.0037s/iter; left time: 241.9092s
	iters: 2400, epoch: 5 | loss: 0.5331868
	speed: 0.0038s/iter; left time: 252.8101s
	iters: 2500, epoch: 5 | loss: 0.3672667
	speed: 0.0039s/iter; left time: 253.8685s
	iters: 2600, epoch: 5 | loss: 0.2847281
	speed: 0.0040s/iter; left time: 259.9354s
	iters: 2700, epoch: 5 | loss: 0.2223440
	speed: 0.0043s/iter; left time: 278.4520s
	iters: 2800, epoch: 5 | loss: 0.2346791
	speed: 0.0040s/iter; left time: 263.2502s
	iters: 2900, epoch: 5 | loss: 0.3605953
	speed: 0.0032s/iter; left time: 211.7847s
	iters: 3000, epoch: 5 | loss: 0.3386896
	speed: 0.0032s/iter; left time: 207.7669s
	iters: 3100, epoch: 5 | loss: 0.4311057
	speed: 0.0038s/iter; left time: 246.2587s
	iters: 3200, epoch: 5 | loss: 0.2697693
	speed: 0.0036s/iter; left time: 236.1097s
	iters: 3300, epoch: 5 | loss: 0.2688264
	speed: 0.0038s/iter; left time: 244.9510s
	iters: 3400, epoch: 5 | loss: 0.2983106
	speed: 0.0038s/iter; left time: 243.1804s
	iters: 3500, epoch: 5 | loss: 0.3892336
	speed: 0.0041s/iter; left time: 264.7162s
	iters: 3600, epoch: 5 | loss: 0.5292483
	speed: 0.0038s/iter; left time: 241.9666s
	iters: 3700, epoch: 5 | loss: 0.3457301
	speed: 0.0036s/iter; left time: 232.3967s
	iters: 3800, epoch: 5 | loss: 0.2456328
	speed: 0.0031s/iter; left time: 201.7911s
	iters: 3900, epoch: 5 | loss: 0.2816289
	speed: 0.0030s/iter; left time: 190.7469s
	iters: 4000, epoch: 5 | loss: 0.2949539
	speed: 0.0030s/iter; left time: 192.8363s
	iters: 4100, epoch: 5 | loss: 0.2390719
	speed: 0.0036s/iter; left time: 229.0300s
	iters: 4200, epoch: 5 | loss: 0.6218053
	speed: 0.0035s/iter; left time: 220.4620s
Epoch: 5 cost time: 15.05939507484436
Epoch: 5, Steps: 4254 | Train Loss: 0.3115721 Vali Loss: 0.5136535 Test Loss: 0.3614510
Validation loss decreased (0.577954 --> 0.513654).  Saving model ...
Updating learning rate to 0.0003125
	iters: 100, epoch: 6 | loss: 0.1898587
	speed: 0.0236s/iter; left time: 1502.0575s
	iters: 200, epoch: 6 | loss: 0.2296448
	speed: 0.0032s/iter; left time: 206.1329s
	iters: 300, epoch: 6 | loss: 0.1958034
	speed: 0.0032s/iter; left time: 201.4522s
	iters: 400, epoch: 6 | loss: 0.3229845
	speed: 0.0032s/iter; left time: 205.4528s
	iters: 500, epoch: 6 | loss: 0.4828791
	speed: 0.0032s/iter; left time: 201.9613s
	iters: 600, epoch: 6 | loss: 0.3116808
	speed: 0.0035s/iter; left time: 221.4390s
	iters: 700, epoch: 6 | loss: 0.2268751
	speed: 0.0039s/iter; left time: 244.8705s
	iters: 800, epoch: 6 | loss: 0.3137538
	speed: 0.0039s/iter; left time: 246.5186s
	iters: 900, epoch: 6 | loss: 0.2417637
	speed: 0.0036s/iter; left time: 225.2607s
	iters: 1000, epoch: 6 | loss: 0.3867461
	speed: 0.0035s/iter; left time: 222.3514s
	iters: 1100, epoch: 6 | loss: 0.5027196
	speed: 0.0035s/iter; left time: 222.1340s
	iters: 1200, epoch: 6 | loss: 0.2430606
	speed: 0.0033s/iter; left time: 207.2428s
	iters: 1300, epoch: 6 | loss: 0.3162810
	speed: 0.0033s/iter; left time: 206.9536s
	iters: 1400, epoch: 6 | loss: 0.4984100
	speed: 0.0037s/iter; left time: 232.9261s
	iters: 1500, epoch: 6 | loss: 0.4253338
	speed: 0.0033s/iter; left time: 203.7571s
	iters: 1600, epoch: 6 | loss: 0.2436921
	speed: 0.0040s/iter; left time: 251.3329s
	iters: 1700, epoch: 6 | loss: 0.2882802
	speed: 0.0039s/iter; left time: 243.6408s
	iters: 1800, epoch: 6 | loss: 0.5198417
	speed: 0.0037s/iter; left time: 230.6811s
	iters: 1900, epoch: 6 | loss: 0.2763519
	speed: 0.0040s/iter; left time: 248.4733s
	iters: 2000, epoch: 6 | loss: 0.2805829
	speed: 0.0040s/iter; left time: 246.6254s
	iters: 2100, epoch: 6 | loss: 0.2584647
	speed: 0.0040s/iter; left time: 244.4124s
	iters: 2200, epoch: 6 | loss: 0.2932948
	speed: 0.0039s/iter; left time: 237.3301s
	iters: 2300, epoch: 6 | loss: 0.3766447
	speed: 0.0041s/iter; left time: 249.7343s
	iters: 2400, epoch: 6 | loss: 0.3275833
	speed: 0.0040s/iter; left time: 246.5378s
	iters: 2500, epoch: 6 | loss: 0.3356713
	speed: 0.0041s/iter; left time: 250.0463s
	iters: 2600, epoch: 6 | loss: 0.3722588
	speed: 0.0038s/iter; left time: 235.6622s
	iters: 2700, epoch: 6 | loss: 0.5950938
	speed: 0.0038s/iter; left time: 229.3361s
	iters: 2800, epoch: 6 | loss: 0.6456628
	speed: 0.0040s/iter; left time: 245.2638s
	iters: 2900, epoch: 6 | loss: 0.2590917
	speed: 0.0041s/iter; left time: 248.6364s
	iters: 3000, epoch: 6 | loss: 0.3033203
	speed: 0.0038s/iter; left time: 233.5133s
	iters: 3100, epoch: 6 | loss: 0.2137726
	speed: 0.0034s/iter; left time: 208.2733s
	iters: 3200, epoch: 6 | loss: 0.2556607
	speed: 0.0031s/iter; left time: 188.6454s
	iters: 3300, epoch: 6 | loss: 0.3217600
	speed: 0.0033s/iter; left time: 198.4766s
	iters: 3400, epoch: 6 | loss: 0.3191393
	speed: 0.0034s/iter; left time: 204.1885s
	iters: 3500, epoch: 6 | loss: 0.2412001
	speed: 0.0036s/iter; left time: 218.5878s
	iters: 3600, epoch: 6 | loss: 0.2239079
	speed: 0.0036s/iter; left time: 216.1580s
	iters: 3700, epoch: 6 | loss: 0.3117698
	speed: 0.0036s/iter; left time: 215.7989s
	iters: 3800, epoch: 6 | loss: 0.3418762
	speed: 0.0036s/iter; left time: 217.9741s
	iters: 3900, epoch: 6 | loss: 0.2188378
	speed: 0.0033s/iter; left time: 197.1472s
	iters: 4000, epoch: 6 | loss: 0.2950506
	speed: 0.0032s/iter; left time: 190.1982s
	iters: 4100, epoch: 6 | loss: 0.3083955
	speed: 0.0033s/iter; left time: 194.8238s
	iters: 4200, epoch: 6 | loss: 0.2762184
	speed: 0.0035s/iter; left time: 210.4265s
Epoch: 6 cost time: 15.312339067459106
Epoch: 6, Steps: 4254 | Train Loss: 0.3012215 Vali Loss: 0.4965903 Test Loss: 0.3456315
Validation loss decreased (0.513654 --> 0.496590).  Saving model ...
Updating learning rate to 0.00015625
	iters: 100, epoch: 7 | loss: 0.2959393
	speed: 0.0288s/iter; left time: 1713.3155s
	iters: 200, epoch: 7 | loss: 0.2919625
	speed: 0.0035s/iter; left time: 210.1233s
	iters: 300, epoch: 7 | loss: 0.3541715
	speed: 0.0036s/iter; left time: 212.8285s
	iters: 400, epoch: 7 | loss: 0.3887406
	speed: 0.0030s/iter; left time: 178.0684s
	iters: 500, epoch: 7 | loss: 0.2373358
	speed: 0.0029s/iter; left time: 171.8840s
	iters: 600, epoch: 7 | loss: 0.3448680
	speed: 0.0035s/iter; left time: 208.2850s
	iters: 700, epoch: 7 | loss: 0.3650867
	speed: 0.0036s/iter; left time: 214.2383s
	iters: 800, epoch: 7 | loss: 0.2912098
	speed: 0.0036s/iter; left time: 212.1117s
	iters: 900, epoch: 7 | loss: 0.3132940
	speed: 0.0035s/iter; left time: 206.6151s
	iters: 1000, epoch: 7 | loss: 0.4001969
	speed: 0.0038s/iter; left time: 220.7626s
	iters: 1100, epoch: 7 | loss: 0.4137681
	speed: 0.0040s/iter; left time: 233.2421s
	iters: 1200, epoch: 7 | loss: 0.2972721
	speed: 0.0041s/iter; left time: 237.7195s
	iters: 1300, epoch: 7 | loss: 0.3057532
	speed: 0.0040s/iter; left time: 232.4848s
	iters: 1400, epoch: 7 | loss: 0.3768114
	speed: 0.0041s/iter; left time: 240.3269s
	iters: 1500, epoch: 7 | loss: 0.2299721
	speed: 0.0037s/iter; left time: 214.8106s
	iters: 1600, epoch: 7 | loss: 0.4491876
	speed: 0.0034s/iter; left time: 196.4757s
	iters: 1700, epoch: 7 | loss: 0.5045552
	speed: 0.0034s/iter; left time: 198.0965s
	iters: 1800, epoch: 7 | loss: 0.2767376
	speed: 0.0039s/iter; left time: 222.8760s
	iters: 1900, epoch: 7 | loss: 0.3908113
	speed: 0.0039s/iter; left time: 223.1320s
	iters: 2000, epoch: 7 | loss: 0.3637491
	speed: 0.0037s/iter; left time: 210.8303s
	iters: 2100, epoch: 7 | loss: 0.3099860
	speed: 0.0036s/iter; left time: 206.8439s
	iters: 2200, epoch: 7 | loss: 0.2732772
	speed: 0.0037s/iter; left time: 210.0438s
	iters: 2300, epoch: 7 | loss: 0.3590929
	speed: 0.0036s/iter; left time: 205.5526s
	iters: 2400, epoch: 7 | loss: 0.2525918
	speed: 0.0036s/iter; left time: 204.5394s
	iters: 2500, epoch: 7 | loss: 0.2517801
	speed: 0.0034s/iter; left time: 196.3939s
	iters: 2600, epoch: 7 | loss: 0.3134869
	speed: 0.0035s/iter; left time: 201.0584s
	iters: 2700, epoch: 7 | loss: 0.2972480
	speed: 0.0035s/iter; left time: 201.8420s
	iters: 2800, epoch: 7 | loss: 0.3096440
	speed: 0.0036s/iter; left time: 202.3035s
	iters: 2900, epoch: 7 | loss: 0.3853573
	speed: 0.0033s/iter; left time: 184.7021s
	iters: 3000, epoch: 7 | loss: 0.4134527
	speed: 0.0033s/iter; left time: 188.3344s
	iters: 3100, epoch: 7 | loss: 0.2675865
	speed: 0.0033s/iter; left time: 184.7337s
	iters: 3200, epoch: 7 | loss: 0.2322745
	speed: 0.0035s/iter; left time: 196.1565s
	iters: 3300, epoch: 7 | loss: 0.3317551
	speed: 0.0037s/iter; left time: 209.8395s
	iters: 3400, epoch: 7 | loss: 0.2975766
	speed: 0.0033s/iter; left time: 185.4837s
	iters: 3500, epoch: 7 | loss: 0.2886028
	speed: 0.0038s/iter; left time: 210.7732s
	iters: 3600, epoch: 7 | loss: 0.3268276
	speed: 0.0040s/iter; left time: 224.9799s
	iters: 3700, epoch: 7 | loss: 0.2832452
	speed: 0.0036s/iter; left time: 201.2326s
	iters: 3800, epoch: 7 | loss: 0.2358931
	speed: 0.0037s/iter; left time: 204.0682s
	iters: 3900, epoch: 7 | loss: 0.4384702
	speed: 0.0035s/iter; left time: 197.1289s
	iters: 4000, epoch: 7 | loss: 0.2613253
	speed: 0.0034s/iter; left time: 191.1165s
	iters: 4100, epoch: 7 | loss: 0.2131337
	speed: 0.0037s/iter; left time: 205.1907s
	iters: 4200, epoch: 7 | loss: 0.3683763
	speed: 0.0036s/iter; left time: 198.3083s
Epoch: 7 cost time: 15.246037721633911
Epoch: 7, Steps: 4254 | Train Loss: 0.2961030 Vali Loss: 0.4929149 Test Loss: 0.3416077
Validation loss decreased (0.496590 --> 0.492915).  Saving model ...
Updating learning rate to 7.8125e-05
	iters: 100, epoch: 8 | loss: 0.1961666
	speed: 0.0314s/iter; left time: 1731.5848s
	iters: 200, epoch: 8 | loss: 0.3183869
	speed: 0.0033s/iter; left time: 181.2882s
	iters: 300, epoch: 8 | loss: 0.3836601
	speed: 0.0032s/iter; left time: 177.1099s
	iters: 400, epoch: 8 | loss: 0.3720913
	speed: 0.0034s/iter; left time: 189.0540s
	iters: 500, epoch: 8 | loss: 0.2191738
	speed: 0.0035s/iter; left time: 191.2928s
	iters: 600, epoch: 8 | loss: 0.2006481
	speed: 0.0036s/iter; left time: 198.5718s
	iters: 700, epoch: 8 | loss: 0.2566250
	speed: 0.0037s/iter; left time: 200.5031s
	iters: 800, epoch: 8 | loss: 0.3541573
	speed: 0.0036s/iter; left time: 194.5760s
	iters: 900, epoch: 8 | loss: 0.2738725
	speed: 0.0037s/iter; left time: 200.9325s
	iters: 1000, epoch: 8 | loss: 0.1962439
	speed: 0.0035s/iter; left time: 191.1431s
	iters: 1100, epoch: 8 | loss: 0.3384711
	speed: 0.0035s/iter; left time: 189.1969s
	iters: 1200, epoch: 8 | loss: 0.3736554
	speed: 0.0037s/iter; left time: 202.5216s
	iters: 1300, epoch: 8 | loss: 0.2871849
	speed: 0.0038s/iter; left time: 203.6246s
	iters: 1400, epoch: 8 | loss: 0.3067459
	speed: 0.0031s/iter; left time: 167.6394s
	iters: 1500, epoch: 8 | loss: 0.2373566
	speed: 0.0034s/iter; left time: 184.1495s
	iters: 1600, epoch: 8 | loss: 0.2286800
	speed: 0.0034s/iter; left time: 184.7664s
	iters: 1700, epoch: 8 | loss: 0.2932126
	speed: 0.0037s/iter; left time: 196.8400s
	iters: 1800, epoch: 8 | loss: 0.3909368
	speed: 0.0038s/iter; left time: 202.4133s
	iters: 1900, epoch: 8 | loss: 0.2472974
	speed: 0.0037s/iter; left time: 195.4549s
	iters: 2000, epoch: 8 | loss: 0.3210413
	speed: 0.0031s/iter; left time: 167.3969s
	iters: 2100, epoch: 8 | loss: 0.3698303
	speed: 0.0033s/iter; left time: 174.0801s
	iters: 2200, epoch: 8 | loss: 0.2750019
	speed: 0.0031s/iter; left time: 165.6815s
	iters: 2300, epoch: 8 | loss: 0.2767504
	speed: 0.0034s/iter; left time: 178.6199s
	iters: 2400, epoch: 8 | loss: 0.3278443
	speed: 0.0033s/iter; left time: 172.0589s
	iters: 2500, epoch: 8 | loss: 0.2271644
	speed: 0.0029s/iter; left time: 152.0974s
	iters: 2600, epoch: 8 | loss: 0.2816468
	speed: 0.0035s/iter; left time: 186.5682s
	iters: 2700, epoch: 8 | loss: 0.4001141
	speed: 0.0041s/iter; left time: 217.4072s
	iters: 2800, epoch: 8 | loss: 0.2464447
	speed: 0.0039s/iter; left time: 206.8845s
	iters: 2900, epoch: 8 | loss: 0.2233472
	speed: 0.0038s/iter; left time: 199.6543s
	iters: 3000, epoch: 8 | loss: 0.2368060
	speed: 0.0038s/iter; left time: 199.2747s
	iters: 3100, epoch: 8 | loss: 0.3650076
	speed: 0.0040s/iter; left time: 206.7242s
	iters: 3200, epoch: 8 | loss: 0.2465636
	speed: 0.0039s/iter; left time: 205.3083s
	iters: 3300, epoch: 8 | loss: 0.1684289
	speed: 0.0037s/iter; left time: 194.4922s
	iters: 3400, epoch: 8 | loss: 0.3013178
	speed: 0.0038s/iter; left time: 199.8259s
	iters: 3500, epoch: 8 | loss: 0.2050442
	speed: 0.0039s/iter; left time: 202.7044s
	iters: 3600, epoch: 8 | loss: 0.3612450
	speed: 0.0039s/iter; left time: 202.1590s
	iters: 3700, epoch: 8 | loss: 0.2576556
	speed: 0.0038s/iter; left time: 196.7078s
	iters: 3800, epoch: 8 | loss: 0.2699247
	speed: 0.0039s/iter; left time: 200.3697s
	iters: 3900, epoch: 8 | loss: 0.3999917
	speed: 0.0038s/iter; left time: 196.3804s
	iters: 4000, epoch: 8 | loss: 0.4661394
	speed: 0.0038s/iter; left time: 193.5793s
	iters: 4100, epoch: 8 | loss: 0.2951418
	speed: 0.0038s/iter; left time: 196.6196s
	iters: 4200, epoch: 8 | loss: 0.4110017
	speed: 0.0038s/iter; left time: 193.8179s
Epoch: 8 cost time: 15.379724025726318
Epoch: 8, Steps: 4254 | Train Loss: 0.2934202 Vali Loss: 0.4984633 Test Loss: 0.3301730
EarlyStopping counter: 1 out of 5
Updating learning rate to 3.90625e-05
	iters: 100, epoch: 9 | loss: 0.2110617
	speed: 0.0267s/iter; left time: 1360.1146s
	iters: 200, epoch: 9 | loss: 0.1926288
	speed: 0.0032s/iter; left time: 164.4291s
	iters: 300, epoch: 9 | loss: 0.4496898
	speed: 0.0038s/iter; left time: 193.3535s
	iters: 400, epoch: 9 | loss: 0.1898257
	speed: 0.0036s/iter; left time: 181.8133s
	iters: 500, epoch: 9 | loss: 0.2737961
	speed: 0.0035s/iter; left time: 177.5296s
	iters: 600, epoch: 9 | loss: 0.3599564
	speed: 0.0036s/iter; left time: 179.6314s
	iters: 700, epoch: 9 | loss: 0.2628531
	speed: 0.0031s/iter; left time: 154.0669s
	iters: 800, epoch: 9 | loss: 0.2678286
	speed: 0.0038s/iter; left time: 189.5440s
	iters: 900, epoch: 9 | loss: 0.2968768
	speed: 0.0036s/iter; left time: 182.5687s
	iters: 1000, epoch: 9 | loss: 0.4897933
	speed: 0.0039s/iter; left time: 194.6912s
	iters: 1100, epoch: 9 | loss: 0.4249952
	speed: 0.0039s/iter; left time: 192.4625s
	iters: 1200, epoch: 9 | loss: 0.2746443
	speed: 0.0039s/iter; left time: 191.9211s
	iters: 1300, epoch: 9 | loss: 0.2345421
	speed: 0.0037s/iter; left time: 184.6918s
	iters: 1400, epoch: 9 | loss: 0.4296472
	speed: 0.0036s/iter; left time: 177.2451s
	iters: 1500, epoch: 9 | loss: 0.3160869
	speed: 0.0038s/iter; left time: 187.7889s
	iters: 1600, epoch: 9 | loss: 0.1954710
	speed: 0.0038s/iter; left time: 187.0387s
	iters: 1700, epoch: 9 | loss: 0.4155024
	speed: 0.0037s/iter; left time: 181.6539s
	iters: 1800, epoch: 9 | loss: 0.2678251
	speed: 0.0037s/iter; left time: 181.7290s
	iters: 1900, epoch: 9 | loss: 0.2855665
	speed: 0.0037s/iter; left time: 180.5412s
	iters: 2000, epoch: 9 | loss: 0.2577623
	speed: 0.0035s/iter; left time: 171.0990s
	iters: 2100, epoch: 9 | loss: 0.2443829
	speed: 0.0033s/iter; left time: 163.9781s
	iters: 2200, epoch: 9 | loss: 0.1809408
	speed: 0.0032s/iter; left time: 158.3746s
	iters: 2300, epoch: 9 | loss: 0.4834885
	speed: 0.0035s/iter; left time: 171.1091s
	iters: 2400, epoch: 9 | loss: 0.2393458
	speed: 0.0039s/iter; left time: 190.8108s
	iters: 2500, epoch: 9 | loss: 0.2720611
	speed: 0.0037s/iter; left time: 177.2041s
	iters: 2600, epoch: 9 | loss: 0.3100500
	speed: 0.0039s/iter; left time: 191.3728s
	iters: 2700, epoch: 9 | loss: 0.3117324
	speed: 0.0036s/iter; left time: 174.6346s
	iters: 2800, epoch: 9 | loss: 0.2305137
	speed: 0.0029s/iter; left time: 137.5350s
	iters: 2900, epoch: 9 | loss: 0.3031103
	speed: 0.0035s/iter; left time: 169.4847s
	iters: 3000, epoch: 9 | loss: 0.3436862
	speed: 0.0035s/iter; left time: 168.2795s
	iters: 3100, epoch: 9 | loss: 0.2969779
	speed: 0.0033s/iter; left time: 159.1915s
	iters: 3200, epoch: 9 | loss: 0.2970926
	speed: 0.0035s/iter; left time: 168.3591s
	iters: 3300, epoch: 9 | loss: 0.4462279
	speed: 0.0035s/iter; left time: 167.6936s
	iters: 3400, epoch: 9 | loss: 0.2052958
	speed: 0.0034s/iter; left time: 163.9116s
	iters: 3500, epoch: 9 | loss: 0.2769536
	speed: 0.0035s/iter; left time: 165.4711s
	iters: 3600, epoch: 9 | loss: 0.2461555
	speed: 0.0036s/iter; left time: 169.1015s
	iters: 3700, epoch: 9 | loss: 0.2069228
	speed: 0.0035s/iter; left time: 164.7741s
	iters: 3800, epoch: 9 | loss: 0.3100866
	speed: 0.0036s/iter; left time: 171.0424s
	iters: 3900, epoch: 9 | loss: 0.2950505
	speed: 0.0035s/iter; left time: 167.0151s
	iters: 4000, epoch: 9 | loss: 0.4735762
	speed: 0.0039s/iter; left time: 183.8939s
	iters: 4100, epoch: 9 | loss: 0.3512712
	speed: 0.0039s/iter; left time: 183.2063s
	iters: 4200, epoch: 9 | loss: 0.2128503
	speed: 0.0039s/iter; left time: 182.7118s
Epoch: 9 cost time: 15.28059697151184
Epoch: 9, Steps: 4254 | Train Loss: 0.2919297 Vali Loss: 0.4960875 Test Loss: 0.3311241
EarlyStopping counter: 2 out of 5
Updating learning rate to 1.953125e-05
	iters: 100, epoch: 10 | loss: 0.2126540
	speed: 0.0292s/iter; left time: 1362.8085s
	iters: 200, epoch: 10 | loss: 0.3463114
	speed: 0.0035s/iter; left time: 164.5074s
	iters: 300, epoch: 10 | loss: 0.2752665
	speed: 0.0036s/iter; left time: 165.1786s
	iters: 400, epoch: 10 | loss: 0.4908977
	speed: 0.0036s/iter; left time: 167.0232s
	iters: 500, epoch: 10 | loss: 0.2496850
	speed: 0.0032s/iter; left time: 148.6058s
	iters: 600, epoch: 10 | loss: 0.3039794
	speed: 0.0031s/iter; left time: 143.3181s
	iters: 700, epoch: 10 | loss: 0.2271149
	speed: 0.0033s/iter; left time: 153.0354s
	iters: 800, epoch: 10 | loss: 0.2200865
	speed: 0.0032s/iter; left time: 145.8040s
	iters: 900, epoch: 10 | loss: 0.3035460
	speed: 0.0031s/iter; left time: 142.3730s
	iters: 1000, epoch: 10 | loss: 0.2618828
	speed: 0.0033s/iter; left time: 151.1492s
	iters: 1100, epoch: 10 | loss: 0.1859396
	speed: 0.0032s/iter; left time: 144.3236s
	iters: 1200, epoch: 10 | loss: 0.3826429
	speed: 0.0037s/iter; left time: 166.5146s
	iters: 1300, epoch: 10 | loss: 0.2762482
	speed: 0.0032s/iter; left time: 143.3699s
	iters: 1400, epoch: 10 | loss: 0.4263320
	speed: 0.0036s/iter; left time: 161.6347s
	iters: 1500, epoch: 10 | loss: 0.1940880
	speed: 0.0035s/iter; left time: 156.4113s
	iters: 1600, epoch: 10 | loss: 0.4251591
	speed: 0.0031s/iter; left time: 141.9120s
	iters: 1700, epoch: 10 | loss: 0.3423793
	speed: 0.0035s/iter; left time: 156.0287s
	iters: 1800, epoch: 10 | loss: 0.1940851
	speed: 0.0040s/iter; left time: 180.9980s
	iters: 1900, epoch: 10 | loss: 0.2143180
	speed: 0.0035s/iter; left time: 158.4794s
	iters: 2000, epoch: 10 | loss: 0.2093960
	speed: 0.0037s/iter; left time: 165.8083s
	iters: 2100, epoch: 10 | loss: 0.3483747
	speed: 0.0036s/iter; left time: 159.6527s
	iters: 2200, epoch: 10 | loss: 0.1790481
	speed: 0.0035s/iter; left time: 157.4446s
	iters: 2300, epoch: 10 | loss: 0.2478357
	speed: 0.0025s/iter; left time: 112.5713s
	iters: 2400, epoch: 10 | loss: 0.2550516
	speed: 0.0025s/iter; left time: 111.1428s
	iters: 2500, epoch: 10 | loss: 0.2653167
	speed: 0.0028s/iter; left time: 122.2541s
	iters: 2600, epoch: 10 | loss: 0.3548973
	speed: 0.0029s/iter; left time: 129.4457s
	iters: 2700, epoch: 10 | loss: 0.1948454
	speed: 0.0033s/iter; left time: 145.9559s
	iters: 2800, epoch: 10 | loss: 0.2654081
	speed: 0.0036s/iter; left time: 159.8002s
	iters: 2900, epoch: 10 | loss: 0.3634050
	speed: 0.0038s/iter; left time: 168.1163s
	iters: 3000, epoch: 10 | loss: 0.3387620
	speed: 0.0039s/iter; left time: 171.4435s
	iters: 3100, epoch: 10 | loss: 0.3014784
	speed: 0.0039s/iter; left time: 169.0992s
	iters: 3200, epoch: 10 | loss: 0.2308563
	speed: 0.0039s/iter; left time: 169.1487s
	iters: 3300, epoch: 10 | loss: 0.2079191
	speed: 0.0039s/iter; left time: 169.7961s
	iters: 3400, epoch: 10 | loss: 0.4239809
	speed: 0.0038s/iter; left time: 163.6255s
	iters: 3500, epoch: 10 | loss: 0.3412311
	speed: 0.0036s/iter; left time: 155.5286s
	iters: 3600, epoch: 10 | loss: 0.2638772
	speed: 0.0038s/iter; left time: 162.8456s
	iters: 3700, epoch: 10 | loss: 0.2464917
	speed: 0.0036s/iter; left time: 156.0031s
	iters: 3800, epoch: 10 | loss: 0.2553394
	speed: 0.0034s/iter; left time: 146.6740s
	iters: 3900, epoch: 10 | loss: 0.2649223
	speed: 0.0035s/iter; left time: 149.2754s
	iters: 4000, epoch: 10 | loss: 0.2106389
	speed: 0.0036s/iter; left time: 155.3693s
	iters: 4100, epoch: 10 | loss: 0.2672426
	speed: 0.0037s/iter; left time: 156.8602s
	iters: 4200, epoch: 10 | loss: 0.2354195
	speed: 0.0039s/iter; left time: 164.8438s
Epoch: 10 cost time: 14.715273380279541
Epoch: 10, Steps: 4254 | Train Loss: 0.2912648 Vali Loss: 0.4953889 Test Loss: 0.3302409
EarlyStopping counter: 3 out of 5
Updating learning rate to 9.765625e-06
	iters: 100, epoch: 11 | loss: 0.3016021
	speed: 0.0311s/iter; left time: 1321.9792s
	iters: 200, epoch: 11 | loss: 0.3598550
	speed: 0.0034s/iter; left time: 142.3473s
	iters: 300, epoch: 11 | loss: 0.1638097
	speed: 0.0030s/iter; left time: 125.4771s
	iters: 400, epoch: 11 | loss: 0.4197256
	speed: 0.0027s/iter; left time: 114.6234s
	iters: 500, epoch: 11 | loss: 0.2738253
	speed: 0.0034s/iter; left time: 142.5402s
	iters: 600, epoch: 11 | loss: 0.4426195
	speed: 0.0036s/iter; left time: 152.3271s
	iters: 700, epoch: 11 | loss: 0.2076658
	speed: 0.0036s/iter; left time: 149.8334s
	iters: 800, epoch: 11 | loss: 0.2284482
	speed: 0.0033s/iter; left time: 137.3281s
	iters: 900, epoch: 11 | loss: 0.1927257
	speed: 0.0033s/iter; left time: 137.5442s
	iters: 1000, epoch: 11 | loss: 0.1744991
	speed: 0.0029s/iter; left time: 122.1312s
	iters: 1100, epoch: 11 | loss: 0.2732882
	speed: 0.0034s/iter; left time: 140.0684s
	iters: 1200, epoch: 11 | loss: 0.2956082
	speed: 0.0033s/iter; left time: 136.9480s
	iters: 1300, epoch: 11 | loss: 0.3039371
	speed: 0.0030s/iter; left time: 122.4864s
	iters: 1400, epoch: 11 | loss: 0.2210268
	speed: 0.0031s/iter; left time: 127.1250s
	iters: 1500, epoch: 11 | loss: 0.2371493
	speed: 0.0034s/iter; left time: 141.2734s
	iters: 1600, epoch: 11 | loss: 0.3183703
	speed: 0.0037s/iter; left time: 150.2771s
	iters: 1700, epoch: 11 | loss: 0.3769822
	speed: 0.0038s/iter; left time: 156.4200s
	iters: 1800, epoch: 11 | loss: 0.2748250
	speed: 0.0039s/iter; left time: 156.9838s
	iters: 1900, epoch: 11 | loss: 0.3938254
	speed: 0.0039s/iter; left time: 158.5254s
	iters: 2000, epoch: 11 | loss: 0.2957393
	speed: 0.0037s/iter; left time: 149.3250s
	iters: 2100, epoch: 11 | loss: 0.2770202
	speed: 0.0036s/iter; left time: 144.3736s
	iters: 2200, epoch: 11 | loss: 0.2580847
	speed: 0.0035s/iter; left time: 142.3538s
	iters: 2300, epoch: 11 | loss: 0.3618296
	speed: 0.0036s/iter; left time: 144.9934s
	iters: 2400, epoch: 11 | loss: 0.4206617
	speed: 0.0037s/iter; left time: 147.7200s
	iters: 2500, epoch: 11 | loss: 0.2899795
	speed: 0.0039s/iter; left time: 156.5614s
	iters: 2600, epoch: 11 | loss: 0.2693780
	speed: 0.0038s/iter; left time: 150.3374s
	iters: 2700, epoch: 11 | loss: 0.2184215
	speed: 0.0036s/iter; left time: 144.6476s
	iters: 2800, epoch: 11 | loss: 0.2548067
	speed: 0.0038s/iter; left time: 150.3545s
	iters: 2900, epoch: 11 | loss: 0.2542964
	speed: 0.0039s/iter; left time: 153.0141s
	iters: 3000, epoch: 11 | loss: 0.1854595
	speed: 0.0038s/iter; left time: 150.2750s
	iters: 3100, epoch: 11 | loss: 0.2647707
	speed: 0.0031s/iter; left time: 123.9331s
	iters: 3200, epoch: 11 | loss: 0.3664078
	speed: 0.0034s/iter; left time: 132.9719s
	iters: 3300, epoch: 11 | loss: 0.2996947
	speed: 0.0032s/iter; left time: 127.1160s
	iters: 3400, epoch: 11 | loss: 0.2380445
	speed: 0.0035s/iter; left time: 137.1053s
	iters: 3500, epoch: 11 | loss: 0.3810214
	speed: 0.0031s/iter; left time: 121.8081s
	iters: 3600, epoch: 11 | loss: 0.2600428
	speed: 0.0033s/iter; left time: 129.2844s
	iters: 3700, epoch: 11 | loss: 0.2434990
	speed: 0.0036s/iter; left time: 139.9772s
	iters: 3800, epoch: 11 | loss: 0.3490916
	speed: 0.0036s/iter; left time: 139.4822s
	iters: 3900, epoch: 11 | loss: 0.2360714
	speed: 0.0033s/iter; left time: 129.0637s
	iters: 4000, epoch: 11 | loss: 0.3691683
	speed: 0.0038s/iter; left time: 145.3993s
	iters: 4100, epoch: 11 | loss: 0.2736337
	speed: 0.0038s/iter; left time: 144.1546s
	iters: 4200, epoch: 11 | loss: 0.3051408
	speed: 0.0035s/iter; left time: 134.5989s
Epoch: 11 cost time: 14.842620849609375
Epoch: 11, Steps: 4254 | Train Loss: 0.2908767 Vali Loss: 0.4960277 Test Loss: 0.3295673
EarlyStopping counter: 4 out of 5
Updating learning rate to 4.8828125e-06
	iters: 100, epoch: 12 | loss: 0.2785554
	speed: 0.0326s/iter; left time: 1245.7169s
	iters: 200, epoch: 12 | loss: 0.2459175
	speed: 0.0037s/iter; left time: 141.3019s
	iters: 300, epoch: 12 | loss: 0.3491010
	speed: 0.0038s/iter; left time: 143.5910s
	iters: 400, epoch: 12 | loss: 0.2171499
	speed: 0.0038s/iter; left time: 144.1074s
	iters: 500, epoch: 12 | loss: 0.2417889
	speed: 0.0040s/iter; left time: 150.7702s
	iters: 600, epoch: 12 | loss: 0.1652145
	speed: 0.0041s/iter; left time: 152.7539s
	iters: 700, epoch: 12 | loss: 0.1895381
	speed: 0.0038s/iter; left time: 143.9817s
	iters: 800, epoch: 12 | loss: 0.2270347
	speed: 0.0038s/iter; left time: 142.4511s
	iters: 900, epoch: 12 | loss: 0.1810581
	speed: 0.0038s/iter; left time: 142.1686s
	iters: 1000, epoch: 12 | loss: 0.2951211
	speed: 0.0038s/iter; left time: 141.0540s
	iters: 1100, epoch: 12 | loss: 0.3467726
	speed: 0.0040s/iter; left time: 148.6767s
	iters: 1200, epoch: 12 | loss: 0.3431416
	speed: 0.0038s/iter; left time: 141.3007s
	iters: 1300, epoch: 12 | loss: 0.3341836
	speed: 0.0037s/iter; left time: 138.3326s
	iters: 1400, epoch: 12 | loss: 0.3381624
	speed: 0.0040s/iter; left time: 145.8361s
	iters: 1500, epoch: 12 | loss: 0.3355798
	speed: 0.0042s/iter; left time: 153.7698s
	iters: 1600, epoch: 12 | loss: 0.2544262
	speed: 0.0041s/iter; left time: 150.1448s
	iters: 1700, epoch: 12 | loss: 0.3351760
	speed: 0.0041s/iter; left time: 150.7602s
	iters: 1800, epoch: 12 | loss: 0.5643170
	speed: 0.0041s/iter; left time: 148.5021s
	iters: 1900, epoch: 12 | loss: 0.3344536
	speed: 0.0041s/iter; left time: 148.1872s
	iters: 2000, epoch: 12 | loss: 0.2452049
	speed: 0.0040s/iter; left time: 145.5098s
	iters: 2100, epoch: 12 | loss: 0.2054453
	speed: 0.0038s/iter; left time: 138.3996s
	iters: 2200, epoch: 12 | loss: 0.2629141
	speed: 0.0042s/iter; left time: 150.8433s
	iters: 2300, epoch: 12 | loss: 0.2034371
	speed: 0.0040s/iter; left time: 143.8977s
	iters: 2400, epoch: 12 | loss: 0.3270067
	speed: 0.0040s/iter; left time: 142.1750s
	iters: 2500, epoch: 12 | loss: 0.2235845
	speed: 0.0041s/iter; left time: 147.8009s
	iters: 2600, epoch: 12 | loss: 0.2798820
	speed: 0.0041s/iter; left time: 147.8188s
	iters: 2700, epoch: 12 | loss: 0.3282512
	speed: 0.0041s/iter; left time: 145.1959s
	iters: 2800, epoch: 12 | loss: 0.2684238
	speed: 0.0041s/iter; left time: 145.8726s
	iters: 2900, epoch: 12 | loss: 0.2704138
	speed: 0.0036s/iter; left time: 128.5349s
	iters: 3000, epoch: 12 | loss: 0.5188793
	speed: 0.0036s/iter; left time: 126.3279s
	iters: 3100, epoch: 12 | loss: 0.3385867
	speed: 0.0036s/iter; left time: 126.4491s
	iters: 3200, epoch: 12 | loss: 0.2190542
	speed: 0.0038s/iter; left time: 134.3833s
	iters: 3300, epoch: 12 | loss: 0.4397583
	speed: 0.0039s/iter; left time: 136.1003s
	iters: 3400, epoch: 12 | loss: 0.2174808
	speed: 0.0030s/iter; left time: 104.0720s
	iters: 3500, epoch: 12 | loss: 0.2514878
	speed: 0.0033s/iter; left time: 114.1222s
	iters: 3600, epoch: 12 | loss: 0.4869081
	speed: 0.0038s/iter; left time: 132.4592s
	iters: 3700, epoch: 12 | loss: 0.3528425
	speed: 0.0038s/iter; left time: 131.1447s
	iters: 3800, epoch: 12 | loss: 0.3199967
	speed: 0.0038s/iter; left time: 132.4296s
	iters: 3900, epoch: 12 | loss: 0.3489314
	speed: 0.0037s/iter; left time: 127.5937s
	iters: 4000, epoch: 12 | loss: 0.3668428
	speed: 0.0035s/iter; left time: 119.7289s
	iters: 4100, epoch: 12 | loss: 0.2157043
	speed: 0.0028s/iter; left time: 94.6986s
	iters: 4200, epoch: 12 | loss: 0.2838663
	speed: 0.0029s/iter; left time: 97.8297s
Epoch: 12 cost time: 16.17858648300171
Epoch: 12, Steps: 4254 | Train Loss: 0.2906611 Vali Loss: 0.4925552 Test Loss: 0.3297358
Validation loss decreased (0.492915 --> 0.492555).  Saving model ...
Updating learning rate to 2.44140625e-06
	iters: 100, epoch: 13 | loss: 0.3062260
	speed: 0.0265s/iter; left time: 900.5246s
	iters: 200, epoch: 13 | loss: 0.1959546
	speed: 0.0038s/iter; left time: 129.6006s
	iters: 300, epoch: 13 | loss: 0.2105171
	speed: 0.0032s/iter; left time: 107.0003s
	iters: 400, epoch: 13 | loss: 0.2285684
	speed: 0.0040s/iter; left time: 133.5234s
	iters: 500, epoch: 13 | loss: 0.2674037
	speed: 0.0040s/iter; left time: 135.4728s
	iters: 600, epoch: 13 | loss: 0.2170933
	speed: 0.0034s/iter; left time: 115.1454s
	iters: 700, epoch: 13 | loss: 0.4826702
	speed: 0.0033s/iter; left time: 108.6657s
	iters: 800, epoch: 13 | loss: 0.6076529
	speed: 0.0038s/iter; left time: 125.3549s
	iters: 900, epoch: 13 | loss: 0.3553975
	speed: 0.0036s/iter; left time: 120.6045s
	iters: 1000, epoch: 13 | loss: 0.2873355
	speed: 0.0036s/iter; left time: 118.5344s
	iters: 1100, epoch: 13 | loss: 0.3078247
	speed: 0.0036s/iter; left time: 117.3130s
	iters: 1200, epoch: 13 | loss: 0.3278767
	speed: 0.0039s/iter; left time: 127.7207s
	iters: 1300, epoch: 13 | loss: 0.3691819
	speed: 0.0038s/iter; left time: 123.4222s
	iters: 1400, epoch: 13 | loss: 0.2172569
	speed: 0.0036s/iter; left time: 115.9042s
	iters: 1500, epoch: 13 | loss: 0.2836937
	speed: 0.0038s/iter; left time: 124.2750s
	iters: 1600, epoch: 13 | loss: 0.2624708
	speed: 0.0038s/iter; left time: 123.5952s
	iters: 1700, epoch: 13 | loss: 0.2446526
	speed: 0.0038s/iter; left time: 121.8961s
	iters: 1800, epoch: 13 | loss: 0.3154247
	speed: 0.0037s/iter; left time: 117.9728s
	iters: 1900, epoch: 13 | loss: 0.2240640
	speed: 0.0039s/iter; left time: 123.7782s
	iters: 2000, epoch: 13 | loss: 0.2719440
	speed: 0.0037s/iter; left time: 118.2018s
	iters: 2100, epoch: 13 | loss: 0.2157410
	speed: 0.0032s/iter; left time: 102.5235s
	iters: 2200, epoch: 13 | loss: 0.2419037
	speed: 0.0033s/iter; left time: 103.8617s
	iters: 2300, epoch: 13 | loss: 0.2563640
	speed: 0.0035s/iter; left time: 110.4308s
	iters: 2400, epoch: 13 | loss: 0.2983441
	speed: 0.0035s/iter; left time: 111.0319s
	iters: 2500, epoch: 13 | loss: 0.4963685
	speed: 0.0038s/iter; left time: 118.6477s
	iters: 2600, epoch: 13 | loss: 0.2831485
	speed: 0.0037s/iter; left time: 115.3589s
	iters: 2700, epoch: 13 | loss: 0.3814645
	speed: 0.0036s/iter; left time: 114.0523s
	iters: 2800, epoch: 13 | loss: 0.3854195
	speed: 0.0037s/iter; left time: 116.5156s
	iters: 2900, epoch: 13 | loss: 0.3688885
	speed: 0.0039s/iter; left time: 122.3528s
	iters: 3000, epoch: 13 | loss: 0.2097313
	speed: 0.0033s/iter; left time: 102.4348s
	iters: 3100, epoch: 13 | loss: 0.2528727
	speed: 0.0031s/iter; left time: 95.2748s
	iters: 3200, epoch: 13 | loss: 0.1972460
	speed: 0.0035s/iter; left time: 107.9339s
	iters: 3300, epoch: 13 | loss: 0.2589592
	speed: 0.0034s/iter; left time: 104.8963s
	iters: 3400, epoch: 13 | loss: 0.5132462
	speed: 0.0034s/iter; left time: 103.5398s
	iters: 3500, epoch: 13 | loss: 0.5722522
	speed: 0.0035s/iter; left time: 105.6436s
	iters: 3600, epoch: 13 | loss: 0.3601019
	speed: 0.0034s/iter; left time: 102.3340s
	iters: 3700, epoch: 13 | loss: 0.2386862
	speed: 0.0034s/iter; left time: 101.9194s
	iters: 3800, epoch: 13 | loss: 0.2296726
	speed: 0.0032s/iter; left time: 97.0612s
	iters: 3900, epoch: 13 | loss: 0.1901694
	speed: 0.0033s/iter; left time: 99.2144s
	iters: 4000, epoch: 13 | loss: 0.3315500
	speed: 0.0035s/iter; left time: 106.3317s
	iters: 4100, epoch: 13 | loss: 0.2329936
	speed: 0.0038s/iter; left time: 112.8483s
	iters: 4200, epoch: 13 | loss: 0.2899439
	speed: 0.0037s/iter; left time: 111.6833s
Epoch: 13 cost time: 15.238519668579102
Epoch: 13, Steps: 4254 | Train Loss: 0.2905375 Vali Loss: 0.4943324 Test Loss: 0.3294266
EarlyStopping counter: 1 out of 5
Updating learning rate to 1.220703125e-06
	iters: 100, epoch: 14 | loss: 0.2976717
	speed: 0.0261s/iter; left time: 774.4696s
	iters: 200, epoch: 14 | loss: 0.3653555
	speed: 0.0029s/iter; left time: 84.6536s
	iters: 300, epoch: 14 | loss: 0.4147968
	speed: 0.0030s/iter; left time: 86.9632s
	iters: 400, epoch: 14 | loss: 0.2278945
	speed: 0.0026s/iter; left time: 75.5185s
	iters: 500, epoch: 14 | loss: 0.3564743
	speed: 0.0030s/iter; left time: 88.1295s
	iters: 600, epoch: 14 | loss: 0.2351706
	speed: 0.0030s/iter; left time: 87.0177s
	iters: 700, epoch: 14 | loss: 0.2685704
	speed: 0.0031s/iter; left time: 91.3080s
	iters: 800, epoch: 14 | loss: 0.2770673
	speed: 0.0033s/iter; left time: 94.7751s
	iters: 900, epoch: 14 | loss: 0.3165491
	speed: 0.0033s/iter; left time: 95.3660s
	iters: 1000, epoch: 14 | loss: 0.2590272
	speed: 0.0033s/iter; left time: 95.5465s
	iters: 1100, epoch: 14 | loss: 0.2107484
	speed: 0.0034s/iter; left time: 97.1865s
	iters: 1200, epoch: 14 | loss: 0.2808719
	speed: 0.0035s/iter; left time: 98.9455s
	iters: 1300, epoch: 14 | loss: 0.3535659
	speed: 0.0030s/iter; left time: 86.5759s
	iters: 1400, epoch: 14 | loss: 0.3604078
	speed: 0.0029s/iter; left time: 82.0157s
	iters: 1500, epoch: 14 | loss: 0.2648988
	speed: 0.0032s/iter; left time: 89.1536s
	iters: 1600, epoch: 14 | loss: 0.2405443
	speed: 0.0032s/iter; left time: 91.2998s
	iters: 1700, epoch: 14 | loss: 0.2653324
	speed: 0.0029s/iter; left time: 82.2291s
	iters: 1800, epoch: 14 | loss: 0.2122813
	speed: 0.0030s/iter; left time: 83.7452s
	iters: 1900, epoch: 14 | loss: 0.2735522
	speed: 0.0032s/iter; left time: 87.8189s
	iters: 2000, epoch: 14 | loss: 0.3899101
	speed: 0.0037s/iter; left time: 101.3934s
	iters: 2100, epoch: 14 | loss: 0.3631139
	speed: 0.0037s/iter; left time: 101.7057s
	iters: 2200, epoch: 14 | loss: 0.2631984
	speed: 0.0034s/iter; left time: 94.5960s
	iters: 2300, epoch: 14 | loss: 0.1814307
	speed: 0.0035s/iter; left time: 95.9026s
	iters: 2400, epoch: 14 | loss: 0.2696496
	speed: 0.0034s/iter; left time: 94.2442s
	iters: 2500, epoch: 14 | loss: 0.2946593
	speed: 0.0033s/iter; left time: 89.2171s
	iters: 2600, epoch: 14 | loss: 0.2609727
	speed: 0.0035s/iter; left time: 93.7678s
	iters: 2700, epoch: 14 | loss: 0.2492456
	speed: 0.0035s/iter; left time: 95.6165s
	iters: 2800, epoch: 14 | loss: 0.2857482
	speed: 0.0032s/iter; left time: 86.8726s
	iters: 2900, epoch: 14 | loss: 0.1784181
	speed: 0.0032s/iter; left time: 86.5665s
	iters: 3000, epoch: 14 | loss: 0.4925876
	speed: 0.0033s/iter; left time: 88.1829s
	iters: 3100, epoch: 14 | loss: 0.2329382
	speed: 0.0035s/iter; left time: 92.3093s
	iters: 3200, epoch: 14 | loss: 0.3516573
	speed: 0.0035s/iter; left time: 94.0899s
	iters: 3300, epoch: 14 | loss: 0.2863515
	speed: 0.0036s/iter; left time: 94.0190s
	iters: 3400, epoch: 14 | loss: 0.5089098
	speed: 0.0032s/iter; left time: 85.4679s
	iters: 3500, epoch: 14 | loss: 0.2592712
	speed: 0.0032s/iter; left time: 83.5674s
	iters: 3600, epoch: 14 | loss: 0.2155408
	speed: 0.0031s/iter; left time: 81.7589s
	iters: 3700, epoch: 14 | loss: 0.2729162
	speed: 0.0030s/iter; left time: 77.4692s
	iters: 3800, epoch: 14 | loss: 0.1930954
	speed: 0.0029s/iter; left time: 75.5989s
	iters: 3900, epoch: 14 | loss: 0.2353797
	speed: 0.0029s/iter; left time: 75.3079s
	iters: 4000, epoch: 14 | loss: 0.2159471
	speed: 0.0030s/iter; left time: 78.1649s
	iters: 4100, epoch: 14 | loss: 0.2993377
	speed: 0.0030s/iter; left time: 76.0098s
	iters: 4200, epoch: 14 | loss: 0.2915781
	speed: 0.0030s/iter; left time: 75.4721s
Epoch: 14 cost time: 13.546505689620972
Epoch: 14, Steps: 4254 | Train Loss: 0.2904683 Vali Loss: 0.4939167 Test Loss: 0.3293431
EarlyStopping counter: 2 out of 5
Updating learning rate to 6.103515625e-07
	iters: 100, epoch: 15 | loss: 0.2166739
	speed: 0.0254s/iter; left time: 646.8065s
	iters: 200, epoch: 15 | loss: 0.3022690
	speed: 0.0031s/iter; left time: 79.5206s
	iters: 300, epoch: 15 | loss: 0.2666573
	speed: 0.0032s/iter; left time: 79.5308s
	iters: 400, epoch: 15 | loss: 0.2188699
	speed: 0.0032s/iter; left time: 80.6514s
	iters: 500, epoch: 15 | loss: 0.1695562
	speed: 0.0032s/iter; left time: 80.3302s
	iters: 600, epoch: 15 | loss: 0.3214078
	speed: 0.0033s/iter; left time: 81.0934s
	iters: 700, epoch: 15 | loss: 0.3050258
	speed: 0.0035s/iter; left time: 87.8808s
	iters: 800, epoch: 15 | loss: 0.1619896
	speed: 0.0034s/iter; left time: 84.3123s
	iters: 900, epoch: 15 | loss: 0.2534187
	speed: 0.0032s/iter; left time: 78.0674s
	iters: 1000, epoch: 15 | loss: 0.2501921
	speed: 0.0032s/iter; left time: 78.0055s
	iters: 1100, epoch: 15 | loss: 0.4166856
	speed: 0.0033s/iter; left time: 80.8465s
	iters: 1200, epoch: 15 | loss: 0.2669798
	speed: 0.0030s/iter; left time: 72.7318s
	iters: 1300, epoch: 15 | loss: 0.2907024
	speed: 0.0032s/iter; left time: 78.5344s
	iters: 1400, epoch: 15 | loss: 0.2949525
	speed: 0.0035s/iter; left time: 84.2099s
	iters: 1500, epoch: 15 | loss: 0.2318095
	speed: 0.0036s/iter; left time: 85.8419s
	iters: 1600, epoch: 15 | loss: 0.3490534
	speed: 0.0036s/iter; left time: 86.3694s
	iters: 1700, epoch: 15 | loss: 0.3414979
	speed: 0.0036s/iter; left time: 85.2936s
	iters: 1800, epoch: 15 | loss: 0.2224776
	speed: 0.0036s/iter; left time: 86.2078s
	iters: 1900, epoch: 15 | loss: 0.2353591
	speed: 0.0039s/iter; left time: 92.8468s
	iters: 2000, epoch: 15 | loss: 0.2039098
	speed: 0.0040s/iter; left time: 93.1588s
	iters: 2100, epoch: 15 | loss: 0.3691620
	speed: 0.0039s/iter; left time: 91.4203s
	iters: 2200, epoch: 15 | loss: 0.2141500
	speed: 0.0039s/iter; left time: 91.6674s
	iters: 2300, epoch: 15 | loss: 0.2270897
	speed: 0.0039s/iter; left time: 90.8446s
	iters: 2400, epoch: 15 | loss: 0.3248430
	speed: 0.0039s/iter; left time: 90.8816s
	iters: 2500, epoch: 15 | loss: 0.2514232
	speed: 0.0039s/iter; left time: 90.5009s
	iters: 2600, epoch: 15 | loss: 0.3237326
	speed: 0.0039s/iter; left time: 89.0205s
	iters: 2700, epoch: 15 | loss: 0.3815800
	speed: 0.0039s/iter; left time: 90.1587s
	iters: 2800, epoch: 15 | loss: 0.2571356
	speed: 0.0040s/iter; left time: 90.5060s
	iters: 2900, epoch: 15 | loss: 0.5488795
	speed: 0.0040s/iter; left time: 89.8215s
	iters: 3000, epoch: 15 | loss: 0.2269225
	speed: 0.0040s/iter; left time: 90.3254s
	iters: 3100, epoch: 15 | loss: 0.2827041
	speed: 0.0042s/iter; left time: 93.3402s
	iters: 3200, epoch: 15 | loss: 0.3844647
	speed: 0.0040s/iter; left time: 88.6024s
	iters: 3300, epoch: 15 | loss: 0.2419529
	speed: 0.0040s/iter; left time: 89.8307s
	iters: 3400, epoch: 15 | loss: 0.3475579
	speed: 0.0040s/iter; left time: 88.2791s
	iters: 3500, epoch: 15 | loss: 0.3062708
	speed: 0.0033s/iter; left time: 71.8120s
	iters: 3600, epoch: 15 | loss: 0.2760867
	speed: 0.0035s/iter; left time: 75.7493s
	iters: 3700, epoch: 15 | loss: 0.4265929
	speed: 0.0036s/iter; left time: 77.4790s
	iters: 3800, epoch: 15 | loss: 0.2482677
	speed: 0.0038s/iter; left time: 82.1201s
	iters: 3900, epoch: 15 | loss: 0.2129554
	speed: 0.0033s/iter; left time: 72.2514s
	iters: 4000, epoch: 15 | loss: 0.2174957
	speed: 0.0033s/iter; left time: 71.0328s
	iters: 4100, epoch: 15 | loss: 0.2533991
	speed: 0.0033s/iter; left time: 70.0595s
	iters: 4200, epoch: 15 | loss: 0.4296125
	speed: 0.0034s/iter; left time: 71.6968s
Epoch: 15 cost time: 15.2339026927948
Epoch: 15, Steps: 4254 | Train Loss: 0.2904614 Vali Loss: 0.4940574 Test Loss: 0.3294038
EarlyStopping counter: 3 out of 5
Updating learning rate to 3.0517578125e-07
	iters: 100, epoch: 16 | loss: 0.2316195
	speed: 0.0302s/iter; left time: 638.4378s
	iters: 200, epoch: 16 | loss: 0.2680887
	speed: 0.0033s/iter; left time: 69.1129s
	iters: 300, epoch: 16 | loss: 0.2666748
	speed: 0.0036s/iter; left time: 75.0760s
	iters: 400, epoch: 16 | loss: 0.4246071
	speed: 0.0037s/iter; left time: 77.1645s
	iters: 500, epoch: 16 | loss: 0.2166635
	speed: 0.0037s/iter; left time: 77.2801s
	iters: 600, epoch: 16 | loss: 0.2507882
	speed: 0.0039s/iter; left time: 79.6478s
	iters: 700, epoch: 16 | loss: 0.3177352
	speed: 0.0034s/iter; left time: 69.9413s
	iters: 800, epoch: 16 | loss: 0.3964068
	speed: 0.0034s/iter; left time: 69.8059s
	iters: 900, epoch: 16 | loss: 0.2323603
	speed: 0.0030s/iter; left time: 61.3291s
	iters: 1000, epoch: 16 | loss: 0.3625212
	speed: 0.0034s/iter; left time: 69.3656s
	iters: 1100, epoch: 16 | loss: 0.4025347
	speed: 0.0040s/iter; left time: 80.4822s
	iters: 1200, epoch: 16 | loss: 0.2511372
	speed: 0.0037s/iter; left time: 75.1055s
	iters: 1300, epoch: 16 | loss: 0.2807189
	speed: 0.0031s/iter; left time: 62.5208s
	iters: 1400, epoch: 16 | loss: 0.3569953
	speed: 0.0031s/iter; left time: 62.1961s
	iters: 1500, epoch: 16 | loss: 0.2392113
	speed: 0.0031s/iter; left time: 61.8944s
	iters: 1600, epoch: 16 | loss: 0.3344858
	speed: 0.0031s/iter; left time: 61.7670s
	iters: 1700, epoch: 16 | loss: 0.4186627
	speed: 0.0035s/iter; left time: 67.9225s
	iters: 1800, epoch: 16 | loss: 0.4115368
	speed: 0.0038s/iter; left time: 74.4178s
	iters: 1900, epoch: 16 | loss: 0.1852190
	speed: 0.0035s/iter; left time: 67.2178s
	iters: 2000, epoch: 16 | loss: 0.4128393
	speed: 0.0037s/iter; left time: 71.4954s
	iters: 2100, epoch: 16 | loss: 0.1862135
	speed: 0.0038s/iter; left time: 72.8965s
	iters: 2200, epoch: 16 | loss: 0.3238199
	speed: 0.0037s/iter; left time: 69.7996s
	iters: 2300, epoch: 16 | loss: 0.2324054
	speed: 0.0038s/iter; left time: 72.6592s
	iters: 2400, epoch: 16 | loss: 0.3540319
	speed: 0.0033s/iter; left time: 63.0652s
	iters: 2500, epoch: 16 | loss: 0.2241962
	speed: 0.0032s/iter; left time: 60.4535s
	iters: 2600, epoch: 16 | loss: 0.2397348
	speed: 0.0033s/iter; left time: 60.8706s
	iters: 2700, epoch: 16 | loss: 0.2865250
	speed: 0.0038s/iter; left time: 70.2361s
	iters: 2800, epoch: 16 | loss: 0.3183860
	speed: 0.0036s/iter; left time: 66.8652s
	iters: 2900, epoch: 16 | loss: 0.2837751
	speed: 0.0033s/iter; left time: 59.8593s
	iters: 3000, epoch: 16 | loss: 0.3952037
	speed: 0.0030s/iter; left time: 55.4229s
	iters: 3100, epoch: 16 | loss: 0.2499746
	speed: 0.0033s/iter; left time: 59.7827s
	iters: 3200, epoch: 16 | loss: 0.2818984
	speed: 0.0033s/iter; left time: 60.3571s
	iters: 3300, epoch: 16 | loss: 0.3916169
	speed: 0.0031s/iter; left time: 55.9618s
	iters: 3400, epoch: 16 | loss: 0.2321901
	speed: 0.0031s/iter; left time: 55.7574s
	iters: 3500, epoch: 16 | loss: 0.3198870
	speed: 0.0030s/iter; left time: 53.4907s
	iters: 3600, epoch: 16 | loss: 0.2590653
	speed: 0.0030s/iter; left time: 53.6089s
	iters: 3700, epoch: 16 | loss: 0.1992158
	speed: 0.0030s/iter; left time: 53.4234s
	iters: 3800, epoch: 16 | loss: 0.2691471
	speed: 0.0030s/iter; left time: 52.7625s
	iters: 3900, epoch: 16 | loss: 0.2870271
	speed: 0.0030s/iter; left time: 52.5154s
	iters: 4000, epoch: 16 | loss: 0.2488499
	speed: 0.0030s/iter; left time: 51.8132s
	iters: 4100, epoch: 16 | loss: 0.4073398
	speed: 0.0030s/iter; left time: 51.8563s
	iters: 4200, epoch: 16 | loss: 0.3336900
	speed: 0.0030s/iter; left time: 51.0499s
Epoch: 16 cost time: 14.267406702041626
Epoch: 16, Steps: 4254 | Train Loss: 0.2904452 Vali Loss: 0.4937639 Test Loss: 0.3293796
EarlyStopping counter: 4 out of 5
Updating learning rate to 1.52587890625e-07
	iters: 100, epoch: 17 | loss: 0.2900452
	speed: 0.0245s/iter; left time: 414.0414s
	iters: 200, epoch: 17 | loss: 0.2776225
	speed: 0.0027s/iter; left time: 45.4147s
	iters: 300, epoch: 17 | loss: 0.1762885
	speed: 0.0027s/iter; left time: 44.6344s
	iters: 400, epoch: 17 | loss: 0.2257825
	speed: 0.0030s/iter; left time: 50.2104s
	iters: 500, epoch: 17 | loss: 0.3100130
	speed: 0.0030s/iter; left time: 50.3768s
	iters: 600, epoch: 17 | loss: 0.2764780
	speed: 0.0031s/iter; left time: 51.3922s
	iters: 700, epoch: 17 | loss: 0.2438524
	speed: 0.0031s/iter; left time: 50.1386s
	iters: 800, epoch: 17 | loss: 0.5421562
	speed: 0.0032s/iter; left time: 51.5699s
	iters: 900, epoch: 17 | loss: 0.1740663
	speed: 0.0033s/iter; left time: 52.3803s
	iters: 1000, epoch: 17 | loss: 0.4294297
	speed: 0.0030s/iter; left time: 48.4023s
	iters: 1100, epoch: 17 | loss: 0.2729270
	speed: 0.0029s/iter; left time: 45.6897s
	iters: 1200, epoch: 17 | loss: 0.2697644
	speed: 0.0029s/iter; left time: 45.3947s
	iters: 1300, epoch: 17 | loss: 0.2344666
	speed: 0.0028s/iter; left time: 44.3545s
	iters: 1400, epoch: 17 | loss: 0.1943891
	speed: 0.0029s/iter; left time: 44.6950s
	iters: 1500, epoch: 17 | loss: 0.3865383
	speed: 0.0028s/iter; left time: 43.9131s
	iters: 1600, epoch: 17 | loss: 0.3128178
	speed: 0.0029s/iter; left time: 43.9461s
	iters: 1700, epoch: 17 | loss: 0.2726691
	speed: 0.0030s/iter; left time: 46.4584s
	iters: 1800, epoch: 17 | loss: 0.2325315
	speed: 0.0033s/iter; left time: 50.8247s
	iters: 1900, epoch: 17 | loss: 0.3584896
	speed: 0.0033s/iter; left time: 49.4325s
	iters: 2000, epoch: 17 | loss: 0.3385166
	speed: 0.0031s/iter; left time: 46.5888s
	iters: 2100, epoch: 17 | loss: 0.2701382
	speed: 0.0028s/iter; left time: 41.9168s
	iters: 2200, epoch: 17 | loss: 0.3733866
	speed: 0.0029s/iter; left time: 43.2945s
	iters: 2300, epoch: 17 | loss: 0.2904296
	speed: 0.0029s/iter; left time: 43.4148s
	iters: 2400, epoch: 17 | loss: 0.2823709
	speed: 0.0030s/iter; left time: 43.7431s
	iters: 2500, epoch: 17 | loss: 0.2592997
	speed: 0.0030s/iter; left time: 43.9930s
	iters: 2600, epoch: 17 | loss: 0.1966216
	speed: 0.0029s/iter; left time: 42.5301s
	iters: 2700, epoch: 17 | loss: 0.2259246
	speed: 0.0030s/iter; left time: 42.5646s
	iters: 2800, epoch: 17 | loss: 0.2198578
	speed: 0.0030s/iter; left time: 41.9402s
	iters: 2900, epoch: 17 | loss: 0.3454667
	speed: 0.0030s/iter; left time: 41.6517s
	iters: 3000, epoch: 17 | loss: 0.2625484
	speed: 0.0029s/iter; left time: 40.0966s
	iters: 3100, epoch: 17 | loss: 0.2485410
	speed: 0.0030s/iter; left time: 42.3076s
	iters: 3200, epoch: 17 | loss: 0.5379115
	speed: 0.0032s/iter; left time: 44.0764s
	iters: 3300, epoch: 17 | loss: 0.2616574
	speed: 0.0031s/iter; left time: 42.7013s
	iters: 3400, epoch: 17 | loss: 0.3187749
	speed: 0.0030s/iter; left time: 41.4114s
	iters: 3500, epoch: 17 | loss: 0.2411847
	speed: 0.0031s/iter; left time: 42.4435s
	iters: 3600, epoch: 17 | loss: 0.2754561
	speed: 0.0031s/iter; left time: 42.1293s
	iters: 3700, epoch: 17 | loss: 0.2206019
	speed: 0.0024s/iter; left time: 31.9965s
	iters: 3800, epoch: 17 | loss: 0.2379745
	speed: 0.0022s/iter; left time: 29.2096s
	iters: 3900, epoch: 17 | loss: 0.3879170
	speed: 0.0022s/iter; left time: 28.8648s
	iters: 4000, epoch: 17 | loss: 0.2309652
	speed: 0.0021s/iter; left time: 27.8565s
	iters: 4100, epoch: 17 | loss: 0.3448765
	speed: 0.0023s/iter; left time: 30.0035s
	iters: 4200, epoch: 17 | loss: 0.2868044
	speed: 0.0031s/iter; left time: 39.9891s
Epoch: 17 cost time: 12.379706621170044
Epoch: 17, Steps: 4254 | Train Loss: 0.2904353 Vali Loss: 0.4937984 Test Loss: 0.3293725
EarlyStopping counter: 5 out of 5
Early stopping
>>>>>>>testing : ETTm1_336_192_NLinear_ETTm1_ftM_sl336_ll48_pl192_dm512_nh8_el2_dl1_df2048_fc1_ebtimeF_dtTrue_Exp_0_seed28649<<<<<<<<<<<<<<<<<<<<<<<<<<<<<<<<<
test 11329
mse:0.3298700153827667, mae:0.35941874980926514
