Args in experiment:
Namespace(activation='gelu', batch_size=32, c_out=7, checkpoints='./checkpoints/', d_ff=2048, d_layers=1, d_model=512, data='ETTh2', data_path='ETTh2.csv', dec_in=7, des='Exp', devices='0,1,2,3', distil=True, do_predict=False, dropout=0.05, e_layers=2, embed='timeF', embed_type=0, enc_in=7, factor=1, features='M', freq='h', gpu=0, individual=True, is_training=1, itr=1, label_len=48, learning_rate=0.005, loss='mse', lradj='type1', model='NLinear', model_id='ETTh2_336_336', moving_avg=25, n_heads=8, num_workers=0, output_attention=False, patience=5, pred_len=336, root_path='./dataset/', save_pred_values=False, seed=3293, seq_len=336, target='OT', test_flop=False, train_epochs=20, train_only=False, use_amp=False, use_gpu=False, use_multi_gpu=False)
Use CPU
>>>>>>>start training : ETTh2_336_336_NLinear_ETTh2_ftM_sl336_ll48_pl336_dm512_nh8_el2_dl1_df2048_fc1_ebtimeF_dtTrue_Exp_0_seed3293>>>>>>>>>>>>>>>>>>>>>>>>>>
train 7969
val 2545
test 2545
Total number of trainable parameters: 792624
Total number of parameters: 792624
	iters: 100, epoch: 1 | loss: 0.3668979
	speed: 0.0157s/iter; left time: 76.5797s
	iters: 200, epoch: 1 | loss: 0.5089849
	speed: 0.0159s/iter; left time: 76.1980s
Epoch: 1 cost time: 3.954845905303955
Epoch: 1, Steps: 249 | Train Loss: 0.7176767 Vali Loss: 0.5336617 Test Loss: 0.4552284
Validation loss decreased (inf --> 0.533662).  Saving model ...
Updating learning rate to 0.005
	iters: 100, epoch: 2 | loss: 1.0626229
	speed: 0.0323s/iter; left time: 149.8181s
	iters: 200, epoch: 2 | loss: 0.8216515
	speed: 0.0170s/iter; left time: 77.2563s
Epoch: 2 cost time: 4.1874306201934814
Epoch: 2, Steps: 249 | Train Loss: 0.7037828 Vali Loss: 0.4485107 Test Loss: 0.4347876
Validation loss decreased (0.533662 --> 0.448511).  Saving model ...
Updating learning rate to 0.0025
	iters: 100, epoch: 3 | loss: 0.4371588
	speed: 0.0323s/iter; left time: 141.7786s
	iters: 200, epoch: 3 | loss: 0.4636018
	speed: 0.0184s/iter; left time: 78.6514s
Epoch: 3 cost time: 4.33287501335144
Epoch: 3, Steps: 249 | Train Loss: 0.6171737 Vali Loss: 0.3988493 Test Loss: 0.4377221
Validation loss decreased (0.448511 --> 0.398849).  Saving model ...
Updating learning rate to 0.00125
	iters: 100, epoch: 4 | loss: 0.6822978
	speed: 0.0346s/iter; left time: 143.0329s
	iters: 200, epoch: 4 | loss: 0.6042454
	speed: 0.0176s/iter; left time: 70.9761s
Epoch: 4 cost time: 4.329453468322754
Epoch: 4, Steps: 249 | Train Loss: 0.5862914 Vali Loss: 0.4212419 Test Loss: 0.3903165
EarlyStopping counter: 1 out of 5
Updating learning rate to 0.000625
	iters: 100, epoch: 5 | loss: 0.6373008
	speed: 0.0322s/iter; left time: 125.1997s
	iters: 200, epoch: 5 | loss: 0.5443311
	speed: 0.0173s/iter; left time: 65.3654s
Epoch: 5 cost time: 4.15881872177124
Epoch: 5, Steps: 249 | Train Loss: 0.5736254 Vali Loss: 0.3963531 Test Loss: 0.3849027
Validation loss decreased (0.398849 --> 0.396353).  Saving model ...
Updating learning rate to 0.0003125
	iters: 100, epoch: 6 | loss: 0.4840559
	speed: 0.0330s/iter; left time: 119.8653s
	iters: 200, epoch: 6 | loss: 0.4956574
	speed: 0.0167s/iter; left time: 59.0258s
Epoch: 6 cost time: 4.031371831893921
Epoch: 6, Steps: 249 | Train Loss: 0.5659985 Vali Loss: 0.4041219 Test Loss: 0.3760741
EarlyStopping counter: 1 out of 5
Updating learning rate to 0.00015625
	iters: 100, epoch: 7 | loss: 0.5482543
	speed: 0.0308s/iter; left time: 104.4066s
	iters: 200, epoch: 7 | loss: 0.6727532
	speed: 0.0167s/iter; left time: 55.0348s
Epoch: 7 cost time: 4.05897331237793
Epoch: 7, Steps: 249 | Train Loss: 0.5630207 Vali Loss: 0.3990353 Test Loss: 0.3757290
EarlyStopping counter: 2 out of 5
Updating learning rate to 7.8125e-05
	iters: 100, epoch: 8 | loss: 0.6385554
	speed: 0.0318s/iter; left time: 99.7996s
	iters: 200, epoch: 8 | loss: 0.4904225
	speed: 0.0171s/iter; left time: 51.8179s
Epoch: 8 cost time: 4.146861553192139
Epoch: 8, Steps: 249 | Train Loss: 0.5614124 Vali Loss: 0.3963569 Test Loss: 0.3742006
EarlyStopping counter: 3 out of 5
Updating learning rate to 3.90625e-05
	iters: 100, epoch: 9 | loss: 0.4976586
	speed: 0.0319s/iter; left time: 92.0697s
	iters: 200, epoch: 9 | loss: 0.3136724
	speed: 0.0175s/iter; left time: 48.8408s
Epoch: 9 cost time: 4.301039934158325
Epoch: 9, Steps: 249 | Train Loss: 0.5600238 Vali Loss: 0.3927817 Test Loss: 0.3743148
Validation loss decreased (0.396353 --> 0.392782).  Saving model ...
Updating learning rate to 1.953125e-05
	iters: 100, epoch: 10 | loss: 0.4395325
	speed: 0.0336s/iter; left time: 88.6892s
	iters: 200, epoch: 10 | loss: 0.5110457
	speed: 0.0146s/iter; left time: 37.1915s
Epoch: 10 cost time: 3.665865659713745
Epoch: 10, Steps: 249 | Train Loss: 0.5593794 Vali Loss: 0.3928984 Test Loss: 0.3753288
EarlyStopping counter: 1 out of 5
Updating learning rate to 9.765625e-06
	iters: 100, epoch: 11 | loss: 0.4064210
	speed: 0.0243s/iter; left time: 58.1823s
	iters: 200, epoch: 11 | loss: 0.7368051
	speed: 0.0126s/iter; left time: 28.8848s
Epoch: 11 cost time: 3.0367085933685303
Epoch: 11, Steps: 249 | Train Loss: 0.5592805 Vali Loss: 0.3940416 Test Loss: 0.3742947
EarlyStopping counter: 2 out of 5
Updating learning rate to 4.8828125e-06
	iters: 100, epoch: 12 | loss: 0.6110420
	speed: 0.0221s/iter; left time: 47.2520s
	iters: 200, epoch: 12 | loss: 0.7072446
	speed: 0.0115s/iter; left time: 23.5823s
Epoch: 12 cost time: 2.7277801036834717
Epoch: 12, Steps: 249 | Train Loss: 0.5590657 Vali Loss: 0.3956445 Test Loss: 0.3739530
EarlyStopping counter: 3 out of 5
Updating learning rate to 2.44140625e-06
	iters: 100, epoch: 13 | loss: 0.5215414
	speed: 0.0196s/iter; left time: 37.1245s
	iters: 200, epoch: 13 | loss: 0.4381218
	speed: 0.0100s/iter; left time: 17.9801s
Epoch: 13 cost time: 2.4650931358337402
Epoch: 13, Steps: 249 | Train Loss: 0.5589890 Vali Loss: 0.3946037 Test Loss: 0.3739693
EarlyStopping counter: 4 out of 5
Updating learning rate to 1.220703125e-06
	iters: 100, epoch: 14 | loss: 0.2922399
	speed: 0.0177s/iter; left time: 29.1758s
	iters: 200, epoch: 14 | loss: 0.3012987
	speed: 0.0092s/iter; left time: 14.2008s
Epoch: 14 cost time: 1.9953720569610596
Epoch: 14, Steps: 249 | Train Loss: 0.5589066 Vali Loss: 0.3950995 Test Loss: 0.3739716
EarlyStopping counter: 5 out of 5
Early stopping
Total training time: 61.0492 seconds
>>>>>>>testing : ETTh2_336_336_NLinear_ETTh2_ftM_sl336_ll48_pl336_dm512_nh8_el2_dl1_df2048_fc1_ebtimeF_dtTrue_Exp_0_seed3293<<<<<<<<<<<<<<<<<<<<<<<<<<<<<<<<<
test 2545
mse:0.3699159622192383, mae:0.4122273623943329
