Args in experiment:
Namespace(activation='gelu', batch_size=32, c_out=7, checkpoints='./checkpoints/', d_ff=2048, d_layers=1, d_model=512, data='custom', data_path='national_illness.csv', dec_in=7, des='Exp', devices='0,1,2,3', distil=True, do_predict=False, dropout=0.05, e_layers=2, embed='timeF', embed_type=0, enc_in=7, factor=1, features='M', freq='h', gpu=0, individual=True, is_training=1, itr=1, label_len=18, learning_rate=0.05, loss='mse', lradj='type1', model='NLinear', model_id='national_illness_104_24', moving_avg=25, n_heads=8, num_workers=0, output_attention=False, patience=5, pred_len=24, root_path='./dataset/', save_pred_values=False, seed=15227, seq_len=104, target='OT', test_flop=False, train_epochs=20, train_only=False, use_amp=False, use_gpu=False, use_multi_gpu=False)
Use CPU
>>>>>>>start training : national_illness_104_24_NLinear_custom_ftM_sl104_ll18_pl24_dm512_nh8_el2_dl1_df2048_fc1_ebtimeF_dtTrue_Exp_0_seed15227>>>>>>>>>>>>>>>>>>>>>>>>>>
train 549
val 74
test 170
Epoch: 1 cost time: 0.05800127983093262
Epoch: 1, Steps: 17 | Train Loss: 4.7997961 Vali Loss: 1.2676009 Test Loss: 8.8915892
Validation loss decreased (inf --> 1.267601).  Saving model ...
Updating learning rate to 0.05
Epoch: 2 cost time: 0.031002521514892578
Epoch: 2, Steps: 17 | Train Loss: 1.3647879 Vali Loss: 0.7306247 Test Loss: 5.6044021
Validation loss decreased (1.267601 --> 0.730625).  Saving model ...
Updating learning rate to 0.025
Epoch: 3 cost time: 0.02700018882751465
Epoch: 3, Steps: 17 | Train Loss: 0.6746946 Vali Loss: 0.3610314 Test Loss: 3.0241127
Validation loss decreased (0.730625 --> 0.361031).  Saving model ...
Updating learning rate to 0.0125
Epoch: 4 cost time: 0.0280001163482666
Epoch: 4, Steps: 17 | Train Loss: 0.4762197 Vali Loss: 0.2858428 Test Loss: 2.6441934
Validation loss decreased (0.361031 --> 0.285843).  Saving model ...
Updating learning rate to 0.00625
Epoch: 5 cost time: 0.029000282287597656
Epoch: 5, Steps: 17 | Train Loss: 0.4401900 Vali Loss: 0.2802117 Test Loss: 2.6151044
Validation loss decreased (0.285843 --> 0.280212).  Saving model ...
Updating learning rate to 0.003125
Epoch: 6 cost time: 0.02899956703186035
Epoch: 6, Steps: 17 | Train Loss: 0.4235745 Vali Loss: 0.2745040 Test Loss: 2.5802672
Validation loss decreased (0.280212 --> 0.274504).  Saving model ...
Updating learning rate to 0.0015625
Epoch: 7 cost time: 0.028999805450439453
Epoch: 7, Steps: 17 | Train Loss: 0.4201425 Vali Loss: 0.2611664 Test Loss: 2.5806811
Validation loss decreased (0.274504 --> 0.261166).  Saving model ...
Updating learning rate to 0.00078125
Epoch: 8 cost time: 0.029000043869018555
Epoch: 8, Steps: 17 | Train Loss: 0.4192202 Vali Loss: 0.2795243 Test Loss: 2.5884719
EarlyStopping counter: 1 out of 5
Updating learning rate to 0.000390625
Epoch: 9 cost time: 0.028999805450439453
Epoch: 9, Steps: 17 | Train Loss: 0.4178960 Vali Loss: 0.2733647 Test Loss: 2.5840051
EarlyStopping counter: 2 out of 5
Updating learning rate to 0.0001953125
Epoch: 10 cost time: 0.028999805450439453
Epoch: 10, Steps: 17 | Train Loss: 0.4193812 Vali Loss: 0.2744150 Test Loss: 2.5809011
EarlyStopping counter: 3 out of 5
Updating learning rate to 9.765625e-05
Epoch: 11 cost time: 0.02899909019470215
Epoch: 11, Steps: 17 | Train Loss: 0.4189306 Vali Loss: 0.2554417 Test Loss: 2.5823047
Validation loss decreased (0.261166 --> 0.255442).  Saving model ...
Updating learning rate to 4.8828125e-05
Epoch: 12 cost time: 0.029000282287597656
Epoch: 12, Steps: 17 | Train Loss: 0.4183460 Vali Loss: 0.2655082 Test Loss: 2.5825708
EarlyStopping counter: 1 out of 5
Updating learning rate to 2.44140625e-05
Epoch: 13 cost time: 0.02899956703186035
Epoch: 13, Steps: 17 | Train Loss: 0.4162433 Vali Loss: 0.2710848 Test Loss: 2.5819843
EarlyStopping counter: 2 out of 5
Updating learning rate to 1.220703125e-05
Epoch: 14 cost time: 0.03000044822692871
Epoch: 14, Steps: 17 | Train Loss: 0.4169482 Vali Loss: 0.2485496 Test Loss: 2.5821884
Validation loss decreased (0.255442 --> 0.248550).  Saving model ...
Updating learning rate to 6.103515625e-06
Epoch: 15 cost time: 0.029001235961914062
Epoch: 15, Steps: 17 | Train Loss: 0.4168691 Vali Loss: 0.2671936 Test Loss: 2.5821447
EarlyStopping counter: 1 out of 5
Updating learning rate to 3.0517578125e-06
Epoch: 16 cost time: 0.02299809455871582
Epoch: 16, Steps: 17 | Train Loss: 0.4144104 Vali Loss: 0.2665995 Test Loss: 2.5821412
EarlyStopping counter: 2 out of 5
Updating learning rate to 1.52587890625e-06
Epoch: 17 cost time: 0.02200007438659668
Epoch: 17, Steps: 17 | Train Loss: 0.4181177 Vali Loss: 0.2751827 Test Loss: 2.5821323
EarlyStopping counter: 3 out of 5
Updating learning rate to 7.62939453125e-07
Epoch: 18 cost time: 0.021999597549438477
Epoch: 18, Steps: 17 | Train Loss: 0.4189654 Vali Loss: 0.2693211 Test Loss: 2.5821419
EarlyStopping counter: 4 out of 5
Updating learning rate to 3.814697265625e-07
Epoch: 19 cost time: 0.021999835968017578
Epoch: 19, Steps: 17 | Train Loss: 0.4171050 Vali Loss: 0.2619440 Test Loss: 2.5821409
EarlyStopping counter: 5 out of 5
Early stopping
>>>>>>>testing : national_illness_104_24_NLinear_custom_ftM_sl104_ll18_pl24_dm512_nh8_el2_dl1_df2048_fc1_ebtimeF_dtTrue_Exp_0_seed15227<<<<<<<<<<<<<<<<<<<<<<<<<<<<<<<<<
test 170
mse:1.9960371255874634, mae:0.8632400631904602
