Args in experiment:
Namespace(activation='gelu', batch_size=8, c_out=7, checkpoints='./checkpoints/', d_ff=2048, d_layers=1, d_model=512, data='ETTm1', data_path='ETTm1.csv', dec_in=7, des='Exp', devices='0,1,2,3', distil=True, do_predict=False, dropout=0.05, e_layers=2, embed='timeF', embed_type=0, enc_in=7, factor=1, features='M', freq='h', gpu=0, individual=True, is_training=1, itr=1, label_len=48, learning_rate=0.005, loss='mse', lradj='type1', model='NLinear', model_id='ETTm1_336_96', moving_avg=25, n_heads=8, num_workers=0, output_attention=False, patience=5, pred_len=96, root_path='./dataset/', save_pred_values=False, seed=15227, seq_len=336, target='OT', test_flop=False, train_epochs=20, train_only=False, use_amp=False, use_gpu=False, use_multi_gpu=False)
Use CPU
>>>>>>>start training : ETTm1_336_96_NLinear_ETTm1_ftM_sl336_ll48_pl96_dm512_nh8_el2_dl1_df2048_fc1_ebtimeF_dtTrue_Exp_0_seed15227>>>>>>>>>>>>>>>>>>>>>>>>>>
train 34129
val 11425
test 11425
	iters: 100, epoch: 1 | loss: 0.4009655
	speed: 0.0031s/iter; left time: 265.0784s
	iters: 200, epoch: 1 | loss: 0.6293229
	speed: 0.0033s/iter; left time: 281.1574s
	iters: 300, epoch: 1 | loss: 0.4683265
	speed: 0.0030s/iter; left time: 257.6130s
	iters: 400, epoch: 1 | loss: 0.6068200
	speed: 0.0028s/iter; left time: 237.7790s
	iters: 500, epoch: 1 | loss: 0.8730919
	speed: 0.0028s/iter; left time: 237.5384s
	iters: 600, epoch: 1 | loss: 0.2646050
	speed: 0.0028s/iter; left time: 238.2851s
	iters: 700, epoch: 1 | loss: 0.3791138
	speed: 0.0033s/iter; left time: 281.7873s
	iters: 800, epoch: 1 | loss: 0.2451551
	speed: 0.0033s/iter; left time: 280.6093s
	iters: 900, epoch: 1 | loss: 0.4354652
	speed: 0.0033s/iter; left time: 276.3221s
	iters: 1000, epoch: 1 | loss: 0.2638503
	speed: 0.0032s/iter; left time: 271.5116s
	iters: 1100, epoch: 1 | loss: 0.5094357
	speed: 0.0033s/iter; left time: 278.7716s
	iters: 1200, epoch: 1 | loss: 0.4044539
	speed: 0.0032s/iter; left time: 271.8632s
	iters: 1300, epoch: 1 | loss: 0.4733163
	speed: 0.0029s/iter; left time: 241.9818s
	iters: 1400, epoch: 1 | loss: 0.1939495
	speed: 0.0029s/iter; left time: 241.7330s
	iters: 1500, epoch: 1 | loss: 0.3763306
	speed: 0.0029s/iter; left time: 244.1716s
	iters: 1600, epoch: 1 | loss: 0.4633520
	speed: 0.0031s/iter; left time: 257.0240s
	iters: 1700, epoch: 1 | loss: 0.5938239
	speed: 0.0029s/iter; left time: 244.9930s
	iters: 1800, epoch: 1 | loss: 0.2102392
	speed: 0.0029s/iter; left time: 243.8822s
	iters: 1900, epoch: 1 | loss: 0.8580504
	speed: 0.0023s/iter; left time: 191.2199s
	iters: 2000, epoch: 1 | loss: 0.6933398
	speed: 0.0026s/iter; left time: 214.1363s
	iters: 2100, epoch: 1 | loss: 0.2605203
	speed: 0.0028s/iter; left time: 236.3474s
	iters: 2200, epoch: 1 | loss: 0.3501518
	speed: 0.0029s/iter; left time: 242.0291s
	iters: 2300, epoch: 1 | loss: 0.4627983
	speed: 0.0028s/iter; left time: 233.3291s
	iters: 2400, epoch: 1 | loss: 0.3745615
	speed: 0.0031s/iter; left time: 255.4035s
	iters: 2500, epoch: 1 | loss: 0.4309685
	speed: 0.0032s/iter; left time: 267.5116s
	iters: 2600, epoch: 1 | loss: 0.2876793
	speed: 0.0030s/iter; left time: 246.6493s
	iters: 2700, epoch: 1 | loss: 0.4334418
	speed: 0.0030s/iter; left time: 247.8626s
	iters: 2800, epoch: 1 | loss: 0.2703817
	speed: 0.0032s/iter; left time: 260.8173s
	iters: 2900, epoch: 1 | loss: 0.2606286
	speed: 0.0033s/iter; left time: 273.8232s
	iters: 3000, epoch: 1 | loss: 0.4257873
	speed: 0.0033s/iter; left time: 272.4824s
	iters: 3100, epoch: 1 | loss: 0.4545500
	speed: 0.0034s/iter; left time: 279.5519s
	iters: 3200, epoch: 1 | loss: 0.3892829
	speed: 0.0033s/iter; left time: 268.8344s
	iters: 3300, epoch: 1 | loss: 0.3350196
	speed: 0.0032s/iter; left time: 261.6476s
	iters: 3400, epoch: 1 | loss: 0.2870160
	speed: 0.0029s/iter; left time: 236.0570s
	iters: 3500, epoch: 1 | loss: 0.6786269
	speed: 0.0029s/iter; left time: 233.3362s
	iters: 3600, epoch: 1 | loss: 0.3470885
	speed: 0.0027s/iter; left time: 223.9147s
	iters: 3700, epoch: 1 | loss: 0.3742404
	speed: 0.0027s/iter; left time: 219.5963s
	iters: 3800, epoch: 1 | loss: 0.5274596
	speed: 0.0025s/iter; left time: 204.6194s
	iters: 3900, epoch: 1 | loss: 0.3067692
	speed: 0.0028s/iter; left time: 228.1696s
	iters: 4000, epoch: 1 | loss: 0.4382499
	speed: 0.0030s/iter; left time: 247.2163s
	iters: 4100, epoch: 1 | loss: 0.3864017
	speed: 0.0031s/iter; left time: 251.8234s
	iters: 4200, epoch: 1 | loss: 0.4793907
	speed: 0.0029s/iter; left time: 232.2678s
Epoch: 1 cost time: 12.804739713668823
Epoch: 1, Steps: 4266 | Train Loss: 0.4426482 Vali Loss: 0.8533257 Test Loss: 0.5799041
Validation loss decreased (inf --> 0.853326).  Saving model ...
Updating learning rate to 0.005
	iters: 100, epoch: 2 | loss: 0.5861409
	speed: 0.0263s/iter; left time: 2130.2708s
	iters: 200, epoch: 2 | loss: 0.4448084
	speed: 0.0026s/iter; left time: 214.2651s
	iters: 300, epoch: 2 | loss: 0.4401743
	speed: 0.0025s/iter; left time: 203.6284s
	iters: 400, epoch: 2 | loss: 0.4476987
	speed: 0.0028s/iter; left time: 225.8338s
	iters: 500, epoch: 2 | loss: 1.5570488
	speed: 0.0028s/iter; left time: 229.5814s
	iters: 600, epoch: 2 | loss: 0.5098351
	speed: 0.0029s/iter; left time: 231.1720s
	iters: 700, epoch: 2 | loss: 0.3022732
	speed: 0.0027s/iter; left time: 218.5655s
	iters: 800, epoch: 2 | loss: 0.4100480
	speed: 0.0025s/iter; left time: 203.8479s
	iters: 900, epoch: 2 | loss: 0.3445759
	speed: 0.0029s/iter; left time: 229.2437s
	iters: 1000, epoch: 2 | loss: 0.4443350
	speed: 0.0027s/iter; left time: 213.9335s
	iters: 1100, epoch: 2 | loss: 0.3231556
	speed: 0.0028s/iter; left time: 226.3213s
	iters: 1200, epoch: 2 | loss: 0.6226236
	speed: 0.0032s/iter; left time: 252.3420s
	iters: 1300, epoch: 2 | loss: 0.6002871
	speed: 0.0031s/iter; left time: 247.3903s
	iters: 1400, epoch: 2 | loss: 0.5113385
	speed: 0.0031s/iter; left time: 244.5410s
	iters: 1500, epoch: 2 | loss: 0.3214992
	speed: 0.0028s/iter; left time: 225.9792s
	iters: 1600, epoch: 2 | loss: 0.5633020
	speed: 0.0026s/iter; left time: 203.4052s
	iters: 1700, epoch: 2 | loss: 0.3603279
	speed: 0.0025s/iter; left time: 196.2303s
	iters: 1800, epoch: 2 | loss: 0.3829670
	speed: 0.0023s/iter; left time: 183.8715s
	iters: 1900, epoch: 2 | loss: 0.3739204
	speed: 0.0030s/iter; left time: 235.1777s
	iters: 2000, epoch: 2 | loss: 0.6175327
	speed: 0.0030s/iter; left time: 234.7957s
	iters: 2100, epoch: 2 | loss: 0.3957768
	speed: 0.0028s/iter; left time: 223.6469s
	iters: 2200, epoch: 2 | loss: 0.4644697
	speed: 0.0028s/iter; left time: 223.9491s
	iters: 2300, epoch: 2 | loss: 0.4545958
	speed: 0.0028s/iter; left time: 221.3020s
	iters: 2400, epoch: 2 | loss: 0.3289603
	speed: 0.0029s/iter; left time: 231.3900s
	iters: 2500, epoch: 2 | loss: 0.4901923
	speed: 0.0030s/iter; left time: 234.0252s
	iters: 2600, epoch: 2 | loss: 0.5271188
	speed: 0.0031s/iter; left time: 244.7787s
	iters: 2700, epoch: 2 | loss: 1.0537590
	speed: 0.0030s/iter; left time: 231.2732s
	iters: 2800, epoch: 2 | loss: 0.5966415
	speed: 0.0029s/iter; left time: 223.0279s
	iters: 2900, epoch: 2 | loss: 0.3894214
	speed: 0.0031s/iter; left time: 246.1879s
	iters: 3000, epoch: 2 | loss: 0.4360890
	speed: 0.0028s/iter; left time: 217.8193s
	iters: 3100, epoch: 2 | loss: 0.3915759
	speed: 0.0028s/iter; left time: 219.9865s
	iters: 3200, epoch: 2 | loss: 0.5285488
	speed: 0.0024s/iter; left time: 189.1869s
	iters: 3300, epoch: 2 | loss: 0.5381173
	speed: 0.0024s/iter; left time: 185.0566s
	iters: 3400, epoch: 2 | loss: 0.5304675
	speed: 0.0024s/iter; left time: 186.3718s
	iters: 3500, epoch: 2 | loss: 0.3377590
	speed: 0.0025s/iter; left time: 190.9884s
	iters: 3600, epoch: 2 | loss: 0.4152189
	speed: 0.0027s/iter; left time: 208.3536s
	iters: 3700, epoch: 2 | loss: 0.3715912
	speed: 0.0031s/iter; left time: 238.2566s
	iters: 3800, epoch: 2 | loss: 0.5431276
	speed: 0.0030s/iter; left time: 234.2294s
	iters: 3900, epoch: 2 | loss: 0.5253115
	speed: 0.0028s/iter; left time: 217.5773s
	iters: 4000, epoch: 2 | loss: 0.4378914
	speed: 0.0034s/iter; left time: 259.7166s
	iters: 4100, epoch: 2 | loss: 0.3429324
	speed: 0.0035s/iter; left time: 266.2633s
	iters: 4200, epoch: 2 | loss: 0.5415163
	speed: 0.0028s/iter; left time: 212.2723s
Epoch: 2 cost time: 12.044956922531128
Epoch: 2, Steps: 4266 | Train Loss: 0.4367597 Vali Loss: 0.6508019 Test Loss: 0.4890650
Validation loss decreased (0.853326 --> 0.650802).  Saving model ...
Updating learning rate to 0.0025
	iters: 100, epoch: 3 | loss: 0.2043819
	speed: 0.0222s/iter; left time: 1705.2670s
	iters: 200, epoch: 3 | loss: 0.3128206
	speed: 0.0022s/iter; left time: 171.5590s
	iters: 300, epoch: 3 | loss: 0.3504184
	speed: 0.0021s/iter; left time: 162.1568s
	iters: 400, epoch: 3 | loss: 0.4282309
	speed: 0.0025s/iter; left time: 188.0949s
	iters: 500, epoch: 3 | loss: 0.3061575
	speed: 0.0023s/iter; left time: 178.6818s
	iters: 600, epoch: 3 | loss: 0.3508968
	speed: 0.0026s/iter; left time: 196.6055s
	iters: 700, epoch: 3 | loss: 0.3083541
	speed: 0.0025s/iter; left time: 193.2653s
	iters: 800, epoch: 3 | loss: 0.4309216
	speed: 0.0029s/iter; left time: 218.2107s
	iters: 900, epoch: 3 | loss: 0.2416195
	speed: 0.0029s/iter; left time: 221.5941s
	iters: 1000, epoch: 3 | loss: 0.3815202
	speed: 0.0030s/iter; left time: 225.0935s
	iters: 1100, epoch: 3 | loss: 0.4279209
	speed: 0.0029s/iter; left time: 219.7332s
	iters: 1200, epoch: 3 | loss: 0.2016029
	speed: 0.0026s/iter; left time: 196.5332s
	iters: 1300, epoch: 3 | loss: 0.2976964
	speed: 0.0025s/iter; left time: 187.2132s
	iters: 1400, epoch: 3 | loss: 0.3888433
	speed: 0.0025s/iter; left time: 186.9646s
	iters: 1500, epoch: 3 | loss: 0.2242465
	speed: 0.0025s/iter; left time: 188.4036s
	iters: 1600, epoch: 3 | loss: 0.3368546
	speed: 0.0027s/iter; left time: 199.2943s
	iters: 1700, epoch: 3 | loss: 0.7339453
	speed: 0.0028s/iter; left time: 210.2497s
	iters: 1800, epoch: 3 | loss: 0.2033946
	speed: 0.0028s/iter; left time: 209.9694s
	iters: 1900, epoch: 3 | loss: 0.2959151
	speed: 0.0028s/iter; left time: 209.8226s
	iters: 2000, epoch: 3 | loss: 0.3152019
	speed: 0.0033s/iter; left time: 243.8125s
	iters: 2100, epoch: 3 | loss: 0.4196371
	speed: 0.0033s/iter; left time: 248.7604s
	iters: 2200, epoch: 3 | loss: 0.3433891
	speed: 0.0032s/iter; left time: 235.9600s
	iters: 2300, epoch: 3 | loss: 0.2090701
	speed: 0.0032s/iter; left time: 240.5985s
	iters: 2400, epoch: 3 | loss: 0.4116531
	speed: 0.0031s/iter; left time: 231.4205s
	iters: 2500, epoch: 3 | loss: 0.3704267
	speed: 0.0024s/iter; left time: 176.2562s
	iters: 2600, epoch: 3 | loss: 0.2909133
	speed: 0.0025s/iter; left time: 186.2135s
	iters: 2700, epoch: 3 | loss: 0.3809271
	speed: 0.0026s/iter; left time: 193.3736s
	iters: 2800, epoch: 3 | loss: 0.4172310
	speed: 0.0031s/iter; left time: 232.3250s
	iters: 2900, epoch: 3 | loss: 0.3801425
	speed: 0.0029s/iter; left time: 212.2020s
	iters: 3000, epoch: 3 | loss: 0.2998251
	speed: 0.0031s/iter; left time: 226.5781s
	iters: 3100, epoch: 3 | loss: 0.6365350
	speed: 0.0030s/iter; left time: 223.2773s
	iters: 3200, epoch: 3 | loss: 0.2825977
	speed: 0.0030s/iter; left time: 218.0235s
	iters: 3300, epoch: 3 | loss: 0.3363892
	speed: 0.0030s/iter; left time: 218.9973s
	iters: 3400, epoch: 3 | loss: 0.3816911
	speed: 0.0030s/iter; left time: 220.1668s
	iters: 3500, epoch: 3 | loss: 0.3559342
	speed: 0.0029s/iter; left time: 211.1149s
	iters: 3600, epoch: 3 | loss: 0.3565944
	speed: 0.0031s/iter; left time: 228.5692s
	iters: 3700, epoch: 3 | loss: 0.3217170
	speed: 0.0034s/iter; left time: 244.8482s
	iters: 3800, epoch: 3 | loss: 0.1932281
	speed: 0.0033s/iter; left time: 238.6734s
	iters: 3900, epoch: 3 | loss: 0.3524038
	speed: 0.0032s/iter; left time: 230.4940s
	iters: 4000, epoch: 3 | loss: 0.3469970
	speed: 0.0025s/iter; left time: 178.3338s
	iters: 4100, epoch: 3 | loss: 0.3042334
	speed: 0.0030s/iter; left time: 214.5331s
	iters: 4200, epoch: 3 | loss: 0.3588778
	speed: 0.0031s/iter; left time: 227.3141s
Epoch: 3 cost time: 12.03860592842102
Epoch: 3, Steps: 4266 | Train Loss: 0.3269944 Vali Loss: 0.6220508 Test Loss: 0.4137500
Validation loss decreased (0.650802 --> 0.622051).  Saving model ...
Updating learning rate to 0.00125
	iters: 100, epoch: 4 | loss: 0.4173914
	speed: 0.0192s/iter; left time: 1390.9359s
	iters: 200, epoch: 4 | loss: 0.3027996
	speed: 0.0026s/iter; left time: 184.4239s
	iters: 300, epoch: 4 | loss: 0.2114508
	speed: 0.0025s/iter; left time: 179.8348s
	iters: 400, epoch: 4 | loss: 0.2243046
	speed: 0.0022s/iter; left time: 157.9494s
	iters: 500, epoch: 4 | loss: 0.1564816
	speed: 0.0029s/iter; left time: 208.9786s
	iters: 600, epoch: 4 | loss: 0.4464172
	speed: 0.0030s/iter; left time: 216.5326s
	iters: 700, epoch: 4 | loss: 0.2740642
	speed: 0.0032s/iter; left time: 229.1150s
	iters: 800, epoch: 4 | loss: 0.2524971
	speed: 0.0033s/iter; left time: 240.2719s
	iters: 900, epoch: 4 | loss: 0.3260776
	speed: 0.0034s/iter; left time: 240.0622s
	iters: 1000, epoch: 4 | loss: 0.1769416
	speed: 0.0033s/iter; left time: 237.4990s
	iters: 1100, epoch: 4 | loss: 0.2950949
	speed: 0.0032s/iter; left time: 230.6957s
	iters: 1200, epoch: 4 | loss: 0.2337431
	speed: 0.0034s/iter; left time: 240.5703s
	iters: 1300, epoch: 4 | loss: 0.2772117
	speed: 0.0029s/iter; left time: 208.6832s
	iters: 1400, epoch: 4 | loss: 0.1821493
	speed: 0.0029s/iter; left time: 202.7400s
	iters: 1500, epoch: 4 | loss: 0.1953160
	speed: 0.0028s/iter; left time: 196.1569s
	iters: 1600, epoch: 4 | loss: 0.2250992
	speed: 0.0028s/iter; left time: 200.0024s
	iters: 1700, epoch: 4 | loss: 0.2794549
	speed: 0.0029s/iter; left time: 204.6787s
	iters: 1800, epoch: 4 | loss: 0.2478943
	speed: 0.0030s/iter; left time: 208.7506s
	iters: 1900, epoch: 4 | loss: 0.2953990
	speed: 0.0031s/iter; left time: 216.1409s
	iters: 2000, epoch: 4 | loss: 0.2293792
	speed: 0.0031s/iter; left time: 217.2117s
	iters: 2100, epoch: 4 | loss: 0.2732002
	speed: 0.0030s/iter; left time: 212.6763s
	iters: 2200, epoch: 4 | loss: 0.3120506
	speed: 0.0029s/iter; left time: 204.8541s
	iters: 2300, epoch: 4 | loss: 0.2607629
	speed: 0.0029s/iter; left time: 202.2415s
	iters: 2400, epoch: 4 | loss: 0.2468800
	speed: 0.0030s/iter; left time: 209.7011s
	iters: 2500, epoch: 4 | loss: 0.2660740
	speed: 0.0030s/iter; left time: 211.6882s
	iters: 2600, epoch: 4 | loss: 0.3094525
	speed: 0.0032s/iter; left time: 220.9565s
	iters: 2700, epoch: 4 | loss: 0.2607545
	speed: 0.0030s/iter; left time: 206.0728s
	iters: 2800, epoch: 4 | loss: 0.4029947
	speed: 0.0030s/iter; left time: 207.1905s
	iters: 2900, epoch: 4 | loss: 0.2514399
	speed: 0.0029s/iter; left time: 203.9957s
	iters: 3000, epoch: 4 | loss: 0.5167472
	speed: 0.0029s/iter; left time: 200.9217s
	iters: 3100, epoch: 4 | loss: 0.3298362
	speed: 0.0029s/iter; left time: 198.5488s
	iters: 3200, epoch: 4 | loss: 0.2946517
	speed: 0.0029s/iter; left time: 199.7736s
	iters: 3300, epoch: 4 | loss: 0.2304098
	speed: 0.0030s/iter; left time: 204.9430s
	iters: 3400, epoch: 4 | loss: 0.3471099
	speed: 0.0030s/iter; left time: 209.4425s
	iters: 3500, epoch: 4 | loss: 0.2797763
	speed: 0.0028s/iter; left time: 192.7337s
	iters: 3600, epoch: 4 | loss: 0.2552314
	speed: 0.0029s/iter; left time: 199.1877s
	iters: 3700, epoch: 4 | loss: 0.2495524
	speed: 0.0025s/iter; left time: 173.4327s
	iters: 3800, epoch: 4 | loss: 0.1800702
	speed: 0.0026s/iter; left time: 175.9627s
	iters: 3900, epoch: 4 | loss: 0.2374830
	speed: 0.0025s/iter; left time: 172.4405s
	iters: 4000, epoch: 4 | loss: 0.2471116
	speed: 0.0025s/iter; left time: 171.3068s
	iters: 4100, epoch: 4 | loss: 0.2378326
	speed: 0.0025s/iter; left time: 173.7950s
	iters: 4200, epoch: 4 | loss: 0.3533249
	speed: 0.0024s/iter; left time: 166.7065s
Epoch: 4 cost time: 12.249309062957764
Epoch: 4, Steps: 4266 | Train Loss: 0.2864874 Vali Loss: 0.4001152 Test Loss: 0.3183165
Validation loss decreased (0.622051 --> 0.400115).  Saving model ...
Updating learning rate to 0.000625
	iters: 100, epoch: 5 | loss: 0.2070574
	speed: 0.0224s/iter; left time: 1529.0045s
	iters: 200, epoch: 5 | loss: 0.2258032
	speed: 0.0032s/iter; left time: 215.0599s
	iters: 300, epoch: 5 | loss: 0.2056283
	speed: 0.0030s/iter; left time: 205.2305s
	iters: 400, epoch: 5 | loss: 0.3792361
	speed: 0.0024s/iter; left time: 164.2304s
	iters: 500, epoch: 5 | loss: 0.1767539
	speed: 0.0024s/iter; left time: 165.4185s
	iters: 600, epoch: 5 | loss: 0.1546107
	speed: 0.0024s/iter; left time: 165.7596s
	iters: 700, epoch: 5 | loss: 0.2414304
	speed: 0.0025s/iter; left time: 165.5149s
	iters: 800, epoch: 5 | loss: 0.2549073
	speed: 0.0028s/iter; left time: 189.5564s
	iters: 900, epoch: 5 | loss: 0.2012337
	speed: 0.0028s/iter; left time: 190.1536s
	iters: 1000, epoch: 5 | loss: 0.3110023
	speed: 0.0030s/iter; left time: 204.4096s
	iters: 1100, epoch: 5 | loss: 0.3010523
	speed: 0.0026s/iter; left time: 173.9370s
	iters: 1200, epoch: 5 | loss: 0.3030865
	speed: 0.0026s/iter; left time: 171.1283s
	iters: 1300, epoch: 5 | loss: 0.3181687
	speed: 0.0029s/iter; left time: 195.5146s
	iters: 1400, epoch: 5 | loss: 0.2856226
	speed: 0.0032s/iter; left time: 213.3142s
	iters: 1500, epoch: 5 | loss: 0.2821742
	speed: 0.0025s/iter; left time: 167.5597s
	iters: 1600, epoch: 5 | loss: 0.2751012
	speed: 0.0028s/iter; left time: 188.8136s
	iters: 1700, epoch: 5 | loss: 0.1679505
	speed: 0.0032s/iter; left time: 215.6454s
	iters: 1800, epoch: 5 | loss: 0.2159979
	speed: 0.0033s/iter; left time: 216.6894s
	iters: 1900, epoch: 5 | loss: 0.2150546
	speed: 0.0027s/iter; left time: 179.9719s
	iters: 2000, epoch: 5 | loss: 0.2300380
	speed: 0.0026s/iter; left time: 170.9430s
	iters: 2100, epoch: 5 | loss: 0.3627501
	speed: 0.0031s/iter; left time: 201.7792s
	iters: 2200, epoch: 5 | loss: 0.2170146
	speed: 0.0031s/iter; left time: 203.6471s
	iters: 2300, epoch: 5 | loss: 0.2945739
	speed: 0.0027s/iter; left time: 177.4638s
	iters: 2400, epoch: 5 | loss: 0.2967646
	speed: 0.0026s/iter; left time: 170.5694s
	iters: 2500, epoch: 5 | loss: 0.2359428
	speed: 0.0027s/iter; left time: 178.8586s
	iters: 2600, epoch: 5 | loss: 0.2900098
	speed: 0.0029s/iter; left time: 190.5186s
	iters: 2700, epoch: 5 | loss: 0.2050525
	speed: 0.0030s/iter; left time: 197.3263s
	iters: 2800, epoch: 5 | loss: 0.3077956
	speed: 0.0030s/iter; left time: 193.7852s
	iters: 2900, epoch: 5 | loss: 0.3241108
	speed: 0.0030s/iter; left time: 192.9176s
	iters: 3000, epoch: 5 | loss: 0.2253141
	speed: 0.0032s/iter; left time: 206.2134s
	iters: 3100, epoch: 5 | loss: 0.2244822
	speed: 0.0033s/iter; left time: 214.3654s
	iters: 3200, epoch: 5 | loss: 0.3373840
	speed: 0.0026s/iter; left time: 172.3868s
	iters: 3300, epoch: 5 | loss: 0.2160504
	speed: 0.0027s/iter; left time: 172.9580s
	iters: 3400, epoch: 5 | loss: 0.2725671
	speed: 0.0029s/iter; left time: 186.1402s
	iters: 3500, epoch: 5 | loss: 0.2109162
	speed: 0.0026s/iter; left time: 168.3674s
	iters: 3600, epoch: 5 | loss: 0.4453247
	speed: 0.0027s/iter; left time: 176.6326s
	iters: 3700, epoch: 5 | loss: 0.1728336
	speed: 0.0028s/iter; left time: 178.8215s
	iters: 3800, epoch: 5 | loss: 0.2385787
	speed: 0.0026s/iter; left time: 167.6203s
	iters: 3900, epoch: 5 | loss: 0.3430490
	speed: 0.0028s/iter; left time: 178.9122s
	iters: 4000, epoch: 5 | loss: 0.2541694
	speed: 0.0028s/iter; left time: 176.8104s
	iters: 4100, epoch: 5 | loss: 0.2464852
	speed: 0.0028s/iter; left time: 181.5638s
	iters: 4200, epoch: 5 | loss: 0.4163379
	speed: 0.0028s/iter; left time: 181.9279s
Epoch: 5 cost time: 12.049783706665039
Epoch: 5, Steps: 4266 | Train Loss: 0.2671180 Vali Loss: 0.4374636 Test Loss: 0.3106549
EarlyStopping counter: 1 out of 5
Updating learning rate to 0.0003125
	iters: 100, epoch: 6 | loss: 0.2593278
	speed: 0.0256s/iter; left time: 1638.7117s
	iters: 200, epoch: 6 | loss: 0.2500708
	speed: 0.0029s/iter; left time: 183.1104s
	iters: 300, epoch: 6 | loss: 0.3068294
	speed: 0.0026s/iter; left time: 162.4121s
	iters: 400, epoch: 6 | loss: 0.3683077
	speed: 0.0026s/iter; left time: 162.9479s
	iters: 500, epoch: 6 | loss: 0.4013211
	speed: 0.0032s/iter; left time: 204.4407s
	iters: 600, epoch: 6 | loss: 0.4842815
	speed: 0.0032s/iter; left time: 202.2173s
	iters: 700, epoch: 6 | loss: 0.2118275
	speed: 0.0030s/iter; left time: 192.4335s
	iters: 800, epoch: 6 | loss: 0.2799098
	speed: 0.0027s/iter; left time: 168.2041s
	iters: 900, epoch: 6 | loss: 0.1748630
	speed: 0.0026s/iter; left time: 162.1440s
	iters: 1000, epoch: 6 | loss: 0.2140415
	speed: 0.0028s/iter; left time: 175.1148s
	iters: 1100, epoch: 6 | loss: 0.1819748
	speed: 0.0029s/iter; left time: 180.0606s
	iters: 1200, epoch: 6 | loss: 0.1804278
	speed: 0.0026s/iter; left time: 162.0304s
	iters: 1300, epoch: 6 | loss: 0.3345556
	speed: 0.0024s/iter; left time: 147.9506s
	iters: 1400, epoch: 6 | loss: 0.2609890
	speed: 0.0031s/iter; left time: 194.6576s
	iters: 1500, epoch: 6 | loss: 0.1788059
	speed: 0.0034s/iter; left time: 211.3835s
	iters: 1600, epoch: 6 | loss: 0.1989576
	speed: 0.0030s/iter; left time: 184.0870s
	iters: 1700, epoch: 6 | loss: 0.3216704
	speed: 0.0028s/iter; left time: 175.0302s
	iters: 1800, epoch: 6 | loss: 0.3301125
	speed: 0.0026s/iter; left time: 164.2686s
	iters: 1900, epoch: 6 | loss: 0.1992504
	speed: 0.0030s/iter; left time: 185.0311s
	iters: 2000, epoch: 6 | loss: 0.3254046
	speed: 0.0032s/iter; left time: 199.6109s
	iters: 2100, epoch: 6 | loss: 0.2609317
	speed: 0.0024s/iter; left time: 150.4316s
	iters: 2200, epoch: 6 | loss: 0.2487704
	speed: 0.0026s/iter; left time: 158.9175s
	iters: 2300, epoch: 6 | loss: 0.2108219
	speed: 0.0028s/iter; left time: 172.1175s
	iters: 2400, epoch: 6 | loss: 0.1871254
	speed: 0.0028s/iter; left time: 174.3027s
	iters: 2500, epoch: 6 | loss: 0.2203126
	speed: 0.0025s/iter; left time: 153.7275s
	iters: 2600, epoch: 6 | loss: 0.2199857
	speed: 0.0025s/iter; left time: 151.2151s
	iters: 2700, epoch: 6 | loss: 0.1912436
	speed: 0.0026s/iter; left time: 162.4211s
	iters: 2800, epoch: 6 | loss: 0.1860335
	speed: 0.0028s/iter; left time: 168.8873s
	iters: 2900, epoch: 6 | loss: 0.2370577
	speed: 0.0031s/iter; left time: 190.7535s
	iters: 3000, epoch: 6 | loss: 0.2757117
	speed: 0.0025s/iter; left time: 153.0869s
	iters: 3100, epoch: 6 | loss: 0.2033199
	speed: 0.0021s/iter; left time: 129.6980s
	iters: 3200, epoch: 6 | loss: 0.2646555
	speed: 0.0022s/iter; left time: 134.3827s
	iters: 3300, epoch: 6 | loss: 0.2001015
	speed: 0.0026s/iter; left time: 159.1134s
	iters: 3400, epoch: 6 | loss: 0.2426360
	speed: 0.0026s/iter; left time: 155.7189s
	iters: 3500, epoch: 6 | loss: 0.3184626
	speed: 0.0028s/iter; left time: 169.3748s
	iters: 3600, epoch: 6 | loss: 0.1948544
	speed: 0.0026s/iter; left time: 156.5307s
	iters: 3700, epoch: 6 | loss: 0.1718569
	speed: 0.0026s/iter; left time: 159.2902s
	iters: 3800, epoch: 6 | loss: 0.2234977
	speed: 0.0027s/iter; left time: 164.3221s
	iters: 3900, epoch: 6 | loss: 0.2699991
	speed: 0.0033s/iter; left time: 196.4972s
	iters: 4000, epoch: 6 | loss: 0.2488236
	speed: 0.0029s/iter; left time: 175.1738s
	iters: 4100, epoch: 6 | loss: 0.2179054
	speed: 0.0030s/iter; left time: 181.0335s
	iters: 4200, epoch: 6 | loss: 0.2670563
	speed: 0.0031s/iter; left time: 185.3864s
Epoch: 6 cost time: 11.809338331222534
Epoch: 6, Steps: 4266 | Train Loss: 0.2576274 Vali Loss: 0.3961293 Test Loss: 0.2987122
Validation loss decreased (0.400115 --> 0.396129).  Saving model ...
Updating learning rate to 0.00015625
	iters: 100, epoch: 7 | loss: 0.1603830
	speed: 0.0212s/iter; left time: 1263.6947s
	iters: 200, epoch: 7 | loss: 0.3117369
	speed: 0.0026s/iter; left time: 155.3602s
	iters: 300, epoch: 7 | loss: 0.2553027
	speed: 0.0026s/iter; left time: 155.8382s
	iters: 400, epoch: 7 | loss: 0.3036887
	speed: 0.0032s/iter; left time: 189.8400s
	iters: 500, epoch: 7 | loss: 0.2836999
	speed: 0.0032s/iter; left time: 187.7418s
	iters: 600, epoch: 7 | loss: 0.2535605
	speed: 0.0029s/iter; left time: 169.2244s
	iters: 700, epoch: 7 | loss: 0.1964507
	speed: 0.0026s/iter; left time: 155.2650s
	iters: 800, epoch: 7 | loss: 0.2641554
	speed: 0.0027s/iter; left time: 160.2760s
	iters: 900, epoch: 7 | loss: 0.2476325
	speed: 0.0028s/iter; left time: 167.6512s
	iters: 1000, epoch: 7 | loss: 0.2285335
	speed: 0.0029s/iter; left time: 167.5223s
	iters: 1100, epoch: 7 | loss: 0.2002547
	speed: 0.0026s/iter; left time: 151.2703s
	iters: 1200, epoch: 7 | loss: 0.2159652
	speed: 0.0026s/iter; left time: 151.0316s
	iters: 1300, epoch: 7 | loss: 0.1913095
	speed: 0.0028s/iter; left time: 163.6811s
	iters: 1400, epoch: 7 | loss: 0.1807261
	speed: 0.0028s/iter; left time: 165.6442s
	iters: 1500, epoch: 7 | loss: 0.2314955
	speed: 0.0028s/iter; left time: 161.2824s
	iters: 1600, epoch: 7 | loss: 0.2811100
	speed: 0.0028s/iter; left time: 164.4935s
	iters: 1700, epoch: 7 | loss: 0.2495847
	speed: 0.0031s/iter; left time: 180.0177s
	iters: 1800, epoch: 7 | loss: 0.2317803
	speed: 0.0026s/iter; left time: 152.3429s
	iters: 1900, epoch: 7 | loss: 0.1798375
	speed: 0.0026s/iter; left time: 150.3447s
	iters: 2000, epoch: 7 | loss: 0.2348182
	speed: 0.0026s/iter; left time: 150.0849s
	iters: 2100, epoch: 7 | loss: 0.1717425
	speed: 0.0026s/iter; left time: 150.5587s
	iters: 2200, epoch: 7 | loss: 0.2877266
	speed: 0.0027s/iter; left time: 155.3518s
	iters: 2300, epoch: 7 | loss: 0.2918869
	speed: 0.0030s/iter; left time: 171.2179s
	iters: 2400, epoch: 7 | loss: 0.2528120
	speed: 0.0033s/iter; left time: 186.9961s
	iters: 2500, epoch: 7 | loss: 0.2842341
	speed: 0.0030s/iter; left time: 169.3859s
	iters: 2600, epoch: 7 | loss: 0.3752357
	speed: 0.0029s/iter; left time: 167.3760s
	iters: 2700, epoch: 7 | loss: 0.1518257
	speed: 0.0030s/iter; left time: 170.1350s
	iters: 2800, epoch: 7 | loss: 0.1973889
	speed: 0.0033s/iter; left time: 187.2823s
	iters: 2900, epoch: 7 | loss: 0.1745690
	speed: 0.0033s/iter; left time: 186.9555s
	iters: 3000, epoch: 7 | loss: 0.1844619
	speed: 0.0029s/iter; left time: 166.2041s
	iters: 3100, epoch: 7 | loss: 0.2873795
	speed: 0.0028s/iter; left time: 156.4315s
	iters: 3200, epoch: 7 | loss: 0.4513988
	speed: 0.0025s/iter; left time: 140.7473s
	iters: 3300, epoch: 7 | loss: 0.2841879
	speed: 0.0025s/iter; left time: 140.4983s
	iters: 3400, epoch: 7 | loss: 0.2994612
	speed: 0.0025s/iter; left time: 138.6514s
	iters: 3500, epoch: 7 | loss: 0.3610157
	speed: 0.0025s/iter; left time: 140.5625s
	iters: 3600, epoch: 7 | loss: 0.2173060
	speed: 0.0028s/iter; left time: 158.8339s
	iters: 3700, epoch: 7 | loss: 0.4730181
	speed: 0.0029s/iter; left time: 161.9430s
	iters: 3800, epoch: 7 | loss: 0.2070630
	speed: 0.0028s/iter; left time: 158.3659s
	iters: 3900, epoch: 7 | loss: 0.1420891
	speed: 0.0029s/iter; left time: 159.6594s
	iters: 4000, epoch: 7 | loss: 0.2482794
	speed: 0.0028s/iter; left time: 157.1444s
	iters: 4100, epoch: 7 | loss: 0.2650180
	speed: 0.0027s/iter; left time: 152.9537s
	iters: 4200, epoch: 7 | loss: 0.1561817
	speed: 0.0029s/iter; left time: 160.0120s
Epoch: 7 cost time: 11.956113338470459
Epoch: 7, Steps: 4266 | Train Loss: 0.2528439 Vali Loss: 0.3857241 Test Loss: 0.2919427
Validation loss decreased (0.396129 --> 0.385724).  Saving model ...
Updating learning rate to 7.8125e-05
	iters: 100, epoch: 8 | loss: 0.2068312
	speed: 0.0270s/iter; left time: 1493.9100s
	iters: 200, epoch: 8 | loss: 0.3643565
	speed: 0.0033s/iter; left time: 180.2445s
	iters: 300, epoch: 8 | loss: 0.2567682
	speed: 0.0033s/iter; left time: 182.5767s
	iters: 400, epoch: 8 | loss: 0.2239284
	speed: 0.0033s/iter; left time: 182.2449s
	iters: 500, epoch: 8 | loss: 0.3889977
	speed: 0.0032s/iter; left time: 174.3413s
	iters: 600, epoch: 8 | loss: 0.3072584
	speed: 0.0033s/iter; left time: 181.0357s
	iters: 700, epoch: 8 | loss: 0.1930163
	speed: 0.0033s/iter; left time: 179.6926s
	iters: 800, epoch: 8 | loss: 0.1668388
	speed: 0.0032s/iter; left time: 175.0556s
	iters: 900, epoch: 8 | loss: 0.2343405
	speed: 0.0033s/iter; left time: 177.8938s
	iters: 1000, epoch: 8 | loss: 0.2862038
	speed: 0.0034s/iter; left time: 182.4383s
	iters: 1100, epoch: 8 | loss: 0.2951756
	speed: 0.0033s/iter; left time: 179.5331s
	iters: 1200, epoch: 8 | loss: 0.1792229
	speed: 0.0033s/iter; left time: 177.9699s
	iters: 1300, epoch: 8 | loss: 0.2764406
	speed: 0.0032s/iter; left time: 175.5076s
	iters: 1400, epoch: 8 | loss: 0.4125382
	speed: 0.0029s/iter; left time: 156.3294s
	iters: 1500, epoch: 8 | loss: 0.3313912
	speed: 0.0024s/iter; left time: 127.3413s
	iters: 1600, epoch: 8 | loss: 0.3107172
	speed: 0.0023s/iter; left time: 122.2604s
	iters: 1700, epoch: 8 | loss: 0.2287805
	speed: 0.0025s/iter; left time: 132.2468s
	iters: 1800, epoch: 8 | loss: 0.3238876
	speed: 0.0028s/iter; left time: 149.9041s
	iters: 1900, epoch: 8 | loss: 0.2847502
	speed: 0.0025s/iter; left time: 132.2907s
	iters: 2000, epoch: 8 | loss: 0.2409486
	speed: 0.0025s/iter; left time: 132.5781s
	iters: 2100, epoch: 8 | loss: 0.2450281
	speed: 0.0025s/iter; left time: 132.3304s
	iters: 2200, epoch: 8 | loss: 0.2066334
	speed: 0.0025s/iter; left time: 132.2151s
	iters: 2300, epoch: 8 | loss: 0.2280966
	speed: 0.0027s/iter; left time: 142.9979s
	iters: 2400, epoch: 8 | loss: 0.1448479
	speed: 0.0028s/iter; left time: 148.5974s
	iters: 2500, epoch: 8 | loss: 0.2066770
	speed: 0.0026s/iter; left time: 139.3307s
	iters: 2600, epoch: 8 | loss: 0.2955460
	speed: 0.0026s/iter; left time: 139.6444s
	iters: 2700, epoch: 8 | loss: 0.1716724
	speed: 0.0029s/iter; left time: 151.9452s
	iters: 2800, epoch: 8 | loss: 0.2228583
	speed: 0.0030s/iter; left time: 155.8714s
	iters: 2900, epoch: 8 | loss: 0.2456856
	speed: 0.0029s/iter; left time: 150.9722s
	iters: 3000, epoch: 8 | loss: 0.2468979
	speed: 0.0030s/iter; left time: 155.2788s
	iters: 3100, epoch: 8 | loss: 0.2604203
	speed: 0.0026s/iter; left time: 136.6578s
	iters: 3200, epoch: 8 | loss: 0.1977300
	speed: 0.0021s/iter; left time: 111.3112s
	iters: 3300, epoch: 8 | loss: 0.2812655
	speed: 0.0024s/iter; left time: 122.7282s
	iters: 3400, epoch: 8 | loss: 0.2893268
	speed: 0.0026s/iter; left time: 133.3047s
	iters: 3500, epoch: 8 | loss: 0.1770721
	speed: 0.0024s/iter; left time: 122.6234s
	iters: 3600, epoch: 8 | loss: 0.1658906
	speed: 0.0024s/iter; left time: 122.9057s
	iters: 3700, epoch: 8 | loss: 0.2647351
	speed: 0.0024s/iter; left time: 122.2475s
	iters: 3800, epoch: 8 | loss: 0.1498116
	speed: 0.0027s/iter; left time: 141.0294s
	iters: 3900, epoch: 8 | loss: 0.2388716
	speed: 0.0029s/iter; left time: 150.5810s
	iters: 4000, epoch: 8 | loss: 0.2407197
	speed: 0.0029s/iter; left time: 149.2312s
	iters: 4100, epoch: 8 | loss: 0.2474513
	speed: 0.0030s/iter; left time: 152.0982s
	iters: 4200, epoch: 8 | loss: 0.3754919
	speed: 0.0029s/iter; left time: 148.6511s
Epoch: 8 cost time: 12.083401203155518
Epoch: 8, Steps: 4266 | Train Loss: 0.2504665 Vali Loss: 0.3825963 Test Loss: 0.2927487
Validation loss decreased (0.385724 --> 0.382596).  Saving model ...
Updating learning rate to 3.90625e-05
	iters: 100, epoch: 9 | loss: 0.2013358
	speed: 0.0261s/iter; left time: 1334.8966s
	iters: 200, epoch: 9 | loss: 0.1456276
	speed: 0.0031s/iter; left time: 156.5475s
	iters: 300, epoch: 9 | loss: 0.2107009
	speed: 0.0026s/iter; left time: 131.8368s
	iters: 400, epoch: 9 | loss: 0.2147085
	speed: 0.0028s/iter; left time: 140.6963s
	iters: 500, epoch: 9 | loss: 0.1929993
	speed: 0.0028s/iter; left time: 143.5619s
	iters: 600, epoch: 9 | loss: 0.2124589
	speed: 0.0025s/iter; left time: 126.9875s
	iters: 700, epoch: 9 | loss: 0.2441083
	speed: 0.0027s/iter; left time: 134.8168s
	iters: 800, epoch: 9 | loss: 0.1690755
	speed: 0.0028s/iter; left time: 143.2130s
	iters: 900, epoch: 9 | loss: 0.2798114
	speed: 0.0028s/iter; left time: 138.8079s
	iters: 1000, epoch: 9 | loss: 0.2511668
	speed: 0.0030s/iter; left time: 152.5867s
	iters: 1100, epoch: 9 | loss: 0.1924099
	speed: 0.0030s/iter; left time: 150.7733s
	iters: 1200, epoch: 9 | loss: 0.2033859
	speed: 0.0028s/iter; left time: 140.0674s
	iters: 1300, epoch: 9 | loss: 0.1581001
	speed: 0.0027s/iter; left time: 132.7292s
	iters: 1400, epoch: 9 | loss: 0.3657697
	speed: 0.0028s/iter; left time: 137.9278s
	iters: 1500, epoch: 9 | loss: 0.3050126
	speed: 0.0027s/iter; left time: 132.3409s
	iters: 1600, epoch: 9 | loss: 0.2157400
	speed: 0.0026s/iter; left time: 127.4525s
	iters: 1700, epoch: 9 | loss: 0.2344281
	speed: 0.0029s/iter; left time: 141.5206s
	iters: 1800, epoch: 9 | loss: 0.2131341
	speed: 0.0029s/iter; left time: 142.7604s
	iters: 1900, epoch: 9 | loss: 0.2664252
	speed: 0.0029s/iter; left time: 144.0060s
	iters: 2000, epoch: 9 | loss: 0.2390351
	speed: 0.0032s/iter; left time: 156.4338s
	iters: 2100, epoch: 9 | loss: 0.2984470
	speed: 0.0032s/iter; left time: 158.0796s
	iters: 2200, epoch: 9 | loss: 0.1756481
	speed: 0.0032s/iter; left time: 158.3275s
	iters: 2300, epoch: 9 | loss: 0.1801915
	speed: 0.0032s/iter; left time: 157.4507s
	iters: 2400, epoch: 9 | loss: 0.3689893
	speed: 0.0029s/iter; left time: 141.0433s
	iters: 2500, epoch: 9 | loss: 0.2501757
	speed: 0.0024s/iter; left time: 115.8890s
	iters: 2600, epoch: 9 | loss: 0.3019942
	speed: 0.0028s/iter; left time: 133.7764s
	iters: 2700, epoch: 9 | loss: 0.2417669
	speed: 0.0031s/iter; left time: 149.2688s
	iters: 2800, epoch: 9 | loss: 0.2349115
	speed: 0.0031s/iter; left time: 148.0825s
	iters: 2900, epoch: 9 | loss: 0.2986403
	speed: 0.0030s/iter; left time: 144.5437s
	iters: 3000, epoch: 9 | loss: 0.2353627
	speed: 0.0029s/iter; left time: 137.8319s
	iters: 3100, epoch: 9 | loss: 0.3403865
	speed: 0.0033s/iter; left time: 160.1500s
	iters: 3200, epoch: 9 | loss: 0.3427823
	speed: 0.0033s/iter; left time: 156.0750s
	iters: 3300, epoch: 9 | loss: 0.1543618
	speed: 0.0032s/iter; left time: 152.2998s
	iters: 3400, epoch: 9 | loss: 0.2017226
	speed: 0.0033s/iter; left time: 157.7165s
	iters: 3500, epoch: 9 | loss: 0.2877709
	speed: 0.0033s/iter; left time: 156.5038s
	iters: 3600, epoch: 9 | loss: 0.2188090
	speed: 0.0032s/iter; left time: 151.8448s
	iters: 3700, epoch: 9 | loss: 0.3045906
	speed: 0.0028s/iter; left time: 133.9852s
	iters: 3800, epoch: 9 | loss: 0.1590237
	speed: 0.0028s/iter; left time: 135.0698s
	iters: 3900, epoch: 9 | loss: 0.1958658
	speed: 0.0028s/iter; left time: 130.6534s
	iters: 4000, epoch: 9 | loss: 0.2541437
	speed: 0.0027s/iter; left time: 129.3090s
	iters: 4100, epoch: 9 | loss: 0.2517188
	speed: 0.0027s/iter; left time: 126.7025s
	iters: 4200, epoch: 9 | loss: 0.2493095
	speed: 0.0028s/iter; left time: 129.3527s
Epoch: 9 cost time: 12.385992527008057
Epoch: 9, Steps: 4266 | Train Loss: 0.2491798 Vali Loss: 0.3775715 Test Loss: 0.2881864
Validation loss decreased (0.382596 --> 0.377572).  Saving model ...
Updating learning rate to 1.953125e-05
	iters: 100, epoch: 10 | loss: 0.2064738
	speed: 0.0214s/iter; left time: 1003.6391s
	iters: 200, epoch: 10 | loss: 0.3754472
	speed: 0.0028s/iter; left time: 131.7981s
	iters: 300, epoch: 10 | loss: 0.4738432
	speed: 0.0029s/iter; left time: 133.3531s
	iters: 400, epoch: 10 | loss: 0.1745915
	speed: 0.0028s/iter; left time: 132.2276s
	iters: 500, epoch: 10 | loss: 0.2305107
	speed: 0.0026s/iter; left time: 122.1027s
	iters: 600, epoch: 10 | loss: 0.2429353
	speed: 0.0030s/iter; left time: 139.9079s
	iters: 700, epoch: 10 | loss: 0.2315912
	speed: 0.0029s/iter; left time: 135.9354s
	iters: 800, epoch: 10 | loss: 0.1660544
	speed: 0.0031s/iter; left time: 143.5992s
	iters: 900, epoch: 10 | loss: 0.2051560
	speed: 0.0023s/iter; left time: 107.7031s
	iters: 1000, epoch: 10 | loss: 0.2653699
	speed: 0.0022s/iter; left time: 102.8765s
	iters: 1100, epoch: 10 | loss: 0.2283993
	speed: 0.0026s/iter; left time: 118.6916s
	iters: 1200, epoch: 10 | loss: 0.2217213
	speed: 0.0029s/iter; left time: 132.2492s
	iters: 1300, epoch: 10 | loss: 0.2443510
	speed: 0.0029s/iter; left time: 130.4937s
	iters: 1400, epoch: 10 | loss: 0.1769056
	speed: 0.0026s/iter; left time: 117.0059s
	iters: 1500, epoch: 10 | loss: 0.1842468
	speed: 0.0030s/iter; left time: 135.9199s
	iters: 1600, epoch: 10 | loss: 0.2393941
	speed: 0.0028s/iter; left time: 128.7282s
	iters: 1700, epoch: 10 | loss: 0.3297926
	speed: 0.0026s/iter; left time: 118.0426s
	iters: 1800, epoch: 10 | loss: 0.1792937
	speed: 0.0026s/iter; left time: 116.4275s
	iters: 1900, epoch: 10 | loss: 0.2411828
	speed: 0.0027s/iter; left time: 122.5621s
	iters: 2000, epoch: 10 | loss: 0.2453329
	speed: 0.0027s/iter; left time: 119.0566s
	iters: 2100, epoch: 10 | loss: 0.3515338
	speed: 0.0029s/iter; left time: 129.5499s
	iters: 2200, epoch: 10 | loss: 0.2032335
	speed: 0.0030s/iter; left time: 135.1026s
	iters: 2300, epoch: 10 | loss: 0.1932014
	speed: 0.0032s/iter; left time: 144.2619s
	iters: 2400, epoch: 10 | loss: 0.2594584
	speed: 0.0033s/iter; left time: 145.1583s
	iters: 2500, epoch: 10 | loss: 0.2382569
	speed: 0.0029s/iter; left time: 130.6148s
	iters: 2600, epoch: 10 | loss: 0.2303871
	speed: 0.0030s/iter; left time: 133.1298s
	iters: 2700, epoch: 10 | loss: 0.2307420
	speed: 0.0032s/iter; left time: 139.7573s
	iters: 2800, epoch: 10 | loss: 0.2605642
	speed: 0.0034s/iter; left time: 148.2669s
	iters: 2900, epoch: 10 | loss: 0.2484390
	speed: 0.0033s/iter; left time: 144.0612s
	iters: 3000, epoch: 10 | loss: 0.2250379
	speed: 0.0033s/iter; left time: 144.5467s
	iters: 3100, epoch: 10 | loss: 0.2267675
	speed: 0.0035s/iter; left time: 153.8326s
	iters: 3200, epoch: 10 | loss: 0.2756142
	speed: 0.0035s/iter; left time: 151.4068s
	iters: 3300, epoch: 10 | loss: 0.2089382
	speed: 0.0030s/iter; left time: 133.0614s
	iters: 3400, epoch: 10 | loss: 0.2877723
	speed: 0.0023s/iter; left time: 97.9363s
	iters: 3500, epoch: 10 | loss: 0.2222507
	speed: 0.0023s/iter; left time: 100.7761s
	iters: 3600, epoch: 10 | loss: 0.2229336
	speed: 0.0023s/iter; left time: 98.0667s
	iters: 3700, epoch: 10 | loss: 0.3175333
	speed: 0.0029s/iter; left time: 124.4937s
	iters: 3800, epoch: 10 | loss: 0.2889372
	speed: 0.0031s/iter; left time: 134.9866s
	iters: 3900, epoch: 10 | loss: 0.2088991
	speed: 0.0030s/iter; left time: 129.1502s
	iters: 4000, epoch: 10 | loss: 0.1974223
	speed: 0.0031s/iter; left time: 133.0953s
	iters: 4100, epoch: 10 | loss: 0.2791035
	speed: 0.0031s/iter; left time: 133.6203s
	iters: 4200, epoch: 10 | loss: 0.3166176
	speed: 0.0031s/iter; left time: 132.0932s
Epoch: 10 cost time: 12.330349206924438
Epoch: 10, Steps: 4266 | Train Loss: 0.2485543 Vali Loss: 0.3784972 Test Loss: 0.2878478
EarlyStopping counter: 1 out of 5
Updating learning rate to 9.765625e-06
	iters: 100, epoch: 11 | loss: 0.1784627
	speed: 0.0229s/iter; left time: 976.1975s
	iters: 200, epoch: 11 | loss: 0.3313004
	speed: 0.0025s/iter; left time: 107.4258s
	iters: 300, epoch: 11 | loss: 0.2395240
	speed: 0.0027s/iter; left time: 115.2223s
	iters: 400, epoch: 11 | loss: 0.2445989
	speed: 0.0029s/iter; left time: 123.0521s
	iters: 500, epoch: 11 | loss: 0.3128034
	speed: 0.0027s/iter; left time: 112.3389s
	iters: 600, epoch: 11 | loss: 0.1942164
	speed: 0.0025s/iter; left time: 106.4140s
	iters: 700, epoch: 11 | loss: 0.2071159
	speed: 0.0028s/iter; left time: 119.1692s
	iters: 800, epoch: 11 | loss: 0.3729103
	speed: 0.0029s/iter; left time: 120.2468s
	iters: 900, epoch: 11 | loss: 0.2010496
	speed: 0.0032s/iter; left time: 132.3841s
	iters: 1000, epoch: 11 | loss: 0.2007224
	speed: 0.0031s/iter; left time: 128.7575s
	iters: 1100, epoch: 11 | loss: 0.2501318
	speed: 0.0028s/iter; left time: 117.7229s
	iters: 1200, epoch: 11 | loss: 0.2178188
	speed: 0.0025s/iter; left time: 102.4092s
	iters: 1300, epoch: 11 | loss: 0.4112981
	speed: 0.0025s/iter; left time: 104.2300s
	iters: 1400, epoch: 11 | loss: 0.2318613
	speed: 0.0026s/iter; left time: 106.0407s
	iters: 1500, epoch: 11 | loss: 0.2458401
	speed: 0.0025s/iter; left time: 104.2231s
	iters: 1600, epoch: 11 | loss: 0.1944934
	speed: 0.0022s/iter; left time: 91.5659s
	iters: 1700, epoch: 11 | loss: 0.2407056
	speed: 0.0021s/iter; left time: 86.4279s
	iters: 1800, epoch: 11 | loss: 0.1957560
	speed: 0.0030s/iter; left time: 122.9917s
	iters: 1900, epoch: 11 | loss: 0.2080856
	speed: 0.0030s/iter; left time: 122.8039s
	iters: 2000, epoch: 11 | loss: 0.2313749
	speed: 0.0031s/iter; left time: 125.6422s
	iters: 2100, epoch: 11 | loss: 0.3357300
	speed: 0.0033s/iter; left time: 131.8235s
	iters: 2200, epoch: 11 | loss: 0.2883006
	speed: 0.0029s/iter; left time: 118.2115s
	iters: 2300, epoch: 11 | loss: 0.2397163
	speed: 0.0030s/iter; left time: 122.6978s
	iters: 2400, epoch: 11 | loss: 0.3431363
	speed: 0.0032s/iter; left time: 127.6449s
	iters: 2500, epoch: 11 | loss: 0.1900357
	speed: 0.0029s/iter; left time: 117.3343s
	iters: 2600, epoch: 11 | loss: 0.2928281
	speed: 0.0026s/iter; left time: 104.9596s
	iters: 2700, epoch: 11 | loss: 0.2036555
	speed: 0.0026s/iter; left time: 103.8986s
	iters: 2800, epoch: 11 | loss: 0.2172763
	speed: 0.0028s/iter; left time: 112.4086s
	iters: 2900, epoch: 11 | loss: 0.2295535
	speed: 0.0026s/iter; left time: 104.2692s
	iters: 3000, epoch: 11 | loss: 0.1553787
	speed: 0.0026s/iter; left time: 101.9288s
	iters: 3100, epoch: 11 | loss: 0.2160844
	speed: 0.0026s/iter; left time: 101.2768s
	iters: 3200, epoch: 11 | loss: 0.2043657
	speed: 0.0026s/iter; left time: 101.0199s
	iters: 3300, epoch: 11 | loss: 0.1846113
	speed: 0.0026s/iter; left time: 100.8749s
	iters: 3400, epoch: 11 | loss: 0.2551387
	speed: 0.0026s/iter; left time: 101.2932s
	iters: 3500, epoch: 11 | loss: 0.2317870
	speed: 0.0028s/iter; left time: 110.8452s
	iters: 3600, epoch: 11 | loss: 0.2240791
	speed: 0.0030s/iter; left time: 115.2480s
	iters: 3700, epoch: 11 | loss: 0.2489541
	speed: 0.0030s/iter; left time: 115.8242s
	iters: 3800, epoch: 11 | loss: 0.2223270
	speed: 0.0029s/iter; left time: 111.5309s
	iters: 3900, epoch: 11 | loss: 0.2661074
	speed: 0.0029s/iter; left time: 111.6537s
	iters: 4000, epoch: 11 | loss: 0.2753089
	speed: 0.0030s/iter; left time: 114.8924s
	iters: 4100, epoch: 11 | loss: 0.2102580
	speed: 0.0032s/iter; left time: 124.9374s
	iters: 4200, epoch: 11 | loss: 0.3334181
	speed: 0.0033s/iter; left time: 125.7676s
Epoch: 11 cost time: 11.93035626411438
Epoch: 11, Steps: 4266 | Train Loss: 0.2481871 Vali Loss: 0.3752396 Test Loss: 0.2877831
Validation loss decreased (0.377572 --> 0.375240).  Saving model ...
Updating learning rate to 4.8828125e-06
	iters: 100, epoch: 12 | loss: 0.2267434
	speed: 0.0250s/iter; left time: 956.5486s
	iters: 200, epoch: 12 | loss: 0.1716253
	speed: 0.0030s/iter; left time: 113.8212s
	iters: 300, epoch: 12 | loss: 0.1816718
	speed: 0.0029s/iter; left time: 110.4745s
	iters: 400, epoch: 12 | loss: 0.1591631
	speed: 0.0023s/iter; left time: 85.9407s
	iters: 500, epoch: 12 | loss: 0.1912695
	speed: 0.0030s/iter; left time: 115.2009s
	iters: 600, epoch: 12 | loss: 0.1747842
	speed: 0.0033s/iter; left time: 124.3454s
	iters: 700, epoch: 12 | loss: 0.2275622
	speed: 0.0033s/iter; left time: 124.4527s
	iters: 800, epoch: 12 | loss: 0.2937264
	speed: 0.0033s/iter; left time: 122.1958s
	iters: 900, epoch: 12 | loss: 0.3911144
	speed: 0.0033s/iter; left time: 124.4834s
	iters: 1000, epoch: 12 | loss: 0.2047328
	speed: 0.0032s/iter; left time: 119.3977s
	iters: 1100, epoch: 12 | loss: 0.2655843
	speed: 0.0031s/iter; left time: 115.2416s
	iters: 1200, epoch: 12 | loss: 0.3168464
	speed: 0.0031s/iter; left time: 113.4660s
	iters: 1300, epoch: 12 | loss: 0.2316754
	speed: 0.0022s/iter; left time: 83.4635s
	iters: 1400, epoch: 12 | loss: 0.1926284
	speed: 0.0023s/iter; left time: 84.8192s
	iters: 1500, epoch: 12 | loss: 0.2547219
	speed: 0.0025s/iter; left time: 92.6066s
	iters: 1600, epoch: 12 | loss: 0.2879046
	speed: 0.0026s/iter; left time: 94.1950s
	iters: 1700, epoch: 12 | loss: 0.3061533
	speed: 0.0023s/iter; left time: 82.9308s
	iters: 1800, epoch: 12 | loss: 0.4340792
	speed: 0.0024s/iter; left time: 87.5475s
	iters: 1900, epoch: 12 | loss: 0.1725670
	speed: 0.0029s/iter; left time: 105.4706s
	iters: 2000, epoch: 12 | loss: 0.2253195
	speed: 0.0031s/iter; left time: 114.6441s
	iters: 2100, epoch: 12 | loss: 0.2487121
	speed: 0.0033s/iter; left time: 119.0538s
	iters: 2200, epoch: 12 | loss: 0.3228795
	speed: 0.0029s/iter; left time: 105.6892s
	iters: 2300, epoch: 12 | loss: 0.2404715
	speed: 0.0033s/iter; left time: 119.1139s
	iters: 2400, epoch: 12 | loss: 0.1391227
	speed: 0.0028s/iter; left time: 101.8661s
	iters: 2500, epoch: 12 | loss: 0.2346917
	speed: 0.0031s/iter; left time: 109.5421s
	iters: 2600, epoch: 12 | loss: 0.1644377
	speed: 0.0032s/iter; left time: 114.9022s
	iters: 2700, epoch: 12 | loss: 0.2290595
	speed: 0.0033s/iter; left time: 116.7441s
	iters: 2800, epoch: 12 | loss: 0.3762506
	speed: 0.0030s/iter; left time: 107.9641s
	iters: 2900, epoch: 12 | loss: 0.3094360
	speed: 0.0030s/iter; left time: 105.7747s
	iters: 3000, epoch: 12 | loss: 0.2701314
	speed: 0.0030s/iter; left time: 106.1852s
	iters: 3100, epoch: 12 | loss: 0.2284199
	speed: 0.0033s/iter; left time: 116.5598s
	iters: 3200, epoch: 12 | loss: 0.2730868
	speed: 0.0031s/iter; left time: 108.0486s
	iters: 3300, epoch: 12 | loss: 0.1468897
	speed: 0.0029s/iter; left time: 102.1264s
	iters: 3400, epoch: 12 | loss: 0.2099079
	speed: 0.0030s/iter; left time: 103.5840s
	iters: 3500, epoch: 12 | loss: 0.2015986
	speed: 0.0033s/iter; left time: 115.2143s
	iters: 3600, epoch: 12 | loss: 0.3291366
	speed: 0.0027s/iter; left time: 92.2162s
	iters: 3700, epoch: 12 | loss: 0.1604936
	speed: 0.0024s/iter; left time: 82.5743s
	iters: 3800, epoch: 12 | loss: 0.1755302
	speed: 0.0026s/iter; left time: 89.3190s
	iters: 3900, epoch: 12 | loss: 0.2272570
	speed: 0.0027s/iter; left time: 94.5164s
	iters: 4000, epoch: 12 | loss: 0.2283422
	speed: 0.0025s/iter; left time: 86.6761s
	iters: 4100, epoch: 12 | loss: 0.1780166
	speed: 0.0025s/iter; left time: 84.7292s
	iters: 4200, epoch: 12 | loss: 0.2192526
	speed: 0.0028s/iter; left time: 95.1876s
Epoch: 12 cost time: 12.326097011566162
Epoch: 12, Steps: 4266 | Train Loss: 0.2479789 Vali Loss: 0.3771225 Test Loss: 0.2874984
EarlyStopping counter: 1 out of 5
Updating learning rate to 2.44140625e-06
	iters: 100, epoch: 13 | loss: 0.2356942
	speed: 0.0201s/iter; left time: 682.4122s
	iters: 200, epoch: 13 | loss: 0.3105412
	speed: 0.0033s/iter; left time: 111.6262s
	iters: 300, epoch: 13 | loss: 0.2780770
	speed: 0.0029s/iter; left time: 98.8005s
	iters: 400, epoch: 13 | loss: 0.2262904
	speed: 0.0028s/iter; left time: 95.5099s
	iters: 500, epoch: 13 | loss: 0.1960214
	speed: 0.0030s/iter; left time: 99.2057s
	iters: 600, epoch: 13 | loss: 0.2605553
	speed: 0.0033s/iter; left time: 110.6457s
	iters: 700, epoch: 13 | loss: 0.3269956
	speed: 0.0033s/iter; left time: 111.1026s
	iters: 800, epoch: 13 | loss: 0.2263299
	speed: 0.0032s/iter; left time: 106.6532s
	iters: 900, epoch: 13 | loss: 0.2111975
	speed: 0.0033s/iter; left time: 108.6584s
	iters: 1000, epoch: 13 | loss: 0.2008588
	speed: 0.0032s/iter; left time: 107.3382s
	iters: 1100, epoch: 13 | loss: 0.2649382
	speed: 0.0031s/iter; left time: 103.1283s
	iters: 1200, epoch: 13 | loss: 0.2756756
	speed: 0.0028s/iter; left time: 91.2132s
	iters: 1300, epoch: 13 | loss: 0.2101600
	speed: 0.0027s/iter; left time: 87.9815s
	iters: 1400, epoch: 13 | loss: 0.1989928
	speed: 0.0031s/iter; left time: 99.8707s
	iters: 1500, epoch: 13 | loss: 0.1879103
	speed: 0.0029s/iter; left time: 95.6031s
	iters: 1600, epoch: 13 | loss: 0.1732871
	speed: 0.0032s/iter; left time: 102.8133s
	iters: 1700, epoch: 13 | loss: 0.2832897
	speed: 0.0030s/iter; left time: 98.3252s
	iters: 1800, epoch: 13 | loss: 0.3109031
	speed: 0.0029s/iter; left time: 93.1077s
	iters: 1900, epoch: 13 | loss: 0.2710220
	speed: 0.0024s/iter; left time: 78.3162s
	iters: 2000, epoch: 13 | loss: 0.2876762
	speed: 0.0028s/iter; left time: 91.5671s
	iters: 2100, epoch: 13 | loss: 0.3851605
	speed: 0.0028s/iter; left time: 90.7252s
	iters: 2200, epoch: 13 | loss: 0.2898182
	speed: 0.0031s/iter; left time: 99.9377s
	iters: 2300, epoch: 13 | loss: 0.1719998
	speed: 0.0033s/iter; left time: 103.7626s
	iters: 2400, epoch: 13 | loss: 0.2672608
	speed: 0.0032s/iter; left time: 102.2371s
	iters: 2500, epoch: 13 | loss: 0.2235858
	speed: 0.0032s/iter; left time: 101.2128s
	iters: 2600, epoch: 13 | loss: 0.2970423
	speed: 0.0031s/iter; left time: 97.1094s
	iters: 2700, epoch: 13 | loss: 0.2221503
	speed: 0.0029s/iter; left time: 90.6094s
	iters: 2800, epoch: 13 | loss: 0.3122847
	speed: 0.0029s/iter; left time: 89.6136s
	iters: 2900, epoch: 13 | loss: 0.1882499
	speed: 0.0029s/iter; left time: 91.5003s
	iters: 3000, epoch: 13 | loss: 0.2662762
	speed: 0.0029s/iter; left time: 90.5941s
	iters: 3100, epoch: 13 | loss: 0.2817415
	speed: 0.0029s/iter; left time: 90.0493s
	iters: 3200, epoch: 13 | loss: 0.1889019
	speed: 0.0029s/iter; left time: 89.6942s
	iters: 3300, epoch: 13 | loss: 0.2069567
	speed: 0.0029s/iter; left time: 88.7873s
	iters: 3400, epoch: 13 | loss: 0.1819858
	speed: 0.0029s/iter; left time: 88.8623s
	iters: 3500, epoch: 13 | loss: 0.1985415
	speed: 0.0029s/iter; left time: 88.5267s
	iters: 3600, epoch: 13 | loss: 0.1895258
	speed: 0.0029s/iter; left time: 87.6219s
	iters: 3700, epoch: 13 | loss: 0.2200998
	speed: 0.0033s/iter; left time: 101.3286s
	iters: 3800, epoch: 13 | loss: 0.2184893
	speed: 0.0033s/iter; left time: 98.9572s
	iters: 3900, epoch: 13 | loss: 0.2717233
	speed: 0.0033s/iter; left time: 100.3696s
	iters: 4000, epoch: 13 | loss: 0.3020078
	speed: 0.0033s/iter; left time: 100.3296s
	iters: 4100, epoch: 13 | loss: 0.2892342
	speed: 0.0031s/iter; left time: 93.6760s
	iters: 4200, epoch: 13 | loss: 0.2575396
	speed: 0.0033s/iter; left time: 99.3643s
Epoch: 13 cost time: 13.00891900062561
Epoch: 13, Steps: 4266 | Train Loss: 0.2478786 Vali Loss: 0.3746837 Test Loss: 0.2878378
Validation loss decreased (0.375240 --> 0.374684).  Saving model ...
Updating learning rate to 1.220703125e-06
	iters: 100, epoch: 14 | loss: 0.3880489
	speed: 0.0256s/iter; left time: 761.5612s
	iters: 200, epoch: 14 | loss: 0.2043605
	speed: 0.0032s/iter; left time: 94.9216s
	iters: 300, epoch: 14 | loss: 0.3477585
	speed: 0.0033s/iter; left time: 96.6785s
	iters: 400, epoch: 14 | loss: 0.2309185
	speed: 0.0033s/iter; left time: 97.0142s
	iters: 500, epoch: 14 | loss: 0.2461281
	speed: 0.0029s/iter; left time: 86.0337s
	iters: 600, epoch: 14 | loss: 0.0935343
	speed: 0.0028s/iter; left time: 82.8143s
	iters: 700, epoch: 14 | loss: 0.2972210
	speed: 0.0028s/iter; left time: 81.9555s
	iters: 800, epoch: 14 | loss: 0.4523658
	speed: 0.0025s/iter; left time: 72.4246s
	iters: 900, epoch: 14 | loss: 0.2037047
	speed: 0.0032s/iter; left time: 91.2335s
	iters: 1000, epoch: 14 | loss: 0.1737312
	speed: 0.0032s/iter; left time: 91.2069s
	iters: 1100, epoch: 14 | loss: 0.2497504
	speed: 0.0031s/iter; left time: 88.6393s
	iters: 1200, epoch: 14 | loss: 0.3279219
	speed: 0.0030s/iter; left time: 87.1428s
	iters: 1300, epoch: 14 | loss: 0.2264539
	speed: 0.0030s/iter; left time: 85.9748s
	iters: 1400, epoch: 14 | loss: 0.1892163
	speed: 0.0030s/iter; left time: 86.5865s
	iters: 1500, epoch: 14 | loss: 0.3002289
	speed: 0.0031s/iter; left time: 86.7907s
	iters: 1600, epoch: 14 | loss: 0.2030109
	speed: 0.0030s/iter; left time: 85.9270s
	iters: 1700, epoch: 14 | loss: 0.2214518
	speed: 0.0027s/iter; left time: 74.6324s
	iters: 1800, epoch: 14 | loss: 0.2773871
	speed: 0.0028s/iter; left time: 79.2045s
	iters: 1900, epoch: 14 | loss: 0.2234474
	speed: 0.0031s/iter; left time: 86.6852s
	iters: 2000, epoch: 14 | loss: 0.2013983
	speed: 0.0031s/iter; left time: 87.4901s
	iters: 2100, epoch: 14 | loss: 0.2800645
	speed: 0.0027s/iter; left time: 75.0052s
	iters: 2200, epoch: 14 | loss: 0.2603376
	speed: 0.0027s/iter; left time: 74.1368s
	iters: 2300, epoch: 14 | loss: 0.2092054
	speed: 0.0026s/iter; left time: 72.7664s
	iters: 2400, epoch: 14 | loss: 0.2860496
	speed: 0.0026s/iter; left time: 72.5022s
	iters: 2500, epoch: 14 | loss: 0.1524624
	speed: 0.0028s/iter; left time: 77.4433s
	iters: 2600, epoch: 14 | loss: 0.3443859
	speed: 0.0026s/iter; left time: 71.1564s
	iters: 2700, epoch: 14 | loss: 0.1425453
	speed: 0.0026s/iter; left time: 70.3521s
	iters: 2800, epoch: 14 | loss: 0.3227137
	speed: 0.0026s/iter; left time: 70.0931s
	iters: 2900, epoch: 14 | loss: 0.1907083
	speed: 0.0028s/iter; left time: 74.1929s
	iters: 3000, epoch: 14 | loss: 0.3266531
	speed: 0.0027s/iter; left time: 72.5300s
	iters: 3100, epoch: 14 | loss: 0.2362770
	speed: 0.0026s/iter; left time: 70.1260s
	iters: 3200, epoch: 14 | loss: 0.2577092
	speed: 0.0030s/iter; left time: 78.9817s
	iters: 3300, epoch: 14 | loss: 0.2636736
	speed: 0.0031s/iter; left time: 81.5483s
	iters: 3400, epoch: 14 | loss: 0.1591035
	speed: 0.0029s/iter; left time: 75.4196s
	iters: 3500, epoch: 14 | loss: 0.2873712
	speed: 0.0031s/iter; left time: 81.5260s
	iters: 3600, epoch: 14 | loss: 0.2782131
	speed: 0.0029s/iter; left time: 75.9083s
	iters: 3700, epoch: 14 | loss: 0.3617992
	speed: 0.0026s/iter; left time: 69.0703s
	iters: 3800, epoch: 14 | loss: 0.1897817
	speed: 0.0024s/iter; left time: 63.5937s
	iters: 3900, epoch: 14 | loss: 0.2450850
	speed: 0.0026s/iter; left time: 66.5068s
	iters: 4000, epoch: 14 | loss: 0.1773466
	speed: 0.0027s/iter; left time: 69.3128s
	iters: 4100, epoch: 14 | loss: 0.3718330
	speed: 0.0025s/iter; left time: 63.1261s
	iters: 4200, epoch: 14 | loss: 0.4182376
	speed: 0.0024s/iter; left time: 62.6178s
Epoch: 14 cost time: 12.114532709121704
Epoch: 14, Steps: 4266 | Train Loss: 0.2478466 Vali Loss: 0.3751899 Test Loss: 0.2876185
EarlyStopping counter: 1 out of 5
Updating learning rate to 6.103515625e-07
	iters: 100, epoch: 15 | loss: 0.2153984
	speed: 0.0247s/iter; left time: 630.6957s
	iters: 200, epoch: 15 | loss: 0.1864420
	speed: 0.0029s/iter; left time: 72.6355s
	iters: 300, epoch: 15 | loss: 0.1886850
	speed: 0.0029s/iter; left time: 72.3494s
	iters: 400, epoch: 15 | loss: 0.2302354
	speed: 0.0029s/iter; left time: 72.3830s
	iters: 500, epoch: 15 | loss: 0.1904842
	speed: 0.0025s/iter; left time: 61.9896s
	iters: 600, epoch: 15 | loss: 0.2524992
	speed: 0.0024s/iter; left time: 60.7493s
	iters: 700, epoch: 15 | loss: 0.2599468
	speed: 0.0025s/iter; left time: 60.9977s
	iters: 800, epoch: 15 | loss: 0.3229654
	speed: 0.0025s/iter; left time: 61.2919s
	iters: 900, epoch: 15 | loss: 0.2821233
	speed: 0.0026s/iter; left time: 65.1999s
	iters: 1000, epoch: 15 | loss: 0.2394950
	speed: 0.0028s/iter; left time: 69.1175s
	iters: 1100, epoch: 15 | loss: 0.2949641
	speed: 0.0028s/iter; left time: 69.3382s
	iters: 1200, epoch: 15 | loss: 0.1787141
	speed: 0.0028s/iter; left time: 67.3842s
	iters: 1300, epoch: 15 | loss: 0.2788209
	speed: 0.0028s/iter; left time: 68.7600s
	iters: 1400, epoch: 15 | loss: 0.1817142
	speed: 0.0027s/iter; left time: 64.1225s
	iters: 1500, epoch: 15 | loss: 0.3869914
	speed: 0.0027s/iter; left time: 65.3365s
	iters: 1600, epoch: 15 | loss: 0.1901424
	speed: 0.0027s/iter; left time: 63.8433s
	iters: 1700, epoch: 15 | loss: 0.2277765
	speed: 0.0032s/iter; left time: 75.9924s
	iters: 1800, epoch: 15 | loss: 0.2378479
	speed: 0.0033s/iter; left time: 77.8166s
	iters: 1900, epoch: 15 | loss: 0.2540478
	speed: 0.0027s/iter; left time: 64.7655s
	iters: 2000, epoch: 15 | loss: 0.2003399
	speed: 0.0025s/iter; left time: 58.5902s
	iters: 2100, epoch: 15 | loss: 0.2612558
	speed: 0.0024s/iter; left time: 56.4042s
	iters: 2200, epoch: 15 | loss: 0.4075819
	speed: 0.0024s/iter; left time: 56.6207s
	iters: 2300, epoch: 15 | loss: 0.2793913
	speed: 0.0024s/iter; left time: 56.8936s
	iters: 2400, epoch: 15 | loss: 0.3511466
	speed: 0.0026s/iter; left time: 61.0081s
	iters: 2500, epoch: 15 | loss: 0.3799036
	speed: 0.0029s/iter; left time: 66.7504s
	iters: 2600, epoch: 15 | loss: 0.1667209
	speed: 0.0028s/iter; left time: 63.8088s
	iters: 2700, epoch: 15 | loss: 0.1548883
	speed: 0.0026s/iter; left time: 59.3034s
	iters: 2800, epoch: 15 | loss: 0.2887558
	speed: 0.0024s/iter; left time: 55.1684s
	iters: 2900, epoch: 15 | loss: 0.1913721
	speed: 0.0024s/iter; left time: 54.0191s
	iters: 3000, epoch: 15 | loss: 0.2551841
	speed: 0.0024s/iter; left time: 54.4967s
	iters: 3100, epoch: 15 | loss: 0.1361619
	speed: 0.0030s/iter; left time: 67.7270s
	iters: 3200, epoch: 15 | loss: 0.3633766
	speed: 0.0028s/iter; left time: 62.2635s
	iters: 3300, epoch: 15 | loss: 0.2489114
	speed: 0.0028s/iter; left time: 61.5400s
	iters: 3400, epoch: 15 | loss: 0.2954040
	speed: 0.0027s/iter; left time: 59.7478s
	iters: 3500, epoch: 15 | loss: 0.1833788
	speed: 0.0028s/iter; left time: 61.6506s
	iters: 3600, epoch: 15 | loss: 0.2780012
	speed: 0.0025s/iter; left time: 54.7725s
	iters: 3700, epoch: 15 | loss: 0.3048101
	speed: 0.0024s/iter; left time: 51.6874s
	iters: 3800, epoch: 15 | loss: 0.3036564
	speed: 0.0027s/iter; left time: 58.0179s
	iters: 3900, epoch: 15 | loss: 0.3033933
	speed: 0.0029s/iter; left time: 62.0534s
	iters: 4000, epoch: 15 | loss: 0.2476064
	speed: 0.0028s/iter; left time: 60.9036s
	iters: 4100, epoch: 15 | loss: 0.2169632
	speed: 0.0025s/iter; left time: 53.3128s
	iters: 4200, epoch: 15 | loss: 0.3216079
	speed: 0.0029s/iter; left time: 61.8989s
Epoch: 15 cost time: 11.460314512252808
Epoch: 15, Steps: 4266 | Train Loss: 0.2478157 Vali Loss: 0.3755950 Test Loss: 0.2875883
EarlyStopping counter: 2 out of 5
Updating learning rate to 3.0517578125e-07
	iters: 100, epoch: 16 | loss: 0.1797248
	speed: 0.0220s/iter; left time: 467.7817s
	iters: 200, epoch: 16 | loss: 0.2303154
	speed: 0.0029s/iter; left time: 61.4909s
	iters: 300, epoch: 16 | loss: 0.2712446
	speed: 0.0027s/iter; left time: 57.2556s
	iters: 400, epoch: 16 | loss: 0.4662818
	speed: 0.0026s/iter; left time: 54.2113s
	iters: 500, epoch: 16 | loss: 0.1865186
	speed: 0.0026s/iter; left time: 54.5771s
	iters: 600, epoch: 16 | loss: 0.3865502
	speed: 0.0026s/iter; left time: 54.3151s
	iters: 700, epoch: 16 | loss: 0.3280471
	speed: 0.0025s/iter; left time: 52.1068s
	iters: 800, epoch: 16 | loss: 0.2321516
	speed: 0.0028s/iter; left time: 56.6655s
	iters: 900, epoch: 16 | loss: 0.1996192
	speed: 0.0028s/iter; left time: 56.5938s
	iters: 1000, epoch: 16 | loss: 0.3033724
	speed: 0.0027s/iter; left time: 55.7071s
	iters: 1100, epoch: 16 | loss: 0.1581458
	speed: 0.0025s/iter; left time: 50.8117s
	iters: 1200, epoch: 16 | loss: 0.2915516
	speed: 0.0027s/iter; left time: 55.1590s
	iters: 1300, epoch: 16 | loss: 0.1999544
	speed: 0.0024s/iter; left time: 48.4836s
	iters: 1400, epoch: 16 | loss: 0.2112080
	speed: 0.0024s/iter; left time: 47.2366s
	iters: 1500, epoch: 16 | loss: 0.2144636
	speed: 0.0027s/iter; left time: 52.5897s
	iters: 1600, epoch: 16 | loss: 0.3060510
	speed: 0.0028s/iter; left time: 54.4574s
	iters: 1700, epoch: 16 | loss: 0.2137327
	speed: 0.0028s/iter; left time: 53.9853s
	iters: 1800, epoch: 16 | loss: 0.1918576
	speed: 0.0028s/iter; left time: 54.1479s
	iters: 1900, epoch: 16 | loss: 0.2573918
	speed: 0.0029s/iter; left time: 55.4143s
	iters: 2000, epoch: 16 | loss: 0.3403330
	speed: 0.0028s/iter; left time: 54.9001s
	iters: 2100, epoch: 16 | loss: 0.1928201
	speed: 0.0027s/iter; left time: 51.1544s
	iters: 2200, epoch: 16 | loss: 0.3193589
	speed: 0.0026s/iter; left time: 49.0151s
	iters: 2300, epoch: 16 | loss: 0.1997817
	speed: 0.0026s/iter; left time: 48.7244s
	iters: 2400, epoch: 16 | loss: 0.2889546
	speed: 0.0024s/iter; left time: 44.6772s
	iters: 2500, epoch: 16 | loss: 0.3786512
	speed: 0.0023s/iter; left time: 43.1229s
	iters: 2600, epoch: 16 | loss: 0.2351170
	speed: 0.0023s/iter; left time: 42.7840s
	iters: 2700, epoch: 16 | loss: 0.5983889
	speed: 0.0024s/iter; left time: 44.1555s
	iters: 2800, epoch: 16 | loss: 0.4216384
	speed: 0.0023s/iter; left time: 43.3625s
	iters: 2900, epoch: 16 | loss: 0.2923099
	speed: 0.0024s/iter; left time: 43.5018s
	iters: 3000, epoch: 16 | loss: 0.2394464
	speed: 0.0023s/iter; left time: 42.7112s
	iters: 3100, epoch: 16 | loss: 0.1728192
	speed: 0.0028s/iter; left time: 51.2643s
	iters: 3200, epoch: 16 | loss: 0.3125524
	speed: 0.0028s/iter; left time: 50.2228s
	iters: 3300, epoch: 16 | loss: 0.2295563
	speed: 0.0027s/iter; left time: 48.8644s
	iters: 3400, epoch: 16 | loss: 0.2607849
	speed: 0.0026s/iter; left time: 46.3324s
	iters: 3500, epoch: 16 | loss: 0.1774250
	speed: 0.0023s/iter; left time: 41.5462s
	iters: 3600, epoch: 16 | loss: 0.3343011
	speed: 0.0023s/iter; left time: 40.9585s
	iters: 3700, epoch: 16 | loss: 0.1540341
	speed: 0.0023s/iter; left time: 40.3750s
	iters: 3800, epoch: 16 | loss: 0.1849858
	speed: 0.0023s/iter; left time: 40.1462s
	iters: 3900, epoch: 16 | loss: 0.2592270
	speed: 0.0023s/iter; left time: 39.4056s
	iters: 4000, epoch: 16 | loss: 0.1586313
	speed: 0.0022s/iter; left time: 38.9102s
	iters: 4100, epoch: 16 | loss: 0.2351769
	speed: 0.0022s/iter; left time: 38.5976s
	iters: 4200, epoch: 16 | loss: 0.2055204
	speed: 0.0022s/iter; left time: 38.3733s
Epoch: 16 cost time: 10.870613098144531
Epoch: 16, Steps: 4266 | Train Loss: 0.2477950 Vali Loss: 0.3754996 Test Loss: 0.2875610
EarlyStopping counter: 3 out of 5
Updating learning rate to 1.52587890625e-07
	iters: 100, epoch: 17 | loss: 0.2430312
	speed: 0.0211s/iter; left time: 358.4186s
	iters: 200, epoch: 17 | loss: 0.2764174
	speed: 0.0023s/iter; left time: 38.6275s
	iters: 300, epoch: 17 | loss: 0.2957625
	speed: 0.0023s/iter; left time: 39.0624s
	iters: 400, epoch: 17 | loss: 0.1643554
	speed: 0.0023s/iter; left time: 38.1630s
	iters: 500, epoch: 17 | loss: 0.3181693
	speed: 0.0023s/iter; left time: 37.9337s
	iters: 600, epoch: 17 | loss: 0.1631907
	speed: 0.0023s/iter; left time: 37.4086s
	iters: 700, epoch: 17 | loss: 0.1547445
	speed: 0.0023s/iter; left time: 36.9849s
	iters: 800, epoch: 17 | loss: 0.2095145
	speed: 0.0023s/iter; left time: 36.6000s
	iters: 900, epoch: 17 | loss: 0.4239823
	speed: 0.0022s/iter; left time: 36.3526s
	iters: 1000, epoch: 17 | loss: 0.2370289
	speed: 0.0023s/iter; left time: 37.1366s
	iters: 1100, epoch: 17 | loss: 0.1998328
	speed: 0.0022s/iter; left time: 35.8885s
	iters: 1200, epoch: 17 | loss: 0.2367804
	speed: 0.0023s/iter; left time: 36.4894s
	iters: 1300, epoch: 17 | loss: 0.1704596
	speed: 0.0022s/iter; left time: 35.4712s
	iters: 1400, epoch: 17 | loss: 0.2452976
	speed: 0.0023s/iter; left time: 35.2495s
	iters: 1500, epoch: 17 | loss: 0.2671101
	speed: 0.0026s/iter; left time: 40.0216s
	iters: 1600, epoch: 17 | loss: 0.2322500
	speed: 0.0026s/iter; left time: 40.8277s
	iters: 1700, epoch: 17 | loss: 0.2424895
	speed: 0.0026s/iter; left time: 40.5636s
	iters: 1800, epoch: 17 | loss: 0.3453485
	speed: 0.0026s/iter; left time: 40.3258s
	iters: 1900, epoch: 17 | loss: 0.3125317
	speed: 0.0023s/iter; left time: 34.8831s
	iters: 2000, epoch: 17 | loss: 0.2639922
	speed: 0.0023s/iter; left time: 34.1975s
	iters: 2100, epoch: 17 | loss: 0.2508720
	speed: 0.0023s/iter; left time: 34.1202s
	iters: 2200, epoch: 17 | loss: 0.3501656
	speed: 0.0023s/iter; left time: 33.5949s
	iters: 2300, epoch: 17 | loss: 0.2515022
	speed: 0.0023s/iter; left time: 33.3942s
	iters: 2400, epoch: 17 | loss: 0.1380414
	speed: 0.0023s/iter; left time: 33.4360s
	iters: 2500, epoch: 17 | loss: 0.2546182
	speed: 0.0023s/iter; left time: 33.9432s
	iters: 2600, epoch: 17 | loss: 0.2787273
	speed: 0.0023s/iter; left time: 32.6909s
	iters: 2700, epoch: 17 | loss: 0.2820762
	speed: 0.0023s/iter; left time: 32.6481s
	iters: 2800, epoch: 17 | loss: 0.3320557
	speed: 0.0023s/iter; left time: 32.5231s
	iters: 2900, epoch: 17 | loss: 0.2892801
	speed: 0.0022s/iter; left time: 31.5879s
	iters: 3000, epoch: 17 | loss: 0.6132113
	speed: 0.0022s/iter; left time: 31.3650s
	iters: 3100, epoch: 17 | loss: 0.1990818
	speed: 0.0022s/iter; left time: 31.1477s
	iters: 3200, epoch: 17 | loss: 0.2390885
	speed: 0.0022s/iter; left time: 30.9393s
	iters: 3300, epoch: 17 | loss: 0.1170249
	speed: 0.0023s/iter; left time: 30.9713s
	iters: 3400, epoch: 17 | loss: 0.1573310
	speed: 0.0022s/iter; left time: 30.4729s
	iters: 3500, epoch: 17 | loss: 0.2985029
	speed: 0.0022s/iter; left time: 30.5212s
	iters: 3600, epoch: 17 | loss: 0.2375294
	speed: 0.0022s/iter; left time: 30.0497s
	iters: 3700, epoch: 17 | loss: 0.1435997
	speed: 0.0022s/iter; left time: 29.8092s
	iters: 3800, epoch: 17 | loss: 0.2650628
	speed: 0.0022s/iter; left time: 29.7136s
	iters: 3900, epoch: 17 | loss: 0.2795977
	speed: 0.0022s/iter; left time: 29.3579s
	iters: 4000, epoch: 17 | loss: 0.2233600
	speed: 0.0022s/iter; left time: 29.1350s
	iters: 4100, epoch: 17 | loss: 0.2741576
	speed: 0.0026s/iter; left time: 34.1299s
	iters: 4200, epoch: 17 | loss: 0.1928708
	speed: 0.0027s/iter; left time: 34.7357s
Epoch: 17 cost time: 9.951783657073975
Epoch: 17, Steps: 4266 | Train Loss: 0.2477908 Vali Loss: 0.3755052 Test Loss: 0.2875718
EarlyStopping counter: 4 out of 5
Updating learning rate to 7.62939453125e-08
	iters: 100, epoch: 18 | loss: 0.4860060
	speed: 0.0241s/iter; left time: 306.2256s
	iters: 200, epoch: 18 | loss: 0.1492006
	speed: 0.0027s/iter; left time: 33.8969s
	iters: 300, epoch: 18 | loss: 0.2370460
	speed: 0.0027s/iter; left time: 33.3723s
	iters: 400, epoch: 18 | loss: 0.2549572
	speed: 0.0027s/iter; left time: 33.1054s
	iters: 500, epoch: 18 | loss: 0.2227316
	speed: 0.0027s/iter; left time: 32.9613s
	iters: 600, epoch: 18 | loss: 0.2766236
	speed: 0.0027s/iter; left time: 33.0823s
	iters: 700, epoch: 18 | loss: 0.3241561
	speed: 0.0025s/iter; left time: 30.6103s
	iters: 800, epoch: 18 | loss: 0.3184351
	speed: 0.0027s/iter; left time: 32.4024s
	iters: 900, epoch: 18 | loss: 0.2907958
	speed: 0.0026s/iter; left time: 31.4345s
	iters: 1000, epoch: 18 | loss: 0.3264801
	speed: 0.0022s/iter; left time: 26.0758s
	iters: 1100, epoch: 18 | loss: 0.3657630
	speed: 0.0022s/iter; left time: 25.9718s
	iters: 1200, epoch: 18 | loss: 0.3406626
	speed: 0.0022s/iter; left time: 25.5178s
	iters: 1300, epoch: 18 | loss: 0.3084047
	speed: 0.0022s/iter; left time: 25.8727s
	iters: 1400, epoch: 18 | loss: 0.1706814
	speed: 0.0022s/iter; left time: 25.3291s
	iters: 1500, epoch: 18 | loss: 0.2365764
	speed: 0.0022s/iter; left time: 24.8579s
	iters: 1600, epoch: 18 | loss: 0.2119586
	speed: 0.0023s/iter; left time: 25.6572s
	iters: 1700, epoch: 18 | loss: 0.2376307
	speed: 0.0023s/iter; left time: 25.5277s
	iters: 1800, epoch: 18 | loss: 0.1530752
	speed: 0.0022s/iter; left time: 24.1202s
	iters: 1900, epoch: 18 | loss: 0.1586041
	speed: 0.0023s/iter; left time: 24.9587s
	iters: 2000, epoch: 18 | loss: 0.3923132
	speed: 0.0022s/iter; left time: 24.1942s
	iters: 2100, epoch: 18 | loss: 0.2532856
	speed: 0.0022s/iter; left time: 23.9657s
	iters: 2200, epoch: 18 | loss: 0.3075751
	speed: 0.0022s/iter; left time: 23.6358s
	iters: 2300, epoch: 18 | loss: 0.1671823
	speed: 0.0020s/iter; left time: 20.7068s
	iters: 2400, epoch: 18 | loss: 0.1818363
	speed: 0.0018s/iter; left time: 18.4042s
	iters: 2500, epoch: 18 | loss: 0.2270207
	speed: 0.0018s/iter; left time: 18.2291s
	iters: 2600, epoch: 18 | loss: 0.3146755
	speed: 0.0018s/iter; left time: 18.0523s
	iters: 2700, epoch: 18 | loss: 0.3668728
	speed: 0.0018s/iter; left time: 17.8795s
	iters: 2800, epoch: 18 | loss: 0.2355070
	speed: 0.0018s/iter; left time: 18.3154s
	iters: 2900, epoch: 18 | loss: 0.3055089
	speed: 0.0018s/iter; left time: 18.1148s
	iters: 3000, epoch: 18 | loss: 0.2315765
	speed: 0.0018s/iter; left time: 17.7361s
	iters: 3100, epoch: 18 | loss: 0.1651936
	speed: 0.0018s/iter; left time: 17.7492s
	iters: 3200, epoch: 18 | loss: 0.2055500
	speed: 0.0018s/iter; left time: 17.3742s
	iters: 3300, epoch: 18 | loss: 0.2604664
	speed: 0.0018s/iter; left time: 17.1932s
	iters: 3400, epoch: 18 | loss: 0.2992138
	speed: 0.0018s/iter; left time: 16.8481s
	iters: 3500, epoch: 18 | loss: 0.3737661
	speed: 0.0018s/iter; left time: 16.3662s
	iters: 3600, epoch: 18 | loss: 0.2582929
	speed: 0.0018s/iter; left time: 16.1902s
	iters: 3700, epoch: 18 | loss: 0.2606776
	speed: 0.0018s/iter; left time: 16.1052s
	iters: 3800, epoch: 18 | loss: 0.1979806
	speed: 0.0018s/iter; left time: 15.9282s
	iters: 3900, epoch: 18 | loss: 0.2122540
	speed: 0.0018s/iter; left time: 15.7656s
	iters: 4000, epoch: 18 | loss: 0.2271015
	speed: 0.0019s/iter; left time: 16.6299s
	iters: 4100, epoch: 18 | loss: 0.2209502
	speed: 0.0018s/iter; left time: 15.5576s
	iters: 4200, epoch: 18 | loss: 0.1834749
	speed: 0.0021s/iter; left time: 17.9006s
Epoch: 18 cost time: 9.08893871307373
Epoch: 18, Steps: 4266 | Train Loss: 0.2477867 Vali Loss: 0.3754962 Test Loss: 0.2875716
EarlyStopping counter: 5 out of 5
Early stopping
>>>>>>>testing : ETTm1_336_96_NLinear_ETTm1_ftM_sl336_ll48_pl96_dm512_nh8_el2_dl1_df2048_fc1_ebtimeF_dtTrue_Exp_0_seed15227<<<<<<<<<<<<<<<<<<<<<<<<<<<<<<<<<
test 11425
mse:0.28793349862098694, mae:0.33525195717811584
