Args in experiment:
Namespace(activation='gelu', batch_size=8, c_out=7, checkpoints='./checkpoints/', d_ff=2048, d_layers=1, d_model=512, data='custom', data_path='exchange_rate.csv', dec_in=7, des='Exp', devices='0,1,2,3', distil=True, do_predict=False, dropout=0.05, e_layers=2, embed='timeF', embed_type=0, enc_in=8, factor=1, features='M', freq='h', gpu=0, individual=True, is_training=1, itr=1, label_len=48, learning_rate=0.0005, loss='mse', lradj='type1', model='NLinear', model_id='Exchange_336_96', moving_avg=25, n_heads=8, num_workers=0, output_attention=False, patience=5, pred_len=96, root_path='./dataset/', save_pred_values=False, seed=28649, seq_len=336, target='OT', test_flop=False, train_epochs=20, train_only=False, use_amp=False, use_gpu=False, use_multi_gpu=False)
Use CPU
>>>>>>>start training : Exchange_336_96_NLinear_custom_ftM_sl336_ll48_pl96_dm512_nh8_el2_dl1_df2048_fc1_ebtimeF_dtTrue_Exp_0_seed28649>>>>>>>>>>>>>>>>>>>>>>>>>>
train 4880
val 665
test 1422
	iters: 100, epoch: 1 | loss: 0.1095632
	speed: 0.0027s/iter; left time: 32.9365s
	iters: 200, epoch: 1 | loss: 0.0637455
	speed: 0.0028s/iter; left time: 33.2428s
	iters: 300, epoch: 1 | loss: 0.1954224
	speed: 0.0027s/iter; left time: 31.7756s
	iters: 400, epoch: 1 | loss: 0.0890855
	speed: 0.0037s/iter; left time: 43.3389s
	iters: 500, epoch: 1 | loss: 0.1059392
	speed: 0.0030s/iter; left time: 35.3246s
	iters: 600, epoch: 1 | loss: 0.0984520
	speed: 0.0032s/iter; left time: 37.2392s
Epoch: 1 cost time: 1.836322546005249
Epoch: 1, Steps: 610 | Train Loss: 0.1242356 Vali Loss: 0.1448968 Test Loss: 0.0958024
Validation loss decreased (inf --> 0.144897).  Saving model ...
Updating learning rate to 0.0005
	iters: 100, epoch: 2 | loss: 0.0573575
	speed: 0.0057s/iter; left time: 65.7532s
	iters: 200, epoch: 2 | loss: 0.2813662
	speed: 0.0033s/iter; left time: 37.3625s
	iters: 300, epoch: 2 | loss: 0.1037075
	speed: 0.0033s/iter; left time: 37.1474s
	iters: 400, epoch: 2 | loss: 0.0840397
	speed: 0.0032s/iter; left time: 35.4962s
	iters: 500, epoch: 2 | loss: 0.1260235
	speed: 0.0032s/iter; left time: 35.2751s
	iters: 600, epoch: 2 | loss: 0.0926936
	speed: 0.0030s/iter; left time: 33.1924s
Epoch: 2 cost time: 1.977447271347046
Epoch: 2, Steps: 610 | Train Loss: 0.1198364 Vali Loss: 0.1492274 Test Loss: 0.0959699
EarlyStopping counter: 1 out of 5
Updating learning rate to 0.00025
	iters: 100, epoch: 3 | loss: 0.1865359
	speed: 0.0050s/iter; left time: 54.5420s
	iters: 200, epoch: 3 | loss: 0.1061020
	speed: 0.0033s/iter; left time: 35.2536s
	iters: 300, epoch: 3 | loss: 0.0980430
	speed: 0.0033s/iter; left time: 35.1456s
	iters: 400, epoch: 3 | loss: 0.1160789
	speed: 0.0032s/iter; left time: 34.0935s
	iters: 500, epoch: 3 | loss: 0.0918422
	speed: 0.0025s/iter; left time: 25.7833s
	iters: 600, epoch: 3 | loss: 0.0808223
	speed: 0.0024s/iter; left time: 24.9143s
Epoch: 3 cost time: 1.7982609272003174
Epoch: 3, Steps: 610 | Train Loss: 0.1155801 Vali Loss: 0.1503188 Test Loss: 0.0944099
EarlyStopping counter: 2 out of 5
Updating learning rate to 0.000125
	iters: 100, epoch: 4 | loss: 0.0884877
	speed: 0.0042s/iter; left time: 43.5498s
	iters: 200, epoch: 4 | loss: 0.0809260
	speed: 0.0026s/iter; left time: 26.7498s
	iters: 300, epoch: 4 | loss: 0.1350229
	speed: 0.0031s/iter; left time: 31.1195s
	iters: 400, epoch: 4 | loss: 0.0822676
	speed: 0.0030s/iter; left time: 30.3286s
	iters: 500, epoch: 4 | loss: 0.1535934
	speed: 0.0027s/iter; left time: 26.9480s
	iters: 600, epoch: 4 | loss: 0.0615154
	speed: 0.0030s/iter; left time: 29.1226s
Epoch: 4 cost time: 1.743227243423462
Epoch: 4, Steps: 610 | Train Loss: 0.1136079 Vali Loss: 0.1394752 Test Loss: 0.0966128
Validation loss decreased (0.144897 --> 0.139475).  Saving model ...
Updating learning rate to 6.25e-05
	iters: 100, epoch: 5 | loss: 0.0908452
	speed: 0.0047s/iter; left time: 45.1408s
	iters: 200, epoch: 5 | loss: 0.1177817
	speed: 0.0030s/iter; left time: 28.4918s
	iters: 300, epoch: 5 | loss: 0.1163679
	speed: 0.0034s/iter; left time: 32.2620s
	iters: 400, epoch: 5 | loss: 0.1635670
	speed: 0.0030s/iter; left time: 27.8341s
	iters: 500, epoch: 5 | loss: 0.0693030
	speed: 0.0030s/iter; left time: 27.8757s
	iters: 600, epoch: 5 | loss: 0.0993394
	speed: 0.0031s/iter; left time: 28.8571s
Epoch: 5 cost time: 1.8265907764434814
Epoch: 5, Steps: 610 | Train Loss: 0.1126730 Vali Loss: 0.1407596 Test Loss: 0.0946935
EarlyStopping counter: 1 out of 5
Updating learning rate to 3.125e-05
	iters: 100, epoch: 6 | loss: 0.1490289
	speed: 0.0047s/iter; left time: 42.6517s
	iters: 200, epoch: 6 | loss: 0.0687131
	speed: 0.0030s/iter; left time: 27.2166s
	iters: 300, epoch: 6 | loss: 0.0834488
	speed: 0.0029s/iter; left time: 25.3139s
	iters: 400, epoch: 6 | loss: 0.1117263
	speed: 0.0029s/iter; left time: 25.3937s
	iters: 500, epoch: 6 | loss: 0.0727919
	speed: 0.0027s/iter; left time: 23.5193s
	iters: 600, epoch: 6 | loss: 0.1738377
	speed: 0.0029s/iter; left time: 24.7124s
Epoch: 6 cost time: 1.7423481941223145
Epoch: 6, Steps: 610 | Train Loss: 0.1122497 Vali Loss: 0.1418408 Test Loss: 0.0940608
EarlyStopping counter: 2 out of 5
Updating learning rate to 1.5625e-05
	iters: 100, epoch: 7 | loss: 0.0461839
	speed: 0.0053s/iter; left time: 45.1085s
	iters: 200, epoch: 7 | loss: 0.2344199
	speed: 0.0032s/iter; left time: 26.9415s
	iters: 300, epoch: 7 | loss: 0.1111002
	speed: 0.0032s/iter; left time: 26.5359s
	iters: 400, epoch: 7 | loss: 0.0868448
	speed: 0.0033s/iter; left time: 26.6403s
	iters: 500, epoch: 7 | loss: 0.0999205
	speed: 0.0033s/iter; left time: 26.4549s
	iters: 600, epoch: 7 | loss: 0.1434022
	speed: 0.0029s/iter; left time: 23.3464s
Epoch: 7 cost time: 1.950573205947876
Epoch: 7, Steps: 610 | Train Loss: 0.1120366 Vali Loss: 0.1409726 Test Loss: 0.0932462
EarlyStopping counter: 3 out of 5
Updating learning rate to 7.8125e-06
	iters: 100, epoch: 8 | loss: 0.0853446
	speed: 0.0047s/iter; left time: 37.1334s
	iters: 200, epoch: 8 | loss: 0.1023519
	speed: 0.0029s/iter; left time: 22.0380s
	iters: 300, epoch: 8 | loss: 0.1331337
	speed: 0.0027s/iter; left time: 20.6037s
	iters: 400, epoch: 8 | loss: 0.1813479
	speed: 0.0028s/iter; left time: 21.0986s
	iters: 500, epoch: 8 | loss: 0.1762311
	speed: 0.0029s/iter; left time: 21.3270s
	iters: 600, epoch: 8 | loss: 0.1054752
	speed: 0.0027s/iter; left time: 19.5737s
Epoch: 8 cost time: 1.7074000835418701
Epoch: 8, Steps: 610 | Train Loss: 0.1118520 Vali Loss: 0.1411545 Test Loss: 0.0940075
EarlyStopping counter: 4 out of 5
Updating learning rate to 3.90625e-06
	iters: 100, epoch: 9 | loss: 0.0873252
	speed: 0.0050s/iter; left time: 36.1077s
	iters: 200, epoch: 9 | loss: 0.1319280
	speed: 0.0032s/iter; left time: 23.1115s
	iters: 300, epoch: 9 | loss: 0.0841717
	speed: 0.0031s/iter; left time: 21.4843s
	iters: 400, epoch: 9 | loss: 0.0630954
	speed: 0.0032s/iter; left time: 22.0899s
	iters: 500, epoch: 9 | loss: 0.1005649
	speed: 0.0029s/iter; left time: 19.4429s
	iters: 600, epoch: 9 | loss: 0.0628756
	speed: 0.0031s/iter; left time: 21.0368s
Epoch: 9 cost time: 1.9008119106292725
Epoch: 9, Steps: 610 | Train Loss: 0.1118125 Vali Loss: 0.1414001 Test Loss: 0.0935785
EarlyStopping counter: 5 out of 5
Early stopping
>>>>>>>testing : Exchange_336_96_NLinear_custom_ftM_sl336_ll48_pl96_dm512_nh8_el2_dl1_df2048_fc1_ebtimeF_dtTrue_Exp_0_seed28649<<<<<<<<<<<<<<<<<<<<<<<<<<<<<<<<<
test 1422
mse:0.09648241102695465, mae:0.21497568488121033
