Args in experiment:
Namespace(activation='gelu', batch_size=8, c_out=7, checkpoints='./checkpoints/', d_ff=2048, d_layers=1, d_model=512, data='ETTm1', data_path='ETTm1.csv', dec_in=7, des='Exp', devices='0,1,2,3', distil=True, do_predict=False, dropout=0.05, e_layers=2, embed='timeF', embed_type=0, enc_in=7, factor=1, features='M', freq='h', gpu=0, individual=True, is_training=1, itr=1, label_len=48, learning_rate=0.005, loss='mse', lradj='type1', model='NLinear', model_id='ETTm1_336_96', moving_avg=25, n_heads=8, num_workers=0, output_attention=False, patience=5, pred_len=96, root_path='./dataset/', save_pred_values=False, seed=10458, seq_len=336, target='OT', test_flop=False, train_epochs=20, train_only=False, use_amp=False, use_gpu=False, use_multi_gpu=False)
Use CPU
>>>>>>>start training : ETTm1_336_96_NLinear_ETTm1_ftM_sl336_ll48_pl96_dm512_nh8_el2_dl1_df2048_fc1_ebtimeF_dtTrue_Exp_0_seed10458>>>>>>>>>>>>>>>>>>>>>>>>>>
train 34129
val 11425
test 11425
	iters: 100, epoch: 1 | loss: 0.5703494
	speed: 0.0024s/iter; left time: 203.7185s
	iters: 200, epoch: 1 | loss: 0.6420459
	speed: 0.0023s/iter; left time: 193.2251s
	iters: 300, epoch: 1 | loss: 0.3101175
	speed: 0.0026s/iter; left time: 218.7624s
	iters: 400, epoch: 1 | loss: 0.5601579
	speed: 0.0030s/iter; left time: 259.0085s
	iters: 500, epoch: 1 | loss: 0.3508967
	speed: 0.0033s/iter; left time: 279.0615s
	iters: 600, epoch: 1 | loss: 0.5684497
	speed: 0.0032s/iter; left time: 268.8220s
	iters: 700, epoch: 1 | loss: 0.5970185
	speed: 0.0031s/iter; left time: 265.7119s
	iters: 800, epoch: 1 | loss: 0.7716941
	speed: 0.0033s/iter; left time: 280.6099s
	iters: 900, epoch: 1 | loss: 0.3099594
	speed: 0.0033s/iter; left time: 277.9570s
	iters: 1000, epoch: 1 | loss: 0.4038042
	speed: 0.0033s/iter; left time: 281.6815s
	iters: 1100, epoch: 1 | loss: 0.5210518
	speed: 0.0033s/iter; left time: 274.5610s
	iters: 1200, epoch: 1 | loss: 0.3409175
	speed: 0.0033s/iter; left time: 273.5469s
	iters: 1300, epoch: 1 | loss: 0.3844250
	speed: 0.0032s/iter; left time: 268.8675s
	iters: 1400, epoch: 1 | loss: 0.3841097
	speed: 0.0029s/iter; left time: 240.8938s
	iters: 1500, epoch: 1 | loss: 0.3722040
	speed: 0.0028s/iter; left time: 232.1843s
	iters: 1600, epoch: 1 | loss: 0.3137478
	speed: 0.0032s/iter; left time: 264.8093s
	iters: 1700, epoch: 1 | loss: 0.5938944
	speed: 0.0026s/iter; left time: 219.0721s
	iters: 1800, epoch: 1 | loss: 0.4976619
	speed: 0.0021s/iter; left time: 177.9000s
	iters: 1900, epoch: 1 | loss: 0.3496546
	speed: 0.0021s/iter; left time: 176.8526s
	iters: 2000, epoch: 1 | loss: 0.6881100
	speed: 0.0025s/iter; left time: 208.4900s
	iters: 2100, epoch: 1 | loss: 0.3736494
	speed: 0.0029s/iter; left time: 237.1801s
	iters: 2200, epoch: 1 | loss: 0.5098435
	speed: 0.0028s/iter; left time: 235.2318s
	iters: 2300, epoch: 1 | loss: 0.2787723
	speed: 0.0032s/iter; left time: 266.6440s
	iters: 2400, epoch: 1 | loss: 0.5584323
	speed: 0.0032s/iter; left time: 263.7353s
	iters: 2500, epoch: 1 | loss: 0.3931184
	speed: 0.0030s/iter; left time: 245.9789s
	iters: 2600, epoch: 1 | loss: 0.4734291
	speed: 0.0029s/iter; left time: 237.5489s
	iters: 2700, epoch: 1 | loss: 0.3138776
	speed: 0.0030s/iter; left time: 250.3406s
	iters: 2800, epoch: 1 | loss: 0.3980402
	speed: 0.0029s/iter; left time: 240.9606s
	iters: 2900, epoch: 1 | loss: 0.4132239
	speed: 0.0032s/iter; left time: 265.4467s
	iters: 3000, epoch: 1 | loss: 0.3287822
	speed: 0.0032s/iter; left time: 264.4362s
	iters: 3100, epoch: 1 | loss: 0.2631246
	speed: 0.0034s/iter; left time: 282.8397s
	iters: 3200, epoch: 1 | loss: 0.4678710
	speed: 0.0033s/iter; left time: 271.8225s
	iters: 3300, epoch: 1 | loss: 0.3599183
	speed: 0.0034s/iter; left time: 279.9889s
	iters: 3400, epoch: 1 | loss: 0.4047938
	speed: 0.0031s/iter; left time: 252.4416s
	iters: 3500, epoch: 1 | loss: 0.4009308
	speed: 0.0023s/iter; left time: 187.3706s
	iters: 3600, epoch: 1 | loss: 0.3590747
	speed: 0.0028s/iter; left time: 232.2335s
	iters: 3700, epoch: 1 | loss: 0.4104713
	speed: 0.0030s/iter; left time: 246.5264s
	iters: 3800, epoch: 1 | loss: 0.4554239
	speed: 0.0033s/iter; left time: 266.5784s
	iters: 3900, epoch: 1 | loss: 0.4892587
	speed: 0.0032s/iter; left time: 257.4818s
	iters: 4000, epoch: 1 | loss: 0.7663370
	speed: 0.0027s/iter; left time: 222.0065s
	iters: 4100, epoch: 1 | loss: 0.3538252
	speed: 0.0029s/iter; left time: 233.9160s
	iters: 4200, epoch: 1 | loss: 0.3683986
	speed: 0.0027s/iter; left time: 215.0092s
Epoch: 1 cost time: 12.593740463256836
Epoch: 1, Steps: 4266 | Train Loss: 0.4405865 Vali Loss: 0.5287027 Test Loss: 0.4315602
Validation loss decreased (inf --> 0.528703).  Saving model ...
Updating learning rate to 0.005
	iters: 100, epoch: 2 | loss: 0.3519892
	speed: 0.0234s/iter; left time: 1897.3311s
	iters: 200, epoch: 2 | loss: 0.5037364
	speed: 0.0026s/iter; left time: 206.1809s
	iters: 300, epoch: 2 | loss: 0.4483947
	speed: 0.0022s/iter; left time: 176.9026s
	iters: 400, epoch: 2 | loss: 0.4168998
	speed: 0.0025s/iter; left time: 203.2499s
	iters: 500, epoch: 2 | loss: 0.2425184
	speed: 0.0028s/iter; left time: 228.9012s
	iters: 600, epoch: 2 | loss: 0.3630229
	speed: 0.0029s/iter; left time: 230.9068s
	iters: 700, epoch: 2 | loss: 0.3060197
	speed: 0.0029s/iter; left time: 230.6186s
	iters: 800, epoch: 2 | loss: 0.2798777
	speed: 0.0028s/iter; left time: 224.1776s
	iters: 900, epoch: 2 | loss: 0.4147631
	speed: 0.0027s/iter; left time: 218.8230s
	iters: 1000, epoch: 2 | loss: 0.3520925
	speed: 0.0026s/iter; left time: 208.9435s
	iters: 1100, epoch: 2 | loss: 0.3889479
	speed: 0.0026s/iter; left time: 208.6825s
	iters: 1200, epoch: 2 | loss: 0.4253829
	speed: 0.0028s/iter; left time: 221.3841s
	iters: 1300, epoch: 2 | loss: 0.3385294
	speed: 0.0026s/iter; left time: 208.2099s
	iters: 1400, epoch: 2 | loss: 0.3995578
	speed: 0.0027s/iter; left time: 212.6782s
	iters: 1500, epoch: 2 | loss: 0.4777492
	speed: 0.0027s/iter; left time: 212.4122s
	iters: 1600, epoch: 2 | loss: 0.4722760
	speed: 0.0028s/iter; left time: 221.0331s
	iters: 1700, epoch: 2 | loss: 0.4017816
	speed: 0.0027s/iter; left time: 217.4336s
	iters: 1800, epoch: 2 | loss: 0.4717689
	speed: 0.0029s/iter; left time: 229.8833s
	iters: 1900, epoch: 2 | loss: 0.5123124
	speed: 0.0026s/iter; left time: 208.3996s
	iters: 2000, epoch: 2 | loss: 0.4175713
	speed: 0.0029s/iter; left time: 226.0977s
	iters: 2100, epoch: 2 | loss: 2.5553493
	speed: 0.0030s/iter; left time: 238.5336s
	iters: 2200, epoch: 2 | loss: 0.6850032
	speed: 0.0033s/iter; left time: 259.4328s
	iters: 2300, epoch: 2 | loss: 0.3923779
	speed: 0.0028s/iter; left time: 223.8684s
	iters: 2400, epoch: 2 | loss: 0.8514477
	speed: 0.0030s/iter; left time: 236.7513s
	iters: 2500, epoch: 2 | loss: 0.5195807
	speed: 0.0029s/iter; left time: 230.9518s
	iters: 2600, epoch: 2 | loss: 0.4842250
	speed: 0.0026s/iter; left time: 201.7735s
	iters: 2700, epoch: 2 | loss: 0.2789193
	speed: 0.0028s/iter; left time: 219.3260s
	iters: 2800, epoch: 2 | loss: 0.6072446
	speed: 0.0024s/iter; left time: 187.0291s
	iters: 2900, epoch: 2 | loss: 0.4322062
	speed: 0.0024s/iter; left time: 186.7903s
	iters: 3000, epoch: 2 | loss: 0.3206051
	speed: 0.0022s/iter; left time: 172.6260s
	iters: 3100, epoch: 2 | loss: 0.6129571
	speed: 0.0026s/iter; left time: 204.2429s
	iters: 3200, epoch: 2 | loss: 0.3306342
	speed: 0.0034s/iter; left time: 260.8612s
	iters: 3300, epoch: 2 | loss: 0.4085796
	speed: 0.0034s/iter; left time: 260.6307s
	iters: 3400, epoch: 2 | loss: 0.6293059
	speed: 0.0032s/iter; left time: 246.1668s
	iters: 3500, epoch: 2 | loss: 0.3807240
	speed: 0.0029s/iter; left time: 224.9093s
	iters: 3600, epoch: 2 | loss: 0.4765365
	speed: 0.0029s/iter; left time: 223.0694s
	iters: 3700, epoch: 2 | loss: 0.8010411
	speed: 0.0029s/iter; left time: 226.0797s
	iters: 3800, epoch: 2 | loss: 0.5606564
	speed: 0.0032s/iter; left time: 249.5347s
	iters: 3900, epoch: 2 | loss: 0.3517804
	speed: 0.0033s/iter; left time: 257.6996s
	iters: 4000, epoch: 2 | loss: 0.5012866
	speed: 0.0033s/iter; left time: 252.8867s
	iters: 4100, epoch: 2 | loss: 0.2100066
	speed: 0.0033s/iter; left time: 257.0713s
	iters: 4200, epoch: 2 | loss: 0.5349483
	speed: 0.0031s/iter; left time: 237.4821s
Epoch: 2 cost time: 12.091120719909668
Epoch: 2, Steps: 4266 | Train Loss: 0.4501951 Vali Loss: 0.8506076 Test Loss: 0.7399291
EarlyStopping counter: 1 out of 5
Updating learning rate to 0.0025
	iters: 100, epoch: 3 | loss: 0.2951408
	speed: 0.0270s/iter; left time: 2068.1561s
	iters: 200, epoch: 3 | loss: 0.3543119
	speed: 0.0033s/iter; left time: 251.2122s
	iters: 300, epoch: 3 | loss: 0.3404475
	speed: 0.0030s/iter; left time: 227.3519s
	iters: 400, epoch: 3 | loss: 0.2056471
	speed: 0.0029s/iter; left time: 223.2198s
	iters: 500, epoch: 3 | loss: 0.2702544
	speed: 0.0026s/iter; left time: 194.5752s
	iters: 600, epoch: 3 | loss: 0.1830612
	speed: 0.0025s/iter; left time: 193.5197s
	iters: 700, epoch: 3 | loss: 0.2068602
	speed: 0.0029s/iter; left time: 219.2567s
	iters: 800, epoch: 3 | loss: 0.2685465
	speed: 0.0029s/iter; left time: 221.8888s
	iters: 900, epoch: 3 | loss: 0.2614142
	speed: 0.0030s/iter; left time: 226.9070s
	iters: 1000, epoch: 3 | loss: 0.3319175
	speed: 0.0033s/iter; left time: 246.5514s
	iters: 1100, epoch: 3 | loss: 0.2256741
	speed: 0.0027s/iter; left time: 200.5759s
	iters: 1200, epoch: 3 | loss: 0.2202929
	speed: 0.0027s/iter; left time: 200.3117s
	iters: 1300, epoch: 3 | loss: 0.3118951
	speed: 0.0028s/iter; left time: 208.3491s
	iters: 1400, epoch: 3 | loss: 0.2560842
	speed: 0.0027s/iter; left time: 203.7755s
	iters: 1500, epoch: 3 | loss: 0.3353232
	speed: 0.0025s/iter; left time: 191.9865s
	iters: 1600, epoch: 3 | loss: 0.4645363
	speed: 0.0022s/iter; left time: 167.6724s
	iters: 1700, epoch: 3 | loss: 0.2608453
	speed: 0.0022s/iter; left time: 168.1990s
	iters: 1800, epoch: 3 | loss: 0.3242182
	speed: 0.0023s/iter; left time: 168.8591s
	iters: 1900, epoch: 3 | loss: 0.3093340
	speed: 0.0022s/iter; left time: 165.5057s
	iters: 2000, epoch: 3 | loss: 0.2288528
	speed: 0.0024s/iter; left time: 178.0438s
	iters: 2100, epoch: 3 | loss: 0.3444386
	speed: 0.0026s/iter; left time: 192.6975s
	iters: 2200, epoch: 3 | loss: 0.2322633
	speed: 0.0026s/iter; left time: 191.2061s
	iters: 2300, epoch: 3 | loss: 0.4479547
	speed: 0.0024s/iter; left time: 180.2638s
	iters: 2400, epoch: 3 | loss: 0.2213820
	speed: 0.0022s/iter; left time: 165.9576s
	iters: 2500, epoch: 3 | loss: 0.3477294
	speed: 0.0028s/iter; left time: 210.2373s
	iters: 2600, epoch: 3 | loss: 0.4806713
	speed: 0.0029s/iter; left time: 216.8237s
	iters: 2700, epoch: 3 | loss: 0.3933447
	speed: 0.0029s/iter; left time: 214.8577s
	iters: 2800, epoch: 3 | loss: 0.3211593
	speed: 0.0027s/iter; left time: 201.9900s
	iters: 2900, epoch: 3 | loss: 0.3563813
	speed: 0.0030s/iter; left time: 222.5473s
	iters: 3000, epoch: 3 | loss: 0.3282638
	speed: 0.0030s/iter; left time: 222.8877s
	iters: 3100, epoch: 3 | loss: 0.2514811
	speed: 0.0031s/iter; left time: 231.3832s
	iters: 3200, epoch: 3 | loss: 0.4557801
	speed: 0.0026s/iter; left time: 190.5964s
	iters: 3300, epoch: 3 | loss: 0.7386155
	speed: 0.0028s/iter; left time: 208.1738s
	iters: 3400, epoch: 3 | loss: 0.4142603
	speed: 0.0029s/iter; left time: 212.0930s
	iters: 3500, epoch: 3 | loss: 0.2574597
	speed: 0.0026s/iter; left time: 192.0595s
	iters: 3600, epoch: 3 | loss: 0.3380671
	speed: 0.0027s/iter; left time: 197.0967s
	iters: 3700, epoch: 3 | loss: 0.3450810
	speed: 0.0027s/iter; left time: 198.8025s
	iters: 3800, epoch: 3 | loss: 0.3895533
	speed: 0.0026s/iter; left time: 187.5819s
	iters: 3900, epoch: 3 | loss: 0.3430275
	speed: 0.0027s/iter; left time: 194.6138s
	iters: 4000, epoch: 3 | loss: 0.2807425
	speed: 0.0029s/iter; left time: 214.1648s
	iters: 4100, epoch: 3 | loss: 0.3672939
	speed: 0.0028s/iter; left time: 202.0755s
	iters: 4200, epoch: 3 | loss: 0.2867549
	speed: 0.0028s/iter; left time: 201.1722s
Epoch: 3 cost time: 11.641456604003906
Epoch: 3, Steps: 4266 | Train Loss: 0.3244841 Vali Loss: 0.4700865 Test Loss: 0.3517677
Validation loss decreased (0.528703 --> 0.470087).  Saving model ...
Updating learning rate to 0.00125
	iters: 100, epoch: 4 | loss: 0.2447833
	speed: 0.0226s/iter; left time: 1635.7115s
	iters: 200, epoch: 4 | loss: 0.2042506
	speed: 0.0031s/iter; left time: 227.2185s
	iters: 300, epoch: 4 | loss: 0.3206177
	speed: 0.0029s/iter; left time: 207.2796s
	iters: 400, epoch: 4 | loss: 0.2564626
	speed: 0.0029s/iter; left time: 205.5508s
	iters: 500, epoch: 4 | loss: 0.3320534
	speed: 0.0030s/iter; left time: 216.1808s
	iters: 600, epoch: 4 | loss: 0.2652430
	speed: 0.0030s/iter; left time: 216.5327s
	iters: 700, epoch: 4 | loss: 0.3550252
	speed: 0.0031s/iter; left time: 223.3701s
	iters: 800, epoch: 4 | loss: 0.2936815
	speed: 0.0030s/iter; left time: 212.4237s
	iters: 900, epoch: 4 | loss: 0.2329469
	speed: 0.0030s/iter; left time: 213.4363s
	iters: 1000, epoch: 4 | loss: 0.2484165
	speed: 0.0028s/iter; left time: 199.5918s
	iters: 1100, epoch: 4 | loss: 0.2176996
	speed: 0.0025s/iter; left time: 177.8437s
	iters: 1200, epoch: 4 | loss: 0.4071963
	speed: 0.0026s/iter; left time: 183.5120s
	iters: 1300, epoch: 4 | loss: 0.2544512
	speed: 0.0026s/iter; left time: 185.1800s
	iters: 1400, epoch: 4 | loss: 0.3160796
	speed: 0.0023s/iter; left time: 167.1386s
	iters: 1500, epoch: 4 | loss: 0.2105449
	speed: 0.0024s/iter; left time: 173.3303s
	iters: 1600, epoch: 4 | loss: 0.4180183
	speed: 0.0029s/iter; left time: 205.1050s
	iters: 1700, epoch: 4 | loss: 0.2810936
	speed: 0.0026s/iter; left time: 185.5570s
	iters: 1800, epoch: 4 | loss: 0.3705315
	speed: 0.0025s/iter; left time: 174.6846s
	iters: 1900, epoch: 4 | loss: 0.6327440
	speed: 0.0024s/iter; left time: 170.2012s
	iters: 2000, epoch: 4 | loss: 0.3736493
	speed: 0.0025s/iter; left time: 175.0148s
	iters: 2100, epoch: 4 | loss: 0.2054477
	speed: 0.0025s/iter; left time: 177.5013s
	iters: 2200, epoch: 4 | loss: 0.3269027
	speed: 0.0024s/iter; left time: 166.6667s
	iters: 2300, epoch: 4 | loss: 0.2429653
	speed: 0.0028s/iter; left time: 197.3267s
	iters: 2400, epoch: 4 | loss: 0.3032452
	speed: 0.0027s/iter; left time: 192.3491s
	iters: 2500, epoch: 4 | loss: 0.2383301
	speed: 0.0025s/iter; left time: 174.3573s
	iters: 2600, epoch: 4 | loss: 0.2473357
	speed: 0.0024s/iter; left time: 165.7502s
	iters: 2700, epoch: 4 | loss: 0.3142101
	speed: 0.0023s/iter; left time: 163.3838s
	iters: 2800, epoch: 4 | loss: 0.3988666
	speed: 0.0025s/iter; left time: 171.7379s
	iters: 2900, epoch: 4 | loss: 0.2135130
	speed: 0.0027s/iter; left time: 190.7665s
	iters: 3000, epoch: 4 | loss: 0.2472131
	speed: 0.0027s/iter; left time: 184.3312s
	iters: 3100, epoch: 4 | loss: 0.2845748
	speed: 0.0029s/iter; left time: 199.2431s
	iters: 3200, epoch: 4 | loss: 0.3656723
	speed: 0.0030s/iter; left time: 209.4689s
	iters: 3300, epoch: 4 | loss: 0.2158596
	speed: 0.0033s/iter; left time: 227.7432s
	iters: 3400, epoch: 4 | loss: 0.2995070
	speed: 0.0033s/iter; left time: 226.0323s
	iters: 3500, epoch: 4 | loss: 0.6954990
	speed: 0.0033s/iter; left time: 227.8988s
	iters: 3600, epoch: 4 | loss: 0.2472755
	speed: 0.0029s/iter; left time: 200.6086s
	iters: 3700, epoch: 4 | loss: 0.1988624
	speed: 0.0030s/iter; left time: 204.4043s
	iters: 3800, epoch: 4 | loss: 0.3049656
	speed: 0.0030s/iter; left time: 209.0769s
	iters: 3900, epoch: 4 | loss: 0.2698071
	speed: 0.0028s/iter; left time: 192.1434s
	iters: 4000, epoch: 4 | loss: 0.3233079
	speed: 0.0026s/iter; left time: 176.1361s
	iters: 4100, epoch: 4 | loss: 0.2290217
	speed: 0.0026s/iter; left time: 175.8474s
	iters: 4200, epoch: 4 | loss: 0.2216452
	speed: 0.0028s/iter; left time: 192.1825s
Epoch: 4 cost time: 11.774199962615967
Epoch: 4, Steps: 4266 | Train Loss: 0.2858603 Vali Loss: 0.4417943 Test Loss: 0.3222237
Validation loss decreased (0.470087 --> 0.441794).  Saving model ...
Updating learning rate to 0.000625
	iters: 100, epoch: 5 | loss: 0.2540674
	speed: 0.0251s/iter; left time: 1710.8726s
	iters: 200, epoch: 5 | loss: 0.4365817
	speed: 0.0024s/iter; left time: 161.2951s
	iters: 300, epoch: 5 | loss: 0.2786039
	speed: 0.0027s/iter; left time: 180.1948s
	iters: 400, epoch: 5 | loss: 0.2432056
	speed: 0.0027s/iter; left time: 181.8570s
	iters: 500, epoch: 5 | loss: 0.3506910
	speed: 0.0031s/iter; left time: 208.7081s
	iters: 600, epoch: 5 | loss: 0.4075671
	speed: 0.0032s/iter; left time: 215.9168s
	iters: 700, epoch: 5 | loss: 0.3051460
	speed: 0.0025s/iter; left time: 171.5951s
	iters: 800, epoch: 5 | loss: 0.1985358
	speed: 0.0023s/iter; left time: 154.4766s
	iters: 900, epoch: 5 | loss: 0.2284028
	speed: 0.0027s/iter; left time: 181.1928s
	iters: 1000, epoch: 5 | loss: 0.3053873
	speed: 0.0028s/iter; left time: 189.1985s
	iters: 1100, epoch: 5 | loss: 0.2341189
	speed: 0.0029s/iter; left time: 195.4271s
	iters: 1200, epoch: 5 | loss: 0.2361452
	speed: 0.0025s/iter; left time: 170.2731s
	iters: 1300, epoch: 5 | loss: 0.2514393
	speed: 0.0031s/iter; left time: 207.0306s
	iters: 1400, epoch: 5 | loss: 0.3385521
	speed: 0.0023s/iter; left time: 155.7760s
	iters: 1500, epoch: 5 | loss: 0.2326225
	speed: 0.0032s/iter; left time: 215.6655s
	iters: 1600, epoch: 5 | loss: 0.2635376
	speed: 0.0032s/iter; left time: 215.3026s
	iters: 1700, epoch: 5 | loss: 0.1902526
	speed: 0.0029s/iter; left time: 190.5271s
	iters: 1800, epoch: 5 | loss: 0.2555501
	speed: 0.0032s/iter; left time: 215.3212s
	iters: 1900, epoch: 5 | loss: 0.2399598
	speed: 0.0022s/iter; left time: 146.6478s
	iters: 2000, epoch: 5 | loss: 0.3693993
	speed: 0.0025s/iter; left time: 163.6944s
	iters: 2100, epoch: 5 | loss: 0.2751407
	speed: 0.0027s/iter; left time: 179.4297s
	iters: 2200, epoch: 5 | loss: 0.3211334
	speed: 0.0024s/iter; left time: 161.1794s
	iters: 2300, epoch: 5 | loss: 0.2178627
	speed: 0.0024s/iter; left time: 155.6590s
	iters: 2400, epoch: 5 | loss: 0.2804844
	speed: 0.0031s/iter; left time: 206.9822s
	iters: 2500, epoch: 5 | loss: 0.3373802
	speed: 0.0031s/iter; left time: 202.5700s
	iters: 2600, epoch: 5 | loss: 0.2374335
	speed: 0.0030s/iter; left time: 195.6587s
	iters: 2700, epoch: 5 | loss: 0.1680889
	speed: 0.0029s/iter; left time: 192.7371s
	iters: 2800, epoch: 5 | loss: 0.3270852
	speed: 0.0031s/iter; left time: 200.4111s
	iters: 2900, epoch: 5 | loss: 0.3035120
	speed: 0.0029s/iter; left time: 190.1891s
	iters: 3000, epoch: 5 | loss: 0.2506214
	speed: 0.0029s/iter; left time: 187.3202s
	iters: 3100, epoch: 5 | loss: 0.2591339
	speed: 0.0025s/iter; left time: 161.7018s
	iters: 3200, epoch: 5 | loss: 0.2535592
	speed: 0.0026s/iter; left time: 167.1971s
	iters: 3300, epoch: 5 | loss: 0.1928382
	speed: 0.0030s/iter; left time: 195.5206s
	iters: 3400, epoch: 5 | loss: 0.3498166
	speed: 0.0028s/iter; left time: 181.5857s
	iters: 3500, epoch: 5 | loss: 0.2325771
	speed: 0.0026s/iter; left time: 169.8360s
	iters: 3600, epoch: 5 | loss: 0.1888443
	speed: 0.0026s/iter; left time: 166.8148s
	iters: 3700, epoch: 5 | loss: 0.4279433
	speed: 0.0026s/iter; left time: 167.8482s
	iters: 3800, epoch: 5 | loss: 0.2252655
	speed: 0.0026s/iter; left time: 166.2996s
	iters: 3900, epoch: 5 | loss: 0.1907391
	speed: 0.0029s/iter; left time: 186.1085s
	iters: 4000, epoch: 5 | loss: 0.3074314
	speed: 0.0026s/iter; left time: 168.3839s
	iters: 4100, epoch: 5 | loss: 0.1812967
	speed: 0.0026s/iter; left time: 166.8091s
	iters: 4200, epoch: 5 | loss: 0.1599865
	speed: 0.0026s/iter; left time: 167.9328s
Epoch: 5 cost time: 11.749735116958618
Epoch: 5, Steps: 4266 | Train Loss: 0.2672615 Vali Loss: 0.3842741 Test Loss: 0.3059648
Validation loss decreased (0.441794 --> 0.384274).  Saving model ...
Updating learning rate to 0.0003125
	iters: 100, epoch: 6 | loss: 0.2521186
	speed: 0.0204s/iter; left time: 1303.6733s
	iters: 200, epoch: 6 | loss: 0.2591293
	speed: 0.0029s/iter; left time: 183.7178s
	iters: 300, epoch: 6 | loss: 0.1872451
	speed: 0.0029s/iter; left time: 185.9779s
	iters: 400, epoch: 6 | loss: 0.4035477
	speed: 0.0031s/iter; left time: 195.3057s
	iters: 500, epoch: 6 | loss: 0.2619608
	speed: 0.0028s/iter; left time: 175.4067s
	iters: 600, epoch: 6 | loss: 0.2407864
	speed: 0.0028s/iter; left time: 176.2573s
	iters: 700, epoch: 6 | loss: 0.3150224
	speed: 0.0023s/iter; left time: 143.6703s
	iters: 800, epoch: 6 | loss: 0.2121130
	speed: 0.0022s/iter; left time: 142.1792s
	iters: 900, epoch: 6 | loss: 0.5982324
	speed: 0.0027s/iter; left time: 171.1303s
	iters: 1000, epoch: 6 | loss: 0.2029883
	speed: 0.0023s/iter; left time: 143.6197s
	iters: 1100, epoch: 6 | loss: 0.1715898
	speed: 0.0029s/iter; left time: 181.1552s
	iters: 1200, epoch: 6 | loss: 0.2209281
	speed: 0.0024s/iter; left time: 148.8147s
	iters: 1300, epoch: 6 | loss: 0.3453711
	speed: 0.0026s/iter; left time: 164.9924s
	iters: 1400, epoch: 6 | loss: 0.2515556
	speed: 0.0024s/iter; left time: 152.0951s
	iters: 1500, epoch: 6 | loss: 0.2231379
	speed: 0.0026s/iter; left time: 161.8528s
	iters: 1600, epoch: 6 | loss: 0.3087333
	speed: 0.0024s/iter; left time: 152.2340s
	iters: 1700, epoch: 6 | loss: 0.1912341
	speed: 0.0028s/iter; left time: 175.8806s
	iters: 1800, epoch: 6 | loss: 0.2780282
	speed: 0.0029s/iter; left time: 180.9754s
	iters: 1900, epoch: 6 | loss: 0.4265333
	speed: 0.0034s/iter; left time: 209.2473s
	iters: 2000, epoch: 6 | loss: 0.2642426
	speed: 0.0032s/iter; left time: 201.0119s
	iters: 2100, epoch: 6 | loss: 0.2419698
	speed: 0.0025s/iter; left time: 156.6129s
	iters: 2200, epoch: 6 | loss: 0.3684449
	speed: 0.0025s/iter; left time: 155.0929s
	iters: 2300, epoch: 6 | loss: 0.2021377
	speed: 0.0022s/iter; left time: 135.7196s
	iters: 2400, epoch: 6 | loss: 0.3236377
	speed: 0.0024s/iter; left time: 150.3659s
	iters: 2500, epoch: 6 | loss: 0.2450441
	speed: 0.0032s/iter; left time: 195.5414s
	iters: 2600, epoch: 6 | loss: 0.2563861
	speed: 0.0032s/iter; left time: 194.6094s
	iters: 2700, epoch: 6 | loss: 0.1939815
	speed: 0.0031s/iter; left time: 191.9910s
	iters: 2800, epoch: 6 | loss: 0.2683364
	speed: 0.0029s/iter; left time: 180.5125s
	iters: 2900, epoch: 6 | loss: 0.2724395
	speed: 0.0029s/iter; left time: 178.9972s
	iters: 3000, epoch: 6 | loss: 0.2499265
	speed: 0.0029s/iter; left time: 178.2486s
	iters: 3100, epoch: 6 | loss: 0.2630353
	speed: 0.0028s/iter; left time: 167.4873s
	iters: 3200, epoch: 6 | loss: 0.2974870
	speed: 0.0022s/iter; left time: 134.9554s
	iters: 3300, epoch: 6 | loss: 0.3081127
	speed: 0.0030s/iter; left time: 181.4664s
	iters: 3400, epoch: 6 | loss: 0.2472684
	speed: 0.0029s/iter; left time: 177.0743s
	iters: 3500, epoch: 6 | loss: 0.2654419
	speed: 0.0027s/iter; left time: 163.9308s
	iters: 3600, epoch: 6 | loss: 0.3524312
	speed: 0.0027s/iter; left time: 161.8806s
	iters: 3700, epoch: 6 | loss: 0.2125823
	speed: 0.0029s/iter; left time: 172.4330s
	iters: 3800, epoch: 6 | loss: 0.2179074
	speed: 0.0028s/iter; left time: 168.0352s
	iters: 3900, epoch: 6 | loss: 0.5934968
	speed: 0.0032s/iter; left time: 189.2868s
	iters: 4000, epoch: 6 | loss: 0.3497156
	speed: 0.0028s/iter; left time: 165.6926s
	iters: 4100, epoch: 6 | loss: 0.2452269
	speed: 0.0023s/iter; left time: 135.4742s
	iters: 4200, epoch: 6 | loss: 0.3021300
	speed: 0.0027s/iter; left time: 160.2404s
Epoch: 6 cost time: 11.702322244644165
Epoch: 6, Steps: 4266 | Train Loss: 0.2579830 Vali Loss: 0.3733643 Test Loss: 0.2996656
Validation loss decreased (0.384274 --> 0.373364).  Saving model ...
Updating learning rate to 0.00015625
	iters: 100, epoch: 7 | loss: 0.1635716
	speed: 0.0237s/iter; left time: 1415.8174s
	iters: 200, epoch: 7 | loss: 0.5652449
	speed: 0.0028s/iter; left time: 167.8607s
	iters: 300, epoch: 7 | loss: 0.3423899
	speed: 0.0030s/iter; left time: 180.7685s
	iters: 400, epoch: 7 | loss: 0.2518737
	speed: 0.0029s/iter; left time: 174.4159s
	iters: 500, epoch: 7 | loss: 0.1447521
	speed: 0.0030s/iter; left time: 175.8979s
	iters: 600, epoch: 7 | loss: 0.2790066
	speed: 0.0030s/iter; left time: 176.9278s
	iters: 700, epoch: 7 | loss: 0.2294926
	speed: 0.0030s/iter; left time: 180.0259s
	iters: 800, epoch: 7 | loss: 0.2761875
	speed: 0.0031s/iter; left time: 180.8984s
	iters: 900, epoch: 7 | loss: 0.1518038
	speed: 0.0030s/iter; left time: 175.4251s
	iters: 1000, epoch: 7 | loss: 0.4333281
	speed: 0.0031s/iter; left time: 179.6986s
	iters: 1100, epoch: 7 | loss: 0.3325693
	speed: 0.0029s/iter; left time: 171.2137s
	iters: 1200, epoch: 7 | loss: 0.2383898
	speed: 0.0029s/iter; left time: 169.7229s
	iters: 1300, epoch: 7 | loss: 0.1709989
	speed: 0.0029s/iter; left time: 171.9238s
	iters: 1400, epoch: 7 | loss: 0.1751863
	speed: 0.0030s/iter; left time: 177.3270s
	iters: 1500, epoch: 7 | loss: 0.2851987
	speed: 0.0030s/iter; left time: 171.7995s
	iters: 1600, epoch: 7 | loss: 0.2282610
	speed: 0.0028s/iter; left time: 164.0044s
	iters: 1700, epoch: 7 | loss: 0.2719168
	speed: 0.0023s/iter; left time: 132.8773s
	iters: 1800, epoch: 7 | loss: 0.3254525
	speed: 0.0023s/iter; left time: 135.5438s
	iters: 1900, epoch: 7 | loss: 0.2782863
	speed: 0.0024s/iter; left time: 139.9368s
	iters: 2000, epoch: 7 | loss: 0.1558439
	speed: 0.0028s/iter; left time: 163.4961s
	iters: 2100, epoch: 7 | loss: 0.1989348
	speed: 0.0025s/iter; left time: 145.7957s
	iters: 2200, epoch: 7 | loss: 0.2874041
	speed: 0.0025s/iter; left time: 144.3877s
	iters: 2300, epoch: 7 | loss: 0.2967560
	speed: 0.0028s/iter; left time: 159.0675s
	iters: 2400, epoch: 7 | loss: 0.2665637
	speed: 0.0029s/iter; left time: 168.1191s
	iters: 2500, epoch: 7 | loss: 0.2339628
	speed: 0.0029s/iter; left time: 164.8416s
	iters: 2600, epoch: 7 | loss: 0.1996861
	speed: 0.0027s/iter; left time: 153.0960s
	iters: 2700, epoch: 7 | loss: 0.2582246
	speed: 0.0033s/iter; left time: 190.6691s
	iters: 2800, epoch: 7 | loss: 0.2260629
	speed: 0.0033s/iter; left time: 188.9909s
	iters: 2900, epoch: 7 | loss: 0.2371880
	speed: 0.0032s/iter; left time: 182.9769s
	iters: 3000, epoch: 7 | loss: 0.2512009
	speed: 0.0031s/iter; left time: 173.7774s
	iters: 3100, epoch: 7 | loss: 0.2895505
	speed: 0.0030s/iter; left time: 171.0073s
	iters: 3200, epoch: 7 | loss: 0.2659438
	speed: 0.0032s/iter; left time: 180.8812s
	iters: 3300, epoch: 7 | loss: 0.3222118
	speed: 0.0026s/iter; left time: 147.8319s
	iters: 3400, epoch: 7 | loss: 0.1995440
	speed: 0.0026s/iter; left time: 143.7405s
	iters: 3500, epoch: 7 | loss: 0.2374349
	speed: 0.0028s/iter; left time: 159.7141s
	iters: 3600, epoch: 7 | loss: 0.2048282
	speed: 0.0026s/iter; left time: 143.6798s
	iters: 3700, epoch: 7 | loss: 0.3166020
	speed: 0.0027s/iter; left time: 150.7073s
	iters: 3800, epoch: 7 | loss: 0.1988802
	speed: 0.0031s/iter; left time: 174.0177s
	iters: 3900, epoch: 7 | loss: 0.2186310
	speed: 0.0029s/iter; left time: 163.5980s
	iters: 4000, epoch: 7 | loss: 0.2979558
	speed: 0.0027s/iter; left time: 148.7852s
	iters: 4100, epoch: 7 | loss: 0.2017609
	speed: 0.0025s/iter; left time: 139.1612s
	iters: 4200, epoch: 7 | loss: 0.3530414
	speed: 0.0025s/iter; left time: 141.0331s
Epoch: 7 cost time: 12.168203592300415
Epoch: 7, Steps: 4266 | Train Loss: 0.2529455 Vali Loss: 0.3937857 Test Loss: 0.2935295
EarlyStopping counter: 1 out of 5
Updating learning rate to 7.8125e-05
	iters: 100, epoch: 8 | loss: 0.1861099
	speed: 0.0216s/iter; left time: 1193.1954s
	iters: 200, epoch: 8 | loss: 0.2202132
	speed: 0.0025s/iter; left time: 136.4900s
	iters: 300, epoch: 8 | loss: 0.2290020
	speed: 0.0024s/iter; left time: 134.7528s
	iters: 400, epoch: 8 | loss: 0.1995009
	speed: 0.0028s/iter; left time: 153.0642s
	iters: 500, epoch: 8 | loss: 0.2984684
	speed: 0.0028s/iter; left time: 153.3358s
	iters: 600, epoch: 8 | loss: 0.1927939
	speed: 0.0028s/iter; left time: 154.1868s
	iters: 700, epoch: 8 | loss: 0.2581266
	speed: 0.0024s/iter; left time: 133.7121s
	iters: 800, epoch: 8 | loss: 0.2961690
	speed: 0.0025s/iter; left time: 137.7403s
	iters: 900, epoch: 8 | loss: 0.3690085
	speed: 0.0032s/iter; left time: 175.6801s
	iters: 1000, epoch: 8 | loss: 0.2373849
	speed: 0.0028s/iter; left time: 154.1188s
	iters: 1100, epoch: 8 | loss: 0.1388200
	speed: 0.0024s/iter; left time: 129.4950s
	iters: 1200, epoch: 8 | loss: 0.2531819
	speed: 0.0023s/iter; left time: 126.9659s
	iters: 1300, epoch: 8 | loss: 0.2665645
	speed: 0.0022s/iter; left time: 121.3163s
	iters: 1400, epoch: 8 | loss: 0.2428788
	speed: 0.0023s/iter; left time: 122.2557s
	iters: 1500, epoch: 8 | loss: 0.1871094
	speed: 0.0023s/iter; left time: 122.6319s
	iters: 1600, epoch: 8 | loss: 0.2597117
	speed: 0.0024s/iter; left time: 127.1070s
	iters: 1700, epoch: 8 | loss: 0.2369471
	speed: 0.0030s/iter; left time: 161.3085s
	iters: 1800, epoch: 8 | loss: 0.2204997
	speed: 0.0032s/iter; left time: 170.0990s
	iters: 1900, epoch: 8 | loss: 0.2396683
	speed: 0.0029s/iter; left time: 157.0748s
	iters: 2000, epoch: 8 | loss: 0.3086211
	speed: 0.0028s/iter; left time: 152.3577s
	iters: 2100, epoch: 8 | loss: 0.2006141
	speed: 0.0032s/iter; left time: 169.1808s
	iters: 2200, epoch: 8 | loss: 0.1885778
	speed: 0.0031s/iter; left time: 163.0678s
	iters: 2300, epoch: 8 | loss: 0.2015637
	speed: 0.0030s/iter; left time: 158.4136s
	iters: 2400, epoch: 8 | loss: 0.3987795
	speed: 0.0030s/iter; left time: 161.2996s
	iters: 2500, epoch: 8 | loss: 0.2691616
	speed: 0.0030s/iter; left time: 156.9223s
	iters: 2600, epoch: 8 | loss: 0.3064266
	speed: 0.0027s/iter; left time: 141.6914s
	iters: 2700, epoch: 8 | loss: 0.2258727
	speed: 0.0023s/iter; left time: 122.4008s
	iters: 2800, epoch: 8 | loss: 0.2272760
	speed: 0.0025s/iter; left time: 131.6475s
	iters: 2900, epoch: 8 | loss: 0.2361376
	speed: 0.0025s/iter; left time: 129.4262s
	iters: 3000, epoch: 8 | loss: 0.1918408
	speed: 0.0025s/iter; left time: 132.1969s
	iters: 3100, epoch: 8 | loss: 0.2804858
	speed: 0.0030s/iter; left time: 154.4907s
	iters: 3200, epoch: 8 | loss: 0.2701309
	speed: 0.0029s/iter; left time: 153.6898s
	iters: 3300, epoch: 8 | loss: 0.2046301
	speed: 0.0027s/iter; left time: 141.9672s
	iters: 3400, epoch: 8 | loss: 0.3059512
	speed: 0.0026s/iter; left time: 133.7914s
	iters: 3500, epoch: 8 | loss: 0.1944696
	speed: 0.0026s/iter; left time: 133.0152s
	iters: 3600, epoch: 8 | loss: 0.3095171
	speed: 0.0026s/iter; left time: 134.3470s
	iters: 3700, epoch: 8 | loss: 0.2385543
	speed: 0.0028s/iter; left time: 147.0904s
	iters: 3800, epoch: 8 | loss: 0.1778359
	speed: 0.0030s/iter; left time: 156.5266s
	iters: 3900, epoch: 8 | loss: 0.1940032
	speed: 0.0030s/iter; left time: 152.0996s
	iters: 4000, epoch: 8 | loss: 0.2196642
	speed: 0.0029s/iter; left time: 150.4124s
	iters: 4100, epoch: 8 | loss: 0.2127746
	speed: 0.0029s/iter; left time: 148.9746s
	iters: 4200, epoch: 8 | loss: 0.2395064
	speed: 0.0029s/iter; left time: 149.6764s
Epoch: 8 cost time: 11.629372835159302
Epoch: 8, Steps: 4266 | Train Loss: 0.2504941 Vali Loss: 0.3843566 Test Loss: 0.2894284
EarlyStopping counter: 2 out of 5
Updating learning rate to 3.90625e-05
	iters: 100, epoch: 9 | loss: 0.1808415
	speed: 0.0262s/iter; left time: 1339.4850s
	iters: 200, epoch: 9 | loss: 0.1528005
	speed: 0.0029s/iter; left time: 147.8797s
	iters: 300, epoch: 9 | loss: 0.2880949
	speed: 0.0029s/iter; left time: 147.5900s
	iters: 400, epoch: 9 | loss: 0.4070829
	speed: 0.0029s/iter; left time: 148.9104s
	iters: 500, epoch: 9 | loss: 0.2139661
	speed: 0.0030s/iter; left time: 152.6167s
	iters: 600, epoch: 9 | loss: 0.2879082
	speed: 0.0032s/iter; left time: 160.8857s
	iters: 700, epoch: 9 | loss: 0.1746475
	speed: 0.0032s/iter; left time: 159.6467s
	iters: 800, epoch: 9 | loss: 0.1524047
	speed: 0.0030s/iter; left time: 152.6903s
	iters: 900, epoch: 9 | loss: 0.2433703
	speed: 0.0023s/iter; left time: 116.7027s
	iters: 1000, epoch: 9 | loss: 0.1764100
	speed: 0.0024s/iter; left time: 118.4557s
	iters: 1100, epoch: 9 | loss: 0.1459877
	speed: 0.0025s/iter; left time: 122.8268s
	iters: 1200, epoch: 9 | loss: 0.2770857
	speed: 0.0033s/iter; left time: 166.4769s
	iters: 1300, epoch: 9 | loss: 0.2458114
	speed: 0.0028s/iter; left time: 142.1947s
	iters: 1400, epoch: 9 | loss: 0.3006472
	speed: 0.0030s/iter; left time: 150.9677s
	iters: 1500, epoch: 9 | loss: 0.2102945
	speed: 0.0028s/iter; left time: 139.6370s
	iters: 1600, epoch: 9 | loss: 0.3423375
	speed: 0.0027s/iter; left time: 134.3970s
	iters: 1700, epoch: 9 | loss: 0.2213489
	speed: 0.0028s/iter; left time: 138.0791s
	iters: 1800, epoch: 9 | loss: 0.3042237
	speed: 0.0028s/iter; left time: 138.8800s
	iters: 1900, epoch: 9 | loss: 0.1247737
	speed: 0.0027s/iter; left time: 131.6260s
	iters: 2000, epoch: 9 | loss: 0.2647119
	speed: 0.0029s/iter; left time: 141.6768s
	iters: 2100, epoch: 9 | loss: 0.1782785
	speed: 0.0027s/iter; left time: 132.0612s
	iters: 2200, epoch: 9 | loss: 0.2328205
	speed: 0.0027s/iter; left time: 133.9036s
	iters: 2300, epoch: 9 | loss: 0.2656426
	speed: 0.0025s/iter; left time: 124.1592s
	iters: 2400, epoch: 9 | loss: 0.2088987
	speed: 0.0025s/iter; left time: 121.5093s
	iters: 2500, epoch: 9 | loss: 0.2305664
	speed: 0.0025s/iter; left time: 119.3672s
	iters: 2600, epoch: 9 | loss: 0.2195560
	speed: 0.0024s/iter; left time: 118.0814s
	iters: 2700, epoch: 9 | loss: 0.2687784
	speed: 0.0025s/iter; left time: 120.7476s
	iters: 2800, epoch: 9 | loss: 0.2135654
	speed: 0.0025s/iter; left time: 119.5304s
	iters: 2900, epoch: 9 | loss: 0.1866631
	speed: 0.0027s/iter; left time: 128.0555s
	iters: 3000, epoch: 9 | loss: 0.3181174
	speed: 0.0026s/iter; left time: 125.3170s
	iters: 3100, epoch: 9 | loss: 0.2218200
	speed: 0.0027s/iter; left time: 129.3701s
	iters: 3200, epoch: 9 | loss: 0.2720224
	speed: 0.0026s/iter; left time: 122.4132s
	iters: 3300, epoch: 9 | loss: 0.2322595
	speed: 0.0026s/iter; left time: 124.6645s
	iters: 3400, epoch: 9 | loss: 0.3737608
	speed: 0.0028s/iter; left time: 135.2545s
	iters: 3500, epoch: 9 | loss: 0.3818892
	speed: 0.0027s/iter; left time: 130.1135s
	iters: 3600, epoch: 9 | loss: 0.1732295
	speed: 0.0030s/iter; left time: 140.4419s
	iters: 3700, epoch: 9 | loss: 0.2030213
	speed: 0.0030s/iter; left time: 144.0068s
	iters: 3800, epoch: 9 | loss: 0.1709139
	speed: 0.0032s/iter; left time: 152.6056s
	iters: 3900, epoch: 9 | loss: 0.2240500
	speed: 0.0032s/iter; left time: 151.3641s
	iters: 4000, epoch: 9 | loss: 0.3838048
	speed: 0.0030s/iter; left time: 141.6487s
	iters: 4100, epoch: 9 | loss: 0.2053698
	speed: 0.0028s/iter; left time: 132.3311s
	iters: 4200, epoch: 9 | loss: 0.5433447
	speed: 0.0024s/iter; left time: 114.6626s
Epoch: 9 cost time: 11.851496934890747
Epoch: 9, Steps: 4266 | Train Loss: 0.2491580 Vali Loss: 0.3712348 Test Loss: 0.2887797
Validation loss decreased (0.373364 --> 0.371235).  Saving model ...
Updating learning rate to 1.953125e-05
	iters: 100, epoch: 10 | loss: 0.3757597
	speed: 0.0212s/iter; left time: 993.0253s
	iters: 200, epoch: 10 | loss: 0.3591139
	speed: 0.0028s/iter; left time: 131.8905s
	iters: 300, epoch: 10 | loss: 0.2448008
	speed: 0.0028s/iter; left time: 130.5559s
	iters: 400, epoch: 10 | loss: 0.1541158
	speed: 0.0029s/iter; left time: 133.0670s
	iters: 500, epoch: 10 | loss: 0.1801622
	speed: 0.0028s/iter; left time: 130.4502s
	iters: 600, epoch: 10 | loss: 0.2156987
	speed: 0.0031s/iter; left time: 145.0774s
	iters: 700, epoch: 10 | loss: 0.2507061
	speed: 0.0031s/iter; left time: 142.8410s
	iters: 800, epoch: 10 | loss: 0.3168868
	speed: 0.0031s/iter; left time: 143.4552s
	iters: 900, epoch: 10 | loss: 0.2384245
	speed: 0.0030s/iter; left time: 137.2314s
	iters: 1000, epoch: 10 | loss: 0.2435477
	speed: 0.0030s/iter; left time: 136.4303s
	iters: 1100, epoch: 10 | loss: 0.2389178
	speed: 0.0034s/iter; left time: 154.4372s
	iters: 1200, epoch: 10 | loss: 0.1862052
	speed: 0.0034s/iter; left time: 156.4751s
	iters: 1300, epoch: 10 | loss: 0.3191451
	speed: 0.0033s/iter; left time: 152.3948s
	iters: 1400, epoch: 10 | loss: 0.2247649
	speed: 0.0033s/iter; left time: 149.8114s
	iters: 1500, epoch: 10 | loss: 0.2215160
	speed: 0.0033s/iter; left time: 148.2341s
	iters: 1600, epoch: 10 | loss: 0.2991750
	speed: 0.0032s/iter; left time: 146.8598s
	iters: 1700, epoch: 10 | loss: 0.2905298
	speed: 0.0032s/iter; left time: 142.9172s
	iters: 1800, epoch: 10 | loss: 0.2485554
	speed: 0.0030s/iter; left time: 134.5757s
	iters: 1900, epoch: 10 | loss: 0.2358119
	speed: 0.0027s/iter; left time: 120.2219s
	iters: 2000, epoch: 10 | loss: 0.2217811
	speed: 0.0025s/iter; left time: 113.6651s
	iters: 2100, epoch: 10 | loss: 0.1663543
	speed: 0.0027s/iter; left time: 121.4817s
	iters: 2200, epoch: 10 | loss: 0.2757384
	speed: 0.0029s/iter; left time: 131.1428s
	iters: 2300, epoch: 10 | loss: 0.2365412
	speed: 0.0030s/iter; left time: 131.6504s
	iters: 2400, epoch: 10 | loss: 0.1911657
	speed: 0.0030s/iter; left time: 133.1341s
	iters: 2500, epoch: 10 | loss: 0.1681814
	speed: 0.0031s/iter; left time: 136.4795s
	iters: 2600, epoch: 10 | loss: 0.1945302
	speed: 0.0032s/iter; left time: 143.1754s
	iters: 2700, epoch: 10 | loss: 0.2158147
	speed: 0.0030s/iter; left time: 131.3544s
	iters: 2800, epoch: 10 | loss: 0.3515542
	speed: 0.0030s/iter; left time: 131.5251s
	iters: 2900, epoch: 10 | loss: 0.3724235
	speed: 0.0033s/iter; left time: 144.9642s
	iters: 3000, epoch: 10 | loss: 0.1986080
	speed: 0.0031s/iter; left time: 137.4911s
	iters: 3100, epoch: 10 | loss: 0.1685918
	speed: 0.0032s/iter; left time: 139.3704s
	iters: 3200, epoch: 10 | loss: 0.1949650
	speed: 0.0033s/iter; left time: 144.8826s
	iters: 3300, epoch: 10 | loss: 0.1454434
	speed: 0.0035s/iter; left time: 152.6940s
	iters: 3400, epoch: 10 | loss: 0.2399718
	speed: 0.0035s/iter; left time: 152.3448s
	iters: 3500, epoch: 10 | loss: 0.2363124
	speed: 0.0034s/iter; left time: 146.8751s
	iters: 3600, epoch: 10 | loss: 0.3227593
	speed: 0.0034s/iter; left time: 147.3396s
	iters: 3700, epoch: 10 | loss: 0.3014956
	speed: 0.0035s/iter; left time: 153.1328s
	iters: 3800, epoch: 10 | loss: 0.1772082
	speed: 0.0034s/iter; left time: 147.0631s
	iters: 3900, epoch: 10 | loss: 0.2618524
	speed: 0.0034s/iter; left time: 147.5827s
	iters: 4000, epoch: 10 | loss: 0.1451453
	speed: 0.0034s/iter; left time: 147.4112s
	iters: 4100, epoch: 10 | loss: 0.3022838
	speed: 0.0033s/iter; left time: 143.0407s
	iters: 4200, epoch: 10 | loss: 0.2265423
	speed: 0.0032s/iter; left time: 138.4356s
Epoch: 10 cost time: 13.362428903579712
Epoch: 10, Steps: 4266 | Train Loss: 0.2485286 Vali Loss: 0.3765683 Test Loss: 0.2887876
EarlyStopping counter: 1 out of 5
Updating learning rate to 9.765625e-06
	iters: 100, epoch: 11 | loss: 0.2187228
	speed: 0.0229s/iter; left time: 975.2496s
	iters: 200, epoch: 11 | loss: 0.2172731
	speed: 0.0029s/iter; left time: 124.0869s
	iters: 300, epoch: 11 | loss: 0.2273605
	speed: 0.0029s/iter; left time: 122.8469s
	iters: 400, epoch: 11 | loss: 0.2756701
	speed: 0.0029s/iter; left time: 121.2889s
	iters: 500, epoch: 11 | loss: 0.1922007
	speed: 0.0029s/iter; left time: 122.8380s
	iters: 600, epoch: 11 | loss: 0.2470756
	speed: 0.0031s/iter; left time: 129.9690s
	iters: 700, epoch: 11 | loss: 0.2456740
	speed: 0.0027s/iter; left time: 114.1335s
	iters: 800, epoch: 11 | loss: 0.1936727
	speed: 0.0025s/iter; left time: 105.0713s
	iters: 900, epoch: 11 | loss: 0.1981182
	speed: 0.0030s/iter; left time: 123.8733s
	iters: 1000, epoch: 11 | loss: 0.2227817
	speed: 0.0032s/iter; left time: 132.4820s
	iters: 1100, epoch: 11 | loss: 0.2328705
	speed: 0.0032s/iter; left time: 133.8262s
	iters: 1200, epoch: 11 | loss: 0.3109560
	speed: 0.0028s/iter; left time: 116.6101s
	iters: 1300, epoch: 11 | loss: 0.1855212
	speed: 0.0030s/iter; left time: 123.2573s
	iters: 1400, epoch: 11 | loss: 0.2306112
	speed: 0.0029s/iter; left time: 118.0312s
	iters: 1500, epoch: 11 | loss: 0.2703327
	speed: 0.0024s/iter; left time: 100.5375s
	iters: 1600, epoch: 11 | loss: 0.2583980
	speed: 0.0029s/iter; left time: 118.2559s
	iters: 1700, epoch: 11 | loss: 0.3097806
	speed: 0.0023s/iter; left time: 93.3912s
	iters: 1800, epoch: 11 | loss: 0.2344434
	speed: 0.0026s/iter; left time: 104.6038s
	iters: 1900, epoch: 11 | loss: 0.2026342
	speed: 0.0025s/iter; left time: 103.2109s
	iters: 2000, epoch: 11 | loss: 0.1619472
	speed: 0.0026s/iter; left time: 106.1250s
	iters: 2100, epoch: 11 | loss: 0.2117965
	speed: 0.0024s/iter; left time: 97.7520s
	iters: 2200, epoch: 11 | loss: 0.2550637
	speed: 0.0032s/iter; left time: 129.4748s
	iters: 2300, epoch: 11 | loss: 0.3856076
	speed: 0.0033s/iter; left time: 132.0922s
	iters: 2400, epoch: 11 | loss: 0.2861010
	speed: 0.0034s/iter; left time: 135.6797s
	iters: 2500, epoch: 11 | loss: 0.3343718
	speed: 0.0034s/iter; left time: 138.1545s
	iters: 2600, epoch: 11 | loss: 0.2844030
	speed: 0.0033s/iter; left time: 133.0674s
	iters: 2700, epoch: 11 | loss: 0.3414873
	speed: 0.0030s/iter; left time: 121.0811s
	iters: 2800, epoch: 11 | loss: 0.2108611
	speed: 0.0032s/iter; left time: 127.9725s
	iters: 2900, epoch: 11 | loss: 0.3123488
	speed: 0.0029s/iter; left time: 116.9609s
	iters: 3000, epoch: 11 | loss: 0.2670263
	speed: 0.0024s/iter; left time: 93.5997s
	iters: 3100, epoch: 11 | loss: 0.3656611
	speed: 0.0027s/iter; left time: 105.6279s
	iters: 3200, epoch: 11 | loss: 0.2333401
	speed: 0.0029s/iter; left time: 115.2256s
	iters: 3300, epoch: 11 | loss: 0.1413525
	speed: 0.0027s/iter; left time: 107.9447s
	iters: 3400, epoch: 11 | loss: 0.2071011
	speed: 0.0032s/iter; left time: 125.6351s
	iters: 3500, epoch: 11 | loss: 0.3250485
	speed: 0.0030s/iter; left time: 118.6582s
	iters: 3600, epoch: 11 | loss: 0.2785030
	speed: 0.0027s/iter; left time: 107.1366s
	iters: 3700, epoch: 11 | loss: 0.2564858
	speed: 0.0027s/iter; left time: 103.6367s
	iters: 3800, epoch: 11 | loss: 0.3058487
	speed: 0.0030s/iter; left time: 118.1566s
	iters: 3900, epoch: 11 | loss: 0.2603854
	speed: 0.0033s/iter; left time: 126.7658s
	iters: 4000, epoch: 11 | loss: 0.2172334
	speed: 0.0026s/iter; left time: 101.7877s
	iters: 4100, epoch: 11 | loss: 0.3355970
	speed: 0.0026s/iter; left time: 101.0299s
	iters: 4200, epoch: 11 | loss: 0.1996181
	speed: 0.0026s/iter; left time: 100.7678s
Epoch: 11 cost time: 12.257599830627441
Epoch: 11, Steps: 4266 | Train Loss: 0.2481759 Vali Loss: 0.3774385 Test Loss: 0.2878162
EarlyStopping counter: 2 out of 5
Updating learning rate to 4.8828125e-06
	iters: 100, epoch: 12 | loss: 0.3355069
	speed: 0.0212s/iter; left time: 812.4179s
	iters: 200, epoch: 12 | loss: 0.2503151
	speed: 0.0028s/iter; left time: 107.0618s
	iters: 300, epoch: 12 | loss: 0.2038531
	speed: 0.0029s/iter; left time: 109.7135s
	iters: 400, epoch: 12 | loss: 0.3487874
	speed: 0.0023s/iter; left time: 88.9288s
	iters: 500, epoch: 12 | loss: 0.2240333
	speed: 0.0022s/iter; left time: 83.7479s
	iters: 600, epoch: 12 | loss: 0.2196449
	speed: 0.0026s/iter; left time: 98.7389s
	iters: 700, epoch: 12 | loss: 0.2784775
	speed: 0.0026s/iter; left time: 99.5148s
	iters: 800, epoch: 12 | loss: 0.3515874
	speed: 0.0026s/iter; left time: 99.6258s
	iters: 900, epoch: 12 | loss: 0.2862941
	speed: 0.0030s/iter; left time: 112.9312s
	iters: 1000, epoch: 12 | loss: 0.2955887
	speed: 0.0030s/iter; left time: 114.0547s
	iters: 1100, epoch: 12 | loss: 0.1537818
	speed: 0.0032s/iter; left time: 120.0897s
	iters: 1200, epoch: 12 | loss: 0.1979812
	speed: 0.0034s/iter; left time: 127.2071s
	iters: 1300, epoch: 12 | loss: 0.2118149
	speed: 0.0029s/iter; left time: 106.9038s
	iters: 1400, epoch: 12 | loss: 0.1962171
	speed: 0.0029s/iter; left time: 109.1349s
	iters: 1500, epoch: 12 | loss: 0.2006802
	speed: 0.0029s/iter; left time: 108.4714s
	iters: 1600, epoch: 12 | loss: 0.2757076
	speed: 0.0029s/iter; left time: 105.7077s
	iters: 1700, epoch: 12 | loss: 0.1567313
	speed: 0.0029s/iter; left time: 105.6816s
	iters: 1800, epoch: 12 | loss: 0.1981515
	speed: 0.0028s/iter; left time: 101.7546s
	iters: 1900, epoch: 12 | loss: 0.1642720
	speed: 0.0026s/iter; left time: 94.8871s
	iters: 2000, epoch: 12 | loss: 0.2664158
	speed: 0.0028s/iter; left time: 102.3689s
	iters: 2100, epoch: 12 | loss: 0.3081018
	speed: 0.0029s/iter; left time: 106.7073s
	iters: 2200, epoch: 12 | loss: 0.2070865
	speed: 0.0030s/iter; left time: 107.4994s
	iters: 2300, epoch: 12 | loss: 0.2331340
	speed: 0.0030s/iter; left time: 107.6474s
	iters: 2400, epoch: 12 | loss: 0.3169382
	speed: 0.0032s/iter; left time: 114.8241s
	iters: 2500, epoch: 12 | loss: 0.2312971
	speed: 0.0027s/iter; left time: 97.6337s
	iters: 2600, epoch: 12 | loss: 0.2750607
	speed: 0.0021s/iter; left time: 73.7378s
	iters: 2700, epoch: 12 | loss: 0.1876342
	speed: 0.0026s/iter; left time: 93.1704s
	iters: 2800, epoch: 12 | loss: 0.2233813
	speed: 0.0033s/iter; left time: 117.4639s
	iters: 2900, epoch: 12 | loss: 0.1925776
	speed: 0.0033s/iter; left time: 116.0685s
	iters: 3000, epoch: 12 | loss: 0.2108655
	speed: 0.0032s/iter; left time: 114.7418s
	iters: 3100, epoch: 12 | loss: 0.3898852
	speed: 0.0026s/iter; left time: 93.1789s
	iters: 3200, epoch: 12 | loss: 0.2421011
	speed: 0.0026s/iter; left time: 91.5073s
	iters: 3300, epoch: 12 | loss: 0.3098966
	speed: 0.0026s/iter; left time: 90.5660s
	iters: 3400, epoch: 12 | loss: 0.2228941
	speed: 0.0026s/iter; left time: 90.3960s
	iters: 3500, epoch: 12 | loss: 0.3191781
	speed: 0.0023s/iter; left time: 80.6076s
	iters: 3600, epoch: 12 | loss: 0.2440993
	speed: 0.0027s/iter; left time: 95.3383s
	iters: 3700, epoch: 12 | loss: 0.3425366
	speed: 0.0031s/iter; left time: 105.8834s
	iters: 3800, epoch: 12 | loss: 0.1648856
	speed: 0.0028s/iter; left time: 98.2711s
	iters: 3900, epoch: 12 | loss: 0.2585839
	speed: 0.0028s/iter; left time: 97.6206s
	iters: 4000, epoch: 12 | loss: 0.3207212
	speed: 0.0028s/iter; left time: 97.6817s
	iters: 4100, epoch: 12 | loss: 0.2375154
	speed: 0.0027s/iter; left time: 92.3119s
	iters: 4200, epoch: 12 | loss: 0.3189132
	speed: 0.0025s/iter; left time: 86.1715s
Epoch: 12 cost time: 11.907838106155396
Epoch: 12, Steps: 4266 | Train Loss: 0.2480016 Vali Loss: 0.3739604 Test Loss: 0.2879387
EarlyStopping counter: 3 out of 5
Updating learning rate to 2.44140625e-06
	iters: 100, epoch: 13 | loss: 0.3717767
	speed: 0.0240s/iter; left time: 816.5743s
	iters: 200, epoch: 13 | loss: 0.2547108
	speed: 0.0026s/iter; left time: 88.2828s
	iters: 300, epoch: 13 | loss: 0.2075770
	speed: 0.0025s/iter; left time: 84.9307s
	iters: 400, epoch: 13 | loss: 0.1822590
	speed: 0.0024s/iter; left time: 80.9496s
	iters: 500, epoch: 13 | loss: 0.2970623
	speed: 0.0024s/iter; left time: 80.7096s
	iters: 600, epoch: 13 | loss: 0.3083286
	speed: 0.0026s/iter; left time: 87.2180s
	iters: 700, epoch: 13 | loss: 0.1981259
	speed: 0.0030s/iter; left time: 100.2869s
	iters: 800, epoch: 13 | loss: 0.2215202
	speed: 0.0027s/iter; left time: 91.3406s
	iters: 900, epoch: 13 | loss: 0.2330625
	speed: 0.0028s/iter; left time: 92.7091s
	iters: 1000, epoch: 13 | loss: 0.2269727
	speed: 0.0027s/iter; left time: 88.1792s
	iters: 1100, epoch: 13 | loss: 0.2346053
	speed: 0.0031s/iter; left time: 102.7201s
	iters: 1200, epoch: 13 | loss: 0.1933970
	speed: 0.0024s/iter; left time: 78.7003s
	iters: 1300, epoch: 13 | loss: 0.3339612
	speed: 0.0025s/iter; left time: 82.7464s
	iters: 1400, epoch: 13 | loss: 0.3097570
	speed: 0.0029s/iter; left time: 94.6855s
	iters: 1500, epoch: 13 | loss: 0.2128108
	speed: 0.0028s/iter; left time: 92.9926s
	iters: 1600, epoch: 13 | loss: 0.1803095
	speed: 0.0029s/iter; left time: 93.0331s
	iters: 1700, epoch: 13 | loss: 0.3046787
	speed: 0.0029s/iter; left time: 93.4540s
	iters: 1800, epoch: 13 | loss: 0.1959182
	speed: 0.0030s/iter; left time: 97.3278s
	iters: 1900, epoch: 13 | loss: 0.2314411
	speed: 0.0029s/iter; left time: 94.7531s
	iters: 2000, epoch: 13 | loss: 0.2087303
	speed: 0.0029s/iter; left time: 94.1845s
	iters: 2100, epoch: 13 | loss: 0.2740255
	speed: 0.0027s/iter; left time: 86.1583s
	iters: 2200, epoch: 13 | loss: 0.2522882
	speed: 0.0026s/iter; left time: 83.9732s
	iters: 2300, epoch: 13 | loss: 0.2729805
	speed: 0.0025s/iter; left time: 79.2752s
	iters: 2400, epoch: 13 | loss: 0.1551405
	speed: 0.0025s/iter; left time: 80.3385s
	iters: 2500, epoch: 13 | loss: 0.2603301
	speed: 0.0030s/iter; left time: 93.6214s
	iters: 2600, epoch: 13 | loss: 0.3768853
	speed: 0.0032s/iter; left time: 101.5232s
	iters: 2700, epoch: 13 | loss: 0.2153010
	speed: 0.0031s/iter; left time: 96.4871s
	iters: 2800, epoch: 13 | loss: 0.2323492
	speed: 0.0031s/iter; left time: 97.2009s
	iters: 2900, epoch: 13 | loss: 0.3486709
	speed: 0.0034s/iter; left time: 107.1154s
	iters: 3000, epoch: 13 | loss: 0.2406253
	speed: 0.0034s/iter; left time: 106.7726s
	iters: 3100, epoch: 13 | loss: 0.2924748
	speed: 0.0029s/iter; left time: 91.2933s
	iters: 3200, epoch: 13 | loss: 0.2258363
	speed: 0.0028s/iter; left time: 87.5293s
	iters: 3300, epoch: 13 | loss: 0.1923691
	speed: 0.0029s/iter; left time: 87.8627s
	iters: 3400, epoch: 13 | loss: 0.2426257
	speed: 0.0028s/iter; left time: 84.5966s
	iters: 3500, epoch: 13 | loss: 0.2637911
	speed: 0.0029s/iter; left time: 89.7548s
	iters: 3600, epoch: 13 | loss: 0.2470385
	speed: 0.0032s/iter; left time: 96.7855s
	iters: 3700, epoch: 13 | loss: 0.2066179
	speed: 0.0031s/iter; left time: 93.4808s
	iters: 3800, epoch: 13 | loss: 0.2142470
	speed: 0.0028s/iter; left time: 84.6179s
	iters: 3900, epoch: 13 | loss: 0.1951970
	speed: 0.0027s/iter; left time: 80.7114s
	iters: 4000, epoch: 13 | loss: 0.3658015
	speed: 0.0027s/iter; left time: 80.4446s
	iters: 4100, epoch: 13 | loss: 0.3207102
	speed: 0.0027s/iter; left time: 79.9398s
	iters: 4200, epoch: 13 | loss: 0.2732125
	speed: 0.0026s/iter; left time: 79.0128s
Epoch: 13 cost time: 12.044873714447021
Epoch: 13, Steps: 4266 | Train Loss: 0.2478992 Vali Loss: 0.3749510 Test Loss: 0.2876958
EarlyStopping counter: 4 out of 5
Updating learning rate to 1.220703125e-06
	iters: 100, epoch: 14 | loss: 0.3731408
	speed: 0.0279s/iter; left time: 831.4236s
	iters: 200, epoch: 14 | loss: 0.2346228
	speed: 0.0033s/iter; left time: 96.7015s
	iters: 300, epoch: 14 | loss: 0.2576742
	speed: 0.0029s/iter; left time: 86.0282s
	iters: 400, epoch: 14 | loss: 0.3244316
	speed: 0.0028s/iter; left time: 82.8607s
	iters: 500, epoch: 14 | loss: 0.1749025
	speed: 0.0029s/iter; left time: 85.4549s
	iters: 600, epoch: 14 | loss: 0.1781763
	speed: 0.0029s/iter; left time: 83.6921s
	iters: 700, epoch: 14 | loss: 0.1999464
	speed: 0.0029s/iter; left time: 83.1146s
	iters: 800, epoch: 14 | loss: 0.2382258
	speed: 0.0028s/iter; left time: 82.3294s
	iters: 900, epoch: 14 | loss: 0.3265219
	speed: 0.0032s/iter; left time: 91.5231s
	iters: 1000, epoch: 14 | loss: 0.2084542
	speed: 0.0032s/iter; left time: 92.3689s
	iters: 1100, epoch: 14 | loss: 0.1507120
	speed: 0.0033s/iter; left time: 94.7093s
	iters: 1200, epoch: 14 | loss: 0.1921369
	speed: 0.0029s/iter; left time: 81.6896s
	iters: 1300, epoch: 14 | loss: 0.3489865
	speed: 0.0028s/iter; left time: 80.5477s
	iters: 1400, epoch: 14 | loss: 0.2867976
	speed: 0.0030s/iter; left time: 84.3143s
	iters: 1500, epoch: 14 | loss: 0.4507399
	speed: 0.0024s/iter; left time: 69.2062s
	iters: 1600, epoch: 14 | loss: 0.2551626
	speed: 0.0024s/iter; left time: 68.3958s
	iters: 1700, epoch: 14 | loss: 0.2038151
	speed: 0.0024s/iter; left time: 68.4361s
	iters: 1800, epoch: 14 | loss: 0.3988908
	speed: 0.0024s/iter; left time: 67.9536s
	iters: 1900, epoch: 14 | loss: 0.1594996
	speed: 0.0024s/iter; left time: 67.6772s
	iters: 2000, epoch: 14 | loss: 0.1729938
	speed: 0.0024s/iter; left time: 67.1571s
	iters: 2100, epoch: 14 | loss: 0.2330002
	speed: 0.0024s/iter; left time: 66.6312s
	iters: 2200, epoch: 14 | loss: 0.2210974
	speed: 0.0024s/iter; left time: 66.9445s
	iters: 2300, epoch: 14 | loss: 0.1586308
	speed: 0.0022s/iter; left time: 60.4202s
	iters: 2400, epoch: 14 | loss: 0.1968304
	speed: 0.0031s/iter; left time: 86.5084s
	iters: 2500, epoch: 14 | loss: 0.2413827
	speed: 0.0034s/iter; left time: 92.7679s
	iters: 2600, epoch: 14 | loss: 0.1885428
	speed: 0.0031s/iter; left time: 85.1260s
	iters: 2700, epoch: 14 | loss: 0.1914687
	speed: 0.0031s/iter; left time: 85.5633s
	iters: 2800, epoch: 14 | loss: 0.1853558
	speed: 0.0031s/iter; left time: 84.4367s
	iters: 2900, epoch: 14 | loss: 0.2949082
	speed: 0.0029s/iter; left time: 78.2365s
	iters: 3000, epoch: 14 | loss: 0.1382173
	speed: 0.0029s/iter; left time: 76.8281s
	iters: 3100, epoch: 14 | loss: 0.2086938
	speed: 0.0028s/iter; left time: 75.4717s
	iters: 3200, epoch: 14 | loss: 0.2691831
	speed: 0.0028s/iter; left time: 75.7229s
	iters: 3300, epoch: 14 | loss: 0.2404171
	speed: 0.0031s/iter; left time: 82.3511s
	iters: 3400, epoch: 14 | loss: 0.2108257
	speed: 0.0033s/iter; left time: 86.0048s
	iters: 3500, epoch: 14 | loss: 0.2384783
	speed: 0.0033s/iter; left time: 87.2613s
	iters: 3600, epoch: 14 | loss: 0.2175099
	speed: 0.0031s/iter; left time: 82.5093s
	iters: 3700, epoch: 14 | loss: 0.2469142
	speed: 0.0028s/iter; left time: 73.7796s
	iters: 3800, epoch: 14 | loss: 0.1887618
	speed: 0.0025s/iter; left time: 63.8611s
	iters: 3900, epoch: 14 | loss: 0.1952757
	speed: 0.0024s/iter; left time: 62.3111s
	iters: 4000, epoch: 14 | loss: 0.2464706
	speed: 0.0024s/iter; left time: 61.6114s
	iters: 4100, epoch: 14 | loss: 0.3463700
	speed: 0.0024s/iter; left time: 61.8311s
	iters: 4200, epoch: 14 | loss: 0.3523926
	speed: 0.0024s/iter; left time: 61.5913s
Epoch: 14 cost time: 12.006515502929688
Epoch: 14, Steps: 4266 | Train Loss: 0.2478436 Vali Loss: 0.3756335 Test Loss: 0.2875739
EarlyStopping counter: 5 out of 5
Early stopping
>>>>>>>testing : ETTm1_336_96_NLinear_ETTm1_ftM_sl336_ll48_pl96_dm512_nh8_el2_dl1_df2048_fc1_ebtimeF_dtTrue_Exp_0_seed10458<<<<<<<<<<<<<<<<<<<<<<<<<<<<<<<<<
test 11425
mse:0.2888823449611664, mae:0.33609434962272644
