Args in experiment:
Namespace(activation='gelu', batch_size=32, c_out=7, checkpoints='./checkpoints/', d_ff=2048, d_layers=1, d_model=512, data='ETTm2', data_path='ETTm2.csv', dec_in=7, des='Exp', devices='0,1,2,3', distil=True, do_predict=False, dropout=0.05, e_layers=2, embed='timeF', embed_type=0, enc_in=7, factor=1, features='M', freq='h', gpu=0, individual=True, is_training=1, itr=1, label_len=48, learning_rate=0.01, loss='mse', lradj='type1', model='NLinear', model_id='ETTm2_336_720', moving_avg=25, n_heads=8, num_workers=0, output_attention=False, patience=5, pred_len=720, root_path='./dataset/', save_pred_values=False, seed=25565, seq_len=336, target='OT', test_flop=False, train_epochs=20, train_only=False, use_amp=False, use_gpu=False, use_multi_gpu=False)
Use CPU
>>>>>>>start training : ETTm2_336_720_NLinear_ETTm2_ftM_sl336_ll48_pl720_dm512_nh8_el2_dl1_df2048_fc1_ebtimeF_dtTrue_Exp_0_seed25565>>>>>>>>>>>>>>>>>>>>>>>>>>
train 33505
val 10801
test 10801
	iters: 100, epoch: 1 | loss: 0.4204959
	speed: 0.0188s/iter; left time: 391.3905s
	iters: 200, epoch: 1 | loss: 1.1961002
	speed: 0.0188s/iter; left time: 390.2492s
	iters: 300, epoch: 1 | loss: 0.3164383
	speed: 0.0192s/iter; left time: 397.0925s
	iters: 400, epoch: 1 | loss: 0.9426824
	speed: 0.0174s/iter; left time: 357.3733s
	iters: 500, epoch: 1 | loss: 0.9798415
	speed: 0.0191s/iter; left time: 389.7515s
	iters: 600, epoch: 1 | loss: 0.7057651
	speed: 0.0215s/iter; left time: 438.0896s
	iters: 700, epoch: 1 | loss: 0.6806864
	speed: 0.0182s/iter; left time: 369.3627s
	iters: 800, epoch: 1 | loss: 0.4753040
	speed: 0.0171s/iter; left time: 343.9481s
	iters: 900, epoch: 1 | loss: 0.7655566
	speed: 0.0192s/iter; left time: 384.9276s
	iters: 1000, epoch: 1 | loss: 0.7623098
	speed: 0.0200s/iter; left time: 398.5332s
Epoch: 1 cost time: 19.862691640853882
Epoch: 1, Steps: 1047 | Train Loss: 0.8904293 Vali Loss: 0.4409796 Test Loss: 0.5789123
Validation loss decreased (inf --> 0.440980).  Saving model ...
Updating learning rate to 0.01
	iters: 100, epoch: 2 | loss: 0.6968040
	speed: 0.0663s/iter; left time: 1312.5670s
	iters: 200, epoch: 2 | loss: 1.2133435
	speed: 0.0164s/iter; left time: 323.8842s
	iters: 300, epoch: 2 | loss: 1.0339189
	speed: 0.0201s/iter; left time: 394.6194s
	iters: 400, epoch: 2 | loss: 0.4967988
	speed: 0.0202s/iter; left time: 393.3312s
	iters: 500, epoch: 2 | loss: 0.9627571
	speed: 0.0201s/iter; left time: 390.3657s
	iters: 600, epoch: 2 | loss: 0.9539470
	speed: 0.0186s/iter; left time: 359.0763s
	iters: 700, epoch: 2 | loss: 0.7902114
	speed: 0.0196s/iter; left time: 375.6641s
	iters: 800, epoch: 2 | loss: 0.8654786
	speed: 0.0211s/iter; left time: 402.1113s
	iters: 900, epoch: 2 | loss: 0.8268144
	speed: 0.0175s/iter; left time: 332.3402s
	iters: 1000, epoch: 2 | loss: 0.8590462
	speed: 0.0169s/iter; left time: 318.9671s
Epoch: 2 cost time: 19.722688674926758
Epoch: 2, Steps: 1047 | Train Loss: 0.8507818 Vali Loss: 0.5869999 Test Loss: 0.8110157
EarlyStopping counter: 1 out of 5
Updating learning rate to 0.005
	iters: 100, epoch: 3 | loss: 0.4899057
	speed: 0.0616s/iter; left time: 1155.0127s
	iters: 200, epoch: 3 | loss: 0.8596404
	speed: 0.0194s/iter; left time: 361.7000s
	iters: 300, epoch: 3 | loss: 0.3334910
	speed: 0.0202s/iter; left time: 374.9852s
	iters: 400, epoch: 3 | loss: 0.6252546
	speed: 0.0180s/iter; left time: 331.8959s
	iters: 500, epoch: 3 | loss: 0.5209982
	speed: 0.0182s/iter; left time: 334.0446s
	iters: 600, epoch: 3 | loss: 0.6069966
	speed: 0.0175s/iter; left time: 320.0412s
	iters: 700, epoch: 3 | loss: 0.4309278
	speed: 0.0197s/iter; left time: 357.2722s
	iters: 800, epoch: 3 | loss: 0.5548690
	speed: 0.0198s/iter; left time: 356.8030s
	iters: 900, epoch: 3 | loss: 1.0404313
	speed: 0.0192s/iter; left time: 345.2294s
	iters: 1000, epoch: 3 | loss: 0.8751862
	speed: 0.0190s/iter; left time: 339.5681s
Epoch: 3 cost time: 19.629379987716675
Epoch: 3, Steps: 1047 | Train Loss: 0.6064881 Vali Loss: 0.3418655 Test Loss: 0.4874371
Validation loss decreased (0.440980 --> 0.341866).  Saving model ...
Updating learning rate to 0.0025
	iters: 100, epoch: 4 | loss: 0.5677988
	speed: 0.0656s/iter; left time: 1161.2398s
	iters: 200, epoch: 4 | loss: 0.6927192
	speed: 0.0196s/iter; left time: 344.2083s
	iters: 300, epoch: 4 | loss: 0.4761225
	speed: 0.0207s/iter; left time: 361.6219s
	iters: 400, epoch: 4 | loss: 0.3024212
	speed: 0.0176s/iter; left time: 306.8328s
	iters: 500, epoch: 4 | loss: 0.5432959
	speed: 0.0203s/iter; left time: 350.5476s
	iters: 600, epoch: 4 | loss: 0.9315565
	speed: 0.0199s/iter; left time: 342.8729s
	iters: 700, epoch: 4 | loss: 0.7305812
	speed: 0.0192s/iter; left time: 328.2316s
	iters: 800, epoch: 4 | loss: 0.6943337
	speed: 0.0187s/iter; left time: 317.9452s
	iters: 900, epoch: 4 | loss: 0.6584815
	speed: 0.0200s/iter; left time: 337.7209s
	iters: 1000, epoch: 4 | loss: 1.3044260
	speed: 0.0190s/iter; left time: 319.3514s
Epoch: 4 cost time: 19.987393379211426
Epoch: 4, Steps: 1047 | Train Loss: 0.5540232 Vali Loss: 0.2978309 Test Loss: 0.4219621
Validation loss decreased (0.341866 --> 0.297831).  Saving model ...
Updating learning rate to 0.00125
	iters: 100, epoch: 5 | loss: 0.4909810
	speed: 0.0628s/iter; left time: 1045.4380s
	iters: 200, epoch: 5 | loss: 0.8333563
	speed: 0.0190s/iter; left time: 314.4900s
	iters: 300, epoch: 5 | loss: 0.3675300
	speed: 0.0174s/iter; left time: 286.1049s
	iters: 400, epoch: 5 | loss: 0.6722190
	speed: 0.0191s/iter; left time: 312.3561s
	iters: 500, epoch: 5 | loss: 0.6106278
	speed: 0.0175s/iter; left time: 285.2332s
	iters: 600, epoch: 5 | loss: 0.7822562
	speed: 0.0164s/iter; left time: 265.5459s
	iters: 700, epoch: 5 | loss: 0.7206872
	speed: 0.0197s/iter; left time: 315.5228s
	iters: 800, epoch: 5 | loss: 0.3778205
	speed: 0.0179s/iter; left time: 285.7682s
	iters: 900, epoch: 5 | loss: 0.3988400
	speed: 0.0191s/iter; left time: 302.8233s
	iters: 1000, epoch: 5 | loss: 0.3776273
	speed: 0.0188s/iter; left time: 296.1445s
Epoch: 5 cost time: 18.877562046051025
Epoch: 5, Steps: 1047 | Train Loss: 0.5321259 Vali Loss: 0.2823285 Test Loss: 0.3907698
Validation loss decreased (0.297831 --> 0.282328).  Saving model ...
Updating learning rate to 0.000625
	iters: 100, epoch: 6 | loss: 0.4103299
	speed: 0.0660s/iter; left time: 1029.7315s
	iters: 200, epoch: 6 | loss: 0.2837928
	speed: 0.0174s/iter; left time: 269.7309s
	iters: 300, epoch: 6 | loss: 0.5992145
	speed: 0.0196s/iter; left time: 302.6653s
	iters: 400, epoch: 6 | loss: 0.6043148
	speed: 0.0186s/iter; left time: 284.3560s
	iters: 500, epoch: 6 | loss: 0.3833272
	speed: 0.0193s/iter; left time: 293.6200s
	iters: 600, epoch: 6 | loss: 0.4721990
	speed: 0.0200s/iter; left time: 302.2763s
	iters: 700, epoch: 6 | loss: 0.6990301
	speed: 0.0220s/iter; left time: 330.4761s
	iters: 800, epoch: 6 | loss: 0.5268711
	speed: 0.0208s/iter; left time: 310.5716s
	iters: 900, epoch: 6 | loss: 0.4438218
	speed: 0.0196s/iter; left time: 290.7420s
	iters: 1000, epoch: 6 | loss: 0.4882607
	speed: 0.0179s/iter; left time: 263.2307s
Epoch: 6 cost time: 19.860562086105347
Epoch: 6, Steps: 1047 | Train Loss: 0.5197869 Vali Loss: 0.2786897 Test Loss: 0.3844305
Validation loss decreased (0.282328 --> 0.278690).  Saving model ...
Updating learning rate to 0.0003125
	iters: 100, epoch: 7 | loss: 0.3711789
	speed: 0.0646s/iter; left time: 940.2662s
	iters: 200, epoch: 7 | loss: 0.6616631
	speed: 0.0204s/iter; left time: 294.7027s
	iters: 300, epoch: 7 | loss: 0.4029858
	speed: 0.0209s/iter; left time: 299.5585s
	iters: 400, epoch: 7 | loss: 0.6398628
	speed: 0.0197s/iter; left time: 280.9359s
	iters: 500, epoch: 7 | loss: 0.2442766
	speed: 0.0207s/iter; left time: 293.7209s
	iters: 600, epoch: 7 | loss: 0.6297911
	speed: 0.0187s/iter; left time: 262.3690s
	iters: 700, epoch: 7 | loss: 0.6925684
	speed: 0.0207s/iter; left time: 289.2911s
	iters: 800, epoch: 7 | loss: 0.5290537
	speed: 0.0206s/iter; left time: 285.3676s
	iters: 900, epoch: 7 | loss: 0.6418623
	speed: 0.0209s/iter; left time: 287.9942s
	iters: 1000, epoch: 7 | loss: 0.6834692
	speed: 0.0202s/iter; left time: 276.4163s
Epoch: 7 cost time: 20.894408464431763
Epoch: 7, Steps: 1047 | Train Loss: 0.5121914 Vali Loss: 0.2700224 Test Loss: 0.3748762
Validation loss decreased (0.278690 --> 0.270022).  Saving model ...
Updating learning rate to 0.00015625
	iters: 100, epoch: 8 | loss: 0.2835299
	speed: 0.0724s/iter; left time: 978.2366s
	iters: 200, epoch: 8 | loss: 0.4822487
	speed: 0.0177s/iter; left time: 237.6284s
	iters: 300, epoch: 8 | loss: 0.7989380
	speed: 0.0189s/iter; left time: 252.1443s
	iters: 400, epoch: 8 | loss: 0.7664799
	speed: 0.0196s/iter; left time: 259.2175s
	iters: 500, epoch: 8 | loss: 0.5093402
	speed: 0.0204s/iter; left time: 267.3382s
	iters: 600, epoch: 8 | loss: 0.5454141
	speed: 0.0187s/iter; left time: 242.8878s
	iters: 700, epoch: 8 | loss: 0.4126148
	speed: 0.0175s/iter; left time: 225.8398s
	iters: 800, epoch: 8 | loss: 1.1293604
	speed: 0.0199s/iter; left time: 255.0424s
	iters: 900, epoch: 8 | loss: 0.3420614
	speed: 0.0171s/iter; left time: 217.6062s
	iters: 1000, epoch: 8 | loss: 0.3077793
	speed: 0.0175s/iter; left time: 220.4491s
Epoch: 8 cost time: 19.553085803985596
Epoch: 8, Steps: 1047 | Train Loss: 0.5084893 Vali Loss: 0.2689229 Test Loss: 0.3720588
Validation loss decreased (0.270022 --> 0.268923).  Saving model ...
Updating learning rate to 7.8125e-05
	iters: 100, epoch: 9 | loss: 0.8586540
	speed: 0.0648s/iter; left time: 807.4059s
	iters: 200, epoch: 9 | loss: 0.4320490
	speed: 0.0189s/iter; left time: 233.2127s
	iters: 300, epoch: 9 | loss: 0.3743807
	speed: 0.0201s/iter; left time: 246.9895s
	iters: 400, epoch: 9 | loss: 0.6715603
	speed: 0.0202s/iter; left time: 246.0306s
	iters: 500, epoch: 9 | loss: 0.5708554
	speed: 0.0200s/iter; left time: 241.5303s
	iters: 600, epoch: 9 | loss: 0.6098210
	speed: 0.0211s/iter; left time: 252.2731s
	iters: 700, epoch: 9 | loss: 0.9453905
	speed: 0.0192s/iter; left time: 228.2828s
	iters: 800, epoch: 9 | loss: 0.6527506
	speed: 0.0189s/iter; left time: 222.4660s
	iters: 900, epoch: 9 | loss: 0.5437638
	speed: 0.0188s/iter; left time: 218.9988s
	iters: 1000, epoch: 9 | loss: 0.5190049
	speed: 0.0159s/iter; left time: 184.0214s
Epoch: 9 cost time: 19.813295364379883
Epoch: 9, Steps: 1047 | Train Loss: 0.5065505 Vali Loss: 0.2680332 Test Loss: 0.3720493
Validation loss decreased (0.268923 --> 0.268033).  Saving model ...
Updating learning rate to 3.90625e-05
	iters: 100, epoch: 10 | loss: 0.3778394
	speed: 0.0677s/iter; left time: 773.1705s
	iters: 200, epoch: 10 | loss: 0.3681951
	speed: 0.0183s/iter; left time: 206.7287s
	iters: 300, epoch: 10 | loss: 0.3182695
	speed: 0.0170s/iter; left time: 190.6830s
	iters: 400, epoch: 10 | loss: 0.5088595
	speed: 0.0203s/iter; left time: 225.2683s
	iters: 500, epoch: 10 | loss: 0.5269234
	speed: 0.0205s/iter; left time: 225.3493s
	iters: 600, epoch: 10 | loss: 0.3300260
	speed: 0.0194s/iter; left time: 212.3125s
	iters: 700, epoch: 10 | loss: 0.2606095
	speed: 0.0189s/iter; left time: 204.1259s
	iters: 800, epoch: 10 | loss: 0.5596367
	speed: 0.0191s/iter; left time: 205.0247s
	iters: 900, epoch: 10 | loss: 0.8501764
	speed: 0.0193s/iter; left time: 204.9956s
	iters: 1000, epoch: 10 | loss: 0.4503480
	speed: 0.0187s/iter; left time: 196.4887s
Epoch: 10 cost time: 19.724490880966187
Epoch: 10, Steps: 1047 | Train Loss: 0.5054222 Vali Loss: 0.2680068 Test Loss: 0.3725997
Validation loss decreased (0.268033 --> 0.268007).  Saving model ...
Updating learning rate to 1.953125e-05
	iters: 100, epoch: 11 | loss: 0.4801952
	speed: 0.0653s/iter; left time: 676.7958s
	iters: 200, epoch: 11 | loss: 0.3648353
	speed: 0.0201s/iter; left time: 206.6391s
	iters: 300, epoch: 11 | loss: 0.4807893
	speed: 0.0197s/iter; left time: 200.0910s
	iters: 400, epoch: 11 | loss: 0.6318765
	speed: 0.0207s/iter; left time: 208.8121s
	iters: 500, epoch: 11 | loss: 0.5776466
	speed: 0.0197s/iter; left time: 196.5863s
	iters: 600, epoch: 11 | loss: 0.6771165
	speed: 0.0204s/iter; left time: 201.3549s
	iters: 700, epoch: 11 | loss: 0.5810370
	speed: 0.0211s/iter; left time: 206.2464s
	iters: 800, epoch: 11 | loss: 0.7970793
	speed: 0.0195s/iter; left time: 188.1599s
	iters: 900, epoch: 11 | loss: 0.5972335
	speed: 0.0199s/iter; left time: 190.1735s
	iters: 1000, epoch: 11 | loss: 0.3747172
	speed: 0.0177s/iter; left time: 167.7143s
Epoch: 11 cost time: 20.583168745040894
Epoch: 11, Steps: 1047 | Train Loss: 0.5047991 Vali Loss: 0.2674780 Test Loss: 0.3709022
Validation loss decreased (0.268007 --> 0.267478).  Saving model ...
Updating learning rate to 9.765625e-06
	iters: 100, epoch: 12 | loss: 0.6096212
	speed: 0.0667s/iter; left time: 621.9645s
	iters: 200, epoch: 12 | loss: 0.6041936
	speed: 0.0179s/iter; left time: 164.9930s
	iters: 300, epoch: 12 | loss: 0.5758839
	speed: 0.0183s/iter; left time: 166.5974s
	iters: 400, epoch: 12 | loss: 0.4890512
	speed: 0.0177s/iter; left time: 159.4338s
	iters: 500, epoch: 12 | loss: 0.3299767
	speed: 0.0191s/iter; left time: 170.8869s
	iters: 600, epoch: 12 | loss: 0.5803648
	speed: 0.0188s/iter; left time: 165.9214s
	iters: 700, epoch: 12 | loss: 0.5719465
	speed: 0.0183s/iter; left time: 159.8785s
	iters: 800, epoch: 12 | loss: 0.7268527
	speed: 0.0192s/iter; left time: 165.4146s
	iters: 900, epoch: 12 | loss: 0.7068303
	speed: 0.0207s/iter; left time: 176.5356s
	iters: 1000, epoch: 12 | loss: 0.5291325
	speed: 0.0177s/iter; left time: 149.2412s
Epoch: 12 cost time: 19.24654769897461
Epoch: 12, Steps: 1047 | Train Loss: 0.5044753 Vali Loss: 0.2676404 Test Loss: 0.3710074
EarlyStopping counter: 1 out of 5
Updating learning rate to 4.8828125e-06
	iters: 100, epoch: 13 | loss: 0.4451533
	speed: 0.0622s/iter; left time: 515.1250s
	iters: 200, epoch: 13 | loss: 0.6551490
	speed: 0.0202s/iter; left time: 165.4713s
	iters: 300, epoch: 13 | loss: 0.3054475
	speed: 0.0200s/iter; left time: 161.5937s
	iters: 400, epoch: 13 | loss: 0.5155664
	speed: 0.0190s/iter; left time: 151.9398s
	iters: 500, epoch: 13 | loss: 0.6563087
	speed: 0.0181s/iter; left time: 142.6535s
	iters: 600, epoch: 13 | loss: 0.5875692
	speed: 0.0182s/iter; left time: 141.7138s
	iters: 700, epoch: 13 | loss: 0.6722775
	speed: 0.0207s/iter; left time: 158.7492s
	iters: 800, epoch: 13 | loss: 0.6820222
	speed: 0.0212s/iter; left time: 160.4197s
	iters: 900, epoch: 13 | loss: 0.5401103
	speed: 0.0211s/iter; left time: 157.8498s
	iters: 1000, epoch: 13 | loss: 0.4000389
	speed: 0.0195s/iter; left time: 144.0130s
Epoch: 13 cost time: 20.39764904975891
Epoch: 13, Steps: 1047 | Train Loss: 0.5043289 Vali Loss: 0.2672298 Test Loss: 0.3707836
Validation loss decreased (0.267478 --> 0.267230).  Saving model ...
Updating learning rate to 2.44140625e-06
	iters: 100, epoch: 14 | loss: 0.2596959
	speed: 0.0606s/iter; left time: 438.4081s
	iters: 200, epoch: 14 | loss: 0.4421463
	speed: 0.0183s/iter; left time: 130.2569s
	iters: 300, epoch: 14 | loss: 0.4865225
	speed: 0.0199s/iter; left time: 139.6082s
	iters: 400, epoch: 14 | loss: 0.3997886
	speed: 0.0199s/iter; left time: 138.0451s
	iters: 500, epoch: 14 | loss: 0.5485742
	speed: 0.0181s/iter; left time: 123.3401s
	iters: 600, epoch: 14 | loss: 0.5195813
	speed: 0.0201s/iter; left time: 135.2258s
	iters: 700, epoch: 14 | loss: 0.4585925
	speed: 0.0208s/iter; left time: 137.7320s
	iters: 800, epoch: 14 | loss: 0.7183887
	speed: 0.0202s/iter; left time: 131.7808s
	iters: 900, epoch: 14 | loss: 0.3587183
	speed: 0.0181s/iter; left time: 116.2110s
	iters: 1000, epoch: 14 | loss: 0.3611939
	speed: 0.0164s/iter; left time: 103.7258s
Epoch: 14 cost time: 19.68777871131897
Epoch: 14, Steps: 1047 | Train Loss: 0.5042267 Vali Loss: 0.2674295 Test Loss: 0.3708229
EarlyStopping counter: 1 out of 5
Updating learning rate to 1.220703125e-06
	iters: 100, epoch: 15 | loss: 0.3792270
	speed: 0.0681s/iter; left time: 420.7667s
	iters: 200, epoch: 15 | loss: 0.2789547
	speed: 0.0170s/iter; left time: 103.5027s
	iters: 300, epoch: 15 | loss: 0.3349663
	speed: 0.0184s/iter; left time: 109.8787s
	iters: 400, epoch: 15 | loss: 0.8366086
	speed: 0.0191s/iter; left time: 112.5381s
	iters: 500, epoch: 15 | loss: 0.3256435
	speed: 0.0171s/iter; left time: 98.9343s
	iters: 600, epoch: 15 | loss: 0.5659903
	speed: 0.0170s/iter; left time: 96.6837s
	iters: 700, epoch: 15 | loss: 0.5537236
	speed: 0.0179s/iter; left time: 100.1535s
	iters: 800, epoch: 15 | loss: 0.7084120
	speed: 0.0171s/iter; left time: 93.7257s
	iters: 900, epoch: 15 | loss: 0.6754640
	speed: 0.0169s/iter; left time: 90.7605s
	iters: 1000, epoch: 15 | loss: 0.6405609
	speed: 0.0156s/iter; left time: 82.2328s
Epoch: 15 cost time: 18.207276344299316
Epoch: 15, Steps: 1047 | Train Loss: 0.5041517 Vali Loss: 0.2672593 Test Loss: 0.3708220
EarlyStopping counter: 2 out of 5
Updating learning rate to 6.103515625e-07
	iters: 100, epoch: 16 | loss: 0.6693476
	speed: 0.0661s/iter; left time: 339.6520s
	iters: 200, epoch: 16 | loss: 0.3632339
	speed: 0.0171s/iter; left time: 86.1553s
	iters: 300, epoch: 16 | loss: 0.6876552
	speed: 0.0170s/iter; left time: 83.6924s
	iters: 400, epoch: 16 | loss: 0.7503572
	speed: 0.0164s/iter; left time: 79.1316s
	iters: 500, epoch: 16 | loss: 0.2742928
	speed: 0.0165s/iter; left time: 78.1945s
	iters: 600, epoch: 16 | loss: 0.2818964
	speed: 0.0165s/iter; left time: 76.6942s
	iters: 700, epoch: 16 | loss: 0.3910660
	speed: 0.0175s/iter; left time: 79.3605s
	iters: 800, epoch: 16 | loss: 0.6030216
	speed: 0.0165s/iter; left time: 73.2044s
	iters: 900, epoch: 16 | loss: 0.7395273
	speed: 0.0157s/iter; left time: 68.0541s
	iters: 1000, epoch: 16 | loss: 0.6506773
	speed: 0.0159s/iter; left time: 67.1984s
Epoch: 16 cost time: 17.391297578811646
Epoch: 16, Steps: 1047 | Train Loss: 0.5041458 Vali Loss: 0.2674409 Test Loss: 0.3708399
EarlyStopping counter: 3 out of 5
Updating learning rate to 3.0517578125e-07
	iters: 100, epoch: 17 | loss: 0.2805543
	speed: 0.0616s/iter; left time: 251.8855s
	iters: 200, epoch: 17 | loss: 0.9401811
	speed: 0.0165s/iter; left time: 65.9128s
	iters: 300, epoch: 17 | loss: 0.3953364
	speed: 0.0179s/iter; left time: 69.7971s
	iters: 400, epoch: 17 | loss: 0.3153343
	speed: 0.0156s/iter; left time: 58.9396s
	iters: 500, epoch: 17 | loss: 0.7039307
	speed: 0.0156s/iter; left time: 57.5274s
	iters: 600, epoch: 17 | loss: 0.7515454
	speed: 0.0140s/iter; left time: 50.1486s
	iters: 700, epoch: 17 | loss: 0.7339379
	speed: 0.0161s/iter; left time: 56.1441s
	iters: 800, epoch: 17 | loss: 0.4757980
	speed: 0.0148s/iter; left time: 50.2066s
	iters: 900, epoch: 17 | loss: 0.3768637
	speed: 0.0159s/iter; left time: 52.2981s
	iters: 1000, epoch: 17 | loss: 0.3285162
	speed: 0.0147s/iter; left time: 47.0210s
Epoch: 17 cost time: 16.30277132987976
Epoch: 17, Steps: 1047 | Train Loss: 0.5041249 Vali Loss: 0.2673692 Test Loss: 0.3708500
EarlyStopping counter: 4 out of 5
Updating learning rate to 1.52587890625e-07
	iters: 100, epoch: 18 | loss: 0.6564419
	speed: 0.0590s/iter; left time: 179.4658s
	iters: 200, epoch: 18 | loss: 0.5497600
	speed: 0.0144s/iter; left time: 42.3748s
	iters: 300, epoch: 18 | loss: 0.4014659
	speed: 0.0134s/iter; left time: 38.1454s
	iters: 400, epoch: 18 | loss: 0.5177532
	speed: 0.0138s/iter; left time: 37.9204s
	iters: 500, epoch: 18 | loss: 0.6154870
	speed: 0.0141s/iter; left time: 37.2850s
	iters: 600, epoch: 18 | loss: 0.4233464
	speed: 0.0124s/iter; left time: 31.6036s
	iters: 700, epoch: 18 | loss: 0.7323760
	speed: 0.0117s/iter; left time: 28.5569s
	iters: 800, epoch: 18 | loss: 0.5047886
	speed: 0.0128s/iter; left time: 29.8688s
	iters: 900, epoch: 18 | loss: 0.3868777
	speed: 0.0124s/iter; left time: 27.7131s
	iters: 1000, epoch: 18 | loss: 0.2693430
	speed: 0.0119s/iter; left time: 25.4318s
Epoch: 18 cost time: 13.674833297729492
Epoch: 18, Steps: 1047 | Train Loss: 0.5041088 Vali Loss: 0.2674360 Test Loss: 0.3708492
EarlyStopping counter: 5 out of 5
Early stopping
>>>>>>>testing : ETTm2_336_720_NLinear_ETTm2_ftM_sl336_ll48_pl720_dm512_nh8_el2_dl1_df2048_fc1_ebtimeF_dtTrue_Exp_0_seed25565<<<<<<<<<<<<<<<<<<<<<<<<<<<<<<<<<
test 10801
mse:0.37025707960128784, mae:0.384766548871994
