Args in experiment:
Namespace(activation='gelu', batch_size=32, c_out=7, checkpoints='./checkpoints/', d_ff=2048, d_layers=1, d_model=512, data='ETTh1', data_path='ETTh1.csv', dec_in=7, des='Exp', devices='0,1,2,3', distil=True, do_predict=False, dropout=0.05, e_layers=2, embed='timeF', embed_type=0, enc_in=7, factor=1, features='M', freq='h', gpu=0, individual=True, is_training=1, itr=1, label_len=48, learning_rate=0.005, loss='mse', lradj='type1', model='NLinear', model_id='ETTh1_96_96', moving_avg=25, n_heads=8, num_workers=0, output_attention=False, patience=5, pred_len=96, root_path='./dataset/', save_pred_values=False, seed=28649, seq_len=96, target='OT', test_flop=False, train_epochs=20, train_only=False, use_amp=False, use_gpu=False, use_multi_gpu=False)
Use CPU
>>>>>>>start training : ETTh1_96_96_NLinear_ETTh1_ftM_sl96_ll48_pl96_dm512_nh8_el2_dl1_df2048_fc1_ebtimeF_dtTrue_Exp_0_seed28649>>>>>>>>>>>>>>>>>>>>>>>>>>
train 8449
data_set:  <data_provider.data_loader.Dataset_ETT_hour object at 0x000001E68A870D68>
val 2785
data_set:  <data_provider.data_loader.Dataset_ETT_hour object at 0x000001E6D7D27DD8>
test 2785
data_set:  <data_provider.data_loader.Dataset_ETT_hour object at 0x000001E68A870128>
Total number of trainable parameters: 65184
Total number of parameters: 65184
	iters: 100, epoch: 1 | loss: 0.3931367
	speed: 0.0036s/iter; left time: 18.7963s
	iters: 200, epoch: 1 | loss: 0.3808104
	speed: 0.0033s/iter; left time: 16.6403s
Epoch: 1 cost time: 0.8937458992004395
Epoch: 1, Steps: 264 | Train Loss: 0.3975870 Vali Loss: 0.7730825 Test Loss: 0.4109548
Validation loss decreased (inf --> 0.773082).  Saving model ...
Updating learning rate to 0.005
	iters: 100, epoch: 2 | loss: 0.3937992
	speed: 0.0091s/iter; left time: 44.5745s
	iters: 200, epoch: 2 | loss: 0.3853295
	speed: 0.0031s/iter; left time: 15.0439s
Epoch: 2 cost time: 0.8748986721038818
Epoch: 2, Steps: 264 | Train Loss: 0.3660731 Vali Loss: 0.7236689 Test Loss: 0.4063157
Validation loss decreased (0.773082 --> 0.723669).  Saving model ...
Updating learning rate to 0.0025
	iters: 100, epoch: 3 | loss: 0.3419946
	speed: 0.0086s/iter; left time: 40.0078s
	iters: 200, epoch: 3 | loss: 0.3113471
	speed: 0.0037s/iter; left time: 17.0713s
Epoch: 3 cost time: 0.9374940395355225
Epoch: 3, Steps: 264 | Train Loss: 0.3533801 Vali Loss: 0.7243408 Test Loss: 0.4112871
EarlyStopping counter: 1 out of 5
Updating learning rate to 0.00125
	iters: 100, epoch: 4 | loss: 0.3986375
	speed: 0.0078s/iter; left time: 34.2650s
	iters: 200, epoch: 4 | loss: 0.3791405
	speed: 0.0042s/iter; left time: 18.1145s
Epoch: 4 cost time: 0.9534108638763428
Epoch: 4, Steps: 264 | Train Loss: 0.3475789 Vali Loss: 0.6901805 Test Loss: 0.3907326
Validation loss decreased (0.723669 --> 0.690181).  Saving model ...
Updating learning rate to 0.000625
	iters: 100, epoch: 5 | loss: 0.3534836
	speed: 0.0086s/iter; left time: 35.4523s
	iters: 200, epoch: 5 | loss: 0.3853354
	speed: 0.0028s/iter; left time: 11.3081s
Epoch: 5 cost time: 0.7964470386505127
Epoch: 5, Steps: 264 | Train Loss: 0.3447593 Vali Loss: 0.6916589 Test Loss: 0.3881506
EarlyStopping counter: 1 out of 5
Updating learning rate to 0.0003125
	iters: 100, epoch: 6 | loss: 0.3492189
	speed: 0.0083s/iter; left time: 31.9600s
	iters: 200, epoch: 6 | loss: 0.2700808
	speed: 0.0031s/iter; left time: 11.7937s
Epoch: 6 cost time: 0.8597521781921387
Epoch: 6, Steps: 264 | Train Loss: 0.3431019 Vali Loss: 0.6932510 Test Loss: 0.3858738
EarlyStopping counter: 2 out of 5
Updating learning rate to 0.00015625
	iters: 100, epoch: 7 | loss: 0.3225488
	speed: 0.0081s/iter; left time: 29.2041s
	iters: 200, epoch: 7 | loss: 0.3765240
	speed: 0.0036s/iter; left time: 12.5700s
Epoch: 7 cost time: 0.953312873840332
Epoch: 7, Steps: 264 | Train Loss: 0.3421335 Vali Loss: 0.6873037 Test Loss: 0.3858639
Validation loss decreased (0.690181 --> 0.687304).  Saving model ...
Updating learning rate to 7.8125e-05
	iters: 100, epoch: 8 | loss: 0.3850936
	speed: 0.0080s/iter; left time: 26.5546s
	iters: 200, epoch: 8 | loss: 0.3723818
	speed: 0.0034s/iter; left time: 11.1136s
Epoch: 8 cost time: 0.8436548709869385
Epoch: 8, Steps: 264 | Train Loss: 0.3416005 Vali Loss: 0.6893628 Test Loss: 0.3851784
EarlyStopping counter: 1 out of 5
Updating learning rate to 3.90625e-05
	iters: 100, epoch: 9 | loss: 0.3313900
	speed: 0.0069s/iter; left time: 21.0972s
	iters: 200, epoch: 9 | loss: 0.3610132
	speed: 0.0031s/iter; left time: 9.2827s
Epoch: 9 cost time: 0.8596010208129883
Epoch: 9, Steps: 264 | Train Loss: 0.3413905 Vali Loss: 0.6886008 Test Loss: 0.3853189
EarlyStopping counter: 2 out of 5
Updating learning rate to 1.953125e-05
	iters: 100, epoch: 10 | loss: 0.2640113
	speed: 0.0080s/iter; left time: 22.3463s
	iters: 200, epoch: 10 | loss: 0.3890656
	speed: 0.0034s/iter; left time: 9.3065s
Epoch: 10 cost time: 0.8125491142272949
Epoch: 10, Steps: 264 | Train Loss: 0.3412364 Vali Loss: 0.6874967 Test Loss: 0.3854522
EarlyStopping counter: 3 out of 5
Updating learning rate to 9.765625e-06
	iters: 100, epoch: 11 | loss: 0.3385296
	speed: 0.0075s/iter; left time: 19.0489s
	iters: 200, epoch: 11 | loss: 0.2770607
	speed: 0.0031s/iter; left time: 7.6282s
Epoch: 11 cost time: 0.8129210472106934
Epoch: 11, Steps: 264 | Train Loss: 0.3411551 Vali Loss: 0.6880342 Test Loss: 0.3854338
EarlyStopping counter: 4 out of 5
Updating learning rate to 4.8828125e-06
	iters: 100, epoch: 12 | loss: 0.3042960
	speed: 0.0067s/iter; left time: 15.3040s
	iters: 200, epoch: 12 | loss: 0.3691827
	speed: 0.0025s/iter; left time: 5.4421s
Epoch: 12 cost time: 0.6716947555541992
Epoch: 12, Steps: 264 | Train Loss: 0.3411166 Vali Loss: 0.6881086 Test Loss: 0.3854158
EarlyStopping counter: 5 out of 5
Early stopping
Total training time: 13.4715 seconds
>>>>>>>testing : ETTh1_96_96_NLinear_ETTh1_ftM_sl96_ll48_pl96_dm512_nh8_el2_dl1_df2048_fc1_ebtimeF_dtTrue_Exp_0_seed28649<<<<<<<<<<<<<<<<<<<<<<<<<<<<<<<<<
test 2785
data_set:  <data_provider.data_loader.Dataset_ETT_hour object at 0x000001E6CD171080>
mse:0.38546091318130493, mae:0.39190730452537537
