Args in experiment:
Namespace(activation='gelu', batch_size=32, c_out=7, checkpoints='./checkpoints/', d_ff=2048, d_layers=1, d_model=512, data='custom', data_path='national_illness.csv', dec_in=7, des='Exp', devices='0,1,2,3', distil=True, do_predict=False, dropout=0.05, e_layers=2, embed='timeF', embed_type=0, enc_in=7, factor=1, features='M', freq='h', gpu=0, individual=True, is_training=1, itr=1, label_len=18, learning_rate=0.05, loss='mse', lradj='type1', model='NLinear', model_id='national_illness_104_60', moving_avg=25, n_heads=8, num_workers=0, output_attention=False, patience=5, pred_len=60, root_path='./dataset/', save_pred_values=False, seed=3293, seq_len=104, target='OT', test_flop=False, train_epochs=20, train_only=False, use_amp=False, use_gpu=False, use_multi_gpu=False)
Use CPU
>>>>>>>start training : national_illness_104_60_NLinear_custom_ftM_sl104_ll18_pl60_dm512_nh8_el2_dl1_df2048_fc1_ebtimeF_dtTrue_Exp_0_seed3293>>>>>>>>>>>>>>>>>>>>>>>>>>
train 513
val 38
test 134
Epoch: 1 cost time: 0.04099845886230469
Epoch: 1, Steps: 16 | Train Loss: 2.9469721 Vali Loss: 1.0134674 Test Loss: 9.3657665
Validation loss decreased (inf --> 1.013467).  Saving model ...
Updating learning rate to 0.05
Epoch: 2 cost time: 0.031000137329101562
Epoch: 2, Steps: 16 | Train Loss: 1.7436635 Vali Loss: 0.7561885 Test Loss: 9.4682236
Validation loss decreased (1.013467 --> 0.756189).  Saving model ...
Updating learning rate to 0.025
Epoch: 3 cost time: 0.039999961853027344
Epoch: 3, Steps: 16 | Train Loss: 0.7744273 Vali Loss: 0.3403347 Test Loss: 3.2971847
Validation loss decreased (0.756189 --> 0.340335).  Saving model ...
Updating learning rate to 0.0125
Epoch: 4 cost time: 0.03000187873840332
Epoch: 4, Steps: 16 | Train Loss: 0.5624171 Vali Loss: 0.2752595 Test Loss: 2.5539932
Validation loss decreased (0.340335 --> 0.275259).  Saving model ...
Updating learning rate to 0.00625
Epoch: 5 cost time: 0.031999826431274414
Epoch: 5, Steps: 16 | Train Loss: 0.5005968 Vali Loss: 0.2754079 Test Loss: 2.5262642
EarlyStopping counter: 1 out of 5
Updating learning rate to 0.003125
Epoch: 6 cost time: 0.03600001335144043
Epoch: 6, Steps: 16 | Train Loss: 0.4881626 Vali Loss: 0.2502745 Test Loss: 2.5040641
Validation loss decreased (0.275259 --> 0.250274).  Saving model ...
Updating learning rate to 0.0015625
Epoch: 7 cost time: 0.03800010681152344
Epoch: 7, Steps: 16 | Train Loss: 0.4840590 Vali Loss: 0.2583646 Test Loss: 2.4515252
EarlyStopping counter: 1 out of 5
Updating learning rate to 0.00078125
Epoch: 8 cost time: 0.03399968147277832
Epoch: 8, Steps: 16 | Train Loss: 0.4820149 Vali Loss: 0.2626171 Test Loss: 2.4232702
EarlyStopping counter: 2 out of 5
Updating learning rate to 0.000390625
Epoch: 9 cost time: 0.03600001335144043
Epoch: 9, Steps: 16 | Train Loss: 0.4812611 Vali Loss: 0.2578191 Test Loss: 2.4042284
EarlyStopping counter: 3 out of 5
Updating learning rate to 0.0001953125
Epoch: 10 cost time: 0.040001869201660156
Epoch: 10, Steps: 16 | Train Loss: 0.4800258 Vali Loss: 0.2570255 Test Loss: 2.4174590
EarlyStopping counter: 4 out of 5
Updating learning rate to 9.765625e-05
Epoch: 11 cost time: 0.03699970245361328
Epoch: 11, Steps: 16 | Train Loss: 0.4804954 Vali Loss: 0.2638243 Test Loss: 2.4279618
EarlyStopping counter: 5 out of 5
Early stopping
>>>>>>>testing : national_illness_104_60_NLinear_custom_ftM_sl104_ll18_pl60_dm512_nh8_el2_dl1_df2048_fc1_ebtimeF_dtTrue_Exp_0_seed3293<<<<<<<<<<<<<<<<<<<<<<<<<<<<<<<<<
test 134
mse:1.9521574974060059, mae:0.9022716879844666
