Args in experiment:
Namespace(activation='gelu', batch_size=32, c_out=7, checkpoints='./checkpoints/', d_ff=2048, d_layers=1, d_model=512, data='ETTh1', data_path='ETTh1.csv', dec_in=7, des='Exp', devices='0,1,2,3', distil=True, do_predict=False, dropout=0.05, e_layers=2, embed='timeF', embed_type=0, enc_in=7, factor=1, features='M', freq='h', gpu=0, individual=True, is_training=1, itr=1, label_len=48, learning_rate=0.005, loss='mse', lradj='type1', model='NLinear', model_id='ETTh1_336_720', moving_avg=25, n_heads=8, num_workers=0, output_attention=False, patience=5, pred_len=720, root_path='./dataset/', save_pred_values=False, seed=12890, seq_len=336, target='OT', test_flop=False, train_epochs=20, train_only=False, use_amp=False, use_gpu=False, use_multi_gpu=False)
Use CPU
>>>>>>>start training : ETTh1_336_720_NLinear_ETTh1_ftM_sl336_ll48_pl720_dm512_nh8_el2_dl1_df2048_fc1_ebtimeF_dtTrue_Exp_0_seed12890>>>>>>>>>>>>>>>>>>>>>>>>>>
train 7585
val 2161
test 2161
	iters: 100, epoch: 1 | loss: 0.6266451
	speed: 0.0166s/iter; left time: 76.9093s
	iters: 200, epoch: 1 | loss: 0.6318782
	speed: 0.0139s/iter; left time: 63.1989s
Epoch: 1 cost time: 3.8173017501831055
Epoch: 1, Steps: 237 | Train Loss: 0.6685342 Vali Loss: 1.6582732 Test Loss: 0.5209479
Validation loss decreased (inf --> 1.658273).  Saving model ...
Updating learning rate to 0.005
	iters: 100, epoch: 2 | loss: 0.6849159
	speed: 0.0323s/iter; left time: 142.3878s
	iters: 200, epoch: 2 | loss: 0.6587506
	speed: 0.0187s/iter; left time: 80.4494s
Epoch: 2 cost time: 4.167709827423096
Epoch: 2, Steps: 237 | Train Loss: 0.6508900 Vali Loss: 1.9104021 Test Loss: 0.5990424
EarlyStopping counter: 1 out of 5
Updating learning rate to 0.0025
	iters: 100, epoch: 3 | loss: 0.4914681
	speed: 0.0298s/iter; left time: 124.3311s
	iters: 200, epoch: 3 | loss: 0.5670995
	speed: 0.0190s/iter; left time: 77.4437s
Epoch: 3 cost time: 4.328092098236084
Epoch: 3, Steps: 237 | Train Loss: 0.5917663 Vali Loss: 1.6264828 Test Loss: 0.5091055
Validation loss decreased (1.658273 --> 1.626483).  Saving model ...
Updating learning rate to 0.00125
	iters: 100, epoch: 4 | loss: 0.5131007
	speed: 0.0335s/iter; left time: 131.6220s
	iters: 200, epoch: 4 | loss: 0.5328919
	speed: 0.0185s/iter; left time: 70.9795s
Epoch: 4 cost time: 4.208558559417725
Epoch: 4, Steps: 237 | Train Loss: 0.5659662 Vali Loss: 1.5839154 Test Loss: 0.4718798
Validation loss decreased (1.626483 --> 1.583915).  Saving model ...
Updating learning rate to 0.000625
	iters: 100, epoch: 5 | loss: 0.6031316
	speed: 0.0323s/iter; left time: 119.2874s
	iters: 200, epoch: 5 | loss: 0.5452577
	speed: 0.0185s/iter; left time: 66.5922s
Epoch: 5 cost time: 4.12511682510376
Epoch: 5, Steps: 237 | Train Loss: 0.5543596 Vali Loss: 1.5240155 Test Loss: 0.4624195
Validation loss decreased (1.583915 --> 1.524016).  Saving model ...
Updating learning rate to 0.0003125
	iters: 100, epoch: 6 | loss: 0.5802364
	speed: 0.0371s/iter; left time: 128.3880s
	iters: 200, epoch: 6 | loss: 0.5445656
	speed: 0.0177s/iter; left time: 59.3662s
Epoch: 6 cost time: 4.409047842025757
Epoch: 6, Steps: 237 | Train Loss: 0.5477626 Vali Loss: 1.5427254 Test Loss: 0.4600273
EarlyStopping counter: 1 out of 5
Updating learning rate to 0.00015625
	iters: 100, epoch: 7 | loss: 0.5746468
	speed: 0.0343s/iter; left time: 110.5274s
	iters: 200, epoch: 7 | loss: 0.5079318
	speed: 0.0188s/iter; left time: 58.5774s
Epoch: 7 cost time: 4.178051471710205
Epoch: 7, Steps: 237 | Train Loss: 0.5445337 Vali Loss: 1.5141420 Test Loss: 0.4569715
Validation loss decreased (1.524016 --> 1.514142).  Saving model ...
Updating learning rate to 7.8125e-05
	iters: 100, epoch: 8 | loss: 0.4720782
	speed: 0.0347s/iter; left time: 103.4656s
	iters: 200, epoch: 8 | loss: 0.5061135
	speed: 0.0201s/iter; left time: 57.8252s
Epoch: 8 cost time: 4.480455636978149
Epoch: 8, Steps: 237 | Train Loss: 0.5425401 Vali Loss: 1.5221132 Test Loss: 0.4551305
EarlyStopping counter: 1 out of 5
Updating learning rate to 3.90625e-05
	iters: 100, epoch: 9 | loss: 0.5495340
	speed: 0.0291s/iter; left time: 80.0123s
	iters: 200, epoch: 9 | loss: 0.5154145
	speed: 0.0199s/iter; left time: 52.6654s
Epoch: 9 cost time: 4.388748645782471
Epoch: 9, Steps: 237 | Train Loss: 0.5417530 Vali Loss: 1.5142211 Test Loss: 0.4542746
EarlyStopping counter: 2 out of 5
Updating learning rate to 1.953125e-05
	iters: 100, epoch: 10 | loss: 0.5334242
	speed: 0.0308s/iter; left time: 77.2348s
	iters: 200, epoch: 10 | loss: 0.5073936
	speed: 0.0181s/iter; left time: 43.5321s
Epoch: 10 cost time: 4.087791442871094
Epoch: 10, Steps: 237 | Train Loss: 0.5412376 Vali Loss: 1.5192158 Test Loss: 0.4535751
EarlyStopping counter: 3 out of 5
Updating learning rate to 9.765625e-06
	iters: 100, epoch: 11 | loss: 0.5879409
	speed: 0.0337s/iter; left time: 76.5335s
	iters: 200, epoch: 11 | loss: 0.5161308
	speed: 0.0187s/iter; left time: 40.5354s
Epoch: 11 cost time: 4.17516303062439
Epoch: 11, Steps: 237 | Train Loss: 0.5409512 Vali Loss: 1.5152109 Test Loss: 0.4534833
EarlyStopping counter: 4 out of 5
Updating learning rate to 4.8828125e-06
	iters: 100, epoch: 12 | loss: 0.4980466
	speed: 0.0327s/iter; left time: 66.5529s
	iters: 200, epoch: 12 | loss: 0.6585418
	speed: 0.0170s/iter; left time: 32.9319s
Epoch: 12 cost time: 3.9200830459594727
Epoch: 12, Steps: 237 | Train Loss: 0.5407358 Vali Loss: 1.5146297 Test Loss: 0.4534132
EarlyStopping counter: 5 out of 5
Early stopping
>>>>>>>testing : ETTh1_336_720_NLinear_ETTh1_ftM_sl336_ll48_pl720_dm512_nh8_el2_dl1_df2048_fc1_ebtimeF_dtTrue_Exp_0_seed12890<<<<<<<<<<<<<<<<<<<<<<<<<<<<<<<<<
test 2161
mse:0.4558810293674469, mae:0.46043291687965393
