Args in experiment:
Namespace(activation='gelu', batch_size=16, c_out=7, checkpoints='./checkpoints/', d_ff=2048, d_layers=1, d_model=512, data='custom', data_path='weather.csv', dec_in=7, des='Exp', devices='0,1,2,3', distil=True, do_predict=False, dropout=0.05, e_layers=2, embed='timeF', embed_type=0, enc_in=21, factor=1, features='M', freq='h', gpu=0, individual=True, is_training=1, itr=1, label_len=48, learning_rate=0.005, loss='mse', lradj='type1', model='NLinear', model_id='weather_336_192', moving_avg=25, n_heads=8, num_workers=0, output_attention=False, patience=5, pred_len=192, root_path='./dataset/', save_pred_values=False, seed=15726, seq_len=336, target='OT', test_flop=False, train_epochs=20, train_only=False, use_amp=False, use_gpu=False, use_multi_gpu=False)
Use CPU
>>>>>>>start training : weather_336_192_NLinear_custom_ftM_sl336_ll48_pl192_dm512_nh8_el2_dl1_df2048_fc1_ebtimeF_dtTrue_Exp_0_seed15726>>>>>>>>>>>>>>>>>>>>>>>>>>
train 36360
val 5079
test 10348
	iters: 100, epoch: 1 | loss: 0.6354735
	speed: 0.0132s/iter; left time: 599.5995s
	iters: 200, epoch: 1 | loss: 2.9350743
	speed: 0.0130s/iter; left time: 588.7012s
	iters: 300, epoch: 1 | loss: 0.3600290
	speed: 0.0121s/iter; left time: 544.0169s
	iters: 400, epoch: 1 | loss: 0.6094854
	speed: 0.0142s/iter; left time: 639.3561s
	iters: 500, epoch: 1 | loss: 1.1178896
	speed: 0.0143s/iter; left time: 644.2319s
	iters: 600, epoch: 1 | loss: 0.6620330
	speed: 0.0117s/iter; left time: 524.2675s
	iters: 700, epoch: 1 | loss: 4.3556948
	speed: 0.0125s/iter; left time: 558.5332s
	iters: 800, epoch: 1 | loss: 0.9069514
	speed: 0.0126s/iter; left time: 560.7996s
	iters: 900, epoch: 1 | loss: 0.6437520
	speed: 0.0130s/iter; left time: 579.1408s
	iters: 1000, epoch: 1 | loss: 0.5915104
	speed: 0.0127s/iter; left time: 563.2982s
	iters: 1100, epoch: 1 | loss: 0.5743287
	speed: 0.0145s/iter; left time: 641.6441s
	iters: 1200, epoch: 1 | loss: 1.0753734
	speed: 0.0136s/iter; left time: 600.3804s
	iters: 1300, epoch: 1 | loss: 0.4489687
	speed: 0.0121s/iter; left time: 536.0502s
	iters: 1400, epoch: 1 | loss: 0.7530270
	speed: 0.0148s/iter; left time: 653.6216s
	iters: 1500, epoch: 1 | loss: 1.4401604
	speed: 0.0147s/iter; left time: 644.7422s
	iters: 1600, epoch: 1 | loss: 0.6089694
	speed: 0.0121s/iter; left time: 530.6233s
	iters: 1700, epoch: 1 | loss: 30.0920410
	speed: 0.0143s/iter; left time: 625.9758s
	iters: 1800, epoch: 1 | loss: 0.5637518
	speed: 0.0142s/iter; left time: 618.2528s
	iters: 1900, epoch: 1 | loss: 0.4805285
	speed: 0.0131s/iter; left time: 568.7038s
	iters: 2000, epoch: 1 | loss: 4.5349097
	speed: 0.0125s/iter; left time: 541.4438s
	iters: 2100, epoch: 1 | loss: 9.6785135
	speed: 0.0122s/iter; left time: 527.5437s
	iters: 2200, epoch: 1 | loss: 0.5211122
	speed: 0.0142s/iter; left time: 614.6633s
Epoch: 1 cost time: 30.152860641479492
Epoch: 1, Steps: 2272 | Train Loss: 2.6003066 Vali Loss: 0.5907907 Test Loss: 0.2841391
Validation loss decreased (inf --> 0.590791).  Saving model ...
Updating learning rate to 0.005
	iters: 100, epoch: 2 | loss: 0.5713559
	speed: 0.0490s/iter; left time: 2110.9009s
	iters: 200, epoch: 2 | loss: 0.5248548
	speed: 0.0106s/iter; left time: 455.9300s
	iters: 300, epoch: 2 | loss: 0.4573533
	speed: 0.0142s/iter; left time: 609.2866s
	iters: 400, epoch: 2 | loss: 0.8289993
	speed: 0.0148s/iter; left time: 634.4713s
	iters: 500, epoch: 2 | loss: 4.7192745
	speed: 0.0157s/iter; left time: 667.9147s
	iters: 600, epoch: 2 | loss: 1.4056441
	speed: 0.0146s/iter; left time: 623.0090s
	iters: 700, epoch: 2 | loss: 1.6257199
	speed: 0.0143s/iter; left time: 607.0237s
	iters: 800, epoch: 2 | loss: 0.5563736
	speed: 0.0123s/iter; left time: 520.8072s
	iters: 900, epoch: 2 | loss: 0.6427782
	speed: 0.0128s/iter; left time: 542.1578s
	iters: 1000, epoch: 2 | loss: 0.7350991
	speed: 0.0131s/iter; left time: 551.8685s
	iters: 1100, epoch: 2 | loss: 3.3747592
	speed: 0.0141s/iter; left time: 594.0267s
	iters: 1200, epoch: 2 | loss: 0.4397020
	speed: 0.0132s/iter; left time: 553.8182s
	iters: 1300, epoch: 2 | loss: 0.6672000
	speed: 0.0131s/iter; left time: 546.4553s
	iters: 1400, epoch: 2 | loss: 1.1939294
	speed: 0.0148s/iter; left time: 619.5165s
	iters: 1500, epoch: 2 | loss: 0.7430075
	speed: 0.0147s/iter; left time: 613.1222s
	iters: 1600, epoch: 2 | loss: 0.5467456
	speed: 0.0158s/iter; left time: 654.7748s
	iters: 1700, epoch: 2 | loss: 0.4774917
	speed: 0.0137s/iter; left time: 568.3049s
	iters: 1800, epoch: 2 | loss: 14.1939287
	speed: 0.0140s/iter; left time: 578.0052s
	iters: 1900, epoch: 2 | loss: 9.4277773
	speed: 0.0141s/iter; left time: 581.6298s
	iters: 2000, epoch: 2 | loss: 0.5818679
	speed: 0.0153s/iter; left time: 630.7893s
	iters: 2100, epoch: 2 | loss: 2.6604228
	speed: 0.0150s/iter; left time: 615.8255s
	iters: 2200, epoch: 2 | loss: 0.4092887
	speed: 0.0133s/iter; left time: 545.3638s
Epoch: 2 cost time: 31.5246479511261
Epoch: 2, Steps: 2272 | Train Loss: 52.0625855 Vali Loss: 4.0198998 Test Loss: 0.3087615
EarlyStopping counter: 1 out of 5
Updating learning rate to 0.0025
	iters: 100, epoch: 3 | loss: 0.6020139
	speed: 0.0544s/iter; left time: 2220.5726s
	iters: 200, epoch: 3 | loss: 0.4480463
	speed: 0.0118s/iter; left time: 480.1595s
	iters: 300, epoch: 3 | loss: 1.4194320
	speed: 0.0147s/iter; left time: 594.8900s
	iters: 400, epoch: 3 | loss: 0.4705893
	speed: 0.0128s/iter; left time: 519.2794s
	iters: 500, epoch: 3 | loss: 0.4524699
	speed: 0.0132s/iter; left time: 533.3926s
	iters: 600, epoch: 3 | loss: 0.4228737
	speed: 0.0136s/iter; left time: 547.3206s
	iters: 700, epoch: 3 | loss: 0.3980205
	speed: 0.0139s/iter; left time: 558.6168s
	iters: 800, epoch: 3 | loss: 0.4899472
	speed: 0.0136s/iter; left time: 545.9445s
	iters: 900, epoch: 3 | loss: 2.3362844
	speed: 0.0149s/iter; left time: 594.8756s
	iters: 1000, epoch: 3 | loss: 1.6080154
	speed: 0.0150s/iter; left time: 598.7153s
	iters: 1100, epoch: 3 | loss: 0.5056266
	speed: 0.0144s/iter; left time: 573.9050s
	iters: 1200, epoch: 3 | loss: 1.0057981
	speed: 0.0126s/iter; left time: 501.4339s
	iters: 1300, epoch: 3 | loss: 0.3985827
	speed: 0.0138s/iter; left time: 544.7018s
	iters: 1400, epoch: 3 | loss: 0.6575198
	speed: 0.0148s/iter; left time: 585.3326s
	iters: 1500, epoch: 3 | loss: 0.4171504
	speed: 0.0131s/iter; left time: 514.3287s
	iters: 1600, epoch: 3 | loss: 0.4746635
	speed: 0.0119s/iter; left time: 467.3651s
	iters: 1700, epoch: 3 | loss: 1.2560667
	speed: 0.0139s/iter; left time: 546.0834s
	iters: 1800, epoch: 3 | loss: 0.2869884
	speed: 0.0148s/iter; left time: 578.4373s
	iters: 1900, epoch: 3 | loss: 0.3737913
	speed: 0.0131s/iter; left time: 510.9227s
	iters: 2000, epoch: 3 | loss: 1.9286474
	speed: 0.0122s/iter; left time: 473.0415s
	iters: 2100, epoch: 3 | loss: 0.4480446
	speed: 0.0150s/iter; left time: 583.7170s
	iters: 2200, epoch: 3 | loss: 1.5076747
	speed: 0.0115s/iter; left time: 444.7052s
Epoch: 3 cost time: 30.708976984024048
Epoch: 3, Steps: 2272 | Train Loss: 27.9008215 Vali Loss: 0.5135703 Test Loss: 0.2121206
Validation loss decreased (0.590791 --> 0.513570).  Saving model ...
Updating learning rate to 0.00125
	iters: 100, epoch: 4 | loss: 0.6077274
	speed: 0.0458s/iter; left time: 1763.7101s
	iters: 200, epoch: 4 | loss: 0.5247492
	speed: 0.0123s/iter; left time: 474.2669s
	iters: 300, epoch: 4 | loss: 0.4402283
	speed: 0.0139s/iter; left time: 532.8340s
	iters: 400, epoch: 4 | loss: 1.2985035
	speed: 0.0142s/iter; left time: 543.7645s
	iters: 500, epoch: 4 | loss: 0.4752528
	speed: 0.0129s/iter; left time: 491.6046s
	iters: 600, epoch: 4 | loss: 1.6278740
	speed: 0.0121s/iter; left time: 458.6836s
	iters: 700, epoch: 4 | loss: 0.4740326
	speed: 0.0141s/iter; left time: 534.8500s
	iters: 800, epoch: 4 | loss: 0.6781524
	speed: 0.0144s/iter; left time: 545.0120s
	iters: 900, epoch: 4 | loss: 0.4926672
	speed: 0.0138s/iter; left time: 521.4122s
	iters: 1000, epoch: 4 | loss: 0.3275450
	speed: 0.0147s/iter; left time: 552.1644s
	iters: 1100, epoch: 4 | loss: 0.2749333
	speed: 0.0155s/iter; left time: 580.1920s
	iters: 1200, epoch: 4 | loss: 0.5538208
	speed: 0.0142s/iter; left time: 531.9586s
	iters: 1300, epoch: 4 | loss: 0.3661565
	speed: 0.0116s/iter; left time: 431.5866s
	iters: 1400, epoch: 4 | loss: 1.4869909
	speed: 0.0150s/iter; left time: 556.9886s
	iters: 1500, epoch: 4 | loss: 0.4780879
	speed: 0.0139s/iter; left time: 516.1794s
	iters: 1600, epoch: 4 | loss: 0.9683500
	speed: 0.0127s/iter; left time: 470.2620s
	iters: 1700, epoch: 4 | loss: 0.9941014
	speed: 0.0136s/iter; left time: 501.5077s
	iters: 1800, epoch: 4 | loss: 0.3213798
	speed: 0.0129s/iter; left time: 475.6617s
	iters: 1900, epoch: 4 | loss: 0.3247742
	speed: 0.0142s/iter; left time: 521.9216s
	iters: 2000, epoch: 4 | loss: 0.5074014
	speed: 0.0156s/iter; left time: 572.3153s
	iters: 2100, epoch: 4 | loss: 0.3472143
	speed: 0.0141s/iter; left time: 513.2091s
	iters: 2200, epoch: 4 | loss: 0.8617008
	speed: 0.0136s/iter; left time: 495.1107s
Epoch: 4 cost time: 31.105796337127686
Epoch: 4, Steps: 2272 | Train Loss: 2.9861819 Vali Loss: 0.4897897 Test Loss: 0.2041581
Validation loss decreased (0.513570 --> 0.489790).  Saving model ...
Updating learning rate to 0.000625
	iters: 100, epoch: 5 | loss: 0.4811819
	speed: 0.0583s/iter; left time: 2112.2376s
	iters: 200, epoch: 5 | loss: 0.4316095
	speed: 0.0132s/iter; left time: 478.9257s
	iters: 300, epoch: 5 | loss: 0.6477285
	speed: 0.0137s/iter; left time: 495.4307s
	iters: 400, epoch: 5 | loss: 0.3449166
	speed: 0.0150s/iter; left time: 537.9278s
	iters: 500, epoch: 5 | loss: 0.3450877
	speed: 0.0157s/iter; left time: 563.7655s
	iters: 600, epoch: 5 | loss: 0.3356645
	speed: 0.0152s/iter; left time: 542.2096s
	iters: 700, epoch: 5 | loss: 2.0402410
	speed: 0.0158s/iter; left time: 564.0235s
	iters: 800, epoch: 5 | loss: 0.3659012
	speed: 0.0121s/iter; left time: 429.5182s
	iters: 900, epoch: 5 | loss: 0.5034414
	speed: 0.0134s/iter; left time: 474.8541s
	iters: 1000, epoch: 5 | loss: 0.3949142
	speed: 0.0146s/iter; left time: 517.6344s
	iters: 1100, epoch: 5 | loss: 0.4699900
	speed: 0.0138s/iter; left time: 486.9169s
	iters: 1200, epoch: 5 | loss: 0.2708714
	speed: 0.0148s/iter; left time: 519.6894s
	iters: 1300, epoch: 5 | loss: 0.4862226
	speed: 0.0134s/iter; left time: 470.1163s
	iters: 1400, epoch: 5 | loss: 0.5114569
	speed: 0.0126s/iter; left time: 441.2227s
	iters: 1500, epoch: 5 | loss: 0.4467275
	speed: 0.0113s/iter; left time: 392.5396s
	iters: 1600, epoch: 5 | loss: 0.2817919
	speed: 0.0126s/iter; left time: 436.8817s
	iters: 1700, epoch: 5 | loss: 0.4584160
	speed: 0.0129s/iter; left time: 446.7236s
	iters: 1800, epoch: 5 | loss: 1.7552675
	speed: 0.0138s/iter; left time: 475.9315s
	iters: 1900, epoch: 5 | loss: 1.2744439
	speed: 0.0148s/iter; left time: 508.9266s
	iters: 2000, epoch: 5 | loss: 0.2637129
	speed: 0.0134s/iter; left time: 460.7453s
	iters: 2100, epoch: 5 | loss: 0.3338075
	speed: 0.0151s/iter; left time: 515.6141s
	iters: 2200, epoch: 5 | loss: 0.2372236
	speed: 0.0144s/iter; left time: 493.1989s
Epoch: 5 cost time: 31.57081937789917
Epoch: 5, Steps: 2272 | Train Loss: 1.1161617 Vali Loss: 0.4700075 Test Loss: 0.1935512
Validation loss decreased (0.489790 --> 0.470007).  Saving model ...
Updating learning rate to 0.0003125
	iters: 100, epoch: 6 | loss: 0.4456277
	speed: 0.0527s/iter; left time: 1790.6657s
	iters: 200, epoch: 6 | loss: 0.3265091
	speed: 0.0127s/iter; left time: 428.6287s
	iters: 300, epoch: 6 | loss: 0.3310847
	speed: 0.0129s/iter; left time: 435.6351s
	iters: 400, epoch: 6 | loss: 0.3721338
	speed: 0.0128s/iter; left time: 431.5067s
	iters: 500, epoch: 6 | loss: 0.5144553
	speed: 0.0125s/iter; left time: 419.9355s
	iters: 600, epoch: 6 | loss: 0.4634605
	speed: 0.0127s/iter; left time: 425.2924s
	iters: 700, epoch: 6 | loss: 0.3802513
	speed: 0.0121s/iter; left time: 402.6471s
	iters: 800, epoch: 6 | loss: 0.5548018
	speed: 0.0129s/iter; left time: 429.8796s
	iters: 900, epoch: 6 | loss: 0.3373002
	speed: 0.0138s/iter; left time: 458.2731s
	iters: 1000, epoch: 6 | loss: 0.3327566
	speed: 0.0145s/iter; left time: 480.3172s
	iters: 1100, epoch: 6 | loss: 1.2637467
	speed: 0.0142s/iter; left time: 468.1315s
	iters: 1200, epoch: 6 | loss: 0.3190388
	speed: 0.0125s/iter; left time: 411.7557s
	iters: 1300, epoch: 6 | loss: 0.5811226
	speed: 0.0122s/iter; left time: 399.6584s
	iters: 1400, epoch: 6 | loss: 0.5620131
	speed: 0.0142s/iter; left time: 464.2187s
	iters: 1500, epoch: 6 | loss: 1.2720596
	speed: 0.0144s/iter; left time: 470.6158s
	iters: 1600, epoch: 6 | loss: 0.3893709
	speed: 0.0143s/iter; left time: 465.3355s
	iters: 1700, epoch: 6 | loss: 1.2750840
	speed: 0.0142s/iter; left time: 460.1797s
	iters: 1800, epoch: 6 | loss: 0.6367704
	speed: 0.0139s/iter; left time: 448.1588s
	iters: 1900, epoch: 6 | loss: 0.3490428
	speed: 0.0150s/iter; left time: 482.5506s
	iters: 2000, epoch: 6 | loss: 0.7098999
	speed: 0.0126s/iter; left time: 403.6426s
	iters: 2100, epoch: 6 | loss: 1.3772969
	speed: 0.0134s/iter; left time: 428.9060s
	iters: 2200, epoch: 6 | loss: 0.8142671
	speed: 0.0144s/iter; left time: 459.5677s
Epoch: 6 cost time: 30.31963539123535
Epoch: 6, Steps: 2272 | Train Loss: 0.6580811 Vali Loss: 0.4606535 Test Loss: 0.1900126
Validation loss decreased (0.470007 --> 0.460654).  Saving model ...
Updating learning rate to 0.00015625
	iters: 100, epoch: 7 | loss: 0.6027139
	speed: 0.0512s/iter; left time: 1622.0075s
	iters: 200, epoch: 7 | loss: 0.3232124
	speed: 0.0122s/iter; left time: 386.2933s
	iters: 300, epoch: 7 | loss: 1.0005281
	speed: 0.0142s/iter; left time: 447.8900s
	iters: 400, epoch: 7 | loss: 1.2616218
	speed: 0.0136s/iter; left time: 426.8851s
	iters: 500, epoch: 7 | loss: 0.2977959
	speed: 0.0141s/iter; left time: 442.4762s
	iters: 600, epoch: 7 | loss: 0.9911637
	speed: 0.0142s/iter; left time: 442.3999s
	iters: 700, epoch: 7 | loss: 0.3086863
	speed: 0.0145s/iter; left time: 451.1818s
	iters: 800, epoch: 7 | loss: 1.7755140
	speed: 0.0139s/iter; left time: 429.6084s
	iters: 900, epoch: 7 | loss: 0.3697924
	speed: 0.0136s/iter; left time: 420.4662s
	iters: 1000, epoch: 7 | loss: 1.2054753
	speed: 0.0150s/iter; left time: 460.7010s
	iters: 1100, epoch: 7 | loss: 0.7548555
	speed: 0.0135s/iter; left time: 414.9309s
	iters: 1200, epoch: 7 | loss: 0.5078675
	speed: 0.0144s/iter; left time: 441.4008s
	iters: 1300, epoch: 7 | loss: 0.2844513
	speed: 0.0143s/iter; left time: 437.4351s
	iters: 1400, epoch: 7 | loss: 0.3461123
	speed: 0.0149s/iter; left time: 451.6940s
	iters: 1500, epoch: 7 | loss: 0.5084766
	speed: 0.0133s/iter; left time: 401.8876s
	iters: 1600, epoch: 7 | loss: 0.6884296
	speed: 0.0138s/iter; left time: 416.9809s
	iters: 1700, epoch: 7 | loss: 0.7975270
	speed: 0.0118s/iter; left time: 354.7604s
	iters: 1800, epoch: 7 | loss: 0.3726641
	speed: 0.0125s/iter; left time: 374.0142s
	iters: 1900, epoch: 7 | loss: 0.3702579
	speed: 0.0133s/iter; left time: 396.3859s
	iters: 2000, epoch: 7 | loss: 0.2981200
	speed: 0.0136s/iter; left time: 405.9993s
	iters: 2100, epoch: 7 | loss: 1.7123669
	speed: 0.0135s/iter; left time: 399.6270s
	iters: 2200, epoch: 7 | loss: 0.4250006
	speed: 0.0142s/iter; left time: 421.7610s
Epoch: 7 cost time: 31.02370595932007
Epoch: 7, Steps: 2272 | Train Loss: 0.6103404 Vali Loss: 0.4517249 Test Loss: 0.1864454
Validation loss decreased (0.460654 --> 0.451725).  Saving model ...
Updating learning rate to 7.8125e-05
	iters: 100, epoch: 8 | loss: 1.1865569
	speed: 0.0561s/iter; left time: 1650.1106s
	iters: 200, epoch: 8 | loss: 0.7441772
	speed: 0.0132s/iter; left time: 388.5421s
	iters: 300, epoch: 8 | loss: 0.4350716
	speed: 0.0123s/iter; left time: 359.6883s
	iters: 400, epoch: 8 | loss: 0.7921045
	speed: 0.0138s/iter; left time: 402.1355s
	iters: 500, epoch: 8 | loss: 0.5692699
	speed: 0.0136s/iter; left time: 394.7691s
	iters: 600, epoch: 8 | loss: 1.2993797
	speed: 0.0131s/iter; left time: 378.3873s
	iters: 700, epoch: 8 | loss: 0.3757604
	speed: 0.0137s/iter; left time: 395.9841s
	iters: 800, epoch: 8 | loss: 0.2954023
	speed: 0.0136s/iter; left time: 389.5465s
	iters: 900, epoch: 8 | loss: 0.4314672
	speed: 0.0135s/iter; left time: 387.7654s
	iters: 1000, epoch: 8 | loss: 0.2604631
	speed: 0.0142s/iter; left time: 406.5179s
	iters: 1100, epoch: 8 | loss: 0.2116214
	speed: 0.0145s/iter; left time: 412.4083s
	iters: 1200, epoch: 8 | loss: 0.3719738
	speed: 0.0120s/iter; left time: 340.9363s
	iters: 1300, epoch: 8 | loss: 0.8593574
	speed: 0.0132s/iter; left time: 372.9198s
	iters: 1400, epoch: 8 | loss: 0.3817543
	speed: 0.0137s/iter; left time: 386.0873s
	iters: 1500, epoch: 8 | loss: 0.3550391
	speed: 0.0133s/iter; left time: 371.5155s
	iters: 1600, epoch: 8 | loss: 0.5112425
	speed: 0.0131s/iter; left time: 366.3664s
	iters: 1700, epoch: 8 | loss: 0.7420416
	speed: 0.0136s/iter; left time: 379.5836s
	iters: 1800, epoch: 8 | loss: 0.3592941
	speed: 0.0125s/iter; left time: 345.6331s
	iters: 1900, epoch: 8 | loss: 0.4413906
	speed: 0.0139s/iter; left time: 383.1942s
	iters: 2000, epoch: 8 | loss: 0.3368793
	speed: 0.0142s/iter; left time: 391.8680s
	iters: 2100, epoch: 8 | loss: 0.3564863
	speed: 0.0135s/iter; left time: 369.9080s
	iters: 2200, epoch: 8 | loss: 0.4239094
	speed: 0.0134s/iter; left time: 366.9782s
Epoch: 8 cost time: 30.368762016296387
Epoch: 8, Steps: 2272 | Train Loss: 0.5726775 Vali Loss: 0.4477132 Test Loss: 0.1863622
Validation loss decreased (0.451725 --> 0.447713).  Saving model ...
Updating learning rate to 3.90625e-05
	iters: 100, epoch: 9 | loss: 0.3547651
	speed: 0.0525s/iter; left time: 1426.3944s
	iters: 200, epoch: 9 | loss: 0.4074380
	speed: 0.0126s/iter; left time: 341.1226s
	iters: 300, epoch: 9 | loss: 0.6483750
	speed: 0.0135s/iter; left time: 363.2692s
	iters: 400, epoch: 9 | loss: 0.6340243
	speed: 0.0143s/iter; left time: 384.8516s
	iters: 500, epoch: 9 | loss: 0.6438234
	speed: 0.0120s/iter; left time: 320.0389s
	iters: 600, epoch: 9 | loss: 0.2813113
	speed: 0.0145s/iter; left time: 386.1953s
	iters: 700, epoch: 9 | loss: 0.2954766
	speed: 0.0148s/iter; left time: 394.0926s
	iters: 800, epoch: 9 | loss: 0.3107395
	speed: 0.0140s/iter; left time: 370.3463s
	iters: 900, epoch: 9 | loss: 1.1199489
	speed: 0.0159s/iter; left time: 418.8050s
	iters: 1000, epoch: 9 | loss: 0.3341401
	speed: 0.0145s/iter; left time: 380.3897s
	iters: 1100, epoch: 9 | loss: 0.2691443
	speed: 0.0135s/iter; left time: 352.8133s
	iters: 1200, epoch: 9 | loss: 0.2104183
	speed: 0.0143s/iter; left time: 372.2367s
	iters: 1300, epoch: 9 | loss: 0.3172067
	speed: 0.0147s/iter; left time: 381.0445s
	iters: 1400, epoch: 9 | loss: 0.2855802
	speed: 0.0139s/iter; left time: 358.7918s
	iters: 1500, epoch: 9 | loss: 0.2345482
	speed: 0.0142s/iter; left time: 366.0279s
	iters: 1600, epoch: 9 | loss: 0.3514038
	speed: 0.0139s/iter; left time: 357.2934s
	iters: 1700, epoch: 9 | loss: 0.2555196
	speed: 0.0127s/iter; left time: 324.7810s
	iters: 1800, epoch: 9 | loss: 1.4341869
	speed: 0.0141s/iter; left time: 359.0808s
	iters: 1900, epoch: 9 | loss: 0.2755679
	speed: 0.0133s/iter; left time: 336.8914s
	iters: 2000, epoch: 9 | loss: 0.3740819
	speed: 0.0146s/iter; left time: 368.1486s
	iters: 2100, epoch: 9 | loss: 0.3054716
	speed: 0.0140s/iter; left time: 352.7021s
	iters: 2200, epoch: 9 | loss: 0.4077235
	speed: 0.0147s/iter; left time: 367.7842s
Epoch: 9 cost time: 31.55589199066162
Epoch: 9, Steps: 2272 | Train Loss: 0.5522290 Vali Loss: 0.4478700 Test Loss: 0.1874788
EarlyStopping counter: 1 out of 5
Updating learning rate to 1.953125e-05
	iters: 100, epoch: 10 | loss: 1.3022662
	speed: 0.0522s/iter; left time: 1298.4404s
	iters: 200, epoch: 10 | loss: 0.5428080
	speed: 0.0120s/iter; left time: 297.3569s
	iters: 300, epoch: 10 | loss: 0.3753808
	speed: 0.0124s/iter; left time: 306.5251s
	iters: 400, epoch: 10 | loss: 1.3096265
	speed: 0.0138s/iter; left time: 340.2415s
	iters: 500, epoch: 10 | loss: 0.4153938
	speed: 0.0146s/iter; left time: 358.2265s
	iters: 600, epoch: 10 | loss: 0.3039980
	speed: 0.0150s/iter; left time: 366.1658s
	iters: 700, epoch: 10 | loss: 0.3808697
	speed: 0.0132s/iter; left time: 320.0640s
	iters: 800, epoch: 10 | loss: 1.3122798
	speed: 0.0142s/iter; left time: 343.8384s
	iters: 900, epoch: 10 | loss: 0.3349877
	speed: 0.0144s/iter; left time: 346.9713s
	iters: 1000, epoch: 10 | loss: 0.6230614
	speed: 0.0140s/iter; left time: 335.1377s
	iters: 1100, epoch: 10 | loss: 0.4086341
	speed: 0.0144s/iter; left time: 344.7067s
	iters: 1200, epoch: 10 | loss: 0.3893659
	speed: 0.0139s/iter; left time: 330.5778s
	iters: 1300, epoch: 10 | loss: 0.3151700
	speed: 0.0156s/iter; left time: 369.4072s
	iters: 1400, epoch: 10 | loss: 0.4616416
	speed: 0.0130s/iter; left time: 307.5531s
	iters: 1500, epoch: 10 | loss: 0.3682286
	speed: 0.0127s/iter; left time: 298.1547s
	iters: 1600, epoch: 10 | loss: 0.5708250
	speed: 0.0134s/iter; left time: 314.4248s
	iters: 1700, epoch: 10 | loss: 0.5664336
	speed: 0.0144s/iter; left time: 334.5660s
	iters: 1800, epoch: 10 | loss: 0.3825207
	speed: 0.0150s/iter; left time: 346.7843s
	iters: 1900, epoch: 10 | loss: 0.3323796
	speed: 0.0147s/iter; left time: 340.2956s
	iters: 2000, epoch: 10 | loss: 0.3103763
	speed: 0.0143s/iter; left time: 328.3851s
	iters: 2100, epoch: 10 | loss: 0.3427203
	speed: 0.0134s/iter; left time: 307.2842s
	iters: 2200, epoch: 10 | loss: 0.2214696
	speed: 0.0136s/iter; left time: 309.2274s
Epoch: 10 cost time: 31.414241075515747
Epoch: 10, Steps: 2272 | Train Loss: 0.5481218 Vali Loss: 0.4497632 Test Loss: 0.1869465
EarlyStopping counter: 2 out of 5
Updating learning rate to 9.765625e-06
	iters: 100, epoch: 11 | loss: 0.2486975
	speed: 0.0546s/iter; left time: 1234.1009s
	iters: 200, epoch: 11 | loss: 0.4818904
	speed: 0.0131s/iter; left time: 295.5194s
	iters: 300, epoch: 11 | loss: 0.3002698
	speed: 0.0128s/iter; left time: 287.0772s
	iters: 400, epoch: 11 | loss: 0.4499870
	speed: 0.0128s/iter; left time: 285.7567s
	iters: 500, epoch: 11 | loss: 1.7279032
	speed: 0.0146s/iter; left time: 325.1807s
	iters: 600, epoch: 11 | loss: 0.3460117
	speed: 0.0133s/iter; left time: 294.7585s
	iters: 700, epoch: 11 | loss: 0.2442554
	speed: 0.0137s/iter; left time: 302.6571s
	iters: 800, epoch: 11 | loss: 0.3100100
	speed: 0.0148s/iter; left time: 325.1119s
	iters: 900, epoch: 11 | loss: 0.3310955
	speed: 0.0138s/iter; left time: 301.5935s
	iters: 1000, epoch: 11 | loss: 0.4276591
	speed: 0.0123s/iter; left time: 267.2019s
	iters: 1100, epoch: 11 | loss: 0.2355805
	speed: 0.0126s/iter; left time: 273.2183s
	iters: 1200, epoch: 11 | loss: 0.3756998
	speed: 0.0140s/iter; left time: 300.5657s
	iters: 1300, epoch: 11 | loss: 0.4584367
	speed: 0.0132s/iter; left time: 283.2813s
	iters: 1400, epoch: 11 | loss: 0.3225510
	speed: 0.0121s/iter; left time: 257.7620s
	iters: 1500, epoch: 11 | loss: 0.4349532
	speed: 0.0135s/iter; left time: 287.1123s
	iters: 1600, epoch: 11 | loss: 0.6123403
	speed: 0.0145s/iter; left time: 305.8705s
	iters: 1700, epoch: 11 | loss: 0.4324668
	speed: 0.0144s/iter; left time: 302.2082s
	iters: 1800, epoch: 11 | loss: 0.3531106
	speed: 0.0137s/iter; left time: 287.1066s
	iters: 1900, epoch: 11 | loss: 0.4743408
	speed: 0.0140s/iter; left time: 291.1157s
	iters: 2000, epoch: 11 | loss: 2.0266283
	speed: 0.0130s/iter; left time: 269.6805s
	iters: 2100, epoch: 11 | loss: 0.4724666
	speed: 0.0128s/iter; left time: 264.4019s
	iters: 2200, epoch: 11 | loss: 0.3619407
	speed: 0.0138s/iter; left time: 282.5557s
Epoch: 11 cost time: 30.54547381401062
Epoch: 11, Steps: 2272 | Train Loss: 0.5452263 Vali Loss: 0.4476396 Test Loss: 0.1866563
Validation loss decreased (0.447713 --> 0.447640).  Saving model ...
Updating learning rate to 4.8828125e-06
	iters: 100, epoch: 12 | loss: 0.6999735
	speed: 0.0571s/iter; left time: 1161.7680s
	iters: 200, epoch: 12 | loss: 0.4419025
	speed: 0.0145s/iter; left time: 292.7549s
	iters: 300, epoch: 12 | loss: 0.4627763
	speed: 0.0126s/iter; left time: 253.7172s
	iters: 400, epoch: 12 | loss: 2.1965473
	speed: 0.0154s/iter; left time: 308.0688s
	iters: 500, epoch: 12 | loss: 0.8695347
	speed: 0.0144s/iter; left time: 287.7511s
	iters: 600, epoch: 12 | loss: 0.4707209
	speed: 0.0137s/iter; left time: 271.7767s
	iters: 700, epoch: 12 | loss: 0.3751783
	speed: 0.0140s/iter; left time: 277.1907s
	iters: 800, epoch: 12 | loss: 0.2951238
	speed: 0.0150s/iter; left time: 294.9645s
	iters: 900, epoch: 12 | loss: 0.4300275
	speed: 0.0134s/iter; left time: 261.8052s
	iters: 1000, epoch: 12 | loss: 0.3256574
	speed: 0.0142s/iter; left time: 275.8208s
	iters: 1100, epoch: 12 | loss: 1.2971683
	speed: 0.0128s/iter; left time: 247.1366s
	iters: 1200, epoch: 12 | loss: 0.2800537
	speed: 0.0154s/iter; left time: 296.3231s
	iters: 1300, epoch: 12 | loss: 0.3007037
	speed: 0.0148s/iter; left time: 284.1882s
	iters: 1400, epoch: 12 | loss: 0.3433389
	speed: 0.0143s/iter; left time: 272.4632s
	iters: 1500, epoch: 12 | loss: 0.3361514
	speed: 0.0134s/iter; left time: 253.1704s
	iters: 1600, epoch: 12 | loss: 0.4086207
	speed: 0.0134s/iter; left time: 253.0090s
	iters: 1700, epoch: 12 | loss: 0.4004548
	speed: 0.0129s/iter; left time: 242.3319s
	iters: 1800, epoch: 12 | loss: 0.3121397
	speed: 0.0154s/iter; left time: 286.5046s
	iters: 1900, epoch: 12 | loss: 0.3933863
	speed: 0.0134s/iter; left time: 248.9612s
	iters: 2000, epoch: 12 | loss: 0.3011510
	speed: 0.0131s/iter; left time: 242.2512s
	iters: 2100, epoch: 12 | loss: 0.3585404
	speed: 0.0131s/iter; left time: 239.6510s
	iters: 2200, epoch: 12 | loss: 0.3514062
	speed: 0.0124s/iter; left time: 227.0564s
Epoch: 12 cost time: 31.42459774017334
Epoch: 12, Steps: 2272 | Train Loss: 0.5441053 Vali Loss: 0.4483572 Test Loss: 0.1867472
EarlyStopping counter: 1 out of 5
Updating learning rate to 2.44140625e-06
	iters: 100, epoch: 13 | loss: 1.1083684
	speed: 0.0555s/iter; left time: 1004.1081s
	iters: 200, epoch: 13 | loss: 0.3660843
	speed: 0.0153s/iter; left time: 275.1411s
	iters: 300, epoch: 13 | loss: 0.4595235
	speed: 0.0147s/iter; left time: 263.4900s
	iters: 400, epoch: 13 | loss: 0.2799104
	speed: 0.0129s/iter; left time: 228.6413s
	iters: 500, epoch: 13 | loss: 0.3580450
	speed: 0.0137s/iter; left time: 242.6158s
	iters: 600, epoch: 13 | loss: 0.4519464
	speed: 0.0136s/iter; left time: 239.7840s
	iters: 700, epoch: 13 | loss: 0.4556887
	speed: 0.0132s/iter; left time: 230.3407s
	iters: 800, epoch: 13 | loss: 1.4125638
	speed: 0.0149s/iter; left time: 258.1327s
	iters: 900, epoch: 13 | loss: 0.2516820
	speed: 0.0147s/iter; left time: 254.6930s
	iters: 1000, epoch: 13 | loss: 0.4572740
	speed: 0.0142s/iter; left time: 243.6708s
	iters: 1100, epoch: 13 | loss: 0.8833755
	speed: 0.0121s/iter; left time: 206.8265s
	iters: 1200, epoch: 13 | loss: 0.5067012
	speed: 0.0142s/iter; left time: 240.2707s
	iters: 1300, epoch: 13 | loss: 1.2067564
	speed: 0.0120s/iter; left time: 202.2170s
	iters: 1400, epoch: 13 | loss: 0.2852272
	speed: 0.0135s/iter; left time: 226.0770s
	iters: 1500, epoch: 13 | loss: 0.2799385
	speed: 0.0144s/iter; left time: 240.5196s
	iters: 1600, epoch: 13 | loss: 0.2772752
	speed: 0.0137s/iter; left time: 226.3497s
	iters: 1700, epoch: 13 | loss: 0.2403964
	speed: 0.0135s/iter; left time: 222.3213s
	iters: 1800, epoch: 13 | loss: 0.4339116
	speed: 0.0155s/iter; left time: 253.3963s
	iters: 1900, epoch: 13 | loss: 0.2650529
	speed: 0.0142s/iter; left time: 231.6972s
	iters: 2000, epoch: 13 | loss: 0.2951930
	speed: 0.0144s/iter; left time: 232.3258s
	iters: 2100, epoch: 13 | loss: 0.4002052
	speed: 0.0136s/iter; left time: 218.2155s
	iters: 2200, epoch: 13 | loss: 0.2985264
	speed: 0.0132s/iter; left time: 211.4996s
Epoch: 13 cost time: 31.432632446289062
Epoch: 13, Steps: 2272 | Train Loss: 0.5435763 Vali Loss: 0.4477310 Test Loss: 0.1865812
EarlyStopping counter: 2 out of 5
Updating learning rate to 1.220703125e-06
	iters: 100, epoch: 14 | loss: 0.2688701
	speed: 0.0541s/iter; left time: 854.9310s
	iters: 200, epoch: 14 | loss: 0.3723418
	speed: 0.0121s/iter; left time: 190.4499s
	iters: 300, epoch: 14 | loss: 0.3470784
	speed: 0.0142s/iter; left time: 220.8484s
	iters: 400, epoch: 14 | loss: 0.3081058
	speed: 0.0127s/iter; left time: 196.4848s
	iters: 500, epoch: 14 | loss: 0.3832673
	speed: 0.0128s/iter; left time: 197.4036s
	iters: 600, epoch: 14 | loss: 0.2326343
	speed: 0.0143s/iter; left time: 218.7236s
	iters: 700, epoch: 14 | loss: 1.4696169
	speed: 0.0133s/iter; left time: 201.6409s
	iters: 800, epoch: 14 | loss: 0.4596418
	speed: 0.0126s/iter; left time: 189.9493s
	iters: 900, epoch: 14 | loss: 0.4871661
	speed: 0.0139s/iter; left time: 208.3111s
	iters: 1000, epoch: 14 | loss: 1.2633966
	speed: 0.0154s/iter; left time: 229.2090s
	iters: 1100, epoch: 14 | loss: 1.3083907
	speed: 0.0144s/iter; left time: 212.8535s
	iters: 1200, epoch: 14 | loss: 0.6757529
	speed: 0.0146s/iter; left time: 214.2823s
	iters: 1300, epoch: 14 | loss: 0.4657688
	speed: 0.0144s/iter; left time: 210.0708s
	iters: 1400, epoch: 14 | loss: 0.3562656
	speed: 0.0153s/iter; left time: 221.3662s
	iters: 1500, epoch: 14 | loss: 0.5160750
	speed: 0.0140s/iter; left time: 201.5844s
	iters: 1600, epoch: 14 | loss: 0.3102306
	speed: 0.0135s/iter; left time: 193.5749s
	iters: 1700, epoch: 14 | loss: 0.3436707
	speed: 0.0144s/iter; left time: 204.6171s
	iters: 1800, epoch: 14 | loss: 1.4541246
	speed: 0.0133s/iter; left time: 187.7600s
	iters: 1900, epoch: 14 | loss: 0.2871636
	speed: 0.0129s/iter; left time: 180.4139s
	iters: 2000, epoch: 14 | loss: 0.3661675
	speed: 0.0127s/iter; left time: 176.2029s
	iters: 2100, epoch: 14 | loss: 0.4408619
	speed: 0.0132s/iter; left time: 182.4246s
	iters: 2200, epoch: 14 | loss: 0.3877532
	speed: 0.0128s/iter; left time: 174.8224s
Epoch: 14 cost time: 30.91723895072937
Epoch: 14, Steps: 2272 | Train Loss: 0.5433102 Vali Loss: 0.4470516 Test Loss: 0.1865368
Validation loss decreased (0.447640 --> 0.447052).  Saving model ...
Updating learning rate to 6.103515625e-07
	iters: 100, epoch: 15 | loss: 0.6190618
	speed: 0.0488s/iter; left time: 659.9621s
	iters: 200, epoch: 15 | loss: 0.9812702
	speed: 0.0123s/iter; left time: 165.2615s
	iters: 300, epoch: 15 | loss: 1.2532480
	speed: 0.0123s/iter; left time: 164.0249s
	iters: 400, epoch: 15 | loss: 0.6178883
	speed: 0.0126s/iter; left time: 166.9502s
	iters: 500, epoch: 15 | loss: 0.3551794
	speed: 0.0151s/iter; left time: 198.7077s
	iters: 600, epoch: 15 | loss: 0.4582805
	speed: 0.0118s/iter; left time: 154.3328s
	iters: 700, epoch: 15 | loss: 0.3819940
	speed: 0.0121s/iter; left time: 156.0634s
	iters: 800, epoch: 15 | loss: 0.2850118
	speed: 0.0109s/iter; left time: 139.9201s
	iters: 900, epoch: 15 | loss: 0.3690550
	speed: 0.0127s/iter; left time: 161.3440s
	iters: 1000, epoch: 15 | loss: 1.8209538
	speed: 0.0135s/iter; left time: 170.0752s
	iters: 1100, epoch: 15 | loss: 0.4488555
	speed: 0.0128s/iter; left time: 160.9817s
	iters: 1200, epoch: 15 | loss: 0.3575409
	speed: 0.0146s/iter; left time: 182.0628s
	iters: 1300, epoch: 15 | loss: 1.2754465
	speed: 0.0132s/iter; left time: 162.4976s
	iters: 1400, epoch: 15 | loss: 0.3681927
	speed: 0.0118s/iter; left time: 144.7580s
	iters: 1500, epoch: 15 | loss: 0.2623503
	speed: 0.0130s/iter; left time: 157.1369s
	iters: 1600, epoch: 15 | loss: 0.4218224
	speed: 0.0138s/iter; left time: 166.1210s
	iters: 1700, epoch: 15 | loss: 0.7185048
	speed: 0.0151s/iter; left time: 179.9077s
	iters: 1800, epoch: 15 | loss: 0.6770596
	speed: 0.0122s/iter; left time: 144.3800s
	iters: 1900, epoch: 15 | loss: 0.3511654
	speed: 0.0130s/iter; left time: 152.9036s
	iters: 2000, epoch: 15 | loss: 0.6151931
	speed: 0.0125s/iter; left time: 145.8831s
	iters: 2100, epoch: 15 | loss: 0.9437216
	speed: 0.0152s/iter; left time: 175.3839s
	iters: 2200, epoch: 15 | loss: 0.5056382
	speed: 0.0147s/iter; left time: 168.3175s
Epoch: 15 cost time: 29.73672890663147
Epoch: 15, Steps: 2272 | Train Loss: 0.5431685 Vali Loss: 0.4478790 Test Loss: 0.1865538
EarlyStopping counter: 1 out of 5
Updating learning rate to 3.0517578125e-07
	iters: 100, epoch: 16 | loss: 1.3063635
	speed: 0.0577s/iter; left time: 649.7412s
	iters: 200, epoch: 16 | loss: 0.3198796
	speed: 0.0141s/iter; left time: 157.6539s
	iters: 300, epoch: 16 | loss: 0.3477555
	speed: 0.0129s/iter; left time: 142.8335s
	iters: 400, epoch: 16 | loss: 0.3676504
	speed: 0.0129s/iter; left time: 141.8619s
	iters: 500, epoch: 16 | loss: 0.3678507
	speed: 0.0128s/iter; left time: 138.8626s
	iters: 600, epoch: 16 | loss: 0.3770702
	speed: 0.0125s/iter; left time: 134.3190s
	iters: 700, epoch: 16 | loss: 1.9880120
	speed: 0.0136s/iter; left time: 145.3234s
	iters: 800, epoch: 16 | loss: 0.4402318
	speed: 0.0124s/iter; left time: 130.9064s
	iters: 900, epoch: 16 | loss: 0.5418757
	speed: 0.0129s/iter; left time: 135.2756s
	iters: 1000, epoch: 16 | loss: 0.3149250
	speed: 0.0137s/iter; left time: 141.9682s
	iters: 1100, epoch: 16 | loss: 0.4215617
	speed: 0.0137s/iter; left time: 140.6021s
	iters: 1200, epoch: 16 | loss: 0.4387006
	speed: 0.0129s/iter; left time: 131.5494s
	iters: 1300, epoch: 16 | loss: 0.4356205
	speed: 0.0143s/iter; left time: 144.0319s
	iters: 1400, epoch: 16 | loss: 0.2935912
	speed: 0.0140s/iter; left time: 139.9077s
	iters: 1500, epoch: 16 | loss: 0.4002433
	speed: 0.0138s/iter; left time: 136.0155s
	iters: 1600, epoch: 16 | loss: 1.4617730
	speed: 0.0135s/iter; left time: 132.0936s
	iters: 1700, epoch: 16 | loss: 0.2748462
	speed: 0.0142s/iter; left time: 137.0611s
	iters: 1800, epoch: 16 | loss: 0.4662454
	speed: 0.0142s/iter; left time: 136.0364s
	iters: 1900, epoch: 16 | loss: 0.4598456
	speed: 0.0131s/iter; left time: 123.6206s
	iters: 2000, epoch: 16 | loss: 0.2938246
	speed: 0.0116s/iter; left time: 108.2905s
	iters: 2100, epoch: 16 | loss: 0.5876782
	speed: 0.0121s/iter; left time: 112.2655s
	iters: 2200, epoch: 16 | loss: 0.4384806
	speed: 0.0116s/iter; left time: 106.4780s
Epoch: 16 cost time: 29.941468954086304
Epoch: 16, Steps: 2272 | Train Loss: 0.5426034 Vali Loss: 0.4474298 Test Loss: 0.1865718
EarlyStopping counter: 2 out of 5
Updating learning rate to 1.52587890625e-07
	iters: 100, epoch: 17 | loss: 0.3132034
	speed: 0.0527s/iter; left time: 473.3598s
	iters: 200, epoch: 17 | loss: 1.2344879
	speed: 0.0132s/iter; left time: 117.0166s
	iters: 300, epoch: 17 | loss: 0.4513555
	speed: 0.0126s/iter; left time: 110.4180s
	iters: 400, epoch: 17 | loss: 0.3611774
	speed: 0.0129s/iter; left time: 112.5119s
	iters: 500, epoch: 17 | loss: 0.3357293
	speed: 0.0127s/iter; left time: 109.2620s
	iters: 600, epoch: 17 | loss: 1.3782021
	speed: 0.0136s/iter; left time: 115.4048s
	iters: 700, epoch: 17 | loss: 0.5298020
	speed: 0.0139s/iter; left time: 116.2959s
	iters: 800, epoch: 17 | loss: 0.3071428
	speed: 0.0121s/iter; left time: 99.8965s
	iters: 900, epoch: 17 | loss: 0.3706033
	speed: 0.0140s/iter; left time: 114.6803s
	iters: 1000, epoch: 17 | loss: 1.2726232
	speed: 0.0134s/iter; left time: 108.4865s
	iters: 1100, epoch: 17 | loss: 0.3546714
	speed: 0.0118s/iter; left time: 93.9772s
	iters: 1200, epoch: 17 | loss: 0.2754150
	speed: 0.0115s/iter; left time: 90.9004s
	iters: 1300, epoch: 17 | loss: 0.4010610
	speed: 0.0131s/iter; left time: 102.4025s
	iters: 1400, epoch: 17 | loss: 0.3463059
	speed: 0.0110s/iter; left time: 84.4324s
	iters: 1500, epoch: 17 | loss: 1.0447950
	speed: 0.0121s/iter; left time: 92.1093s
	iters: 1600, epoch: 17 | loss: 0.4194539
	speed: 0.0120s/iter; left time: 89.5959s
	iters: 1700, epoch: 17 | loss: 0.2604219
	speed: 0.0115s/iter; left time: 85.1275s
	iters: 1800, epoch: 17 | loss: 0.2838380
	speed: 0.0115s/iter; left time: 84.0677s
	iters: 1900, epoch: 17 | loss: 0.2875612
	speed: 0.0125s/iter; left time: 89.9107s
	iters: 2000, epoch: 17 | loss: 0.4027739
	speed: 0.0134s/iter; left time: 95.1471s
	iters: 2100, epoch: 17 | loss: 0.2475827
	speed: 0.0143s/iter; left time: 100.2485s
	iters: 2200, epoch: 17 | loss: 0.4441307
	speed: 0.0129s/iter; left time: 89.0892s
Epoch: 17 cost time: 28.974744081497192
Epoch: 17, Steps: 2272 | Train Loss: 0.5430362 Vali Loss: 0.4476404 Test Loss: 0.1865682
EarlyStopping counter: 3 out of 5
Updating learning rate to 7.62939453125e-08
	iters: 100, epoch: 18 | loss: 0.3168128
	speed: 0.0625s/iter; left time: 420.0299s
	iters: 200, epoch: 18 | loss: 0.3661234
	speed: 0.0129s/iter; left time: 85.5853s
	iters: 300, epoch: 18 | loss: 0.2941017
	speed: 0.0137s/iter; left time: 89.5531s
	iters: 400, epoch: 18 | loss: 0.4166288
	speed: 0.0137s/iter; left time: 87.6626s
	iters: 500, epoch: 18 | loss: 1.4061936
	speed: 0.0138s/iter; left time: 87.4281s
	iters: 600, epoch: 18 | loss: 0.4577340
	speed: 0.0137s/iter; left time: 85.3160s
	iters: 700, epoch: 18 | loss: 0.3706945
	speed: 0.0137s/iter; left time: 83.9279s
	iters: 800, epoch: 18 | loss: 0.6054938
	speed: 0.0138s/iter; left time: 83.1826s
	iters: 900, epoch: 18 | loss: 0.2916142
	speed: 0.0134s/iter; left time: 79.2940s
	iters: 1000, epoch: 18 | loss: 0.2469251
	speed: 0.0124s/iter; left time: 72.0893s
	iters: 1100, epoch: 18 | loss: 0.3783532
	speed: 0.0121s/iter; left time: 69.2983s
	iters: 1200, epoch: 18 | loss: 0.4078508
	speed: 0.0120s/iter; left time: 67.3232s
	iters: 1300, epoch: 18 | loss: 0.3847274
	speed: 0.0137s/iter; left time: 75.4162s
	iters: 1400, epoch: 18 | loss: 0.4511906
	speed: 0.0137s/iter; left time: 74.2162s
	iters: 1500, epoch: 18 | loss: 0.3703374
	speed: 0.0126s/iter; left time: 66.8058s
	iters: 1600, epoch: 18 | loss: 0.3374014
	speed: 0.0144s/iter; left time: 75.0200s
	iters: 1700, epoch: 18 | loss: 1.2869097
	speed: 0.0138s/iter; left time: 70.5687s
	iters: 1800, epoch: 18 | loss: 0.3367427
	speed: 0.0146s/iter; left time: 73.0179s
	iters: 1900, epoch: 18 | loss: 0.2792428
	speed: 0.0138s/iter; left time: 67.8099s
	iters: 2000, epoch: 18 | loss: 0.4670628
	speed: 0.0133s/iter; left time: 63.9491s
	iters: 2100, epoch: 18 | loss: 0.4978320
	speed: 0.0131s/iter; left time: 61.5744s
	iters: 2200, epoch: 18 | loss: 2.1524298
	speed: 0.0132s/iter; left time: 61.1317s
Epoch: 18 cost time: 30.46192979812622
Epoch: 18, Steps: 2272 | Train Loss: 0.5430212 Vali Loss: 0.4478795 Test Loss: 0.1865656
EarlyStopping counter: 4 out of 5
Updating learning rate to 3.814697265625e-08
	iters: 100, epoch: 19 | loss: 1.3608629
	speed: 0.0542s/iter; left time: 241.1100s
	iters: 200, epoch: 19 | loss: 2.0316064
	speed: 0.0114s/iter; left time: 49.5772s
	iters: 300, epoch: 19 | loss: 0.3261874
	speed: 0.0125s/iter; left time: 53.1959s
	iters: 400, epoch: 19 | loss: 0.3067281
	speed: 0.0131s/iter; left time: 54.2339s
	iters: 500, epoch: 19 | loss: 0.2558608
	speed: 0.0127s/iter; left time: 51.5051s
	iters: 600, epoch: 19 | loss: 0.3104739
	speed: 0.0135s/iter; left time: 53.1845s
	iters: 700, epoch: 19 | loss: 0.3888517
	speed: 0.0136s/iter; left time: 52.4419s
	iters: 800, epoch: 19 | loss: 0.7345120
	speed: 0.0124s/iter; left time: 46.5052s
	iters: 900, epoch: 19 | loss: 0.2783238
	speed: 0.0122s/iter; left time: 44.5455s
	iters: 1000, epoch: 19 | loss: 0.3525870
	speed: 0.0121s/iter; left time: 42.9007s
	iters: 1100, epoch: 19 | loss: 0.9166194
	speed: 0.0123s/iter; left time: 42.2430s
	iters: 1200, epoch: 19 | loss: 0.3771460
	speed: 0.0121s/iter; left time: 40.5781s
	iters: 1300, epoch: 19 | loss: 0.3972025
	speed: 0.0122s/iter; left time: 39.7451s
	iters: 1400, epoch: 19 | loss: 0.3898817
	speed: 0.0123s/iter; left time: 38.8082s
	iters: 1500, epoch: 19 | loss: 0.7382417
	speed: 0.0123s/iter; left time: 37.3997s
	iters: 1600, epoch: 19 | loss: 0.3940792
	speed: 0.0124s/iter; left time: 36.5810s
	iters: 1700, epoch: 19 | loss: 0.3790538
	speed: 0.0126s/iter; left time: 35.8612s
	iters: 1800, epoch: 19 | loss: 1.1902096
	speed: 0.0123s/iter; left time: 33.7697s
	iters: 1900, epoch: 19 | loss: 0.5814875
	speed: 0.0122s/iter; left time: 32.2492s
	iters: 2000, epoch: 19 | loss: 0.7317353
	speed: 0.0122s/iter; left time: 31.1274s
	iters: 2100, epoch: 19 | loss: 0.5670618
	speed: 0.0134s/iter; left time: 32.7262s
	iters: 2200, epoch: 19 | loss: 1.0981618
	speed: 0.0135s/iter; left time: 31.7098s
Epoch: 19 cost time: 28.42009997367859
Epoch: 19, Steps: 2272 | Train Loss: 0.5430119 Vali Loss: 0.4477735 Test Loss: 0.1865662
EarlyStopping counter: 5 out of 5
Early stopping
>>>>>>>testing : weather_336_192_NLinear_custom_ftM_sl336_ll48_pl192_dm512_nh8_el2_dl1_df2048_fc1_ebtimeF_dtTrue_Exp_0_seed15726<<<<<<<<<<<<<<<<<<<<<<<<<<<<<<<<<
test 10348
mse:0.1865852028131485, mae:0.23583431541919708
