Args in experiment:
Namespace(activation='gelu', batch_size=16, c_out=7, checkpoints='./checkpoints/', d_ff=2048, d_layers=1, d_model=512, data='ETTh2', data_path='ETTh2.csv', dec_in=7, des='Exp', devices='0,1,2,3', distil=True, do_predict=False, dropout=0.05, e_layers=2, embed='timeF', embed_type=0, enc_in=7, factor=1, features='M', freq='h', gpu=0, individual=True, is_training=1, itr=1, label_len=48, learning_rate=0.05, loss='mse', lradj='type1', model='NLinear', model_id='ETTh2_96_96', moving_avg=25, n_heads=8, num_workers=0, output_attention=False, patience=5, pred_len=96, root_path='./dataset/', save_pred_values=False, seed=28649, seq_len=96, target='OT', test_flop=False, train_epochs=20, train_only=False, use_amp=False, use_gpu=False, use_multi_gpu=False)
Use CPU
>>>>>>>start training : ETTh2_96_96_NLinear_ETTh2_ftM_sl96_ll48_pl96_dm512_nh8_el2_dl1_df2048_fc1_ebtimeF_dtTrue_Exp_0_seed28649>>>>>>>>>>>>>>>>>>>>>>>>>>
train 8449
data_set:  <data_provider.data_loader.Dataset_ETT_hour object at 0x000002123B020D68>
val 2785
data_set:  <data_provider.data_loader.Dataset_ETT_hour object at 0x0000021208626DD8>
test 2785
data_set:  <data_provider.data_loader.Dataset_ETT_hour object at 0x000002123B020128>
Total number of trainable parameters: 65184
Total number of parameters: 65184
	iters: 100, epoch: 1 | loss: 1.6770079
	speed: 0.0032s/iter; left time: 33.0854s
	iters: 200, epoch: 1 | loss: 0.3313813
	speed: 0.0032s/iter; left time: 33.6564s
	iters: 300, epoch: 1 | loss: 0.9017289
	speed: 0.0037s/iter; left time: 37.9586s
	iters: 400, epoch: 1 | loss: 0.5914453
	speed: 0.0027s/iter; left time: 27.8651s
	iters: 500, epoch: 1 | loss: 1.9739814
	speed: 0.0028s/iter; left time: 28.1322s
Epoch: 1 cost time: 1.6742005348205566
Epoch: 1, Steps: 528 | Train Loss: 1.8350385 Vali Loss: 1.3227677 Test Loss: 2.0205975
Validation loss decreased (inf --> 1.322768).  Saving model ...
Updating learning rate to 0.05
	iters: 100, epoch: 2 | loss: 0.4658872
	speed: 0.0076s/iter; left time: 75.9745s
	iters: 200, epoch: 2 | loss: 11.6645451
	speed: 0.0032s/iter; left time: 31.2014s
	iters: 300, epoch: 2 | loss: 0.9251872
	speed: 0.0030s/iter; left time: 29.0801s
	iters: 400, epoch: 2 | loss: 0.5191292
	speed: 0.0033s/iter; left time: 32.0656s
	iters: 500, epoch: 2 | loss: 0.6965358
	speed: 0.0029s/iter; left time: 27.3838s
Epoch: 2 cost time: 1.5886812210083008
Epoch: 2, Steps: 528 | Train Loss: 2.2618225 Vali Loss: 1.1340086 Test Loss: 1.7782530
Validation loss decreased (1.322768 --> 1.134009).  Saving model ...
Updating learning rate to 0.025
	iters: 100, epoch: 3 | loss: 0.5547019
	speed: 0.0078s/iter; left time: 73.3399s
	iters: 200, epoch: 3 | loss: 0.4561494
	speed: 0.0032s/iter; left time: 29.8672s
	iters: 300, epoch: 3 | loss: 1.1884373
	speed: 0.0028s/iter; left time: 25.9726s
	iters: 400, epoch: 3 | loss: 0.5941990
	speed: 0.0034s/iter; left time: 30.9787s
	iters: 500, epoch: 3 | loss: 0.3278317
	speed: 0.0030s/iter; left time: 26.6053s
Epoch: 3 cost time: 1.6095292568206787
Epoch: 3, Steps: 528 | Train Loss: 0.6775282 Vali Loss: 0.3093550 Test Loss: 0.4408667
Validation loss decreased (1.134009 --> 0.309355).  Saving model ...
Updating learning rate to 0.0125
	iters: 100, epoch: 4 | loss: 0.2741449
	speed: 0.0079s/iter; left time: 70.3488s
	iters: 200, epoch: 4 | loss: 0.4167756
	speed: 0.0033s/iter; left time: 28.8000s
	iters: 300, epoch: 4 | loss: 0.2680100
	speed: 0.0022s/iter; left time: 19.0075s
	iters: 400, epoch: 4 | loss: 0.4114318
	speed: 0.0023s/iter; left time: 20.1047s
	iters: 500, epoch: 4 | loss: 0.8661214
	speed: 0.0032s/iter; left time: 27.0286s
Epoch: 4 cost time: 1.5504117012023926
Epoch: 4, Steps: 528 | Train Loss: 0.4823814 Vali Loss: 0.2478929 Test Loss: 0.3336814
Validation loss decreased (0.309355 --> 0.247893).  Saving model ...
Updating learning rate to 0.00625
	iters: 100, epoch: 5 | loss: 0.5177569
	speed: 0.0079s/iter; left time: 66.3646s
	iters: 200, epoch: 5 | loss: 0.4131597
	speed: 0.0030s/iter; left time: 25.0844s
	iters: 300, epoch: 5 | loss: 1.0751028
	speed: 0.0032s/iter; left time: 26.3913s
	iters: 400, epoch: 5 | loss: 0.2473069
	speed: 0.0023s/iter; left time: 18.7187s
	iters: 500, epoch: 5 | loss: 0.4049525
	speed: 0.0037s/iter; left time: 29.3050s
Epoch: 5 cost time: 1.6155421733856201
Epoch: 5, Steps: 528 | Train Loss: 0.4492155 Vali Loss: 0.2171125 Test Loss: 0.3026713
Validation loss decreased (0.247893 --> 0.217113).  Saving model ...
Updating learning rate to 0.003125
	iters: 100, epoch: 6 | loss: 0.1287692
	speed: 0.0089s/iter; left time: 69.6287s
	iters: 200, epoch: 6 | loss: 0.6505526
	speed: 0.0022s/iter; left time: 16.8996s
	iters: 300, epoch: 6 | loss: 0.2009097
	speed: 0.0023s/iter; left time: 17.8507s
	iters: 400, epoch: 6 | loss: 0.8224751
	speed: 0.0034s/iter; left time: 25.8612s
	iters: 500, epoch: 6 | loss: 0.5097283
	speed: 0.0030s/iter; left time: 22.0472s
Epoch: 6 cost time: 1.4940598011016846
Epoch: 6, Steps: 528 | Train Loss: 0.4247234 Vali Loss: 0.2144367 Test Loss: 0.2981472
Validation loss decreased (0.217113 --> 0.214437).  Saving model ...
Updating learning rate to 0.0015625
	iters: 100, epoch: 7 | loss: 0.3319010
	speed: 0.0068s/iter; left time: 49.3157s
	iters: 200, epoch: 7 | loss: 0.7525980
	speed: 0.0031s/iter; left time: 22.1622s
	iters: 300, epoch: 7 | loss: 0.1198300
	speed: 0.0026s/iter; left time: 18.4631s
	iters: 400, epoch: 7 | loss: 1.0066450
	speed: 0.0024s/iter; left time: 16.7562s
	iters: 500, epoch: 7 | loss: 0.2020445
	speed: 0.0023s/iter; left time: 16.1348s
Epoch: 7 cost time: 1.3672757148742676
Epoch: 7, Steps: 528 | Train Loss: 0.4140613 Vali Loss: 0.2121398 Test Loss: 0.2981634
Validation loss decreased (0.214437 --> 0.212140).  Saving model ...
Updating learning rate to 0.00078125
	iters: 100, epoch: 8 | loss: 0.2059931
	speed: 0.0073s/iter; left time: 49.7029s
	iters: 200, epoch: 8 | loss: 0.3026522
	speed: 0.0030s/iter; left time: 20.1017s
	iters: 300, epoch: 8 | loss: 0.2696310
	speed: 0.0023s/iter; left time: 15.0540s
	iters: 400, epoch: 8 | loss: 0.4482579
	speed: 0.0028s/iter; left time: 18.1960s
	iters: 500, epoch: 8 | loss: 0.7635585
	speed: 0.0023s/iter; left time: 14.9147s
Epoch: 8 cost time: 1.3436546325683594
Epoch: 8, Steps: 528 | Train Loss: 0.4092176 Vali Loss: 0.2123113 Test Loss: 0.2969503
EarlyStopping counter: 1 out of 5
Updating learning rate to 0.000390625
	iters: 100, epoch: 9 | loss: 0.3671872
	speed: 0.0069s/iter; left time: 42.8984s
	iters: 200, epoch: 9 | loss: 0.2452002
	speed: 0.0028s/iter; left time: 17.2462s
	iters: 300, epoch: 9 | loss: 0.2076512
	speed: 0.0034s/iter; left time: 20.7657s
	iters: 400, epoch: 9 | loss: 0.5874803
	speed: 0.0031s/iter; left time: 18.5499s
	iters: 500, epoch: 9 | loss: 0.5003532
	speed: 0.0022s/iter; left time: 12.7455s
Epoch: 9 cost time: 1.56264066696167
Epoch: 9, Steps: 528 | Train Loss: 0.4065983 Vali Loss: 0.2114980 Test Loss: 0.2941401
Validation loss decreased (0.212140 --> 0.211498).  Saving model ...
Updating learning rate to 0.0001953125
	iters: 100, epoch: 10 | loss: 0.1846345
	speed: 0.0067s/iter; left time: 38.3840s
	iters: 200, epoch: 10 | loss: 0.4324750
	speed: 0.0031s/iter; left time: 17.5102s
	iters: 300, epoch: 10 | loss: 0.8950251
	speed: 0.0023s/iter; left time: 12.9156s
	iters: 400, epoch: 10 | loss: 0.3059059
	speed: 0.0030s/iter; left time: 16.0515s
	iters: 500, epoch: 10 | loss: 0.4217631
	speed: 0.0033s/iter; left time: 17.4412s
Epoch: 10 cost time: 1.4532256126403809
Epoch: 10, Steps: 528 | Train Loss: 0.4042932 Vali Loss: 0.2114947 Test Loss: 0.2909729
Validation loss decreased (0.211498 --> 0.211495).  Saving model ...
Updating learning rate to 9.765625e-05
	iters: 100, epoch: 11 | loss: 0.4624722
	speed: 0.0087s/iter; left time: 45.3094s
	iters: 200, epoch: 11 | loss: 0.2739618
	speed: 0.0028s/iter; left time: 14.3081s
	iters: 300, epoch: 11 | loss: 0.3301072
	speed: 0.0025s/iter; left time: 12.4555s
	iters: 400, epoch: 11 | loss: 0.4478348
	speed: 0.0033s/iter; left time: 16.0334s
	iters: 500, epoch: 11 | loss: 0.3497910
	speed: 0.0029s/iter; left time: 13.9256s
Epoch: 11 cost time: 1.5702667236328125
Epoch: 11, Steps: 528 | Train Loss: 0.4034589 Vali Loss: 0.2106962 Test Loss: 0.2905439
Validation loss decreased (0.211495 --> 0.210696).  Saving model ...
Updating learning rate to 4.8828125e-05
	iters: 100, epoch: 12 | loss: 0.3051550
	speed: 0.0086s/iter; left time: 40.2324s
	iters: 200, epoch: 12 | loss: 0.3690061
	speed: 0.0028s/iter; left time: 12.7873s
	iters: 300, epoch: 12 | loss: 0.3537320
	speed: 0.0027s/iter; left time: 11.8402s
	iters: 400, epoch: 12 | loss: 0.2703844
	speed: 0.0028s/iter; left time: 12.2435s
	iters: 500, epoch: 12 | loss: 0.2139531
	speed: 0.0027s/iter; left time: 11.2821s
Epoch: 12 cost time: 1.4683096408843994
Epoch: 12, Steps: 528 | Train Loss: 0.4027684 Vali Loss: 0.2111969 Test Loss: 0.2915263
EarlyStopping counter: 1 out of 5
Updating learning rate to 2.44140625e-05
	iters: 100, epoch: 13 | loss: 0.7820379
	speed: 0.0069s/iter; left time: 28.3636s
	iters: 200, epoch: 13 | loss: 0.5121825
	speed: 0.0023s/iter; left time: 9.4449s
	iters: 300, epoch: 13 | loss: 1.0615098
	speed: 0.0023s/iter; left time: 9.1840s
	iters: 400, epoch: 13 | loss: 0.3526738
	speed: 0.0033s/iter; left time: 12.5666s
	iters: 500, epoch: 13 | loss: 0.4967770
	speed: 0.0033s/iter; left time: 12.2118s
Epoch: 13 cost time: 1.4686977863311768
Epoch: 13, Steps: 528 | Train Loss: 0.4022617 Vali Loss: 0.2109969 Test Loss: 0.2906702
EarlyStopping counter: 2 out of 5
Updating learning rate to 1.220703125e-05
	iters: 100, epoch: 14 | loss: 0.2988583
	speed: 0.0064s/iter; left time: 23.0558s
	iters: 200, epoch: 14 | loss: 0.1807150
	speed: 0.0022s/iter; left time: 7.6453s
	iters: 300, epoch: 14 | loss: 0.3533394
	speed: 0.0023s/iter; left time: 7.9584s
	iters: 400, epoch: 14 | loss: 0.5482193
	speed: 0.0023s/iter; left time: 7.7343s
	iters: 500, epoch: 14 | loss: 0.4448530
	speed: 0.0023s/iter; left time: 7.4762s
Epoch: 14 cost time: 1.2849295139312744
Epoch: 14, Steps: 528 | Train Loss: 0.4022713 Vali Loss: 0.2108715 Test Loss: 0.2906658
EarlyStopping counter: 3 out of 5
Updating learning rate to 6.103515625e-06
	iters: 100, epoch: 15 | loss: 0.1722221
	speed: 0.0075s/iter; left time: 23.0342s
	iters: 200, epoch: 15 | loss: 0.4043583
	speed: 0.0025s/iter; left time: 7.4153s
	iters: 300, epoch: 15 | loss: 0.9230305
	speed: 0.0023s/iter; left time: 6.7175s
	iters: 400, epoch: 15 | loss: 0.2244378
	speed: 0.0023s/iter; left time: 6.4935s
	iters: 500, epoch: 15 | loss: 0.1540124
	speed: 0.0020s/iter; left time: 5.4178s
Epoch: 15 cost time: 1.3120510578155518
Epoch: 15, Steps: 528 | Train Loss: 0.4021097 Vali Loss: 0.2108117 Test Loss: 0.2906643
EarlyStopping counter: 4 out of 5
Updating learning rate to 3.0517578125e-06
	iters: 100, epoch: 16 | loss: 0.2902845
	speed: 0.0059s/iter; left time: 15.0971s
	iters: 200, epoch: 16 | loss: 1.0599457
	speed: 0.0023s/iter; left time: 5.7241s
	iters: 300, epoch: 16 | loss: 0.3037292
	speed: 0.0027s/iter; left time: 6.2158s
	iters: 400, epoch: 16 | loss: 1.3499510
	speed: 0.0031s/iter; left time: 7.0028s
	iters: 500, epoch: 16 | loss: 0.4256217
	speed: 0.0022s/iter; left time: 4.6836s
Epoch: 16 cost time: 1.3279290199279785
Epoch: 16, Steps: 528 | Train Loss: 0.4020227 Vali Loss: 0.2107426 Test Loss: 0.2906750
EarlyStopping counter: 5 out of 5
Early stopping
Total training time: 29.7368 seconds
>>>>>>>testing : ETTh2_96_96_NLinear_ETTh2_ftM_sl96_ll48_pl96_dm512_nh8_el2_dl1_df2048_fc1_ebtimeF_dtTrue_Exp_0_seed28649<<<<<<<<<<<<<<<<<<<<<<<<<<<<<<<<<
test 2785
data_set:  <data_provider.data_loader.Dataset_ETT_hour object at 0x0000021271B81080>
mse:0.29155969619750977, mae:0.34310927987098694
