Args in experiment:
Namespace(activation='gelu', batch_size=16, c_out=7, checkpoints='./checkpoints/', d_ff=2048, d_layers=1, d_model=512, data='custom', data_path='weather.csv', dec_in=7, des='Exp', devices='0,1,2,3', distil=True, do_predict=False, dropout=0.05, e_layers=2, embed='timeF', embed_type=0, enc_in=21, factor=1, features='M', freq='h', gpu=0, individual=True, is_training=1, itr=1, label_len=48, learning_rate=0.005, loss='mse', lradj='type1', model='NLinear', model_id='weather_336_192', moving_avg=25, n_heads=8, num_workers=0, output_attention=False, patience=5, pred_len=192, root_path='./dataset/', save_pred_values=False, seed=15349, seq_len=336, target='OT', test_flop=False, train_epochs=20, train_only=False, use_amp=False, use_gpu=False, use_multi_gpu=False)
Use CPU
>>>>>>>start training : weather_336_192_NLinear_custom_ftM_sl336_ll48_pl192_dm512_nh8_el2_dl1_df2048_fc1_ebtimeF_dtTrue_Exp_0_seed15349>>>>>>>>>>>>>>>>>>>>>>>>>>
train 36360
val 5079
test 10348
	iters: 100, epoch: 1 | loss: 0.3643710
	speed: 0.0155s/iter; left time: 701.1633s
	iters: 200, epoch: 1 | loss: 3.1686635
	speed: 0.0144s/iter; left time: 652.6164s
	iters: 300, epoch: 1 | loss: 1.0105946
	speed: 0.0155s/iter; left time: 700.2167s
	iters: 400, epoch: 1 | loss: 249.5237274
	speed: 0.0145s/iter; left time: 651.2012s
	iters: 500, epoch: 1 | loss: 21.7163353
	speed: 0.0138s/iter; left time: 618.0279s
	iters: 600, epoch: 1 | loss: 0.5353304
	speed: 0.0137s/iter; left time: 612.0975s
	iters: 700, epoch: 1 | loss: 0.5624991
	speed: 0.0139s/iter; left time: 622.1170s
	iters: 800, epoch: 1 | loss: 0.7959126
	speed: 0.0139s/iter; left time: 619.2637s
	iters: 900, epoch: 1 | loss: 2.0380774
	speed: 0.0141s/iter; left time: 629.1544s
	iters: 1000, epoch: 1 | loss: 0.5718790
	speed: 0.0143s/iter; left time: 635.0147s
	iters: 1100, epoch: 1 | loss: 0.3629505
	speed: 0.0118s/iter; left time: 524.2101s
	iters: 1200, epoch: 1 | loss: 0.6041755
	speed: 0.0155s/iter; left time: 686.3023s
	iters: 1300, epoch: 1 | loss: 0.5938727
	speed: 0.0130s/iter; left time: 571.7351s
	iters: 1400, epoch: 1 | loss: 0.5101436
	speed: 0.0143s/iter; left time: 628.1775s
	iters: 1500, epoch: 1 | loss: 4.3852491
	speed: 0.0130s/iter; left time: 573.1136s
	iters: 1600, epoch: 1 | loss: 96.1385193
	speed: 0.0133s/iter; left time: 580.9355s
	iters: 1700, epoch: 1 | loss: 0.6187913
	speed: 0.0140s/iter; left time: 614.4200s
	iters: 1800, epoch: 1 | loss: 0.5444313
	speed: 0.0143s/iter; left time: 625.3992s
	iters: 1900, epoch: 1 | loss: 0.4944084
	speed: 0.0119s/iter; left time: 516.6003s
	iters: 2000, epoch: 1 | loss: 0.7189424
	speed: 0.0137s/iter; left time: 596.6658s
	iters: 2100, epoch: 1 | loss: 5.2523804
	speed: 0.0142s/iter; left time: 613.3492s
	iters: 2200, epoch: 1 | loss: 0.8035655
	speed: 0.0136s/iter; left time: 589.0388s
Epoch: 1 cost time: 31.563942909240723
Epoch: 1, Steps: 2272 | Train Loss: 3.2983494 Vali Loss: 1.1469580 Test Loss: 0.3213453
Validation loss decreased (inf --> 1.146958).  Saving model ...
Updating learning rate to 0.005
	iters: 100, epoch: 2 | loss: 0.5520497
	speed: 0.0597s/iter; left time: 2569.6374s
	iters: 200, epoch: 2 | loss: 1.9913578
	speed: 0.0135s/iter; left time: 578.5715s
	iters: 300, epoch: 2 | loss: 0.2824365
	speed: 0.0129s/iter; left time: 553.1535s
	iters: 400, epoch: 2 | loss: 1.0556395
	speed: 0.0118s/iter; left time: 503.4981s
	iters: 500, epoch: 2 | loss: 0.4976967
	speed: 0.0129s/iter; left time: 549.2911s
	iters: 600, epoch: 2 | loss: 0.5933035
	speed: 0.0129s/iter; left time: 549.7484s
	iters: 700, epoch: 2 | loss: 0.4416912
	speed: 0.0133s/iter; left time: 564.1687s
	iters: 800, epoch: 2 | loss: 0.6218299
	speed: 0.0134s/iter; left time: 565.7490s
	iters: 900, epoch: 2 | loss: 0.4506387
	speed: 0.0147s/iter; left time: 621.6984s
	iters: 1000, epoch: 2 | loss: 0.4448432
	speed: 0.0135s/iter; left time: 569.7434s
	iters: 1100, epoch: 2 | loss: 1.4800977
	speed: 0.0129s/iter; left time: 543.2849s
	iters: 1200, epoch: 2 | loss: 0.6631830
	speed: 0.0121s/iter; left time: 507.1686s
	iters: 1300, epoch: 2 | loss: 29.9897194
	speed: 0.0133s/iter; left time: 557.7971s
	iters: 1400, epoch: 2 | loss: 0.8208400
	speed: 0.0138s/iter; left time: 576.8303s
	iters: 1500, epoch: 2 | loss: 32.9582863
	speed: 0.0141s/iter; left time: 588.1831s
	iters: 1600, epoch: 2 | loss: 0.4742281
	speed: 0.0140s/iter; left time: 581.1756s
	iters: 1700, epoch: 2 | loss: 1.5835552
	speed: 0.0143s/iter; left time: 594.8524s
	iters: 1800, epoch: 2 | loss: 0.2884745
	speed: 0.0140s/iter; left time: 580.4093s
	iters: 1900, epoch: 2 | loss: 0.4829063
	speed: 0.0098s/iter; left time: 405.3856s
	iters: 2000, epoch: 2 | loss: 2.2500141
	speed: 0.0110s/iter; left time: 451.6911s
	iters: 2100, epoch: 2 | loss: 2.5654218
	speed: 0.0123s/iter; left time: 506.8746s
	iters: 2200, epoch: 2 | loss: 0.5790306
	speed: 0.0135s/iter; left time: 554.4649s
Epoch: 2 cost time: 29.695108652114868
Epoch: 2, Steps: 2272 | Train Loss: 97.8400725 Vali Loss: 2.2133932 Test Loss: 0.2768244
EarlyStopping counter: 1 out of 5
Updating learning rate to 0.0025
	iters: 100, epoch: 3 | loss: 0.4164668
	speed: 0.0513s/iter; left time: 2093.4296s
	iters: 200, epoch: 3 | loss: 0.4467158
	speed: 0.0132s/iter; left time: 538.6072s
	iters: 300, epoch: 3 | loss: 0.3385589
	speed: 0.0132s/iter; left time: 534.3610s
	iters: 400, epoch: 3 | loss: 1.2361856
	speed: 0.0120s/iter; left time: 487.4289s
	iters: 500, epoch: 3 | loss: 0.5564962
	speed: 0.0148s/iter; left time: 599.4565s
	iters: 600, epoch: 3 | loss: 0.5620499
	speed: 0.0136s/iter; left time: 546.8550s
	iters: 700, epoch: 3 | loss: 1.3132313
	speed: 0.0134s/iter; left time: 537.9057s
	iters: 800, epoch: 3 | loss: 0.3044628
	speed: 0.0138s/iter; left time: 551.8374s
	iters: 900, epoch: 3 | loss: 0.4104085
	speed: 0.0144s/iter; left time: 577.3908s
	iters: 1000, epoch: 3 | loss: 0.3915724
	speed: 0.0143s/iter; left time: 571.4953s
	iters: 1100, epoch: 3 | loss: 0.5191628
	speed: 0.0151s/iter; left time: 599.5138s
	iters: 1200, epoch: 3 | loss: 4.4459596
	speed: 0.0122s/iter; left time: 484.4016s
	iters: 1300, epoch: 3 | loss: 0.3581212
	speed: 0.0120s/iter; left time: 476.7976s
	iters: 1400, epoch: 3 | loss: 0.6328107
	speed: 0.0146s/iter; left time: 575.1108s
	iters: 1500, epoch: 3 | loss: 0.5454004
	speed: 0.0138s/iter; left time: 541.9071s
	iters: 1600, epoch: 3 | loss: 0.2605624
	speed: 0.0143s/iter; left time: 562.8309s
	iters: 1700, epoch: 3 | loss: 0.3994754
	speed: 0.0127s/iter; left time: 499.1282s
	iters: 1800, epoch: 3 | loss: 0.4083044
	speed: 0.0130s/iter; left time: 508.7488s
	iters: 1900, epoch: 3 | loss: 0.3930432
	speed: 0.0147s/iter; left time: 573.3001s
	iters: 2000, epoch: 3 | loss: 1.7672863
	speed: 0.0150s/iter; left time: 584.8081s
	iters: 2100, epoch: 3 | loss: 0.3569919
	speed: 0.0155s/iter; left time: 600.6868s
	iters: 2200, epoch: 3 | loss: 0.5302453
	speed: 0.0128s/iter; left time: 495.8607s
Epoch: 3 cost time: 30.88604497909546
Epoch: 3, Steps: 2272 | Train Loss: 2.9168395 Vali Loss: 0.5089357 Test Loss: 0.2080059
Validation loss decreased (1.146958 --> 0.508936).  Saving model ...
Updating learning rate to 0.00125
	iters: 100, epoch: 4 | loss: 0.3328900
	speed: 0.0563s/iter; left time: 2167.5058s
	iters: 200, epoch: 4 | loss: 0.5993277
	speed: 0.0140s/iter; left time: 537.4047s
	iters: 300, epoch: 4 | loss: 0.8366938
	speed: 0.0139s/iter; left time: 532.4316s
	iters: 400, epoch: 4 | loss: 0.2407642
	speed: 0.0150s/iter; left time: 573.6530s
	iters: 500, epoch: 4 | loss: 0.3035410
	speed: 0.0153s/iter; left time: 582.2773s
	iters: 600, epoch: 4 | loss: 0.3188573
	speed: 0.0163s/iter; left time: 618.1469s
	iters: 700, epoch: 4 | loss: 0.4884458
	speed: 0.0134s/iter; left time: 507.6297s
	iters: 800, epoch: 4 | loss: 0.4430938
	speed: 0.0143s/iter; left time: 540.7000s
	iters: 900, epoch: 4 | loss: 0.7777247
	speed: 0.0146s/iter; left time: 552.3281s
	iters: 1000, epoch: 4 | loss: 0.5816478
	speed: 0.0130s/iter; left time: 490.3066s
	iters: 1100, epoch: 4 | loss: 0.5663707
	speed: 0.0147s/iter; left time: 550.7004s
	iters: 1200, epoch: 4 | loss: 0.9614794
	speed: 0.0135s/iter; left time: 506.0866s
	iters: 1300, epoch: 4 | loss: 0.3791305
	speed: 0.0136s/iter; left time: 506.1796s
	iters: 1400, epoch: 4 | loss: 0.2519575
	speed: 0.0135s/iter; left time: 502.3016s
	iters: 1500, epoch: 4 | loss: 0.3160963
	speed: 0.0151s/iter; left time: 559.5416s
	iters: 1600, epoch: 4 | loss: 0.5227075
	speed: 0.0136s/iter; left time: 501.9392s
	iters: 1700, epoch: 4 | loss: 0.4267373
	speed: 0.0133s/iter; left time: 489.3158s
	iters: 1800, epoch: 4 | loss: 0.4734806
	speed: 0.0137s/iter; left time: 504.9407s
	iters: 1900, epoch: 4 | loss: 1.4120362
	speed: 0.0123s/iter; left time: 451.9150s
	iters: 2000, epoch: 4 | loss: 2.4503915
	speed: 0.0140s/iter; left time: 511.7466s
	iters: 2100, epoch: 4 | loss: 1.1968271
	speed: 0.0113s/iter; left time: 414.2942s
	iters: 2200, epoch: 4 | loss: 0.3060105
	speed: 0.0137s/iter; left time: 497.6612s
Epoch: 4 cost time: 31.441739559173584
Epoch: 4, Steps: 2272 | Train Loss: 3.5643536 Vali Loss: 0.4756140 Test Loss: 0.1997137
Validation loss decreased (0.508936 --> 0.475614).  Saving model ...
Updating learning rate to 0.000625
	iters: 100, epoch: 5 | loss: 0.4231937
	speed: 0.0457s/iter; left time: 1655.7535s
	iters: 200, epoch: 5 | loss: 0.3545782
	speed: 0.0143s/iter; left time: 517.0715s
	iters: 300, epoch: 5 | loss: 1.2957357
	speed: 0.0149s/iter; left time: 535.9222s
	iters: 400, epoch: 5 | loss: 0.4276320
	speed: 0.0154s/iter; left time: 553.1129s
	iters: 500, epoch: 5 | loss: 0.5345224
	speed: 0.0145s/iter; left time: 520.3010s
	iters: 600, epoch: 5 | loss: 0.4341376
	speed: 0.0141s/iter; left time: 502.3972s
	iters: 700, epoch: 5 | loss: 0.2960292
	speed: 0.0150s/iter; left time: 536.3570s
	iters: 800, epoch: 5 | loss: 5.2969069
	speed: 0.0140s/iter; left time: 498.4812s
	iters: 900, epoch: 5 | loss: 0.4442763
	speed: 0.0144s/iter; left time: 511.4042s
	iters: 1000, epoch: 5 | loss: 0.3369851
	speed: 0.0141s/iter; left time: 499.9545s
	iters: 1100, epoch: 5 | loss: 0.4931953
	speed: 0.0127s/iter; left time: 447.4166s
	iters: 1200, epoch: 5 | loss: 0.3441878
	speed: 0.0127s/iter; left time: 447.9810s
	iters: 1300, epoch: 5 | loss: 1.9415095
	speed: 0.0129s/iter; left time: 450.4653s
	iters: 1400, epoch: 5 | loss: 1.4069395
	speed: 0.0109s/iter; left time: 380.6780s
	iters: 1500, epoch: 5 | loss: 1.4337615
	speed: 0.0149s/iter; left time: 519.7911s
	iters: 1600, epoch: 5 | loss: 0.3814240
	speed: 0.0138s/iter; left time: 477.9008s
	iters: 1700, epoch: 5 | loss: 2.0351553
	speed: 0.0131s/iter; left time: 454.0079s
	iters: 1800, epoch: 5 | loss: 0.2964813
	speed: 0.0132s/iter; left time: 456.9294s
	iters: 1900, epoch: 5 | loss: 0.4649835
	speed: 0.0133s/iter; left time: 459.6753s
	iters: 2000, epoch: 5 | loss: 0.4062845
	speed: 0.0156s/iter; left time: 535.2562s
	iters: 2100, epoch: 5 | loss: 1.4206240
	speed: 0.0157s/iter; left time: 538.9101s
	iters: 2200, epoch: 5 | loss: 0.4565993
	speed: 0.0149s/iter; left time: 509.3617s
Epoch: 5 cost time: 31.590986251831055
Epoch: 5, Steps: 2272 | Train Loss: 1.7699192 Vali Loss: 0.4690392 Test Loss: 0.1989952
Validation loss decreased (0.475614 --> 0.469039).  Saving model ...
Updating learning rate to 0.0003125
	iters: 100, epoch: 6 | loss: 0.2983921
	speed: 0.0527s/iter; left time: 1791.2297s
	iters: 200, epoch: 6 | loss: 0.3304320
	speed: 0.0139s/iter; left time: 472.4985s
	iters: 300, epoch: 6 | loss: 0.4476532
	speed: 0.0133s/iter; left time: 450.1286s
	iters: 400, epoch: 6 | loss: 1.3565962
	speed: 0.0140s/iter; left time: 472.6045s
	iters: 500, epoch: 6 | loss: 0.3467793
	speed: 0.0110s/iter; left time: 370.4830s
	iters: 600, epoch: 6 | loss: 0.4463918
	speed: 0.0133s/iter; left time: 444.7014s
	iters: 700, epoch: 6 | loss: 0.3689955
	speed: 0.0144s/iter; left time: 481.2426s
	iters: 800, epoch: 6 | loss: 0.3615709
	speed: 0.0133s/iter; left time: 441.0166s
	iters: 900, epoch: 6 | loss: 0.2843889
	speed: 0.0128s/iter; left time: 423.7035s
	iters: 1000, epoch: 6 | loss: 0.5201163
	speed: 0.0147s/iter; left time: 487.0875s
	iters: 1100, epoch: 6 | loss: 0.2677188
	speed: 0.0140s/iter; left time: 460.1670s
	iters: 1200, epoch: 6 | loss: 0.3437738
	speed: 0.0140s/iter; left time: 461.7875s
	iters: 1300, epoch: 6 | loss: 0.3024457
	speed: 0.0122s/iter; left time: 400.6526s
	iters: 1400, epoch: 6 | loss: 0.8673058
	speed: 0.0145s/iter; left time: 473.3678s
	iters: 1500, epoch: 6 | loss: 0.3209871
	speed: 0.0142s/iter; left time: 461.2284s
	iters: 1600, epoch: 6 | loss: 0.3277704
	speed: 0.0128s/iter; left time: 416.1278s
	iters: 1700, epoch: 6 | loss: 0.4355667
	speed: 0.0154s/iter; left time: 499.8438s
	iters: 1800, epoch: 6 | loss: 1.3970060
	speed: 0.0150s/iter; left time: 484.5904s
	iters: 1900, epoch: 6 | loss: 0.3568038
	speed: 0.0138s/iter; left time: 444.4822s
	iters: 2000, epoch: 6 | loss: 1.2109580
	speed: 0.0133s/iter; left time: 427.4630s
	iters: 2100, epoch: 6 | loss: 1.1718328
	speed: 0.0140s/iter; left time: 447.1523s
	iters: 2200, epoch: 6 | loss: 1.3054990
	speed: 0.0111s/iter; left time: 354.5689s
Epoch: 6 cost time: 30.818453311920166
Epoch: 6, Steps: 2272 | Train Loss: 0.7154082 Vali Loss: 0.4631790 Test Loss: 0.1920434
Validation loss decreased (0.469039 --> 0.463179).  Saving model ...
Updating learning rate to 0.00015625
	iters: 100, epoch: 7 | loss: 1.7596394
	speed: 0.0500s/iter; left time: 1585.2075s
	iters: 200, epoch: 7 | loss: 1.2649151
	speed: 0.0144s/iter; left time: 455.3166s
	iters: 300, epoch: 7 | loss: 0.3552323
	speed: 0.0139s/iter; left time: 436.7537s
	iters: 400, epoch: 7 | loss: 0.3140620
	speed: 0.0118s/iter; left time: 369.4478s
	iters: 500, epoch: 7 | loss: 0.3820632
	speed: 0.0127s/iter; left time: 398.1067s
	iters: 600, epoch: 7 | loss: 0.6678859
	speed: 0.0136s/iter; left time: 423.6086s
	iters: 700, epoch: 7 | loss: 0.2720546
	speed: 0.0136s/iter; left time: 423.1140s
	iters: 800, epoch: 7 | loss: 0.5129446
	speed: 0.0136s/iter; left time: 421.6189s
	iters: 900, epoch: 7 | loss: 0.3977862
	speed: 0.0140s/iter; left time: 431.2164s
	iters: 1000, epoch: 7 | loss: 0.4239823
	speed: 0.0141s/iter; left time: 433.2100s
	iters: 1100, epoch: 7 | loss: 0.4903228
	speed: 0.0127s/iter; left time: 391.0529s
	iters: 1200, epoch: 7 | loss: 0.4713915
	speed: 0.0138s/iter; left time: 423.1761s
	iters: 1300, epoch: 7 | loss: 0.2948157
	speed: 0.0131s/iter; left time: 400.0685s
	iters: 1400, epoch: 7 | loss: 0.4834468
	speed: 0.0139s/iter; left time: 423.4474s
	iters: 1500, epoch: 7 | loss: 0.4439684
	speed: 0.0149s/iter; left time: 452.4496s
	iters: 1600, epoch: 7 | loss: 0.3064360
	speed: 0.0135s/iter; left time: 407.9796s
	iters: 1700, epoch: 7 | loss: 0.3729895
	speed: 0.0118s/iter; left time: 354.4657s
	iters: 1800, epoch: 7 | loss: 0.3562649
	speed: 0.0132s/iter; left time: 397.0774s
	iters: 1900, epoch: 7 | loss: 1.2397702
	speed: 0.0149s/iter; left time: 444.8017s
	iters: 2000, epoch: 7 | loss: 1.3219314
	speed: 0.0157s/iter; left time: 468.6387s
	iters: 2100, epoch: 7 | loss: 0.3459186
	speed: 0.0151s/iter; left time: 448.1404s
	iters: 2200, epoch: 7 | loss: 0.4473130
	speed: 0.0127s/iter; left time: 375.3600s
Epoch: 7 cost time: 30.93092393875122
Epoch: 7, Steps: 2272 | Train Loss: 0.6405766 Vali Loss: 0.4478018 Test Loss: 0.1875121
Validation loss decreased (0.463179 --> 0.447802).  Saving model ...
Updating learning rate to 7.8125e-05
	iters: 100, epoch: 8 | loss: 0.3730557
	speed: 0.0521s/iter; left time: 1532.1981s
	iters: 200, epoch: 8 | loss: 0.3903569
	speed: 0.0126s/iter; left time: 368.2485s
	iters: 300, epoch: 8 | loss: 0.5179828
	speed: 0.0114s/iter; left time: 333.4374s
	iters: 400, epoch: 8 | loss: 0.4961215
	speed: 0.0141s/iter; left time: 410.0321s
	iters: 500, epoch: 8 | loss: 1.3737360
	speed: 0.0142s/iter; left time: 413.2656s
	iters: 600, epoch: 8 | loss: 0.3659610
	speed: 0.0144s/iter; left time: 417.7930s
	iters: 700, epoch: 8 | loss: 1.2731693
	speed: 0.0142s/iter; left time: 410.6962s
	iters: 800, epoch: 8 | loss: 0.4269615
	speed: 0.0152s/iter; left time: 437.5152s
	iters: 900, epoch: 8 | loss: 0.3868945
	speed: 0.0152s/iter; left time: 434.7815s
	iters: 1000, epoch: 8 | loss: 1.1262262
	speed: 0.0143s/iter; left time: 408.7875s
	iters: 1100, epoch: 8 | loss: 1.3247908
	speed: 0.0138s/iter; left time: 393.6097s
	iters: 1200, epoch: 8 | loss: 0.2790219
	speed: 0.0140s/iter; left time: 395.4926s
	iters: 1300, epoch: 8 | loss: 0.3336148
	speed: 0.0158s/iter; left time: 446.4765s
	iters: 1400, epoch: 8 | loss: 0.4883822
	speed: 0.0145s/iter; left time: 409.2168s
	iters: 1500, epoch: 8 | loss: 0.2299106
	speed: 0.0136s/iter; left time: 380.0471s
	iters: 1600, epoch: 8 | loss: 0.5332236
	speed: 0.0138s/iter; left time: 385.0237s
	iters: 1700, epoch: 8 | loss: 1.2673647
	speed: 0.0134s/iter; left time: 372.8655s
	iters: 1800, epoch: 8 | loss: 0.2882225
	speed: 0.0130s/iter; left time: 361.7395s
	iters: 1900, epoch: 8 | loss: 0.3119424
	speed: 0.0134s/iter; left time: 370.3532s
	iters: 2000, epoch: 8 | loss: 1.8973850
	speed: 0.0133s/iter; left time: 366.6381s
	iters: 2100, epoch: 8 | loss: 0.2618472
	speed: 0.0131s/iter; left time: 358.9294s
	iters: 2200, epoch: 8 | loss: 0.3127958
	speed: 0.0124s/iter; left time: 339.5594s
Epoch: 8 cost time: 30.97331404685974
Epoch: 8, Steps: 2272 | Train Loss: 0.6152949 Vali Loss: 0.4483538 Test Loss: 0.1867757
EarlyStopping counter: 1 out of 5
Updating learning rate to 3.90625e-05
	iters: 100, epoch: 9 | loss: 0.3799770
	speed: 0.0441s/iter; left time: 1198.8050s
	iters: 200, epoch: 9 | loss: 0.4512714
	speed: 0.0112s/iter; left time: 303.7812s
	iters: 300, epoch: 9 | loss: 0.3489237
	speed: 0.0118s/iter; left time: 319.0313s
	iters: 400, epoch: 9 | loss: 0.3290604
	speed: 0.0128s/iter; left time: 342.7428s
	iters: 500, epoch: 9 | loss: 0.5523317
	speed: 0.0127s/iter; left time: 339.1663s
	iters: 600, epoch: 9 | loss: 0.3032477
	speed: 0.0135s/iter; left time: 358.7260s
	iters: 700, epoch: 9 | loss: 0.4097494
	speed: 0.0147s/iter; left time: 389.8408s
	iters: 800, epoch: 9 | loss: 0.3648485
	speed: 0.0142s/iter; left time: 375.9930s
	iters: 900, epoch: 9 | loss: 0.8233849
	speed: 0.0138s/iter; left time: 364.1417s
	iters: 1000, epoch: 9 | loss: 0.2688097
	speed: 0.0142s/iter; left time: 371.9849s
	iters: 1100, epoch: 9 | loss: 0.2981448
	speed: 0.0146s/iter; left time: 383.1645s
	iters: 1200, epoch: 9 | loss: 0.3431506
	speed: 0.0154s/iter; left time: 400.9083s
	iters: 1300, epoch: 9 | loss: 0.5595843
	speed: 0.0155s/iter; left time: 402.5962s
	iters: 1400, epoch: 9 | loss: 0.3501805
	speed: 0.0131s/iter; left time: 338.0992s
	iters: 1500, epoch: 9 | loss: 0.4032701
	speed: 0.0142s/iter; left time: 365.5118s
	iters: 1600, epoch: 9 | loss: 0.3368779
	speed: 0.0139s/iter; left time: 357.2933s
	iters: 1700, epoch: 9 | loss: 0.3792298
	speed: 0.0146s/iter; left time: 373.4289s
	iters: 1800, epoch: 9 | loss: 0.4669329
	speed: 0.0158s/iter; left time: 403.3157s
	iters: 1900, epoch: 9 | loss: 0.3734090
	speed: 0.0148s/iter; left time: 375.2311s
	iters: 2000, epoch: 9 | loss: 0.7347829
	speed: 0.0133s/iter; left time: 337.0690s
	iters: 2100, epoch: 9 | loss: 0.3249232
	speed: 0.0147s/iter; left time: 370.2686s
	iters: 2200, epoch: 9 | loss: 0.3382450
	speed: 0.0147s/iter; left time: 369.0915s
Epoch: 9 cost time: 31.481126308441162
Epoch: 9, Steps: 2272 | Train Loss: 0.6135842 Vali Loss: 0.4485123 Test Loss: 0.1867628
EarlyStopping counter: 2 out of 5
Updating learning rate to 1.953125e-05
	iters: 100, epoch: 10 | loss: 1.3173666
	speed: 0.0541s/iter; left time: 1345.4690s
	iters: 200, epoch: 10 | loss: 0.3569779
	speed: 0.0122s/iter; left time: 301.3906s
	iters: 300, epoch: 10 | loss: 1.1371318
	speed: 0.0114s/iter; left time: 282.3621s
	iters: 400, epoch: 10 | loss: 1.3061534
	speed: 0.0128s/iter; left time: 313.8904s
	iters: 500, epoch: 10 | loss: 0.4529868
	speed: 0.0137s/iter; left time: 334.3859s
	iters: 600, epoch: 10 | loss: 0.2890627
	speed: 0.0134s/iter; left time: 326.9846s
	iters: 700, epoch: 10 | loss: 0.2540913
	speed: 0.0135s/iter; left time: 327.0090s
	iters: 800, epoch: 10 | loss: 0.4605733
	speed: 0.0142s/iter; left time: 342.8776s
	iters: 900, epoch: 10 | loss: 0.3399874
	speed: 0.0141s/iter; left time: 340.2964s
	iters: 1000, epoch: 10 | loss: 0.4394633
	speed: 0.0124s/iter; left time: 296.8031s
	iters: 1100, epoch: 10 | loss: 0.3681170
	speed: 0.0136s/iter; left time: 325.2276s
	iters: 1200, epoch: 10 | loss: 0.5212802
	speed: 0.0151s/iter; left time: 358.6561s
	iters: 1300, epoch: 10 | loss: 0.3440722
	speed: 0.0157s/iter; left time: 371.5891s
	iters: 1400, epoch: 10 | loss: 0.4289245
	speed: 0.0158s/iter; left time: 372.1255s
	iters: 1500, epoch: 10 | loss: 0.4001892
	speed: 0.0145s/iter; left time: 341.6602s
	iters: 1600, epoch: 10 | loss: 0.5037127
	speed: 0.0156s/iter; left time: 364.0212s
	iters: 1700, epoch: 10 | loss: 0.3234260
	speed: 0.0136s/iter; left time: 317.7529s
	iters: 1800, epoch: 10 | loss: 0.3145421
	speed: 0.0134s/iter; left time: 311.3795s
	iters: 1900, epoch: 10 | loss: 0.5208748
	speed: 0.0129s/iter; left time: 297.2450s
	iters: 2000, epoch: 10 | loss: 0.3130743
	speed: 0.0126s/iter; left time: 289.7796s
	iters: 2100, epoch: 10 | loss: 0.3299441
	speed: 0.0123s/iter; left time: 281.2311s
	iters: 2200, epoch: 10 | loss: 0.3283577
	speed: 0.0145s/iter; left time: 331.4997s
Epoch: 10 cost time: 30.879961729049683
Epoch: 10, Steps: 2272 | Train Loss: 0.6095630 Vali Loss: 0.4473133 Test Loss: 0.1862636
Validation loss decreased (0.447802 --> 0.447313).  Saving model ...
Updating learning rate to 9.765625e-06
	iters: 100, epoch: 11 | loss: 0.3889104
	speed: 0.0593s/iter; left time: 1342.3056s
	iters: 200, epoch: 11 | loss: 0.3220291
	speed: 0.0138s/iter; left time: 310.8269s
	iters: 300, epoch: 11 | loss: 0.4323606
	speed: 0.0151s/iter; left time: 337.7585s
	iters: 400, epoch: 11 | loss: 0.3770782
	speed: 0.0129s/iter; left time: 287.8051s
	iters: 500, epoch: 11 | loss: 0.2931199
	speed: 0.0133s/iter; left time: 295.7867s
	iters: 600, epoch: 11 | loss: 0.3009651
	speed: 0.0140s/iter; left time: 310.3089s
	iters: 700, epoch: 11 | loss: 0.3711630
	speed: 0.0114s/iter; left time: 251.4443s
	iters: 800, epoch: 11 | loss: 0.4375653
	speed: 0.0121s/iter; left time: 264.6175s
	iters: 900, epoch: 11 | loss: 0.2643850
	speed: 0.0130s/iter; left time: 283.9778s
	iters: 1000, epoch: 11 | loss: 0.3857837
	speed: 0.0128s/iter; left time: 278.1023s
	iters: 1100, epoch: 11 | loss: 0.4954896
	speed: 0.0145s/iter; left time: 313.0099s
	iters: 1200, epoch: 11 | loss: 0.3101238
	speed: 0.0151s/iter; left time: 324.2551s
	iters: 1300, epoch: 11 | loss: 0.3234890
	speed: 0.0158s/iter; left time: 339.5134s
	iters: 1400, epoch: 11 | loss: 1.2589250
	speed: 0.0143s/iter; left time: 304.6694s
	iters: 1500, epoch: 11 | loss: 0.3220178
	speed: 0.0136s/iter; left time: 287.5831s
	iters: 1600, epoch: 11 | loss: 0.3149157
	speed: 0.0137s/iter; left time: 288.6499s
	iters: 1700, epoch: 11 | loss: 0.3294869
	speed: 0.0133s/iter; left time: 279.0203s
	iters: 1800, epoch: 11 | loss: 0.2633054
	speed: 0.0137s/iter; left time: 286.2364s
	iters: 1900, epoch: 11 | loss: 0.5718870
	speed: 0.0140s/iter; left time: 291.3867s
	iters: 2000, epoch: 11 | loss: 0.2431718
	speed: 0.0130s/iter; left time: 269.6212s
	iters: 2100, epoch: 11 | loss: 0.3445847
	speed: 0.0143s/iter; left time: 294.8615s
	iters: 2200, epoch: 11 | loss: 0.3011745
	speed: 0.0133s/iter; left time: 272.2227s
Epoch: 11 cost time: 30.84865951538086
Epoch: 11, Steps: 2272 | Train Loss: 0.6074019 Vali Loss: 0.4477998 Test Loss: 0.1863958
EarlyStopping counter: 1 out of 5
Updating learning rate to 4.8828125e-06
	iters: 100, epoch: 12 | loss: 0.3707960
	speed: 0.0523s/iter; left time: 1065.0676s
	iters: 200, epoch: 12 | loss: 0.3673045
	speed: 0.0121s/iter; left time: 245.2733s
	iters: 300, epoch: 12 | loss: 1.2707186
	speed: 0.0141s/iter; left time: 284.1791s
	iters: 400, epoch: 12 | loss: 0.2947766
	speed: 0.0127s/iter; left time: 255.1842s
	iters: 500, epoch: 12 | loss: 0.8699191
	speed: 0.0121s/iter; left time: 241.0169s
	iters: 600, epoch: 12 | loss: 0.6569774
	speed: 0.0134s/iter; left time: 266.0212s
	iters: 700, epoch: 12 | loss: 0.2497353
	speed: 0.0131s/iter; left time: 258.6274s
	iters: 800, epoch: 12 | loss: 0.3117537
	speed: 0.0123s/iter; left time: 242.1069s
	iters: 900, epoch: 12 | loss: 0.2984410
	speed: 0.0124s/iter; left time: 242.0750s
	iters: 1000, epoch: 12 | loss: 1.3690151
	speed: 0.0128s/iter; left time: 248.6055s
	iters: 1100, epoch: 12 | loss: 0.3416726
	speed: 0.0136s/iter; left time: 263.7400s
	iters: 1200, epoch: 12 | loss: 0.2678446
	speed: 0.0134s/iter; left time: 258.5720s
	iters: 1300, epoch: 12 | loss: 0.3798382
	speed: 0.0158s/iter; left time: 302.6048s
	iters: 1400, epoch: 12 | loss: 0.5758208
	speed: 0.0136s/iter; left time: 259.6546s
	iters: 1500, epoch: 12 | loss: 0.4124610
	speed: 0.0139s/iter; left time: 262.8463s
	iters: 1600, epoch: 12 | loss: 0.2977854
	speed: 0.0132s/iter; left time: 249.6499s
	iters: 1700, epoch: 12 | loss: 0.2948762
	speed: 0.0135s/iter; left time: 253.8829s
	iters: 1800, epoch: 12 | loss: 0.3708958
	speed: 0.0128s/iter; left time: 238.9653s
	iters: 1900, epoch: 12 | loss: 0.2345736
	speed: 0.0110s/iter; left time: 203.5929s
	iters: 2000, epoch: 12 | loss: 0.2543751
	speed: 0.0116s/iter; left time: 213.3207s
	iters: 2100, epoch: 12 | loss: 0.5314861
	speed: 0.0127s/iter; left time: 233.8953s
	iters: 2200, epoch: 12 | loss: 0.5362994
	speed: 0.0120s/iter; left time: 218.2715s
Epoch: 12 cost time: 29.218165636062622
Epoch: 12, Steps: 2272 | Train Loss: 0.6067921 Vali Loss: 0.4475179 Test Loss: 0.1865484
EarlyStopping counter: 2 out of 5
Updating learning rate to 2.44140625e-06
	iters: 100, epoch: 13 | loss: 1.5667509
	speed: 0.0511s/iter; left time: 924.6091s
	iters: 200, epoch: 13 | loss: 0.4236087
	speed: 0.0116s/iter; left time: 208.6751s
	iters: 300, epoch: 13 | loss: 0.4776731
	speed: 0.0115s/iter; left time: 204.8198s
	iters: 400, epoch: 13 | loss: 1.4518319
	speed: 0.0115s/iter; left time: 203.5904s
	iters: 500, epoch: 13 | loss: 0.4967700
	speed: 0.0145s/iter; left time: 255.7269s
	iters: 600, epoch: 13 | loss: 0.4378498
	speed: 0.0137s/iter; left time: 240.5238s
	iters: 700, epoch: 13 | loss: 0.2619407
	speed: 0.0143s/iter; left time: 249.9649s
	iters: 800, epoch: 13 | loss: 0.2752813
	speed: 0.0162s/iter; left time: 281.1877s
	iters: 900, epoch: 13 | loss: 0.3429337
	speed: 0.0152s/iter; left time: 261.9437s
	iters: 1000, epoch: 13 | loss: 1.3360769
	speed: 0.0146s/iter; left time: 250.7005s
	iters: 1100, epoch: 13 | loss: 0.2525901
	speed: 0.0141s/iter; left time: 241.0060s
	iters: 1200, epoch: 13 | loss: 0.3450842
	speed: 0.0138s/iter; left time: 234.3113s
	iters: 1300, epoch: 13 | loss: 0.3418878
	speed: 0.0144s/iter; left time: 243.7962s
	iters: 1400, epoch: 13 | loss: 1.1648417
	speed: 0.0121s/iter; left time: 203.3678s
	iters: 1500, epoch: 13 | loss: 1.1626958
	speed: 0.0129s/iter; left time: 215.1856s
	iters: 1600, epoch: 13 | loss: 1.0482479
	speed: 0.0136s/iter; left time: 224.6928s
	iters: 1700, epoch: 13 | loss: 0.4343515
	speed: 0.0143s/iter; left time: 235.6591s
	iters: 1800, epoch: 13 | loss: 0.6599296
	speed: 0.0124s/iter; left time: 202.3018s
	iters: 1900, epoch: 13 | loss: 1.3572712
	speed: 0.0113s/iter; left time: 183.4774s
	iters: 2000, epoch: 13 | loss: 0.6192430
	speed: 0.0125s/iter; left time: 202.1374s
	iters: 2100, epoch: 13 | loss: 0.2581303
	speed: 0.0130s/iter; left time: 209.3542s
	iters: 2200, epoch: 13 | loss: 1.3822284
	speed: 0.0122s/iter; left time: 195.1026s
Epoch: 13 cost time: 30.068704843521118
Epoch: 13, Steps: 2272 | Train Loss: 0.6063411 Vali Loss: 0.4475023 Test Loss: 0.1866662
EarlyStopping counter: 3 out of 5
Updating learning rate to 1.220703125e-06
	iters: 100, epoch: 14 | loss: 1.4204657
	speed: 0.0558s/iter; left time: 882.3595s
	iters: 200, epoch: 14 | loss: 0.3450033
	speed: 0.0136s/iter; left time: 213.7682s
	iters: 300, epoch: 14 | loss: 0.4000923
	speed: 0.0131s/iter; left time: 203.8636s
	iters: 400, epoch: 14 | loss: 0.3870851
	speed: 0.0136s/iter; left time: 210.9726s
	iters: 500, epoch: 14 | loss: 0.3210129
	speed: 0.0133s/iter; left time: 205.3859s
	iters: 600, epoch: 14 | loss: 0.2921719
	speed: 0.0113s/iter; left time: 173.5941s
	iters: 700, epoch: 14 | loss: 0.2380620
	speed: 0.0109s/iter; left time: 165.3059s
	iters: 800, epoch: 14 | loss: 0.3354136
	speed: 0.0130s/iter; left time: 195.9644s
	iters: 900, epoch: 14 | loss: 0.3816915
	speed: 0.0135s/iter; left time: 202.8894s
	iters: 1000, epoch: 14 | loss: 0.3440056
	speed: 0.0133s/iter; left time: 198.8612s
	iters: 1100, epoch: 14 | loss: 0.2504147
	speed: 0.0104s/iter; left time: 153.7160s
	iters: 1200, epoch: 14 | loss: 0.3402925
	speed: 0.0148s/iter; left time: 218.1898s
	iters: 1300, epoch: 14 | loss: 0.4149267
	speed: 0.0146s/iter; left time: 213.2092s
	iters: 1400, epoch: 14 | loss: 0.4685627
	speed: 0.0128s/iter; left time: 185.0037s
	iters: 1500, epoch: 14 | loss: 0.4848982
	speed: 0.0148s/iter; left time: 212.9280s
	iters: 1600, epoch: 14 | loss: 0.2901567
	speed: 0.0142s/iter; left time: 203.0310s
	iters: 1700, epoch: 14 | loss: 0.4491050
	speed: 0.0155s/iter; left time: 220.0656s
	iters: 1800, epoch: 14 | loss: 0.4337784
	speed: 0.0134s/iter; left time: 189.4464s
	iters: 1900, epoch: 14 | loss: 0.4060187
	speed: 0.0128s/iter; left time: 179.6115s
	iters: 2000, epoch: 14 | loss: 2.1063650
	speed: 0.0148s/iter; left time: 206.0924s
	iters: 2100, epoch: 14 | loss: 0.9998267
	speed: 0.0132s/iter; left time: 182.6742s
	iters: 2200, epoch: 14 | loss: 0.3924752
	speed: 0.0136s/iter; left time: 185.9021s
Epoch: 14 cost time: 30.36076045036316
Epoch: 14, Steps: 2272 | Train Loss: 0.6060977 Vali Loss: 0.4471425 Test Loss: 0.1866610
Validation loss decreased (0.447313 --> 0.447142).  Saving model ...
Updating learning rate to 6.103515625e-07
	iters: 100, epoch: 15 | loss: 1.2628816
	speed: 0.0574s/iter; left time: 777.3862s
	iters: 200, epoch: 15 | loss: 0.2724621
	speed: 0.0121s/iter; left time: 162.5430s
	iters: 300, epoch: 15 | loss: 0.9171082
	speed: 0.0122s/iter; left time: 162.1733s
	iters: 400, epoch: 15 | loss: 0.4106948
	speed: 0.0127s/iter; left time: 167.9620s
	iters: 500, epoch: 15 | loss: 0.4281645
	speed: 0.0143s/iter; left time: 187.7487s
	iters: 600, epoch: 15 | loss: 0.8951179
	speed: 0.0117s/iter; left time: 152.9086s
	iters: 700, epoch: 15 | loss: 0.4410998
	speed: 0.0111s/iter; left time: 143.9490s
	iters: 800, epoch: 15 | loss: 1.1625001
	speed: 0.0145s/iter; left time: 185.9730s
	iters: 900, epoch: 15 | loss: 0.4340063
	speed: 0.0141s/iter; left time: 178.9706s
	iters: 1000, epoch: 15 | loss: 1.0082924
	speed: 0.0130s/iter; left time: 164.5234s
	iters: 1100, epoch: 15 | loss: 0.4307735
	speed: 0.0132s/iter; left time: 165.3324s
	iters: 1200, epoch: 15 | loss: 0.4251315
	speed: 0.0136s/iter; left time: 168.7899s
	iters: 1300, epoch: 15 | loss: 0.3073923
	speed: 0.0137s/iter; left time: 168.6121s
	iters: 1400, epoch: 15 | loss: 0.3251501
	speed: 0.0144s/iter; left time: 175.6657s
	iters: 1500, epoch: 15 | loss: 0.3316077
	speed: 0.0136s/iter; left time: 165.3881s
	iters: 1600, epoch: 15 | loss: 0.3529890
	speed: 0.0142s/iter; left time: 171.3621s
	iters: 1700, epoch: 15 | loss: 0.3417946
	speed: 0.0134s/iter; left time: 159.8287s
	iters: 1800, epoch: 15 | loss: 1.3369616
	speed: 0.0135s/iter; left time: 159.7140s
	iters: 1900, epoch: 15 | loss: 0.4139166
	speed: 0.0138s/iter; left time: 161.3516s
	iters: 2000, epoch: 15 | loss: 0.3051027
	speed: 0.0122s/iter; left time: 141.5091s
	iters: 2100, epoch: 15 | loss: 0.3109729
	speed: 0.0136s/iter; left time: 157.3160s
	iters: 2200, epoch: 15 | loss: 0.3384395
	speed: 0.0154s/iter; left time: 175.6927s
Epoch: 15 cost time: 30.309534072875977
Epoch: 15, Steps: 2272 | Train Loss: 0.6060083 Vali Loss: 0.4478545 Test Loss: 0.1865556
EarlyStopping counter: 1 out of 5
Updating learning rate to 3.0517578125e-07
	iters: 100, epoch: 16 | loss: 2.5213120
	speed: 0.0578s/iter; left time: 650.7398s
	iters: 200, epoch: 16 | loss: 0.2959946
	speed: 0.0124s/iter; left time: 138.5382s
	iters: 300, epoch: 16 | loss: 0.3809467
	speed: 0.0126s/iter; left time: 139.6307s
	iters: 400, epoch: 16 | loss: 1.1189058
	speed: 0.0123s/iter; left time: 134.7363s
	iters: 500, epoch: 16 | loss: 0.2722710
	speed: 0.0150s/iter; left time: 163.0855s
	iters: 600, epoch: 16 | loss: 0.3151315
	speed: 0.0143s/iter; left time: 153.4679s
	iters: 700, epoch: 16 | loss: 1.0581640
	speed: 0.0136s/iter; left time: 145.0215s
	iters: 800, epoch: 16 | loss: 0.3064713
	speed: 0.0127s/iter; left time: 133.9598s
	iters: 900, epoch: 16 | loss: 0.4886759
	speed: 0.0138s/iter; left time: 144.5212s
	iters: 1000, epoch: 16 | loss: 1.2681323
	speed: 0.0134s/iter; left time: 138.6954s
	iters: 1100, epoch: 16 | loss: 0.4615799
	speed: 0.0140s/iter; left time: 143.8313s
	iters: 1200, epoch: 16 | loss: 0.4143875
	speed: 0.0147s/iter; left time: 149.6979s
	iters: 1300, epoch: 16 | loss: 0.4098433
	speed: 0.0141s/iter; left time: 141.5233s
	iters: 1400, epoch: 16 | loss: 0.3204828
	speed: 0.0141s/iter; left time: 140.1098s
	iters: 1500, epoch: 16 | loss: 0.3661379
	speed: 0.0152s/iter; left time: 150.1390s
	iters: 1600, epoch: 16 | loss: 0.4688213
	speed: 0.0130s/iter; left time: 127.2181s
	iters: 1700, epoch: 16 | loss: 0.3775218
	speed: 0.0144s/iter; left time: 139.5317s
	iters: 1800, epoch: 16 | loss: 0.4298737
	speed: 0.0150s/iter; left time: 143.7688s
	iters: 1900, epoch: 16 | loss: 0.2950259
	speed: 0.0127s/iter; left time: 120.5173s
	iters: 2000, epoch: 16 | loss: 2.4689605
	speed: 0.0140s/iter; left time: 131.5122s
	iters: 2100, epoch: 16 | loss: 0.5778832
	speed: 0.0128s/iter; left time: 118.5939s
	iters: 2200, epoch: 16 | loss: 0.3594434
	speed: 0.0143s/iter; left time: 130.6568s
Epoch: 16 cost time: 31.184489011764526
Epoch: 16, Steps: 2272 | Train Loss: 0.6059267 Vali Loss: 0.4478280 Test Loss: 0.1865634
EarlyStopping counter: 2 out of 5
Updating learning rate to 1.52587890625e-07
	iters: 100, epoch: 17 | loss: 0.5014780
	speed: 0.0568s/iter; left time: 510.1519s
	iters: 200, epoch: 17 | loss: 0.3100962
	speed: 0.0123s/iter; left time: 109.2662s
	iters: 300, epoch: 17 | loss: 0.3942865
	speed: 0.0116s/iter; left time: 102.0417s
	iters: 400, epoch: 17 | loss: 0.4380830
	speed: 0.0122s/iter; left time: 106.0384s
	iters: 500, epoch: 17 | loss: 0.3303920
	speed: 0.0123s/iter; left time: 105.4827s
	iters: 600, epoch: 17 | loss: 0.4338368
	speed: 0.0128s/iter; left time: 108.4202s
	iters: 700, epoch: 17 | loss: 1.3089161
	speed: 0.0159s/iter; left time: 133.0134s
	iters: 800, epoch: 17 | loss: 0.3080237
	speed: 0.0118s/iter; left time: 97.9075s
	iters: 900, epoch: 17 | loss: 0.6539410
	speed: 0.0114s/iter; left time: 93.5336s
	iters: 1000, epoch: 17 | loss: 0.2833113
	speed: 0.0123s/iter; left time: 99.6746s
	iters: 1100, epoch: 17 | loss: 0.3514813
	speed: 0.0142s/iter; left time: 113.0838s
	iters: 1200, epoch: 17 | loss: 0.9267936
	speed: 0.0137s/iter; left time: 108.3348s
	iters: 1300, epoch: 17 | loss: 0.4898993
	speed: 0.0123s/iter; left time: 96.0000s
	iters: 1400, epoch: 17 | loss: 0.4098424
	speed: 0.0128s/iter; left time: 98.4348s
	iters: 1500, epoch: 17 | loss: 0.3940923
	speed: 0.0135s/iter; left time: 102.2099s
	iters: 1600, epoch: 17 | loss: 0.9612619
	speed: 0.0145s/iter; left time: 108.6181s
	iters: 1700, epoch: 17 | loss: 0.3308914
	speed: 0.0144s/iter; left time: 106.0533s
	iters: 1800, epoch: 17 | loss: 2.1168430
	speed: 0.0136s/iter; left time: 98.7767s
	iters: 1900, epoch: 17 | loss: 0.5087475
	speed: 0.0132s/iter; left time: 95.2307s
	iters: 2000, epoch: 17 | loss: 0.3511409
	speed: 0.0132s/iter; left time: 93.4639s
	iters: 2100, epoch: 17 | loss: 0.6735541
	speed: 0.0129s/iter; left time: 90.3759s
	iters: 2200, epoch: 17 | loss: 2.2987905
	speed: 0.0117s/iter; left time: 80.5465s
Epoch: 17 cost time: 29.461740255355835
Epoch: 17, Steps: 2272 | Train Loss: 0.6058687 Vali Loss: 0.4477751 Test Loss: 0.1865647
EarlyStopping counter: 3 out of 5
Updating learning rate to 7.62939453125e-08
	iters: 100, epoch: 18 | loss: 1.0633689
	speed: 0.0479s/iter; left time: 321.4262s
	iters: 200, epoch: 18 | loss: 0.2984794
	speed: 0.0128s/iter; left time: 85.0265s
	iters: 300, epoch: 18 | loss: 0.4572112
	speed: 0.0127s/iter; left time: 83.0581s
	iters: 400, epoch: 18 | loss: 0.3449218
	speed: 0.0125s/iter; left time: 80.2179s
	iters: 500, epoch: 18 | loss: 0.3118091
	speed: 0.0121s/iter; left time: 76.6399s
	iters: 600, epoch: 18 | loss: 0.3858624
	speed: 0.0133s/iter; left time: 82.4997s
	iters: 700, epoch: 18 | loss: 1.2839082
	speed: 0.0132s/iter; left time: 80.8878s
	iters: 800, epoch: 18 | loss: 1.1602957
	speed: 0.0134s/iter; left time: 80.6896s
	iters: 900, epoch: 18 | loss: 0.4535789
	speed: 0.0138s/iter; left time: 81.7198s
	iters: 1000, epoch: 18 | loss: 1.5702546
	speed: 0.0138s/iter; left time: 80.1268s
	iters: 1100, epoch: 18 | loss: 0.4422558
	speed: 0.0131s/iter; left time: 74.7294s
	iters: 1200, epoch: 18 | loss: 0.4471385
	speed: 0.0122s/iter; left time: 68.5355s
	iters: 1300, epoch: 18 | loss: 0.4700354
	speed: 0.0119s/iter; left time: 65.8347s
	iters: 1400, epoch: 18 | loss: 0.9213476
	speed: 0.0126s/iter; left time: 68.2670s
	iters: 1500, epoch: 18 | loss: 1.2544395
	speed: 0.0126s/iter; left time: 67.0506s
	iters: 1600, epoch: 18 | loss: 0.4813478
	speed: 0.0126s/iter; left time: 65.6910s
	iters: 1700, epoch: 18 | loss: 0.2702312
	speed: 0.0135s/iter; left time: 69.2512s
	iters: 1800, epoch: 18 | loss: 0.6570243
	speed: 0.0121s/iter; left time: 60.8070s
	iters: 1900, epoch: 18 | loss: 0.3607339
	speed: 0.0140s/iter; left time: 68.7959s
	iters: 2000, epoch: 18 | loss: 0.2802577
	speed: 0.0133s/iter; left time: 64.1681s
	iters: 2100, epoch: 18 | loss: 0.3505411
	speed: 0.0107s/iter; left time: 50.6844s
	iters: 2200, epoch: 18 | loss: 0.4438296
	speed: 0.0109s/iter; left time: 50.4781s
Epoch: 18 cost time: 28.646482229232788
Epoch: 18, Steps: 2272 | Train Loss: 0.6058671 Vali Loss: 0.4473130 Test Loss: 0.1865647
EarlyStopping counter: 4 out of 5
Updating learning rate to 3.814697265625e-08
	iters: 100, epoch: 19 | loss: 0.2973633
	speed: 0.0468s/iter; left time: 207.9764s
	iters: 200, epoch: 19 | loss: 0.3232935
	speed: 0.0124s/iter; left time: 53.8897s
	iters: 300, epoch: 19 | loss: 0.6820084
	speed: 0.0116s/iter; left time: 49.1268s
	iters: 400, epoch: 19 | loss: 0.5879905
	speed: 0.0124s/iter; left time: 51.4513s
	iters: 500, epoch: 19 | loss: 0.3034527
	speed: 0.0124s/iter; left time: 50.0778s
	iters: 600, epoch: 19 | loss: 0.4138315
	speed: 0.0118s/iter; left time: 46.5962s
	iters: 700, epoch: 19 | loss: 0.3418930
	speed: 0.0125s/iter; left time: 48.0872s
	iters: 800, epoch: 19 | loss: 0.3362263
	speed: 0.0136s/iter; left time: 51.0848s
	iters: 900, epoch: 19 | loss: 0.4074316
	speed: 0.0127s/iter; left time: 46.2968s
	iters: 1000, epoch: 19 | loss: 0.5763631
	speed: 0.0132s/iter; left time: 46.7990s
	iters: 1100, epoch: 19 | loss: 0.4656165
	speed: 0.0124s/iter; left time: 42.7371s
	iters: 1200, epoch: 19 | loss: 1.5806005
	speed: 0.0122s/iter; left time: 40.9460s
	iters: 1300, epoch: 19 | loss: 2.5870051
	speed: 0.0122s/iter; left time: 39.5623s
	iters: 1400, epoch: 19 | loss: 0.2633482
	speed: 0.0122s/iter; left time: 38.4730s
	iters: 1500, epoch: 19 | loss: 0.2532773
	speed: 0.0121s/iter; left time: 36.8196s
	iters: 1600, epoch: 19 | loss: 0.3233640
	speed: 0.0126s/iter; left time: 37.0372s
	iters: 1700, epoch: 19 | loss: 0.2496385
	speed: 0.0129s/iter; left time: 36.8134s
	iters: 1800, epoch: 19 | loss: 0.2278401
	speed: 0.0129s/iter; left time: 35.4801s
	iters: 1900, epoch: 19 | loss: 0.3919540
	speed: 0.0131s/iter; left time: 34.7567s
	iters: 2000, epoch: 19 | loss: 1.1888026
	speed: 0.0129s/iter; left time: 32.9396s
	iters: 2100, epoch: 19 | loss: 0.2567243
	speed: 0.0130s/iter; left time: 31.8447s
	iters: 2200, epoch: 19 | loss: 0.3308825
	speed: 0.0128s/iter; left time: 29.9761s
Epoch: 19 cost time: 28.429752111434937
Epoch: 19, Steps: 2272 | Train Loss: 0.6058843 Vali Loss: 0.4476779 Test Loss: 0.1865646
EarlyStopping counter: 5 out of 5
Early stopping
>>>>>>>testing : weather_336_192_NLinear_custom_ftM_sl336_ll48_pl192_dm512_nh8_el2_dl1_df2048_fc1_ebtimeF_dtTrue_Exp_0_seed15349<<<<<<<<<<<<<<<<<<<<<<<<<<<<<<<<<
test 10348
mse:0.18670859932899475, mae:0.236080601811409
