Args in experiment:
Namespace(activation='gelu', batch_size=8, c_out=7, checkpoints='./checkpoints/', d_ff=2048, d_layers=1, d_model=512, data='ETTm1', data_path='ETTm1.csv', dec_in=7, des='Exp', devices='0,1,2,3', distil=True, do_predict=False, dropout=0.05, e_layers=2, embed='timeF', embed_type=0, enc_in=7, factor=1, features='M', freq='h', gpu=0, individual=True, is_training=1, itr=1, label_len=48, learning_rate=0.005, loss='mse', lradj='type1', model='NLinear', model_id='ETTm1_336_96', moving_avg=25, n_heads=8, num_workers=0, output_attention=False, patience=5, pred_len=96, root_path='./dataset/', save_pred_values=False, seed=15349, seq_len=336, target='OT', test_flop=False, train_epochs=20, train_only=False, use_amp=False, use_gpu=False, use_multi_gpu=False)
Use CPU
>>>>>>>start training : ETTm1_336_96_NLinear_ETTm1_ftM_sl336_ll48_pl96_dm512_nh8_el2_dl1_df2048_fc1_ebtimeF_dtTrue_Exp_0_seed15349>>>>>>>>>>>>>>>>>>>>>>>>>>
train 34129
val 11425
test 11425
	iters: 100, epoch: 1 | loss: 0.4175678
	speed: 0.0026s/iter; left time: 219.9124s
	iters: 200, epoch: 1 | loss: 0.5144843
	speed: 0.0024s/iter; left time: 205.1418s
	iters: 300, epoch: 1 | loss: 0.3458500
	speed: 0.0024s/iter; left time: 205.1580s
	iters: 400, epoch: 1 | loss: 0.3398630
	speed: 0.0024s/iter; left time: 203.8102s
	iters: 500, epoch: 1 | loss: 0.5013062
	speed: 0.0024s/iter; left time: 203.5708s
	iters: 600, epoch: 1 | loss: 0.2892463
	speed: 0.0024s/iter; left time: 205.0643s
	iters: 700, epoch: 1 | loss: 0.5191748
	speed: 0.0024s/iter; left time: 203.3061s
	iters: 800, epoch: 1 | loss: 1.5506674
	speed: 0.0030s/iter; left time: 254.4115s
	iters: 900, epoch: 1 | loss: 0.3330849
	speed: 0.0029s/iter; left time: 244.8199s
	iters: 1000, epoch: 1 | loss: 0.3279859
	speed: 0.0029s/iter; left time: 245.5863s
	iters: 1100, epoch: 1 | loss: 0.3751997
	speed: 0.0029s/iter; left time: 245.1342s
	iters: 1200, epoch: 1 | loss: 0.3057862
	speed: 0.0031s/iter; left time: 259.9329s
	iters: 1300, epoch: 1 | loss: 0.4335401
	speed: 0.0032s/iter; left time: 270.5470s
	iters: 1400, epoch: 1 | loss: 0.5550950
	speed: 0.0031s/iter; left time: 261.9886s
	iters: 1500, epoch: 1 | loss: 0.4245624
	speed: 0.0025s/iter; left time: 208.7132s
	iters: 1600, epoch: 1 | loss: 0.3451506
	speed: 0.0025s/iter; left time: 207.6681s
	iters: 1700, epoch: 1 | loss: 0.2559680
	speed: 0.0025s/iter; left time: 209.3053s
	iters: 1800, epoch: 1 | loss: 0.3622734
	speed: 0.0029s/iter; left time: 241.3755s
	iters: 1900, epoch: 1 | loss: 0.3043885
	speed: 0.0028s/iter; left time: 237.7342s
	iters: 2000, epoch: 1 | loss: 0.3425997
	speed: 0.0029s/iter; left time: 241.6307s
	iters: 2100, epoch: 1 | loss: 0.5155112
	speed: 0.0029s/iter; left time: 240.6960s
	iters: 2200, epoch: 1 | loss: 0.7691763
	speed: 0.0033s/iter; left time: 271.8058s
	iters: 2300, epoch: 1 | loss: 0.3575310
	speed: 0.0032s/iter; left time: 263.1767s
	iters: 2400, epoch: 1 | loss: 0.3016170
	speed: 0.0032s/iter; left time: 263.8345s
	iters: 2500, epoch: 1 | loss: 0.4300207
	speed: 0.0028s/iter; left time: 235.2586s
	iters: 2600, epoch: 1 | loss: 0.4210213
	speed: 0.0026s/iter; left time: 218.3836s
	iters: 2700, epoch: 1 | loss: 0.4342059
	speed: 0.0028s/iter; left time: 228.8595s
	iters: 2800, epoch: 1 | loss: 0.5272287
	speed: 0.0028s/iter; left time: 234.5006s
	iters: 2900, epoch: 1 | loss: 0.4092009
	speed: 0.0029s/iter; left time: 243.1416s
	iters: 3000, epoch: 1 | loss: 0.3198044
	speed: 0.0030s/iter; left time: 246.1906s
	iters: 3100, epoch: 1 | loss: 0.3481946
	speed: 0.0030s/iter; left time: 245.2033s
	iters: 3200, epoch: 1 | loss: 0.3885149
	speed: 0.0032s/iter; left time: 261.1450s
	iters: 3300, epoch: 1 | loss: 0.6165516
	speed: 0.0034s/iter; left time: 278.0506s
	iters: 3400, epoch: 1 | loss: 0.3128139
	speed: 0.0034s/iter; left time: 280.4689s
	iters: 3500, epoch: 1 | loss: 0.4477922
	speed: 0.0031s/iter; left time: 256.9182s
	iters: 3600, epoch: 1 | loss: 0.5318496
	speed: 0.0027s/iter; left time: 218.3201s
	iters: 3700, epoch: 1 | loss: 0.5467637
	speed: 0.0025s/iter; left time: 207.3165s
	iters: 3800, epoch: 1 | loss: 0.3558744
	speed: 0.0026s/iter; left time: 215.3602s
	iters: 3900, epoch: 1 | loss: 0.6061835
	speed: 0.0029s/iter; left time: 233.7155s
	iters: 4000, epoch: 1 | loss: 0.2907295
	speed: 0.0029s/iter; left time: 235.8311s
	iters: 4100, epoch: 1 | loss: 0.3759150
	speed: 0.0033s/iter; left time: 266.5953s
	iters: 4200, epoch: 1 | loss: 0.4082941
	speed: 0.0031s/iter; left time: 249.8524s
Epoch: 1 cost time: 12.187370538711548
Epoch: 1, Steps: 4266 | Train Loss: 0.4454559 Vali Loss: 0.7609004 Test Loss: 0.6168880
Validation loss decreased (inf --> 0.760900).  Saving model ...
Updating learning rate to 0.005
	iters: 100, epoch: 2 | loss: 0.4824154
	speed: 0.0243s/iter; left time: 1970.9068s
	iters: 200, epoch: 2 | loss: 0.3399872
	speed: 0.0028s/iter; left time: 229.7606s
	iters: 300, epoch: 2 | loss: 0.5107673
	speed: 0.0025s/iter; left time: 202.6950s
	iters: 400, epoch: 2 | loss: 0.3003190
	speed: 0.0024s/iter; left time: 196.0421s
	iters: 500, epoch: 2 | loss: 0.3966225
	speed: 0.0026s/iter; left time: 211.8587s
	iters: 600, epoch: 2 | loss: 0.3666983
	speed: 0.0030s/iter; left time: 239.0760s
	iters: 700, epoch: 2 | loss: 0.5686181
	speed: 0.0029s/iter; left time: 232.2262s
	iters: 800, epoch: 2 | loss: 0.4336630
	speed: 0.0029s/iter; left time: 229.5293s
	iters: 900, epoch: 2 | loss: 0.4768263
	speed: 0.0029s/iter; left time: 231.9138s
	iters: 1000, epoch: 2 | loss: 0.2908413
	speed: 0.0028s/iter; left time: 222.5522s
	iters: 1100, epoch: 2 | loss: 0.3537368
	speed: 0.0024s/iter; left time: 190.2938s
	iters: 1200, epoch: 2 | loss: 0.5279578
	speed: 0.0025s/iter; left time: 196.4424s
	iters: 1300, epoch: 2 | loss: 0.3234396
	speed: 0.0025s/iter; left time: 196.3839s
	iters: 1400, epoch: 2 | loss: 0.4657287
	speed: 0.0024s/iter; left time: 192.0179s
	iters: 1500, epoch: 2 | loss: 0.8324741
	speed: 0.0024s/iter; left time: 190.1358s
	iters: 1600, epoch: 2 | loss: 0.3775208
	speed: 0.0023s/iter; left time: 180.3630s
	iters: 1700, epoch: 2 | loss: 0.4850341
	speed: 0.0025s/iter; left time: 194.5674s
	iters: 1800, epoch: 2 | loss: 0.3021333
	speed: 0.0031s/iter; left time: 244.1057s
	iters: 1900, epoch: 2 | loss: 0.4320904
	speed: 0.0032s/iter; left time: 252.5490s
	iters: 2000, epoch: 2 | loss: 0.3287143
	speed: 0.0032s/iter; left time: 250.6043s
	iters: 2100, epoch: 2 | loss: 0.4453666
	speed: 0.0026s/iter; left time: 207.8734s
	iters: 2200, epoch: 2 | loss: 0.3530474
	speed: 0.0028s/iter; left time: 216.8513s
	iters: 2300, epoch: 2 | loss: 0.3668868
	speed: 0.0029s/iter; left time: 224.5401s
	iters: 2400, epoch: 2 | loss: 0.2716248
	speed: 0.0028s/iter; left time: 217.2918s
	iters: 2500, epoch: 2 | loss: 0.3972701
	speed: 0.0028s/iter; left time: 217.5975s
	iters: 2600, epoch: 2 | loss: 0.3744976
	speed: 0.0027s/iter; left time: 214.9663s
	iters: 2700, epoch: 2 | loss: 0.3685807
	speed: 0.0031s/iter; left time: 240.5511s
	iters: 2800, epoch: 2 | loss: 1.0492620
	speed: 0.0031s/iter; left time: 241.8828s
	iters: 2900, epoch: 2 | loss: 0.4273713
	speed: 0.0031s/iter; left time: 239.9363s
	iters: 3000, epoch: 2 | loss: 0.4536532
	speed: 0.0033s/iter; left time: 256.0197s
	iters: 3100, epoch: 2 | loss: 0.2509667
	speed: 0.0031s/iter; left time: 243.3447s
	iters: 3200, epoch: 2 | loss: 0.4185311
	speed: 0.0028s/iter; left time: 217.2170s
	iters: 3300, epoch: 2 | loss: 0.3468273
	speed: 0.0029s/iter; left time: 221.6474s
	iters: 3400, epoch: 2 | loss: 0.3972239
	speed: 0.0029s/iter; left time: 221.4683s
	iters: 3500, epoch: 2 | loss: 0.5394669
	speed: 0.0028s/iter; left time: 221.0313s
	iters: 3600, epoch: 2 | loss: 0.8295227
	speed: 0.0031s/iter; left time: 240.8855s
	iters: 3700, epoch: 2 | loss: 0.3828984
	speed: 0.0030s/iter; left time: 228.1975s
	iters: 3800, epoch: 2 | loss: 0.5090102
	speed: 0.0030s/iter; left time: 229.6503s
	iters: 3900, epoch: 2 | loss: 0.6596545
	speed: 0.0029s/iter; left time: 222.2061s
	iters: 4000, epoch: 2 | loss: 0.3287203
	speed: 0.0029s/iter; left time: 225.7719s
	iters: 4100, epoch: 2 | loss: 0.3909317
	speed: 0.0030s/iter; left time: 227.9343s
	iters: 4200, epoch: 2 | loss: 0.2996020
	speed: 0.0027s/iter; left time: 205.9698s
Epoch: 2 cost time: 11.971922159194946
Epoch: 2, Steps: 4266 | Train Loss: 0.4370946 Vali Loss: 0.6332213 Test Loss: 0.5183895
Validation loss decreased (0.760900 --> 0.633221).  Saving model ...
Updating learning rate to 0.0025
	iters: 100, epoch: 3 | loss: 0.3364488
	speed: 0.0247s/iter; left time: 1892.3230s
	iters: 200, epoch: 3 | loss: 0.2491678
	speed: 0.0033s/iter; left time: 249.1725s
	iters: 300, epoch: 3 | loss: 0.2854985
	speed: 0.0032s/iter; left time: 240.9404s
	iters: 400, epoch: 3 | loss: 0.2777926
	speed: 0.0022s/iter; left time: 165.0001s
	iters: 500, epoch: 3 | loss: 0.2553878
	speed: 0.0022s/iter; left time: 167.8365s
	iters: 600, epoch: 3 | loss: 0.2494983
	speed: 0.0027s/iter; left time: 205.8892s
	iters: 700, epoch: 3 | loss: 0.4056330
	speed: 0.0029s/iter; left time: 220.0932s
	iters: 800, epoch: 3 | loss: 0.2966121
	speed: 0.0023s/iter; left time: 172.4996s
	iters: 900, epoch: 3 | loss: 0.3388278
	speed: 0.0022s/iter; left time: 169.2327s
	iters: 1000, epoch: 3 | loss: 0.4959543
	speed: 0.0028s/iter; left time: 213.8450s
	iters: 1100, epoch: 3 | loss: 0.2483391
	speed: 0.0032s/iter; left time: 243.7179s
	iters: 1200, epoch: 3 | loss: 0.2873591
	speed: 0.0031s/iter; left time: 232.8145s
	iters: 1300, epoch: 3 | loss: 0.3698344
	speed: 0.0026s/iter; left time: 192.7323s
	iters: 1400, epoch: 3 | loss: 0.2917023
	speed: 0.0030s/iter; left time: 226.9212s
	iters: 1500, epoch: 3 | loss: 0.6800435
	speed: 0.0024s/iter; left time: 177.6828s
	iters: 1600, epoch: 3 | loss: 0.3699876
	speed: 0.0023s/iter; left time: 175.1908s
	iters: 1700, epoch: 3 | loss: 0.1808826
	speed: 0.0026s/iter; left time: 194.6614s
	iters: 1800, epoch: 3 | loss: 0.4347781
	speed: 0.0027s/iter; left time: 203.2634s
	iters: 1900, epoch: 3 | loss: 0.2480919
	speed: 0.0031s/iter; left time: 232.9042s
	iters: 2000, epoch: 3 | loss: 0.3266062
	speed: 0.0032s/iter; left time: 241.7025s
	iters: 2100, epoch: 3 | loss: 0.5919061
	speed: 0.0028s/iter; left time: 209.8762s
	iters: 2200, epoch: 3 | loss: 0.2881177
	speed: 0.0027s/iter; left time: 200.6903s
	iters: 2300, epoch: 3 | loss: 0.4229549
	speed: 0.0026s/iter; left time: 194.4169s
	iters: 2400, epoch: 3 | loss: 0.4493550
	speed: 0.0027s/iter; left time: 204.0828s
	iters: 2500, epoch: 3 | loss: 0.2614906
	speed: 0.0028s/iter; left time: 210.2386s
	iters: 2600, epoch: 3 | loss: 0.2486400
	speed: 0.0026s/iter; left time: 195.1861s
	iters: 2700, epoch: 3 | loss: 0.2451678
	speed: 0.0032s/iter; left time: 239.4975s
	iters: 2800, epoch: 3 | loss: 0.5632227
	speed: 0.0028s/iter; left time: 208.6515s
	iters: 2900, epoch: 3 | loss: 0.3119854
	speed: 0.0030s/iter; left time: 220.9265s
	iters: 3000, epoch: 3 | loss: 0.2050546
	speed: 0.0027s/iter; left time: 195.5416s
	iters: 3100, epoch: 3 | loss: 0.4155180
	speed: 0.0025s/iter; left time: 185.8365s
	iters: 3200, epoch: 3 | loss: 0.3624676
	speed: 0.0027s/iter; left time: 199.4726s
	iters: 3300, epoch: 3 | loss: 0.3581828
	speed: 0.0030s/iter; left time: 223.4063s
	iters: 3400, epoch: 3 | loss: 0.3055430
	speed: 0.0030s/iter; left time: 220.1659s
	iters: 3500, epoch: 3 | loss: 0.2521246
	speed: 0.0024s/iter; left time: 179.0245s
	iters: 3600, epoch: 3 | loss: 0.2988678
	speed: 0.0026s/iter; left time: 190.2910s
	iters: 3700, epoch: 3 | loss: 0.2269545
	speed: 0.0026s/iter; left time: 189.3429s
	iters: 3800, epoch: 3 | loss: 0.2470074
	speed: 0.0026s/iter; left time: 190.5007s
	iters: 3900, epoch: 3 | loss: 0.3051464
	speed: 0.0032s/iter; left time: 229.8185s
	iters: 4000, epoch: 3 | loss: 0.2637964
	speed: 0.0033s/iter; left time: 242.3882s
	iters: 4100, epoch: 3 | loss: 0.2629367
	speed: 0.0033s/iter; left time: 240.5998s
	iters: 4200, epoch: 3 | loss: 0.2798159
	speed: 0.0032s/iter; left time: 232.4502s
Epoch: 3 cost time: 11.91965365409851
Epoch: 3, Steps: 4266 | Train Loss: 0.3243504 Vali Loss: 0.4788923 Test Loss: 0.3758311
Validation loss decreased (0.633221 --> 0.478892).  Saving model ...
Updating learning rate to 0.00125
	iters: 100, epoch: 4 | loss: 0.2158229
	speed: 0.0272s/iter; left time: 1967.6336s
	iters: 200, epoch: 4 | loss: 0.3109557
	speed: 0.0030s/iter; left time: 219.8618s
	iters: 300, epoch: 4 | loss: 0.3337891
	speed: 0.0028s/iter; left time: 205.1140s
	iters: 400, epoch: 4 | loss: 0.3748106
	speed: 0.0028s/iter; left time: 199.7802s
	iters: 500, epoch: 4 | loss: 0.2583188
	speed: 0.0026s/iter; left time: 188.1361s
	iters: 600, epoch: 4 | loss: 0.2429305
	speed: 0.0028s/iter; left time: 203.5419s
	iters: 700, epoch: 4 | loss: 0.1965041
	speed: 0.0026s/iter; left time: 186.7405s
	iters: 800, epoch: 4 | loss: 0.2429051
	speed: 0.0026s/iter; left time: 187.1968s
	iters: 900, epoch: 4 | loss: 0.2191035
	speed: 0.0026s/iter; left time: 183.4789s
	iters: 1000, epoch: 4 | loss: 0.2673634
	speed: 0.0024s/iter; left time: 174.5164s
	iters: 1100, epoch: 4 | loss: 0.2861064
	speed: 0.0031s/iter; left time: 222.1678s
	iters: 1200, epoch: 4 | loss: 0.1839854
	speed: 0.0031s/iter; left time: 217.7474s
	iters: 1300, epoch: 4 | loss: 0.3082859
	speed: 0.0027s/iter; left time: 190.1645s
	iters: 1400, epoch: 4 | loss: 0.3114190
	speed: 0.0031s/iter; left time: 216.9266s
	iters: 1500, epoch: 4 | loss: 0.2151320
	speed: 0.0030s/iter; left time: 213.8176s
	iters: 1600, epoch: 4 | loss: 0.3052041
	speed: 0.0026s/iter; left time: 183.1137s
	iters: 1700, epoch: 4 | loss: 0.2278316
	speed: 0.0023s/iter; left time: 162.8933s
	iters: 1800, epoch: 4 | loss: 0.2390024
	speed: 0.0031s/iter; left time: 217.8264s
	iters: 1900, epoch: 4 | loss: 0.2532821
	speed: 0.0031s/iter; left time: 221.8747s
	iters: 2000, epoch: 4 | loss: 0.2949906
	speed: 0.0032s/iter; left time: 227.1182s
	iters: 2100, epoch: 4 | loss: 0.3014617
	speed: 0.0025s/iter; left time: 178.1699s
	iters: 2200, epoch: 4 | loss: 0.2042090
	speed: 0.0023s/iter; left time: 163.1513s
	iters: 2300, epoch: 4 | loss: 0.2143293
	speed: 0.0024s/iter; left time: 168.0452s
	iters: 2400, epoch: 4 | loss: 0.3621057
	speed: 0.0028s/iter; left time: 194.9420s
	iters: 2500, epoch: 4 | loss: 0.3202878
	speed: 0.0031s/iter; left time: 216.4031s
	iters: 2600, epoch: 4 | loss: 0.3546210
	speed: 0.0033s/iter; left time: 231.6626s
	iters: 2700, epoch: 4 | loss: 0.2542511
	speed: 0.0032s/iter; left time: 220.6420s
	iters: 2800, epoch: 4 | loss: 0.4136453
	speed: 0.0030s/iter; left time: 209.8656s
	iters: 2900, epoch: 4 | loss: 0.2943886
	speed: 0.0030s/iter; left time: 206.1790s
	iters: 3000, epoch: 4 | loss: 0.2939930
	speed: 0.0030s/iter; left time: 210.7679s
	iters: 3100, epoch: 4 | loss: 0.3387553
	speed: 0.0032s/iter; left time: 220.7645s
	iters: 3200, epoch: 4 | loss: 0.2586414
	speed: 0.0032s/iter; left time: 223.9136s
	iters: 3300, epoch: 4 | loss: 0.3626968
	speed: 0.0032s/iter; left time: 222.3279s
	iters: 3400, epoch: 4 | loss: 0.1925613
	speed: 0.0030s/iter; left time: 209.4872s
	iters: 3500, epoch: 4 | loss: 0.2570431
	speed: 0.0029s/iter; left time: 200.1660s
	iters: 3600, epoch: 4 | loss: 0.2202394
	speed: 0.0029s/iter; left time: 201.4139s
	iters: 3700, epoch: 4 | loss: 0.2817334
	speed: 0.0030s/iter; left time: 205.7796s
	iters: 3800, epoch: 4 | loss: 0.2452286
	speed: 0.0032s/iter; left time: 217.8846s
	iters: 3900, epoch: 4 | loss: 0.2208791
	speed: 0.0024s/iter; left time: 168.1258s
	iters: 4000, epoch: 4 | loss: 0.2110235
	speed: 0.0027s/iter; left time: 185.8938s
	iters: 4100, epoch: 4 | loss: 0.3157217
	speed: 0.0026s/iter; left time: 177.2156s
	iters: 4200, epoch: 4 | loss: 0.3006026
	speed: 0.0029s/iter; left time: 200.1844s
Epoch: 4 cost time: 12.291196346282959
Epoch: 4, Steps: 4266 | Train Loss: 0.2858428 Vali Loss: 0.4215242 Test Loss: 0.3416813
Validation loss decreased (0.478892 --> 0.421524).  Saving model ...
Updating learning rate to 0.000625
	iters: 100, epoch: 5 | loss: 0.2641568
	speed: 0.0228s/iter; left time: 1555.5857s
	iters: 200, epoch: 5 | loss: 0.3941598
	speed: 0.0032s/iter; left time: 216.4210s
	iters: 300, epoch: 5 | loss: 0.1952848
	speed: 0.0033s/iter; left time: 220.8608s
	iters: 400, epoch: 5 | loss: 0.3302385
	speed: 0.0028s/iter; left time: 187.3015s
	iters: 500, epoch: 5 | loss: 0.2181116
	speed: 0.0027s/iter; left time: 183.7132s
	iters: 600, epoch: 5 | loss: 0.1929783
	speed: 0.0029s/iter; left time: 196.2054s
	iters: 700, epoch: 5 | loss: 0.2472496
	speed: 0.0028s/iter; left time: 188.4841s
	iters: 800, epoch: 5 | loss: 0.2657069
	speed: 0.0026s/iter; left time: 176.9132s
	iters: 900, epoch: 5 | loss: 0.2517059
	speed: 0.0027s/iter; left time: 181.2233s
	iters: 1000, epoch: 5 | loss: 0.2548587
	speed: 0.0030s/iter; left time: 202.3927s
	iters: 1100, epoch: 5 | loss: 0.2508102
	speed: 0.0031s/iter; left time: 205.5007s
	iters: 1200, epoch: 5 | loss: 0.1823729
	speed: 0.0028s/iter; left time: 189.2332s
	iters: 1300, epoch: 5 | loss: 0.1646186
	speed: 0.0032s/iter; left time: 210.9548s
	iters: 1400, epoch: 5 | loss: 0.2295347
	speed: 0.0031s/iter; left time: 209.2629s
	iters: 1500, epoch: 5 | loss: 0.1983283
	speed: 0.0026s/iter; left time: 171.7404s
	iters: 1600, epoch: 5 | loss: 0.4871085
	speed: 0.0026s/iter; left time: 171.3094s
	iters: 1700, epoch: 5 | loss: 0.3745938
	speed: 0.0027s/iter; left time: 182.3661s
	iters: 1800, epoch: 5 | loss: 0.2692122
	speed: 0.0025s/iter; left time: 164.1890s
	iters: 1900, epoch: 5 | loss: 0.3141431
	speed: 0.0024s/iter; left time: 157.4099s
	iters: 2000, epoch: 5 | loss: 0.2355100
	speed: 0.0026s/iter; left time: 174.2556s
	iters: 2100, epoch: 5 | loss: 0.2498211
	speed: 0.0029s/iter; left time: 190.5322s
	iters: 2200, epoch: 5 | loss: 0.1424153
	speed: 0.0029s/iter; left time: 190.2450s
	iters: 2300, epoch: 5 | loss: 0.2214170
	speed: 0.0025s/iter; left time: 165.7771s
	iters: 2400, epoch: 5 | loss: 0.3499531
	speed: 0.0026s/iter; left time: 171.2337s
	iters: 2500, epoch: 5 | loss: 0.1778576
	speed: 0.0026s/iter; left time: 173.5981s
	iters: 2600, epoch: 5 | loss: 0.2004739
	speed: 0.0027s/iter; left time: 178.0439s
	iters: 2700, epoch: 5 | loss: 0.1856176
	speed: 0.0028s/iter; left time: 182.2471s
	iters: 2800, epoch: 5 | loss: 0.2182996
	speed: 0.0030s/iter; left time: 198.3676s
	iters: 2900, epoch: 5 | loss: 0.3464924
	speed: 0.0029s/iter; left time: 189.5361s
	iters: 3000, epoch: 5 | loss: 0.2640492
	speed: 0.0025s/iter; left time: 165.8651s
	iters: 3100, epoch: 5 | loss: 0.2867948
	speed: 0.0027s/iter; left time: 175.9247s
	iters: 3200, epoch: 5 | loss: 0.3589588
	speed: 0.0029s/iter; left time: 191.2553s
	iters: 3300, epoch: 5 | loss: 0.4070496
	speed: 0.0025s/iter; left time: 163.6902s
	iters: 3400, epoch: 5 | loss: 0.2352481
	speed: 0.0028s/iter; left time: 179.1781s
	iters: 3500, epoch: 5 | loss: 0.2658556
	speed: 0.0026s/iter; left time: 167.0730s
	iters: 3600, epoch: 5 | loss: 0.2856351
	speed: 0.0026s/iter; left time: 167.4620s
	iters: 3700, epoch: 5 | loss: 0.2764367
	speed: 0.0029s/iter; left time: 187.9778s
	iters: 3800, epoch: 5 | loss: 0.1904396
	speed: 0.0025s/iter; left time: 160.4986s
	iters: 3900, epoch: 5 | loss: 0.2486192
	speed: 0.0026s/iter; left time: 169.2902s
	iters: 4000, epoch: 5 | loss: 0.1735266
	speed: 0.0026s/iter; left time: 168.3531s
	iters: 4100, epoch: 5 | loss: 0.2284089
	speed: 0.0027s/iter; left time: 173.3277s
	iters: 4200, epoch: 5 | loss: 0.2052331
	speed: 0.0027s/iter; left time: 171.6719s
Epoch: 5 cost time: 11.796733140945435
Epoch: 5, Steps: 4266 | Train Loss: 0.2672945 Vali Loss: 0.4022238 Test Loss: 0.3112004
Validation loss decreased (0.421524 --> 0.402224).  Saving model ...
Updating learning rate to 0.0003125
	iters: 100, epoch: 6 | loss: 0.2627661
	speed: 0.0205s/iter; left time: 1310.7026s
	iters: 200, epoch: 6 | loss: 0.3596848
	speed: 0.0027s/iter; left time: 175.4252s
	iters: 300, epoch: 6 | loss: 0.2188201
	speed: 0.0030s/iter; left time: 193.7024s
	iters: 400, epoch: 6 | loss: 0.1761079
	speed: 0.0028s/iter; left time: 179.4983s
	iters: 500, epoch: 6 | loss: 0.3130574
	speed: 0.0028s/iter; left time: 174.6300s
	iters: 600, epoch: 6 | loss: 0.2157271
	speed: 0.0031s/iter; left time: 193.3427s
	iters: 700, epoch: 6 | loss: 0.2298310
	speed: 0.0029s/iter; left time: 180.5336s
	iters: 800, epoch: 6 | loss: 0.2123877
	speed: 0.0027s/iter; left time: 168.0870s
	iters: 900, epoch: 6 | loss: 0.2122397
	speed: 0.0026s/iter; left time: 163.4057s
	iters: 1000, epoch: 6 | loss: 0.2642047
	speed: 0.0027s/iter; left time: 166.9557s
	iters: 1100, epoch: 6 | loss: 0.2295825
	speed: 0.0026s/iter; left time: 162.3737s
	iters: 1200, epoch: 6 | loss: 0.3505874
	speed: 0.0031s/iter; left time: 194.0239s
	iters: 1300, epoch: 6 | loss: 0.3689957
	speed: 0.0033s/iter; left time: 205.6270s
	iters: 1400, epoch: 6 | loss: 0.2286865
	speed: 0.0029s/iter; left time: 179.2032s
	iters: 1500, epoch: 6 | loss: 0.2299297
	speed: 0.0026s/iter; left time: 160.6302s
	iters: 1600, epoch: 6 | loss: 0.2131190
	speed: 0.0025s/iter; left time: 153.4813s
	iters: 1700, epoch: 6 | loss: 0.4320675
	speed: 0.0024s/iter; left time: 150.7455s
	iters: 1800, epoch: 6 | loss: 0.2177079
	speed: 0.0023s/iter; left time: 145.0665s
	iters: 1900, epoch: 6 | loss: 0.2174318
	speed: 0.0026s/iter; left time: 163.2986s
	iters: 2000, epoch: 6 | loss: 0.1626011
	speed: 0.0026s/iter; left time: 159.9714s
	iters: 2100, epoch: 6 | loss: 0.2148091
	speed: 0.0028s/iter; left time: 173.2873s
	iters: 2200, epoch: 6 | loss: 0.2235827
	speed: 0.0029s/iter; left time: 179.2771s
	iters: 2300, epoch: 6 | loss: 0.1770622
	speed: 0.0028s/iter; left time: 172.1187s
	iters: 2400, epoch: 6 | loss: 0.1438548
	speed: 0.0027s/iter; left time: 166.2951s
	iters: 2500, epoch: 6 | loss: 0.2217290
	speed: 0.0030s/iter; left time: 183.3932s
	iters: 2600, epoch: 6 | loss: 0.1654681
	speed: 0.0031s/iter; left time: 192.7681s
	iters: 2700, epoch: 6 | loss: 0.2664789
	speed: 0.0032s/iter; left time: 194.2924s
	iters: 2800, epoch: 6 | loss: 0.1814434
	speed: 0.0029s/iter; left time: 176.8417s
	iters: 2900, epoch: 6 | loss: 0.2773994
	speed: 0.0029s/iter; left time: 174.9125s
	iters: 3000, epoch: 6 | loss: 0.1957769
	speed: 0.0029s/iter; left time: 177.4837s
	iters: 3100, epoch: 6 | loss: 0.2297506
	speed: 0.0029s/iter; left time: 174.7570s
	iters: 3200, epoch: 6 | loss: 0.1454712
	speed: 0.0025s/iter; left time: 153.3422s
	iters: 3300, epoch: 6 | loss: 0.1985396
	speed: 0.0033s/iter; left time: 200.8873s
	iters: 3400, epoch: 6 | loss: 0.2435745
	speed: 0.0033s/iter; left time: 199.9843s
	iters: 3500, epoch: 6 | loss: 0.1770721
	speed: 0.0029s/iter; left time: 176.7175s
	iters: 3600, epoch: 6 | loss: 0.1766645
	speed: 0.0023s/iter; left time: 137.7106s
	iters: 3700, epoch: 6 | loss: 0.2035987
	speed: 0.0027s/iter; left time: 164.5944s
	iters: 3800, epoch: 6 | loss: 0.2323095
	speed: 0.0029s/iter; left time: 175.2733s
	iters: 3900, epoch: 6 | loss: 0.2224614
	speed: 0.0029s/iter; left time: 171.3810s
	iters: 4000, epoch: 6 | loss: 0.2273039
	speed: 0.0026s/iter; left time: 155.3774s
	iters: 4100, epoch: 6 | loss: 0.1353865
	speed: 0.0032s/iter; left time: 192.8485s
	iters: 4200, epoch: 6 | loss: 0.1912189
	speed: 0.0030s/iter; left time: 176.3839s
Epoch: 6 cost time: 12.01140832901001
Epoch: 6, Steps: 4266 | Train Loss: 0.2576391 Vali Loss: 0.3856110 Test Loss: 0.2973531
Validation loss decreased (0.402224 --> 0.385611).  Saving model ...
Updating learning rate to 0.00015625
	iters: 100, epoch: 7 | loss: 0.1938669
	speed: 0.0262s/iter; left time: 1562.6116s
	iters: 200, epoch: 7 | loss: 0.2426605
	speed: 0.0026s/iter; left time: 153.5746s
	iters: 300, epoch: 7 | loss: 0.2541796
	speed: 0.0027s/iter; left time: 157.6211s
	iters: 400, epoch: 7 | loss: 0.2255452
	speed: 0.0027s/iter; left time: 160.7708s
	iters: 500, epoch: 7 | loss: 0.2852646
	speed: 0.0024s/iter; left time: 145.1012s
	iters: 600, epoch: 7 | loss: 0.2682775
	speed: 0.0024s/iter; left time: 141.3070s
	iters: 700, epoch: 7 | loss: 0.3072195
	speed: 0.0026s/iter; left time: 153.5918s
	iters: 800, epoch: 7 | loss: 0.1879848
	speed: 0.0031s/iter; left time: 182.6964s
	iters: 900, epoch: 7 | loss: 0.1737409
	speed: 0.0032s/iter; left time: 185.8880s
	iters: 1000, epoch: 7 | loss: 0.2330176
	speed: 0.0029s/iter; left time: 172.2195s
	iters: 1100, epoch: 7 | loss: 0.3530075
	speed: 0.0028s/iter; left time: 163.5649s
	iters: 1200, epoch: 7 | loss: 0.2164655
	speed: 0.0029s/iter; left time: 170.9106s
	iters: 1300, epoch: 7 | loss: 0.1660485
	speed: 0.0030s/iter; left time: 177.6480s
	iters: 1400, epoch: 7 | loss: 0.3303299
	speed: 0.0029s/iter; left time: 168.0678s
	iters: 1500, epoch: 7 | loss: 0.2076298
	speed: 0.0029s/iter; left time: 170.5984s
	iters: 1600, epoch: 7 | loss: 0.1998215
	speed: 0.0029s/iter; left time: 166.8186s
	iters: 1700, epoch: 7 | loss: 0.2216480
	speed: 0.0029s/iter; left time: 166.0582s
	iters: 1800, epoch: 7 | loss: 0.2906177
	speed: 0.0030s/iter; left time: 172.0710s
	iters: 1900, epoch: 7 | loss: 0.3753044
	speed: 0.0030s/iter; left time: 171.1621s
	iters: 2000, epoch: 7 | loss: 0.2511895
	speed: 0.0032s/iter; left time: 187.6059s
	iters: 2100, epoch: 7 | loss: 0.2001962
	speed: 0.0033s/iter; left time: 189.1679s
	iters: 2200, epoch: 7 | loss: 0.1856969
	speed: 0.0031s/iter; left time: 180.0868s
	iters: 2300, epoch: 7 | loss: 0.1731528
	speed: 0.0030s/iter; left time: 174.6631s
	iters: 2400, epoch: 7 | loss: 0.1533515
	speed: 0.0032s/iter; left time: 185.8499s
	iters: 2500, epoch: 7 | loss: 0.1791025
	speed: 0.0030s/iter; left time: 169.3861s
	iters: 2600, epoch: 7 | loss: 0.1872380
	speed: 0.0030s/iter; left time: 169.1144s
	iters: 2700, epoch: 7 | loss: 0.1569923
	speed: 0.0030s/iter; left time: 168.3997s
	iters: 2800, epoch: 7 | loss: 0.2193291
	speed: 0.0029s/iter; left time: 166.7904s
	iters: 2900, epoch: 7 | loss: 0.1949404
	speed: 0.0031s/iter; left time: 174.4524s
	iters: 3000, epoch: 7 | loss: 0.2114362
	speed: 0.0032s/iter; left time: 179.9295s
	iters: 3100, epoch: 7 | loss: 0.2375379
	speed: 0.0033s/iter; left time: 184.0673s
	iters: 3200, epoch: 7 | loss: 0.3234839
	speed: 0.0033s/iter; left time: 184.2718s
	iters: 3300, epoch: 7 | loss: 0.2422574
	speed: 0.0032s/iter; left time: 178.9585s
	iters: 3400, epoch: 7 | loss: 0.2782739
	speed: 0.0031s/iter; left time: 177.4236s
	iters: 3500, epoch: 7 | loss: 0.2397256
	speed: 0.0033s/iter; left time: 184.4493s
	iters: 3600, epoch: 7 | loss: 0.1789757
	speed: 0.0032s/iter; left time: 180.1606s
	iters: 3700, epoch: 7 | loss: 0.1595175
	speed: 0.0032s/iter; left time: 177.1378s
	iters: 3800, epoch: 7 | loss: 0.2021168
	speed: 0.0030s/iter; left time: 168.8929s
	iters: 3900, epoch: 7 | loss: 0.1499989
	speed: 0.0027s/iter; left time: 152.9453s
	iters: 4000, epoch: 7 | loss: 0.2428465
	speed: 0.0030s/iter; left time: 165.6041s
	iters: 4100, epoch: 7 | loss: 0.4098635
	speed: 0.0032s/iter; left time: 180.2248s
	iters: 4200, epoch: 7 | loss: 0.3399004
	speed: 0.0033s/iter; left time: 182.6771s
Epoch: 7 cost time: 12.75527834892273
Epoch: 7, Steps: 4266 | Train Loss: 0.2529085 Vali Loss: 0.3908039 Test Loss: 0.2914813
EarlyStopping counter: 1 out of 5
Updating learning rate to 7.8125e-05
	iters: 100, epoch: 8 | loss: 0.2693490
	speed: 0.0266s/iter; left time: 1470.7604s
	iters: 200, epoch: 8 | loss: 0.1649633
	speed: 0.0029s/iter; left time: 159.1455s
	iters: 300, epoch: 8 | loss: 0.2750358
	speed: 0.0029s/iter; left time: 157.8769s
	iters: 400, epoch: 8 | loss: 0.1334085
	speed: 0.0029s/iter; left time: 158.5698s
	iters: 500, epoch: 8 | loss: 0.1671930
	speed: 0.0029s/iter; left time: 161.0306s
	iters: 600, epoch: 8 | loss: 0.1863967
	speed: 0.0029s/iter; left time: 159.7227s
	iters: 700, epoch: 8 | loss: 0.2887032
	speed: 0.0030s/iter; left time: 161.6864s
	iters: 800, epoch: 8 | loss: 0.2360165
	speed: 0.0033s/iter; left time: 180.9538s
	iters: 900, epoch: 8 | loss: 0.3347369
	speed: 0.0035s/iter; left time: 188.7737s
	iters: 1000, epoch: 8 | loss: 0.1735357
	speed: 0.0034s/iter; left time: 184.7647s
	iters: 1100, epoch: 8 | loss: 0.1965775
	speed: 0.0032s/iter; left time: 175.5801s
	iters: 1200, epoch: 8 | loss: 0.2610861
	speed: 0.0033s/iter; left time: 178.5443s
	iters: 1300, epoch: 8 | loss: 0.2171967
	speed: 0.0032s/iter; left time: 175.0308s
	iters: 1400, epoch: 8 | loss: 0.2923386
	speed: 0.0033s/iter; left time: 176.2331s
	iters: 1500, epoch: 8 | loss: 0.2765042
	speed: 0.0033s/iter; left time: 176.4457s
	iters: 1600, epoch: 8 | loss: 0.3614082
	speed: 0.0030s/iter; left time: 161.2339s
	iters: 1700, epoch: 8 | loss: 0.4165013
	speed: 0.0029s/iter; left time: 153.2135s
	iters: 1800, epoch: 8 | loss: 0.2132980
	speed: 0.0031s/iter; left time: 167.9535s
	iters: 1900, epoch: 8 | loss: 0.2228829
	speed: 0.0032s/iter; left time: 171.5216s
	iters: 2000, epoch: 8 | loss: 0.2101241
	speed: 0.0029s/iter; left time: 153.9620s
	iters: 2100, epoch: 8 | loss: 0.1983386
	speed: 0.0029s/iter; left time: 155.8413s
	iters: 2200, epoch: 8 | loss: 0.2468872
	speed: 0.0031s/iter; left time: 165.6835s
	iters: 2300, epoch: 8 | loss: 0.1630222
	speed: 0.0032s/iter; left time: 169.6739s
	iters: 2400, epoch: 8 | loss: 0.2501105
	speed: 0.0033s/iter; left time: 176.1558s
	iters: 2500, epoch: 8 | loss: 0.2500208
	speed: 0.0033s/iter; left time: 176.9161s
	iters: 2600, epoch: 8 | loss: 0.1872747
	speed: 0.0033s/iter; left time: 174.5312s
	iters: 2700, epoch: 8 | loss: 0.1522653
	speed: 0.0034s/iter; left time: 176.7428s
	iters: 2800, epoch: 8 | loss: 0.2417645
	speed: 0.0033s/iter; left time: 175.8812s
	iters: 2900, epoch: 8 | loss: 0.1841902
	speed: 0.0032s/iter; left time: 170.4812s
	iters: 3000, epoch: 8 | loss: 0.3868285
	speed: 0.0030s/iter; left time: 157.3774s
	iters: 3100, epoch: 8 | loss: 0.1713526
	speed: 0.0031s/iter; left time: 164.4068s
	iters: 3200, epoch: 8 | loss: 0.2609271
	speed: 0.0031s/iter; left time: 160.5319s
	iters: 3300, epoch: 8 | loss: 0.2467306
	speed: 0.0033s/iter; left time: 170.5605s
	iters: 3400, epoch: 8 | loss: 0.1757211
	speed: 0.0028s/iter; left time: 147.8761s
	iters: 3500, epoch: 8 | loss: 0.1510462
	speed: 0.0021s/iter; left time: 107.6323s
	iters: 3600, epoch: 8 | loss: 0.2242594
	speed: 0.0026s/iter; left time: 136.3884s
	iters: 3700, epoch: 8 | loss: 0.2162736
	speed: 0.0026s/iter; left time: 136.6441s
	iters: 3800, epoch: 8 | loss: 0.1968691
	speed: 0.0026s/iter; left time: 133.8328s
	iters: 3900, epoch: 8 | loss: 0.2923316
	speed: 0.0031s/iter; left time: 160.9685s
	iters: 4000, epoch: 8 | loss: 0.2326994
	speed: 0.0027s/iter; left time: 136.8811s
	iters: 4100, epoch: 8 | loss: 0.1460300
	speed: 0.0030s/iter; left time: 155.1043s
	iters: 4200, epoch: 8 | loss: 0.2065401
	speed: 0.0024s/iter; left time: 122.5089s
Epoch: 8 cost time: 12.90560245513916
Epoch: 8, Steps: 4266 | Train Loss: 0.2504034 Vali Loss: 0.3815393 Test Loss: 0.2894524
Validation loss decreased (0.385611 --> 0.381539).  Saving model ...
Updating learning rate to 3.90625e-05
	iters: 100, epoch: 9 | loss: 0.2446663
	speed: 0.0229s/iter; left time: 1172.4059s
	iters: 200, epoch: 9 | loss: 0.1490732
	speed: 0.0028s/iter; left time: 140.7403s
	iters: 300, epoch: 9 | loss: 0.2298736
	speed: 0.0028s/iter; left time: 140.9731s
	iters: 400, epoch: 9 | loss: 0.2344454
	speed: 0.0029s/iter; left time: 146.3826s
	iters: 500, epoch: 9 | loss: 0.4635721
	speed: 0.0030s/iter; left time: 153.5982s
	iters: 600, epoch: 9 | loss: 0.3083747
	speed: 0.0032s/iter; left time: 162.9095s
	iters: 700, epoch: 9 | loss: 0.2088373
	speed: 0.0030s/iter; left time: 153.4919s
	iters: 800, epoch: 9 | loss: 0.2591910
	speed: 0.0029s/iter; left time: 144.7157s
	iters: 900, epoch: 9 | loss: 0.2437039
	speed: 0.0029s/iter; left time: 146.3682s
	iters: 1000, epoch: 9 | loss: 0.2190991
	speed: 0.0030s/iter; left time: 149.0735s
	iters: 1100, epoch: 9 | loss: 0.2653335
	speed: 0.0028s/iter; left time: 137.9123s
	iters: 1200, epoch: 9 | loss: 0.2519912
	speed: 0.0028s/iter; left time: 138.4508s
	iters: 1300, epoch: 9 | loss: 0.2180161
	speed: 0.0030s/iter; left time: 151.9297s
	iters: 1400, epoch: 9 | loss: 0.1718533
	speed: 0.0033s/iter; left time: 163.6504s
	iters: 1500, epoch: 9 | loss: 0.1693185
	speed: 0.0030s/iter; left time: 150.0729s
	iters: 1600, epoch: 9 | loss: 0.3831561
	speed: 0.0029s/iter; left time: 143.8197s
	iters: 1700, epoch: 9 | loss: 0.3030365
	speed: 0.0029s/iter; left time: 141.5501s
	iters: 1800, epoch: 9 | loss: 0.1692199
	speed: 0.0027s/iter; left time: 131.9755s
	iters: 1900, epoch: 9 | loss: 0.2942962
	speed: 0.0027s/iter; left time: 134.0768s
	iters: 2000, epoch: 9 | loss: 0.2993323
	speed: 0.0027s/iter; left time: 130.3941s
	iters: 2100, epoch: 9 | loss: 0.1478641
	speed: 0.0026s/iter; left time: 128.2782s
	iters: 2200, epoch: 9 | loss: 0.1289988
	speed: 0.0026s/iter; left time: 129.3422s
	iters: 2300, epoch: 9 | loss: 0.3226926
	speed: 0.0026s/iter; left time: 127.0310s
	iters: 2400, epoch: 9 | loss: 0.1609168
	speed: 0.0025s/iter; left time: 123.9344s
	iters: 2500, epoch: 9 | loss: 0.1569928
	speed: 0.0023s/iter; left time: 110.6823s
	iters: 2600, epoch: 9 | loss: 0.2605609
	speed: 0.0026s/iter; left time: 125.8557s
	iters: 2700, epoch: 9 | loss: 0.2166449
	speed: 0.0028s/iter; left time: 134.8104s
	iters: 2800, epoch: 9 | loss: 0.2524122
	speed: 0.0028s/iter; left time: 134.0727s
	iters: 2900, epoch: 9 | loss: 0.1771347
	speed: 0.0021s/iter; left time: 102.4561s
	iters: 3000, epoch: 9 | loss: 0.2516861
	speed: 0.0022s/iter; left time: 106.5062s
	iters: 3100, epoch: 9 | loss: 0.2827654
	speed: 0.0026s/iter; left time: 123.1179s
	iters: 3200, epoch: 9 | loss: 0.3946901
	speed: 0.0030s/iter; left time: 146.3780s
	iters: 3300, epoch: 9 | loss: 0.1633083
	speed: 0.0031s/iter; left time: 147.5823s
	iters: 3400, epoch: 9 | loss: 0.2703562
	speed: 0.0031s/iter; left time: 146.2698s
	iters: 3500, epoch: 9 | loss: 0.1834718
	speed: 0.0029s/iter; left time: 137.8879s
	iters: 3600, epoch: 9 | loss: 0.1824526
	speed: 0.0029s/iter; left time: 138.5663s
	iters: 3700, epoch: 9 | loss: 0.1848273
	speed: 0.0027s/iter; left time: 129.7101s
	iters: 3800, epoch: 9 | loss: 0.1355719
	speed: 0.0025s/iter; left time: 118.9571s
	iters: 3900, epoch: 9 | loss: 0.2408517
	speed: 0.0025s/iter; left time: 118.2546s
	iters: 4000, epoch: 9 | loss: 0.1808149
	speed: 0.0025s/iter; left time: 118.5765s
	iters: 4100, epoch: 9 | loss: 0.1956433
	speed: 0.0025s/iter; left time: 118.2036s
	iters: 4200, epoch: 9 | loss: 0.1792803
	speed: 0.0026s/iter; left time: 120.3028s
Epoch: 9 cost time: 11.77677321434021
Epoch: 9, Steps: 4266 | Train Loss: 0.2491304 Vali Loss: 0.3841868 Test Loss: 0.2878104
EarlyStopping counter: 1 out of 5
Updating learning rate to 1.953125e-05
	iters: 100, epoch: 10 | loss: 0.2251145
	speed: 0.0213s/iter; left time: 998.9840s
	iters: 200, epoch: 10 | loss: 0.2274789
	speed: 0.0026s/iter; left time: 122.4246s
	iters: 300, epoch: 10 | loss: 0.2011297
	speed: 0.0026s/iter; left time: 122.2536s
	iters: 400, epoch: 10 | loss: 0.1626687
	speed: 0.0026s/iter; left time: 121.4364s
	iters: 500, epoch: 10 | loss: 0.2415337
	speed: 0.0029s/iter; left time: 134.2014s
	iters: 600, epoch: 10 | loss: 0.1532399
	speed: 0.0029s/iter; left time: 134.9569s
	iters: 700, epoch: 10 | loss: 0.1898513
	speed: 0.0025s/iter; left time: 115.5677s
	iters: 800, epoch: 10 | loss: 0.1969283
	speed: 0.0025s/iter; left time: 114.8555s
	iters: 900, epoch: 10 | loss: 0.3158242
	speed: 0.0025s/iter; left time: 112.7666s
	iters: 1000, epoch: 10 | loss: 0.2008937
	speed: 0.0025s/iter; left time: 113.0795s
	iters: 1100, epoch: 10 | loss: 0.1702738
	speed: 0.0026s/iter; left time: 120.5248s
	iters: 1200, epoch: 10 | loss: 0.1921019
	speed: 0.0030s/iter; left time: 135.3520s
	iters: 1300, epoch: 10 | loss: 0.2324454
	speed: 0.0030s/iter; left time: 136.8880s
	iters: 1400, epoch: 10 | loss: 0.1789371
	speed: 0.0031s/iter; left time: 143.0416s
	iters: 1500, epoch: 10 | loss: 0.2004488
	speed: 0.0034s/iter; left time: 154.4519s
	iters: 1600, epoch: 10 | loss: 0.4158469
	speed: 0.0035s/iter; left time: 156.8315s
	iters: 1700, epoch: 10 | loss: 0.1979581
	speed: 0.0027s/iter; left time: 122.6544s
	iters: 1800, epoch: 10 | loss: 0.2907916
	speed: 0.0026s/iter; left time: 115.5249s
	iters: 1900, epoch: 10 | loss: 0.3562159
	speed: 0.0029s/iter; left time: 132.3794s
	iters: 2000, epoch: 10 | loss: 0.2337151
	speed: 0.0032s/iter; left time: 143.9108s
	iters: 2100, epoch: 10 | loss: 0.3325593
	speed: 0.0031s/iter; left time: 140.3086s
	iters: 2200, epoch: 10 | loss: 0.3137136
	speed: 0.0033s/iter; left time: 146.7050s
	iters: 2300, epoch: 10 | loss: 0.3159064
	speed: 0.0033s/iter; left time: 148.7277s
	iters: 2400, epoch: 10 | loss: 0.2152608
	speed: 0.0033s/iter; left time: 146.9675s
	iters: 2500, epoch: 10 | loss: 0.2505054
	speed: 0.0034s/iter; left time: 148.8314s
	iters: 2600, epoch: 10 | loss: 0.2606242
	speed: 0.0031s/iter; left time: 135.6410s
	iters: 2700, epoch: 10 | loss: 0.2066762
	speed: 0.0030s/iter; left time: 133.6585s
	iters: 2800, epoch: 10 | loss: 0.3525614
	speed: 0.0032s/iter; left time: 140.3515s
	iters: 2900, epoch: 10 | loss: 0.3181610
	speed: 0.0035s/iter; left time: 154.9850s
	iters: 3000, epoch: 10 | loss: 0.2201028
	speed: 0.0033s/iter; left time: 145.5003s
	iters: 3100, epoch: 10 | loss: 0.2161889
	speed: 0.0030s/iter; left time: 131.4808s
	iters: 3200, epoch: 10 | loss: 0.3370385
	speed: 0.0030s/iter; left time: 132.5175s
	iters: 3300, epoch: 10 | loss: 0.2407854
	speed: 0.0029s/iter; left time: 126.6670s
	iters: 3400, epoch: 10 | loss: 0.2461318
	speed: 0.0029s/iter; left time: 127.0986s
	iters: 3500, epoch: 10 | loss: 0.3339705
	speed: 0.0028s/iter; left time: 122.4641s
	iters: 3600, epoch: 10 | loss: 0.2525488
	speed: 0.0028s/iter; left time: 123.1179s
	iters: 3700, epoch: 10 | loss: 0.1870311
	speed: 0.0027s/iter; left time: 117.5994s
	iters: 3800, epoch: 10 | loss: 0.2390158
	speed: 0.0028s/iter; left time: 119.8929s
	iters: 3900, epoch: 10 | loss: 0.3695460
	speed: 0.0028s/iter; left time: 119.1848s
	iters: 4000, epoch: 10 | loss: 0.1478228
	speed: 0.0025s/iter; left time: 107.8139s
	iters: 4100, epoch: 10 | loss: 0.2317594
	speed: 0.0028s/iter; left time: 118.2026s
	iters: 4200, epoch: 10 | loss: 0.2192870
	speed: 0.0031s/iter; left time: 133.3295s
Epoch: 10 cost time: 12.505186319351196
Epoch: 10, Steps: 4266 | Train Loss: 0.2485193 Vali Loss: 0.3737050 Test Loss: 0.2894199
Validation loss decreased (0.381539 --> 0.373705).  Saving model ...
Updating learning rate to 9.765625e-06
	iters: 100, epoch: 11 | loss: 0.1323247
	speed: 0.0229s/iter; left time: 976.1762s
	iters: 200, epoch: 11 | loss: 0.3077281
	speed: 0.0029s/iter; left time: 122.5524s
	iters: 300, epoch: 11 | loss: 0.1826010
	speed: 0.0028s/iter; left time: 120.3052s
	iters: 400, epoch: 11 | loss: 0.2198935
	speed: 0.0028s/iter; left time: 119.1758s
	iters: 500, epoch: 11 | loss: 0.2306400
	speed: 0.0029s/iter; left time: 120.2654s
	iters: 600, epoch: 11 | loss: 0.2993618
	speed: 0.0030s/iter; left time: 124.5024s
	iters: 700, epoch: 11 | loss: 0.2687491
	speed: 0.0029s/iter; left time: 120.8724s
	iters: 800, epoch: 11 | loss: 0.2074548
	speed: 0.0029s/iter; left time: 120.6664s
	iters: 900, epoch: 11 | loss: 0.2031303
	speed: 0.0028s/iter; left time: 114.8428s
	iters: 1000, epoch: 11 | loss: 0.1707282
	speed: 0.0024s/iter; left time: 98.3204s
	iters: 1100, epoch: 11 | loss: 0.3785777
	speed: 0.0026s/iter; left time: 106.3959s
	iters: 1200, epoch: 11 | loss: 0.1799196
	speed: 0.0025s/iter; left time: 102.4949s
	iters: 1300, epoch: 11 | loss: 0.2203287
	speed: 0.0032s/iter; left time: 131.5284s
	iters: 1400, epoch: 11 | loss: 0.1817786
	speed: 0.0034s/iter; left time: 139.8745s
	iters: 1500, epoch: 11 | loss: 0.3502539
	speed: 0.0033s/iter; left time: 135.5341s
	iters: 1600, epoch: 11 | loss: 0.2958114
	speed: 0.0027s/iter; left time: 109.6325s
	iters: 1700, epoch: 11 | loss: 0.1911559
	speed: 0.0029s/iter; left time: 117.5581s
	iters: 1800, epoch: 11 | loss: 0.1841455
	speed: 0.0029s/iter; left time: 118.9060s
	iters: 1900, epoch: 11 | loss: 0.2012210
	speed: 0.0027s/iter; left time: 110.9358s
	iters: 2000, epoch: 11 | loss: 0.2580183
	speed: 0.0027s/iter; left time: 111.8175s
	iters: 2100, epoch: 11 | loss: 0.3071108
	speed: 0.0027s/iter; left time: 107.8923s
	iters: 2200, epoch: 11 | loss: 0.2091701
	speed: 0.0025s/iter; left time: 100.7662s
	iters: 2300, epoch: 11 | loss: 0.3175516
	speed: 0.0028s/iter; left time: 111.8649s
	iters: 2400, epoch: 11 | loss: 0.1439424
	speed: 0.0029s/iter; left time: 117.1591s
	iters: 2500, epoch: 11 | loss: 0.2951304
	speed: 0.0030s/iter; left time: 118.8763s
	iters: 2600, epoch: 11 | loss: 0.1690214
	speed: 0.0026s/iter; left time: 105.8383s
	iters: 2700, epoch: 11 | loss: 0.2881656
	speed: 0.0024s/iter; left time: 96.7252s
	iters: 2800, epoch: 11 | loss: 0.1726469
	speed: 0.0026s/iter; left time: 102.8417s
	iters: 2900, epoch: 11 | loss: 0.1982274
	speed: 0.0028s/iter; left time: 110.1382s
	iters: 3000, epoch: 11 | loss: 0.3533974
	speed: 0.0025s/iter; left time: 100.0571s
	iters: 3100, epoch: 11 | loss: 0.2857799
	speed: 0.0026s/iter; left time: 102.0672s
	iters: 3200, epoch: 11 | loss: 0.2678829
	speed: 0.0031s/iter; left time: 121.9542s
	iters: 3300, epoch: 11 | loss: 0.2124313
	speed: 0.0030s/iter; left time: 117.3014s
	iters: 3400, epoch: 11 | loss: 0.2215287
	speed: 0.0030s/iter; left time: 119.0838s
	iters: 3500, epoch: 11 | loss: 0.1977960
	speed: 0.0023s/iter; left time: 89.6789s
	iters: 3600, epoch: 11 | loss: 0.1789020
	speed: 0.0024s/iter; left time: 94.9181s
	iters: 3700, epoch: 11 | loss: 0.2233881
	speed: 0.0028s/iter; left time: 109.1132s
	iters: 3800, epoch: 11 | loss: 0.2045241
	speed: 0.0025s/iter; left time: 98.7761s
	iters: 3900, epoch: 11 | loss: 0.1962377
	speed: 0.0026s/iter; left time: 99.6157s
	iters: 4000, epoch: 11 | loss: 0.1872605
	speed: 0.0026s/iter; left time: 98.9718s
	iters: 4100, epoch: 11 | loss: 0.1580657
	speed: 0.0029s/iter; left time: 113.4355s
	iters: 4200, epoch: 11 | loss: 0.2881455
	speed: 0.0028s/iter; left time: 109.2551s
Epoch: 11 cost time: 11.808419704437256
Epoch: 11, Steps: 4266 | Train Loss: 0.2481321 Vali Loss: 0.3755302 Test Loss: 0.2880444
EarlyStopping counter: 1 out of 5
Updating learning rate to 4.8828125e-06
	iters: 100, epoch: 12 | loss: 0.1673947
	speed: 0.0236s/iter; left time: 902.0779s
	iters: 200, epoch: 12 | loss: 0.1692982
	speed: 0.0030s/iter; left time: 113.4501s
	iters: 300, epoch: 12 | loss: 0.1697240
	speed: 0.0026s/iter; left time: 97.5856s
	iters: 400, epoch: 12 | loss: 0.2115207
	speed: 0.0032s/iter; left time: 120.0631s
	iters: 500, epoch: 12 | loss: 0.1672760
	speed: 0.0032s/iter; left time: 119.3693s
	iters: 600, epoch: 12 | loss: 0.2028416
	speed: 0.0028s/iter; left time: 105.1293s
	iters: 700, epoch: 12 | loss: 0.1782217
	speed: 0.0032s/iter; left time: 118.7516s
	iters: 800, epoch: 12 | loss: 0.2715434
	speed: 0.0033s/iter; left time: 124.8152s
	iters: 900, epoch: 12 | loss: 0.2528228
	speed: 0.0029s/iter; left time: 110.3436s
	iters: 1000, epoch: 12 | loss: 0.4413529
	speed: 0.0027s/iter; left time: 101.3402s
	iters: 1100, epoch: 12 | loss: 0.3102039
	speed: 0.0027s/iter; left time: 100.3449s
	iters: 1200, epoch: 12 | loss: 0.1777777
	speed: 0.0030s/iter; left time: 111.2126s
	iters: 1300, epoch: 12 | loss: 0.2009047
	speed: 0.0027s/iter; left time: 100.9993s
	iters: 1400, epoch: 12 | loss: 0.2010668
	speed: 0.0023s/iter; left time: 86.5683s
	iters: 1500, epoch: 12 | loss: 0.1871902
	speed: 0.0023s/iter; left time: 86.3344s
	iters: 1600, epoch: 12 | loss: 0.2009092
	speed: 0.0028s/iter; left time: 103.0256s
	iters: 1700, epoch: 12 | loss: 0.2765031
	speed: 0.0026s/iter; left time: 94.0254s
	iters: 1800, epoch: 12 | loss: 0.2567028
	speed: 0.0028s/iter; left time: 101.7336s
	iters: 1900, epoch: 12 | loss: 0.2170070
	speed: 0.0029s/iter; left time: 105.1059s
	iters: 2000, epoch: 12 | loss: 0.3019311
	speed: 0.0028s/iter; left time: 101.9119s
	iters: 2100, epoch: 12 | loss: 0.2636111
	speed: 0.0025s/iter; left time: 89.2857s
	iters: 2200, epoch: 12 | loss: 0.1554804
	speed: 0.0028s/iter; left time: 99.8986s
	iters: 2300, epoch: 12 | loss: 0.3631895
	speed: 0.0029s/iter; left time: 104.6755s
	iters: 2400, epoch: 12 | loss: 0.2247617
	speed: 0.0030s/iter; left time: 106.6085s
	iters: 2500, epoch: 12 | loss: 0.2567830
	speed: 0.0030s/iter; left time: 107.6851s
	iters: 2600, epoch: 12 | loss: 0.1829163
	speed: 0.0030s/iter; left time: 108.8390s
	iters: 2700, epoch: 12 | loss: 0.2236525
	speed: 0.0027s/iter; left time: 95.4164s
	iters: 2800, epoch: 12 | loss: 0.3732559
	speed: 0.0033s/iter; left time: 117.8191s
	iters: 2900, epoch: 12 | loss: 0.3053190
	speed: 0.0033s/iter; left time: 117.4881s
	iters: 3000, epoch: 12 | loss: 0.2398172
	speed: 0.0033s/iter; left time: 116.1610s
	iters: 3100, epoch: 12 | loss: 0.2043885
	speed: 0.0032s/iter; left time: 114.3774s
	iters: 3200, epoch: 12 | loss: 0.2050579
	speed: 0.0032s/iter; left time: 112.9760s
	iters: 3300, epoch: 12 | loss: 0.1907510
	speed: 0.0032s/iter; left time: 110.8990s
	iters: 3400, epoch: 12 | loss: 0.2374460
	speed: 0.0027s/iter; left time: 92.7978s
	iters: 3500, epoch: 12 | loss: 0.2563269
	speed: 0.0027s/iter; left time: 92.8299s
	iters: 3600, epoch: 12 | loss: 0.2210807
	speed: 0.0027s/iter; left time: 92.5547s
	iters: 3700, epoch: 12 | loss: 0.2014259
	speed: 0.0030s/iter; left time: 102.4147s
	iters: 3800, epoch: 12 | loss: 0.2555143
	speed: 0.0024s/iter; left time: 83.7198s
	iters: 3900, epoch: 12 | loss: 0.1579943
	speed: 0.0024s/iter; left time: 83.1337s
	iters: 4000, epoch: 12 | loss: 0.2414800
	speed: 0.0025s/iter; left time: 85.6615s
	iters: 4100, epoch: 12 | loss: 0.4863429
	speed: 0.0029s/iter; left time: 100.2700s
	iters: 4200, epoch: 12 | loss: 0.2696042
	speed: 0.0026s/iter; left time: 90.6166s
Epoch: 12 cost time: 12.172847986221313
Epoch: 12, Steps: 4266 | Train Loss: 0.2479831 Vali Loss: 0.3761612 Test Loss: 0.2870819
EarlyStopping counter: 2 out of 5
Updating learning rate to 2.44140625e-06
	iters: 100, epoch: 13 | loss: 0.1496779
	speed: 0.0204s/iter; left time: 693.6418s
	iters: 200, epoch: 13 | loss: 0.2511198
	speed: 0.0027s/iter; left time: 92.9850s
	iters: 300, epoch: 13 | loss: 0.1730656
	speed: 0.0029s/iter; left time: 98.7808s
	iters: 400, epoch: 13 | loss: 0.2621943
	speed: 0.0032s/iter; left time: 106.3034s
	iters: 500, epoch: 13 | loss: 0.2023048
	speed: 0.0033s/iter; left time: 111.3122s
	iters: 600, epoch: 13 | loss: 0.2442830
	speed: 0.0033s/iter; left time: 111.6695s
	iters: 700, epoch: 13 | loss: 0.2024567
	speed: 0.0031s/iter; left time: 104.7333s
	iters: 800, epoch: 13 | loss: 0.2233396
	speed: 0.0032s/iter; left time: 106.9862s
	iters: 900, epoch: 13 | loss: 0.2228158
	speed: 0.0032s/iter; left time: 105.6678s
	iters: 1000, epoch: 13 | loss: 0.4805791
	speed: 0.0032s/iter; left time: 105.0786s
	iters: 1100, epoch: 13 | loss: 0.2560298
	speed: 0.0026s/iter; left time: 84.2420s
	iters: 1200, epoch: 13 | loss: 0.3261352
	speed: 0.0024s/iter; left time: 79.3591s
	iters: 1300, epoch: 13 | loss: 0.2572845
	speed: 0.0025s/iter; left time: 83.0568s
	iters: 1400, epoch: 13 | loss: 0.3920673
	speed: 0.0025s/iter; left time: 82.5247s
	iters: 1500, epoch: 13 | loss: 0.2205063
	speed: 0.0026s/iter; left time: 83.8568s
	iters: 1600, epoch: 13 | loss: 0.1980022
	speed: 0.0026s/iter; left time: 85.8979s
	iters: 1700, epoch: 13 | loss: 0.2227826
	speed: 0.0028s/iter; left time: 89.5694s
	iters: 1800, epoch: 13 | loss: 0.1753157
	speed: 0.0029s/iter; left time: 93.1072s
	iters: 1900, epoch: 13 | loss: 0.2435371
	speed: 0.0024s/iter; left time: 78.6394s
	iters: 2000, epoch: 13 | loss: 0.3260824
	speed: 0.0028s/iter; left time: 89.9603s
	iters: 2100, epoch: 13 | loss: 0.2055083
	speed: 0.0026s/iter; left time: 81.7571s
	iters: 2200, epoch: 13 | loss: 0.3080373
	speed: 0.0028s/iter; left time: 88.1240s
	iters: 2300, epoch: 13 | loss: 0.2427140
	speed: 0.0029s/iter; left time: 91.3491s
	iters: 2400, epoch: 13 | loss: 0.2038076
	speed: 0.0028s/iter; left time: 90.1104s
	iters: 2500, epoch: 13 | loss: 0.3450880
	speed: 0.0028s/iter; left time: 89.2633s
	iters: 2600, epoch: 13 | loss: 0.2295195
	speed: 0.0028s/iter; left time: 89.2271s
	iters: 2700, epoch: 13 | loss: 0.2340629
	speed: 0.0029s/iter; left time: 89.8869s
	iters: 2800, epoch: 13 | loss: 0.1837636
	speed: 0.0028s/iter; left time: 89.0681s
	iters: 2900, epoch: 13 | loss: 0.1820572
	speed: 0.0029s/iter; left time: 89.9515s
	iters: 3000, epoch: 13 | loss: 0.2089712
	speed: 0.0029s/iter; left time: 89.9627s
	iters: 3100, epoch: 13 | loss: 0.1561138
	speed: 0.0031s/iter; left time: 95.2679s
	iters: 3200, epoch: 13 | loss: 0.2180326
	speed: 0.0031s/iter; left time: 94.7075s
	iters: 3300, epoch: 13 | loss: 0.1610035
	speed: 0.0029s/iter; left time: 89.7126s
	iters: 3400, epoch: 13 | loss: 0.3012855
	speed: 0.0029s/iter; left time: 88.8067s
	iters: 3500, epoch: 13 | loss: 0.1850295
	speed: 0.0030s/iter; left time: 91.3384s
	iters: 3600, epoch: 13 | loss: 0.2480672
	speed: 0.0029s/iter; left time: 88.2289s
	iters: 3700, epoch: 13 | loss: 0.2733648
	speed: 0.0029s/iter; left time: 87.9434s
	iters: 3800, epoch: 13 | loss: 0.2190045
	speed: 0.0029s/iter; left time: 86.8257s
	iters: 3900, epoch: 13 | loss: 0.1786664
	speed: 0.0031s/iter; left time: 94.3145s
	iters: 4000, epoch: 13 | loss: 0.2411313
	speed: 0.0031s/iter; left time: 93.7106s
	iters: 4100, epoch: 13 | loss: 0.2060427
	speed: 0.0031s/iter; left time: 93.3901s
	iters: 4200, epoch: 13 | loss: 0.3556266
	speed: 0.0031s/iter; left time: 93.3641s
Epoch: 13 cost time: 12.3347647190094
Epoch: 13, Steps: 4266 | Train Loss: 0.2478868 Vali Loss: 0.3758486 Test Loss: 0.2875705
EarlyStopping counter: 3 out of 5
Updating learning rate to 1.220703125e-06
	iters: 100, epoch: 14 | loss: 0.2391039
	speed: 0.0273s/iter; left time: 812.6704s
	iters: 200, epoch: 14 | loss: 0.1767063
	speed: 0.0030s/iter; left time: 89.0720s
	iters: 300, epoch: 14 | loss: 0.2144845
	speed: 0.0031s/iter; left time: 92.5395s
	iters: 400, epoch: 14 | loss: 0.3295288
	speed: 0.0031s/iter; left time: 92.2193s
	iters: 500, epoch: 14 | loss: 0.2434913
	speed: 0.0026s/iter; left time: 75.5435s
	iters: 600, epoch: 14 | loss: 0.1865364
	speed: 0.0032s/iter; left time: 92.7636s
	iters: 700, epoch: 14 | loss: 0.2746656
	speed: 0.0033s/iter; left time: 95.0714s
	iters: 800, epoch: 14 | loss: 0.2382800
	speed: 0.0032s/iter; left time: 92.1950s
	iters: 900, epoch: 14 | loss: 0.2014721
	speed: 0.0029s/iter; left time: 83.1238s
	iters: 1000, epoch: 14 | loss: 0.2382523
	speed: 0.0029s/iter; left time: 83.1253s
	iters: 1100, epoch: 14 | loss: 0.2516371
	speed: 0.0029s/iter; left time: 82.5499s
	iters: 1200, epoch: 14 | loss: 0.1521764
	speed: 0.0031s/iter; left time: 89.4849s
	iters: 1300, epoch: 14 | loss: 0.2844959
	speed: 0.0033s/iter; left time: 93.6865s
	iters: 1400, epoch: 14 | loss: 0.2594268
	speed: 0.0032s/iter; left time: 90.7970s
	iters: 1500, epoch: 14 | loss: 0.2322951
	speed: 0.0030s/iter; left time: 85.4315s
	iters: 1600, epoch: 14 | loss: 0.1857221
	speed: 0.0029s/iter; left time: 81.3975s
	iters: 1700, epoch: 14 | loss: 0.2155519
	speed: 0.0029s/iter; left time: 80.8353s
	iters: 1800, epoch: 14 | loss: 0.2319122
	speed: 0.0029s/iter; left time: 82.5725s
	iters: 1900, epoch: 14 | loss: 0.2160491
	speed: 0.0031s/iter; left time: 86.9649s
	iters: 2000, epoch: 14 | loss: 0.3431483
	speed: 0.0033s/iter; left time: 91.1120s
	iters: 2100, epoch: 14 | loss: 0.1999690
	speed: 0.0033s/iter; left time: 90.8302s
	iters: 2200, epoch: 14 | loss: 0.1769909
	speed: 0.0031s/iter; left time: 86.0320s
	iters: 2300, epoch: 14 | loss: 0.2305207
	speed: 0.0033s/iter; left time: 90.1309s
	iters: 2400, epoch: 14 | loss: 0.1844362
	speed: 0.0033s/iter; left time: 89.8099s
	iters: 2500, epoch: 14 | loss: 0.1915217
	speed: 0.0032s/iter; left time: 87.2880s
	iters: 2600, epoch: 14 | loss: 0.3283937
	speed: 0.0033s/iter; left time: 90.2404s
	iters: 2700, epoch: 14 | loss: 0.2318232
	speed: 0.0033s/iter; left time: 89.6828s
	iters: 2800, epoch: 14 | loss: 0.3029168
	speed: 0.0031s/iter; left time: 84.7072s
	iters: 2900, epoch: 14 | loss: 0.2159615
	speed: 0.0030s/iter; left time: 79.8106s
	iters: 3000, epoch: 14 | loss: 0.1648436
	speed: 0.0031s/iter; left time: 82.4760s
	iters: 3100, epoch: 14 | loss: 0.2721621
	speed: 0.0032s/iter; left time: 84.6306s
	iters: 3200, epoch: 14 | loss: 0.2503405
	speed: 0.0032s/iter; left time: 85.0551s
	iters: 3300, epoch: 14 | loss: 0.3079833
	speed: 0.0032s/iter; left time: 84.2045s
	iters: 3400, epoch: 14 | loss: 0.1745420
	speed: 0.0030s/iter; left time: 80.5204s
	iters: 3500, epoch: 14 | loss: 0.2566978
	speed: 0.0030s/iter; left time: 80.4071s
	iters: 3600, epoch: 14 | loss: 0.2718162
	speed: 0.0028s/iter; left time: 74.3244s
	iters: 3700, epoch: 14 | loss: 0.3656350
	speed: 0.0028s/iter; left time: 73.8215s
	iters: 3800, epoch: 14 | loss: 0.2271747
	speed: 0.0028s/iter; left time: 73.2375s
	iters: 3900, epoch: 14 | loss: 0.2243986
	speed: 0.0029s/iter; left time: 75.8183s
	iters: 4000, epoch: 14 | loss: 0.3394072
	speed: 0.0029s/iter; left time: 73.7097s
	iters: 4100, epoch: 14 | loss: 0.1903639
	speed: 0.0028s/iter; left time: 71.9383s
	iters: 4200, epoch: 14 | loss: 0.2675681
	speed: 0.0028s/iter; left time: 71.3432s
Epoch: 14 cost time: 13.00576376914978
Epoch: 14, Steps: 4266 | Train Loss: 0.2478440 Vali Loss: 0.3756271 Test Loss: 0.2874230
EarlyStopping counter: 4 out of 5
Updating learning rate to 6.103515625e-07
	iters: 100, epoch: 15 | loss: 0.2057232
	speed: 0.0258s/iter; left time: 657.7320s
	iters: 200, epoch: 15 | loss: 0.3710904
	speed: 0.0031s/iter; left time: 79.7466s
	iters: 300, epoch: 15 | loss: 0.3120370
	speed: 0.0030s/iter; left time: 75.3918s
	iters: 400, epoch: 15 | loss: 0.1826163
	speed: 0.0029s/iter; left time: 72.8193s
	iters: 500, epoch: 15 | loss: 0.2034148
	speed: 0.0031s/iter; left time: 77.0914s
	iters: 600, epoch: 15 | loss: 0.3467498
	speed: 0.0032s/iter; left time: 79.4904s
	iters: 700, epoch: 15 | loss: 0.2487921
	speed: 0.0032s/iter; left time: 78.9358s
	iters: 800, epoch: 15 | loss: 0.3340195
	speed: 0.0031s/iter; left time: 77.4154s
	iters: 900, epoch: 15 | loss: 0.2462868
	speed: 0.0031s/iter; left time: 77.0547s
	iters: 1000, epoch: 15 | loss: 0.2356758
	speed: 0.0032s/iter; left time: 77.7263s
	iters: 1100, epoch: 15 | loss: 0.5387911
	speed: 0.0031s/iter; left time: 76.2201s
	iters: 1200, epoch: 15 | loss: 0.2237467
	speed: 0.0032s/iter; left time: 76.8625s
	iters: 1300, epoch: 15 | loss: 0.2154192
	speed: 0.0031s/iter; left time: 76.2925s
	iters: 1400, epoch: 15 | loss: 0.2030525
	speed: 0.0031s/iter; left time: 76.0529s
	iters: 1500, epoch: 15 | loss: 0.1735808
	speed: 0.0030s/iter; left time: 72.1210s
	iters: 1600, epoch: 15 | loss: 0.2344590
	speed: 0.0027s/iter; left time: 65.0440s
	iters: 1700, epoch: 15 | loss: 0.2652568
	speed: 0.0025s/iter; left time: 58.7866s
	iters: 1800, epoch: 15 | loss: 0.1921823
	speed: 0.0022s/iter; left time: 53.3547s
	iters: 1900, epoch: 15 | loss: 0.3893711
	speed: 0.0024s/iter; left time: 57.8214s
	iters: 2000, epoch: 15 | loss: 0.2161600
	speed: 0.0029s/iter; left time: 67.7227s
	iters: 2100, epoch: 15 | loss: 0.1507913
	speed: 0.0028s/iter; left time: 65.0865s
	iters: 2200, epoch: 15 | loss: 0.2807758
	speed: 0.0025s/iter; left time: 57.8998s
	iters: 2300, epoch: 15 | loss: 0.2633792
	speed: 0.0024s/iter; left time: 55.4473s
	iters: 2400, epoch: 15 | loss: 0.2767290
	speed: 0.0024s/iter; left time: 54.7447s
	iters: 2500, epoch: 15 | loss: 0.2575810
	speed: 0.0023s/iter; left time: 54.0471s
	iters: 2600, epoch: 15 | loss: 0.1874035
	speed: 0.0024s/iter; left time: 55.0125s
	iters: 2700, epoch: 15 | loss: 0.2214824
	speed: 0.0024s/iter; left time: 55.1820s
	iters: 2800, epoch: 15 | loss: 0.2559618
	speed: 0.0023s/iter; left time: 53.1167s
	iters: 2900, epoch: 15 | loss: 0.3837442
	speed: 0.0024s/iter; left time: 53.3381s
	iters: 3000, epoch: 15 | loss: 0.1882384
	speed: 0.0023s/iter; left time: 52.9157s
	iters: 3100, epoch: 15 | loss: 0.1863490
	speed: 0.0024s/iter; left time: 53.0929s
	iters: 3200, epoch: 15 | loss: 0.1882795
	speed: 0.0024s/iter; left time: 52.8569s
	iters: 3300, epoch: 15 | loss: 0.3176654
	speed: 0.0023s/iter; left time: 52.1857s
	iters: 3400, epoch: 15 | loss: 0.2713274
	speed: 0.0023s/iter; left time: 51.5356s
	iters: 3500, epoch: 15 | loss: 0.2530221
	speed: 0.0024s/iter; left time: 51.9280s
	iters: 3600, epoch: 15 | loss: 0.1967845
	speed: 0.0024s/iter; left time: 51.9129s
	iters: 3700, epoch: 15 | loss: 0.3208721
	speed: 0.0024s/iter; left time: 52.3338s
	iters: 3800, epoch: 15 | loss: 0.2544257
	speed: 0.0024s/iter; left time: 51.6591s
	iters: 3900, epoch: 15 | loss: 0.2095450
	speed: 0.0024s/iter; left time: 51.4842s
	iters: 4000, epoch: 15 | loss: 0.3099348
	speed: 0.0024s/iter; left time: 51.4008s
	iters: 4100, epoch: 15 | loss: 0.3163925
	speed: 0.0023s/iter; left time: 49.8731s
	iters: 4200, epoch: 15 | loss: 0.2170233
	speed: 0.0024s/iter; left time: 51.1388s
Epoch: 15 cost time: 11.328306913375854
Epoch: 15, Steps: 4266 | Train Loss: 0.2478090 Vali Loss: 0.3753060 Test Loss: 0.2876209
EarlyStopping counter: 5 out of 5
Early stopping
>>>>>>>testing : ETTm1_336_96_NLinear_ETTm1_ftM_sl336_ll48_pl96_dm512_nh8_el2_dl1_df2048_fc1_ebtimeF_dtTrue_Exp_0_seed15349<<<<<<<<<<<<<<<<<<<<<<<<<<<<<<<<<
test 11425
mse:0.28951671719551086, mae:0.33648329973220825
