Args in experiment:
Namespace(activation='gelu', batch_size=32, c_out=7, checkpoints='./checkpoints/', d_ff=2048, d_layers=1, d_model=512, data='ETTh2', data_path='ETTh2.csv', dec_in=7, des='Exp', devices='0,1,2,3', distil=True, do_predict=False, dropout=0.05, e_layers=2, embed='timeF', embed_type=0, enc_in=7, factor=1, features='M', freq='h', gpu=0, individual=True, is_training=1, itr=1, label_len=48, learning_rate=0.005, loss='mse', lradj='type1', model='NLinear', model_id='ETTh2_336_720', moving_avg=25, n_heads=8, num_workers=0, output_attention=False, patience=5, pred_len=720, root_path='./dataset/', save_pred_values=False, seed=3144, seq_len=336, target='OT', test_flop=False, train_epochs=20, train_only=False, use_amp=False, use_gpu=False, use_multi_gpu=False)
Use CPU
>>>>>>>start training : ETTh2_336_720_NLinear_ETTh2_ftM_sl336_ll48_pl720_dm512_nh8_el2_dl1_df2048_fc1_ebtimeF_dtTrue_Exp_0_seed3144>>>>>>>>>>>>>>>>>>>>>>>>>>
train 7585
val 2161
test 2161
Total number of trainable parameters: 1698480
Total number of parameters: 1698480
	iters: 100, epoch: 1 | loss: 0.6784034
	speed: 0.0407s/iter; left time: 188.8352s
	iters: 200, epoch: 1 | loss: 0.7730598
	speed: 0.0427s/iter; left time: 193.7787s
Epoch: 1 cost time: 9.719581365585327
Epoch: 1, Steps: 237 | Train Loss: 0.9337594 Vali Loss: 0.6705164 Test Loss: 0.4673193
Validation loss decreased (inf --> 0.670516).  Saving model ...
Updating learning rate to 0.005
	iters: 100, epoch: 2 | loss: 1.0957434
	speed: 0.0674s/iter; left time: 296.9370s
	iters: 200, epoch: 2 | loss: 0.7593229
	speed: 0.0418s/iter; left time: 179.7773s
Epoch: 2 cost time: 9.629245519638062
Epoch: 2, Steps: 237 | Train Loss: 0.8863663 Vali Loss: 0.6898564 Test Loss: 0.4865592
EarlyStopping counter: 1 out of 5
Updating learning rate to 0.0025
	iters: 100, epoch: 3 | loss: 0.6962731
	speed: 0.0669s/iter; left time: 278.6711s
	iters: 200, epoch: 3 | loss: 0.9301848
	speed: 0.0404s/iter; left time: 164.2324s
Epoch: 3 cost time: 9.382541179656982
Epoch: 3, Steps: 237 | Train Loss: 0.7971397 Vali Loss: 0.6829492 Test Loss: 0.4403776
EarlyStopping counter: 2 out of 5
Updating learning rate to 0.00125
	iters: 100, epoch: 4 | loss: 0.8636100
	speed: 0.0641s/iter; left time: 252.0004s
	iters: 200, epoch: 4 | loss: 0.6957233
	speed: 0.0413s/iter; left time: 157.9926s
Epoch: 4 cost time: 9.602489471435547
Epoch: 4, Steps: 237 | Train Loss: 0.7692956 Vali Loss: 0.6350038 Test Loss: 0.4273002
Validation loss decreased (0.670516 --> 0.635004).  Saving model ...
Updating learning rate to 0.000625
	iters: 100, epoch: 5 | loss: 0.8288260
	speed: 0.0693s/iter; left time: 255.8713s
	iters: 200, epoch: 5 | loss: 0.6817313
	speed: 0.0415s/iter; left time: 148.9914s
Epoch: 5 cost time: 9.615417718887329
Epoch: 5, Steps: 237 | Train Loss: 0.7575022 Vali Loss: 0.6556450 Test Loss: 0.4292401
EarlyStopping counter: 1 out of 5
Updating learning rate to 0.0003125
	iters: 100, epoch: 6 | loss: 0.7399865
	speed: 0.0680s/iter; left time: 235.1801s
	iters: 200, epoch: 6 | loss: 0.4738491
	speed: 0.0394s/iter; left time: 132.2341s
Epoch: 6 cost time: 9.499469757080078
Epoch: 6, Steps: 237 | Train Loss: 0.7529682 Vali Loss: 0.6401711 Test Loss: 0.4240337
EarlyStopping counter: 2 out of 5
Updating learning rate to 0.00015625
	iters: 100, epoch: 7 | loss: 0.6302608
	speed: 0.0670s/iter; left time: 215.7040s
	iters: 200, epoch: 7 | loss: 0.7163309
	speed: 0.0412s/iter; left time: 128.3568s
Epoch: 7 cost time: 9.650151014328003
Epoch: 7, Steps: 237 | Train Loss: 0.7487305 Vali Loss: 0.6365631 Test Loss: 0.4210777
EarlyStopping counter: 3 out of 5
Updating learning rate to 7.8125e-05
	iters: 100, epoch: 8 | loss: 1.1523283
	speed: 0.0654s/iter; left time: 195.0875s
	iters: 200, epoch: 8 | loss: 0.8250847
	speed: 0.0394s/iter; left time: 113.6741s
Epoch: 8 cost time: 9.2695791721344
Epoch: 8, Steps: 237 | Train Loss: 0.7468312 Vali Loss: 0.6369017 Test Loss: 0.4186113
EarlyStopping counter: 4 out of 5
Updating learning rate to 3.90625e-05
	iters: 100, epoch: 9 | loss: 0.6630875
	speed: 0.0666s/iter; left time: 182.9305s
	iters: 200, epoch: 9 | loss: 0.7584749
	speed: 0.0415s/iter; left time: 109.7903s
Epoch: 9 cost time: 9.40569519996643
Epoch: 9, Steps: 237 | Train Loss: 0.7453840 Vali Loss: 0.6392816 Test Loss: 0.4195105
EarlyStopping counter: 5 out of 5
Early stopping
Total training time: 96.9051 seconds
>>>>>>>testing : ETTh2_336_720_NLinear_ETTh2_ftM_sl336_ll48_pl720_dm512_nh8_el2_dl1_df2048_fc1_ebtimeF_dtTrue_Exp_0_seed3144<<<<<<<<<<<<<<<<<<<<<<<<<<<<<<<<<
test 2161
mse:0.42529329657554626, mae:0.4549027979373932
