Args in experiment:
Namespace(activation='gelu', batch_size=32, c_out=7, checkpoints='./checkpoints/', d_ff=2048, d_layers=1, d_model=512, data='ETTm2', data_path='ETTm2.csv', dec_in=7, des='Exp', devices='0,1,2,3', distil=True, do_predict=False, dropout=0.05, e_layers=2, embed='timeF', embed_type=0, enc_in=7, factor=1, features='M', freq='h', gpu=0, individual=True, is_training=1, itr=1, label_len=48, learning_rate=0.01, loss='mse', lradj='type1', model='NLinear', model_id='ETTm2_336_192', moving_avg=25, n_heads=8, num_workers=0, output_attention=False, patience=5, pred_len=192, root_path='./dataset/', save_pred_values=False, seed=3144, seq_len=336, target='OT', test_flop=False, train_epochs=20, train_only=False, use_amp=False, use_gpu=False, use_multi_gpu=False)
Use CPU
>>>>>>>start training : ETTm2_336_192_NLinear_ETTm2_ftM_sl336_ll48_pl192_dm512_nh8_el2_dl1_df2048_fc1_ebtimeF_dtTrue_Exp_0_seed3144>>>>>>>>>>>>>>>>>>>>>>>>>>
train 34033
val 11329
test 11329
	iters: 100, epoch: 1 | loss: 0.2447153
	speed: 0.0041s/iter; left time: 87.6068s
	iters: 200, epoch: 1 | loss: 0.2911199
	speed: 0.0058s/iter; left time: 121.8078s
	iters: 300, epoch: 1 | loss: 0.5474809
	speed: 0.0068s/iter; left time: 143.4331s
	iters: 400, epoch: 1 | loss: 0.6072559
	speed: 0.0068s/iter; left time: 141.1990s
	iters: 500, epoch: 1 | loss: 0.6167313
	speed: 0.0069s/iter; left time: 142.4791s
	iters: 600, epoch: 1 | loss: 0.4416054
	speed: 0.0065s/iter; left time: 134.7311s
	iters: 700, epoch: 1 | loss: 0.4047401
	speed: 0.0059s/iter; left time: 120.4872s
	iters: 800, epoch: 1 | loss: 0.3382670
	speed: 0.0046s/iter; left time: 94.3310s
	iters: 900, epoch: 1 | loss: 0.5544496
	speed: 0.0051s/iter; left time: 102.8647s
	iters: 1000, epoch: 1 | loss: 0.4331223
	speed: 0.0066s/iter; left time: 134.3327s
Epoch: 1 cost time: 6.3391289710998535
Epoch: 1, Steps: 1063 | Train Loss: 0.6533166 Vali Loss: 0.3597598 Test Loss: 0.5360330
Validation loss decreased (inf --> 0.359760).  Saving model ...
Updating learning rate to 0.01
	iters: 100, epoch: 2 | loss: 0.2369928
	speed: 0.0297s/iter; left time: 596.6761s
	iters: 200, epoch: 2 | loss: 0.2273535
	speed: 0.0060s/iter; left time: 120.7880s
	iters: 300, epoch: 2 | loss: 0.3831236
	speed: 0.0057s/iter; left time: 112.6807s
	iters: 400, epoch: 2 | loss: 0.4168446
	speed: 0.0047s/iter; left time: 94.0404s
	iters: 500, epoch: 2 | loss: 1.6720948
	speed: 0.0057s/iter; left time: 111.5636s
	iters: 600, epoch: 2 | loss: 0.9969674
	speed: 0.0055s/iter; left time: 107.4082s
	iters: 700, epoch: 2 | loss: 0.3918279
	speed: 0.0057s/iter; left time: 111.5722s
	iters: 800, epoch: 2 | loss: 0.3328639
	speed: 0.0055s/iter; left time: 106.3060s
	iters: 900, epoch: 2 | loss: 0.4951909
	speed: 0.0043s/iter; left time: 82.2096s
	iters: 1000, epoch: 2 | loss: 0.3649658
	speed: 0.0056s/iter; left time: 107.5731s
Epoch: 2 cost time: 5.933204412460327
Epoch: 2, Steps: 1063 | Train Loss: 0.6498703 Vali Loss: 0.4695826 Test Loss: 0.7247218
EarlyStopping counter: 1 out of 5
Updating learning rate to 0.005
	iters: 100, epoch: 3 | loss: 0.2918440
	speed: 0.0283s/iter; left time: 538.6154s
	iters: 200, epoch: 3 | loss: 0.3129792
	speed: 0.0057s/iter; left time: 108.3213s
	iters: 300, epoch: 3 | loss: 0.2082008
	speed: 0.0066s/iter; left time: 123.9736s
	iters: 400, epoch: 3 | loss: 0.1753708
	speed: 0.0068s/iter; left time: 126.6184s
	iters: 500, epoch: 3 | loss: 0.2536694
	speed: 0.0061s/iter; left time: 113.6702s
	iters: 600, epoch: 3 | loss: 0.2454260
	speed: 0.0052s/iter; left time: 97.1001s
	iters: 700, epoch: 3 | loss: 0.3562366
	speed: 0.0057s/iter; left time: 104.5893s
	iters: 800, epoch: 3 | loss: 0.2164780
	speed: 0.0063s/iter; left time: 116.2599s
	iters: 900, epoch: 3 | loss: 1.5720485
	speed: 0.0056s/iter; left time: 102.1159s
	iters: 1000, epoch: 3 | loss: 0.2341556
	speed: 0.0056s/iter; left time: 101.7940s
Epoch: 3 cost time: 6.269255638122559
Epoch: 3, Steps: 1063 | Train Loss: 0.3692285 Vali Loss: 0.1690135 Test Loss: 0.2338790
Validation loss decreased (0.359760 --> 0.169014).  Saving model ...
Updating learning rate to 0.0025
	iters: 100, epoch: 4 | loss: 0.4554118
	speed: 0.0240s/iter; left time: 430.5641s
	iters: 200, epoch: 4 | loss: 0.4449483
	speed: 0.0048s/iter; left time: 86.0093s
	iters: 300, epoch: 4 | loss: 0.1289708
	speed: 0.0063s/iter; left time: 112.7083s
	iters: 400, epoch: 4 | loss: 0.3338631
	speed: 0.0064s/iter; left time: 113.1579s
	iters: 500, epoch: 4 | loss: 0.2348100
	speed: 0.0067s/iter; left time: 118.4453s
	iters: 600, epoch: 4 | loss: 0.1877638
	speed: 0.0066s/iter; left time: 114.7907s
	iters: 700, epoch: 4 | loss: 0.2404841
	speed: 0.0060s/iter; left time: 104.4267s
	iters: 800, epoch: 4 | loss: 0.1877870
	speed: 0.0049s/iter; left time: 84.6325s
	iters: 900, epoch: 4 | loss: 0.4124214
	speed: 0.0056s/iter; left time: 96.1855s
	iters: 1000, epoch: 4 | loss: 1.0014280
	speed: 0.0053s/iter; left time: 89.7988s
Epoch: 4 cost time: 6.25461745262146
Epoch: 4, Steps: 1063 | Train Loss: 0.3302245 Vali Loss: 0.1842004 Test Loss: 0.2675186
EarlyStopping counter: 1 out of 5
Updating learning rate to 0.00125
	iters: 100, epoch: 5 | loss: 0.1569307
	speed: 0.0300s/iter; left time: 507.9562s
	iters: 200, epoch: 5 | loss: 0.3277475
	speed: 0.0058s/iter; left time: 97.5354s
	iters: 300, epoch: 5 | loss: 0.1897547
	speed: 0.0069s/iter; left time: 114.6583s
	iters: 400, epoch: 5 | loss: 0.4189032
	speed: 0.0061s/iter; left time: 101.6203s
	iters: 500, epoch: 5 | loss: 0.2012526
	speed: 0.0057s/iter; left time: 94.8016s
	iters: 600, epoch: 5 | loss: 0.3522806
	speed: 0.0056s/iter; left time: 91.8906s
	iters: 700, epoch: 5 | loss: 0.1972897
	speed: 0.0054s/iter; left time: 87.9340s
	iters: 800, epoch: 5 | loss: 0.2769862
	speed: 0.0066s/iter; left time: 106.8659s
	iters: 900, epoch: 5 | loss: 0.4873245
	speed: 0.0059s/iter; left time: 94.3713s
	iters: 1000, epoch: 5 | loss: 0.1795420
	speed: 0.0055s/iter; left time: 87.2775s
Epoch: 5 cost time: 6.324024200439453
Epoch: 5, Steps: 1063 | Train Loss: 0.3110199 Vali Loss: 0.1624280 Test Loss: 0.2331858
Validation loss decreased (0.169014 --> 0.162428).  Saving model ...
Updating learning rate to 0.000625
	iters: 100, epoch: 6 | loss: 0.5135378
	speed: 0.0288s/iter; left time: 457.1517s
	iters: 200, epoch: 6 | loss: 0.2508340
	speed: 0.0060s/iter; left time: 94.9247s
	iters: 300, epoch: 6 | loss: 0.3160369
	speed: 0.0060s/iter; left time: 94.5359s
	iters: 400, epoch: 6 | loss: 0.2175304
	speed: 0.0061s/iter; left time: 94.8401s
	iters: 500, epoch: 6 | loss: 0.2935436
	speed: 0.0062s/iter; left time: 95.3417s
	iters: 600, epoch: 6 | loss: 0.2930930
	speed: 0.0056s/iter; left time: 85.9962s
	iters: 700, epoch: 6 | loss: 0.3483584
	speed: 0.0060s/iter; left time: 91.5622s
	iters: 800, epoch: 6 | loss: 0.3828494
	speed: 0.0050s/iter; left time: 76.0957s
	iters: 900, epoch: 6 | loss: 0.5778308
	speed: 0.0053s/iter; left time: 80.1953s
	iters: 1000, epoch: 6 | loss: 0.2323889
	speed: 0.0052s/iter; left time: 77.1705s
Epoch: 6 cost time: 6.16051173210144
Epoch: 6, Steps: 1063 | Train Loss: 0.2986348 Vali Loss: 0.1654035 Test Loss: 0.2313958
EarlyStopping counter: 1 out of 5
Updating learning rate to 0.0003125
	iters: 100, epoch: 7 | loss: 0.1880492
	speed: 0.0280s/iter; left time: 413.3170s
	iters: 200, epoch: 7 | loss: 0.1847783
	speed: 0.0046s/iter; left time: 67.2481s
	iters: 300, epoch: 7 | loss: 0.1754783
	speed: 0.0042s/iter; left time: 61.3696s
	iters: 400, epoch: 7 | loss: 0.6136083
	speed: 0.0054s/iter; left time: 77.8309s
	iters: 500, epoch: 7 | loss: 0.4948686
	speed: 0.0052s/iter; left time: 75.1088s
	iters: 600, epoch: 7 | loss: 0.1894889
	speed: 0.0068s/iter; left time: 97.8107s
	iters: 700, epoch: 7 | loss: 0.3819333
	speed: 0.0066s/iter; left time: 93.6360s
	iters: 800, epoch: 7 | loss: 0.2264024
	speed: 0.0053s/iter; left time: 74.4775s
	iters: 900, epoch: 7 | loss: 0.2341500
	speed: 0.0056s/iter; left time: 78.4787s
	iters: 1000, epoch: 7 | loss: 0.7357722
	speed: 0.0061s/iter; left time: 84.0004s
Epoch: 7 cost time: 5.835987567901611
Epoch: 7, Steps: 1063 | Train Loss: 0.2946848 Vali Loss: 0.1564412 Test Loss: 0.2189100
Validation loss decreased (0.162428 --> 0.156441).  Saving model ...
Updating learning rate to 0.00015625
	iters: 100, epoch: 8 | loss: 0.2939221
	speed: 0.0236s/iter; left time: 323.1853s
	iters: 200, epoch: 8 | loss: 0.1946132
	speed: 0.0058s/iter; left time: 78.8698s
	iters: 300, epoch: 8 | loss: 0.3374956
	speed: 0.0062s/iter; left time: 84.3647s
	iters: 400, epoch: 8 | loss: 0.3765821
	speed: 0.0068s/iter; left time: 91.2915s
	iters: 500, epoch: 8 | loss: 0.3381191
	speed: 0.0066s/iter; left time: 87.7791s
	iters: 600, epoch: 8 | loss: 0.1542593
	speed: 0.0057s/iter; left time: 75.7767s
	iters: 700, epoch: 8 | loss: 0.1980083
	speed: 0.0058s/iter; left time: 76.5554s
	iters: 800, epoch: 8 | loss: 0.1528008
	speed: 0.0057s/iter; left time: 73.9537s
	iters: 900, epoch: 8 | loss: 0.2572362
	speed: 0.0063s/iter; left time: 81.2967s
	iters: 1000, epoch: 8 | loss: 0.1793179
	speed: 0.0057s/iter; left time: 72.8177s
Epoch: 8 cost time: 6.3709893226623535
Epoch: 8, Steps: 1063 | Train Loss: 0.2914570 Vali Loss: 0.1546669 Test Loss: 0.2170963
Validation loss decreased (0.156441 --> 0.154667).  Saving model ...
Updating learning rate to 7.8125e-05
	iters: 100, epoch: 9 | loss: 0.3954185
	speed: 0.0269s/iter; left time: 340.8550s
	iters: 200, epoch: 9 | loss: 0.2559851
	speed: 0.0052s/iter; left time: 65.3193s
	iters: 300, epoch: 9 | loss: 0.2771310
	speed: 0.0049s/iter; left time: 60.8185s
	iters: 400, epoch: 9 | loss: 0.4743809
	speed: 0.0046s/iter; left time: 56.6237s
	iters: 500, epoch: 9 | loss: 0.2599387
	speed: 0.0043s/iter; left time: 53.0523s
	iters: 600, epoch: 9 | loss: 0.2140410
	speed: 0.0062s/iter; left time: 75.1594s
	iters: 700, epoch: 9 | loss: 0.1614662
	speed: 0.0062s/iter; left time: 75.0974s
	iters: 800, epoch: 9 | loss: 0.2249775
	speed: 0.0056s/iter; left time: 67.1130s
	iters: 900, epoch: 9 | loss: 0.2708352
	speed: 0.0048s/iter; left time: 56.6765s
	iters: 1000, epoch: 9 | loss: 0.2416908
	speed: 0.0056s/iter; left time: 65.2963s
Epoch: 9 cost time: 5.759500980377197
Epoch: 9, Steps: 1063 | Train Loss: 0.2896959 Vali Loss: 0.1551420 Test Loss: 0.2172480
EarlyStopping counter: 1 out of 5
Updating learning rate to 3.90625e-05
	iters: 100, epoch: 10 | loss: 0.7182490
	speed: 0.0276s/iter; left time: 320.4132s
	iters: 200, epoch: 10 | loss: 0.7690449
	speed: 0.0054s/iter; left time: 62.2974s
	iters: 300, epoch: 10 | loss: 0.1929440
	speed: 0.0052s/iter; left time: 59.3938s
	iters: 400, epoch: 10 | loss: 0.1941831
	speed: 0.0058s/iter; left time: 65.6181s
	iters: 500, epoch: 10 | loss: 0.1957453
	speed: 0.0049s/iter; left time: 54.3250s
	iters: 600, epoch: 10 | loss: 0.1963556
	speed: 0.0050s/iter; left time: 55.7897s
	iters: 700, epoch: 10 | loss: 0.2286391
	speed: 0.0054s/iter; left time: 59.2374s
	iters: 800, epoch: 10 | loss: 0.1654821
	speed: 0.0054s/iter; left time: 58.8894s
	iters: 900, epoch: 10 | loss: 0.2640087
	speed: 0.0055s/iter; left time: 59.3923s
	iters: 1000, epoch: 10 | loss: 0.4116763
	speed: 0.0052s/iter; left time: 55.2879s
Epoch: 10 cost time: 5.694462299346924
Epoch: 10, Steps: 1063 | Train Loss: 0.2887084 Vali Loss: 0.1547530 Test Loss: 0.2175069
EarlyStopping counter: 2 out of 5
Updating learning rate to 1.953125e-05
	iters: 100, epoch: 11 | loss: 0.2516540
	speed: 0.0233s/iter; left time: 245.6366s
	iters: 200, epoch: 11 | loss: 0.3933932
	speed: 0.0054s/iter; left time: 56.3275s
	iters: 300, epoch: 11 | loss: 0.1797010
	speed: 0.0053s/iter; left time: 55.1968s
	iters: 400, epoch: 11 | loss: 0.1995312
	speed: 0.0056s/iter; left time: 56.9866s
	iters: 500, epoch: 11 | loss: 0.1937089
	speed: 0.0062s/iter; left time: 63.1268s
	iters: 600, epoch: 11 | loss: 0.6009567
	speed: 0.0044s/iter; left time: 43.7351s
	iters: 700, epoch: 11 | loss: 0.1564127
	speed: 0.0047s/iter; left time: 47.0934s
	iters: 800, epoch: 11 | loss: 0.1942000
	speed: 0.0054s/iter; left time: 53.4694s
	iters: 900, epoch: 11 | loss: 0.2149144
	speed: 0.0066s/iter; left time: 64.2614s
	iters: 1000, epoch: 11 | loss: 0.2123652
	speed: 0.0059s/iter; left time: 56.6348s
Epoch: 11 cost time: 5.877099990844727
Epoch: 11, Steps: 1063 | Train Loss: 0.2885059 Vali Loss: 0.1551141 Test Loss: 0.2184278
EarlyStopping counter: 3 out of 5
Updating learning rate to 9.765625e-06
	iters: 100, epoch: 12 | loss: 0.2243468
	speed: 0.0296s/iter; left time: 280.3242s
	iters: 200, epoch: 12 | loss: 0.5163816
	speed: 0.0052s/iter; left time: 48.9946s
	iters: 300, epoch: 12 | loss: 0.4675104
	speed: 0.0051s/iter; left time: 47.0923s
	iters: 400, epoch: 12 | loss: 0.1971077
	speed: 0.0044s/iter; left time: 40.1560s
	iters: 500, epoch: 12 | loss: 0.3651976
	speed: 0.0054s/iter; left time: 48.9944s
	iters: 600, epoch: 12 | loss: 0.4883632
	speed: 0.0067s/iter; left time: 59.6753s
	iters: 700, epoch: 12 | loss: 0.1846503
	speed: 0.0064s/iter; left time: 56.7901s
	iters: 800, epoch: 12 | loss: 0.1836854
	speed: 0.0055s/iter; left time: 48.6015s
	iters: 900, epoch: 12 | loss: 0.2878210
	speed: 0.0048s/iter; left time: 41.1753s
	iters: 1000, epoch: 12 | loss: 0.3289292
	speed: 0.0043s/iter; left time: 36.8425s
Epoch: 12 cost time: 5.64389443397522
Epoch: 12, Steps: 1063 | Train Loss: 0.2880946 Vali Loss: 0.1549038 Test Loss: 0.2178039
EarlyStopping counter: 4 out of 5
Updating learning rate to 4.8828125e-06
	iters: 100, epoch: 13 | loss: 0.1646581
	speed: 0.0258s/iter; left time: 216.4593s
	iters: 200, epoch: 13 | loss: 0.4676881
	speed: 0.0053s/iter; left time: 44.1471s
	iters: 300, epoch: 13 | loss: 0.2678353
	speed: 0.0053s/iter; left time: 43.3417s
	iters: 400, epoch: 13 | loss: 0.2377660
	speed: 0.0048s/iter; left time: 38.9214s
	iters: 500, epoch: 13 | loss: 0.1948534
	speed: 0.0049s/iter; left time: 39.0514s
	iters: 600, epoch: 13 | loss: 0.2360512
	speed: 0.0043s/iter; left time: 34.3076s
	iters: 700, epoch: 13 | loss: 0.1545754
	speed: 0.0058s/iter; left time: 45.2822s
	iters: 800, epoch: 13 | loss: 0.2753235
	speed: 0.0052s/iter; left time: 40.0875s
	iters: 900, epoch: 13 | loss: 0.1205163
	speed: 0.0060s/iter; left time: 45.7819s
	iters: 1000, epoch: 13 | loss: 0.1853203
	speed: 0.0062s/iter; left time: 46.7633s
Epoch: 13 cost time: 5.700597763061523
Epoch: 13, Steps: 1063 | Train Loss: 0.2881897 Vali Loss: 0.1548599 Test Loss: 0.2179204
EarlyStopping counter: 5 out of 5
Early stopping
>>>>>>>testing : ETTm2_336_192_NLinear_ETTm2_ftM_sl336_ll48_pl192_dm512_nh8_el2_dl1_df2048_fc1_ebtimeF_dtTrue_Exp_0_seed3144<<<<<<<<<<<<<<<<<<<<<<<<<<<<<<<<<
test 11329
mse:0.21744059026241302, mae:0.2891271710395813
