Args in experiment:
Namespace(activation='gelu', batch_size=32, c_out=7, checkpoints='./checkpoints/', d_ff=2048, d_layers=1, d_model=512, data='ETTh1', data_path='ETTh1.csv', dec_in=7, des='Exp', devices='0,1,2,3', distil=True, do_predict=False, dropout=0.05, e_layers=2, embed='timeF', embed_type=0, enc_in=7, factor=1, features='M', freq='h', gpu=0, individual=True, is_training=1, itr=1, label_len=48, learning_rate=0.005, loss='mse', lradj='type1', model='NLinear', model_id='ETTh1_336_336', moving_avg=25, n_heads=8, num_workers=0, output_attention=False, patience=5, pred_len=336, root_path='./dataset/', save_pred_values=False, seed=3144, seq_len=336, target='OT', test_flop=False, train_epochs=20, train_only=False, use_amp=False, use_gpu=False, use_multi_gpu=False)
Use CPU
>>>>>>>start training : ETTh1_336_336_NLinear_ETTh1_ftM_sl336_ll48_pl336_dm512_nh8_el2_dl1_df2048_fc1_ebtimeF_dtTrue_Exp_0_seed3144>>>>>>>>>>>>>>>>>>>>>>>>>>
train 7969
val 2545
test 2545
	iters: 100, epoch: 1 | loss: 0.4594782
	speed: 0.0082s/iter; left time: 40.2427s
	iters: 200, epoch: 1 | loss: 0.5500204
	speed: 0.0091s/iter; left time: 43.2969s
Epoch: 1 cost time: 2.1812944412231445
Epoch: 1, Steps: 249 | Train Loss: 0.5472807 Vali Loss: 1.4598696 Test Loss: 0.5291512
Validation loss decreased (inf --> 1.459870).  Saving model ...
Updating learning rate to 0.005
	iters: 100, epoch: 2 | loss: 0.6545556
	speed: 0.0172s/iter; left time: 79.4667s
	iters: 200, epoch: 2 | loss: 0.5092390
	speed: 0.0085s/iter; left time: 38.3131s
Epoch: 2 cost time: 2.1147758960723877
Epoch: 2, Steps: 249 | Train Loss: 0.5208629 Vali Loss: 1.4111750 Test Loss: 0.5311581
Validation loss decreased (1.459870 --> 1.411175).  Saving model ...
Updating learning rate to 0.0025
	iters: 100, epoch: 3 | loss: 0.4620060
	speed: 0.0157s/iter; left time: 68.9155s
	iters: 200, epoch: 3 | loss: 0.4685337
	speed: 0.0080s/iter; left time: 34.3608s
Epoch: 3 cost time: 1.968480110168457
Epoch: 3, Steps: 249 | Train Loss: 0.4720287 Vali Loss: 1.2897899 Test Loss: 0.4718563
Validation loss decreased (1.411175 --> 1.289790).  Saving model ...
Updating learning rate to 0.00125
	iters: 100, epoch: 4 | loss: 0.4296490
	speed: 0.0151s/iter; left time: 62.5653s
	iters: 200, epoch: 4 | loss: 0.4683041
	speed: 0.0083s/iter; left time: 33.3163s
Epoch: 4 cost time: 1.916468620300293
Epoch: 4, Steps: 249 | Train Loss: 0.4493807 Vali Loss: 1.3521734 Test Loss: 0.4592337
EarlyStopping counter: 1 out of 5
Updating learning rate to 0.000625
	iters: 100, epoch: 5 | loss: 0.5112768
	speed: 0.0181s/iter; left time: 70.1435s
	iters: 200, epoch: 5 | loss: 0.4501203
	speed: 0.0086s/iter; left time: 32.3765s
Epoch: 5 cost time: 2.113809108734131
Epoch: 5, Steps: 249 | Train Loss: 0.4391829 Vali Loss: 1.2831513 Test Loss: 0.4496187
Validation loss decreased (1.289790 --> 1.283151).  Saving model ...
Updating learning rate to 0.0003125
	iters: 100, epoch: 6 | loss: 0.4402561
	speed: 0.0173s/iter; left time: 62.7338s
	iters: 200, epoch: 6 | loss: 0.3984671
	speed: 0.0089s/iter; left time: 31.5880s
Epoch: 6 cost time: 2.1484439373016357
Epoch: 6, Steps: 249 | Train Loss: 0.4337646 Vali Loss: 1.2524265 Test Loss: 0.4427905
Validation loss decreased (1.283151 --> 1.252427).  Saving model ...
Updating learning rate to 0.00015625
	iters: 100, epoch: 7 | loss: 0.4643808
	speed: 0.0204s/iter; left time: 69.0038s
	iters: 200, epoch: 7 | loss: 0.4086966
	speed: 0.0086s/iter; left time: 28.3828s
Epoch: 7 cost time: 2.208587408065796
Epoch: 7, Steps: 249 | Train Loss: 0.4306819 Vali Loss: 1.2923725 Test Loss: 0.4442692
EarlyStopping counter: 1 out of 5
Updating learning rate to 7.8125e-05
	iters: 100, epoch: 8 | loss: 0.3783356
	speed: 0.0167s/iter; left time: 52.4130s
	iters: 200, epoch: 8 | loss: 0.5126844
	speed: 0.0093s/iter; left time: 28.2118s
Epoch: 8 cost time: 2.1119842529296875
Epoch: 8, Steps: 249 | Train Loss: 0.4291121 Vali Loss: 1.2573630 Test Loss: 0.4399046
EarlyStopping counter: 2 out of 5
Updating learning rate to 3.90625e-05
	iters: 100, epoch: 9 | loss: 0.4738394
	speed: 0.0180s/iter; left time: 52.0454s
	iters: 200, epoch: 9 | loss: 0.4363186
	speed: 0.0081s/iter; left time: 22.4833s
Epoch: 9 cost time: 2.0752463340759277
Epoch: 9, Steps: 249 | Train Loss: 0.4281116 Vali Loss: 1.2611948 Test Loss: 0.4402588
EarlyStopping counter: 3 out of 5
Updating learning rate to 1.953125e-05
	iters: 100, epoch: 10 | loss: 0.4200527
	speed: 0.0196s/iter; left time: 51.7090s
	iters: 200, epoch: 10 | loss: 0.4474275
	speed: 0.0083s/iter; left time: 21.1603s
Epoch: 10 cost time: 2.132518768310547
Epoch: 10, Steps: 249 | Train Loss: 0.4276841 Vali Loss: 1.2625555 Test Loss: 0.4400361
EarlyStopping counter: 4 out of 5
Updating learning rate to 9.765625e-06
	iters: 100, epoch: 11 | loss: 0.4906952
	speed: 0.0173s/iter; left time: 41.4168s
	iters: 200, epoch: 11 | loss: 0.4932657
	speed: 0.0088s/iter; left time: 20.0932s
Epoch: 11 cost time: 2.0733091831207275
Epoch: 11, Steps: 249 | Train Loss: 0.4274354 Vali Loss: 1.2600442 Test Loss: 0.4397067
EarlyStopping counter: 5 out of 5
Early stopping
>>>>>>>testing : ETTh1_336_336_NLinear_ETTh1_ftM_sl336_ll48_pl336_dm512_nh8_el2_dl1_df2048_fc1_ebtimeF_dtTrue_Exp_0_seed3144<<<<<<<<<<<<<<<<<<<<<<<<<<<<<<<<<
test 2545
mse:0.4416590929031372, mae:0.4388464391231537
