Args in experiment:
Namespace(activation='gelu', batch_size=32, c_out=7, checkpoints='./checkpoints/', d_ff=2048, d_layers=1, d_model=512, data='ETTh1', data_path='ETTh1.csv', dec_in=7, des='Exp', devices='0,1,2,3', distil=True, do_predict=False, dropout=0.05, e_layers=2, embed='timeF', embed_type=0, enc_in=7, factor=1, features='M', freq='h', gpu=0, individual=True, is_training=1, itr=1, label_len=48, learning_rate=0.005, loss='mse', lradj='type1', model='NLinear', model_id='ETTh1_336_96', moving_avg=25, n_heads=8, num_workers=0, output_attention=False, patience=5, pred_len=96, root_path='./dataset/', save_pred_values=False, seed=10458, seq_len=336, target='OT', test_flop=False, train_epochs=20, train_only=False, use_amp=False, use_gpu=False, use_multi_gpu=False)
Use CPU
>>>>>>>start training : ETTh1_336_96_NLinear_ETTh1_ftM_sl336_ll48_pl96_dm512_nh8_el2_dl1_df2048_fc1_ebtimeF_dtTrue_Exp_0_seed10458>>>>>>>>>>>>>>>>>>>>>>>>>>
train 8209
val 2785
test 2785
	iters: 100, epoch: 1 | loss: 0.3263097
	speed: 0.0035s/iter; left time: 17.6741s
	iters: 200, epoch: 1 | loss: 0.4736551
	speed: 0.0040s/iter; left time: 19.6557s
Epoch: 1 cost time: 0.9744253158569336
Epoch: 1, Steps: 256 | Train Loss: 0.4265678 Vali Loss: 0.8639238 Test Loss: 0.4499325
Validation loss decreased (inf --> 0.863924).  Saving model ...
Updating learning rate to 0.005
	iters: 100, epoch: 2 | loss: 0.4373953
	speed: 0.0092s/iter; left time: 43.8880s
	iters: 200, epoch: 2 | loss: 0.4101677
	speed: 0.0042s/iter; left time: 19.3598s
Epoch: 2 cost time: 1.053175449371338
Epoch: 2, Steps: 256 | Train Loss: 0.3988621 Vali Loss: 0.8615725 Test Loss: 0.4612573
Validation loss decreased (0.863924 --> 0.861573).  Saving model ...
Updating learning rate to 0.0025
	iters: 100, epoch: 3 | loss: 0.3218736
	speed: 0.0089s/iter; left time: 40.0055s
	iters: 200, epoch: 3 | loss: 0.3138319
	speed: 0.0047s/iter; left time: 20.7365s
Epoch: 3 cost time: 1.1233351230621338
Epoch: 3, Steps: 256 | Train Loss: 0.3505152 Vali Loss: 0.7576216 Test Loss: 0.4128835
Validation loss decreased (0.861573 --> 0.757622).  Saving model ...
Updating learning rate to 0.00125
	iters: 100, epoch: 4 | loss: 0.3112225
	speed: 0.0105s/iter; left time: 44.4592s
	iters: 200, epoch: 4 | loss: 0.4459955
	speed: 0.0054s/iter; left time: 22.3847s
Epoch: 4 cost time: 1.274362325668335
Epoch: 4, Steps: 256 | Train Loss: 0.3318324 Vali Loss: 0.7211058 Test Loss: 0.3985586
Validation loss decreased (0.757622 --> 0.721106).  Saving model ...
Updating learning rate to 0.000625
	iters: 100, epoch: 5 | loss: 0.3159722
	speed: 0.0114s/iter; left time: 45.4183s
	iters: 200, epoch: 5 | loss: 0.3329950
	speed: 0.0045s/iter; left time: 17.4289s
Epoch: 5 cost time: 1.1862878799438477
Epoch: 5, Steps: 256 | Train Loss: 0.3233963 Vali Loss: 0.7228233 Test Loss: 0.3874494
EarlyStopping counter: 1 out of 5
Updating learning rate to 0.0003125
	iters: 100, epoch: 6 | loss: 0.3073586
	speed: 0.0112s/iter; left time: 41.9840s
	iters: 200, epoch: 6 | loss: 0.2747708
	speed: 0.0044s/iter; left time: 16.2024s
Epoch: 6 cost time: 1.1684105396270752
Epoch: 6, Steps: 256 | Train Loss: 0.3190248 Vali Loss: 0.6947581 Test Loss: 0.3824496
Validation loss decreased (0.721106 --> 0.694758).  Saving model ...
Updating learning rate to 0.00015625
	iters: 100, epoch: 7 | loss: 0.3131496
	speed: 0.0095s/iter; left time: 32.9400s
	iters: 200, epoch: 7 | loss: 0.3024066
	speed: 0.0047s/iter; left time: 15.7755s
Epoch: 7 cost time: 1.1390440464019775
Epoch: 7, Steps: 256 | Train Loss: 0.3163215 Vali Loss: 0.7017196 Test Loss: 0.3815758
EarlyStopping counter: 1 out of 5
Updating learning rate to 7.8125e-05
	iters: 100, epoch: 8 | loss: 0.2792294
	speed: 0.0091s/iter; left time: 29.5189s
	iters: 200, epoch: 8 | loss: 0.3296606
	speed: 0.0043s/iter; left time: 13.4252s
Epoch: 8 cost time: 1.068239450454712
Epoch: 8, Steps: 256 | Train Loss: 0.3148389 Vali Loss: 0.7049903 Test Loss: 0.3798148
EarlyStopping counter: 2 out of 5
Updating learning rate to 3.90625e-05
	iters: 100, epoch: 9 | loss: 0.2946380
	speed: 0.0104s/iter; left time: 31.0476s
	iters: 200, epoch: 9 | loss: 0.2955462
	speed: 0.0051s/iter; left time: 14.7485s
Epoch: 9 cost time: 1.2352705001831055
Epoch: 9, Steps: 256 | Train Loss: 0.3142881 Vali Loss: 0.7042167 Test Loss: 0.3792187
EarlyStopping counter: 3 out of 5
Updating learning rate to 1.953125e-05
	iters: 100, epoch: 10 | loss: 0.3125383
	speed: 0.0102s/iter; left time: 27.7456s
	iters: 200, epoch: 10 | loss: 0.3473990
	speed: 0.0045s/iter; left time: 11.9073s
Epoch: 10 cost time: 1.1695215702056885
Epoch: 10, Steps: 256 | Train Loss: 0.3138614 Vali Loss: 0.7010161 Test Loss: 0.3799418
EarlyStopping counter: 4 out of 5
Updating learning rate to 9.765625e-06
	iters: 100, epoch: 11 | loss: 0.2762211
	speed: 0.0106s/iter; left time: 26.0988s
	iters: 200, epoch: 11 | loss: 0.2862315
	speed: 0.0053s/iter; left time: 12.5444s
Epoch: 11 cost time: 1.2693636417388916
Epoch: 11, Steps: 256 | Train Loss: 0.3136706 Vali Loss: 0.6996109 Test Loss: 0.3797844
EarlyStopping counter: 5 out of 5
Early stopping
>>>>>>>testing : ETTh1_336_96_NLinear_ETTh1_ftM_sl336_ll48_pl96_dm512_nh8_el2_dl1_df2048_fc1_ebtimeF_dtTrue_Exp_0_seed10458<<<<<<<<<<<<<<<<<<<<<<<<<<<<<<<<<
test 2785
mse:0.38076189160346985, mae:0.4003792405128479
