Args in experiment:
Namespace(activation='gelu', batch_size=32, c_out=7, checkpoints='./checkpoints/', d_ff=2048, d_layers=1, d_model=512, data='custom', data_path='national_illness.csv', dec_in=7, des='Exp', devices='0,1,2,3', distil=True, do_predict=False, dropout=0.05, e_layers=2, embed='timeF', embed_type=0, enc_in=7, factor=1, features='M', freq='h', gpu=0, individual=True, is_training=1, itr=1, label_len=18, learning_rate=0.05, loss='mse', lradj='type1', model='NLinear', model_id='national_illness_104_36', moving_avg=25, n_heads=8, num_workers=0, output_attention=False, patience=5, pred_len=36, root_path='./dataset/', save_pred_values=False, seed=3293, seq_len=104, target='OT', test_flop=False, train_epochs=20, train_only=False, use_amp=False, use_gpu=False, use_multi_gpu=False)
Use CPU
>>>>>>>start training : national_illness_104_36_NLinear_custom_ftM_sl104_ll18_pl36_dm512_nh8_el2_dl1_df2048_fc1_ebtimeF_dtTrue_Exp_0_seed3293>>>>>>>>>>>>>>>>>>>>>>>>>>
train 537
val 62
test 158
Epoch: 1 cost time: 0.03500008583068848
Epoch: 1, Steps: 16 | Train Loss: 3.6383012 Vali Loss: 0.9688448 Test Loss: 9.6427641
Validation loss decreased (inf --> 0.968845).  Saving model ...
Updating learning rate to 0.05
Epoch: 2 cost time: 0.03599977493286133
Epoch: 2, Steps: 16 | Train Loss: 1.3865268 Vali Loss: 0.4436278 Test Loss: 5.9452248
Validation loss decreased (0.968845 --> 0.443628).  Saving model ...
Updating learning rate to 0.025
Epoch: 3 cost time: 0.032510995864868164
Epoch: 3, Steps: 16 | Train Loss: 0.7954890 Vali Loss: 0.4180078 Test Loss: 2.6569679
Validation loss decreased (0.443628 --> 0.418008).  Saving model ...
Updating learning rate to 0.0125
Epoch: 4 cost time: 0.031999826431274414
Epoch: 4, Steps: 16 | Train Loss: 0.5615552 Vali Loss: 0.2873666 Test Loss: 2.1041992
Validation loss decreased (0.418008 --> 0.287367).  Saving model ...
Updating learning rate to 0.00625
Epoch: 5 cost time: 0.032000064849853516
Epoch: 5, Steps: 16 | Train Loss: 0.4812565 Vali Loss: 0.2591619 Test Loss: 1.9655451
Validation loss decreased (0.287367 --> 0.259162).  Saving model ...
Updating learning rate to 0.003125
Epoch: 6 cost time: 0.032997846603393555
Epoch: 6, Steps: 16 | Train Loss: 0.4769858 Vali Loss: 0.2454692 Test Loss: 1.9631914
Validation loss decreased (0.259162 --> 0.245469).  Saving model ...
Updating learning rate to 0.0015625
Epoch: 7 cost time: 0.03199958801269531
Epoch: 7, Steps: 16 | Train Loss: 0.4508311 Vali Loss: 0.2571089 Test Loss: 1.9276003
EarlyStopping counter: 1 out of 5
Updating learning rate to 0.00078125
Epoch: 8 cost time: 0.031999826431274414
Epoch: 8, Steps: 16 | Train Loss: 0.4551438 Vali Loss: 0.2497646 Test Loss: 1.9312404
EarlyStopping counter: 2 out of 5
Updating learning rate to 0.000390625
Epoch: 9 cost time: 0.03299713134765625
Epoch: 9, Steps: 16 | Train Loss: 0.4554739 Vali Loss: 0.2482806 Test Loss: 1.9286029
EarlyStopping counter: 3 out of 5
Updating learning rate to 0.0001953125
Epoch: 10 cost time: 0.03299999237060547
Epoch: 10, Steps: 16 | Train Loss: 0.4659026 Vali Loss: 0.2358558 Test Loss: 1.9265251
Validation loss decreased (0.245469 --> 0.235856).  Saving model ...
Updating learning rate to 9.765625e-05
Epoch: 11 cost time: 0.032140254974365234
Epoch: 11, Steps: 16 | Train Loss: 0.4587723 Vali Loss: 0.2276093 Test Loss: 1.9290154
Validation loss decreased (0.235856 --> 0.227609).  Saving model ...
Updating learning rate to 4.8828125e-05
Epoch: 12 cost time: 0.032000064849853516
Epoch: 12, Steps: 16 | Train Loss: 0.4511505 Vali Loss: 0.2351536 Test Loss: 1.9285167
EarlyStopping counter: 1 out of 5
Updating learning rate to 2.44140625e-05
Epoch: 13 cost time: 0.03200078010559082
Epoch: 13, Steps: 16 | Train Loss: 0.4622409 Vali Loss: 0.2399846 Test Loss: 1.9287552
EarlyStopping counter: 2 out of 5
Updating learning rate to 1.220703125e-05
Epoch: 14 cost time: 0.02700066566467285
Epoch: 14, Steps: 16 | Train Loss: 0.4442199 Vali Loss: 0.2389450 Test Loss: 1.9286827
EarlyStopping counter: 3 out of 5
Updating learning rate to 6.103515625e-06
Epoch: 15 cost time: 0.03499913215637207
Epoch: 15, Steps: 16 | Train Loss: 0.4498589 Vali Loss: 0.2480165 Test Loss: 1.9286458
EarlyStopping counter: 4 out of 5
Updating learning rate to 3.0517578125e-06
Epoch: 16 cost time: 0.03600001335144043
Epoch: 16, Steps: 16 | Train Loss: 0.4486799 Vali Loss: 0.2731412 Test Loss: 1.9285576
EarlyStopping counter: 5 out of 5
Early stopping
>>>>>>>testing : national_illness_104_36_NLinear_custom_ftM_sl104_ll18_pl36_dm512_nh8_el2_dl1_df2048_fc1_ebtimeF_dtTrue_Exp_0_seed3293<<<<<<<<<<<<<<<<<<<<<<<<<<<<<<<<<
test 158
mse:1.9137316942214966, mae:0.8638248443603516
