Args in experiment:
Namespace(activation='gelu', batch_size=8, c_out=7, checkpoints='./checkpoints/', d_ff=2048, d_layers=1, d_model=512, data='ETTm1', data_path='ETTm1.csv', dec_in=7, des='Exp', devices='0,1,2,3', distil=True, do_predict=False, dropout=0.05, e_layers=2, embed='timeF', embed_type=0, enc_in=7, factor=1, features='M', freq='h', gpu=0, individual=True, is_training=1, itr=1, label_len=48, learning_rate=0.005, loss='mse', lradj='type1', model='NLinear', model_id='ETTm1_336_720', moving_avg=25, n_heads=8, num_workers=0, output_attention=False, patience=5, pred_len=720, root_path='./dataset/', save_pred_values=False, seed=15349, seq_len=336, target='OT', test_flop=False, train_epochs=20, train_only=False, use_amp=False, use_gpu=False, use_multi_gpu=False)
Use CPU
>>>>>>>start training : ETTm1_336_720_NLinear_ETTm1_ftM_sl336_ll48_pl720_dm512_nh8_el2_dl1_df2048_fc1_ebtimeF_dtTrue_Exp_0_seed15349>>>>>>>>>>>>>>>>>>>>>>>>>>
train 33505
val 10801
test 10801
	iters: 100, epoch: 1 | loss: 0.6636705
	speed: 0.0117s/iter; left time: 981.0837s
	iters: 200, epoch: 1 | loss: 0.5406842
	speed: 0.0134s/iter; left time: 1115.9854s
	iters: 300, epoch: 1 | loss: 0.9514287
	speed: 0.0106s/iter; left time: 881.0125s
	iters: 400, epoch: 1 | loss: 0.5945508
	speed: 0.0116s/iter; left time: 965.1971s
	iters: 500, epoch: 1 | loss: 0.8914721
	speed: 0.0151s/iter; left time: 1258.3595s
	iters: 600, epoch: 1 | loss: 1.0068109
	speed: 0.0145s/iter; left time: 1204.7218s
	iters: 700, epoch: 1 | loss: 0.4748418
	speed: 0.0130s/iter; left time: 1082.2363s
	iters: 800, epoch: 1 | loss: 0.6062121
	speed: 0.0128s/iter; left time: 1061.5538s
	iters: 900, epoch: 1 | loss: 0.7185588
	speed: 0.0122s/iter; left time: 1010.4591s
	iters: 1000, epoch: 1 | loss: 0.7207136
	speed: 0.0115s/iter; left time: 950.5854s
	iters: 1100, epoch: 1 | loss: 0.5499147
	speed: 0.0124s/iter; left time: 1024.4117s
	iters: 1200, epoch: 1 | loss: 0.6324263
	speed: 0.0133s/iter; left time: 1099.3716s
	iters: 1300, epoch: 1 | loss: 0.6589084
	speed: 0.0139s/iter; left time: 1143.4320s
	iters: 1400, epoch: 1 | loss: 0.5182112
	speed: 0.0142s/iter; left time: 1170.3209s
	iters: 1500, epoch: 1 | loss: 0.4859791
	speed: 0.0135s/iter; left time: 1110.7227s
	iters: 1600, epoch: 1 | loss: 0.7465566
	speed: 0.0115s/iter; left time: 944.5054s
	iters: 1700, epoch: 1 | loss: 0.8235740
	speed: 0.0143s/iter; left time: 1177.2153s
	iters: 1800, epoch: 1 | loss: 0.6425191
	speed: 0.0144s/iter; left time: 1178.9954s
	iters: 1900, epoch: 1 | loss: 0.7686021
	speed: 0.0144s/iter; left time: 1181.8463s
	iters: 2000, epoch: 1 | loss: 0.7519807
	speed: 0.0133s/iter; left time: 1084.1335s
	iters: 2100, epoch: 1 | loss: 0.6055793
	speed: 0.0095s/iter; left time: 777.8914s
	iters: 2200, epoch: 1 | loss: 0.7528524
	speed: 0.0112s/iter; left time: 914.8713s
	iters: 2300, epoch: 1 | loss: 0.5908215
	speed: 0.0142s/iter; left time: 1158.0067s
	iters: 2400, epoch: 1 | loss: 0.5394813
	speed: 0.0119s/iter; left time: 970.1714s
	iters: 2500, epoch: 1 | loss: 0.6424292
	speed: 0.0132s/iter; left time: 1072.5210s
	iters: 2600, epoch: 1 | loss: 0.8877755
	speed: 0.0128s/iter; left time: 1041.9659s
	iters: 2700, epoch: 1 | loss: 0.5904173
	speed: 0.0146s/iter; left time: 1180.7735s
	iters: 2800, epoch: 1 | loss: 0.8155591
	speed: 0.0144s/iter; left time: 1164.7700s
	iters: 2900, epoch: 1 | loss: 0.4312373
	speed: 0.0145s/iter; left time: 1172.2416s
	iters: 3000, epoch: 1 | loss: 0.5355539
	speed: 0.0135s/iter; left time: 1092.9277s
	iters: 3100, epoch: 1 | loss: 0.8336158
	speed: 0.0146s/iter; left time: 1178.7455s
	iters: 3200, epoch: 1 | loss: 0.5052021
	speed: 0.0138s/iter; left time: 1113.3059s
	iters: 3300, epoch: 1 | loss: 0.5356433
	speed: 0.0133s/iter; left time: 1069.2960s
	iters: 3400, epoch: 1 | loss: 0.7262432
	speed: 0.0145s/iter; left time: 1165.2184s
	iters: 3500, epoch: 1 | loss: 0.4435772
	speed: 0.0134s/iter; left time: 1076.1577s
	iters: 3600, epoch: 1 | loss: 0.5276214
	speed: 0.0121s/iter; left time: 970.0532s
	iters: 3700, epoch: 1 | loss: 0.6396568
	speed: 0.0126s/iter; left time: 1008.3070s
	iters: 3800, epoch: 1 | loss: 0.7029496
	speed: 0.0130s/iter; left time: 1041.4915s
	iters: 3900, epoch: 1 | loss: 0.5353993
	speed: 0.0136s/iter; left time: 1084.9134s
	iters: 4000, epoch: 1 | loss: 0.6069043
	speed: 0.0149s/iter; left time: 1187.6368s
	iters: 4100, epoch: 1 | loss: 0.7477480
	speed: 0.0126s/iter; left time: 1003.7166s
Epoch: 1 cost time: 55.08103156089783
Epoch: 1, Steps: 4188 | Train Loss: 0.6274493 Vali Loss: 1.2238857 Test Loss: 0.6515104
Validation loss decreased (inf --> 1.223886).  Saving model ...
Updating learning rate to 0.005
	iters: 100, epoch: 2 | loss: 0.6753615
	speed: 0.0688s/iter; left time: 5470.4130s
	iters: 200, epoch: 2 | loss: 0.4013134
	speed: 0.0106s/iter; left time: 840.8398s
	iters: 300, epoch: 2 | loss: 0.6678575
	speed: 0.0126s/iter; left time: 997.0749s
	iters: 400, epoch: 2 | loss: 0.6306851
	speed: 0.0127s/iter; left time: 1006.1946s
	iters: 500, epoch: 2 | loss: 0.5378444
	speed: 0.0122s/iter; left time: 965.1785s
	iters: 600, epoch: 2 | loss: 0.4826403
	speed: 0.0106s/iter; left time: 837.4529s
	iters: 700, epoch: 2 | loss: 0.4887235
	speed: 0.0115s/iter; left time: 910.3381s
	iters: 800, epoch: 2 | loss: 0.4870904
	speed: 0.0141s/iter; left time: 1111.0680s
	iters: 900, epoch: 2 | loss: 0.6770507
	speed: 0.0125s/iter; left time: 986.9660s
	iters: 1000, epoch: 2 | loss: 0.5493520
	speed: 0.0141s/iter; left time: 1110.4355s
	iters: 1100, epoch: 2 | loss: 0.4377812
	speed: 0.0138s/iter; left time: 1083.5180s
	iters: 1200, epoch: 2 | loss: 0.7197938
	speed: 0.0133s/iter; left time: 1044.5968s
	iters: 1300, epoch: 2 | loss: 0.4740432
	speed: 0.0139s/iter; left time: 1084.6525s
	iters: 1400, epoch: 2 | loss: 0.5166841
	speed: 0.0142s/iter; left time: 1108.3625s
	iters: 1500, epoch: 2 | loss: 0.4379786
	speed: 0.0120s/iter; left time: 934.8555s
	iters: 1600, epoch: 2 | loss: 0.5239354
	speed: 0.0126s/iter; left time: 979.3666s
	iters: 1700, epoch: 2 | loss: 0.5244711
	speed: 0.0137s/iter; left time: 1068.1431s
	iters: 1800, epoch: 2 | loss: 0.6433834
	speed: 0.0107s/iter; left time: 828.9892s
	iters: 1900, epoch: 2 | loss: 0.4461041
	speed: 0.0108s/iter; left time: 839.2602s
	iters: 2000, epoch: 2 | loss: 0.6685212
	speed: 0.0128s/iter; left time: 995.2658s
	iters: 2100, epoch: 2 | loss: 0.6109977
	speed: 0.0109s/iter; left time: 844.6967s
	iters: 2200, epoch: 2 | loss: 0.5437571
	speed: 0.0138s/iter; left time: 1070.0993s
	iters: 2300, epoch: 2 | loss: 0.5600761
	speed: 0.0150s/iter; left time: 1156.5098s
	iters: 2400, epoch: 2 | loss: 0.4659531
	speed: 0.0139s/iter; left time: 1074.9168s
	iters: 2500, epoch: 2 | loss: 0.5366118
	speed: 0.0147s/iter; left time: 1135.7122s
	iters: 2600, epoch: 2 | loss: 0.5613698
	speed: 0.0152s/iter; left time: 1171.2448s
	iters: 2700, epoch: 2 | loss: 0.6298912
	speed: 0.0151s/iter; left time: 1157.4840s
	iters: 2800, epoch: 2 | loss: 0.6831162
	speed: 0.0148s/iter; left time: 1135.3880s
	iters: 2900, epoch: 2 | loss: 0.4383580
	speed: 0.0147s/iter; left time: 1127.5434s
	iters: 3000, epoch: 2 | loss: 0.4573979
	speed: 0.0143s/iter; left time: 1095.2937s
	iters: 3100, epoch: 2 | loss: 0.5166038
	speed: 0.0133s/iter; left time: 1020.6021s
	iters: 3200, epoch: 2 | loss: 0.6302123
	speed: 0.0131s/iter; left time: 1004.0590s
	iters: 3300, epoch: 2 | loss: 0.6509064
	speed: 0.0116s/iter; left time: 886.3122s
	iters: 3400, epoch: 2 | loss: 0.4570467
	speed: 0.0114s/iter; left time: 871.9460s
	iters: 3500, epoch: 2 | loss: 0.7408995
	speed: 0.0122s/iter; left time: 927.9341s
	iters: 3600, epoch: 2 | loss: 0.5200397
	speed: 0.0140s/iter; left time: 1065.5274s
	iters: 3700, epoch: 2 | loss: 0.5832628
	speed: 0.0147s/iter; left time: 1112.3697s
	iters: 3800, epoch: 2 | loss: 0.6339241
	speed: 0.0151s/iter; left time: 1141.2625s
	iters: 3900, epoch: 2 | loss: 0.5680823
	speed: 0.0121s/iter; left time: 918.1878s
	iters: 4000, epoch: 2 | loss: 0.7692165
	speed: 0.0137s/iter; left time: 1032.3154s
	iters: 4100, epoch: 2 | loss: 0.4417480
	speed: 0.0141s/iter; left time: 1063.1775s
Epoch: 2 cost time: 54.56648659706116
Epoch: 2, Steps: 4188 | Train Loss: 0.6284828 Vali Loss: 1.7968236 Test Loss: 1.1376381
EarlyStopping counter: 1 out of 5
Updating learning rate to 0.0025
	iters: 100, epoch: 3 | loss: 0.4140708
	speed: 0.0826s/iter; left time: 6216.9543s
	iters: 200, epoch: 3 | loss: 0.6702074
	speed: 0.0105s/iter; left time: 786.0868s
	iters: 300, epoch: 3 | loss: 0.5033984
	speed: 0.0105s/iter; left time: 789.5093s
	iters: 400, epoch: 3 | loss: 0.4905352
	speed: 0.0127s/iter; left time: 952.1904s
	iters: 500, epoch: 3 | loss: 0.4708501
	speed: 0.0139s/iter; left time: 1042.9273s
	iters: 600, epoch: 3 | loss: 0.5329304
	speed: 0.0125s/iter; left time: 931.4103s
	iters: 700, epoch: 3 | loss: 0.6193047
	speed: 0.0138s/iter; left time: 1033.9383s
	iters: 800, epoch: 3 | loss: 0.3670809
	speed: 0.0145s/iter; left time: 1084.8406s
	iters: 900, epoch: 3 | loss: 0.5922872
	speed: 0.0142s/iter; left time: 1054.4250s
	iters: 1000, epoch: 3 | loss: 0.6341610
	speed: 0.0142s/iter; left time: 1054.1639s
	iters: 1100, epoch: 3 | loss: 0.3436711
	speed: 0.0129s/iter; left time: 960.5275s
	iters: 1200, epoch: 3 | loss: 0.4511146
	speed: 0.0104s/iter; left time: 772.7695s
	iters: 1300, epoch: 3 | loss: 0.5877706
	speed: 0.0140s/iter; left time: 1038.8631s
	iters: 1400, epoch: 3 | loss: 0.6254585
	speed: 0.0148s/iter; left time: 1092.3055s
	iters: 1500, epoch: 3 | loss: 0.6330972
	speed: 0.0134s/iter; left time: 987.3668s
	iters: 1600, epoch: 3 | loss: 0.3702458
	speed: 0.0124s/iter; left time: 916.3327s
	iters: 1700, epoch: 3 | loss: 0.4809423
	speed: 0.0132s/iter; left time: 974.1124s
	iters: 1800, epoch: 3 | loss: 0.4860023
	speed: 0.0143s/iter; left time: 1049.0259s
	iters: 1900, epoch: 3 | loss: 0.4500236
	speed: 0.0146s/iter; left time: 1069.9613s
	iters: 2000, epoch: 3 | loss: 0.4759944
	speed: 0.0151s/iter; left time: 1106.7680s
	iters: 2100, epoch: 3 | loss: 0.4278991
	speed: 0.0156s/iter; left time: 1146.6826s
	iters: 2200, epoch: 3 | loss: 0.5957967
	speed: 0.0150s/iter; left time: 1101.0447s
	iters: 2300, epoch: 3 | loss: 0.6088814
	speed: 0.0140s/iter; left time: 1021.5765s
	iters: 2400, epoch: 3 | loss: 0.6482747
	speed: 0.0117s/iter; left time: 857.2351s
	iters: 2500, epoch: 3 | loss: 0.6004400
	speed: 0.0134s/iter; left time: 974.5639s
	iters: 2600, epoch: 3 | loss: 0.6637743
	speed: 0.0125s/iter; left time: 911.1751s
	iters: 2700, epoch: 3 | loss: 0.4780133
	speed: 0.0114s/iter; left time: 830.8870s
	iters: 2800, epoch: 3 | loss: 0.5298683
	speed: 0.0140s/iter; left time: 1014.3892s
	iters: 2900, epoch: 3 | loss: 0.3845636
	speed: 0.0121s/iter; left time: 877.0390s
	iters: 3000, epoch: 3 | loss: 0.4873951
	speed: 0.0137s/iter; left time: 989.5558s
	iters: 3100, epoch: 3 | loss: 0.5982959
	speed: 0.0148s/iter; left time: 1066.8260s
	iters: 3200, epoch: 3 | loss: 0.6589260
	speed: 0.0148s/iter; left time: 1069.2627s
	iters: 3300, epoch: 3 | loss: 0.5006043
	speed: 0.0152s/iter; left time: 1098.6810s
	iters: 3400, epoch: 3 | loss: 0.5487874
	speed: 0.0148s/iter; left time: 1063.6020s
	iters: 3500, epoch: 3 | loss: 0.7480173
	speed: 0.0150s/iter; left time: 1076.6859s
	iters: 3600, epoch: 3 | loss: 0.4811113
	speed: 0.0140s/iter; left time: 1007.2785s
	iters: 3700, epoch: 3 | loss: 0.5549174
	speed: 0.0108s/iter; left time: 773.8267s
	iters: 3800, epoch: 3 | loss: 0.4959713
	speed: 0.0147s/iter; left time: 1051.2815s
	iters: 3900, epoch: 3 | loss: 0.3872984
	speed: 0.0105s/iter; left time: 748.0673s
	iters: 4000, epoch: 3 | loss: 0.4299430
	speed: 0.0125s/iter; left time: 889.6837s
	iters: 4100, epoch: 3 | loss: 0.5632505
	speed: 0.0137s/iter; left time: 979.6574s
Epoch: 3 cost time: 55.65250539779663
Epoch: 3, Steps: 4188 | Train Loss: 0.4996264 Vali Loss: 1.0470020 Test Loss: 0.5421092
Validation loss decreased (1.223886 --> 1.047002).  Saving model ...
Updating learning rate to 0.00125
	iters: 100, epoch: 4 | loss: 0.5479333
	speed: 0.0846s/iter; left time: 6013.4661s
	iters: 200, epoch: 4 | loss: 0.4577919
	speed: 0.0121s/iter; left time: 858.1155s
	iters: 300, epoch: 4 | loss: 0.5614141
	speed: 0.0116s/iter; left time: 821.3365s
	iters: 400, epoch: 4 | loss: 0.3249325
	speed: 0.0114s/iter; left time: 804.8301s
	iters: 500, epoch: 4 | loss: 0.4155467
	speed: 0.0118s/iter; left time: 831.2282s
	iters: 600, epoch: 4 | loss: 0.5359538
	speed: 0.0144s/iter; left time: 1018.7008s
	iters: 700, epoch: 4 | loss: 0.5137808
	speed: 0.0141s/iter; left time: 991.9399s
	iters: 800, epoch: 4 | loss: 0.5667807
	speed: 0.0147s/iter; left time: 1034.8869s
	iters: 900, epoch: 4 | loss: 0.4901984
	speed: 0.0149s/iter; left time: 1044.7407s
	iters: 1000, epoch: 4 | loss: 0.2759764
	speed: 0.0128s/iter; left time: 898.2006s
	iters: 1100, epoch: 4 | loss: 0.3358994
	speed: 0.0118s/iter; left time: 827.7944s
	iters: 1200, epoch: 4 | loss: 0.7186462
	speed: 0.0136s/iter; left time: 950.0620s
	iters: 1300, epoch: 4 | loss: 0.4440633
	speed: 0.0120s/iter; left time: 842.1035s
	iters: 1400, epoch: 4 | loss: 0.3745077
	speed: 0.0122s/iter; left time: 854.1429s
	iters: 1500, epoch: 4 | loss: 0.4183523
	speed: 0.0127s/iter; left time: 884.2509s
	iters: 1600, epoch: 4 | loss: 0.5400167
	speed: 0.0144s/iter; left time: 1003.3112s
	iters: 1700, epoch: 4 | loss: 0.4220600
	speed: 0.0104s/iter; left time: 720.9241s
	iters: 1800, epoch: 4 | loss: 0.3148653
	speed: 0.0116s/iter; left time: 803.9688s
	iters: 1900, epoch: 4 | loss: 0.3413192
	speed: 0.0113s/iter; left time: 782.7722s
	iters: 2000, epoch: 4 | loss: 0.3957152
	speed: 0.0126s/iter; left time: 873.8407s
	iters: 2100, epoch: 4 | loss: 0.3690920
	speed: 0.0125s/iter; left time: 861.6786s
	iters: 2200, epoch: 4 | loss: 0.3449030
	speed: 0.0117s/iter; left time: 804.9522s
	iters: 2300, epoch: 4 | loss: 0.3873439
	speed: 0.0132s/iter; left time: 909.0691s
	iters: 2400, epoch: 4 | loss: 0.6259904
	speed: 0.0141s/iter; left time: 968.2133s
	iters: 2500, epoch: 4 | loss: 0.5338955
	speed: 0.0139s/iter; left time: 956.7655s
	iters: 2600, epoch: 4 | loss: 0.4600849
	speed: 0.0135s/iter; left time: 928.3815s
	iters: 2700, epoch: 4 | loss: 0.3900658
	speed: 0.0115s/iter; left time: 784.6445s
	iters: 2800, epoch: 4 | loss: 0.4714819
	speed: 0.0126s/iter; left time: 864.8482s
	iters: 2900, epoch: 4 | loss: 0.4379534
	speed: 0.0141s/iter; left time: 961.5618s
	iters: 3000, epoch: 4 | loss: 0.3675050
	speed: 0.0143s/iter; left time: 973.7161s
	iters: 3100, epoch: 4 | loss: 0.3938791
	speed: 0.0122s/iter; left time: 829.8458s
	iters: 3200, epoch: 4 | loss: 0.4428580
	speed: 0.0142s/iter; left time: 966.7174s
	iters: 3300, epoch: 4 | loss: 0.5193509
	speed: 0.0139s/iter; left time: 946.0863s
	iters: 3400, epoch: 4 | loss: 0.4874946
	speed: 0.0139s/iter; left time: 943.2228s
	iters: 3500, epoch: 4 | loss: 0.3183129
	speed: 0.0148s/iter; left time: 1001.1538s
	iters: 3600, epoch: 4 | loss: 0.4801295
	speed: 0.0145s/iter; left time: 982.7097s
	iters: 3700, epoch: 4 | loss: 0.5038630
	speed: 0.0117s/iter; left time: 791.3741s
	iters: 3800, epoch: 4 | loss: 0.4810989
	speed: 0.0124s/iter; left time: 832.8295s
	iters: 3900, epoch: 4 | loss: 0.4776553
	speed: 0.0133s/iter; left time: 896.6858s
	iters: 4000, epoch: 4 | loss: 0.4196623
	speed: 0.0122s/iter; left time: 822.9602s
	iters: 4100, epoch: 4 | loss: 0.4529826
	speed: 0.0130s/iter; left time: 875.4634s
Epoch: 4 cost time: 53.99610686302185
Epoch: 4, Steps: 4188 | Train Loss: 0.4510207 Vali Loss: 1.0013785 Test Loss: 0.4686312
Validation loss decreased (1.047002 --> 1.001379).  Saving model ...
Updating learning rate to 0.000625
	iters: 100, epoch: 5 | loss: 0.4292139
	speed: 0.0796s/iter; left time: 5327.0851s
	iters: 200, epoch: 5 | loss: 0.4313905
	speed: 0.0112s/iter; left time: 747.7687s
	iters: 300, epoch: 5 | loss: 0.6216220
	speed: 0.0119s/iter; left time: 796.9390s
	iters: 400, epoch: 5 | loss: 0.2971661
	speed: 0.0129s/iter; left time: 860.2245s
	iters: 500, epoch: 5 | loss: 0.6183149
	speed: 0.0130s/iter; left time: 865.5351s
	iters: 600, epoch: 5 | loss: 0.4192592
	speed: 0.0131s/iter; left time: 869.5902s
	iters: 700, epoch: 5 | loss: 0.3232045
	speed: 0.0111s/iter; left time: 734.7670s
	iters: 800, epoch: 5 | loss: 0.3874994
	speed: 0.0142s/iter; left time: 939.7899s
	iters: 900, epoch: 5 | loss: 0.2972562
	speed: 0.0141s/iter; left time: 929.7849s
	iters: 1000, epoch: 5 | loss: 0.3508188
	speed: 0.0137s/iter; left time: 907.2273s
	iters: 1100, epoch: 5 | loss: 0.4931555
	speed: 0.0151s/iter; left time: 996.2105s
	iters: 1200, epoch: 5 | loss: 0.3571460
	speed: 0.0152s/iter; left time: 997.1614s
	iters: 1300, epoch: 5 | loss: 0.4551805
	speed: 0.0146s/iter; left time: 958.9092s
	iters: 1400, epoch: 5 | loss: 0.4252572
	speed: 0.0148s/iter; left time: 973.0131s
	iters: 1500, epoch: 5 | loss: 0.4516568
	speed: 0.0154s/iter; left time: 1010.4763s
	iters: 1600, epoch: 5 | loss: 0.5372022
	speed: 0.0154s/iter; left time: 1009.3011s
	iters: 1700, epoch: 5 | loss: 0.4555401
	speed: 0.0159s/iter; left time: 1035.8513s
	iters: 1800, epoch: 5 | loss: 0.4236961
	speed: 0.0161s/iter; left time: 1049.4314s
	iters: 1900, epoch: 5 | loss: 0.4351192
	speed: 0.0151s/iter; left time: 986.3885s
	iters: 2000, epoch: 5 | loss: 0.4815773
	speed: 0.0151s/iter; left time: 981.5734s
	iters: 2100, epoch: 5 | loss: 0.5103704
	speed: 0.0153s/iter; left time: 991.3823s
	iters: 2200, epoch: 5 | loss: 0.6052082
	speed: 0.0144s/iter; left time: 930.9093s
	iters: 2300, epoch: 5 | loss: 0.5994416
	speed: 0.0147s/iter; left time: 953.3415s
	iters: 2400, epoch: 5 | loss: 0.4267261
	speed: 0.0145s/iter; left time: 936.1829s
	iters: 2500, epoch: 5 | loss: 0.3598742
	speed: 0.0152s/iter; left time: 979.2410s
	iters: 2600, epoch: 5 | loss: 0.4509886
	speed: 0.0146s/iter; left time: 940.7091s
	iters: 2700, epoch: 5 | loss: 0.4347793
	speed: 0.0126s/iter; left time: 813.2061s
	iters: 2800, epoch: 5 | loss: 0.5150570
	speed: 0.0122s/iter; left time: 786.3763s
	iters: 2900, epoch: 5 | loss: 0.3965890
	speed: 0.0140s/iter; left time: 900.1904s
	iters: 3000, epoch: 5 | loss: 0.3619531
	speed: 0.0108s/iter; left time: 691.0942s
	iters: 3100, epoch: 5 | loss: 0.4350019
	speed: 0.0140s/iter; left time: 896.4463s
	iters: 3200, epoch: 5 | loss: 0.5128096
	speed: 0.0135s/iter; left time: 863.3497s
	iters: 3300, epoch: 5 | loss: 0.4426632
	speed: 0.0140s/iter; left time: 891.6255s
	iters: 3400, epoch: 5 | loss: 0.4762236
	speed: 0.0114s/iter; left time: 728.2510s
	iters: 3500, epoch: 5 | loss: 0.3969915
	speed: 0.0144s/iter; left time: 913.6175s
	iters: 3600, epoch: 5 | loss: 0.4162428
	speed: 0.0156s/iter; left time: 988.1906s
	iters: 3700, epoch: 5 | loss: 0.4190615
	speed: 0.0155s/iter; left time: 983.1398s
	iters: 3800, epoch: 5 | loss: 0.3236783
	speed: 0.0117s/iter; left time: 741.8484s
	iters: 3900, epoch: 5 | loss: 0.4439045
	speed: 0.0118s/iter; left time: 743.6539s
	iters: 4000, epoch: 5 | loss: 0.4992916
	speed: 0.0105s/iter; left time: 662.2885s
	iters: 4100, epoch: 5 | loss: 0.4415447
	speed: 0.0085s/iter; left time: 534.8976s
Epoch: 5 cost time: 56.55788826942444
Epoch: 5, Steps: 4188 | Train Loss: 0.4282823 Vali Loss: 1.0115721 Test Loss: 0.4798442
EarlyStopping counter: 1 out of 5
Updating learning rate to 0.0003125
	iters: 100, epoch: 6 | loss: 0.3943841
	speed: 0.0801s/iter; left time: 5026.2438s
	iters: 200, epoch: 6 | loss: 0.4582899
	speed: 0.0111s/iter; left time: 695.4903s
	iters: 300, epoch: 6 | loss: 0.2208087
	speed: 0.0107s/iter; left time: 669.9030s
	iters: 400, epoch: 6 | loss: 0.4787272
	speed: 0.0112s/iter; left time: 699.4705s
	iters: 500, epoch: 6 | loss: 0.3298383
	speed: 0.0116s/iter; left time: 723.9470s
	iters: 600, epoch: 6 | loss: 0.4179535
	speed: 0.0145s/iter; left time: 902.1345s
	iters: 700, epoch: 6 | loss: 0.4684438
	speed: 0.0140s/iter; left time: 868.4157s
	iters: 800, epoch: 6 | loss: 0.4751891
	speed: 0.0144s/iter; left time: 892.1599s
	iters: 900, epoch: 6 | loss: 0.4495529
	speed: 0.0143s/iter; left time: 884.2215s
	iters: 1000, epoch: 6 | loss: 0.4843830
	speed: 0.0145s/iter; left time: 898.7354s
	iters: 1100, epoch: 6 | loss: 0.5003251
	speed: 0.0122s/iter; left time: 753.4427s
	iters: 1200, epoch: 6 | loss: 0.4321184
	speed: 0.0135s/iter; left time: 834.4030s
	iters: 1300, epoch: 6 | loss: 0.3728150
	speed: 0.0119s/iter; left time: 734.3960s
	iters: 1400, epoch: 6 | loss: 0.3690671
	speed: 0.0139s/iter; left time: 853.7788s
	iters: 1500, epoch: 6 | loss: 0.4630012
	speed: 0.0128s/iter; left time: 783.5121s
	iters: 1600, epoch: 6 | loss: 0.3543141
	speed: 0.0138s/iter; left time: 847.2286s
	iters: 1700, epoch: 6 | loss: 0.3578523
	speed: 0.0141s/iter; left time: 859.3653s
	iters: 1800, epoch: 6 | loss: 0.4212901
	speed: 0.0147s/iter; left time: 898.7570s
	iters: 1900, epoch: 6 | loss: 0.3610741
	speed: 0.0146s/iter; left time: 887.0402s
	iters: 2000, epoch: 6 | loss: 0.5291508
	speed: 0.0136s/iter; left time: 827.5497s
	iters: 2100, epoch: 6 | loss: 0.4610977
	speed: 0.0134s/iter; left time: 811.4776s
	iters: 2200, epoch: 6 | loss: 0.5709926
	speed: 0.0139s/iter; left time: 843.5133s
	iters: 2300, epoch: 6 | loss: 0.5081101
	speed: 0.0103s/iter; left time: 622.3847s
	iters: 2400, epoch: 6 | loss: 0.4425077
	speed: 0.0141s/iter; left time: 849.8773s
	iters: 2500, epoch: 6 | loss: 0.3041326
	speed: 0.0143s/iter; left time: 864.7942s
	iters: 2600, epoch: 6 | loss: 0.3412624
	speed: 0.0121s/iter; left time: 727.9269s
	iters: 2700, epoch: 6 | loss: 0.4610861
	speed: 0.0145s/iter; left time: 872.7204s
	iters: 2800, epoch: 6 | loss: 0.3893133
	speed: 0.0110s/iter; left time: 663.1265s
	iters: 2900, epoch: 6 | loss: 0.4350800
	speed: 0.0125s/iter; left time: 751.2022s
	iters: 3000, epoch: 6 | loss: 0.3336517
	speed: 0.0130s/iter; left time: 779.7484s
	iters: 3100, epoch: 6 | loss: 0.3640061
	speed: 0.0139s/iter; left time: 830.3103s
	iters: 3200, epoch: 6 | loss: 0.4403243
	speed: 0.0132s/iter; left time: 784.7335s
	iters: 3300, epoch: 6 | loss: 0.5034838
	speed: 0.0146s/iter; left time: 866.3426s
	iters: 3400, epoch: 6 | loss: 0.5515742
	speed: 0.0140s/iter; left time: 829.6304s
	iters: 3500, epoch: 6 | loss: 0.4717265
	speed: 0.0147s/iter; left time: 874.1702s
	iters: 3600, epoch: 6 | loss: 0.3283997
	speed: 0.0150s/iter; left time: 889.3803s
	iters: 3700, epoch: 6 | loss: 0.3775849
	speed: 0.0133s/iter; left time: 783.5712s
	iters: 3800, epoch: 6 | loss: 0.2755973
	speed: 0.0125s/iter; left time: 739.8012s
	iters: 3900, epoch: 6 | loss: 0.3253215
	speed: 0.0106s/iter; left time: 622.3707s
	iters: 4000, epoch: 6 | loss: 0.4272820
	speed: 0.0103s/iter; left time: 608.4475s
	iters: 4100, epoch: 6 | loss: 0.3026828
	speed: 0.0097s/iter; left time: 570.9298s
Epoch: 6 cost time: 54.23285531997681
Epoch: 6, Steps: 4188 | Train Loss: 0.4161117 Vali Loss: 0.9577756 Test Loss: 0.4407674
Validation loss decreased (1.001379 --> 0.957776).  Saving model ...
Updating learning rate to 0.00015625
	iters: 100, epoch: 7 | loss: 0.2985424
	speed: 0.0685s/iter; left time: 4011.7786s
	iters: 200, epoch: 7 | loss: 0.4016295
	speed: 0.0112s/iter; left time: 655.7741s
	iters: 300, epoch: 7 | loss: 0.4858776
	speed: 0.0090s/iter; left time: 527.5086s
	iters: 400, epoch: 7 | loss: 0.3452859
	speed: 0.0095s/iter; left time: 550.3022s
	iters: 500, epoch: 7 | loss: 0.2642528
	speed: 0.0120s/iter; left time: 695.8225s
	iters: 600, epoch: 7 | loss: 0.3887130
	speed: 0.0121s/iter; left time: 699.4674s
	iters: 700, epoch: 7 | loss: 0.4192706
	speed: 0.0133s/iter; left time: 771.5905s
	iters: 800, epoch: 7 | loss: 0.4761572
	speed: 0.0149s/iter; left time: 860.7745s
	iters: 900, epoch: 7 | loss: 0.2824802
	speed: 0.0137s/iter; left time: 788.1767s
	iters: 1000, epoch: 7 | loss: 0.3009594
	speed: 0.0146s/iter; left time: 838.9844s
	iters: 1100, epoch: 7 | loss: 0.3730180
	speed: 0.0143s/iter; left time: 820.1961s
	iters: 1200, epoch: 7 | loss: 0.3614185
	speed: 0.0135s/iter; left time: 774.5378s
	iters: 1300, epoch: 7 | loss: 0.2948312
	speed: 0.0130s/iter; left time: 747.6683s
	iters: 1400, epoch: 7 | loss: 0.3062566
	speed: 0.0118s/iter; left time: 676.0926s
	iters: 1500, epoch: 7 | loss: 0.5015838
	speed: 0.0115s/iter; left time: 655.1149s
	iters: 1600, epoch: 7 | loss: 0.3128973
	speed: 0.0109s/iter; left time: 623.7390s
	iters: 1700, epoch: 7 | loss: 0.3776899
	speed: 0.0136s/iter; left time: 775.2088s
	iters: 1800, epoch: 7 | loss: 0.3331681
	speed: 0.0147s/iter; left time: 834.9301s
	iters: 1900, epoch: 7 | loss: 0.3078583
	speed: 0.0150s/iter; left time: 851.1450s
	iters: 2000, epoch: 7 | loss: 0.4906942
	speed: 0.0127s/iter; left time: 719.1508s
	iters: 2100, epoch: 7 | loss: 0.3001039
	speed: 0.0116s/iter; left time: 656.0012s
	iters: 2200, epoch: 7 | loss: 0.3751373
	speed: 0.0133s/iter; left time: 751.8790s
	iters: 2300, epoch: 7 | loss: 0.4930865
	speed: 0.0106s/iter; left time: 598.5109s
	iters: 2400, epoch: 7 | loss: 0.4164669
	speed: 0.0136s/iter; left time: 762.0965s
	iters: 2500, epoch: 7 | loss: 0.3663345
	speed: 0.0127s/iter; left time: 710.5705s
	iters: 2600, epoch: 7 | loss: 0.3247727
	speed: 0.0147s/iter; left time: 823.6364s
	iters: 2700, epoch: 7 | loss: 0.3782226
	speed: 0.0142s/iter; left time: 794.1472s
	iters: 2800, epoch: 7 | loss: 0.4060946
	speed: 0.0131s/iter; left time: 731.6547s
	iters: 2900, epoch: 7 | loss: 0.4038698
	speed: 0.0127s/iter; left time: 705.6250s
	iters: 3000, epoch: 7 | loss: 0.3696113
	speed: 0.0128s/iter; left time: 710.8125s
	iters: 3100, epoch: 7 | loss: 0.5262094
	speed: 0.0113s/iter; left time: 629.2812s
	iters: 3200, epoch: 7 | loss: 0.5092633
	speed: 0.0142s/iter; left time: 785.1760s
	iters: 3300, epoch: 7 | loss: 0.3420028
	speed: 0.0131s/iter; left time: 725.1960s
	iters: 3400, epoch: 7 | loss: 0.4196411
	speed: 0.0124s/iter; left time: 682.4173s
	iters: 3500, epoch: 7 | loss: 0.4079585
	speed: 0.0135s/iter; left time: 744.4377s
	iters: 3600, epoch: 7 | loss: 0.3323026
	speed: 0.0117s/iter; left time: 644.8391s
	iters: 3700, epoch: 7 | loss: 0.4593934
	speed: 0.0136s/iter; left time: 747.3931s
	iters: 3800, epoch: 7 | loss: 0.3595057
	speed: 0.0146s/iter; left time: 798.4849s
	iters: 3900, epoch: 7 | loss: 0.3018504
	speed: 0.0131s/iter; left time: 715.0728s
	iters: 4000, epoch: 7 | loss: 0.3597162
	speed: 0.0106s/iter; left time: 579.4448s
	iters: 4100, epoch: 7 | loss: 0.4492022
	speed: 0.0106s/iter; left time: 576.1006s
Epoch: 7 cost time: 52.86798715591431
Epoch: 7, Steps: 4188 | Train Loss: 0.4100306 Vali Loss: 0.9568799 Test Loss: 0.4336973
Validation loss decreased (0.957776 --> 0.956880).  Saving model ...
Updating learning rate to 7.8125e-05
	iters: 100, epoch: 8 | loss: 0.4332860
	speed: 0.0787s/iter; left time: 4274.3029s
	iters: 200, epoch: 8 | loss: 0.3276865
	speed: 0.0109s/iter; left time: 593.1532s
	iters: 300, epoch: 8 | loss: 0.2899966
	speed: 0.0113s/iter; left time: 611.4830s
	iters: 400, epoch: 8 | loss: 0.3034658
	speed: 0.0116s/iter; left time: 627.7226s
	iters: 500, epoch: 8 | loss: 0.4266470
	speed: 0.0120s/iter; left time: 645.4309s
	iters: 600, epoch: 8 | loss: 0.4193598
	speed: 0.0122s/iter; left time: 656.0898s
	iters: 700, epoch: 8 | loss: 0.5471770
	speed: 0.0125s/iter; left time: 672.0260s
	iters: 800, epoch: 8 | loss: 0.3338082
	speed: 0.0134s/iter; left time: 719.7015s
	iters: 900, epoch: 8 | loss: 0.2996952
	speed: 0.0147s/iter; left time: 788.1562s
	iters: 1000, epoch: 8 | loss: 0.2923037
	speed: 0.0138s/iter; left time: 735.7924s
	iters: 1100, epoch: 8 | loss: 0.3329166
	speed: 0.0148s/iter; left time: 790.3299s
	iters: 1200, epoch: 8 | loss: 0.4249879
	speed: 0.0143s/iter; left time: 762.7852s
	iters: 1300, epoch: 8 | loss: 0.3711601
	speed: 0.0132s/iter; left time: 702.9565s
	iters: 1400, epoch: 8 | loss: 0.3935249
	speed: 0.0114s/iter; left time: 606.5431s
	iters: 1500, epoch: 8 | loss: 0.4443680
	speed: 0.0144s/iter; left time: 761.1796s
	iters: 1600, epoch: 8 | loss: 0.2940742
	speed: 0.0124s/iter; left time: 654.3916s
	iters: 1700, epoch: 8 | loss: 0.3404027
	speed: 0.0141s/iter; left time: 744.4454s
	iters: 1800, epoch: 8 | loss: 0.4132425
	speed: 0.0145s/iter; left time: 762.1815s
	iters: 1900, epoch: 8 | loss: 0.3982116
	speed: 0.0133s/iter; left time: 701.2362s
	iters: 2000, epoch: 8 | loss: 0.3423439
	speed: 0.0126s/iter; left time: 660.9314s
	iters: 2100, epoch: 8 | loss: 0.3190882
	speed: 0.0108s/iter; left time: 564.5055s
	iters: 2200, epoch: 8 | loss: 0.4272182
	speed: 0.0121s/iter; left time: 632.4227s
	iters: 2300, epoch: 8 | loss: 0.4687743
	speed: 0.0116s/iter; left time: 605.6786s
	iters: 2400, epoch: 8 | loss: 0.3636862
	speed: 0.0138s/iter; left time: 717.4014s
	iters: 2500, epoch: 8 | loss: 0.4891172
	speed: 0.0115s/iter; left time: 598.1587s
	iters: 2600, epoch: 8 | loss: 0.4312132
	speed: 0.0139s/iter; left time: 720.0127s
	iters: 2700, epoch: 8 | loss: 0.3609059
	speed: 0.0116s/iter; left time: 597.8810s
	iters: 2800, epoch: 8 | loss: 0.5683727
	speed: 0.0113s/iter; left time: 582.3879s
	iters: 2900, epoch: 8 | loss: 0.4562768
	speed: 0.0122s/iter; left time: 626.3055s
	iters: 3000, epoch: 8 | loss: 0.3146195
	speed: 0.0138s/iter; left time: 709.8194s
	iters: 3100, epoch: 8 | loss: 0.5293971
	speed: 0.0143s/iter; left time: 731.8825s
	iters: 3200, epoch: 8 | loss: 0.4020354
	speed: 0.0149s/iter; left time: 764.2115s
	iters: 3300, epoch: 8 | loss: 0.3372138
	speed: 0.0150s/iter; left time: 767.4385s
	iters: 3400, epoch: 8 | loss: 0.4703763
	speed: 0.0128s/iter; left time: 655.5345s
	iters: 3500, epoch: 8 | loss: 0.4194055
	speed: 0.0107s/iter; left time: 545.4678s
	iters: 3600, epoch: 8 | loss: 0.2842515
	speed: 0.0137s/iter; left time: 696.0193s
	iters: 3700, epoch: 8 | loss: 0.5513321
	speed: 0.0109s/iter; left time: 555.6154s
	iters: 3800, epoch: 8 | loss: 0.4102204
	speed: 0.0102s/iter; left time: 515.3515s
	iters: 3900, epoch: 8 | loss: 0.3867540
	speed: 0.0126s/iter; left time: 636.0314s
	iters: 4000, epoch: 8 | loss: 0.5559720
	speed: 0.0125s/iter; left time: 628.0703s
	iters: 4100, epoch: 8 | loss: 0.4839486
	speed: 0.0123s/iter; left time: 617.4444s
Epoch: 8 cost time: 52.77451014518738
Epoch: 8, Steps: 4188 | Train Loss: 0.4069826 Vali Loss: 0.9502546 Test Loss: 0.4330276
Validation loss decreased (0.956880 --> 0.950255).  Saving model ...
Updating learning rate to 3.90625e-05
	iters: 100, epoch: 9 | loss: 0.5798496
	speed: 0.0955s/iter; left time: 4792.2179s
	iters: 200, epoch: 9 | loss: 0.3787521
	speed: 0.0107s/iter; left time: 535.2703s
	iters: 300, epoch: 9 | loss: 0.3731887
	speed: 0.0118s/iter; left time: 591.9412s
	iters: 400, epoch: 9 | loss: 0.3278962
	speed: 0.0117s/iter; left time: 585.0455s
	iters: 500, epoch: 9 | loss: 0.2670525
	speed: 0.0122s/iter; left time: 607.2601s
	iters: 600, epoch: 9 | loss: 0.4171267
	speed: 0.0129s/iter; left time: 638.8227s
	iters: 700, epoch: 9 | loss: 0.2883718
	speed: 0.0135s/iter; left time: 668.9568s
	iters: 800, epoch: 9 | loss: 0.3522801
	speed: 0.0133s/iter; left time: 659.8777s
	iters: 900, epoch: 9 | loss: 0.3927355
	speed: 0.0146s/iter; left time: 719.8103s
	iters: 1000, epoch: 9 | loss: 0.3126957
	speed: 0.0119s/iter; left time: 588.1773s
	iters: 1100, epoch: 9 | loss: 0.4148308
	speed: 0.0117s/iter; left time: 575.5952s
	iters: 1200, epoch: 9 | loss: 0.4132398
	speed: 0.0120s/iter; left time: 590.6664s
	iters: 1300, epoch: 9 | loss: 0.3122179
	speed: 0.0136s/iter; left time: 665.1592s
	iters: 1400, epoch: 9 | loss: 0.3326740
	speed: 0.0132s/iter; left time: 643.1985s
	iters: 1500, epoch: 9 | loss: 0.3572628
	speed: 0.0113s/iter; left time: 550.3772s
	iters: 1600, epoch: 9 | loss: 0.3852269
	speed: 0.0141s/iter; left time: 686.2516s
	iters: 1700, epoch: 9 | loss: 0.3267748
	speed: 0.0145s/iter; left time: 703.0674s
	iters: 1800, epoch: 9 | loss: 0.6221264
	speed: 0.0138s/iter; left time: 668.4986s
	iters: 1900, epoch: 9 | loss: 0.2952469
	speed: 0.0116s/iter; left time: 563.1038s
	iters: 2000, epoch: 9 | loss: 0.3176693
	speed: 0.0120s/iter; left time: 576.9634s
	iters: 2100, epoch: 9 | loss: 0.4547936
	speed: 0.0133s/iter; left time: 639.7092s
	iters: 2200, epoch: 9 | loss: 0.4981277
	speed: 0.0112s/iter; left time: 539.0211s
	iters: 2300, epoch: 9 | loss: 0.3349960
	speed: 0.0134s/iter; left time: 644.8344s
	iters: 2400, epoch: 9 | loss: 0.6674659
	speed: 0.0118s/iter; left time: 563.0529s
	iters: 2500, epoch: 9 | loss: 0.4084997
	speed: 0.0105s/iter; left time: 500.2987s
	iters: 2600, epoch: 9 | loss: 0.3780969
	speed: 0.0126s/iter; left time: 600.8400s
	iters: 2700, epoch: 9 | loss: 0.5833361
	speed: 0.0135s/iter; left time: 642.8440s
	iters: 2800, epoch: 9 | loss: 0.3853751
	speed: 0.0118s/iter; left time: 562.1043s
	iters: 2900, epoch: 9 | loss: 0.3006812
	speed: 0.0099s/iter; left time: 470.4063s
	iters: 3000, epoch: 9 | loss: 0.5222563
	speed: 0.0133s/iter; left time: 628.0830s
	iters: 3100, epoch: 9 | loss: 0.5457810
	speed: 0.0145s/iter; left time: 684.1464s
	iters: 3200, epoch: 9 | loss: 0.3466605
	speed: 0.0132s/iter; left time: 619.1549s
	iters: 3300, epoch: 9 | loss: 0.3428271
	speed: 0.0139s/iter; left time: 651.3157s
	iters: 3400, epoch: 9 | loss: 0.4738721
	speed: 0.0137s/iter; left time: 641.9322s
	iters: 3500, epoch: 9 | loss: 0.3066438
	speed: 0.0123s/iter; left time: 577.3045s
	iters: 3600, epoch: 9 | loss: 0.5431284
	speed: 0.0114s/iter; left time: 531.8734s
	iters: 3700, epoch: 9 | loss: 0.3741168
	speed: 0.0137s/iter; left time: 636.3646s
	iters: 3800, epoch: 9 | loss: 0.4028545
	speed: 0.0124s/iter; left time: 575.3300s
	iters: 3900, epoch: 9 | loss: 0.3354399
	speed: 0.0124s/iter; left time: 575.0650s
	iters: 4000, epoch: 9 | loss: 0.4152817
	speed: 0.0125s/iter; left time: 577.1913s
	iters: 4100, epoch: 9 | loss: 0.3679154
	speed: 0.0117s/iter; left time: 539.7202s
Epoch: 9 cost time: 52.428096532821655
Epoch: 9, Steps: 4188 | Train Loss: 0.4055281 Vali Loss: 0.9477516 Test Loss: 0.4314562
Validation loss decreased (0.950255 --> 0.947752).  Saving model ...
Updating learning rate to 1.953125e-05
	iters: 100, epoch: 10 | loss: 0.3736489
	speed: 0.0840s/iter; left time: 3860.6998s
	iters: 200, epoch: 10 | loss: 0.3906894
	speed: 0.0114s/iter; left time: 521.2305s
	iters: 300, epoch: 10 | loss: 0.4656641
	speed: 0.0103s/iter; left time: 472.9370s
	iters: 400, epoch: 10 | loss: 0.3654818
	speed: 0.0113s/iter; left time: 515.8864s
	iters: 500, epoch: 10 | loss: 0.4341107
	speed: 0.0111s/iter; left time: 503.5947s
	iters: 600, epoch: 10 | loss: 0.3919468
	speed: 0.0111s/iter; left time: 506.6279s
	iters: 700, epoch: 10 | loss: 0.4138899
	speed: 0.0099s/iter; left time: 448.0358s
	iters: 800, epoch: 10 | loss: 0.4501894
	speed: 0.0119s/iter; left time: 539.0379s
	iters: 900, epoch: 10 | loss: 0.3098156
	speed: 0.0108s/iter; left time: 487.2336s
	iters: 1000, epoch: 10 | loss: 0.4147463
	speed: 0.0104s/iter; left time: 466.6070s
	iters: 1100, epoch: 10 | loss: 0.4313384
	speed: 0.0117s/iter; left time: 525.0442s
	iters: 1200, epoch: 10 | loss: 0.4746933
	speed: 0.0143s/iter; left time: 643.0103s
	iters: 1300, epoch: 10 | loss: 0.2849851
	speed: 0.0111s/iter; left time: 497.1397s
	iters: 1400, epoch: 10 | loss: 0.5484910
	speed: 0.0138s/iter; left time: 618.4008s
	iters: 1500, epoch: 10 | loss: 0.4037703
	speed: 0.0143s/iter; left time: 636.9635s
	iters: 1600, epoch: 10 | loss: 0.2285921
	speed: 0.0143s/iter; left time: 637.1728s
	iters: 1700, epoch: 10 | loss: 0.2798009
	speed: 0.0139s/iter; left time: 618.3982s
	iters: 1800, epoch: 10 | loss: 0.4346317
	speed: 0.0149s/iter; left time: 660.5851s
	iters: 1900, epoch: 10 | loss: 0.2763803
	speed: 0.0151s/iter; left time: 668.3970s
	iters: 2000, epoch: 10 | loss: 0.3166041
	speed: 0.0130s/iter; left time: 573.9539s
	iters: 2100, epoch: 10 | loss: 0.2793329
	speed: 0.0146s/iter; left time: 640.3207s
	iters: 2200, epoch: 10 | loss: 0.2843963
	speed: 0.0147s/iter; left time: 644.6690s
	iters: 2300, epoch: 10 | loss: 0.3424674
	speed: 0.0147s/iter; left time: 642.0458s
	iters: 2400, epoch: 10 | loss: 0.4766186
	speed: 0.0147s/iter; left time: 641.5782s
	iters: 2500, epoch: 10 | loss: 0.4169502
	speed: 0.0155s/iter; left time: 676.1113s
	iters: 2600, epoch: 10 | loss: 0.4416816
	speed: 0.0152s/iter; left time: 662.8078s
	iters: 2700, epoch: 10 | loss: 0.3056740
	speed: 0.0151s/iter; left time: 656.0780s
	iters: 2800, epoch: 10 | loss: 0.5054373
	speed: 0.0141s/iter; left time: 609.3369s
	iters: 2900, epoch: 10 | loss: 0.3218872
	speed: 0.0132s/iter; left time: 571.7054s
	iters: 3000, epoch: 10 | loss: 0.3364835
	speed: 0.0120s/iter; left time: 514.9030s
	iters: 3100, epoch: 10 | loss: 0.5350804
	speed: 0.0118s/iter; left time: 509.0588s
	iters: 3200, epoch: 10 | loss: 0.3156208
	speed: 0.0136s/iter; left time: 582.6939s
	iters: 3300, epoch: 10 | loss: 0.5465863
	speed: 0.0133s/iter; left time: 566.8664s
	iters: 3400, epoch: 10 | loss: 0.3981896
	speed: 0.0118s/iter; left time: 501.6301s
	iters: 3500, epoch: 10 | loss: 0.5134711
	speed: 0.0105s/iter; left time: 447.2148s
	iters: 3600, epoch: 10 | loss: 0.2996488
	speed: 0.0105s/iter; left time: 446.5380s
	iters: 3700, epoch: 10 | loss: 0.3480057
	speed: 0.0110s/iter; left time: 467.0076s
	iters: 3800, epoch: 10 | loss: 0.5601246
	speed: 0.0101s/iter; left time: 427.9424s
	iters: 3900, epoch: 10 | loss: 0.4482010
	speed: 0.0120s/iter; left time: 505.0035s
	iters: 4000, epoch: 10 | loss: 0.4662795
	speed: 0.0109s/iter; left time: 460.5119s
	iters: 4100, epoch: 10 | loss: 0.3441904
	speed: 0.0118s/iter; left time: 495.3667s
Epoch: 10 cost time: 52.61625528335571
Epoch: 10, Steps: 4188 | Train Loss: 0.4046326 Vali Loss: 0.9452190 Test Loss: 0.4297990
Validation loss decreased (0.947752 --> 0.945219).  Saving model ...
Updating learning rate to 9.765625e-06
	iters: 100, epoch: 11 | loss: 0.4672251
	speed: 0.0920s/iter; left time: 3844.9994s
	iters: 200, epoch: 11 | loss: 0.3519395
	speed: 0.0097s/iter; left time: 405.2736s
	iters: 300, epoch: 11 | loss: 0.5256037
	speed: 0.0102s/iter; left time: 425.1053s
	iters: 400, epoch: 11 | loss: 0.2747984
	speed: 0.0104s/iter; left time: 430.3058s
	iters: 500, epoch: 11 | loss: 0.4477476
	speed: 0.0112s/iter; left time: 463.2423s
	iters: 600, epoch: 11 | loss: 0.4946560
	speed: 0.0117s/iter; left time: 481.5148s
	iters: 700, epoch: 11 | loss: 0.3370312
	speed: 0.0120s/iter; left time: 493.5824s
	iters: 800, epoch: 11 | loss: 0.3305938
	speed: 0.0123s/iter; left time: 504.6070s
	iters: 900, epoch: 11 | loss: 0.3343519
	speed: 0.0133s/iter; left time: 545.3544s
	iters: 1000, epoch: 11 | loss: 0.4355648
	speed: 0.0133s/iter; left time: 543.8942s
	iters: 1100, epoch: 11 | loss: 0.3478384
	speed: 0.0102s/iter; left time: 416.9622s
	iters: 1200, epoch: 11 | loss: 0.4911770
	speed: 0.0127s/iter; left time: 516.1818s
	iters: 1300, epoch: 11 | loss: 0.4395643
	speed: 0.0143s/iter; left time: 581.4665s
	iters: 1400, epoch: 11 | loss: 0.3273287
	speed: 0.0139s/iter; left time: 562.9506s
	iters: 1500, epoch: 11 | loss: 0.4254445
	speed: 0.0133s/iter; left time: 536.2198s
	iters: 1600, epoch: 11 | loss: 0.2901424
	speed: 0.0123s/iter; left time: 493.9129s
	iters: 1700, epoch: 11 | loss: 0.3348801
	speed: 0.0124s/iter; left time: 499.7694s
	iters: 1800, epoch: 11 | loss: 0.4800997
	speed: 0.0142s/iter; left time: 568.2189s
	iters: 1900, epoch: 11 | loss: 0.4987433
	speed: 0.0134s/iter; left time: 537.6994s
	iters: 2000, epoch: 11 | loss: 0.5199429
	speed: 0.0139s/iter; left time: 555.7059s
	iters: 2100, epoch: 11 | loss: 0.5550411
	speed: 0.0128s/iter; left time: 509.7501s
	iters: 2200, epoch: 11 | loss: 0.3512448
	speed: 0.0132s/iter; left time: 525.3073s
	iters: 2300, epoch: 11 | loss: 0.4270142
	speed: 0.0124s/iter; left time: 488.8590s
	iters: 2400, epoch: 11 | loss: 0.2601631
	speed: 0.0139s/iter; left time: 549.7073s
	iters: 2500, epoch: 11 | loss: 0.4106119
	speed: 0.0140s/iter; left time: 552.4102s
	iters: 2600, epoch: 11 | loss: 0.2954291
	speed: 0.0148s/iter; left time: 580.1657s
	iters: 2700, epoch: 11 | loss: 0.4968770
	speed: 0.0151s/iter; left time: 592.4793s
	iters: 2800, epoch: 11 | loss: 0.3689338
	speed: 0.0141s/iter; left time: 550.5411s
	iters: 2900, epoch: 11 | loss: 0.3502147
	speed: 0.0133s/iter; left time: 516.6385s
	iters: 3000, epoch: 11 | loss: 0.4116127
	speed: 0.0127s/iter; left time: 494.0965s
	iters: 3100, epoch: 11 | loss: 0.3633105
	speed: 0.0124s/iter; left time: 481.6013s
	iters: 3200, epoch: 11 | loss: 0.3667797
	speed: 0.0134s/iter; left time: 518.4398s
	iters: 3300, epoch: 11 | loss: 0.5093747
	speed: 0.0153s/iter; left time: 592.1912s
	iters: 3400, epoch: 11 | loss: 0.3763368
	speed: 0.0140s/iter; left time: 538.7751s
	iters: 3500, epoch: 11 | loss: 0.4079791
	speed: 0.0134s/iter; left time: 513.0260s
	iters: 3600, epoch: 11 | loss: 0.2932254
	speed: 0.0114s/iter; left time: 436.7132s
	iters: 3700, epoch: 11 | loss: 0.5545074
	speed: 0.0132s/iter; left time: 502.7533s
	iters: 3800, epoch: 11 | loss: 0.4576573
	speed: 0.0113s/iter; left time: 428.9374s
	iters: 3900, epoch: 11 | loss: 0.3080720
	speed: 0.0107s/iter; left time: 405.2754s
	iters: 4000, epoch: 11 | loss: 0.4021563
	speed: 0.0114s/iter; left time: 430.8138s
	iters: 4100, epoch: 11 | loss: 0.3511399
	speed: 0.0123s/iter; left time: 463.8764s
Epoch: 11 cost time: 53.18682670593262
Epoch: 11, Steps: 4188 | Train Loss: 0.4042361 Vali Loss: 0.9497869 Test Loss: 0.4283321
EarlyStopping counter: 1 out of 5
Updating learning rate to 4.8828125e-06
	iters: 100, epoch: 12 | loss: 0.3508255
	speed: 0.0991s/iter; left time: 3723.5877s
	iters: 200, epoch: 12 | loss: 0.4559898
	speed: 0.0088s/iter; left time: 328.9765s
	iters: 300, epoch: 12 | loss: 0.5287355
	speed: 0.0091s/iter; left time: 339.2799s
	iters: 400, epoch: 12 | loss: 0.3223763
	speed: 0.0114s/iter; left time: 425.4675s
	iters: 500, epoch: 12 | loss: 0.4107069
	speed: 0.0108s/iter; left time: 400.5146s
	iters: 600, epoch: 12 | loss: 0.4887894
	speed: 0.0112s/iter; left time: 414.8099s
	iters: 700, epoch: 12 | loss: 0.4060731
	speed: 0.0131s/iter; left time: 483.7003s
	iters: 800, epoch: 12 | loss: 0.4559145
	speed: 0.0131s/iter; left time: 481.5828s
	iters: 900, epoch: 12 | loss: 0.4140238
	speed: 0.0123s/iter; left time: 451.6895s
	iters: 1000, epoch: 12 | loss: 0.3518032
	speed: 0.0133s/iter; left time: 487.9685s
	iters: 1100, epoch: 12 | loss: 0.3632306
	speed: 0.0135s/iter; left time: 494.6040s
	iters: 1200, epoch: 12 | loss: 0.5776555
	speed: 0.0139s/iter; left time: 508.8135s
	iters: 1300, epoch: 12 | loss: 0.6065770
	speed: 0.0145s/iter; left time: 527.5827s
	iters: 1400, epoch: 12 | loss: 0.4071662
	speed: 0.0147s/iter; left time: 533.7312s
	iters: 1500, epoch: 12 | loss: 0.3068755
	speed: 0.0146s/iter; left time: 527.8021s
	iters: 1600, epoch: 12 | loss: 0.4581744
	speed: 0.0151s/iter; left time: 546.2175s
	iters: 1700, epoch: 12 | loss: 0.4066060
	speed: 0.0131s/iter; left time: 472.1701s
	iters: 1800, epoch: 12 | loss: 0.4784233
	speed: 0.0115s/iter; left time: 412.3109s
	iters: 1900, epoch: 12 | loss: 0.4779988
	speed: 0.0105s/iter; left time: 377.5648s
	iters: 2000, epoch: 12 | loss: 0.4362075
	speed: 0.0123s/iter; left time: 437.4124s
	iters: 2100, epoch: 12 | loss: 0.3343520
	speed: 0.0146s/iter; left time: 520.3426s
	iters: 2200, epoch: 12 | loss: 0.5181149
	speed: 0.0150s/iter; left time: 532.2692s
	iters: 2300, epoch: 12 | loss: 0.3847409
	speed: 0.0143s/iter; left time: 504.8754s
	iters: 2400, epoch: 12 | loss: 0.3547352
	speed: 0.0129s/iter; left time: 454.7843s
	iters: 2500, epoch: 12 | loss: 0.3107471
	speed: 0.0141s/iter; left time: 495.1407s
	iters: 2600, epoch: 12 | loss: 0.5145771
	speed: 0.0140s/iter; left time: 490.4771s
	iters: 2700, epoch: 12 | loss: 0.5744661
	speed: 0.0151s/iter; left time: 527.7831s
	iters: 2800, epoch: 12 | loss: 0.6222968
	speed: 0.0152s/iter; left time: 531.3943s
	iters: 2900, epoch: 12 | loss: 0.3870942
	speed: 0.0149s/iter; left time: 519.9765s
	iters: 3000, epoch: 12 | loss: 0.3348799
	speed: 0.0156s/iter; left time: 542.9424s
	iters: 3100, epoch: 12 | loss: 0.3628410
	speed: 0.0160s/iter; left time: 552.4943s
	iters: 3200, epoch: 12 | loss: 0.3910289
	speed: 0.0147s/iter; left time: 508.5683s
	iters: 3300, epoch: 12 | loss: 0.4269575
	speed: 0.0131s/iter; left time: 451.6083s
	iters: 3400, epoch: 12 | loss: 0.4511141
	speed: 0.0122s/iter; left time: 417.6388s
	iters: 3500, epoch: 12 | loss: 0.3809795
	speed: 0.0122s/iter; left time: 416.6491s
	iters: 3600, epoch: 12 | loss: 0.3232179
	speed: 0.0123s/iter; left time: 418.4465s
	iters: 3700, epoch: 12 | loss: 0.3928313
	speed: 0.0126s/iter; left time: 427.1079s
	iters: 3800, epoch: 12 | loss: 0.3235939
	speed: 0.0126s/iter; left time: 426.0095s
	iters: 3900, epoch: 12 | loss: 0.3449151
	speed: 0.0106s/iter; left time: 359.6760s
	iters: 4000, epoch: 12 | loss: 0.3539465
	speed: 0.0111s/iter; left time: 373.9057s
	iters: 4100, epoch: 12 | loss: 0.5282794
	speed: 0.0119s/iter; left time: 399.5679s
Epoch: 12 cost time: 54.2521710395813
Epoch: 12, Steps: 4188 | Train Loss: 0.4040014 Vali Loss: 0.9495888 Test Loss: 0.4285119
EarlyStopping counter: 2 out of 5
Updating learning rate to 2.44140625e-06
	iters: 100, epoch: 13 | loss: 0.4420440
	speed: 0.0934s/iter; left time: 3120.9624s
	iters: 200, epoch: 13 | loss: 0.3697729
	speed: 0.0113s/iter; left time: 377.4639s
	iters: 300, epoch: 13 | loss: 0.3514363
	speed: 0.0121s/iter; left time: 401.5903s
	iters: 400, epoch: 13 | loss: 0.4423201
	speed: 0.0131s/iter; left time: 433.7332s
	iters: 500, epoch: 13 | loss: 0.5027195
	speed: 0.0129s/iter; left time: 424.4081s
	iters: 600, epoch: 13 | loss: 0.4756172
	speed: 0.0103s/iter; left time: 339.6526s
	iters: 700, epoch: 13 | loss: 0.3083227
	speed: 0.0104s/iter; left time: 341.1184s
	iters: 800, epoch: 13 | loss: 0.3236352
	speed: 0.0111s/iter; left time: 361.5583s
	iters: 900, epoch: 13 | loss: 0.3367952
	speed: 0.0112s/iter; left time: 364.1676s
	iters: 1000, epoch: 13 | loss: 0.3996221
	speed: 0.0134s/iter; left time: 436.0766s
	iters: 1100, epoch: 13 | loss: 0.4138505
	speed: 0.0140s/iter; left time: 454.0209s
	iters: 1200, epoch: 13 | loss: 0.4547850
	speed: 0.0135s/iter; left time: 435.2147s
	iters: 1300, epoch: 13 | loss: 0.4791652
	speed: 0.0134s/iter; left time: 433.0521s
	iters: 1400, epoch: 13 | loss: 0.3648376
	speed: 0.0137s/iter; left time: 439.5817s
	iters: 1500, epoch: 13 | loss: 0.3528126
	speed: 0.0138s/iter; left time: 440.9322s
	iters: 1600, epoch: 13 | loss: 0.3868581
	speed: 0.0147s/iter; left time: 467.9283s
	iters: 1700, epoch: 13 | loss: 0.4103219
	speed: 0.0137s/iter; left time: 436.0476s
	iters: 1800, epoch: 13 | loss: 0.3559223
	speed: 0.0140s/iter; left time: 442.4507s
	iters: 1900, epoch: 13 | loss: 0.5046616
	speed: 0.0135s/iter; left time: 425.2718s
	iters: 2000, epoch: 13 | loss: 0.4260966
	speed: 0.0142s/iter; left time: 445.8802s
	iters: 2100, epoch: 13 | loss: 0.5425760
	speed: 0.0144s/iter; left time: 452.2303s
	iters: 2200, epoch: 13 | loss: 0.5254848
	speed: 0.0151s/iter; left time: 472.3640s
	iters: 2300, epoch: 13 | loss: 0.2662851
	speed: 0.0151s/iter; left time: 469.6863s
	iters: 2400, epoch: 13 | loss: 0.3843110
	speed: 0.0148s/iter; left time: 460.3928s
	iters: 2500, epoch: 13 | loss: 0.2975077
	speed: 0.0103s/iter; left time: 319.6291s
	iters: 2600, epoch: 13 | loss: 0.5274548
	speed: 0.0114s/iter; left time: 353.5234s
	iters: 2700, epoch: 13 | loss: 0.3993022
	speed: 0.0153s/iter; left time: 470.4443s
	iters: 2800, epoch: 13 | loss: 0.4342875
	speed: 0.0130s/iter; left time: 400.1172s
	iters: 2900, epoch: 13 | loss: 0.5178736
	speed: 0.0143s/iter; left time: 438.5201s
	iters: 3000, epoch: 13 | loss: 0.4887563
	speed: 0.0145s/iter; left time: 442.7733s
	iters: 3100, epoch: 13 | loss: 0.3914363
	speed: 0.0128s/iter; left time: 390.6429s
	iters: 3200, epoch: 13 | loss: 0.3962345
	speed: 0.0138s/iter; left time: 416.8744s
	iters: 3300, epoch: 13 | loss: 0.4568827
	speed: 0.0132s/iter; left time: 397.5210s
	iters: 3400, epoch: 13 | loss: 0.4579662
	speed: 0.0132s/iter; left time: 397.5310s
	iters: 3500, epoch: 13 | loss: 0.3514378
	speed: 0.0123s/iter; left time: 368.8787s
	iters: 3600, epoch: 13 | loss: 0.5479916
	speed: 0.0131s/iter; left time: 392.1578s
	iters: 3700, epoch: 13 | loss: 0.4623611
	speed: 0.0126s/iter; left time: 374.9388s
	iters: 3800, epoch: 13 | loss: 0.4151395
	speed: 0.0135s/iter; left time: 400.8311s
	iters: 3900, epoch: 13 | loss: 0.3729092
	speed: 0.0119s/iter; left time: 352.7009s
	iters: 4000, epoch: 13 | loss: 0.4085307
	speed: 0.0115s/iter; left time: 340.5546s
	iters: 4100, epoch: 13 | loss: 0.3772404
	speed: 0.0125s/iter; left time: 366.3097s
Epoch: 13 cost time: 54.47810459136963
Epoch: 13, Steps: 4188 | Train Loss: 0.4038789 Vali Loss: 0.9487471 Test Loss: 0.4282617
EarlyStopping counter: 3 out of 5
Updating learning rate to 1.220703125e-06
	iters: 100, epoch: 14 | loss: 0.4094653
	speed: 0.0956s/iter; left time: 2792.6384s
	iters: 200, epoch: 14 | loss: 0.4540576
	speed: 0.0110s/iter; left time: 319.8480s
	iters: 300, epoch: 14 | loss: 0.4917272
	speed: 0.0111s/iter; left time: 323.4018s
	iters: 400, epoch: 14 | loss: 0.2927876
	speed: 0.0125s/iter; left time: 361.0605s
	iters: 500, epoch: 14 | loss: 0.4004029
	speed: 0.0121s/iter; left time: 349.7345s
	iters: 600, epoch: 14 | loss: 0.3917036
	speed: 0.0132s/iter; left time: 379.2242s
	iters: 700, epoch: 14 | loss: 0.2705345
	speed: 0.0126s/iter; left time: 361.6347s
	iters: 800, epoch: 14 | loss: 0.2847275
	speed: 0.0120s/iter; left time: 341.5667s
	iters: 900, epoch: 14 | loss: 0.3897304
	speed: 0.0129s/iter; left time: 366.4451s
	iters: 1000, epoch: 14 | loss: 0.3893778
	speed: 0.0122s/iter; left time: 344.1768s
	iters: 1100, epoch: 14 | loss: 0.5385736
	speed: 0.0114s/iter; left time: 320.6567s
	iters: 1200, epoch: 14 | loss: 0.3234416
	speed: 0.0129s/iter; left time: 362.7494s
	iters: 1300, epoch: 14 | loss: 0.3626783
	speed: 0.0124s/iter; left time: 347.7754s
	iters: 1400, epoch: 14 | loss: 0.5880513
	speed: 0.0128s/iter; left time: 358.0635s
	iters: 1500, epoch: 14 | loss: 0.4512237
	speed: 0.0115s/iter; left time: 318.7824s
	iters: 1600, epoch: 14 | loss: 0.6940609
	speed: 0.0093s/iter; left time: 258.1302s
	iters: 1700, epoch: 14 | loss: 0.5070097
	speed: 0.0125s/iter; left time: 344.7684s
	iters: 1800, epoch: 14 | loss: 0.4647022
	speed: 0.0134s/iter; left time: 368.4899s
	iters: 1900, epoch: 14 | loss: 0.4526494
	speed: 0.0102s/iter; left time: 280.3644s
	iters: 2000, epoch: 14 | loss: 0.3909078
	speed: 0.0103s/iter; left time: 282.0456s
	iters: 2100, epoch: 14 | loss: 0.2867277
	speed: 0.0115s/iter; left time: 312.2828s
	iters: 2200, epoch: 14 | loss: 0.3510759
	speed: 0.0125s/iter; left time: 339.0972s
	iters: 2300, epoch: 14 | loss: 0.3368001
	speed: 0.0143s/iter; left time: 385.8717s
	iters: 2400, epoch: 14 | loss: 0.3151307
	speed: 0.0136s/iter; left time: 366.4270s
	iters: 2500, epoch: 14 | loss: 0.4314322
	speed: 0.0109s/iter; left time: 292.1847s
	iters: 2600, epoch: 14 | loss: 0.3108997
	speed: 0.0114s/iter; left time: 305.7379s
	iters: 2700, epoch: 14 | loss: 0.3435299
	speed: 0.0117s/iter; left time: 310.9030s
	iters: 2800, epoch: 14 | loss: 0.4485382
	speed: 0.0099s/iter; left time: 262.6010s
	iters: 2900, epoch: 14 | loss: 0.3573301
	speed: 0.0091s/iter; left time: 239.4362s
	iters: 3000, epoch: 14 | loss: 0.3772377
	speed: 0.0098s/iter; left time: 259.0905s
	iters: 3100, epoch: 14 | loss: 0.4244636
	speed: 0.0092s/iter; left time: 241.6075s
	iters: 3200, epoch: 14 | loss: 0.4560082
	speed: 0.0099s/iter; left time: 258.6416s
	iters: 3300, epoch: 14 | loss: 0.3832620
	speed: 0.0104s/iter; left time: 269.5986s
	iters: 3400, epoch: 14 | loss: 0.4387571
	speed: 0.0105s/iter; left time: 272.7725s
	iters: 3500, epoch: 14 | loss: 0.5788797
	speed: 0.0112s/iter; left time: 288.2060s
	iters: 3600, epoch: 14 | loss: 0.2690476
	speed: 0.0111s/iter; left time: 286.2233s
	iters: 3700, epoch: 14 | loss: 0.5554245
	speed: 0.0110s/iter; left time: 281.6047s
	iters: 3800, epoch: 14 | loss: 0.3760076
	speed: 0.0106s/iter; left time: 269.2778s
	iters: 3900, epoch: 14 | loss: 0.3358420
	speed: 0.0112s/iter; left time: 283.7705s
	iters: 4000, epoch: 14 | loss: 0.3148884
	speed: 0.0102s/iter; left time: 258.0320s
	iters: 4100, epoch: 14 | loss: 0.3834999
	speed: 0.0089s/iter; left time: 224.0604s
Epoch: 14 cost time: 47.64386534690857
Epoch: 14, Steps: 4188 | Train Loss: 0.4038053 Vali Loss: 0.9487545 Test Loss: 0.4283003
EarlyStopping counter: 4 out of 5
Updating learning rate to 6.103515625e-07
	iters: 100, epoch: 15 | loss: 0.5155522
	speed: 0.0792s/iter; left time: 1981.8690s
	iters: 200, epoch: 15 | loss: 0.4146450
	speed: 0.0102s/iter; left time: 255.3503s
	iters: 300, epoch: 15 | loss: 0.3291033
	speed: 0.0084s/iter; left time: 208.8190s
	iters: 400, epoch: 15 | loss: 0.3086632
	speed: 0.0114s/iter; left time: 281.5894s
	iters: 500, epoch: 15 | loss: 0.3761923
	speed: 0.0101s/iter; left time: 249.8406s
	iters: 600, epoch: 15 | loss: 0.4060765
	speed: 0.0087s/iter; left time: 214.1379s
	iters: 700, epoch: 15 | loss: 0.4828353
	speed: 0.0113s/iter; left time: 274.9798s
	iters: 800, epoch: 15 | loss: 0.4663720
	speed: 0.0119s/iter; left time: 289.4622s
	iters: 900, epoch: 15 | loss: 0.4083855
	speed: 0.0123s/iter; left time: 298.3392s
	iters: 1000, epoch: 15 | loss: 0.4842947
	speed: 0.0118s/iter; left time: 285.5438s
	iters: 1100, epoch: 15 | loss: 0.4198934
	speed: 0.0094s/iter; left time: 225.4706s
	iters: 1200, epoch: 15 | loss: 0.4927072
	speed: 0.0089s/iter; left time: 213.2981s
	iters: 1300, epoch: 15 | loss: 0.6221034
	speed: 0.0097s/iter; left time: 230.0661s
	iters: 1400, epoch: 15 | loss: 0.5617665
	speed: 0.0100s/iter; left time: 237.6651s
	iters: 1500, epoch: 15 | loss: 0.4862363
	speed: 0.0105s/iter; left time: 248.7600s
	iters: 1600, epoch: 15 | loss: 0.3831611
	speed: 0.0127s/iter; left time: 299.8323s
	iters: 1700, epoch: 15 | loss: 0.3261815
	speed: 0.0110s/iter; left time: 258.5260s
	iters: 1800, epoch: 15 | loss: 0.3975722
	speed: 0.0115s/iter; left time: 268.4259s
	iters: 1900, epoch: 15 | loss: 0.3274984
	speed: 0.0107s/iter; left time: 248.3820s
	iters: 2000, epoch: 15 | loss: 0.3614203
	speed: 0.0092s/iter; left time: 213.1087s
	iters: 2100, epoch: 15 | loss: 0.2896487
	speed: 0.0111s/iter; left time: 255.5856s
	iters: 2200, epoch: 15 | loss: 0.3693803
	speed: 0.0110s/iter; left time: 252.5463s
	iters: 2300, epoch: 15 | loss: 0.3898675
	speed: 0.0111s/iter; left time: 252.3419s
	iters: 2400, epoch: 15 | loss: 0.4617350
	speed: 0.0111s/iter; left time: 251.4400s
	iters: 2500, epoch: 15 | loss: 0.3734749
	speed: 0.0111s/iter; left time: 251.2507s
	iters: 2600, epoch: 15 | loss: 0.3436932
	speed: 0.0112s/iter; left time: 252.8744s
	iters: 2700, epoch: 15 | loss: 0.3472254
	speed: 0.0114s/iter; left time: 256.2072s
	iters: 2800, epoch: 15 | loss: 0.6236840
	speed: 0.0116s/iter; left time: 259.8395s
	iters: 2900, epoch: 15 | loss: 0.5058491
	speed: 0.0117s/iter; left time: 260.3764s
	iters: 3000, epoch: 15 | loss: 0.3396577
	speed: 0.0113s/iter; left time: 249.2231s
	iters: 3100, epoch: 15 | loss: 0.6116839
	speed: 0.0116s/iter; left time: 255.9973s
	iters: 3200, epoch: 15 | loss: 0.3542211
	speed: 0.0116s/iter; left time: 255.1080s
	iters: 3300, epoch: 15 | loss: 0.3799093
	speed: 0.0111s/iter; left time: 243.2314s
	iters: 3400, epoch: 15 | loss: 0.3425388
	speed: 0.0106s/iter; left time: 229.5038s
	iters: 3500, epoch: 15 | loss: 0.4900657
	speed: 0.0101s/iter; left time: 218.3192s
	iters: 3600, epoch: 15 | loss: 0.5487105
	speed: 0.0101s/iter; left time: 217.5047s
	iters: 3700, epoch: 15 | loss: 0.3180636
	speed: 0.0100s/iter; left time: 213.7345s
	iters: 3800, epoch: 15 | loss: 0.4144482
	speed: 0.0097s/iter; left time: 207.6309s
	iters: 3900, epoch: 15 | loss: 0.3486988
	speed: 0.0095s/iter; left time: 201.5162s
	iters: 4000, epoch: 15 | loss: 0.4294071
	speed: 0.0093s/iter; left time: 195.6797s
	iters: 4100, epoch: 15 | loss: 0.4846038
	speed: 0.0090s/iter; left time: 188.2630s
Epoch: 15 cost time: 44.39565944671631
Epoch: 15, Steps: 4188 | Train Loss: 0.4037757 Vali Loss: 0.9489198 Test Loss: 0.4282907
EarlyStopping counter: 5 out of 5
Early stopping
>>>>>>>testing : ETTm1_336_720_NLinear_ETTm1_ftM_sl336_ll48_pl720_dm512_nh8_el2_dl1_df2048_fc1_ebtimeF_dtTrue_Exp_0_seed15349<<<<<<<<<<<<<<<<<<<<<<<<<<<<<<<<<
test 10801
mse:0.42968684434890747, mae:0.4162239134311676
