Args in experiment:
Namespace(activation='gelu', batch_size=32, c_out=7, checkpoints='./checkpoints/', d_ff=2048, d_layers=1, d_model=512, data='ETTm2', data_path='ETTm2.csv', dec_in=7, des='Exp', devices='0,1,2,3', distil=True, do_predict=False, dropout=0.05, e_layers=2, embed='timeF', embed_type=0, enc_in=7, factor=1, features='M', freq='h', gpu=0, individual=True, is_training=1, itr=1, label_len=48, learning_rate=0.01, loss='mse', lradj='type1', model='NLinear', model_id='ETTm2_336_192', moving_avg=25, n_heads=8, num_workers=0, output_attention=False, patience=5, pred_len=192, root_path='./dataset/', save_pred_values=False, seed=28649, seq_len=336, target='OT', test_flop=False, train_epochs=20, train_only=False, use_amp=False, use_gpu=False, use_multi_gpu=False)
Use CPU
>>>>>>>start training : ETTm2_336_192_NLinear_ETTm2_ftM_sl336_ll48_pl192_dm512_nh8_el2_dl1_df2048_fc1_ebtimeF_dtTrue_Exp_0_seed28649>>>>>>>>>>>>>>>>>>>>>>>>>>
train 34033
val 11329
test 11329
	iters: 100, epoch: 1 | loss: 0.6378781
	speed: 0.0066s/iter; left time: 140.1617s
	iters: 200, epoch: 1 | loss: 1.4647171
	speed: 0.0061s/iter; left time: 128.8930s
	iters: 300, epoch: 1 | loss: 0.2073741
	speed: 0.0044s/iter; left time: 92.6772s
	iters: 400, epoch: 1 | loss: 0.3453846
	speed: 0.0046s/iter; left time: 96.3779s
	iters: 500, epoch: 1 | loss: 0.9335280
	speed: 0.0055s/iter; left time: 114.0367s
	iters: 600, epoch: 1 | loss: 1.7154025
	speed: 0.0065s/iter; left time: 135.2977s
	iters: 700, epoch: 1 | loss: 0.4494842
	speed: 0.0057s/iter; left time: 117.8672s
	iters: 800, epoch: 1 | loss: 0.3563859
	speed: 0.0053s/iter; left time: 109.4316s
	iters: 900, epoch: 1 | loss: 0.4801793
	speed: 0.0054s/iter; left time: 110.4382s
	iters: 1000, epoch: 1 | loss: 0.4705074
	speed: 0.0059s/iter; left time: 118.5652s
Epoch: 1 cost time: 5.998126983642578
Epoch: 1, Steps: 1063 | Train Loss: 0.6331931 Vali Loss: 0.3591099 Test Loss: 0.5199132
Validation loss decreased (inf --> 0.359110).  Saving model ...
Updating learning rate to 0.01
	iters: 100, epoch: 2 | loss: 0.3073393
	speed: 0.0252s/iter; left time: 505.5864s
	iters: 200, epoch: 2 | loss: 0.4153385
	speed: 0.0058s/iter; left time: 116.1985s
	iters: 300, epoch: 2 | loss: 0.3113326
	speed: 0.0044s/iter; left time: 87.7499s
	iters: 400, epoch: 2 | loss: 2.3092449
	speed: 0.0046s/iter; left time: 91.5137s
	iters: 500, epoch: 2 | loss: 0.3357380
	speed: 0.0056s/iter; left time: 110.7139s
	iters: 600, epoch: 2 | loss: 0.3400972
	speed: 0.0054s/iter; left time: 106.2932s
	iters: 700, epoch: 2 | loss: 0.3245087
	speed: 0.0056s/iter; left time: 108.8102s
	iters: 800, epoch: 2 | loss: 1.3029544
	speed: 0.0059s/iter; left time: 113.9104s
	iters: 900, epoch: 2 | loss: 1.0442824
	speed: 0.0070s/iter; left time: 135.6688s
	iters: 1000, epoch: 2 | loss: 0.9972265
	speed: 0.0068s/iter; left time: 130.1630s
Epoch: 2 cost time: 6.1207075119018555
Epoch: 2, Steps: 1063 | Train Loss: 0.6913008 Vali Loss: 0.3017105 Test Loss: 0.4307986
Validation loss decreased (0.359110 --> 0.301711).  Saving model ...
Updating learning rate to 0.005
	iters: 100, epoch: 3 | loss: 0.3492559
	speed: 0.0292s/iter; left time: 555.4302s
	iters: 200, epoch: 3 | loss: 0.3107701
	speed: 0.0056s/iter; left time: 106.4277s
	iters: 300, epoch: 3 | loss: 0.2323657
	speed: 0.0063s/iter; left time: 118.0953s
	iters: 400, epoch: 3 | loss: 0.1871103
	speed: 0.0070s/iter; left time: 130.9667s
	iters: 500, epoch: 3 | loss: 0.1907441
	speed: 0.0060s/iter; left time: 112.2100s
	iters: 600, epoch: 3 | loss: 0.3619979
	speed: 0.0060s/iter; left time: 111.1793s
	iters: 700, epoch: 3 | loss: 0.3382200
	speed: 0.0066s/iter; left time: 121.1578s
	iters: 800, epoch: 3 | loss: 0.3129604
	speed: 0.0069s/iter; left time: 127.1081s
	iters: 900, epoch: 3 | loss: 0.1666369
	speed: 0.0059s/iter; left time: 107.0089s
	iters: 1000, epoch: 3 | loss: 0.3181618
	speed: 0.0056s/iter; left time: 102.3384s
Epoch: 3 cost time: 6.566258192062378
Epoch: 3, Steps: 1063 | Train Loss: 0.3690919 Vali Loss: 0.1748768 Test Loss: 0.2457815
Validation loss decreased (0.301711 --> 0.174877).  Saving model ...
Updating learning rate to 0.0025
	iters: 100, epoch: 4 | loss: 0.2762386
	speed: 0.0246s/iter; left time: 441.7068s
	iters: 200, epoch: 4 | loss: 0.7006887
	speed: 0.0055s/iter; left time: 98.1962s
	iters: 300, epoch: 4 | loss: 0.3700677
	speed: 0.0051s/iter; left time: 90.9928s
	iters: 400, epoch: 4 | loss: 0.2238914
	speed: 0.0051s/iter; left time: 89.3008s
	iters: 500, epoch: 4 | loss: 0.4720049
	speed: 0.0045s/iter; left time: 79.2207s
	iters: 600, epoch: 4 | loss: 0.3112068
	speed: 0.0048s/iter; left time: 84.2535s
	iters: 700, epoch: 4 | loss: 0.2410429
	speed: 0.0044s/iter; left time: 77.3054s
	iters: 800, epoch: 4 | loss: 0.3561954
	speed: 0.0054s/iter; left time: 93.6345s
	iters: 900, epoch: 4 | loss: 0.1778709
	speed: 0.0048s/iter; left time: 82.0822s
	iters: 1000, epoch: 4 | loss: 0.3716694
	speed: 0.0052s/iter; left time: 89.1562s
Epoch: 4 cost time: 5.402070045471191
Epoch: 4, Steps: 1063 | Train Loss: 0.3289999 Vali Loss: 0.1681810 Test Loss: 0.2388532
Validation loss decreased (0.174877 --> 0.168181).  Saving model ...
Updating learning rate to 0.00125
	iters: 100, epoch: 5 | loss: 0.4001184
	speed: 0.0238s/iter; left time: 403.0490s
	iters: 200, epoch: 5 | loss: 0.1880487
	speed: 0.0055s/iter; left time: 91.6622s
	iters: 300, epoch: 5 | loss: 0.2000164
	speed: 0.0061s/iter; left time: 101.9250s
	iters: 400, epoch: 5 | loss: 0.3592542
	speed: 0.0066s/iter; left time: 109.4879s
	iters: 500, epoch: 5 | loss: 0.1749703
	speed: 0.0062s/iter; left time: 102.5288s
	iters: 600, epoch: 5 | loss: 0.2624285
	speed: 0.0057s/iter; left time: 93.2370s
	iters: 700, epoch: 5 | loss: 0.2036433
	speed: 0.0061s/iter; left time: 100.1505s
	iters: 800, epoch: 5 | loss: 0.3468861
	speed: 0.0066s/iter; left time: 106.6551s
	iters: 900, epoch: 5 | loss: 0.2838226
	speed: 0.0057s/iter; left time: 91.0440s
	iters: 1000, epoch: 5 | loss: 0.6178049
	speed: 0.0057s/iter; left time: 90.7713s
Epoch: 5 cost time: 6.371530294418335
Epoch: 5, Steps: 1063 | Train Loss: 0.3092780 Vali Loss: 0.1657718 Test Loss: 0.2288955
Validation loss decreased (0.168181 --> 0.165772).  Saving model ...
Updating learning rate to 0.000625
	iters: 100, epoch: 6 | loss: 0.4056555
	speed: 0.0304s/iter; left time: 481.9716s
	iters: 200, epoch: 6 | loss: 0.5032179
	speed: 0.0050s/iter; left time: 79.3976s
	iters: 300, epoch: 6 | loss: 0.3342479
	speed: 0.0050s/iter; left time: 78.2303s
	iters: 400, epoch: 6 | loss: 0.2209180
	speed: 0.0054s/iter; left time: 83.7045s
	iters: 500, epoch: 6 | loss: 0.2213996
	speed: 0.0048s/iter; left time: 74.5811s
	iters: 600, epoch: 6 | loss: 0.2171238
	speed: 0.0050s/iter; left time: 77.3781s
	iters: 700, epoch: 6 | loss: 0.4895236
	speed: 0.0054s/iter; left time: 82.6811s
	iters: 800, epoch: 6 | loss: 0.2589579
	speed: 0.0059s/iter; left time: 89.0587s
	iters: 900, epoch: 6 | loss: 0.3583327
	speed: 0.0056s/iter; left time: 84.4655s
	iters: 1000, epoch: 6 | loss: 0.3008128
	speed: 0.0060s/iter; left time: 89.0131s
Epoch: 6 cost time: 5.80620813369751
Epoch: 6, Steps: 1063 | Train Loss: 0.3006015 Vali Loss: 0.1566198 Test Loss: 0.2215160
Validation loss decreased (0.165772 --> 0.156620).  Saving model ...
Updating learning rate to 0.0003125
	iters: 100, epoch: 7 | loss: 0.2465223
	speed: 0.0250s/iter; left time: 369.5680s
	iters: 200, epoch: 7 | loss: 0.4382856
	speed: 0.0056s/iter; left time: 81.9315s
	iters: 300, epoch: 7 | loss: 0.4113407
	speed: 0.0051s/iter; left time: 74.2628s
	iters: 400, epoch: 7 | loss: 0.2665619
	speed: 0.0055s/iter; left time: 79.3721s
	iters: 500, epoch: 7 | loss: 0.4746033
	speed: 0.0054s/iter; left time: 77.8703s
	iters: 600, epoch: 7 | loss: 0.4478906
	speed: 0.0055s/iter; left time: 79.2464s
	iters: 700, epoch: 7 | loss: 0.2695514
	speed: 0.0063s/iter; left time: 89.4089s
	iters: 800, epoch: 7 | loss: 0.2581107
	speed: 0.0060s/iter; left time: 84.0766s
	iters: 900, epoch: 7 | loss: 0.1692976
	speed: 0.0066s/iter; left time: 92.1483s
	iters: 1000, epoch: 7 | loss: 0.1826097
	speed: 0.0067s/iter; left time: 92.3281s
Epoch: 7 cost time: 6.225175142288208
Epoch: 7, Steps: 1063 | Train Loss: 0.2941481 Vali Loss: 0.1577951 Test Loss: 0.2217125
EarlyStopping counter: 1 out of 5
Updating learning rate to 0.00015625
	iters: 100, epoch: 8 | loss: 0.1455473
	speed: 0.0292s/iter; left time: 400.1548s
	iters: 200, epoch: 8 | loss: 0.1779200
	speed: 0.0064s/iter; left time: 87.7537s
	iters: 300, epoch: 8 | loss: 0.6808583
	speed: 0.0067s/iter; left time: 91.2408s
	iters: 400, epoch: 8 | loss: 0.2267711
	speed: 0.0056s/iter; left time: 75.5834s
	iters: 500, epoch: 8 | loss: 0.2450522
	speed: 0.0056s/iter; left time: 74.4587s
	iters: 600, epoch: 8 | loss: 0.5389864
	speed: 0.0058s/iter; left time: 76.8432s
	iters: 700, epoch: 8 | loss: 0.2255263
	speed: 0.0056s/iter; left time: 73.1244s
	iters: 800, epoch: 8 | loss: 0.2534065
	speed: 0.0057s/iter; left time: 73.8039s
	iters: 900, epoch: 8 | loss: 0.4031734
	speed: 0.0054s/iter; left time: 70.3497s
	iters: 1000, epoch: 8 | loss: 0.2358419
	speed: 0.0061s/iter; left time: 78.0740s
Epoch: 8 cost time: 6.190850734710693
Epoch: 8, Steps: 1063 | Train Loss: 0.2917741 Vali Loss: 0.1557853 Test Loss: 0.2189647
Validation loss decreased (0.156620 --> 0.155785).  Saving model ...
Updating learning rate to 7.8125e-05
	iters: 100, epoch: 9 | loss: 0.5883000
	speed: 0.0245s/iter; left time: 310.4383s
	iters: 200, epoch: 9 | loss: 0.3125536
	speed: 0.0059s/iter; left time: 74.6240s
	iters: 300, epoch: 9 | loss: 0.4811619
	speed: 0.0064s/iter; left time: 79.2594s
	iters: 400, epoch: 9 | loss: 0.4959730
	speed: 0.0063s/iter; left time: 77.9949s
	iters: 500, epoch: 9 | loss: 0.3252131
	speed: 0.0058s/iter; left time: 70.7508s
	iters: 600, epoch: 9 | loss: 0.4968017
	speed: 0.0057s/iter; left time: 69.0599s
	iters: 700, epoch: 9 | loss: 0.2895019
	speed: 0.0057s/iter; left time: 68.6042s
	iters: 800, epoch: 9 | loss: 0.3443131
	speed: 0.0059s/iter; left time: 70.8140s
	iters: 900, epoch: 9 | loss: 0.4244381
	speed: 0.0060s/iter; left time: 71.0129s
	iters: 1000, epoch: 9 | loss: 0.4149937
	speed: 0.0058s/iter; left time: 67.6296s
Epoch: 9 cost time: 6.296650171279907
Epoch: 9, Steps: 1063 | Train Loss: 0.2899187 Vali Loss: 0.1570539 Test Loss: 0.2182923
EarlyStopping counter: 1 out of 5
Updating learning rate to 3.90625e-05
	iters: 100, epoch: 10 | loss: 0.2465034
	speed: 0.0270s/iter; left time: 313.4903s
	iters: 200, epoch: 10 | loss: 0.2143415
	speed: 0.0039s/iter; left time: 44.6943s
	iters: 300, epoch: 10 | loss: 0.2528826
	speed: 0.0048s/iter; left time: 54.3772s
	iters: 400, epoch: 10 | loss: 0.2046973
	speed: 0.0063s/iter; left time: 71.0395s
	iters: 500, epoch: 10 | loss: 0.1763432
	speed: 0.0058s/iter; left time: 65.1792s
	iters: 600, epoch: 10 | loss: 0.2439701
	speed: 0.0056s/iter; left time: 61.5718s
	iters: 700, epoch: 10 | loss: 0.4409617
	speed: 0.0056s/iter; left time: 61.5868s
	iters: 800, epoch: 10 | loss: 0.2573822
	speed: 0.0054s/iter; left time: 59.2853s
	iters: 900, epoch: 10 | loss: 0.2235084
	speed: 0.0052s/iter; left time: 56.0409s
	iters: 1000, epoch: 10 | loss: 0.1584170
	speed: 0.0045s/iter; left time: 47.9089s
Epoch: 10 cost time: 5.482387065887451
Epoch: 10, Steps: 1063 | Train Loss: 0.2892295 Vali Loss: 0.1552519 Test Loss: 0.2183402
Validation loss decreased (0.155785 --> 0.155252).  Saving model ...
Updating learning rate to 1.953125e-05
	iters: 100, epoch: 11 | loss: 0.2022084
	speed: 0.0278s/iter; left time: 293.2409s
	iters: 200, epoch: 11 | loss: 0.1585373
	speed: 0.0057s/iter; left time: 59.8941s
	iters: 300, epoch: 11 | loss: 0.6420166
	speed: 0.0057s/iter; left time: 58.6672s
	iters: 400, epoch: 11 | loss: 0.5672340
	speed: 0.0060s/iter; left time: 61.8373s
	iters: 500, epoch: 11 | loss: 0.1539954
	speed: 0.0070s/iter; left time: 71.2315s
	iters: 600, epoch: 11 | loss: 0.4555396
	speed: 0.0068s/iter; left time: 67.8093s
	iters: 700, epoch: 11 | loss: 0.1893114
	speed: 0.0064s/iter; left time: 63.7659s
	iters: 800, epoch: 11 | loss: 0.2541062
	speed: 0.0064s/iter; left time: 63.1427s
	iters: 900, epoch: 11 | loss: 0.5399302
	speed: 0.0054s/iter; left time: 52.4598s
	iters: 1000, epoch: 11 | loss: 0.2213800
	speed: 0.0049s/iter; left time: 47.4853s
Epoch: 11 cost time: 6.444937229156494
Epoch: 11, Steps: 1063 | Train Loss: 0.2886270 Vali Loss: 0.1551858 Test Loss: 0.2174724
Validation loss decreased (0.155252 --> 0.155186).  Saving model ...
Updating learning rate to 9.765625e-06
	iters: 100, epoch: 12 | loss: 0.2373094
	speed: 0.0261s/iter; left time: 247.5459s
	iters: 200, epoch: 12 | loss: 0.1638232
	speed: 0.0053s/iter; left time: 49.6692s
	iters: 300, epoch: 12 | loss: 0.2199600
	speed: 0.0049s/iter; left time: 45.4130s
	iters: 400, epoch: 12 | loss: 0.1821911
	speed: 0.0061s/iter; left time: 56.0276s
	iters: 500, epoch: 12 | loss: 0.3465397
	speed: 0.0064s/iter; left time: 58.3337s
	iters: 600, epoch: 12 | loss: 0.2697882
	speed: 0.0062s/iter; left time: 55.5508s
	iters: 700, epoch: 12 | loss: 0.2593876
	speed: 0.0068s/iter; left time: 60.4259s
	iters: 800, epoch: 12 | loss: 0.2585121
	speed: 0.0048s/iter; left time: 42.3493s
	iters: 900, epoch: 12 | loss: 0.6820948
	speed: 0.0061s/iter; left time: 52.9903s
	iters: 1000, epoch: 12 | loss: 0.3667807
	speed: 0.0057s/iter; left time: 49.1053s
Epoch: 12 cost time: 6.134720802307129
Epoch: 12, Steps: 1063 | Train Loss: 0.2883907 Vali Loss: 0.1551252 Test Loss: 0.2187897
Validation loss decreased (0.155186 --> 0.155125).  Saving model ...
Updating learning rate to 4.8828125e-06
	iters: 100, epoch: 13 | loss: 0.2721615
	speed: 0.0256s/iter; left time: 214.7682s
	iters: 200, epoch: 13 | loss: 0.2317941
	speed: 0.0056s/iter; left time: 46.4723s
	iters: 300, epoch: 13 | loss: 0.2790918
	speed: 0.0069s/iter; left time: 56.4697s
	iters: 400, epoch: 13 | loss: 0.1470535
	speed: 0.0065s/iter; left time: 52.8489s
	iters: 500, epoch: 13 | loss: 0.2653260
	speed: 0.0057s/iter; left time: 45.6449s
	iters: 600, epoch: 13 | loss: 0.3158922
	speed: 0.0054s/iter; left time: 43.0003s
	iters: 700, epoch: 13 | loss: 0.1906717
	speed: 0.0053s/iter; left time: 41.0761s
	iters: 800, epoch: 13 | loss: 0.1269808
	speed: 0.0059s/iter; left time: 45.4593s
	iters: 900, epoch: 13 | loss: 0.2063194
	speed: 0.0056s/iter; left time: 42.6713s
	iters: 1000, epoch: 13 | loss: 0.2604986
	speed: 0.0054s/iter; left time: 40.3769s
Epoch: 13 cost time: 6.113595962524414
Epoch: 13, Steps: 1063 | Train Loss: 0.2883052 Vali Loss: 0.1551876 Test Loss: 0.2181546
EarlyStopping counter: 1 out of 5
Updating learning rate to 2.44140625e-06
	iters: 100, epoch: 14 | loss: 0.1931270
	speed: 0.0249s/iter; left time: 183.0206s
	iters: 200, epoch: 14 | loss: 0.3719327
	speed: 0.0064s/iter; left time: 46.7003s
	iters: 300, epoch: 14 | loss: 0.4253353
	speed: 0.0064s/iter; left time: 45.4368s
	iters: 400, epoch: 14 | loss: 0.4661115
	speed: 0.0069s/iter; left time: 48.8132s
	iters: 500, epoch: 14 | loss: 0.3447568
	speed: 0.0069s/iter; left time: 48.1895s
	iters: 600, epoch: 14 | loss: 0.3869845
	speed: 0.0051s/iter; left time: 34.6910s
	iters: 700, epoch: 14 | loss: 0.2458571
	speed: 0.0049s/iter; left time: 33.0253s
	iters: 800, epoch: 14 | loss: 0.2210121
	speed: 0.0057s/iter; left time: 37.6796s
	iters: 900, epoch: 14 | loss: 0.1821757
	speed: 0.0057s/iter; left time: 37.2470s
	iters: 1000, epoch: 14 | loss: 0.2464505
	speed: 0.0053s/iter; left time: 34.4317s
Epoch: 14 cost time: 6.298983812332153
Epoch: 14, Steps: 1063 | Train Loss: 0.2881267 Vali Loss: 0.1550191 Test Loss: 0.2179109
Validation loss decreased (0.155125 --> 0.155019).  Saving model ...
Updating learning rate to 1.220703125e-06
	iters: 100, epoch: 15 | loss: 0.2173570
	speed: 0.0270s/iter; left time: 169.5873s
	iters: 200, epoch: 15 | loss: 0.3362325
	speed: 0.0066s/iter; left time: 40.7940s
	iters: 300, epoch: 15 | loss: 0.2144471
	speed: 0.0067s/iter; left time: 40.5362s
	iters: 400, epoch: 15 | loss: 0.2039472
	speed: 0.0057s/iter; left time: 33.7921s
	iters: 500, epoch: 15 | loss: 0.3180830
	speed: 0.0050s/iter; left time: 29.2670s
	iters: 600, epoch: 15 | loss: 0.3768497
	speed: 0.0051s/iter; left time: 29.7167s
	iters: 700, epoch: 15 | loss: 0.5839412
	speed: 0.0050s/iter; left time: 28.2245s
	iters: 800, epoch: 15 | loss: 0.4427142
	speed: 0.0053s/iter; left time: 29.5731s
	iters: 900, epoch: 15 | loss: 0.3262685
	speed: 0.0058s/iter; left time: 31.9974s
	iters: 1000, epoch: 15 | loss: 0.1846869
	speed: 0.0055s/iter; left time: 29.5444s
Epoch: 15 cost time: 6.0779290199279785
Epoch: 15, Steps: 1063 | Train Loss: 0.2881517 Vali Loss: 0.1550047 Test Loss: 0.2179543
Validation loss decreased (0.155019 --> 0.155005).  Saving model ...
Updating learning rate to 6.103515625e-07
	iters: 100, epoch: 16 | loss: 0.1897479
	speed: 0.0302s/iter; left time: 157.3996s
	iters: 200, epoch: 16 | loss: 0.5138780
	speed: 0.0064s/iter; left time: 32.7016s
	iters: 300, epoch: 16 | loss: 0.4911534
	speed: 0.0064s/iter; left time: 31.9133s
	iters: 400, epoch: 16 | loss: 0.4993747
	speed: 0.0061s/iter; left time: 29.7715s
	iters: 500, epoch: 16 | loss: 0.5725673
	speed: 0.0064s/iter; left time: 30.7743s
	iters: 600, epoch: 16 | loss: 0.1886047
	speed: 0.0064s/iter; left time: 30.2400s
	iters: 700, epoch: 16 | loss: 0.3793222
	speed: 0.0057s/iter; left time: 26.5157s
	iters: 800, epoch: 16 | loss: 0.3504977
	speed: 0.0053s/iter; left time: 23.9349s
	iters: 900, epoch: 16 | loss: 0.1346173
	speed: 0.0057s/iter; left time: 25.0533s
	iters: 1000, epoch: 16 | loss: 0.5190333
	speed: 0.0064s/iter; left time: 27.6245s
Epoch: 16 cost time: 6.504293918609619
Epoch: 16, Steps: 1063 | Train Loss: 0.2880160 Vali Loss: 0.1550237 Test Loss: 0.2179883
EarlyStopping counter: 1 out of 5
Updating learning rate to 3.0517578125e-07
	iters: 100, epoch: 17 | loss: 0.2208829
	speed: 0.0284s/iter; left time: 117.7964s
	iters: 200, epoch: 17 | loss: 0.1966309
	speed: 0.0052s/iter; left time: 21.0059s
	iters: 300, epoch: 17 | loss: 0.3124887
	speed: 0.0062s/iter; left time: 24.5811s
	iters: 400, epoch: 17 | loss: 0.3151694
	speed: 0.0056s/iter; left time: 21.6233s
	iters: 500, epoch: 17 | loss: 0.4564651
	speed: 0.0051s/iter; left time: 18.9860s
	iters: 600, epoch: 17 | loss: 0.1899884
	speed: 0.0057s/iter; left time: 20.7206s
	iters: 700, epoch: 17 | loss: 0.2086025
	speed: 0.0063s/iter; left time: 22.3564s
	iters: 800, epoch: 17 | loss: 0.2294604
	speed: 0.0062s/iter; left time: 21.2648s
	iters: 900, epoch: 17 | loss: 0.2778844
	speed: 0.0057s/iter; left time: 19.0530s
	iters: 1000, epoch: 17 | loss: 0.3755699
	speed: 0.0054s/iter; left time: 17.4704s
Epoch: 17 cost time: 6.011211395263672
Epoch: 17, Steps: 1063 | Train Loss: 0.2878778 Vali Loss: 0.1550335 Test Loss: 0.2179953
EarlyStopping counter: 2 out of 5
Updating learning rate to 1.52587890625e-07
	iters: 100, epoch: 18 | loss: 0.1693951
	speed: 0.0259s/iter; left time: 80.1466s
	iters: 200, epoch: 18 | loss: 0.1814986
	speed: 0.0064s/iter; left time: 19.1406s
	iters: 300, epoch: 18 | loss: 0.1671377
	speed: 0.0065s/iter; left time: 18.8213s
	iters: 400, epoch: 18 | loss: 0.3233822
	speed: 0.0064s/iter; left time: 17.7526s
	iters: 500, epoch: 18 | loss: 0.1342453
	speed: 0.0051s/iter; left time: 13.6652s
	iters: 600, epoch: 18 | loss: 0.1734179
	speed: 0.0058s/iter; left time: 14.9014s
	iters: 700, epoch: 18 | loss: 0.1706746
	speed: 0.0050s/iter; left time: 12.4002s
	iters: 800, epoch: 18 | loss: 0.2394247
	speed: 0.0058s/iter; left time: 13.9115s
	iters: 900, epoch: 18 | loss: 0.1925177
	speed: 0.0052s/iter; left time: 11.9221s
	iters: 1000, epoch: 18 | loss: 0.4950576
	speed: 0.0052s/iter; left time: 11.3223s
Epoch: 18 cost time: 6.016830205917358
Epoch: 18, Steps: 1063 | Train Loss: 0.2879652 Vali Loss: 0.1550387 Test Loss: 0.2179954
EarlyStopping counter: 3 out of 5
Updating learning rate to 7.62939453125e-08
	iters: 100, epoch: 19 | loss: 0.1881546
	speed: 0.0253s/iter; left time: 51.3057s
	iters: 200, epoch: 19 | loss: 0.3477824
	speed: 0.0062s/iter; left time: 11.9868s
	iters: 300, epoch: 19 | loss: 0.1694194
	speed: 0.0061s/iter; left time: 11.1677s
	iters: 400, epoch: 19 | loss: 0.6212999
	speed: 0.0053s/iter; left time: 9.2057s
	iters: 500, epoch: 19 | loss: 0.1435105
	speed: 0.0059s/iter; left time: 9.5702s
	iters: 600, epoch: 19 | loss: 0.5280115
	speed: 0.0052s/iter; left time: 7.9148s
	iters: 700, epoch: 19 | loss: 0.2126026
	speed: 0.0053s/iter; left time: 7.6065s
	iters: 800, epoch: 19 | loss: 0.3799039
	speed: 0.0051s/iter; left time: 6.7052s
	iters: 900, epoch: 19 | loss: 0.1330528
	speed: 0.0050s/iter; left time: 6.0859s
	iters: 1000, epoch: 19 | loss: 0.3056673
	speed: 0.0048s/iter; left time: 5.4350s
Epoch: 19 cost time: 5.815817356109619
Epoch: 19, Steps: 1063 | Train Loss: 0.2880842 Vali Loss: 0.1550296 Test Loss: 0.2179999
EarlyStopping counter: 4 out of 5
Updating learning rate to 3.814697265625e-08
	iters: 100, epoch: 20 | loss: 0.2618010
	speed: 0.0266s/iter; left time: 25.6874s
	iters: 200, epoch: 20 | loss: 0.4437605
	speed: 0.0056s/iter; left time: 4.8402s
	iters: 300, epoch: 20 | loss: 0.1791928
	speed: 0.0054s/iter; left time: 4.1273s
	iters: 400, epoch: 20 | loss: 0.2159932
	speed: 0.0047s/iter; left time: 3.1287s
	iters: 500, epoch: 20 | loss: 0.2844612
	speed: 0.0051s/iter; left time: 2.8708s
	iters: 600, epoch: 20 | loss: 0.3340037
	speed: 0.0051s/iter; left time: 2.3449s
	iters: 700, epoch: 20 | loss: 0.2497982
	speed: 0.0050s/iter; left time: 1.8273s
	iters: 800, epoch: 20 | loss: 0.1247131
	speed: 0.0050s/iter; left time: 1.3257s
	iters: 900, epoch: 20 | loss: 0.3779466
	speed: 0.0049s/iter; left time: 0.8115s
	iters: 1000, epoch: 20 | loss: 0.2464423
	speed: 0.0049s/iter; left time: 0.3118s
Epoch: 20 cost time: 5.508198022842407
Epoch: 20, Steps: 1063 | Train Loss: 0.2880697 Vali Loss: 0.1550339 Test Loss: 0.2180008
EarlyStopping counter: 5 out of 5
Early stopping
>>>>>>>testing : ETTm2_336_192_NLinear_ETTm2_ftM_sl336_ll48_pl192_dm512_nh8_el2_dl1_df2048_fc1_ebtimeF_dtTrue_Exp_0_seed28649<<<<<<<<<<<<<<<<<<<<<<<<<<<<<<<<<
test 11329
mse:0.2183115929365158, mae:0.28976407647132874
