Args in experiment:
Namespace(activation='gelu', batch_size=32, c_out=7, checkpoints='./checkpoints/', d_ff=2048, d_layers=1, d_model=512, data='ETTh1', data_path='ETTh1.csv', dec_in=7, des='Exp', devices='0,1,2,3', distil=True, do_predict=False, dropout=0.05, e_layers=2, embed='timeF', embed_type=0, enc_in=7, factor=1, features='M', freq='h', gpu=0, individual=True, is_training=1, itr=1, label_len=48, learning_rate=0.005, loss='mse', lradj='type1', model='NLinear', model_id='ETTh1_336_720', moving_avg=25, n_heads=8, num_workers=0, output_attention=False, patience=5, pred_len=720, root_path='./dataset/', save_pred_values=False, seed=3293, seq_len=336, target='OT', test_flop=False, train_epochs=20, train_only=False, use_amp=False, use_gpu=False, use_multi_gpu=False)
Use CPU
>>>>>>>start training : ETTh1_336_720_NLinear_ETTh1_ftM_sl336_ll48_pl720_dm512_nh8_el2_dl1_df2048_fc1_ebtimeF_dtTrue_Exp_0_seed3293>>>>>>>>>>>>>>>>>>>>>>>>>>
train 7585
val 2161
test 2161
	iters: 100, epoch: 1 | loss: 0.6922908
	speed: 0.0195s/iter; left time: 90.4622s
	iters: 200, epoch: 1 | loss: 0.5991521
	speed: 0.0206s/iter; left time: 93.5059s
Epoch: 1 cost time: 4.729573488235474
Epoch: 1, Steps: 237 | Train Loss: 0.6726740 Vali Loss: 1.6706821 Test Loss: 0.5603235
Validation loss decreased (inf --> 1.670682).  Saving model ...
Updating learning rate to 0.005
	iters: 100, epoch: 2 | loss: 0.5593356
	speed: 0.0344s/iter; left time: 151.4511s
	iters: 200, epoch: 2 | loss: 0.6194221
	speed: 0.0173s/iter; left time: 74.3721s
Epoch: 2 cost time: 4.220051288604736
Epoch: 2, Steps: 237 | Train Loss: 0.6671590 Vali Loss: 2.2995694 Test Loss: 1.0664622
EarlyStopping counter: 1 out of 5
Updating learning rate to 0.0025
	iters: 100, epoch: 3 | loss: 0.5833995
	speed: 0.0355s/iter; left time: 148.0086s
	iters: 200, epoch: 3 | loss: 0.5933649
	speed: 0.0187s/iter; left time: 76.1687s
Epoch: 3 cost time: 4.40796685218811
Epoch: 3, Steps: 237 | Train Loss: 0.5919878 Vali Loss: 1.6458135 Test Loss: 0.5005602
Validation loss decreased (1.670682 --> 1.645813).  Saving model ...
Updating learning rate to 0.00125
	iters: 100, epoch: 4 | loss: 0.6309372
	speed: 0.0338s/iter; left time: 132.7638s
	iters: 200, epoch: 4 | loss: 0.5653882
	speed: 0.0168s/iter; left time: 64.4482s
Epoch: 4 cost time: 4.28632926940918
Epoch: 4, Steps: 237 | Train Loss: 0.5649822 Vali Loss: 1.5436354 Test Loss: 0.4677308
Validation loss decreased (1.645813 --> 1.543635).  Saving model ...
Updating learning rate to 0.000625
	iters: 100, epoch: 5 | loss: 0.5456619
	speed: 0.0332s/iter; left time: 122.6642s
	iters: 200, epoch: 5 | loss: 0.5125766
	speed: 0.0190s/iter; left time: 68.1541s
Epoch: 5 cost time: 4.357361078262329
Epoch: 5, Steps: 237 | Train Loss: 0.5539319 Vali Loss: 1.5276383 Test Loss: 0.4601612
Validation loss decreased (1.543635 --> 1.527638).  Saving model ...
Updating learning rate to 0.0003125
	iters: 100, epoch: 6 | loss: 0.5191412
	speed: 0.0345s/iter; left time: 119.1482s
	iters: 200, epoch: 6 | loss: 0.5705992
	speed: 0.0186s/iter; left time: 62.5092s
Epoch: 6 cost time: 4.4509382247924805
Epoch: 6, Steps: 237 | Train Loss: 0.5478699 Vali Loss: 1.5191392 Test Loss: 0.4563060
Validation loss decreased (1.527638 --> 1.519139).  Saving model ...
Updating learning rate to 0.00015625
	iters: 100, epoch: 7 | loss: 0.5782408
	speed: 0.0341s/iter; left time: 109.7336s
	iters: 200, epoch: 7 | loss: 0.5752657
	speed: 0.0189s/iter; left time: 58.8591s
Epoch: 7 cost time: 4.501460790634155
Epoch: 7, Steps: 237 | Train Loss: 0.5444138 Vali Loss: 1.5215985 Test Loss: 0.4552313
EarlyStopping counter: 1 out of 5
Updating learning rate to 7.8125e-05
	iters: 100, epoch: 8 | loss: 0.5137160
	speed: 0.0320s/iter; left time: 95.4435s
	iters: 200, epoch: 8 | loss: 0.4515827
	speed: 0.0181s/iter; left time: 52.0429s
Epoch: 8 cost time: 4.170246601104736
Epoch: 8, Steps: 237 | Train Loss: 0.5428058 Vali Loss: 1.5254034 Test Loss: 0.4553571
EarlyStopping counter: 2 out of 5
Updating learning rate to 3.90625e-05
	iters: 100, epoch: 9 | loss: 0.4657717
	speed: 0.0344s/iter; left time: 94.3794s
	iters: 200, epoch: 9 | loss: 0.5899510
	speed: 0.0182s/iter; left time: 48.0338s
Epoch: 9 cost time: 4.337557077407837
Epoch: 9, Steps: 237 | Train Loss: 0.5418232 Vali Loss: 1.5100380 Test Loss: 0.4536141
Validation loss decreased (1.519139 --> 1.510038).  Saving model ...
Updating learning rate to 1.953125e-05
	iters: 100, epoch: 10 | loss: 0.4936485
	speed: 0.0330s/iter; left time: 82.8447s
	iters: 200, epoch: 10 | loss: 0.5197199
	speed: 0.0209s/iter; left time: 50.4433s
Epoch: 10 cost time: 4.769989252090454
Epoch: 10, Steps: 237 | Train Loss: 0.5413915 Vali Loss: 1.5153245 Test Loss: 0.4535012
EarlyStopping counter: 1 out of 5
Updating learning rate to 9.765625e-06
	iters: 100, epoch: 11 | loss: 0.5520360
	speed: 0.0363s/iter; left time: 82.4578s
	iters: 200, epoch: 11 | loss: 0.5918049
	speed: 0.0198s/iter; left time: 42.9358s
Epoch: 11 cost time: 4.668138742446899
Epoch: 11, Steps: 237 | Train Loss: 0.5409905 Vali Loss: 1.5146797 Test Loss: 0.4535998
EarlyStopping counter: 2 out of 5
Updating learning rate to 4.8828125e-06
	iters: 100, epoch: 12 | loss: 0.5163982
	speed: 0.0366s/iter; left time: 74.4743s
	iters: 200, epoch: 12 | loss: 0.6233956
	speed: 0.0149s/iter; left time: 28.8224s
Epoch: 12 cost time: 4.042828798294067
Epoch: 12, Steps: 237 | Train Loss: 0.5407832 Vali Loss: 1.5146599 Test Loss: 0.4535283
EarlyStopping counter: 3 out of 5
Updating learning rate to 2.44140625e-06
	iters: 100, epoch: 13 | loss: 0.5378372
	speed: 0.0305s/iter; left time: 54.8231s
	iters: 200, epoch: 13 | loss: 0.5688951
	speed: 0.0150s/iter; left time: 25.5182s
Epoch: 13 cost time: 3.707062244415283
Epoch: 13, Steps: 237 | Train Loss: 0.5407599 Vali Loss: 1.5164797 Test Loss: 0.4535113
EarlyStopping counter: 4 out of 5
Updating learning rate to 1.220703125e-06
	iters: 100, epoch: 14 | loss: 0.5220355
	speed: 0.0306s/iter; left time: 47.7872s
	iters: 200, epoch: 14 | loss: 0.5270166
	speed: 0.0161s/iter; left time: 23.5375s
Epoch: 14 cost time: 3.8035731315612793
Epoch: 14, Steps: 237 | Train Loss: 0.5406786 Vali Loss: 1.5145814 Test Loss: 0.4534806
EarlyStopping counter: 5 out of 5
Early stopping
>>>>>>>testing : ETTh1_336_720_NLinear_ETTh1_ftM_sl336_ll48_pl720_dm512_nh8_el2_dl1_df2048_fc1_ebtimeF_dtTrue_Exp_0_seed3293<<<<<<<<<<<<<<<<<<<<<<<<<<<<<<<<<
test 2161
mse:0.45248180627822876, mae:0.45993688702583313
