Args in experiment:
Namespace(activation='gelu', batch_size=8, c_out=7, checkpoints='./checkpoints/', d_ff=2048, d_layers=1, d_model=512, data='ETTm1', data_path='ETTm1.csv', dec_in=7, des='Exp', devices='0,1,2,3', distil=True, do_predict=False, dropout=0.05, e_layers=2, embed='timeF', embed_type=0, enc_in=7, factor=1, features='M', freq='h', gpu=0, individual=True, is_training=1, itr=1, label_len=48, learning_rate=0.005, loss='mse', lradj='type1', model='NLinear', model_id='ETTm1_336_96', moving_avg=25, n_heads=8, num_workers=0, output_attention=False, patience=5, pred_len=96, root_path='./dataset/', save_pred_values=False, seed=28649, seq_len=336, target='OT', test_flop=False, train_epochs=20, train_only=False, use_amp=False, use_gpu=False, use_multi_gpu=False)
Use CPU
>>>>>>>start training : ETTm1_336_96_NLinear_ETTm1_ftM_sl336_ll48_pl96_dm512_nh8_el2_dl1_df2048_fc1_ebtimeF_dtTrue_Exp_0_seed28649>>>>>>>>>>>>>>>>>>>>>>>>>>
train 34129
val 11425
test 11425
	iters: 100, epoch: 1 | loss: 0.3802447
	speed: 0.0032s/iter; left time: 273.6007s
	iters: 200, epoch: 1 | loss: 0.2931940
	speed: 0.0033s/iter; left time: 280.3054s
	iters: 300, epoch: 1 | loss: 0.5011796
	speed: 0.0032s/iter; left time: 273.7666s
	iters: 400, epoch: 1 | loss: 0.5061842
	speed: 0.0032s/iter; left time: 271.7482s
	iters: 500, epoch: 1 | loss: 0.5297571
	speed: 0.0032s/iter; left time: 271.6844s
	iters: 600, epoch: 1 | loss: 0.3373818
	speed: 0.0029s/iter; left time: 249.0811s
	iters: 700, epoch: 1 | loss: 0.3579687
	speed: 0.0029s/iter; left time: 245.4007s
	iters: 800, epoch: 1 | loss: 0.3896705
	speed: 0.0029s/iter; left time: 244.2651s
	iters: 900, epoch: 1 | loss: 0.3242416
	speed: 0.0027s/iter; left time: 225.6679s
	iters: 1000, epoch: 1 | loss: 0.3084832
	speed: 0.0028s/iter; left time: 237.7843s
	iters: 1100, epoch: 1 | loss: 0.5208995
	speed: 0.0026s/iter; left time: 216.4489s
	iters: 1200, epoch: 1 | loss: 0.5767530
	speed: 0.0026s/iter; left time: 218.8670s
	iters: 1300, epoch: 1 | loss: 0.2482975
	speed: 0.0026s/iter; left time: 214.2546s
	iters: 1400, epoch: 1 | loss: 0.4189186
	speed: 0.0026s/iter; left time: 214.8372s
	iters: 1500, epoch: 1 | loss: 0.3865510
	speed: 0.0024s/iter; left time: 197.0206s
	iters: 1600, epoch: 1 | loss: 0.2498779
	speed: 0.0024s/iter; left time: 199.5080s
	iters: 1700, epoch: 1 | loss: 0.6803386
	speed: 0.0025s/iter; left time: 208.2160s
	iters: 1800, epoch: 1 | loss: 0.5407222
	speed: 0.0021s/iter; left time: 172.8883s
	iters: 1900, epoch: 1 | loss: 0.5980200
	speed: 0.0021s/iter; left time: 176.8365s
	iters: 2000, epoch: 1 | loss: 0.4939307
	speed: 0.0020s/iter; left time: 170.8072s
	iters: 2100, epoch: 1 | loss: 0.6161898
	speed: 0.0023s/iter; left time: 191.5970s
	iters: 2200, epoch: 1 | loss: 0.4033948
	speed: 0.0024s/iter; left time: 198.6591s
	iters: 2300, epoch: 1 | loss: 0.4827384
	speed: 0.0024s/iter; left time: 196.7594s
	iters: 2400, epoch: 1 | loss: 0.4446665
	speed: 0.0024s/iter; left time: 195.6936s
	iters: 2500, epoch: 1 | loss: 0.3159574
	speed: 0.0027s/iter; left time: 226.2480s
	iters: 2600, epoch: 1 | loss: 0.3073109
	speed: 0.0029s/iter; left time: 237.4560s
	iters: 2700, epoch: 1 | loss: 0.3037009
	speed: 0.0032s/iter; left time: 263.5612s
	iters: 2800, epoch: 1 | loss: 0.5776331
	speed: 0.0030s/iter; left time: 248.5280s
	iters: 2900, epoch: 1 | loss: 0.7533522
	speed: 0.0029s/iter; left time: 238.1961s
	iters: 3000, epoch: 1 | loss: 0.3064568
	speed: 0.0029s/iter; left time: 237.0848s
	iters: 3100, epoch: 1 | loss: 0.2785037
	speed: 0.0029s/iter; left time: 238.4918s
	iters: 3200, epoch: 1 | loss: 0.4023791
	speed: 0.0029s/iter; left time: 238.3351s
	iters: 3300, epoch: 1 | loss: 0.5058559
	speed: 0.0030s/iter; left time: 242.7822s
	iters: 3400, epoch: 1 | loss: 0.5263065
	speed: 0.0030s/iter; left time: 246.5827s
	iters: 3500, epoch: 1 | loss: 0.4177453
	speed: 0.0030s/iter; left time: 245.7610s
	iters: 3600, epoch: 1 | loss: 0.6950009
	speed: 0.0025s/iter; left time: 206.7541s
	iters: 3700, epoch: 1 | loss: 0.3609264
	speed: 0.0023s/iter; left time: 189.4856s
	iters: 3800, epoch: 1 | loss: 0.4667422
	speed: 0.0024s/iter; left time: 195.6510s
	iters: 3900, epoch: 1 | loss: 0.5260723
	speed: 0.0024s/iter; left time: 196.3700s
	iters: 4000, epoch: 1 | loss: 0.4961753
	speed: 0.0028s/iter; left time: 225.2580s
	iters: 4100, epoch: 1 | loss: 0.5456194
	speed: 0.0030s/iter; left time: 240.4508s
	iters: 4200, epoch: 1 | loss: 0.4543869
	speed: 0.0029s/iter; left time: 236.0614s
Epoch: 1 cost time: 11.604369401931763
Epoch: 1, Steps: 4266 | Train Loss: 0.4479583 Vali Loss: 0.6423401 Test Loss: 0.4611783
Validation loss decreased (inf --> 0.642340).  Saving model ...
Updating learning rate to 0.005
	iters: 100, epoch: 2 | loss: 0.2434265
	speed: 0.0260s/iter; left time: 2103.0552s
	iters: 200, epoch: 2 | loss: 0.4198421
	speed: 0.0028s/iter; left time: 228.0108s
	iters: 300, epoch: 2 | loss: 0.2974302
	speed: 0.0028s/iter; left time: 227.8597s
	iters: 400, epoch: 2 | loss: 0.4245986
	speed: 0.0028s/iter; left time: 223.4149s
	iters: 500, epoch: 2 | loss: 0.3475700
	speed: 0.0026s/iter; left time: 209.4925s
	iters: 600, epoch: 2 | loss: 0.3921036
	speed: 0.0027s/iter; left time: 217.2293s
	iters: 700, epoch: 2 | loss: 0.3603764
	speed: 0.0028s/iter; left time: 226.7255s
	iters: 800, epoch: 2 | loss: 0.3821254
	speed: 0.0029s/iter; left time: 232.7391s
	iters: 900, epoch: 2 | loss: 0.4383951
	speed: 0.0030s/iter; left time: 241.2665s
	iters: 1000, epoch: 2 | loss: 0.3915118
	speed: 0.0030s/iter; left time: 242.8312s
	iters: 1100, epoch: 2 | loss: 0.7239982
	speed: 0.0030s/iter; left time: 241.4643s
	iters: 1200, epoch: 2 | loss: 0.4245791
	speed: 0.0029s/iter; left time: 231.5802s
	iters: 1300, epoch: 2 | loss: 0.4981208
	speed: 0.0026s/iter; left time: 207.3624s
	iters: 1400, epoch: 2 | loss: 0.4305520
	speed: 0.0028s/iter; left time: 219.2374s
	iters: 1500, epoch: 2 | loss: 0.3867610
	speed: 0.0027s/iter; left time: 213.2551s
	iters: 1600, epoch: 2 | loss: 0.3108186
	speed: 0.0026s/iter; left time: 205.7891s
	iters: 1700, epoch: 2 | loss: 0.5983853
	speed: 0.0026s/iter; left time: 204.7366s
	iters: 1800, epoch: 2 | loss: 0.3384567
	speed: 0.0028s/iter; left time: 225.2321s
	iters: 1900, epoch: 2 | loss: 0.3120144
	speed: 0.0032s/iter; left time: 252.5043s
	iters: 2000, epoch: 2 | loss: 0.4483954
	speed: 0.0030s/iter; left time: 234.0467s
	iters: 2100, epoch: 2 | loss: 0.4432384
	speed: 0.0023s/iter; left time: 184.9770s
	iters: 2200, epoch: 2 | loss: 0.4573668
	speed: 0.0023s/iter; left time: 184.5201s
	iters: 2300, epoch: 2 | loss: 0.5156910
	speed: 0.0022s/iter; left time: 169.3239s
	iters: 2400, epoch: 2 | loss: 0.5429649
	speed: 0.0028s/iter; left time: 222.6820s
	iters: 2500, epoch: 2 | loss: 0.2847168
	speed: 0.0029s/iter; left time: 230.3697s
	iters: 2600, epoch: 2 | loss: 0.3066896
	speed: 0.0033s/iter; left time: 259.6863s
	iters: 2700, epoch: 2 | loss: 0.4373096
	speed: 0.0034s/iter; left time: 264.8403s
	iters: 2800, epoch: 2 | loss: 0.4234294
	speed: 0.0030s/iter; left time: 237.2563s
	iters: 2900, epoch: 2 | loss: 0.2791348
	speed: 0.0033s/iter; left time: 257.8432s
	iters: 3000, epoch: 2 | loss: 0.5325741
	speed: 0.0032s/iter; left time: 248.2146s
	iters: 3100, epoch: 2 | loss: 0.4549503
	speed: 0.0032s/iter; left time: 245.6830s
	iters: 3200, epoch: 2 | loss: 0.5455171
	speed: 0.0033s/iter; left time: 253.0288s
	iters: 3300, epoch: 2 | loss: 0.4080978
	speed: 0.0032s/iter; left time: 246.5309s
	iters: 3400, epoch: 2 | loss: 0.3875427
	speed: 0.0026s/iter; left time: 201.1258s
	iters: 3500, epoch: 2 | loss: 0.5473912
	speed: 0.0026s/iter; left time: 199.4679s
	iters: 3600, epoch: 2 | loss: 0.2696647
	speed: 0.0025s/iter; left time: 190.5382s
	iters: 3700, epoch: 2 | loss: 0.3956488
	speed: 0.0028s/iter; left time: 215.8214s
	iters: 3800, epoch: 2 | loss: 0.3086002
	speed: 0.0026s/iter; left time: 198.5457s
	iters: 3900, epoch: 2 | loss: 0.6649314
	speed: 0.0028s/iter; left time: 213.9217s
	iters: 4000, epoch: 2 | loss: 0.3648545
	speed: 0.0027s/iter; left time: 211.1306s
	iters: 4100, epoch: 2 | loss: 0.4268589
	speed: 0.0026s/iter; left time: 200.8545s
	iters: 4200, epoch: 2 | loss: 0.3282017
	speed: 0.0026s/iter; left time: 199.2007s
Epoch: 2 cost time: 12.014867544174194
Epoch: 2, Steps: 4266 | Train Loss: 0.4291770 Vali Loss: 0.7666258 Test Loss: 0.6219866
EarlyStopping counter: 1 out of 5
Updating learning rate to 0.0025
	iters: 100, epoch: 3 | loss: 0.2741321
	speed: 0.0232s/iter; left time: 1775.7543s
	iters: 200, epoch: 3 | loss: 0.2206654
	speed: 0.0032s/iter; left time: 243.5536s
	iters: 300, epoch: 3 | loss: 0.3355242
	speed: 0.0033s/iter; left time: 251.0933s
	iters: 400, epoch: 3 | loss: 0.2993163
	speed: 0.0034s/iter; left time: 256.7151s
	iters: 500, epoch: 3 | loss: 0.2989858
	speed: 0.0033s/iter; left time: 253.2791s
	iters: 600, epoch: 3 | loss: 0.2253724
	speed: 0.0033s/iter; left time: 252.3637s
	iters: 700, epoch: 3 | loss: 0.2467577
	speed: 0.0032s/iter; left time: 242.1265s
	iters: 800, epoch: 3 | loss: 0.3247772
	speed: 0.0028s/iter; left time: 209.7682s
	iters: 900, epoch: 3 | loss: 0.4069606
	speed: 0.0026s/iter; left time: 194.2761s
	iters: 1000, epoch: 3 | loss: 0.2946046
	speed: 0.0028s/iter; left time: 214.6030s
	iters: 1100, epoch: 3 | loss: 0.2801922
	speed: 0.0030s/iter; left time: 223.2828s
	iters: 1200, epoch: 3 | loss: 0.4658311
	speed: 0.0030s/iter; left time: 226.0113s
	iters: 1300, epoch: 3 | loss: 0.3665570
	speed: 0.0030s/iter; left time: 223.6823s
	iters: 1400, epoch: 3 | loss: 0.3754029
	speed: 0.0024s/iter; left time: 184.7028s
	iters: 1500, epoch: 3 | loss: 0.5984156
	speed: 0.0024s/iter; left time: 177.6824s
	iters: 1600, epoch: 3 | loss: 0.3812243
	speed: 0.0027s/iter; left time: 200.7553s
	iters: 1700, epoch: 3 | loss: 0.2493035
	speed: 0.0028s/iter; left time: 212.6823s
	iters: 1800, epoch: 3 | loss: 0.3220565
	speed: 0.0028s/iter; left time: 208.5128s
	iters: 1900, epoch: 3 | loss: 0.3605964
	speed: 0.0026s/iter; left time: 196.2094s
	iters: 2000, epoch: 3 | loss: 0.6639724
	speed: 0.0026s/iter; left time: 195.1994s
	iters: 2100, epoch: 3 | loss: 0.3091341
	speed: 0.0024s/iter; left time: 178.6403s
	iters: 2200, epoch: 3 | loss: 0.4040395
	speed: 0.0026s/iter; left time: 194.6783s
	iters: 2300, epoch: 3 | loss: 0.4385260
	speed: 0.0029s/iter; left time: 218.2975s
	iters: 2400, epoch: 3 | loss: 0.2853289
	speed: 0.0030s/iter; left time: 219.4480s
	iters: 2500, epoch: 3 | loss: 0.2246199
	speed: 0.0029s/iter; left time: 212.7234s
	iters: 2600, epoch: 3 | loss: 0.2708322
	speed: 0.0025s/iter; left time: 187.6987s
	iters: 2700, epoch: 3 | loss: 0.1826359
	speed: 0.0024s/iter; left time: 174.9206s
	iters: 2800, epoch: 3 | loss: 0.3674919
	speed: 0.0030s/iter; left time: 222.1564s
	iters: 2900, epoch: 3 | loss: 0.2889168
	speed: 0.0029s/iter; left time: 215.7564s
	iters: 3000, epoch: 3 | loss: 0.2400788
	speed: 0.0029s/iter; left time: 211.7740s
	iters: 3100, epoch: 3 | loss: 0.2220353
	speed: 0.0028s/iter; left time: 210.0135s
	iters: 3200, epoch: 3 | loss: 0.3234172
	speed: 0.0029s/iter; left time: 210.6033s
	iters: 3300, epoch: 3 | loss: 0.2700454
	speed: 0.0027s/iter; left time: 196.9972s
	iters: 3400, epoch: 3 | loss: 0.5225080
	speed: 0.0027s/iter; left time: 198.8845s
	iters: 3500, epoch: 3 | loss: 0.3714068
	speed: 0.0028s/iter; left time: 204.6754s
	iters: 3600, epoch: 3 | loss: 0.5567218
	speed: 0.0028s/iter; left time: 205.6614s
	iters: 3700, epoch: 3 | loss: 0.3189089
	speed: 0.0026s/iter; left time: 189.3002s
	iters: 3800, epoch: 3 | loss: 0.3376754
	speed: 0.0026s/iter; left time: 189.0833s
	iters: 3900, epoch: 3 | loss: 0.2258494
	speed: 0.0027s/iter; left time: 194.8320s
	iters: 4000, epoch: 3 | loss: 0.2931929
	speed: 0.0024s/iter; left time: 176.8771s
	iters: 4100, epoch: 3 | loss: 0.3506910
	speed: 0.0024s/iter; left time: 171.5466s
	iters: 4200, epoch: 3 | loss: 0.2682749
	speed: 0.0027s/iter; left time: 195.9899s
Epoch: 3 cost time: 11.905592679977417
Epoch: 3, Steps: 4266 | Train Loss: 0.3260411 Vali Loss: 0.5040524 Test Loss: 0.4248820
Validation loss decreased (0.642340 --> 0.504052).  Saving model ...
Updating learning rate to 0.00125
	iters: 100, epoch: 4 | loss: 0.2317127
	speed: 0.0220s/iter; left time: 1593.9266s
	iters: 200, epoch: 4 | loss: 0.2709076
	speed: 0.0028s/iter; left time: 201.0591s
	iters: 300, epoch: 4 | loss: 0.1935345
	speed: 0.0028s/iter; left time: 203.6691s
	iters: 400, epoch: 4 | loss: 0.3336890
	speed: 0.0031s/iter; left time: 224.3459s
	iters: 500, epoch: 4 | loss: 0.5962508
	speed: 0.0031s/iter; left time: 221.2342s
	iters: 600, epoch: 4 | loss: 0.2225319
	speed: 0.0030s/iter; left time: 217.2068s
	iters: 700, epoch: 4 | loss: 0.3677216
	speed: 0.0030s/iter; left time: 218.3424s
	iters: 800, epoch: 4 | loss: 0.3394223
	speed: 0.0029s/iter; left time: 209.5424s
	iters: 900, epoch: 4 | loss: 0.2801546
	speed: 0.0031s/iter; left time: 222.0755s
	iters: 1000, epoch: 4 | loss: 0.3266672
	speed: 0.0028s/iter; left time: 203.8404s
	iters: 1100, epoch: 4 | loss: 0.2658736
	speed: 0.0033s/iter; left time: 237.9622s
	iters: 1200, epoch: 4 | loss: 0.2667533
	speed: 0.0033s/iter; left time: 238.2186s
	iters: 1300, epoch: 4 | loss: 0.2851504
	speed: 0.0033s/iter; left time: 235.7906s
	iters: 1400, epoch: 4 | loss: 0.2615721
	speed: 0.0033s/iter; left time: 237.7627s
	iters: 1500, epoch: 4 | loss: 0.3158334
	speed: 0.0032s/iter; left time: 225.1430s
	iters: 1600, epoch: 4 | loss: 0.2710194
	speed: 0.0030s/iter; left time: 215.6064s
	iters: 1700, epoch: 4 | loss: 0.2172730
	speed: 0.0030s/iter; left time: 214.6320s
	iters: 1800, epoch: 4 | loss: 0.3514774
	speed: 0.0032s/iter; left time: 227.8601s
	iters: 1900, epoch: 4 | loss: 0.2080506
	speed: 0.0032s/iter; left time: 227.4062s
	iters: 2000, epoch: 4 | loss: 0.2491328
	speed: 0.0032s/iter; left time: 227.0841s
	iters: 2100, epoch: 4 | loss: 0.2447248
	speed: 0.0032s/iter; left time: 223.3933s
	iters: 2200, epoch: 4 | loss: 0.2947381
	speed: 0.0030s/iter; left time: 211.6740s
	iters: 2300, epoch: 4 | loss: 0.3695568
	speed: 0.0033s/iter; left time: 231.0327s
	iters: 2400, epoch: 4 | loss: 0.2195307
	speed: 0.0028s/iter; left time: 195.1538s
	iters: 2500, epoch: 4 | loss: 0.1933472
	speed: 0.0026s/iter; left time: 182.7600s
	iters: 2600, epoch: 4 | loss: 0.3511854
	speed: 0.0027s/iter; left time: 188.1252s
	iters: 2700, epoch: 4 | loss: 0.2670178
	speed: 0.0034s/iter; left time: 234.8235s
	iters: 2800, epoch: 4 | loss: 0.3207283
	speed: 0.0033s/iter; left time: 230.7829s
	iters: 2900, epoch: 4 | loss: 0.2488478
	speed: 0.0025s/iter; left time: 173.3603s
	iters: 3000, epoch: 4 | loss: 0.3742839
	speed: 0.0030s/iter; left time: 209.3598s
	iters: 3100, epoch: 4 | loss: 0.2386294
	speed: 0.0032s/iter; left time: 220.1839s
	iters: 3200, epoch: 4 | loss: 0.2407816
	speed: 0.0032s/iter; left time: 222.5269s
	iters: 3300, epoch: 4 | loss: 0.2465676
	speed: 0.0032s/iter; left time: 220.1287s
	iters: 3400, epoch: 4 | loss: 0.2244589
	speed: 0.0031s/iter; left time: 216.4782s
	iters: 3500, epoch: 4 | loss: 0.1773332
	speed: 0.0032s/iter; left time: 218.8453s
	iters: 3600, epoch: 4 | loss: 0.3713598
	speed: 0.0032s/iter; left time: 220.5540s
	iters: 3700, epoch: 4 | loss: 0.3251921
	speed: 0.0031s/iter; left time: 214.1986s
	iters: 3800, epoch: 4 | loss: 0.1769746
	speed: 0.0030s/iter; left time: 206.8553s
	iters: 3900, epoch: 4 | loss: 0.2697973
	speed: 0.0028s/iter; left time: 193.5482s
	iters: 4000, epoch: 4 | loss: 0.2815439
	speed: 0.0028s/iter; left time: 194.6059s
	iters: 4100, epoch: 4 | loss: 0.3305473
	speed: 0.0028s/iter; left time: 189.7268s
	iters: 4200, epoch: 4 | loss: 0.2831320
	speed: 0.0028s/iter; left time: 192.6704s
Epoch: 4 cost time: 12.97347903251648
Epoch: 4, Steps: 4266 | Train Loss: 0.2854443 Vali Loss: 0.4320662 Test Loss: 0.3251566
Validation loss decreased (0.504052 --> 0.432066).  Saving model ...
Updating learning rate to 0.000625
	iters: 100, epoch: 5 | loss: 0.1812714
	speed: 0.0214s/iter; left time: 1458.0114s
	iters: 200, epoch: 5 | loss: 0.3026472
	speed: 0.0028s/iter; left time: 192.6013s
	iters: 300, epoch: 5 | loss: 0.2447642
	speed: 0.0028s/iter; left time: 192.4273s
	iters: 400, epoch: 5 | loss: 0.2420689
	speed: 0.0028s/iter; left time: 192.0348s
	iters: 500, epoch: 5 | loss: 0.2188456
	speed: 0.0030s/iter; left time: 202.6099s
	iters: 600, epoch: 5 | loss: 0.2673358
	speed: 0.0027s/iter; left time: 185.4714s
	iters: 700, epoch: 5 | loss: 0.3071299
	speed: 0.0025s/iter; left time: 166.1904s
	iters: 800, epoch: 5 | loss: 0.3241003
	speed: 0.0024s/iter; left time: 163.9207s
	iters: 900, epoch: 5 | loss: 0.2883985
	speed: 0.0025s/iter; left time: 171.0867s
	iters: 1000, epoch: 5 | loss: 0.2824498
	speed: 0.0028s/iter; left time: 186.5103s
	iters: 1100, epoch: 5 | loss: 0.1926754
	speed: 0.0026s/iter; left time: 171.9218s
	iters: 1200, epoch: 5 | loss: 0.2455688
	speed: 0.0028s/iter; left time: 186.3677s
	iters: 1300, epoch: 5 | loss: 0.2080226
	speed: 0.0032s/iter; left time: 214.2622s
	iters: 1400, epoch: 5 | loss: 0.2292622
	speed: 0.0032s/iter; left time: 213.4066s
	iters: 1500, epoch: 5 | loss: 0.3372414
	speed: 0.0032s/iter; left time: 213.6631s
	iters: 1600, epoch: 5 | loss: 0.1869116
	speed: 0.0032s/iter; left time: 213.3025s
	iters: 1700, epoch: 5 | loss: 0.2143274
	speed: 0.0029s/iter; left time: 193.8542s
	iters: 1800, epoch: 5 | loss: 0.2457975
	speed: 0.0030s/iter; left time: 198.0424s
	iters: 1900, epoch: 5 | loss: 0.2007208
	speed: 0.0029s/iter; left time: 193.7626s
	iters: 2000, epoch: 5 | loss: 0.2366432
	speed: 0.0030s/iter; left time: 198.9545s
	iters: 2100, epoch: 5 | loss: 0.2263098
	speed: 0.0030s/iter; left time: 197.1476s
	iters: 2200, epoch: 5 | loss: 0.2700210
	speed: 0.0030s/iter; left time: 199.4925s
	iters: 2300, epoch: 5 | loss: 0.2011196
	speed: 0.0032s/iter; left time: 209.2755s
	iters: 2400, epoch: 5 | loss: 0.2315855
	speed: 0.0033s/iter; left time: 218.0263s
	iters: 2500, epoch: 5 | loss: 0.1760051
	speed: 0.0034s/iter; left time: 220.9424s
	iters: 2600, epoch: 5 | loss: 0.2304765
	speed: 0.0031s/iter; left time: 205.6199s
	iters: 2700, epoch: 5 | loss: 0.3676375
	speed: 0.0025s/iter; left time: 161.2699s
	iters: 2800, epoch: 5 | loss: 0.3582530
	speed: 0.0023s/iter; left time: 152.5151s
	iters: 2900, epoch: 5 | loss: 0.3053901
	speed: 0.0024s/iter; left time: 158.8492s
	iters: 3000, epoch: 5 | loss: 0.3414691
	speed: 0.0024s/iter; left time: 154.6600s
	iters: 3100, epoch: 5 | loss: 0.1777832
	speed: 0.0027s/iter; left time: 176.0378s
	iters: 3200, epoch: 5 | loss: 0.4048297
	speed: 0.0028s/iter; left time: 185.4105s
	iters: 3300, epoch: 5 | loss: 0.2396265
	speed: 0.0028s/iter; left time: 185.1140s
	iters: 3400, epoch: 5 | loss: 0.1991445
	speed: 0.0029s/iter; left time: 185.6636s
	iters: 3500, epoch: 5 | loss: 0.3623358
	speed: 0.0031s/iter; left time: 198.1575s
	iters: 3600, epoch: 5 | loss: 0.2748099
	speed: 0.0030s/iter; left time: 195.2640s
	iters: 3700, epoch: 5 | loss: 0.2048541
	speed: 0.0030s/iter; left time: 195.7256s
	iters: 3800, epoch: 5 | loss: 0.2250266
	speed: 0.0027s/iter; left time: 172.0994s
	iters: 3900, epoch: 5 | loss: 0.2832920
	speed: 0.0023s/iter; left time: 148.6950s
	iters: 4000, epoch: 5 | loss: 0.1880159
	speed: 0.0023s/iter; left time: 145.8646s
	iters: 4100, epoch: 5 | loss: 0.2084780
	speed: 0.0023s/iter; left time: 144.3535s
	iters: 4200, epoch: 5 | loss: 0.2985118
	speed: 0.0026s/iter; left time: 169.2141s
Epoch: 5 cost time: 11.974734783172607
Epoch: 5, Steps: 4266 | Train Loss: 0.2666617 Vali Loss: 0.3800696 Test Loss: 0.3059733
Validation loss decreased (0.432066 --> 0.380070).  Saving model ...
Updating learning rate to 0.0003125
	iters: 100, epoch: 6 | loss: 0.2108200
	speed: 0.0232s/iter; left time: 1484.4846s
	iters: 200, epoch: 6 | loss: 0.2460859
	speed: 0.0025s/iter; left time: 157.0074s
	iters: 300, epoch: 6 | loss: 0.2163409
	speed: 0.0029s/iter; left time: 186.1501s
	iters: 400, epoch: 6 | loss: 0.2401431
	speed: 0.0032s/iter; left time: 206.0646s
	iters: 500, epoch: 6 | loss: 0.2022767
	speed: 0.0031s/iter; left time: 193.6479s
	iters: 600, epoch: 6 | loss: 0.2051118
	speed: 0.0025s/iter; left time: 159.1117s
	iters: 700, epoch: 6 | loss: 0.2617680
	speed: 0.0025s/iter; left time: 160.9132s
	iters: 800, epoch: 6 | loss: 0.3281628
	speed: 0.0027s/iter; left time: 171.8793s
	iters: 900, epoch: 6 | loss: 0.1618109
	speed: 0.0030s/iter; left time: 190.5627s
	iters: 1000, epoch: 6 | loss: 0.2418640
	speed: 0.0031s/iter; left time: 196.0186s
	iters: 1100, epoch: 6 | loss: 0.2327226
	speed: 0.0027s/iter; left time: 171.6930s
	iters: 1200, epoch: 6 | loss: 0.2570534
	speed: 0.0028s/iter; left time: 176.4414s
	iters: 1300, epoch: 6 | loss: 0.2240822
	speed: 0.0028s/iter; left time: 176.7882s
	iters: 1400, epoch: 6 | loss: 0.2452306
	speed: 0.0028s/iter; left time: 177.9806s
	iters: 1500, epoch: 6 | loss: 0.3298709
	speed: 0.0029s/iter; left time: 179.9737s
	iters: 1600, epoch: 6 | loss: 0.3245852
	speed: 0.0031s/iter; left time: 193.4131s
	iters: 1700, epoch: 6 | loss: 0.2728422
	speed: 0.0032s/iter; left time: 200.1155s
	iters: 1800, epoch: 6 | loss: 0.2014163
	speed: 0.0033s/iter; left time: 202.7717s
	iters: 1900, epoch: 6 | loss: 0.2256037
	speed: 0.0024s/iter; left time: 151.4995s
	iters: 2000, epoch: 6 | loss: 0.1912874
	speed: 0.0023s/iter; left time: 143.8187s
	iters: 2100, epoch: 6 | loss: 0.2239540
	speed: 0.0026s/iter; left time: 157.9062s
	iters: 2200, epoch: 6 | loss: 0.3716117
	speed: 0.0030s/iter; left time: 182.9011s
	iters: 2300, epoch: 6 | loss: 0.2709792
	speed: 0.0031s/iter; left time: 188.1577s
	iters: 2400, epoch: 6 | loss: 0.2596292
	speed: 0.0030s/iter; left time: 187.3874s
	iters: 2500, epoch: 6 | loss: 0.2305638
	speed: 0.0027s/iter; left time: 164.7958s
	iters: 2600, epoch: 6 | loss: 0.1662085
	speed: 0.0024s/iter; left time: 147.3384s
	iters: 2700, epoch: 6 | loss: 0.1780846
	speed: 0.0024s/iter; left time: 145.2592s
	iters: 2800, epoch: 6 | loss: 0.2828813
	speed: 0.0024s/iter; left time: 144.5663s
	iters: 2900, epoch: 6 | loss: 0.2051214
	speed: 0.0026s/iter; left time: 160.0955s
	iters: 3000, epoch: 6 | loss: 0.2471258
	speed: 0.0023s/iter; left time: 142.1091s
	iters: 3100, epoch: 6 | loss: 0.2038819
	speed: 0.0033s/iter; left time: 199.7218s
	iters: 3200, epoch: 6 | loss: 0.2905428
	speed: 0.0028s/iter; left time: 172.1880s
	iters: 3300, epoch: 6 | loss: 0.2644139
	speed: 0.0034s/iter; left time: 205.7422s
	iters: 3400, epoch: 6 | loss: 0.2748968
	speed: 0.0033s/iter; left time: 196.9549s
	iters: 3500, epoch: 6 | loss: 0.2647181
	speed: 0.0027s/iter; left time: 162.2186s
	iters: 3600, epoch: 6 | loss: 0.2773961
	speed: 0.0027s/iter; left time: 161.2445s
	iters: 3700, epoch: 6 | loss: 0.3438224
	speed: 0.0028s/iter; left time: 170.6241s
	iters: 3800, epoch: 6 | loss: 0.2935503
	speed: 0.0031s/iter; left time: 186.1069s
	iters: 3900, epoch: 6 | loss: 0.2370207
	speed: 0.0031s/iter; left time: 184.0004s
	iters: 4000, epoch: 6 | loss: 0.1929883
	speed: 0.0028s/iter; left time: 167.3752s
	iters: 4100, epoch: 6 | loss: 0.2874979
	speed: 0.0031s/iter; left time: 184.4639s
	iters: 4200, epoch: 6 | loss: 0.2533731
	speed: 0.0030s/iter; left time: 181.9267s
Epoch: 6 cost time: 12.143466711044312
Epoch: 6, Steps: 4266 | Train Loss: 0.2575289 Vali Loss: 0.3820614 Test Loss: 0.3010055
EarlyStopping counter: 1 out of 5
Updating learning rate to 0.00015625
	iters: 100, epoch: 7 | loss: 0.2040322
	speed: 0.0251s/iter; left time: 1495.6707s
	iters: 200, epoch: 7 | loss: 0.2392764
	speed: 0.0033s/iter; left time: 197.1730s
	iters: 300, epoch: 7 | loss: 0.2559125
	speed: 0.0034s/iter; left time: 200.8561s
	iters: 400, epoch: 7 | loss: 0.3423717
	speed: 0.0034s/iter; left time: 200.5191s
	iters: 500, epoch: 7 | loss: 0.2254403
	speed: 0.0033s/iter; left time: 197.3442s
	iters: 600, epoch: 7 | loss: 0.2579767
	speed: 0.0032s/iter; left time: 191.5659s
	iters: 700, epoch: 7 | loss: 0.2823502
	speed: 0.0028s/iter; left time: 162.3479s
	iters: 800, epoch: 7 | loss: 0.1854589
	speed: 0.0029s/iter; left time: 173.2393s
	iters: 900, epoch: 7 | loss: 0.2095986
	speed: 0.0030s/iter; left time: 176.0430s
	iters: 1000, epoch: 7 | loss: 0.2280272
	speed: 0.0031s/iter; left time: 182.6533s
	iters: 1100, epoch: 7 | loss: 0.2251321
	speed: 0.0032s/iter; left time: 189.3945s
	iters: 1200, epoch: 7 | loss: 0.2453834
	speed: 0.0032s/iter; left time: 187.3726s
	iters: 1300, epoch: 7 | loss: 0.2388562
	speed: 0.0030s/iter; left time: 175.8583s
	iters: 1400, epoch: 7 | loss: 0.2435991
	speed: 0.0031s/iter; left time: 182.5574s
	iters: 1500, epoch: 7 | loss: 0.2431364
	speed: 0.0032s/iter; left time: 186.4604s
	iters: 1600, epoch: 7 | loss: 0.2127267
	speed: 0.0034s/iter; left time: 198.2059s
	iters: 1700, epoch: 7 | loss: 0.1637595
	speed: 0.0033s/iter; left time: 193.8036s
	iters: 1800, epoch: 7 | loss: 0.2357631
	speed: 0.0034s/iter; left time: 195.3653s
	iters: 1900, epoch: 7 | loss: 0.3257580
	speed: 0.0032s/iter; left time: 186.1962s
	iters: 2000, epoch: 7 | loss: 0.2229862
	speed: 0.0033s/iter; left time: 190.0417s
	iters: 2100, epoch: 7 | loss: 0.1720490
	speed: 0.0034s/iter; left time: 197.7708s
	iters: 2200, epoch: 7 | loss: 0.2056919
	speed: 0.0034s/iter; left time: 193.2843s
	iters: 2300, epoch: 7 | loss: 0.2287406
	speed: 0.0033s/iter; left time: 191.7987s
	iters: 2400, epoch: 7 | loss: 0.2943053
	speed: 0.0034s/iter; left time: 193.9608s
	iters: 2500, epoch: 7 | loss: 0.3070873
	speed: 0.0034s/iter; left time: 195.1362s
	iters: 2600, epoch: 7 | loss: 0.3088662
	speed: 0.0034s/iter; left time: 194.2251s
	iters: 2700, epoch: 7 | loss: 0.2513238
	speed: 0.0033s/iter; left time: 187.7247s
	iters: 2800, epoch: 7 | loss: 0.2294945
	speed: 0.0025s/iter; left time: 143.4866s
	iters: 2900, epoch: 7 | loss: 0.2382368
	speed: 0.0022s/iter; left time: 122.1738s
	iters: 3000, epoch: 7 | loss: 0.1800266
	speed: 0.0022s/iter; left time: 125.3624s
	iters: 3100, epoch: 7 | loss: 0.2388366
	speed: 0.0024s/iter; left time: 135.9917s
	iters: 3200, epoch: 7 | loss: 0.1769438
	speed: 0.0025s/iter; left time: 140.7474s
	iters: 3300, epoch: 7 | loss: 0.1539921
	speed: 0.0022s/iter; left time: 125.8282s
	iters: 3400, epoch: 7 | loss: 0.2615986
	speed: 0.0024s/iter; left time: 136.9009s
	iters: 3500, epoch: 7 | loss: 0.2424538
	speed: 0.0026s/iter; left time: 147.4074s
	iters: 3600, epoch: 7 | loss: 0.2671174
	speed: 0.0027s/iter; left time: 152.0990s
	iters: 3700, epoch: 7 | loss: 0.2000640
	speed: 0.0029s/iter; left time: 161.9119s
	iters: 3800, epoch: 7 | loss: 0.2226302
	speed: 0.0030s/iter; left time: 166.0820s
	iters: 3900, epoch: 7 | loss: 0.2562192
	speed: 0.0028s/iter; left time: 153.6198s
	iters: 4000, epoch: 7 | loss: 0.3135263
	speed: 0.0024s/iter; left time: 135.9686s
	iters: 4100, epoch: 7 | loss: 0.1528848
	speed: 0.0024s/iter; left time: 134.0565s
	iters: 4200, epoch: 7 | loss: 0.2371290
	speed: 0.0023s/iter; left time: 127.1522s
Epoch: 7 cost time: 12.696279287338257
Epoch: 7, Steps: 4266 | Train Loss: 0.2529193 Vali Loss: 0.3842016 Test Loss: 0.2929304
EarlyStopping counter: 2 out of 5
Updating learning rate to 7.8125e-05
	iters: 100, epoch: 8 | loss: 0.1628279
	speed: 0.0236s/iter; left time: 1304.6827s
	iters: 200, epoch: 8 | loss: 0.2372977
	speed: 0.0030s/iter; left time: 164.1187s
	iters: 300, epoch: 8 | loss: 0.2474651
	speed: 0.0030s/iter; left time: 164.9263s
	iters: 400, epoch: 8 | loss: 0.2697499
	speed: 0.0030s/iter; left time: 166.4000s
	iters: 500, epoch: 8 | loss: 0.2509472
	speed: 0.0033s/iter; left time: 183.0133s
	iters: 600, epoch: 8 | loss: 0.2226440
	speed: 0.0034s/iter; left time: 183.8612s
	iters: 700, epoch: 8 | loss: 0.2616085
	speed: 0.0031s/iter; left time: 170.4476s
	iters: 800, epoch: 8 | loss: 0.2431930
	speed: 0.0031s/iter; left time: 167.8349s
	iters: 900, epoch: 8 | loss: 0.2704054
	speed: 0.0035s/iter; left time: 189.3202s
	iters: 1000, epoch: 8 | loss: 0.3313355
	speed: 0.0034s/iter; left time: 186.3990s
	iters: 1100, epoch: 8 | loss: 0.2304369
	speed: 0.0033s/iter; left time: 181.0149s
	iters: 1200, epoch: 8 | loss: 0.3015178
	speed: 0.0033s/iter; left time: 179.0876s
	iters: 1300, epoch: 8 | loss: 0.4268452
	speed: 0.0029s/iter; left time: 158.7830s
	iters: 1400, epoch: 8 | loss: 0.2052832
	speed: 0.0031s/iter; left time: 164.8801s
	iters: 1500, epoch: 8 | loss: 0.4210361
	speed: 0.0032s/iter; left time: 174.8274s
	iters: 1600, epoch: 8 | loss: 0.2264562
	speed: 0.0032s/iter; left time: 173.0532s
	iters: 1700, epoch: 8 | loss: 0.2434493
	speed: 0.0031s/iter; left time: 167.2207s
	iters: 1800, epoch: 8 | loss: 0.3959364
	speed: 0.0032s/iter; left time: 170.6355s
	iters: 1900, epoch: 8 | loss: 0.2210235
	speed: 0.0032s/iter; left time: 169.7819s
	iters: 2000, epoch: 8 | loss: 0.2613441
	speed: 0.0032s/iter; left time: 169.5987s
	iters: 2100, epoch: 8 | loss: 0.2104486
	speed: 0.0033s/iter; left time: 173.9829s
	iters: 2200, epoch: 8 | loss: 0.2868684
	speed: 0.0033s/iter; left time: 176.8685s
	iters: 2300, epoch: 8 | loss: 0.2347003
	speed: 0.0033s/iter; left time: 174.9897s
	iters: 2400, epoch: 8 | loss: 0.1340260
	speed: 0.0033s/iter; left time: 176.1563s
	iters: 2500, epoch: 8 | loss: 0.2795531
	speed: 0.0032s/iter; left time: 167.9128s
	iters: 2600, epoch: 8 | loss: 0.2444235
	speed: 0.0032s/iter; left time: 167.1305s
	iters: 2700, epoch: 8 | loss: 0.2870138
	speed: 0.0033s/iter; left time: 175.6881s
	iters: 2800, epoch: 8 | loss: 0.2201448
	speed: 0.0033s/iter; left time: 175.8806s
	iters: 2900, epoch: 8 | loss: 0.1341152
	speed: 0.0033s/iter; left time: 173.6351s
	iters: 3000, epoch: 8 | loss: 0.2323569
	speed: 0.0030s/iter; left time: 157.9017s
	iters: 3100, epoch: 8 | loss: 0.2368077
	speed: 0.0034s/iter; left time: 179.5917s
	iters: 3200, epoch: 8 | loss: 0.1669256
	speed: 0.0031s/iter; left time: 163.6663s
	iters: 3300, epoch: 8 | loss: 0.2367665
	speed: 0.0033s/iter; left time: 170.5605s
	iters: 3400, epoch: 8 | loss: 0.2224782
	speed: 0.0032s/iter; left time: 164.0148s
	iters: 3500, epoch: 8 | loss: 0.1768514
	speed: 0.0029s/iter; left time: 148.6792s
	iters: 3600, epoch: 8 | loss: 0.2100254
	speed: 0.0026s/iter; left time: 134.8329s
	iters: 3700, epoch: 8 | loss: 0.4141745
	speed: 0.0025s/iter; left time: 130.9504s
	iters: 3800, epoch: 8 | loss: 0.3680912
	speed: 0.0027s/iter; left time: 137.4736s
	iters: 3900, epoch: 8 | loss: 0.2020322
	speed: 0.0027s/iter; left time: 139.2898s
	iters: 4000, epoch: 8 | loss: 0.3437765
	speed: 0.0026s/iter; left time: 133.7929s
	iters: 4100, epoch: 8 | loss: 0.2444458
	speed: 0.0026s/iter; left time: 132.5064s
	iters: 4200, epoch: 8 | loss: 0.2818801
	speed: 0.0027s/iter; left time: 139.4244s
Epoch: 8 cost time: 13.159784078598022
Epoch: 8, Steps: 4266 | Train Loss: 0.2504198 Vali Loss: 0.3703072 Test Loss: 0.2916129
Validation loss decreased (0.380070 --> 0.370307).  Saving model ...
Updating learning rate to 3.90625e-05
	iters: 100, epoch: 9 | loss: 0.3575183
	speed: 0.0206s/iter; left time: 1050.2937s
	iters: 200, epoch: 9 | loss: 0.2780416
	speed: 0.0029s/iter; left time: 145.8395s
	iters: 300, epoch: 9 | loss: 0.1713837
	speed: 0.0023s/iter; left time: 115.5272s
	iters: 400, epoch: 9 | loss: 0.2528436
	speed: 0.0022s/iter; left time: 111.7450s
	iters: 500, epoch: 9 | loss: 0.3276753
	speed: 0.0030s/iter; left time: 153.6976s
	iters: 600, epoch: 9 | loss: 0.2022452
	speed: 0.0031s/iter; left time: 158.8604s
	iters: 700, epoch: 9 | loss: 0.2053519
	speed: 0.0032s/iter; left time: 160.5677s
	iters: 800, epoch: 9 | loss: 0.1655303
	speed: 0.0029s/iter; left time: 145.1252s
	iters: 900, epoch: 9 | loss: 0.1710901
	speed: 0.0027s/iter; left time: 134.3702s
	iters: 1000, epoch: 9 | loss: 0.2719908
	speed: 0.0032s/iter; left time: 160.1305s
	iters: 1100, epoch: 9 | loss: 0.2411186
	speed: 0.0033s/iter; left time: 164.8064s
	iters: 1200, epoch: 9 | loss: 0.2149549
	speed: 0.0027s/iter; left time: 135.6374s
	iters: 1300, epoch: 9 | loss: 0.1522939
	speed: 0.0029s/iter; left time: 147.1549s
	iters: 1400, epoch: 9 | loss: 0.5429887
	speed: 0.0028s/iter; left time: 140.9290s
	iters: 1500, epoch: 9 | loss: 0.4111687
	speed: 0.0031s/iter; left time: 155.6100s
	iters: 1600, epoch: 9 | loss: 0.1970532
	speed: 0.0027s/iter; left time: 133.9010s
	iters: 1700, epoch: 9 | loss: 0.2075849
	speed: 0.0021s/iter; left time: 102.9456s
	iters: 1800, epoch: 9 | loss: 0.1901084
	speed: 0.0021s/iter; left time: 102.2434s
	iters: 1900, epoch: 9 | loss: 0.1964473
	speed: 0.0022s/iter; left time: 109.9233s
	iters: 2000, epoch: 9 | loss: 0.1864051
	speed: 0.0026s/iter; left time: 126.0306s
	iters: 2100, epoch: 9 | loss: 0.2115557
	speed: 0.0030s/iter; left time: 148.2606s
	iters: 2200, epoch: 9 | loss: 0.2382958
	speed: 0.0029s/iter; left time: 142.1110s
	iters: 2300, epoch: 9 | loss: 0.2274886
	speed: 0.0029s/iter; left time: 142.9139s
	iters: 2400, epoch: 9 | loss: 0.2062174
	speed: 0.0030s/iter; left time: 145.4028s
	iters: 2500, epoch: 9 | loss: 0.3440112
	speed: 0.0027s/iter; left time: 130.4074s
	iters: 2600, epoch: 9 | loss: 0.2051649
	speed: 0.0023s/iter; left time: 111.8071s
	iters: 2700, epoch: 9 | loss: 0.1892273
	speed: 0.0032s/iter; left time: 153.8280s
	iters: 2800, epoch: 9 | loss: 0.1831202
	speed: 0.0032s/iter; left time: 157.2772s
	iters: 2900, epoch: 9 | loss: 0.2631994
	speed: 0.0032s/iter; left time: 156.4966s
	iters: 3000, epoch: 9 | loss: 0.1728305
	speed: 0.0033s/iter; left time: 158.6259s
	iters: 3100, epoch: 9 | loss: 0.2834079
	speed: 0.0028s/iter; left time: 135.6218s
	iters: 3200, epoch: 9 | loss: 0.1975054
	speed: 0.0028s/iter; left time: 135.3402s
	iters: 3300, epoch: 9 | loss: 0.1941958
	speed: 0.0028s/iter; left time: 136.0874s
	iters: 3400, epoch: 9 | loss: 0.1886928
	speed: 0.0027s/iter; left time: 129.5423s
	iters: 3500, epoch: 9 | loss: 0.1912654
	speed: 0.0026s/iter; left time: 123.1028s
	iters: 3600, epoch: 9 | loss: 0.2435034
	speed: 0.0023s/iter; left time: 110.4157s
	iters: 3700, epoch: 9 | loss: 0.1780885
	speed: 0.0023s/iter; left time: 109.7796s
	iters: 3800, epoch: 9 | loss: 0.2490003
	speed: 0.0023s/iter; left time: 110.0062s
	iters: 3900, epoch: 9 | loss: 0.1923524
	speed: 0.0023s/iter; left time: 109.7197s
	iters: 4000, epoch: 9 | loss: 0.2252612
	speed: 0.0030s/iter; left time: 143.0182s
	iters: 4100, epoch: 9 | loss: 0.2191183
	speed: 0.0029s/iter; left time: 137.6331s
	iters: 4200, epoch: 9 | loss: 0.1719345
	speed: 0.0030s/iter; left time: 139.0997s
Epoch: 9 cost time: 11.865770101547241
Epoch: 9, Steps: 4266 | Train Loss: 0.2492134 Vali Loss: 0.3751001 Test Loss: 0.2892763
EarlyStopping counter: 1 out of 5
Updating learning rate to 1.953125e-05
	iters: 100, epoch: 10 | loss: 0.4160648
	speed: 0.0245s/iter; left time: 1146.9573s
	iters: 200, epoch: 10 | loss: 0.2690898
	speed: 0.0029s/iter; left time: 136.0669s
	iters: 300, epoch: 10 | loss: 0.2606085
	speed: 0.0032s/iter; left time: 149.6722s
	iters: 400, epoch: 10 | loss: 0.2091001
	speed: 0.0028s/iter; left time: 131.6996s
	iters: 500, epoch: 10 | loss: 0.2767775
	speed: 0.0023s/iter; left time: 106.7822s
	iters: 600, epoch: 10 | loss: 0.2539055
	speed: 0.0025s/iter; left time: 113.6462s
	iters: 700, epoch: 10 | loss: 0.2837307
	speed: 0.0024s/iter; left time: 109.5583s
	iters: 800, epoch: 10 | loss: 0.1525534
	speed: 0.0023s/iter; left time: 107.4757s
	iters: 900, epoch: 10 | loss: 0.1970115
	speed: 0.0030s/iter; left time: 139.9221s
	iters: 1000, epoch: 10 | loss: 0.1755496
	speed: 0.0029s/iter; left time: 134.6650s
	iters: 1100, epoch: 10 | loss: 0.2636397
	speed: 0.0021s/iter; left time: 95.3205s
	iters: 1200, epoch: 10 | loss: 0.2016998
	speed: 0.0021s/iter; left time: 94.6549s
	iters: 1300, epoch: 10 | loss: 0.2664492
	speed: 0.0023s/iter; left time: 103.1243s
	iters: 1400, epoch: 10 | loss: 0.2840648
	speed: 0.0025s/iter; left time: 112.9930s
	iters: 1500, epoch: 10 | loss: 0.1970556
	speed: 0.0032s/iter; left time: 145.3667s
	iters: 1600, epoch: 10 | loss: 0.3834660
	speed: 0.0035s/iter; left time: 156.3787s
	iters: 1700, epoch: 10 | loss: 0.2118794
	speed: 0.0030s/iter; left time: 135.3176s
	iters: 1800, epoch: 10 | loss: 0.2375026
	speed: 0.0023s/iter; left time: 102.8896s
	iters: 1900, epoch: 10 | loss: 0.3119938
	speed: 0.0026s/iter; left time: 118.8709s
	iters: 2000, epoch: 10 | loss: 0.2756931
	speed: 0.0029s/iter; left time: 131.2143s
	iters: 2100, epoch: 10 | loss: 0.1949607
	speed: 0.0028s/iter; left time: 126.0803s
	iters: 2200, epoch: 10 | loss: 0.1741414
	speed: 0.0026s/iter; left time: 115.8437s
	iters: 2300, epoch: 10 | loss: 0.2205239
	speed: 0.0026s/iter; left time: 115.1375s
	iters: 2400, epoch: 10 | loss: 0.1834409
	speed: 0.0028s/iter; left time: 126.5768s
	iters: 2500, epoch: 10 | loss: 0.4533103
	speed: 0.0027s/iter; left time: 119.9818s
	iters: 2600, epoch: 10 | loss: 0.2311767
	speed: 0.0035s/iter; left time: 155.5875s
	iters: 2700, epoch: 10 | loss: 0.1965228
	speed: 0.0035s/iter; left time: 155.6794s
	iters: 2800, epoch: 10 | loss: 0.2646333
	speed: 0.0026s/iter; left time: 113.9409s
	iters: 2900, epoch: 10 | loss: 0.2152413
	speed: 0.0030s/iter; left time: 133.4280s
	iters: 3000, epoch: 10 | loss: 0.2237559
	speed: 0.0035s/iter; left time: 151.5496s
	iters: 3100, epoch: 10 | loss: 0.1784801
	speed: 0.0031s/iter; left time: 133.7833s
	iters: 3200, epoch: 10 | loss: 0.2094876
	speed: 0.0030s/iter; left time: 128.9950s
	iters: 3300, epoch: 10 | loss: 0.1749903
	speed: 0.0033s/iter; left time: 143.5569s
	iters: 3400, epoch: 10 | loss: 0.2000553
	speed: 0.0032s/iter; left time: 140.7412s
	iters: 3500, epoch: 10 | loss: 0.2310217
	speed: 0.0027s/iter; left time: 117.2519s
	iters: 3600, epoch: 10 | loss: 0.2970183
	speed: 0.0028s/iter; left time: 119.5831s
	iters: 3700, epoch: 10 | loss: 0.4624426
	speed: 0.0028s/iter; left time: 118.8743s
	iters: 3800, epoch: 10 | loss: 0.1972111
	speed: 0.0030s/iter; left time: 129.9029s
	iters: 3900, epoch: 10 | loss: 0.1548307
	speed: 0.0028s/iter; left time: 121.3361s
	iters: 4000, epoch: 10 | loss: 0.1959212
	speed: 0.0028s/iter; left time: 121.4833s
	iters: 4100, epoch: 10 | loss: 0.1411869
	speed: 0.0026s/iter; left time: 111.4172s
	iters: 4200, epoch: 10 | loss: 0.1424086
	speed: 0.0025s/iter; left time: 104.6812s
Epoch: 10 cost time: 12.010136365890503
Epoch: 10, Steps: 4266 | Train Loss: 0.2485078 Vali Loss: 0.3738569 Test Loss: 0.2882246
EarlyStopping counter: 2 out of 5
Updating learning rate to 9.765625e-06
	iters: 100, epoch: 11 | loss: 0.1977130
	speed: 0.0224s/iter; left time: 953.2145s
	iters: 200, epoch: 11 | loss: 0.2649135
	speed: 0.0031s/iter; left time: 131.2042s
	iters: 300, epoch: 11 | loss: 0.2735078
	speed: 0.0032s/iter; left time: 133.7011s
	iters: 400, epoch: 11 | loss: 0.3116058
	speed: 0.0030s/iter; left time: 125.5155s
	iters: 500, epoch: 11 | loss: 0.2044080
	speed: 0.0030s/iter; left time: 125.2179s
	iters: 600, epoch: 11 | loss: 0.2206355
	speed: 0.0031s/iter; left time: 130.4956s
	iters: 700, epoch: 11 | loss: 0.2603247
	speed: 0.0033s/iter; left time: 138.4734s
	iters: 800, epoch: 11 | loss: 0.3548749
	speed: 0.0031s/iter; left time: 128.1192s
	iters: 900, epoch: 11 | loss: 0.2390558
	speed: 0.0029s/iter; left time: 121.6309s
	iters: 1000, epoch: 11 | loss: 0.1818221
	speed: 0.0029s/iter; left time: 119.9838s
	iters: 1100, epoch: 11 | loss: 0.1722253
	speed: 0.0029s/iter; left time: 122.1893s
	iters: 1200, epoch: 11 | loss: 0.2055450
	speed: 0.0032s/iter; left time: 132.2606s
	iters: 1300, epoch: 11 | loss: 0.1746208
	speed: 0.0030s/iter; left time: 122.1014s
	iters: 1400, epoch: 11 | loss: 0.2436796
	speed: 0.0028s/iter; left time: 116.7683s
	iters: 1500, epoch: 11 | loss: 0.2811569
	speed: 0.0028s/iter; left time: 115.2512s
	iters: 1600, epoch: 11 | loss: 0.1811587
	speed: 0.0025s/iter; left time: 101.9453s
	iters: 1700, epoch: 11 | loss: 0.1936805
	speed: 0.0025s/iter; left time: 104.4497s
	iters: 1800, epoch: 11 | loss: 0.1439403
	speed: 0.0026s/iter; left time: 104.1956s
	iters: 1900, epoch: 11 | loss: 0.2575280
	speed: 0.0025s/iter; left time: 101.9032s
	iters: 2000, epoch: 11 | loss: 0.2625807
	speed: 0.0025s/iter; left time: 102.1248s
	iters: 2100, epoch: 11 | loss: 0.1923732
	speed: 0.0025s/iter; left time: 100.9967s
	iters: 2200, epoch: 11 | loss: 0.2849331
	speed: 0.0025s/iter; left time: 99.9387s
	iters: 2300, epoch: 11 | loss: 0.1954461
	speed: 0.0025s/iter; left time: 100.9209s
	iters: 2400, epoch: 11 | loss: 0.2274111
	speed: 0.0026s/iter; left time: 102.7296s
	iters: 2500, epoch: 11 | loss: 0.2306955
	speed: 0.0028s/iter; left time: 114.0571s
	iters: 2600, epoch: 11 | loss: 0.1941208
	speed: 0.0028s/iter; left time: 113.7738s
	iters: 2700, epoch: 11 | loss: 0.3873866
	speed: 0.0027s/iter; left time: 108.6938s
	iters: 2800, epoch: 11 | loss: 0.2608129
	speed: 0.0027s/iter; left time: 107.3220s
	iters: 2900, epoch: 11 | loss: 0.1943715
	speed: 0.0029s/iter; left time: 113.7165s
	iters: 3000, epoch: 11 | loss: 0.2022744
	speed: 0.0027s/iter; left time: 108.6716s
	iters: 3100, epoch: 11 | loss: 0.2057798
	speed: 0.0026s/iter; left time: 102.4629s
	iters: 3200, epoch: 11 | loss: 0.2439660
	speed: 0.0026s/iter; left time: 102.7096s
	iters: 3300, epoch: 11 | loss: 0.2659813
	speed: 0.0029s/iter; left time: 113.7729s
	iters: 3400, epoch: 11 | loss: 0.3066296
	speed: 0.0029s/iter; left time: 113.4640s
	iters: 3500, epoch: 11 | loss: 0.2050740
	speed: 0.0030s/iter; left time: 119.1780s
	iters: 3600, epoch: 11 | loss: 0.1595699
	speed: 0.0030s/iter; left time: 118.3548s
	iters: 3700, epoch: 11 | loss: 0.2317269
	speed: 0.0029s/iter; left time: 111.4285s
	iters: 3800, epoch: 11 | loss: 0.1566676
	speed: 0.0029s/iter; left time: 112.3875s
	iters: 3900, epoch: 11 | loss: 0.1910988
	speed: 0.0032s/iter; left time: 122.8844s
	iters: 4000, epoch: 11 | loss: 0.2608276
	speed: 0.0032s/iter; left time: 124.4886s
	iters: 4100, epoch: 11 | loss: 0.2027352
	speed: 0.0032s/iter; left time: 124.9374s
	iters: 4200, epoch: 11 | loss: 0.2311934
	speed: 0.0033s/iter; left time: 125.8590s
Epoch: 11 cost time: 12.217418670654297
Epoch: 11, Steps: 4266 | Train Loss: 0.2481617 Vali Loss: 0.3759068 Test Loss: 0.2875901
EarlyStopping counter: 3 out of 5
Updating learning rate to 4.8828125e-06
	iters: 100, epoch: 12 | loss: 0.2791089
	speed: 0.0243s/iter; left time: 929.6503s
	iters: 200, epoch: 12 | loss: 0.1727978
	speed: 0.0024s/iter; left time: 92.8248s
	iters: 300, epoch: 12 | loss: 0.2951354
	speed: 0.0030s/iter; left time: 115.4892s
	iters: 400, epoch: 12 | loss: 0.2564029
	speed: 0.0027s/iter; left time: 103.7261s
	iters: 500, epoch: 12 | loss: 0.2609659
	speed: 0.0027s/iter; left time: 103.8325s
	iters: 600, epoch: 12 | loss: 0.2984020
	speed: 0.0028s/iter; left time: 104.3736s
	iters: 700, epoch: 12 | loss: 0.2288078
	speed: 0.0027s/iter; left time: 101.4118s
	iters: 800, epoch: 12 | loss: 0.2528154
	speed: 0.0024s/iter; left time: 90.2276s
	iters: 900, epoch: 12 | loss: 0.1465322
	speed: 0.0025s/iter; left time: 94.1125s
	iters: 1000, epoch: 12 | loss: 0.3254839
	speed: 0.0025s/iter; left time: 92.8473s
	iters: 1100, epoch: 12 | loss: 0.1862147
	speed: 0.0029s/iter; left time: 109.2743s
	iters: 1200, epoch: 12 | loss: 0.2001400
	speed: 0.0032s/iter; left time: 120.1609s
	iters: 1300, epoch: 12 | loss: 0.2402490
	speed: 0.0034s/iter; left time: 124.3693s
	iters: 1400, epoch: 12 | loss: 0.3031414
	speed: 0.0033s/iter; left time: 120.9740s
	iters: 1500, epoch: 12 | loss: 0.2920413
	speed: 0.0032s/iter; left time: 118.4332s
	iters: 1600, epoch: 12 | loss: 0.2158943
	speed: 0.0031s/iter; left time: 112.3104s
	iters: 1700, epoch: 12 | loss: 0.4025069
	speed: 0.0030s/iter; left time: 109.7174s
	iters: 1800, epoch: 12 | loss: 0.2343476
	speed: 0.0026s/iter; left time: 95.1470s
	iters: 1900, epoch: 12 | loss: 0.1848537
	speed: 0.0027s/iter; left time: 98.1720s
	iters: 2000, epoch: 12 | loss: 0.2226996
	speed: 0.0027s/iter; left time: 99.7284s
	iters: 2100, epoch: 12 | loss: 0.2151852
	speed: 0.0026s/iter; left time: 95.8192s
	iters: 2200, epoch: 12 | loss: 0.2390312
	speed: 0.0029s/iter; left time: 106.0513s
	iters: 2300, epoch: 12 | loss: 0.2554400
	speed: 0.0032s/iter; left time: 116.5871s
	iters: 2400, epoch: 12 | loss: 0.5073685
	speed: 0.0033s/iter; left time: 120.2861s
	iters: 2500, epoch: 12 | loss: 0.1935800
	speed: 0.0034s/iter; left time: 120.2484s
	iters: 2600, epoch: 12 | loss: 0.2259965
	speed: 0.0034s/iter; left time: 121.3666s
	iters: 2700, epoch: 12 | loss: 0.3604064
	speed: 0.0034s/iter; left time: 122.1881s
	iters: 2800, epoch: 12 | loss: 0.2966460
	speed: 0.0033s/iter; left time: 118.1757s
	iters: 2900, epoch: 12 | loss: 0.3427096
	speed: 0.0033s/iter; left time: 116.7780s
	iters: 3000, epoch: 12 | loss: 0.2141729
	speed: 0.0034s/iter; left time: 119.3679s
	iters: 3100, epoch: 12 | loss: 0.2056651
	speed: 0.0034s/iter; left time: 118.5912s
	iters: 3200, epoch: 12 | loss: 0.2416609
	speed: 0.0034s/iter; left time: 117.9633s
	iters: 3300, epoch: 12 | loss: 0.4368785
	speed: 0.0029s/iter; left time: 102.8283s
	iters: 3400, epoch: 12 | loss: 0.2986601
	speed: 0.0029s/iter; left time: 101.8450s
	iters: 3500, epoch: 12 | loss: 0.1740844
	speed: 0.0029s/iter; left time: 100.1487s
	iters: 3600, epoch: 12 | loss: 0.3047358
	speed: 0.0029s/iter; left time: 99.5783s
	iters: 3700, epoch: 12 | loss: 0.2290739
	speed: 0.0028s/iter; left time: 98.5336s
	iters: 3800, epoch: 12 | loss: 0.2850644
	speed: 0.0028s/iter; left time: 97.5586s
	iters: 3900, epoch: 12 | loss: 0.2623245
	speed: 0.0031s/iter; left time: 108.1168s
	iters: 4000, epoch: 12 | loss: 0.2290284
	speed: 0.0029s/iter; left time: 101.1212s
	iters: 4100, epoch: 12 | loss: 0.1850880
	speed: 0.0029s/iter; left time: 100.8274s
	iters: 4200, epoch: 12 | loss: 0.2270355
	speed: 0.0029s/iter; left time: 100.1913s
Epoch: 12 cost time: 12.68004822731018
Epoch: 12, Steps: 4266 | Train Loss: 0.2479821 Vali Loss: 0.3750612 Test Loss: 0.2876162
EarlyStopping counter: 4 out of 5
Updating learning rate to 2.44140625e-06
	iters: 100, epoch: 13 | loss: 0.3448326
	speed: 0.0233s/iter; left time: 792.7433s
	iters: 200, epoch: 13 | loss: 0.2202967
	speed: 0.0023s/iter; left time: 79.3938s
	iters: 300, epoch: 13 | loss: 0.2633921
	speed: 0.0022s/iter; left time: 72.7326s
	iters: 400, epoch: 13 | loss: 0.2521346
	speed: 0.0025s/iter; left time: 85.0150s
	iters: 500, epoch: 13 | loss: 0.3467801
	speed: 0.0026s/iter; left time: 86.1914s
	iters: 600, epoch: 13 | loss: 0.2793276
	speed: 0.0026s/iter; left time: 87.1752s
	iters: 700, epoch: 13 | loss: 0.3525413
	speed: 0.0028s/iter; left time: 93.9357s
	iters: 800, epoch: 13 | loss: 0.2004399
	speed: 0.0028s/iter; left time: 93.7148s
	iters: 900, epoch: 13 | loss: 0.2031560
	speed: 0.0030s/iter; left time: 99.7051s
	iters: 1000, epoch: 13 | loss: 0.3138030
	speed: 0.0033s/iter; left time: 109.9884s
	iters: 1100, epoch: 13 | loss: 0.2568288
	speed: 0.0030s/iter; left time: 100.4083s
	iters: 1200, epoch: 13 | loss: 0.2223342
	speed: 0.0031s/iter; left time: 101.7974s
	iters: 1300, epoch: 13 | loss: 0.1746048
	speed: 0.0030s/iter; left time: 97.5030s
	iters: 1400, epoch: 13 | loss: 0.2662815
	speed: 0.0026s/iter; left time: 84.7894s
	iters: 1500, epoch: 13 | loss: 0.2258717
	speed: 0.0027s/iter; left time: 89.4697s
	iters: 1600, epoch: 13 | loss: 0.3021207
	speed: 0.0030s/iter; left time: 98.2373s
	iters: 1700, epoch: 13 | loss: 0.2741210
	speed: 0.0030s/iter; left time: 95.9891s
	iters: 1800, epoch: 13 | loss: 0.2080089
	speed: 0.0031s/iter; left time: 99.3337s
	iters: 1900, epoch: 13 | loss: 0.1666964
	speed: 0.0031s/iter; left time: 98.6208s
	iters: 2000, epoch: 13 | loss: 0.1839373
	speed: 0.0030s/iter; left time: 96.7086s
	iters: 2100, epoch: 13 | loss: 0.1600313
	speed: 0.0030s/iter; left time: 96.4070s
	iters: 2200, epoch: 13 | loss: 0.2114420
	speed: 0.0032s/iter; left time: 101.6048s
	iters: 2300, epoch: 13 | loss: 0.2770740
	speed: 0.0030s/iter; left time: 96.1234s
	iters: 2400, epoch: 13 | loss: 0.2060385
	speed: 0.0030s/iter; left time: 96.4562s
	iters: 2500, epoch: 13 | loss: 0.2939765
	speed: 0.0028s/iter; left time: 89.6046s
	iters: 2600, epoch: 13 | loss: 0.1708119
	speed: 0.0026s/iter; left time: 82.9335s
	iters: 2700, epoch: 13 | loss: 0.1653718
	speed: 0.0026s/iter; left time: 82.0295s
	iters: 2800, epoch: 13 | loss: 0.1876194
	speed: 0.0026s/iter; left time: 82.7174s
	iters: 2900, epoch: 13 | loss: 0.1983371
	speed: 0.0026s/iter; left time: 82.5101s
	iters: 3000, epoch: 13 | loss: 0.2171400
	speed: 0.0027s/iter; left time: 84.3596s
	iters: 3100, epoch: 13 | loss: 0.2735800
	speed: 0.0027s/iter; left time: 82.8473s
	iters: 3200, epoch: 13 | loss: 0.1885175
	speed: 0.0027s/iter; left time: 82.8902s
	iters: 3300, epoch: 13 | loss: 0.3278879
	speed: 0.0027s/iter; left time: 84.2273s
	iters: 3400, epoch: 13 | loss: 0.1970728
	speed: 0.0026s/iter; left time: 80.8171s
	iters: 3500, epoch: 13 | loss: 0.1980686
	speed: 0.0029s/iter; left time: 88.8280s
	iters: 3600, epoch: 13 | loss: 0.1782366
	speed: 0.0029s/iter; left time: 88.0087s
	iters: 3700, epoch: 13 | loss: 0.2525571
	speed: 0.0031s/iter; left time: 94.0256s
	iters: 3800, epoch: 13 | loss: 0.2474053
	speed: 0.0033s/iter; left time: 101.0050s
	iters: 3900, epoch: 13 | loss: 0.3286933
	speed: 0.0033s/iter; left time: 100.3457s
	iters: 4000, epoch: 13 | loss: 0.4471974
	speed: 0.0031s/iter; left time: 93.3999s
	iters: 4100, epoch: 13 | loss: 0.1864454
	speed: 0.0032s/iter; left time: 95.1920s
	iters: 4200, epoch: 13 | loss: 0.2693923
	speed: 0.0032s/iter; left time: 94.6376s
Epoch: 13 cost time: 12.192914485931396
Epoch: 13, Steps: 4266 | Train Loss: 0.2478921 Vali Loss: 0.3751698 Test Loss: 0.2874984
EarlyStopping counter: 5 out of 5
Early stopping
>>>>>>>testing : ETTm1_336_96_NLinear_ETTm1_ftM_sl336_ll48_pl96_dm512_nh8_el2_dl1_df2048_fc1_ebtimeF_dtTrue_Exp_0_seed28649<<<<<<<<<<<<<<<<<<<<<<<<<<<<<<<<<
test 11425
mse:0.2917107045650482, mae:0.3387216329574585
