Args in experiment:
Namespace(activation='gelu', batch_size=8, c_out=7, checkpoints='./checkpoints/', d_ff=2048, d_layers=1, d_model=512, data='ETTm1', data_path='ETTm1.csv', dec_in=7, des='Exp', devices='0,1,2,3', distil=True, do_predict=False, dropout=0.05, e_layers=2, embed='timeF', embed_type=0, enc_in=7, factor=1, features='M', freq='h', gpu=0, individual=True, is_training=1, itr=1, label_len=48, learning_rate=0.005, loss='mse', lradj='type1', model='NLinear', model_id='ETTm1_336_192', moving_avg=25, n_heads=8, num_workers=0, output_attention=False, patience=5, pred_len=192, root_path='./dataset/', save_pred_values=False, seed=3144, seq_len=336, target='OT', test_flop=False, train_epochs=20, train_only=False, use_amp=False, use_gpu=False, use_multi_gpu=False)
Use CPU
>>>>>>>start training : ETTm1_336_192_NLinear_ETTm1_ftM_sl336_ll48_pl192_dm512_nh8_el2_dl1_df2048_fc1_ebtimeF_dtTrue_Exp_0_seed3144>>>>>>>>>>>>>>>>>>>>>>>>>>
train 34033
val 11329
test 11329
	iters: 100, epoch: 1 | loss: 0.6278359
	speed: 0.0037s/iter; left time: 311.2275s
	iters: 200, epoch: 1 | loss: 0.5015943
	speed: 0.0038s/iter; left time: 322.6076s
	iters: 300, epoch: 1 | loss: 1.0880076
	speed: 0.0038s/iter; left time: 321.5049s
	iters: 400, epoch: 1 | loss: 0.4653267
	speed: 0.0039s/iter; left time: 326.8710s
	iters: 500, epoch: 1 | loss: 0.4687079
	speed: 0.0038s/iter; left time: 325.0613s
	iters: 600, epoch: 1 | loss: 0.4390646
	speed: 0.0038s/iter; left time: 320.2313s
	iters: 700, epoch: 1 | loss: 0.4577119
	speed: 0.0037s/iter; left time: 308.8326s
	iters: 800, epoch: 1 | loss: 0.3416456
	speed: 0.0034s/iter; left time: 288.4102s
	iters: 900, epoch: 1 | loss: 0.3328794
	speed: 0.0035s/iter; left time: 295.4776s
	iters: 1000, epoch: 1 | loss: 0.5080975
	speed: 0.0036s/iter; left time: 298.5323s
	iters: 1100, epoch: 1 | loss: 0.5812508
	speed: 0.0037s/iter; left time: 307.5556s
	iters: 1200, epoch: 1 | loss: 0.5981545
	speed: 0.0039s/iter; left time: 323.7800s
	iters: 1300, epoch: 1 | loss: 0.4071856
	speed: 0.0041s/iter; left time: 341.3637s
	iters: 1400, epoch: 1 | loss: 0.5547785
	speed: 0.0039s/iter; left time: 323.0563s
	iters: 1500, epoch: 1 | loss: 0.3029878
	speed: 0.0037s/iter; left time: 312.5934s
	iters: 1600, epoch: 1 | loss: 1.0142714
	speed: 0.0037s/iter; left time: 309.9112s
	iters: 1700, epoch: 1 | loss: 0.3425263
	speed: 0.0038s/iter; left time: 316.0650s
	iters: 1800, epoch: 1 | loss: 0.4692849
	speed: 0.0039s/iter; left time: 326.4605s
	iters: 1900, epoch: 1 | loss: 0.4960661
	speed: 0.0037s/iter; left time: 304.7135s
	iters: 2000, epoch: 1 | loss: 0.2773181
	speed: 0.0035s/iter; left time: 291.6508s
	iters: 2100, epoch: 1 | loss: 0.3644695
	speed: 0.0032s/iter; left time: 261.3902s
	iters: 2200, epoch: 1 | loss: 0.5448510
	speed: 0.0039s/iter; left time: 321.8915s
	iters: 2300, epoch: 1 | loss: 0.5125232
	speed: 0.0038s/iter; left time: 314.5671s
	iters: 2400, epoch: 1 | loss: 0.5044907
	speed: 0.0036s/iter; left time: 294.5704s
	iters: 2500, epoch: 1 | loss: 0.5906880
	speed: 0.0034s/iter; left time: 279.9508s
	iters: 2600, epoch: 1 | loss: 0.3557615
	speed: 0.0031s/iter; left time: 258.1651s
	iters: 2700, epoch: 1 | loss: 0.4727672
	speed: 0.0038s/iter; left time: 310.0296s
	iters: 2800, epoch: 1 | loss: 0.5270343
	speed: 0.0035s/iter; left time: 285.5701s
	iters: 2900, epoch: 1 | loss: 0.4111245
	speed: 0.0031s/iter; left time: 257.2275s
	iters: 3000, epoch: 1 | loss: 0.4749820
	speed: 0.0032s/iter; left time: 265.3856s
	iters: 3100, epoch: 1 | loss: 0.5766161
	speed: 0.0038s/iter; left time: 309.8876s
	iters: 3200, epoch: 1 | loss: 0.5814126
	speed: 0.0037s/iter; left time: 305.4592s
	iters: 3300, epoch: 1 | loss: 0.2784211
	speed: 0.0036s/iter; left time: 292.9603s
	iters: 3400, epoch: 1 | loss: 0.4441324
	speed: 0.0035s/iter; left time: 281.8003s
	iters: 3500, epoch: 1 | loss: 0.4780493
	speed: 0.0035s/iter; left time: 286.3476s
	iters: 3600, epoch: 1 | loss: 0.3138520
	speed: 0.0038s/iter; left time: 313.2148s
	iters: 3700, epoch: 1 | loss: 0.5994421
	speed: 0.0040s/iter; left time: 326.3380s
	iters: 3800, epoch: 1 | loss: 0.4734496
	speed: 0.0040s/iter; left time: 325.4097s
	iters: 3900, epoch: 1 | loss: 0.9482491
	speed: 0.0039s/iter; left time: 314.0300s
	iters: 4000, epoch: 1 | loss: 0.5055615
	speed: 0.0038s/iter; left time: 304.0545s
	iters: 4100, epoch: 1 | loss: 0.5250865
	speed: 0.0037s/iter; left time: 299.7821s
	iters: 4200, epoch: 1 | loss: 0.6510375
	speed: 0.0036s/iter; left time: 295.2155s
Epoch: 1 cost time: 15.604969501495361
Epoch: 1, Steps: 4254 | Train Loss: 0.4929892 Vali Loss: 0.7306858 Test Loss: 0.5096804
Validation loss decreased (inf --> 0.730686).  Saving model ...
Updating learning rate to 0.005
	iters: 100, epoch: 2 | loss: 0.3309986
	speed: 0.0289s/iter; left time: 2332.0132s
	iters: 200, epoch: 2 | loss: 0.7160688
	speed: 0.0033s/iter; left time: 267.7357s
	iters: 300, epoch: 2 | loss: 0.4842289
	speed: 0.0036s/iter; left time: 290.9252s
	iters: 400, epoch: 2 | loss: 0.6151761
	speed: 0.0038s/iter; left time: 307.2309s
	iters: 500, epoch: 2 | loss: 0.3728192
	speed: 0.0038s/iter; left time: 305.2848s
	iters: 600, epoch: 2 | loss: 0.7206946
	speed: 0.0037s/iter; left time: 295.4190s
	iters: 700, epoch: 2 | loss: 0.3633882
	speed: 0.0037s/iter; left time: 298.8740s
	iters: 800, epoch: 2 | loss: 0.4260484
	speed: 0.0036s/iter; left time: 286.6808s
	iters: 900, epoch: 2 | loss: 0.4826395
	speed: 0.0034s/iter; left time: 274.1816s
	iters: 1000, epoch: 2 | loss: 0.3431996
	speed: 0.0033s/iter; left time: 260.2366s
	iters: 1100, epoch: 2 | loss: 0.4060953
	speed: 0.0033s/iter; left time: 260.9357s
	iters: 1200, epoch: 2 | loss: 0.5469397
	speed: 0.0034s/iter; left time: 273.9170s
	iters: 1300, epoch: 2 | loss: 0.5266616
	speed: 0.0035s/iter; left time: 279.1791s
	iters: 1400, epoch: 2 | loss: 0.4733847
	speed: 0.0036s/iter; left time: 285.3287s
	iters: 1500, epoch: 2 | loss: 0.7219661
	speed: 0.0033s/iter; left time: 264.1591s
	iters: 1600, epoch: 2 | loss: 0.5038046
	speed: 0.0035s/iter; left time: 277.2942s
	iters: 1700, epoch: 2 | loss: 0.3558916
	speed: 0.0035s/iter; left time: 278.8113s
	iters: 1800, epoch: 2 | loss: 0.8466700
	speed: 0.0037s/iter; left time: 290.8188s
	iters: 1900, epoch: 2 | loss: 0.7207231
	speed: 0.0037s/iter; left time: 291.2413s
	iters: 2000, epoch: 2 | loss: 0.4643796
	speed: 0.0034s/iter; left time: 265.1415s
	iters: 2100, epoch: 2 | loss: 0.9072428
	speed: 0.0034s/iter; left time: 270.1360s
	iters: 2200, epoch: 2 | loss: 0.5908720
	speed: 0.0033s/iter; left time: 257.1095s
	iters: 2300, epoch: 2 | loss: 0.4371838
	speed: 0.0033s/iter; left time: 256.2303s
	iters: 2400, epoch: 2 | loss: 0.5276394
	speed: 0.0034s/iter; left time: 266.6519s
	iters: 2500, epoch: 2 | loss: 0.3182293
	speed: 0.0035s/iter; left time: 274.1934s
	iters: 2600, epoch: 2 | loss: 0.3099759
	speed: 0.0034s/iter; left time: 265.4697s
	iters: 2700, epoch: 2 | loss: 0.3187472
	speed: 0.0033s/iter; left time: 257.9394s
	iters: 2800, epoch: 2 | loss: 0.6561883
	speed: 0.0031s/iter; left time: 241.8833s
	iters: 2900, epoch: 2 | loss: 0.5736803
	speed: 0.0035s/iter; left time: 271.3828s
	iters: 3000, epoch: 2 | loss: 0.3843560
	speed: 0.0033s/iter; left time: 257.6073s
	iters: 3100, epoch: 2 | loss: 0.7728145
	speed: 0.0037s/iter; left time: 283.7058s
	iters: 3200, epoch: 2 | loss: 0.4957776
	speed: 0.0038s/iter; left time: 294.3962s
	iters: 3300, epoch: 2 | loss: 0.3783408
	speed: 0.0036s/iter; left time: 276.8166s
	iters: 3400, epoch: 2 | loss: 0.5096220
	speed: 0.0038s/iter; left time: 294.9976s
	iters: 3500, epoch: 2 | loss: 0.5290605
	speed: 0.0040s/iter; left time: 312.6600s
	iters: 3600, epoch: 2 | loss: 0.3082520
	speed: 0.0041s/iter; left time: 315.9026s
	iters: 3700, epoch: 2 | loss: 0.3554185
	speed: 0.0041s/iter; left time: 318.6902s
	iters: 3800, epoch: 2 | loss: 0.4575409
	speed: 0.0037s/iter; left time: 284.2301s
	iters: 3900, epoch: 2 | loss: 0.6158500
	speed: 0.0034s/iter; left time: 262.3200s
	iters: 4000, epoch: 2 | loss: 0.5953338
	speed: 0.0035s/iter; left time: 266.0227s
	iters: 4100, epoch: 2 | loss: 0.4281220
	speed: 0.0037s/iter; left time: 283.8896s
	iters: 4200, epoch: 2 | loss: 1.3151945
	speed: 0.0036s/iter; left time: 276.8879s
Epoch: 2 cost time: 15.086942195892334
Epoch: 2, Steps: 4254 | Train Loss: 0.4951085 Vali Loss: 0.8567067 Test Loss: 0.5582237
EarlyStopping counter: 1 out of 5
Updating learning rate to 0.0025
	iters: 100, epoch: 3 | loss: 0.3661644
	speed: 0.0266s/iter; left time: 2030.7290s
	iters: 200, epoch: 3 | loss: 0.2609983
	speed: 0.0030s/iter; left time: 232.1748s
	iters: 300, epoch: 3 | loss: 0.4756730
	speed: 0.0030s/iter; left time: 232.0753s
	iters: 400, epoch: 3 | loss: 0.2719009
	speed: 0.0031s/iter; left time: 237.6591s
	iters: 500, epoch: 3 | loss: 0.3411148
	speed: 0.0032s/iter; left time: 241.1530s
	iters: 600, epoch: 3 | loss: 0.2811725
	speed: 0.0035s/iter; left time: 262.4898s
	iters: 700, epoch: 3 | loss: 0.3940747
	speed: 0.0037s/iter; left time: 276.9746s
	iters: 800, epoch: 3 | loss: 0.3139127
	speed: 0.0037s/iter; left time: 281.1180s
	iters: 900, epoch: 3 | loss: 0.3591897
	speed: 0.0033s/iter; left time: 246.8608s
	iters: 1000, epoch: 3 | loss: 0.2923089
	speed: 0.0031s/iter; left time: 234.2770s
	iters: 1100, epoch: 3 | loss: 0.3660908
	speed: 0.0031s/iter; left time: 235.4781s
	iters: 1200, epoch: 3 | loss: 0.3196958
	speed: 0.0037s/iter; left time: 276.0630s
	iters: 1300, epoch: 3 | loss: 0.3499291
	speed: 0.0041s/iter; left time: 309.3722s
	iters: 1400, epoch: 3 | loss: 0.4082506
	speed: 0.0040s/iter; left time: 297.9261s
	iters: 1500, epoch: 3 | loss: 0.3987099
	speed: 0.0037s/iter; left time: 280.0007s
	iters: 1600, epoch: 3 | loss: 0.4027995
	speed: 0.0036s/iter; left time: 272.1517s
	iters: 1700, epoch: 3 | loss: 0.2462041
	speed: 0.0038s/iter; left time: 284.6715s
	iters: 1800, epoch: 3 | loss: 0.3984278
	speed: 0.0028s/iter; left time: 209.3653s
	iters: 1900, epoch: 3 | loss: 0.5441359
	speed: 0.0027s/iter; left time: 203.9018s
	iters: 2000, epoch: 3 | loss: 0.2411824
	speed: 0.0039s/iter; left time: 290.2617s
	iters: 2100, epoch: 3 | loss: 0.3364085
	speed: 0.0038s/iter; left time: 281.5088s
	iters: 2200, epoch: 3 | loss: 0.3363140
	speed: 0.0040s/iter; left time: 293.7751s
	iters: 2300, epoch: 3 | loss: 0.3871455
	speed: 0.0040s/iter; left time: 300.4111s
	iters: 2400, epoch: 3 | loss: 0.2577395
	speed: 0.0040s/iter; left time: 298.0819s
	iters: 2500, epoch: 3 | loss: 0.3731865
	speed: 0.0036s/iter; left time: 263.1178s
	iters: 2600, epoch: 3 | loss: 0.2391989
	speed: 0.0036s/iter; left time: 262.6442s
	iters: 2700, epoch: 3 | loss: 0.4491839
	speed: 0.0038s/iter; left time: 278.4999s
	iters: 2800, epoch: 3 | loss: 0.3298959
	speed: 0.0036s/iter; left time: 267.9271s
	iters: 2900, epoch: 3 | loss: 0.3832099
	speed: 0.0036s/iter; left time: 262.2646s
	iters: 3000, epoch: 3 | loss: 0.3069561
	speed: 0.0030s/iter; left time: 223.6638s
	iters: 3100, epoch: 3 | loss: 0.4089982
	speed: 0.0035s/iter; left time: 253.6344s
	iters: 3200, epoch: 3 | loss: 0.4562432
	speed: 0.0031s/iter; left time: 225.2563s
	iters: 3300, epoch: 3 | loss: 0.8431528
	speed: 0.0031s/iter; left time: 228.6093s
	iters: 3400, epoch: 3 | loss: 0.2762882
	speed: 0.0033s/iter; left time: 243.1301s
	iters: 3500, epoch: 3 | loss: 0.3855236
	speed: 0.0030s/iter; left time: 222.8725s
	iters: 3600, epoch: 3 | loss: 0.2929174
	speed: 0.0030s/iter; left time: 216.0003s
	iters: 3700, epoch: 3 | loss: 0.3263057
	speed: 0.0030s/iter; left time: 215.2093s
	iters: 3800, epoch: 3 | loss: 0.3688325
	speed: 0.0033s/iter; left time: 240.8789s
	iters: 3900, epoch: 3 | loss: 0.3848920
	speed: 0.0036s/iter; left time: 262.3870s
	iters: 4000, epoch: 3 | loss: 0.3569611
	speed: 0.0034s/iter; left time: 244.7353s
	iters: 4100, epoch: 3 | loss: 0.3582814
	speed: 0.0031s/iter; left time: 224.7058s
	iters: 4200, epoch: 3 | loss: 0.3633158
	speed: 0.0031s/iter; left time: 225.3367s
Epoch: 3 cost time: 14.538410425186157
Epoch: 3, Steps: 4254 | Train Loss: 0.3728160 Vali Loss: 0.7051213 Test Loss: 0.5226426
Validation loss decreased (0.730686 --> 0.705121).  Saving model ...
Updating learning rate to 0.00125
	iters: 100, epoch: 4 | loss: 0.4619785
	speed: 0.0284s/iter; left time: 2052.9630s
	iters: 200, epoch: 4 | loss: 0.2845759
	speed: 0.0033s/iter; left time: 238.7623s
	iters: 300, epoch: 4 | loss: 0.6355293
	speed: 0.0037s/iter; left time: 268.7594s
	iters: 400, epoch: 4 | loss: 0.4770691
	speed: 0.0039s/iter; left time: 277.6076s
	iters: 500, epoch: 4 | loss: 0.2856515
	speed: 0.0039s/iter; left time: 278.2211s
	iters: 600, epoch: 4 | loss: 0.2008262
	speed: 0.0038s/iter; left time: 272.5314s
	iters: 700, epoch: 4 | loss: 0.3609657
	speed: 0.0038s/iter; left time: 275.0173s
	iters: 800, epoch: 4 | loss: 0.2995424
	speed: 0.0038s/iter; left time: 269.7820s
	iters: 900, epoch: 4 | loss: 0.3192720
	speed: 0.0035s/iter; left time: 248.4850s
	iters: 1000, epoch: 4 | loss: 0.3178678
	speed: 0.0035s/iter; left time: 252.4698s
	iters: 1100, epoch: 4 | loss: 0.3173140
	speed: 0.0037s/iter; left time: 263.6415s
	iters: 1200, epoch: 4 | loss: 0.3055088
	speed: 0.0036s/iter; left time: 254.6062s
	iters: 1300, epoch: 4 | loss: 0.2569533
	speed: 0.0035s/iter; left time: 245.7601s
	iters: 1400, epoch: 4 | loss: 0.3252302
	speed: 0.0035s/iter; left time: 244.8114s
	iters: 1500, epoch: 4 | loss: 0.4822126
	speed: 0.0030s/iter; left time: 211.7487s
	iters: 1600, epoch: 4 | loss: 0.2907533
	speed: 0.0031s/iter; left time: 221.3515s
	iters: 1700, epoch: 4 | loss: 0.2949782
	speed: 0.0034s/iter; left time: 240.9940s
	iters: 1800, epoch: 4 | loss: 0.5000086
	speed: 0.0027s/iter; left time: 187.5809s
	iters: 1900, epoch: 4 | loss: 0.2000812
	speed: 0.0029s/iter; left time: 207.0316s
	iters: 2000, epoch: 4 | loss: 0.2966117
	speed: 0.0031s/iter; left time: 221.0378s
	iters: 2100, epoch: 4 | loss: 0.2886466
	speed: 0.0034s/iter; left time: 240.8935s
	iters: 2200, epoch: 4 | loss: 0.3176873
	speed: 0.0033s/iter; left time: 231.3915s
	iters: 2300, epoch: 4 | loss: 0.3681935
	speed: 0.0030s/iter; left time: 206.6751s
	iters: 2400, epoch: 4 | loss: 0.3108199
	speed: 0.0036s/iter; left time: 255.1844s
	iters: 2500, epoch: 4 | loss: 0.2667080
	speed: 0.0039s/iter; left time: 270.1999s
	iters: 2600, epoch: 4 | loss: 0.3550484
	speed: 0.0035s/iter; left time: 244.8587s
	iters: 2700, epoch: 4 | loss: 0.3869274
	speed: 0.0032s/iter; left time: 219.9974s
	iters: 2800, epoch: 4 | loss: 0.2189808
	speed: 0.0041s/iter; left time: 284.3313s
	iters: 2900, epoch: 4 | loss: 0.2037474
	speed: 0.0038s/iter; left time: 266.8770s
	iters: 3000, epoch: 4 | loss: 0.3579464
	speed: 0.0036s/iter; left time: 247.4696s
	iters: 3100, epoch: 4 | loss: 0.3092586
	speed: 0.0035s/iter; left time: 243.6494s
	iters: 3200, epoch: 4 | loss: 0.2434695
	speed: 0.0037s/iter; left time: 253.8110s
	iters: 3300, epoch: 4 | loss: 0.2755654
	speed: 0.0040s/iter; left time: 277.5021s
	iters: 3400, epoch: 4 | loss: 0.4463070
	speed: 0.0039s/iter; left time: 268.9546s
	iters: 3500, epoch: 4 | loss: 0.2717664
	speed: 0.0032s/iter; left time: 219.5326s
	iters: 3600, epoch: 4 | loss: 0.3268609
	speed: 0.0030s/iter; left time: 208.2176s
	iters: 3700, epoch: 4 | loss: 0.2829044
	speed: 0.0031s/iter; left time: 210.2631s
	iters: 3800, epoch: 4 | loss: 0.3199476
	speed: 0.0037s/iter; left time: 256.8820s
	iters: 3900, epoch: 4 | loss: 0.3560440
	speed: 0.0038s/iter; left time: 262.7284s
	iters: 4000, epoch: 4 | loss: 0.3258786
	speed: 0.0038s/iter; left time: 261.1768s
	iters: 4100, epoch: 4 | loss: 0.1797707
	speed: 0.0036s/iter; left time: 243.5432s
	iters: 4200, epoch: 4 | loss: 0.4634737
	speed: 0.0033s/iter; left time: 222.7486s
Epoch: 4 cost time: 14.871045589447021
Epoch: 4, Steps: 4254 | Train Loss: 0.3322379 Vali Loss: 0.5367053 Test Loss: 0.3723449
Validation loss decreased (0.705121 --> 0.536705).  Saving model ...
Updating learning rate to 0.000625
	iters: 100, epoch: 5 | loss: 0.3675096
	speed: 0.0313s/iter; left time: 2127.4494s
	iters: 200, epoch: 5 | loss: 0.2581959
	speed: 0.0034s/iter; left time: 230.1028s
	iters: 300, epoch: 5 | loss: 0.3852401
	speed: 0.0031s/iter; left time: 212.7820s
	iters: 400, epoch: 5 | loss: 0.3879504
	speed: 0.0032s/iter; left time: 216.7053s
	iters: 500, epoch: 5 | loss: 0.3268138
	speed: 0.0033s/iter; left time: 224.9917s
	iters: 600, epoch: 5 | loss: 0.3303249
	speed: 0.0035s/iter; left time: 238.8691s
	iters: 700, epoch: 5 | loss: 0.2539209
	speed: 0.0029s/iter; left time: 198.0519s
	iters: 800, epoch: 5 | loss: 0.3709375
	speed: 0.0038s/iter; left time: 253.1499s
	iters: 900, epoch: 5 | loss: 0.3097554
	speed: 0.0039s/iter; left time: 263.9584s
	iters: 1000, epoch: 5 | loss: 0.3387946
	speed: 0.0038s/iter; left time: 254.3503s
	iters: 1100, epoch: 5 | loss: 0.3508748
	speed: 0.0034s/iter; left time: 226.3432s
	iters: 1200, epoch: 5 | loss: 0.2387632
	speed: 0.0037s/iter; left time: 249.4053s
	iters: 1300, epoch: 5 | loss: 0.2822902
	speed: 0.0037s/iter; left time: 243.9003s
	iters: 1400, epoch: 5 | loss: 0.2169374
	speed: 0.0038s/iter; left time: 251.3629s
	iters: 1500, epoch: 5 | loss: 0.3694633
	speed: 0.0037s/iter; left time: 245.6239s
	iters: 1600, epoch: 5 | loss: 0.2944272
	speed: 0.0038s/iter; left time: 255.4700s
	iters: 1700, epoch: 5 | loss: 0.2859530
	speed: 0.0037s/iter; left time: 242.8960s
	iters: 1800, epoch: 5 | loss: 0.3128145
	speed: 0.0034s/iter; left time: 223.4316s
	iters: 1900, epoch: 5 | loss: 0.2802193
	speed: 0.0035s/iter; left time: 231.5776s
	iters: 2000, epoch: 5 | loss: 0.3257632
	speed: 0.0033s/iter; left time: 217.3531s
	iters: 2100, epoch: 5 | loss: 0.2712640
	speed: 0.0035s/iter; left time: 228.3894s
	iters: 2200, epoch: 5 | loss: 0.3027096
	speed: 0.0035s/iter; left time: 231.0791s
	iters: 2300, epoch: 5 | loss: 0.3168944
	speed: 0.0035s/iter; left time: 231.4922s
	iters: 2400, epoch: 5 | loss: 0.3627673
	speed: 0.0036s/iter; left time: 235.8695s
	iters: 2500, epoch: 5 | loss: 0.6506753
	speed: 0.0040s/iter; left time: 264.9201s
	iters: 2600, epoch: 5 | loss: 0.3817536
	speed: 0.0041s/iter; left time: 271.0265s
	iters: 2700, epoch: 5 | loss: 0.2360462
	speed: 0.0041s/iter; left time: 270.1857s
	iters: 2800, epoch: 5 | loss: 0.3199335
	speed: 0.0042s/iter; left time: 272.1551s
	iters: 2900, epoch: 5 | loss: 0.4339460
	speed: 0.0041s/iter; left time: 266.0840s
	iters: 3000, epoch: 5 | loss: 0.2453047
	speed: 0.0042s/iter; left time: 270.7141s
	iters: 3100, epoch: 5 | loss: 0.3512765
	speed: 0.0041s/iter; left time: 269.0947s
	iters: 3200, epoch: 5 | loss: 0.3201048
	speed: 0.0041s/iter; left time: 265.9848s
	iters: 3300, epoch: 5 | loss: 0.2664939
	speed: 0.0040s/iter; left time: 261.6509s
	iters: 3400, epoch: 5 | loss: 0.2507238
	speed: 0.0040s/iter; left time: 255.6514s
	iters: 3500, epoch: 5 | loss: 0.2745319
	speed: 0.0038s/iter; left time: 245.3849s
	iters: 3600, epoch: 5 | loss: 0.2320764
	speed: 0.0038s/iter; left time: 247.0764s
	iters: 3700, epoch: 5 | loss: 0.2831701
	speed: 0.0038s/iter; left time: 242.6572s
	iters: 3800, epoch: 5 | loss: 0.3056497
	speed: 0.0038s/iter; left time: 240.9939s
	iters: 3900, epoch: 5 | loss: 0.3550906
	speed: 0.0038s/iter; left time: 241.4253s
	iters: 4000, epoch: 5 | loss: 0.2490163
	speed: 0.0037s/iter; left time: 240.2437s
	iters: 4100, epoch: 5 | loss: 0.3035297
	speed: 0.0037s/iter; left time: 235.3908s
	iters: 4200, epoch: 5 | loss: 0.4135674
	speed: 0.0037s/iter; left time: 237.7815s
Epoch: 5 cost time: 15.765772581100464
Epoch: 5, Steps: 4254 | Train Loss: 0.3117998 Vali Loss: 0.5345536 Test Loss: 0.3504151
Validation loss decreased (0.536705 --> 0.534554).  Saving model ...
Updating learning rate to 0.0003125
	iters: 100, epoch: 6 | loss: 0.3364944
	speed: 0.0303s/iter; left time: 1930.3506s
	iters: 200, epoch: 6 | loss: 0.3234032
	speed: 0.0033s/iter; left time: 206.7358s
	iters: 300, epoch: 6 | loss: 0.4176629
	speed: 0.0036s/iter; left time: 229.9112s
	iters: 400, epoch: 6 | loss: 0.2230127
	speed: 0.0038s/iter; left time: 241.1079s
	iters: 500, epoch: 6 | loss: 0.5653437
	speed: 0.0039s/iter; left time: 243.7845s
	iters: 600, epoch: 6 | loss: 0.2381901
	speed: 0.0040s/iter; left time: 251.0880s
	iters: 700, epoch: 6 | loss: 0.3088591
	speed: 0.0039s/iter; left time: 248.6575s
	iters: 800, epoch: 6 | loss: 0.3904476
	speed: 0.0039s/iter; left time: 243.2643s
	iters: 900, epoch: 6 | loss: 0.2288183
	speed: 0.0040s/iter; left time: 252.4066s
	iters: 1000, epoch: 6 | loss: 0.3072196
	speed: 0.0039s/iter; left time: 247.4758s
	iters: 1100, epoch: 6 | loss: 0.2517470
	speed: 0.0040s/iter; left time: 252.8631s
	iters: 1200, epoch: 6 | loss: 0.2928185
	speed: 0.0035s/iter; left time: 217.9165s
	iters: 1300, epoch: 6 | loss: 0.3788860
	speed: 0.0036s/iter; left time: 222.5399s
	iters: 1400, epoch: 6 | loss: 0.2570919
	speed: 0.0035s/iter; left time: 216.1532s
	iters: 1500, epoch: 6 | loss: 0.3165430
	speed: 0.0033s/iter; left time: 202.5473s
	iters: 1600, epoch: 6 | loss: 0.3379563
	speed: 0.0033s/iter; left time: 204.6745s
	iters: 1700, epoch: 6 | loss: 0.2333631
	speed: 0.0034s/iter; left time: 212.5485s
	iters: 1800, epoch: 6 | loss: 0.1950738
	speed: 0.0035s/iter; left time: 219.5200s
	iters: 1900, epoch: 6 | loss: 0.2585193
	speed: 0.0036s/iter; left time: 224.7720s
	iters: 2000, epoch: 6 | loss: 0.2818474
	speed: 0.0036s/iter; left time: 219.6744s
	iters: 2100, epoch: 6 | loss: 0.6113790
	speed: 0.0038s/iter; left time: 235.6327s
	iters: 2200, epoch: 6 | loss: 0.2366847
	speed: 0.0039s/iter; left time: 241.5149s
	iters: 2300, epoch: 6 | loss: 0.2684588
	speed: 0.0036s/iter; left time: 222.2269s
	iters: 2400, epoch: 6 | loss: 0.2368634
	speed: 0.0037s/iter; left time: 225.9910s
	iters: 2500, epoch: 6 | loss: 0.2528173
	speed: 0.0036s/iter; left time: 220.2258s
	iters: 2600, epoch: 6 | loss: 0.2522666
	speed: 0.0031s/iter; left time: 187.9173s
	iters: 2700, epoch: 6 | loss: 0.3928389
	speed: 0.0033s/iter; left time: 199.8696s
	iters: 2800, epoch: 6 | loss: 0.2663980
	speed: 0.0039s/iter; left time: 236.8676s
	iters: 2900, epoch: 6 | loss: 0.2204293
	speed: 0.0039s/iter; left time: 239.3800s
	iters: 3000, epoch: 6 | loss: 0.3082286
	speed: 0.0038s/iter; left time: 232.2979s
	iters: 3100, epoch: 6 | loss: 0.3435494
	speed: 0.0038s/iter; left time: 230.3606s
	iters: 3200, epoch: 6 | loss: 0.1401788
	speed: 0.0041s/iter; left time: 246.6864s
	iters: 3300, epoch: 6 | loss: 0.1944865
	speed: 0.0037s/iter; left time: 225.8419s
	iters: 3400, epoch: 6 | loss: 0.2346437
	speed: 0.0040s/iter; left time: 239.8705s
	iters: 3500, epoch: 6 | loss: 0.2943175
	speed: 0.0041s/iter; left time: 247.8784s
	iters: 3600, epoch: 6 | loss: 0.3791390
	speed: 0.0041s/iter; left time: 244.6234s
	iters: 3700, epoch: 6 | loss: 0.2740467
	speed: 0.0027s/iter; left time: 162.3004s
	iters: 3800, epoch: 6 | loss: 0.1956045
	speed: 0.0031s/iter; left time: 186.6652s
	iters: 3900, epoch: 6 | loss: 0.2524835
	speed: 0.0035s/iter; left time: 207.5197s
	iters: 4000, epoch: 6 | loss: 0.4141924
	speed: 0.0035s/iter; left time: 208.7399s
	iters: 4100, epoch: 6 | loss: 0.2070808
	speed: 0.0035s/iter; left time: 206.6005s
	iters: 4200, epoch: 6 | loss: 0.2843122
	speed: 0.0035s/iter; left time: 210.0388s
Epoch: 6 cost time: 15.515825748443604
Epoch: 6, Steps: 4254 | Train Loss: 0.3012516 Vali Loss: 0.5010066 Test Loss: 0.3458513
Validation loss decreased (0.534554 --> 0.501007).  Saving model ...
Updating learning rate to 0.00015625
	iters: 100, epoch: 7 | loss: 0.3199840
	speed: 0.0305s/iter; left time: 1816.0085s
	iters: 200, epoch: 7 | loss: 0.1643331
	speed: 0.0037s/iter; left time: 219.6190s
	iters: 300, epoch: 7 | loss: 0.2649449
	speed: 0.0034s/iter; left time: 203.2516s
	iters: 400, epoch: 7 | loss: 0.2203481
	speed: 0.0038s/iter; left time: 221.9842s
	iters: 500, epoch: 7 | loss: 0.1951159
	speed: 0.0037s/iter; left time: 217.9203s
	iters: 600, epoch: 7 | loss: 0.2566512
	speed: 0.0040s/iter; left time: 234.2664s
	iters: 700, epoch: 7 | loss: 0.2004840
	speed: 0.0037s/iter; left time: 218.4010s
	iters: 800, epoch: 7 | loss: 0.6933743
	speed: 0.0035s/iter; left time: 203.3000s
	iters: 900, epoch: 7 | loss: 0.3623197
	speed: 0.0035s/iter; left time: 206.0246s
	iters: 1000, epoch: 7 | loss: 0.2152230
	speed: 0.0035s/iter; left time: 202.6059s
	iters: 1100, epoch: 7 | loss: 0.2361298
	speed: 0.0034s/iter; left time: 199.3716s
	iters: 1200, epoch: 7 | loss: 0.2733216
	speed: 0.0033s/iter; left time: 195.1082s
	iters: 1300, epoch: 7 | loss: 0.3941628
	speed: 0.0033s/iter; left time: 193.3473s
	iters: 1400, epoch: 7 | loss: 0.3058906
	speed: 0.0034s/iter; left time: 194.8265s
	iters: 1500, epoch: 7 | loss: 0.3800336
	speed: 0.0034s/iter; left time: 197.5653s
	iters: 1600, epoch: 7 | loss: 0.3293486
	speed: 0.0035s/iter; left time: 202.2698s
	iters: 1700, epoch: 7 | loss: 0.2603603
	speed: 0.0036s/iter; left time: 205.3926s
	iters: 1800, epoch: 7 | loss: 0.1725998
	speed: 0.0033s/iter; left time: 192.4482s
	iters: 1900, epoch: 7 | loss: 0.3901037
	speed: 0.0033s/iter; left time: 190.1854s
	iters: 2000, epoch: 7 | loss: 0.2596818
	speed: 0.0039s/iter; left time: 221.5950s
	iters: 2100, epoch: 7 | loss: 0.3373618
	speed: 0.0038s/iter; left time: 220.1776s
	iters: 2200, epoch: 7 | loss: 0.2248762
	speed: 0.0039s/iter; left time: 223.1184s
	iters: 2300, epoch: 7 | loss: 0.3923829
	speed: 0.0038s/iter; left time: 217.2549s
	iters: 2400, epoch: 7 | loss: 0.4857088
	speed: 0.0037s/iter; left time: 212.0520s
	iters: 2500, epoch: 7 | loss: 0.2788256
	speed: 0.0038s/iter; left time: 218.5288s
	iters: 2600, epoch: 7 | loss: 0.3038856
	speed: 0.0039s/iter; left time: 223.9956s
	iters: 2700, epoch: 7 | loss: 0.3776758
	speed: 0.0037s/iter; left time: 210.3710s
	iters: 2800, epoch: 7 | loss: 0.2827896
	speed: 0.0038s/iter; left time: 214.1413s
	iters: 2900, epoch: 7 | loss: 0.2887420
	speed: 0.0038s/iter; left time: 213.0301s
	iters: 3000, epoch: 7 | loss: 0.3247285
	speed: 0.0039s/iter; left time: 218.9073s
	iters: 3100, epoch: 7 | loss: 0.3175919
	speed: 0.0040s/iter; left time: 225.4120s
	iters: 3200, epoch: 7 | loss: 0.2367180
	speed: 0.0038s/iter; left time: 212.4661s
	iters: 3300, epoch: 7 | loss: 0.2361582
	speed: 0.0037s/iter; left time: 209.8386s
	iters: 3400, epoch: 7 | loss: 0.1836080
	speed: 0.0035s/iter; left time: 197.7764s
	iters: 3500, epoch: 7 | loss: 0.2284454
	speed: 0.0026s/iter; left time: 147.9900s
	iters: 3600, epoch: 7 | loss: 0.2667082
	speed: 0.0026s/iter; left time: 147.1668s
	iters: 3700, epoch: 7 | loss: 0.2171789
	speed: 0.0034s/iter; left time: 190.0455s
	iters: 3800, epoch: 7 | loss: 0.2543878
	speed: 0.0032s/iter; left time: 178.4531s
	iters: 3900, epoch: 7 | loss: 0.2667373
	speed: 0.0030s/iter; left time: 164.7449s
	iters: 4000, epoch: 7 | loss: 0.4716586
	speed: 0.0029s/iter; left time: 160.1130s
	iters: 4100, epoch: 7 | loss: 0.2211312
	speed: 0.0036s/iter; left time: 196.8733s
	iters: 4200, epoch: 7 | loss: 0.3412963
	speed: 0.0038s/iter; left time: 211.4412s
Epoch: 7 cost time: 15.070115089416504
Epoch: 7, Steps: 4254 | Train Loss: 0.2960084 Vali Loss: 0.5144744 Test Loss: 0.3330759
EarlyStopping counter: 1 out of 5
Updating learning rate to 7.8125e-05
	iters: 100, epoch: 8 | loss: 0.2271351
	speed: 0.0288s/iter; left time: 1589.8155s
	iters: 200, epoch: 8 | loss: 0.2019798
	speed: 0.0038s/iter; left time: 209.5013s
	iters: 300, epoch: 8 | loss: 0.2137591
	speed: 0.0038s/iter; left time: 206.8112s
	iters: 400, epoch: 8 | loss: 0.1882239
	speed: 0.0037s/iter; left time: 203.6903s
	iters: 500, epoch: 8 | loss: 0.3149273
	speed: 0.0038s/iter; left time: 206.2445s
	iters: 600, epoch: 8 | loss: 0.3636810
	speed: 0.0031s/iter; left time: 166.8712s
	iters: 700, epoch: 8 | loss: 0.3666681
	speed: 0.0035s/iter; left time: 190.0177s
	iters: 800, epoch: 8 | loss: 0.3035703
	speed: 0.0036s/iter; left time: 198.0586s
	iters: 900, epoch: 8 | loss: 0.3338219
	speed: 0.0038s/iter; left time: 204.5556s
	iters: 1000, epoch: 8 | loss: 0.2807733
	speed: 0.0037s/iter; left time: 200.3777s
	iters: 1100, epoch: 8 | loss: 0.2831591
	speed: 0.0037s/iter; left time: 199.6122s
	iters: 1200, epoch: 8 | loss: 0.5534264
	speed: 0.0035s/iter; left time: 191.1302s
	iters: 1300, epoch: 8 | loss: 0.3376350
	speed: 0.0037s/iter; left time: 198.9046s
	iters: 1400, epoch: 8 | loss: 0.2949631
	speed: 0.0036s/iter; left time: 195.6682s
	iters: 1500, epoch: 8 | loss: 0.3355283
	speed: 0.0036s/iter; left time: 192.0766s
	iters: 1600, epoch: 8 | loss: 0.2396561
	speed: 0.0038s/iter; left time: 205.8139s
	iters: 1700, epoch: 8 | loss: 0.1928572
	speed: 0.0039s/iter; left time: 210.6604s
	iters: 1800, epoch: 8 | loss: 0.2490298
	speed: 0.0037s/iter; left time: 196.8914s
	iters: 1900, epoch: 8 | loss: 0.2855209
	speed: 0.0035s/iter; left time: 188.1036s
	iters: 2000, epoch: 8 | loss: 0.2717336
	speed: 0.0036s/iter; left time: 189.7837s
	iters: 2100, epoch: 8 | loss: 0.2268243
	speed: 0.0037s/iter; left time: 198.4475s
	iters: 2200, epoch: 8 | loss: 0.2357985
	speed: 0.0034s/iter; left time: 182.8320s
	iters: 2300, epoch: 8 | loss: 0.2426614
	speed: 0.0033s/iter; left time: 175.9920s
	iters: 2400, epoch: 8 | loss: 0.2496723
	speed: 0.0033s/iter; left time: 172.4639s
	iters: 2500, epoch: 8 | loss: 0.3516692
	speed: 0.0035s/iter; left time: 185.3383s
	iters: 2600, epoch: 8 | loss: 0.3074964
	speed: 0.0038s/iter; left time: 200.2712s
	iters: 2700, epoch: 8 | loss: 0.2204886
	speed: 0.0034s/iter; left time: 177.2965s
	iters: 2800, epoch: 8 | loss: 0.3535292
	speed: 0.0038s/iter; left time: 201.6116s
	iters: 2900, epoch: 8 | loss: 0.3249471
	speed: 0.0036s/iter; left time: 190.7461s
	iters: 3000, epoch: 8 | loss: 0.3708153
	speed: 0.0038s/iter; left time: 196.7984s
	iters: 3100, epoch: 8 | loss: 0.2253309
	speed: 0.0036s/iter; left time: 186.9047s
	iters: 3200, epoch: 8 | loss: 0.2685232
	speed: 0.0038s/iter; left time: 195.9070s
	iters: 3300, epoch: 8 | loss: 0.4742985
	speed: 0.0035s/iter; left time: 182.1110s
	iters: 3400, epoch: 8 | loss: 0.2355172
	speed: 0.0037s/iter; left time: 191.0273s
	iters: 3500, epoch: 8 | loss: 0.4376812
	speed: 0.0036s/iter; left time: 187.0299s
	iters: 3600, epoch: 8 | loss: 0.5919437
	speed: 0.0035s/iter; left time: 182.1623s
	iters: 3700, epoch: 8 | loss: 0.2540805
	speed: 0.0030s/iter; left time: 155.3255s
	iters: 3800, epoch: 8 | loss: 0.2853172
	speed: 0.0030s/iter; left time: 154.5085s
	iters: 3900, epoch: 8 | loss: 0.2798560
	speed: 0.0032s/iter; left time: 166.7106s
	iters: 4000, epoch: 8 | loss: 0.2120686
	speed: 0.0034s/iter; left time: 175.4564s
	iters: 4100, epoch: 8 | loss: 0.2983781
	speed: 0.0034s/iter; left time: 174.0915s
	iters: 4200, epoch: 8 | loss: 0.2379896
	speed: 0.0031s/iter; left time: 158.5111s
Epoch: 8 cost time: 15.155258655548096
Epoch: 8, Steps: 4254 | Train Loss: 0.2933712 Vali Loss: 0.4924865 Test Loss: 0.3315493
Validation loss decreased (0.501007 --> 0.492486).  Saving model ...
Updating learning rate to 3.90625e-05
	iters: 100, epoch: 9 | loss: 0.3007675
	speed: 0.0298s/iter; left time: 1517.7346s
	iters: 200, epoch: 9 | loss: 0.2561079
	speed: 0.0036s/iter; left time: 184.0731s
	iters: 300, epoch: 9 | loss: 0.3866446
	speed: 0.0033s/iter; left time: 167.9786s
	iters: 400, epoch: 9 | loss: 0.1777731
	speed: 0.0033s/iter; left time: 168.2618s
	iters: 500, epoch: 9 | loss: 0.3561814
	speed: 0.0033s/iter; left time: 164.8149s
	iters: 600, epoch: 9 | loss: 0.2945784
	speed: 0.0035s/iter; left time: 177.0760s
	iters: 700, epoch: 9 | loss: 0.4182359
	speed: 0.0035s/iter; left time: 178.3970s
	iters: 800, epoch: 9 | loss: 0.2780136
	speed: 0.0032s/iter; left time: 159.2904s
	iters: 900, epoch: 9 | loss: 0.2725202
	speed: 0.0034s/iter; left time: 171.5317s
	iters: 1000, epoch: 9 | loss: 0.1422351
	speed: 0.0034s/iter; left time: 168.7645s
	iters: 1100, epoch: 9 | loss: 0.2851806
	speed: 0.0034s/iter; left time: 170.8269s
	iters: 1200, epoch: 9 | loss: 0.4041750
	speed: 0.0033s/iter; left time: 165.4987s
	iters: 1300, epoch: 9 | loss: 0.3728953
	speed: 0.0035s/iter; left time: 175.2602s
	iters: 1400, epoch: 9 | loss: 0.2770104
	speed: 0.0034s/iter; left time: 170.3236s
	iters: 1500, epoch: 9 | loss: 0.3062843
	speed: 0.0036s/iter; left time: 177.0549s
	iters: 1600, epoch: 9 | loss: 0.1899848
	speed: 0.0035s/iter; left time: 175.0497s
	iters: 1700, epoch: 9 | loss: 0.1952562
	speed: 0.0039s/iter; left time: 193.3650s
	iters: 1800, epoch: 9 | loss: 0.3186408
	speed: 0.0037s/iter; left time: 184.2945s
	iters: 1900, epoch: 9 | loss: 0.2803827
	speed: 0.0031s/iter; left time: 150.3966s
	iters: 2000, epoch: 9 | loss: 0.3348479
	speed: 0.0035s/iter; left time: 169.7100s
	iters: 2100, epoch: 9 | loss: 0.2700661
	speed: 0.0036s/iter; left time: 174.3660s
	iters: 2200, epoch: 9 | loss: 0.2844778
	speed: 0.0038s/iter; left time: 184.6483s
	iters: 2300, epoch: 9 | loss: 0.2222046
	speed: 0.0035s/iter; left time: 171.5960s
	iters: 2400, epoch: 9 | loss: 0.2843200
	speed: 0.0033s/iter; left time: 160.1509s
	iters: 2500, epoch: 9 | loss: 0.3070003
	speed: 0.0037s/iter; left time: 181.1135s
	iters: 2600, epoch: 9 | loss: 0.2255411
	speed: 0.0038s/iter; left time: 184.1061s
	iters: 2700, epoch: 9 | loss: 0.2622150
	speed: 0.0035s/iter; left time: 171.2639s
	iters: 2800, epoch: 9 | loss: 0.2568811
	speed: 0.0038s/iter; left time: 185.2069s
	iters: 2900, epoch: 9 | loss: 0.2682163
	speed: 0.0034s/iter; left time: 164.2834s
	iters: 3000, epoch: 9 | loss: 0.2540802
	speed: 0.0033s/iter; left time: 159.5215s
	iters: 3100, epoch: 9 | loss: 0.3059788
	speed: 0.0036s/iter; left time: 173.5762s
	iters: 3200, epoch: 9 | loss: 0.2442742
	speed: 0.0033s/iter; left time: 156.1504s
	iters: 3300, epoch: 9 | loss: 0.3127412
	speed: 0.0035s/iter; left time: 165.7117s
	iters: 3400, epoch: 9 | loss: 0.2614672
	speed: 0.0033s/iter; left time: 158.6711s
	iters: 3500, epoch: 9 | loss: 0.2669517
	speed: 0.0038s/iter; left time: 178.8949s
	iters: 3600, epoch: 9 | loss: 0.2694971
	speed: 0.0040s/iter; left time: 188.3027s
	iters: 3700, epoch: 9 | loss: 0.3801253
	speed: 0.0035s/iter; left time: 163.8282s
	iters: 3800, epoch: 9 | loss: 0.2105145
	speed: 0.0031s/iter; left time: 145.1604s
	iters: 3900, epoch: 9 | loss: 0.3955892
	speed: 0.0032s/iter; left time: 148.9916s
	iters: 4000, epoch: 9 | loss: 0.4511383
	speed: 0.0035s/iter; left time: 166.1065s
	iters: 4100, epoch: 9 | loss: 0.1886989
	speed: 0.0037s/iter; left time: 172.4174s
	iters: 4200, epoch: 9 | loss: 0.4544103
	speed: 0.0032s/iter; left time: 148.0424s
Epoch: 9 cost time: 14.798418283462524
Epoch: 9, Steps: 4254 | Train Loss: 0.2919436 Vali Loss: 0.4910302 Test Loss: 0.3323523
Validation loss decreased (0.492486 --> 0.491030).  Saving model ...
Updating learning rate to 1.953125e-05
	iters: 100, epoch: 10 | loss: 0.3830154
	speed: 0.0296s/iter; left time: 1380.0985s
	iters: 200, epoch: 10 | loss: 0.2545075
	speed: 0.0035s/iter; left time: 161.6846s
	iters: 300, epoch: 10 | loss: 0.3112853
	speed: 0.0036s/iter; left time: 167.4960s
	iters: 400, epoch: 10 | loss: 0.3101726
	speed: 0.0039s/iter; left time: 181.4037s
	iters: 500, epoch: 10 | loss: 0.3687584
	speed: 0.0039s/iter; left time: 181.4777s
	iters: 600, epoch: 10 | loss: 0.3113709
	speed: 0.0037s/iter; left time: 171.5077s
	iters: 700, epoch: 10 | loss: 0.3052590
	speed: 0.0032s/iter; left time: 148.8131s
	iters: 800, epoch: 10 | loss: 0.2468187
	speed: 0.0035s/iter; left time: 159.6968s
	iters: 900, epoch: 10 | loss: 0.3188981
	speed: 0.0030s/iter; left time: 139.5209s
	iters: 1000, epoch: 10 | loss: 0.2153035
	speed: 0.0033s/iter; left time: 148.9242s
	iters: 1100, epoch: 10 | loss: 0.4305412
	speed: 0.0026s/iter; left time: 121.0914s
	iters: 1200, epoch: 10 | loss: 0.2651560
	speed: 0.0033s/iter; left time: 148.7837s
	iters: 1300, epoch: 10 | loss: 0.2144960
	speed: 0.0029s/iter; left time: 131.9364s
	iters: 1400, epoch: 10 | loss: 0.2815160
	speed: 0.0033s/iter; left time: 150.2571s
	iters: 1500, epoch: 10 | loss: 0.1941358
	speed: 0.0034s/iter; left time: 151.8562s
	iters: 1600, epoch: 10 | loss: 0.2910976
	speed: 0.0033s/iter; left time: 150.0482s
	iters: 1700, epoch: 10 | loss: 0.1815447
	speed: 0.0036s/iter; left time: 162.4090s
	iters: 1800, epoch: 10 | loss: 0.3425265
	speed: 0.0035s/iter; left time: 157.1247s
	iters: 1900, epoch: 10 | loss: 0.3152730
	speed: 0.0039s/iter; left time: 176.9096s
	iters: 2000, epoch: 10 | loss: 0.2914014
	speed: 0.0041s/iter; left time: 181.5782s
	iters: 2100, epoch: 10 | loss: 0.3853731
	speed: 0.0033s/iter; left time: 149.7266s
	iters: 2200, epoch: 10 | loss: 0.3136361
	speed: 0.0031s/iter; left time: 138.6450s
	iters: 2300, epoch: 10 | loss: 0.2578013
	speed: 0.0038s/iter; left time: 169.6245s
	iters: 2400, epoch: 10 | loss: 0.2578096
	speed: 0.0038s/iter; left time: 166.4816s
	iters: 2500, epoch: 10 | loss: 0.3200782
	speed: 0.0037s/iter; left time: 163.4479s
	iters: 2600, epoch: 10 | loss: 0.2877057
	speed: 0.0036s/iter; left time: 160.1926s
	iters: 2700, epoch: 10 | loss: 0.2986161
	speed: 0.0038s/iter; left time: 166.6798s
	iters: 2800, epoch: 10 | loss: 0.2966369
	speed: 0.0036s/iter; left time: 157.0634s
	iters: 2900, epoch: 10 | loss: 0.3169802
	speed: 0.0037s/iter; left time: 163.4555s
	iters: 3000, epoch: 10 | loss: 0.3772708
	speed: 0.0038s/iter; left time: 166.4463s
	iters: 3100, epoch: 10 | loss: 0.2201867
	speed: 0.0036s/iter; left time: 156.5291s
	iters: 3200, epoch: 10 | loss: 0.2417761
	speed: 0.0037s/iter; left time: 162.6091s
	iters: 3300, epoch: 10 | loss: 0.2536054
	speed: 0.0036s/iter; left time: 157.0174s
	iters: 3400, epoch: 10 | loss: 0.1993581
	speed: 0.0037s/iter; left time: 161.9245s
	iters: 3500, epoch: 10 | loss: 0.3356450
	speed: 0.0040s/iter; left time: 174.4787s
	iters: 3600, epoch: 10 | loss: 0.2971865
	speed: 0.0040s/iter; left time: 173.6679s
	iters: 3700, epoch: 10 | loss: 0.2858607
	speed: 0.0037s/iter; left time: 158.3317s
	iters: 3800, epoch: 10 | loss: 0.2429208
	speed: 0.0038s/iter; left time: 161.2318s
	iters: 3900, epoch: 10 | loss: 0.2732660
	speed: 0.0038s/iter; left time: 162.6569s
	iters: 4000, epoch: 10 | loss: 0.3533752
	speed: 0.0035s/iter; left time: 148.4988s
	iters: 4100, epoch: 10 | loss: 0.1897453
	speed: 0.0031s/iter; left time: 132.8043s
	iters: 4200, epoch: 10 | loss: 0.2979166
	speed: 0.0037s/iter; left time: 156.4060s
Epoch: 10 cost time: 15.1053946018219
Epoch: 10, Steps: 4254 | Train Loss: 0.2912157 Vali Loss: 0.4926595 Test Loss: 0.3314995
EarlyStopping counter: 1 out of 5
Updating learning rate to 9.765625e-06
	iters: 100, epoch: 11 | loss: 0.2787021
	speed: 0.0285s/iter; left time: 1211.1433s
	iters: 200, epoch: 11 | loss: 0.2255207
	speed: 0.0030s/iter; left time: 127.1047s
	iters: 300, epoch: 11 | loss: 0.2433072
	speed: 0.0037s/iter; left time: 155.4649s
	iters: 400, epoch: 11 | loss: 0.1912063
	speed: 0.0039s/iter; left time: 164.3753s
	iters: 500, epoch: 11 | loss: 0.4257180
	speed: 0.0036s/iter; left time: 150.2166s
	iters: 600, epoch: 11 | loss: 0.2588722
	speed: 0.0032s/iter; left time: 133.3720s
	iters: 700, epoch: 11 | loss: 0.2668685
	speed: 0.0037s/iter; left time: 152.8296s
	iters: 800, epoch: 11 | loss: 0.3635076
	speed: 0.0039s/iter; left time: 161.5376s
	iters: 900, epoch: 11 | loss: 0.2870416
	speed: 0.0035s/iter; left time: 147.4093s
	iters: 1000, epoch: 11 | loss: 0.2946622
	speed: 0.0033s/iter; left time: 138.8395s
	iters: 1100, epoch: 11 | loss: 0.3346897
	speed: 0.0032s/iter; left time: 133.0496s
	iters: 1200, epoch: 11 | loss: 0.2507522
	speed: 0.0034s/iter; left time: 142.2133s
	iters: 1300, epoch: 11 | loss: 0.2792113
	speed: 0.0039s/iter; left time: 161.3842s
	iters: 1400, epoch: 11 | loss: 0.1719247
	speed: 0.0039s/iter; left time: 161.6849s
	iters: 1500, epoch: 11 | loss: 0.3018308
	speed: 0.0040s/iter; left time: 164.1887s
	iters: 1600, epoch: 11 | loss: 0.2807464
	speed: 0.0040s/iter; left time: 162.6703s
	iters: 1700, epoch: 11 | loss: 0.3008567
	speed: 0.0040s/iter; left time: 164.1809s
	iters: 1800, epoch: 11 | loss: 0.2154048
	speed: 0.0039s/iter; left time: 158.5597s
	iters: 1900, epoch: 11 | loss: 0.2410349
	speed: 0.0038s/iter; left time: 153.2168s
	iters: 2000, epoch: 11 | loss: 0.1779950
	speed: 0.0040s/iter; left time: 162.1637s
	iters: 2100, epoch: 11 | loss: 0.1852604
	speed: 0.0038s/iter; left time: 155.0531s
	iters: 2200, epoch: 11 | loss: 0.3921736
	speed: 0.0037s/iter; left time: 149.2858s
	iters: 2300, epoch: 11 | loss: 0.3489967
	speed: 0.0038s/iter; left time: 152.2458s
	iters: 2400, epoch: 11 | loss: 0.2380006
	speed: 0.0039s/iter; left time: 156.1488s
	iters: 2500, epoch: 11 | loss: 0.2809424
	speed: 0.0035s/iter; left time: 142.1450s
	iters: 2600, epoch: 11 | loss: 0.2566083
	speed: 0.0035s/iter; left time: 139.5029s
	iters: 2700, epoch: 11 | loss: 0.2345601
	speed: 0.0034s/iter; left time: 137.0527s
	iters: 2800, epoch: 11 | loss: 0.2473197
	speed: 0.0034s/iter; left time: 136.2872s
	iters: 2900, epoch: 11 | loss: 0.3182085
	speed: 0.0034s/iter; left time: 136.4778s
	iters: 3000, epoch: 11 | loss: 0.2126049
	speed: 0.0033s/iter; left time: 128.5087s
	iters: 3100, epoch: 11 | loss: 0.2426910
	speed: 0.0035s/iter; left time: 137.2541s
	iters: 3200, epoch: 11 | loss: 0.4692677
	speed: 0.0037s/iter; left time: 144.9276s
	iters: 3300, epoch: 11 | loss: 0.2896030
	speed: 0.0029s/iter; left time: 115.3679s
	iters: 3400, epoch: 11 | loss: 0.2290593
	speed: 0.0032s/iter; left time: 126.0508s
	iters: 3500, epoch: 11 | loss: 0.2512927
	speed: 0.0035s/iter; left time: 137.1351s
	iters: 3600, epoch: 11 | loss: 0.2921816
	speed: 0.0037s/iter; left time: 144.4719s
	iters: 3700, epoch: 11 | loss: 0.3325616
	speed: 0.0036s/iter; left time: 141.4047s
	iters: 3800, epoch: 11 | loss: 0.3670557
	speed: 0.0034s/iter; left time: 130.6477s
	iters: 3900, epoch: 11 | loss: 0.2417101
	speed: 0.0041s/iter; left time: 159.5869s
	iters: 4000, epoch: 11 | loss: 0.3503700
	speed: 0.0037s/iter; left time: 141.1738s
	iters: 4100, epoch: 11 | loss: 0.5433409
	speed: 0.0033s/iter; left time: 125.7301s
	iters: 4200, epoch: 11 | loss: 0.3559661
	speed: 0.0035s/iter; left time: 133.0670s
Epoch: 11 cost time: 15.275806665420532
Epoch: 11, Steps: 4254 | Train Loss: 0.2908581 Vali Loss: 0.4946513 Test Loss: 0.3298686
EarlyStopping counter: 2 out of 5
Updating learning rate to 4.8828125e-06
	iters: 100, epoch: 12 | loss: 0.2570729
	speed: 0.0273s/iter; left time: 1043.5917s
	iters: 200, epoch: 12 | loss: 0.2573175
	speed: 0.0040s/iter; left time: 153.1093s
	iters: 300, epoch: 12 | loss: 0.2905543
	speed: 0.0039s/iter; left time: 147.8917s
	iters: 400, epoch: 12 | loss: 0.3270292
	speed: 0.0037s/iter; left time: 139.8270s
	iters: 500, epoch: 12 | loss: 0.2114632
	speed: 0.0038s/iter; left time: 142.8350s
	iters: 600, epoch: 12 | loss: 0.3262066
	speed: 0.0038s/iter; left time: 142.1791s
	iters: 700, epoch: 12 | loss: 0.2336819
	speed: 0.0037s/iter; left time: 139.7725s
	iters: 800, epoch: 12 | loss: 0.2891702
	speed: 0.0037s/iter; left time: 138.0403s
	iters: 900, epoch: 12 | loss: 0.2980655
	speed: 0.0037s/iter; left time: 136.8364s
	iters: 1000, epoch: 12 | loss: 0.3464617
	speed: 0.0036s/iter; left time: 135.3519s
	iters: 1100, epoch: 12 | loss: 0.2464225
	speed: 0.0037s/iter; left time: 135.8674s
	iters: 1200, epoch: 12 | loss: 0.2131602
	speed: 0.0036s/iter; left time: 132.7711s
	iters: 1300, epoch: 12 | loss: 0.2087100
	speed: 0.0036s/iter; left time: 132.4134s
	iters: 1400, epoch: 12 | loss: 0.4308217
	speed: 0.0037s/iter; left time: 137.3151s
	iters: 1500, epoch: 12 | loss: 0.4171257
	speed: 0.0038s/iter; left time: 137.9737s
	iters: 1600, epoch: 12 | loss: 0.2739325
	speed: 0.0036s/iter; left time: 133.2655s
	iters: 1700, epoch: 12 | loss: 0.3351663
	speed: 0.0035s/iter; left time: 129.5175s
	iters: 1800, epoch: 12 | loss: 0.2583254
	speed: 0.0035s/iter; left time: 126.9751s
	iters: 1900, epoch: 12 | loss: 0.2111317
	speed: 0.0036s/iter; left time: 132.2509s
	iters: 2000, epoch: 12 | loss: 0.2595338
	speed: 0.0038s/iter; left time: 137.8907s
	iters: 2100, epoch: 12 | loss: 0.5666169
	speed: 0.0037s/iter; left time: 132.7553s
	iters: 2200, epoch: 12 | loss: 0.2710644
	speed: 0.0039s/iter; left time: 140.0805s
	iters: 2300, epoch: 12 | loss: 0.4783643
	speed: 0.0040s/iter; left time: 143.2289s
	iters: 2400, epoch: 12 | loss: 0.2477437
	speed: 0.0039s/iter; left time: 138.8825s
	iters: 2500, epoch: 12 | loss: 0.5450506
	speed: 0.0038s/iter; left time: 137.4974s
	iters: 2600, epoch: 12 | loss: 0.2845747
	speed: 0.0039s/iter; left time: 138.4863s
	iters: 2700, epoch: 12 | loss: 0.2595676
	speed: 0.0039s/iter; left time: 140.2939s
	iters: 2800, epoch: 12 | loss: 0.2937603
	speed: 0.0032s/iter; left time: 113.9132s
	iters: 2900, epoch: 12 | loss: 0.2020837
	speed: 0.0035s/iter; left time: 123.1472s
	iters: 3000, epoch: 12 | loss: 0.2619669
	speed: 0.0035s/iter; left time: 125.0457s
	iters: 3100, epoch: 12 | loss: 0.3797613
	speed: 0.0036s/iter; left time: 126.3202s
	iters: 3200, epoch: 12 | loss: 0.2285539
	speed: 0.0035s/iter; left time: 121.4011s
	iters: 3300, epoch: 12 | loss: 0.2161107
	speed: 0.0035s/iter; left time: 123.6142s
	iters: 3400, epoch: 12 | loss: 0.2286658
	speed: 0.0039s/iter; left time: 136.7778s
	iters: 3500, epoch: 12 | loss: 0.2806226
	speed: 0.0039s/iter; left time: 135.3365s
	iters: 3600, epoch: 12 | loss: 0.2899669
	speed: 0.0037s/iter; left time: 126.9544s
	iters: 3700, epoch: 12 | loss: 0.2912358
	speed: 0.0039s/iter; left time: 133.8700s
	iters: 3800, epoch: 12 | loss: 0.3146417
	speed: 0.0036s/iter; left time: 125.2553s
	iters: 3900, epoch: 12 | loss: 0.3772553
	speed: 0.0036s/iter; left time: 123.1060s
	iters: 4000, epoch: 12 | loss: 0.3858885
	speed: 0.0037s/iter; left time: 126.1758s
	iters: 4100, epoch: 12 | loss: 0.2501169
	speed: 0.0031s/iter; left time: 104.7302s
	iters: 4200, epoch: 12 | loss: 0.2661214
	speed: 0.0027s/iter; left time: 92.0344s
Epoch: 12 cost time: 15.574045419692993
Epoch: 12, Steps: 4254 | Train Loss: 0.2906481 Vali Loss: 0.4952391 Test Loss: 0.3295371
EarlyStopping counter: 3 out of 5
Updating learning rate to 2.44140625e-06
	iters: 100, epoch: 13 | loss: 0.2009337
	speed: 0.0292s/iter; left time: 991.7757s
	iters: 200, epoch: 13 | loss: 0.2609305
	speed: 0.0036s/iter; left time: 120.1074s
	iters: 300, epoch: 13 | loss: 0.2436979
	speed: 0.0035s/iter; left time: 116.4956s
	iters: 400, epoch: 13 | loss: 0.2089571
	speed: 0.0035s/iter; left time: 119.0803s
	iters: 500, epoch: 13 | loss: 0.2481839
	speed: 0.0036s/iter; left time: 121.7244s
	iters: 600, epoch: 13 | loss: 0.3597979
	speed: 0.0038s/iter; left time: 127.1129s
	iters: 700, epoch: 13 | loss: 0.3026188
	speed: 0.0038s/iter; left time: 127.2776s
	iters: 800, epoch: 13 | loss: 0.2100791
	speed: 0.0032s/iter; left time: 104.6844s
	iters: 900, epoch: 13 | loss: 0.2091215
	speed: 0.0034s/iter; left time: 111.0678s
	iters: 1000, epoch: 13 | loss: 0.3307574
	speed: 0.0036s/iter; left time: 119.2485s
	iters: 1100, epoch: 13 | loss: 0.2390250
	speed: 0.0037s/iter; left time: 122.5298s
	iters: 1200, epoch: 13 | loss: 0.3493783
	speed: 0.0035s/iter; left time: 114.6442s
	iters: 1300, epoch: 13 | loss: 0.2467321
	speed: 0.0039s/iter; left time: 127.6583s
	iters: 1400, epoch: 13 | loss: 0.2943624
	speed: 0.0039s/iter; left time: 127.2943s
	iters: 1500, epoch: 13 | loss: 0.2234330
	speed: 0.0036s/iter; left time: 115.4922s
	iters: 1600, epoch: 13 | loss: 0.3861293
	speed: 0.0037s/iter; left time: 118.3815s
	iters: 1700, epoch: 13 | loss: 0.2155761
	speed: 0.0035s/iter; left time: 113.5548s
	iters: 1800, epoch: 13 | loss: 0.2343810
	speed: 0.0037s/iter; left time: 119.2627s
	iters: 1900, epoch: 13 | loss: 0.3246768
	speed: 0.0036s/iter; left time: 115.3755s
	iters: 2000, epoch: 13 | loss: 0.2601741
	speed: 0.0036s/iter; left time: 116.6870s
	iters: 2100, epoch: 13 | loss: 0.2590260
	speed: 0.0038s/iter; left time: 121.0260s
	iters: 2200, epoch: 13 | loss: 0.3504259
	speed: 0.0036s/iter; left time: 114.6170s
	iters: 2300, epoch: 13 | loss: 0.2362317
	speed: 0.0031s/iter; left time: 99.7074s
	iters: 2400, epoch: 13 | loss: 0.4595800
	speed: 0.0029s/iter; left time: 91.1029s
	iters: 2500, epoch: 13 | loss: 0.1769944
	speed: 0.0029s/iter; left time: 92.0765s
	iters: 2600, epoch: 13 | loss: 0.2391963
	speed: 0.0033s/iter; left time: 104.4243s
	iters: 2700, epoch: 13 | loss: 0.2400580
	speed: 0.0037s/iter; left time: 117.4491s
	iters: 2800, epoch: 13 | loss: 0.3166350
	speed: 0.0038s/iter; left time: 119.2608s
	iters: 2900, epoch: 13 | loss: 0.3508327
	speed: 0.0033s/iter; left time: 102.1923s
	iters: 3000, epoch: 13 | loss: 0.2672470
	speed: 0.0032s/iter; left time: 100.5469s
	iters: 3100, epoch: 13 | loss: 0.2810880
	speed: 0.0034s/iter; left time: 105.8101s
	iters: 3200, epoch: 13 | loss: 0.2650891
	speed: 0.0034s/iter; left time: 105.2377s
	iters: 3300, epoch: 13 | loss: 0.2154954
	speed: 0.0029s/iter; left time: 90.0478s
	iters: 3400, epoch: 13 | loss: 0.2545843
	speed: 0.0032s/iter; left time: 97.7182s
	iters: 3500, epoch: 13 | loss: 0.2950237
	speed: 0.0036s/iter; left time: 109.0829s
	iters: 3600, epoch: 13 | loss: 0.2184003
	speed: 0.0029s/iter; left time: 89.1685s
	iters: 3700, epoch: 13 | loss: 0.2000400
	speed: 0.0035s/iter; left time: 107.0892s
	iters: 3800, epoch: 13 | loss: 0.2417502
	speed: 0.0033s/iter; left time: 100.7534s
	iters: 3900, epoch: 13 | loss: 0.2692710
	speed: 0.0034s/iter; left time: 101.8640s
	iters: 4000, epoch: 13 | loss: 0.2614349
	speed: 0.0034s/iter; left time: 102.7139s
	iters: 4100, epoch: 13 | loss: 0.2566483
	speed: 0.0034s/iter; left time: 101.5810s
	iters: 4200, epoch: 13 | loss: 0.1854399
	speed: 0.0034s/iter; left time: 101.4317s
Epoch: 13 cost time: 14.764309883117676
Epoch: 13, Steps: 4254 | Train Loss: 0.2905394 Vali Loss: 0.4940363 Test Loss: 0.3293519
EarlyStopping counter: 4 out of 5
Updating learning rate to 1.220703125e-06
	iters: 100, epoch: 14 | loss: 0.3004472
	speed: 0.0276s/iter; left time: 819.3429s
	iters: 200, epoch: 14 | loss: 0.2544395
	speed: 0.0033s/iter; left time: 96.4418s
	iters: 300, epoch: 14 | loss: 0.2710062
	speed: 0.0034s/iter; left time: 101.1773s
	iters: 400, epoch: 14 | loss: 0.2896594
	speed: 0.0034s/iter; left time: 100.1828s
	iters: 500, epoch: 14 | loss: 0.2565086
	speed: 0.0034s/iter; left time: 100.7197s
	iters: 600, epoch: 14 | loss: 0.2214310
	speed: 0.0034s/iter; left time: 99.8724s
	iters: 700, epoch: 14 | loss: 0.2138428
	speed: 0.0035s/iter; left time: 101.1951s
	iters: 800, epoch: 14 | loss: 0.2736062
	speed: 0.0035s/iter; left time: 100.8469s
	iters: 900, epoch: 14 | loss: 0.5056130
	speed: 0.0035s/iter; left time: 100.2374s
	iters: 1000, epoch: 14 | loss: 0.3192887
	speed: 0.0035s/iter; left time: 101.0148s
	iters: 1100, epoch: 14 | loss: 0.3917991
	speed: 0.0035s/iter; left time: 100.9496s
	iters: 1200, epoch: 14 | loss: 0.2804233
	speed: 0.0037s/iter; left time: 105.5319s
	iters: 1300, epoch: 14 | loss: 0.2808398
	speed: 0.0039s/iter; left time: 111.8791s
	iters: 1400, epoch: 14 | loss: 0.2514187
	speed: 0.0039s/iter; left time: 111.2466s
	iters: 1500, epoch: 14 | loss: 0.2737289
	speed: 0.0038s/iter; left time: 108.3975s
	iters: 1600, epoch: 14 | loss: 0.2984771
	speed: 0.0039s/iter; left time: 109.6165s
	iters: 1700, epoch: 14 | loss: 0.3240814
	speed: 0.0039s/iter; left time: 109.9145s
	iters: 1800, epoch: 14 | loss: 0.2786753
	speed: 0.0039s/iter; left time: 108.8379s
	iters: 1900, epoch: 14 | loss: 0.3161436
	speed: 0.0039s/iter; left time: 109.0076s
	iters: 2000, epoch: 14 | loss: 0.3977129
	speed: 0.0039s/iter; left time: 107.0265s
	iters: 2100, epoch: 14 | loss: 0.3295574
	speed: 0.0039s/iter; left time: 106.8407s
	iters: 2200, epoch: 14 | loss: 0.2328528
	speed: 0.0038s/iter; left time: 105.9311s
	iters: 2300, epoch: 14 | loss: 0.2231049
	speed: 0.0037s/iter; left time: 102.7724s
	iters: 2400, epoch: 14 | loss: 0.1898389
	speed: 0.0036s/iter; left time: 99.1272s
	iters: 2500, epoch: 14 | loss: 0.2945053
	speed: 0.0036s/iter; left time: 98.2864s
	iters: 2600, epoch: 14 | loss: 0.2555855
	speed: 0.0034s/iter; left time: 92.9523s
	iters: 2700, epoch: 14 | loss: 0.2119740
	speed: 0.0034s/iter; left time: 90.9852s
	iters: 2800, epoch: 14 | loss: 0.2257357
	speed: 0.0036s/iter; left time: 96.3342s
	iters: 2900, epoch: 14 | loss: 0.1905760
	speed: 0.0038s/iter; left time: 101.3338s
	iters: 3000, epoch: 14 | loss: 0.2807687
	speed: 0.0038s/iter; left time: 100.4220s
	iters: 3100, epoch: 14 | loss: 0.4322055
	speed: 0.0035s/iter; left time: 92.3906s
	iters: 3200, epoch: 14 | loss: 0.4562974
	speed: 0.0032s/iter; left time: 85.8646s
	iters: 3300, epoch: 14 | loss: 0.2621155
	speed: 0.0033s/iter; left time: 86.0570s
	iters: 3400, epoch: 14 | loss: 0.2884872
	speed: 0.0033s/iter; left time: 86.3153s
	iters: 3500, epoch: 14 | loss: 0.2555496
	speed: 0.0033s/iter; left time: 85.4070s
	iters: 3600, epoch: 14 | loss: 0.3607455
	speed: 0.0033s/iter; left time: 85.0958s
	iters: 3700, epoch: 14 | loss: 0.2122914
	speed: 0.0031s/iter; left time: 81.4589s
	iters: 3800, epoch: 14 | loss: 0.3250934
	speed: 0.0032s/iter; left time: 84.1717s
	iters: 3900, epoch: 14 | loss: 0.2525013
	speed: 0.0032s/iter; left time: 83.8481s
	iters: 4000, epoch: 14 | loss: 0.2680374
	speed: 0.0032s/iter; left time: 82.5914s
	iters: 4100, epoch: 14 | loss: 0.2211247
	speed: 0.0032s/iter; left time: 81.4025s
	iters: 4200, epoch: 14 | loss: 0.2946041
	speed: 0.0031s/iter; left time: 80.3180s
Epoch: 14 cost time: 14.963694095611572
Epoch: 14, Steps: 4254 | Train Loss: 0.2904892 Vali Loss: 0.4940569 Test Loss: 0.3292580
EarlyStopping counter: 5 out of 5
Early stopping
>>>>>>>testing : ETTm1_336_192_NLinear_ETTm1_ftM_sl336_ll48_pl192_dm512_nh8_el2_dl1_df2048_fc1_ebtimeF_dtTrue_Exp_0_seed3144<<<<<<<<<<<<<<<<<<<<<<<<<<<<<<<<<
test 11329
mse:0.33248370885849, mae:0.36135727167129517
