Args in experiment:
Namespace(activation='gelu', batch_size=8, c_out=7, checkpoints='./checkpoints/', d_ff=2048, d_layers=1, d_model=512, data='ETTm1', data_path='ETTm1.csv', dec_in=7, des='Exp', devices='0,1,2,3', distil=True, do_predict=False, dropout=0.05, e_layers=2, embed='timeF', embed_type=0, enc_in=7, factor=1, features='M', freq='h', gpu=0, individual=True, is_training=1, itr=1, label_len=48, learning_rate=0.005, loss='mse', lradj='type1', model='NLinear', model_id='ETTm1_336_96', moving_avg=25, n_heads=8, num_workers=0, output_attention=False, patience=5, pred_len=96, root_path='./dataset/', save_pred_values=False, seed=32598, seq_len=336, target='OT', test_flop=False, train_epochs=20, train_only=False, use_amp=False, use_gpu=False, use_multi_gpu=False)
Use CPU
>>>>>>>start training : ETTm1_336_96_NLinear_ETTm1_ftM_sl336_ll48_pl96_dm512_nh8_el2_dl1_df2048_fc1_ebtimeF_dtTrue_Exp_0_seed32598>>>>>>>>>>>>>>>>>>>>>>>>>>
train 34129
val 11425
test 11425
	iters: 100, epoch: 1 | loss: 0.4367140
	speed: 0.0029s/iter; left time: 244.6257s
	iters: 200, epoch: 1 | loss: 0.3823395
	speed: 0.0029s/iter; left time: 246.2564s
	iters: 300, epoch: 1 | loss: 0.2727067
	speed: 0.0028s/iter; left time: 234.6594s
	iters: 400, epoch: 1 | loss: 0.2948515
	speed: 0.0027s/iter; left time: 231.8339s
	iters: 500, epoch: 1 | loss: 0.5630226
	speed: 0.0028s/iter; left time: 233.2973s
	iters: 600, epoch: 1 | loss: 0.3504792
	speed: 0.0028s/iter; left time: 235.7404s
	iters: 700, epoch: 1 | loss: 0.3766249
	speed: 0.0026s/iter; left time: 221.7089s
	iters: 800, epoch: 1 | loss: 0.2702686
	speed: 0.0026s/iter; left time: 220.6001s
	iters: 900, epoch: 1 | loss: 0.3161069
	speed: 0.0026s/iter; left time: 219.4948s
	iters: 1000, epoch: 1 | loss: 0.3148299
	speed: 0.0026s/iter; left time: 216.0735s
	iters: 1100, epoch: 1 | loss: 0.3859820
	speed: 0.0025s/iter; left time: 208.9184s
	iters: 1200, epoch: 1 | loss: 0.6705561
	speed: 0.0025s/iter; left time: 210.3031s
	iters: 1300, epoch: 1 | loss: 0.3135623
	speed: 0.0025s/iter; left time: 214.2534s
	iters: 1400, epoch: 1 | loss: 0.3919402
	speed: 0.0028s/iter; left time: 231.7754s
	iters: 1500, epoch: 1 | loss: 0.4744340
	speed: 0.0025s/iter; left time: 211.2278s
	iters: 1600, epoch: 1 | loss: 0.3676667
	speed: 0.0032s/iter; left time: 271.2979s
	iters: 1700, epoch: 1 | loss: 0.3351281
	speed: 0.0033s/iter; left time: 273.6910s
	iters: 1800, epoch: 1 | loss: 0.5669624
	speed: 0.0029s/iter; left time: 243.0476s
	iters: 1900, epoch: 1 | loss: 0.5243698
	speed: 0.0029s/iter; left time: 242.7389s
	iters: 2000, epoch: 1 | loss: 0.3120372
	speed: 0.0030s/iter; left time: 247.4643s
	iters: 2100, epoch: 1 | loss: 0.2727658
	speed: 0.0033s/iter; left time: 271.4864s
	iters: 2200, epoch: 1 | loss: 0.6055666
	speed: 0.0033s/iter; left time: 275.9623s
	iters: 2300, epoch: 1 | loss: 0.5400903
	speed: 0.0027s/iter; left time: 222.4972s
	iters: 2400, epoch: 1 | loss: 0.5879427
	speed: 0.0027s/iter; left time: 219.8853s
	iters: 2500, epoch: 1 | loss: 0.4210200
	speed: 0.0026s/iter; left time: 214.5536s
	iters: 2600, epoch: 1 | loss: 0.2910879
	speed: 0.0027s/iter; left time: 224.1744s
	iters: 2700, epoch: 1 | loss: 0.6705498
	speed: 0.0026s/iter; left time: 213.1623s
	iters: 2800, epoch: 1 | loss: 0.2942191
	speed: 0.0028s/iter; left time: 232.8497s
	iters: 2900, epoch: 1 | loss: 0.2551119
	speed: 0.0021s/iter; left time: 175.5560s
	iters: 3000, epoch: 1 | loss: 0.3385284
	speed: 0.0021s/iter; left time: 173.7240s
	iters: 3100, epoch: 1 | loss: 0.3019731
	speed: 0.0021s/iter; left time: 174.3327s
	iters: 3200, epoch: 1 | loss: 0.5109215
	speed: 0.0021s/iter; left time: 175.1018s
	iters: 3300, epoch: 1 | loss: 0.4877594
	speed: 0.0026s/iter; left time: 215.7162s
	iters: 3400, epoch: 1 | loss: 0.4334383
	speed: 0.0026s/iter; left time: 216.2714s
	iters: 3500, epoch: 1 | loss: 0.5106562
	speed: 0.0026s/iter; left time: 209.4614s
	iters: 3600, epoch: 1 | loss: 0.3727914
	speed: 0.0027s/iter; left time: 220.9446s
	iters: 3700, epoch: 1 | loss: 0.3844202
	speed: 0.0026s/iter; left time: 214.6625s
	iters: 3800, epoch: 1 | loss: 0.4568497
	speed: 0.0025s/iter; left time: 203.9284s
	iters: 3900, epoch: 1 | loss: 0.5126413
	speed: 0.0025s/iter; left time: 200.2953s
	iters: 4000, epoch: 1 | loss: 0.3235617
	speed: 0.0023s/iter; left time: 188.8100s
	iters: 4100, epoch: 1 | loss: 0.3974066
	speed: 0.0028s/iter; left time: 225.0172s
	iters: 4200, epoch: 1 | loss: 0.5901849
	speed: 0.0029s/iter; left time: 232.8176s
Epoch: 1 cost time: 11.444134950637817
Epoch: 1, Steps: 4266 | Train Loss: 0.4386305 Vali Loss: 0.6518987 Test Loss: 0.5446692
Validation loss decreased (inf --> 0.651899).  Saving model ...
Updating learning rate to 0.005
	iters: 100, epoch: 2 | loss: 0.4814150
	speed: 0.0227s/iter; left time: 1837.3589s
	iters: 200, epoch: 2 | loss: 0.5188817
	speed: 0.0024s/iter; left time: 196.6406s
	iters: 300, epoch: 2 | loss: 0.5543354
	speed: 0.0027s/iter; left time: 220.4608s
	iters: 400, epoch: 2 | loss: 0.4696224
	speed: 0.0024s/iter; left time: 193.5724s
	iters: 500, epoch: 2 | loss: 0.2572856
	speed: 0.0022s/iter; left time: 180.4420s
	iters: 600, epoch: 2 | loss: 0.6497768
	speed: 0.0026s/iter; left time: 206.9007s
	iters: 700, epoch: 2 | loss: 0.5447106
	speed: 0.0031s/iter; left time: 251.5613s
	iters: 800, epoch: 2 | loss: 0.2927216
	speed: 0.0030s/iter; left time: 242.3701s
	iters: 900, epoch: 2 | loss: 0.2726999
	speed: 0.0023s/iter; left time: 186.8850s
	iters: 1000, epoch: 2 | loss: 0.2851591
	speed: 0.0026s/iter; left time: 208.1428s
	iters: 1100, epoch: 2 | loss: 0.3735850
	speed: 0.0032s/iter; left time: 257.4551s
	iters: 1200, epoch: 2 | loss: 0.4006250
	speed: 0.0032s/iter; left time: 258.7769s
	iters: 1300, epoch: 2 | loss: 0.6440138
	speed: 0.0029s/iter; left time: 228.3168s
	iters: 1400, epoch: 2 | loss: 0.2447919
	speed: 0.0025s/iter; left time: 197.5441s
	iters: 1500, epoch: 2 | loss: 0.4666587
	speed: 0.0024s/iter; left time: 190.1363s
	iters: 1600, epoch: 2 | loss: 0.3423221
	speed: 0.0025s/iter; left time: 200.4125s
	iters: 1700, epoch: 2 | loss: 1.0430605
	speed: 0.0028s/iter; left time: 221.4491s
	iters: 1800, epoch: 2 | loss: 0.4775927
	speed: 0.0025s/iter; left time: 202.1000s
	iters: 1900, epoch: 2 | loss: 0.3591304
	speed: 0.0025s/iter; left time: 197.0956s
	iters: 2000, epoch: 2 | loss: 0.4350152
	speed: 0.0024s/iter; left time: 193.0423s
	iters: 2100, epoch: 2 | loss: 0.4162097
	speed: 0.0024s/iter; left time: 187.9130s
	iters: 2200, epoch: 2 | loss: 0.5683602
	speed: 0.0030s/iter; left time: 237.3536s
	iters: 2300, epoch: 2 | loss: 0.2866716
	speed: 0.0029s/iter; left time: 226.8579s
	iters: 2400, epoch: 2 | loss: 0.4745829
	speed: 0.0026s/iter; left time: 201.5785s
	iters: 2500, epoch: 2 | loss: 0.5627452
	speed: 0.0024s/iter; left time: 187.7461s
	iters: 2600, epoch: 2 | loss: 0.4053064
	speed: 0.0026s/iter; left time: 204.0715s
	iters: 2700, epoch: 2 | loss: 0.5433610
	speed: 0.0032s/iter; left time: 247.6014s
	iters: 2800, epoch: 2 | loss: 0.4182670
	speed: 0.0029s/iter; left time: 224.7961s
	iters: 2900, epoch: 2 | loss: 0.4411361
	speed: 0.0023s/iter; left time: 178.9735s
	iters: 3000, epoch: 2 | loss: 0.5426002
	speed: 0.0027s/iter; left time: 212.3100s
	iters: 3100, epoch: 2 | loss: 0.3541131
	speed: 0.0030s/iter; left time: 234.7879s
	iters: 3200, epoch: 2 | loss: 0.3836824
	speed: 0.0028s/iter; left time: 216.3689s
	iters: 3300, epoch: 2 | loss: 0.3446254
	speed: 0.0028s/iter; left time: 217.7145s
	iters: 3400, epoch: 2 | loss: 0.5244363
	speed: 0.0025s/iter; left time: 194.9138s
	iters: 3500, epoch: 2 | loss: 0.4357618
	speed: 0.0024s/iter; left time: 188.5829s
	iters: 3600, epoch: 2 | loss: 0.4279527
	speed: 0.0025s/iter; left time: 195.1874s
	iters: 3700, epoch: 2 | loss: 0.2667168
	speed: 0.0030s/iter; left time: 233.6120s
	iters: 3800, epoch: 2 | loss: 0.3229779
	speed: 0.0030s/iter; left time: 234.1285s
	iters: 3900, epoch: 2 | loss: 0.3206550
	speed: 0.0030s/iter; left time: 230.0721s
	iters: 4000, epoch: 2 | loss: 0.4098866
	speed: 0.0032s/iter; left time: 245.0344s
	iters: 4100, epoch: 2 | loss: 0.4556671
	speed: 0.0031s/iter; left time: 241.6395s
	iters: 4200, epoch: 2 | loss: 0.4179372
	speed: 0.0030s/iter; left time: 233.8407s
Epoch: 2 cost time: 11.630875825881958
Epoch: 2, Steps: 4266 | Train Loss: 0.4352585 Vali Loss: 0.6377441 Test Loss: 0.4324395
Validation loss decreased (0.651899 --> 0.637744).  Saving model ...
Updating learning rate to 0.0025
	iters: 100, epoch: 3 | loss: 0.3292333
	speed: 0.0241s/iter; left time: 1848.5452s
	iters: 200, epoch: 3 | loss: 0.3769201
	speed: 0.0021s/iter; left time: 157.0510s
	iters: 300, epoch: 3 | loss: 0.3249393
	speed: 0.0021s/iter; left time: 164.4511s
	iters: 400, epoch: 3 | loss: 0.2889771
	speed: 0.0024s/iter; left time: 186.5565s
	iters: 500, epoch: 3 | loss: 0.2977954
	speed: 0.0024s/iter; left time: 180.0421s
	iters: 600, epoch: 3 | loss: 0.4625141
	speed: 0.0022s/iter; left time: 167.6160s
	iters: 700, epoch: 3 | loss: 0.3849884
	speed: 0.0024s/iter; left time: 184.1356s
	iters: 800, epoch: 3 | loss: 0.3877791
	speed: 0.0033s/iter; left time: 250.2596s
	iters: 900, epoch: 3 | loss: 0.2054175
	speed: 0.0030s/iter; left time: 224.6316s
	iters: 1000, epoch: 3 | loss: 0.2800253
	speed: 0.0029s/iter; left time: 221.3043s
	iters: 1100, epoch: 3 | loss: 0.3219520
	speed: 0.0032s/iter; left time: 243.8951s
	iters: 1200, epoch: 3 | loss: 0.3414862
	speed: 0.0031s/iter; left time: 236.0013s
	iters: 1300, epoch: 3 | loss: 0.2762055
	speed: 0.0029s/iter; left time: 218.9557s
	iters: 1400, epoch: 3 | loss: 0.4055118
	speed: 0.0029s/iter; left time: 217.9930s
	iters: 1500, epoch: 3 | loss: 0.1712423
	speed: 0.0027s/iter; left time: 205.5383s
	iters: 1600, epoch: 3 | loss: 0.3353009
	speed: 0.0025s/iter; left time: 187.2199s
	iters: 1700, epoch: 3 | loss: 0.4005507
	speed: 0.0025s/iter; left time: 190.7266s
	iters: 1800, epoch: 3 | loss: 0.2522150
	speed: 0.0026s/iter; left time: 197.4553s
	iters: 1900, epoch: 3 | loss: 0.2293520
	speed: 0.0028s/iter; left time: 206.6937s
	iters: 2000, epoch: 3 | loss: 0.2554638
	speed: 0.0032s/iter; left time: 237.0825s
	iters: 2100, epoch: 3 | loss: 0.5162718
	speed: 0.0033s/iter; left time: 243.6663s
	iters: 2200, epoch: 3 | loss: 0.2934039
	speed: 0.0031s/iter; left time: 232.0142s
	iters: 2300, epoch: 3 | loss: 0.2847461
	speed: 0.0029s/iter; left time: 216.7636s
	iters: 2400, epoch: 3 | loss: 0.4356287
	speed: 0.0029s/iter; left time: 214.2400s
	iters: 2500, epoch: 3 | loss: 0.3794115
	speed: 0.0029s/iter; left time: 214.8272s
	iters: 2600, epoch: 3 | loss: 0.4962595
	speed: 0.0032s/iter; left time: 236.6645s
	iters: 2700, epoch: 3 | loss: 0.3468713
	speed: 0.0034s/iter; left time: 248.9844s
	iters: 2800, epoch: 3 | loss: 0.3567981
	speed: 0.0033s/iter; left time: 245.1587s
	iters: 2900, epoch: 3 | loss: 0.2330394
	speed: 0.0033s/iter; left time: 241.6177s
	iters: 3000, epoch: 3 | loss: 0.4579158
	speed: 0.0030s/iter; left time: 219.2229s
	iters: 3100, epoch: 3 | loss: 0.3825231
	speed: 0.0022s/iter; left time: 158.6217s
	iters: 3200, epoch: 3 | loss: 0.5350758
	speed: 0.0022s/iter; left time: 164.8399s
	iters: 3300, epoch: 3 | loss: 0.2433316
	speed: 0.0028s/iter; left time: 205.0338s
	iters: 3400, epoch: 3 | loss: 0.2329855
	speed: 0.0031s/iter; left time: 226.7724s
	iters: 3500, epoch: 3 | loss: 0.4038335
	speed: 0.0030s/iter; left time: 220.0061s
	iters: 3600, epoch: 3 | loss: 0.3241894
	speed: 0.0031s/iter; left time: 225.4674s
	iters: 3700, epoch: 3 | loss: 0.2460910
	speed: 0.0029s/iter; left time: 214.1511s
	iters: 3800, epoch: 3 | loss: 0.3042344
	speed: 0.0026s/iter; left time: 189.1350s
	iters: 3900, epoch: 3 | loss: 0.2333266
	speed: 0.0028s/iter; left time: 203.4643s
	iters: 4000, epoch: 3 | loss: 0.2789813
	speed: 0.0026s/iter; left time: 191.4353s
	iters: 4100, epoch: 3 | loss: 0.4145589
	speed: 0.0027s/iter; left time: 194.8482s
	iters: 4200, epoch: 3 | loss: 0.1942457
	speed: 0.0028s/iter; left time: 206.3697s
Epoch: 3 cost time: 11.923702239990234
Epoch: 3, Steps: 4266 | Train Loss: 0.3234074 Vali Loss: 0.4958342 Test Loss: 0.3603495
Validation loss decreased (0.637744 --> 0.495834).  Saving model ...
Updating learning rate to 0.00125
	iters: 100, epoch: 4 | loss: 0.2525533
	speed: 0.0223s/iter; left time: 1613.2365s
	iters: 200, epoch: 4 | loss: 0.3008017
	speed: 0.0023s/iter; left time: 164.9381s
	iters: 300, epoch: 4 | loss: 0.2217728
	speed: 0.0026s/iter; left time: 188.5016s
	iters: 400, epoch: 4 | loss: 0.3931722
	speed: 0.0026s/iter; left time: 190.6081s
	iters: 500, epoch: 4 | loss: 0.3086460
	speed: 0.0026s/iter; left time: 189.4202s
	iters: 600, epoch: 4 | loss: 0.2505241
	speed: 0.0026s/iter; left time: 189.1577s
	iters: 700, epoch: 4 | loss: 0.2821425
	speed: 0.0031s/iter; left time: 225.5675s
	iters: 800, epoch: 4 | loss: 0.4218527
	speed: 0.0028s/iter; left time: 202.3819s
	iters: 900, epoch: 4 | loss: 0.2507450
	speed: 0.0028s/iter; left time: 203.4089s
	iters: 1000, epoch: 4 | loss: 0.2618205
	speed: 0.0031s/iter; left time: 219.5766s
	iters: 1100, epoch: 4 | loss: 0.2108465
	speed: 0.0030s/iter; left time: 212.9511s
	iters: 1200, epoch: 4 | loss: 0.4048495
	speed: 0.0027s/iter; left time: 191.9028s
	iters: 1300, epoch: 4 | loss: 0.2607343
	speed: 0.0026s/iter; left time: 186.6043s
	iters: 1400, epoch: 4 | loss: 0.2113882
	speed: 0.0032s/iter; left time: 231.1496s
	iters: 1500, epoch: 4 | loss: 0.2234734
	speed: 0.0030s/iter; left time: 211.7710s
	iters: 1600, epoch: 4 | loss: 0.3464546
	speed: 0.0033s/iter; left time: 233.3789s
	iters: 1700, epoch: 4 | loss: 0.2677674
	speed: 0.0029s/iter; left time: 205.3870s
	iters: 1800, epoch: 4 | loss: 0.3129811
	speed: 0.0032s/iter; left time: 229.3524s
	iters: 1900, epoch: 4 | loss: 0.2928220
	speed: 0.0029s/iter; left time: 204.8068s
	iters: 2000, epoch: 4 | loss: 0.2393230
	speed: 0.0030s/iter; left time: 214.3899s
	iters: 2100, epoch: 4 | loss: 0.2222458
	speed: 0.0029s/iter; left time: 207.2146s
	iters: 2200, epoch: 4 | loss: 0.3836406
	speed: 0.0028s/iter; left time: 197.6074s
	iters: 2300, epoch: 4 | loss: 0.2839107
	speed: 0.0029s/iter; left time: 200.8371s
	iters: 2400, epoch: 4 | loss: 0.3654136
	speed: 0.0029s/iter; left time: 201.2530s
	iters: 2500, epoch: 4 | loss: 0.2347130
	speed: 0.0029s/iter; left time: 205.6500s
	iters: 2600, epoch: 4 | loss: 0.2296793
	speed: 0.0030s/iter; left time: 206.6433s
	iters: 2700, epoch: 4 | loss: 0.2448187
	speed: 0.0031s/iter; left time: 217.1491s
	iters: 2800, epoch: 4 | loss: 0.2613781
	speed: 0.0031s/iter; left time: 217.0491s
	iters: 2900, epoch: 4 | loss: 0.1728767
	speed: 0.0023s/iter; left time: 160.1336s
	iters: 3000, epoch: 4 | loss: 0.3825274
	speed: 0.0025s/iter; left time: 171.0586s
	iters: 3100, epoch: 4 | loss: 0.2820969
	speed: 0.0025s/iter; left time: 177.0284s
	iters: 3200, epoch: 4 | loss: 0.3238312
	speed: 0.0027s/iter; left time: 186.6958s
	iters: 3300, epoch: 4 | loss: 0.2318753
	speed: 0.0026s/iter; left time: 182.0552s
	iters: 3400, epoch: 4 | loss: 0.2735018
	speed: 0.0031s/iter; left time: 212.3023s
	iters: 3500, epoch: 4 | loss: 0.2528155
	speed: 0.0031s/iter; left time: 214.7737s
	iters: 3600, epoch: 4 | loss: 0.4509387
	speed: 0.0028s/iter; left time: 191.6063s
	iters: 3700, epoch: 4 | loss: 0.3509433
	speed: 0.0022s/iter; left time: 152.0983s
	iters: 3800, epoch: 4 | loss: 0.3034790
	speed: 0.0023s/iter; left time: 158.0632s
	iters: 3900, epoch: 4 | loss: 0.4629928
	speed: 0.0022s/iter; left time: 150.9701s
	iters: 4000, epoch: 4 | loss: 0.2834605
	speed: 0.0025s/iter; left time: 168.6888s
	iters: 4100, epoch: 4 | loss: 0.2296935
	speed: 0.0028s/iter; left time: 189.5738s
	iters: 4200, epoch: 4 | loss: 0.3015733
	speed: 0.0025s/iter; left time: 173.5404s
Epoch: 4 cost time: 11.839977025985718
Epoch: 4, Steps: 4266 | Train Loss: 0.2862356 Vali Loss: 0.4067289 Test Loss: 0.3332618
Validation loss decreased (0.495834 --> 0.406729).  Saving model ...
Updating learning rate to 0.000625
	iters: 100, epoch: 5 | loss: 0.4074828
	speed: 0.0214s/iter; left time: 1458.9417s
	iters: 200, epoch: 5 | loss: 0.2751055
	speed: 0.0032s/iter; left time: 217.9006s
	iters: 300, epoch: 5 | loss: 0.2566024
	speed: 0.0029s/iter; left time: 199.7925s
	iters: 400, epoch: 5 | loss: 0.1591414
	speed: 0.0026s/iter; left time: 175.6725s
	iters: 500, epoch: 5 | loss: 0.2217406
	speed: 0.0026s/iter; left time: 176.9205s
	iters: 600, epoch: 5 | loss: 0.3208835
	speed: 0.0028s/iter; left time: 190.7926s
	iters: 700, epoch: 5 | loss: 0.2723610
	speed: 0.0030s/iter; left time: 202.6898s
	iters: 800, epoch: 5 | loss: 0.2377070
	speed: 0.0026s/iter; left time: 175.3882s
	iters: 900, epoch: 5 | loss: 0.1874009
	speed: 0.0026s/iter; left time: 174.5619s
	iters: 1000, epoch: 5 | loss: 0.3066153
	speed: 0.0028s/iter; left time: 188.9921s
	iters: 1100, epoch: 5 | loss: 0.1606574
	speed: 0.0029s/iter; left time: 191.3975s
	iters: 1200, epoch: 5 | loss: 0.3021225
	speed: 0.0027s/iter; left time: 180.3998s
	iters: 1300, epoch: 5 | loss: 0.2595541
	speed: 0.0031s/iter; left time: 205.6488s
	iters: 1400, epoch: 5 | loss: 0.2603247
	speed: 0.0030s/iter; left time: 201.2393s
	iters: 1500, epoch: 5 | loss: 0.2170023
	speed: 0.0025s/iter; left time: 163.5547s
	iters: 1600, epoch: 5 | loss: 0.2681934
	speed: 0.0029s/iter; left time: 192.1470s
	iters: 1700, epoch: 5 | loss: 0.2435068
	speed: 0.0031s/iter; left time: 204.3614s
	iters: 1800, epoch: 5 | loss: 0.2615170
	speed: 0.0029s/iter; left time: 194.6685s
	iters: 1900, epoch: 5 | loss: 0.2769126
	speed: 0.0029s/iter; left time: 190.4449s
	iters: 2000, epoch: 5 | loss: 0.2437413
	speed: 0.0025s/iter; left time: 165.1119s
	iters: 2100, epoch: 5 | loss: 0.2098146
	speed: 0.0025s/iter; left time: 165.4070s
	iters: 2200, epoch: 5 | loss: 0.3199994
	speed: 0.0025s/iter; left time: 163.8462s
	iters: 2300, epoch: 5 | loss: 0.2024827
	speed: 0.0029s/iter; left time: 190.7887s
	iters: 2400, epoch: 5 | loss: 0.2621312
	speed: 0.0029s/iter; left time: 189.0086s
	iters: 2500, epoch: 5 | loss: 0.2352015
	speed: 0.0029s/iter; left time: 188.0658s
	iters: 2600, epoch: 5 | loss: 0.1909762
	speed: 0.0028s/iter; left time: 184.5357s
	iters: 2700, epoch: 5 | loss: 0.1675031
	speed: 0.0028s/iter; left time: 182.3906s
	iters: 2800, epoch: 5 | loss: 0.3653450
	speed: 0.0029s/iter; left time: 186.5530s
	iters: 2900, epoch: 5 | loss: 0.2662953
	speed: 0.0029s/iter; left time: 189.5356s
	iters: 3000, epoch: 5 | loss: 0.2319294
	speed: 0.0029s/iter; left time: 188.1296s
	iters: 3100, epoch: 5 | loss: 0.3245450
	speed: 0.0029s/iter; left time: 187.0389s
	iters: 3200, epoch: 5 | loss: 0.2395197
	speed: 0.0029s/iter; left time: 189.9663s
	iters: 3300, epoch: 5 | loss: 0.3798366
	speed: 0.0029s/iter; left time: 186.4272s
	iters: 3400, epoch: 5 | loss: 0.2457000
	speed: 0.0030s/iter; left time: 192.0881s
	iters: 3500, epoch: 5 | loss: 0.3125959
	speed: 0.0030s/iter; left time: 193.6233s
	iters: 3600, epoch: 5 | loss: 0.2846738
	speed: 0.0030s/iter; left time: 190.7717s
	iters: 3700, epoch: 5 | loss: 0.2627029
	speed: 0.0030s/iter; left time: 190.5549s
	iters: 3800, epoch: 5 | loss: 0.2318501
	speed: 0.0029s/iter; left time: 189.5031s
	iters: 3900, epoch: 5 | loss: 0.2365496
	speed: 0.0030s/iter; left time: 193.0722s
	iters: 4000, epoch: 5 | loss: 0.2617364
	speed: 0.0025s/iter; left time: 158.0579s
	iters: 4100, epoch: 5 | loss: 0.2169032
	speed: 0.0028s/iter; left time: 182.3765s
	iters: 4200, epoch: 5 | loss: 0.2074176
	speed: 0.0029s/iter; left time: 188.3280s
Epoch: 5 cost time: 12.07753586769104
Epoch: 5, Steps: 4266 | Train Loss: 0.2669695 Vali Loss: 0.4310322 Test Loss: 0.3229906
EarlyStopping counter: 1 out of 5
Updating learning rate to 0.0003125
	iters: 100, epoch: 6 | loss: 0.2834109
	speed: 0.0252s/iter; left time: 1609.2065s
	iters: 200, epoch: 6 | loss: 0.3162526
	speed: 0.0028s/iter; left time: 177.3391s
	iters: 300, epoch: 6 | loss: 0.3167090
	speed: 0.0029s/iter; left time: 186.6139s
	iters: 400, epoch: 6 | loss: 0.2496690
	speed: 0.0029s/iter; left time: 185.6850s
	iters: 500, epoch: 6 | loss: 0.2765632
	speed: 0.0029s/iter; left time: 186.7805s
	iters: 600, epoch: 6 | loss: 0.3337549
	speed: 0.0030s/iter; left time: 189.5387s
	iters: 700, epoch: 6 | loss: 0.2624744
	speed: 0.0030s/iter; left time: 187.4228s
	iters: 800, epoch: 6 | loss: 0.2722641
	speed: 0.0029s/iter; left time: 184.0567s
	iters: 900, epoch: 6 | loss: 0.1884506
	speed: 0.0029s/iter; left time: 181.7020s
	iters: 1000, epoch: 6 | loss: 0.2139015
	speed: 0.0029s/iter; left time: 179.5540s
	iters: 1100, epoch: 6 | loss: 0.1836338
	speed: 0.0028s/iter; left time: 178.6105s
	iters: 1200, epoch: 6 | loss: 0.2088541
	speed: 0.0029s/iter; left time: 183.5032s
	iters: 1300, epoch: 6 | loss: 0.2312133
	speed: 0.0026s/iter; left time: 164.2497s
	iters: 1400, epoch: 6 | loss: 0.3548353
	speed: 0.0025s/iter; left time: 157.7294s
	iters: 1500, epoch: 6 | loss: 0.2734963
	speed: 0.0026s/iter; left time: 163.7548s
	iters: 1600, epoch: 6 | loss: 0.2510512
	speed: 0.0023s/iter; left time: 146.1092s
	iters: 1700, epoch: 6 | loss: 0.2871330
	speed: 0.0029s/iter; left time: 179.3987s
	iters: 1800, epoch: 6 | loss: 0.2646317
	speed: 0.0029s/iter; left time: 180.3534s
	iters: 1900, epoch: 6 | loss: 0.2915772
	speed: 0.0027s/iter; left time: 169.6993s
	iters: 2000, epoch: 6 | loss: 0.1593193
	speed: 0.0026s/iter; left time: 159.9658s
	iters: 2100, epoch: 6 | loss: 0.1830623
	speed: 0.0029s/iter; left time: 178.8655s
	iters: 2200, epoch: 6 | loss: 0.3344116
	speed: 0.0028s/iter; left time: 175.4861s
	iters: 2300, epoch: 6 | loss: 0.2079663
	speed: 0.0029s/iter; left time: 175.9794s
	iters: 2400, epoch: 6 | loss: 0.3321337
	speed: 0.0028s/iter; left time: 175.5341s
	iters: 2500, epoch: 6 | loss: 0.2255982
	speed: 0.0029s/iter; left time: 180.1941s
	iters: 2600, epoch: 6 | loss: 0.2574990
	speed: 0.0029s/iter; left time: 176.2761s
	iters: 2700, epoch: 6 | loss: 0.2545737
	speed: 0.0029s/iter; left time: 174.6797s
	iters: 2800, epoch: 6 | loss: 0.2265882
	speed: 0.0028s/iter; left time: 174.3943s
	iters: 2900, epoch: 6 | loss: 0.2476772
	speed: 0.0029s/iter; left time: 175.3670s
	iters: 3000, epoch: 6 | loss: 0.1902087
	speed: 0.0029s/iter; left time: 175.7671s
	iters: 3100, epoch: 6 | loss: 0.3350479
	speed: 0.0031s/iter; left time: 189.9799s
	iters: 3200, epoch: 6 | loss: 0.1774242
	speed: 0.0029s/iter; left time: 178.7253s
	iters: 3300, epoch: 6 | loss: 0.2832509
	speed: 0.0028s/iter; left time: 171.9101s
	iters: 3400, epoch: 6 | loss: 0.3302462
	speed: 0.0027s/iter; left time: 165.4498s
	iters: 3500, epoch: 6 | loss: 0.2063102
	speed: 0.0027s/iter; left time: 165.1403s
	iters: 3600, epoch: 6 | loss: 0.2050775
	speed: 0.0032s/iter; left time: 195.0632s
	iters: 3700, epoch: 6 | loss: 0.2801673
	speed: 0.0031s/iter; left time: 188.2554s
	iters: 3800, epoch: 6 | loss: 0.3866382
	speed: 0.0033s/iter; left time: 196.2564s
	iters: 3900, epoch: 6 | loss: 0.3099014
	speed: 0.0032s/iter; left time: 189.8877s
	iters: 4000, epoch: 6 | loss: 0.2475844
	speed: 0.0030s/iter; left time: 181.2750s
	iters: 4100, epoch: 6 | loss: 0.1399064
	speed: 0.0029s/iter; left time: 172.4859s
	iters: 4200, epoch: 6 | loss: 0.3247577
	speed: 0.0031s/iter; left time: 187.2626s
Epoch: 6 cost time: 12.27755093574524
Epoch: 6, Steps: 4266 | Train Loss: 0.2574322 Vali Loss: 0.3925622 Test Loss: 0.2983555
Validation loss decreased (0.406729 --> 0.392562).  Saving model ...
Updating learning rate to 0.00015625
	iters: 100, epoch: 7 | loss: 0.1978837
	speed: 0.0262s/iter; left time: 1561.9900s
	iters: 200, epoch: 7 | loss: 0.1808242
	speed: 0.0028s/iter; left time: 168.4840s
	iters: 300, epoch: 7 | loss: 0.3850641
	speed: 0.0025s/iter; left time: 147.3744s
	iters: 400, epoch: 7 | loss: 0.1716167
	speed: 0.0027s/iter; left time: 162.0746s
	iters: 500, epoch: 7 | loss: 0.2647237
	speed: 0.0029s/iter; left time: 173.5295s
	iters: 600, epoch: 7 | loss: 0.2429030
	speed: 0.0029s/iter; left time: 173.2358s
	iters: 700, epoch: 7 | loss: 0.2831145
	speed: 0.0030s/iter; left time: 176.6286s
	iters: 800, epoch: 7 | loss: 0.1636253
	speed: 0.0032s/iter; left time: 189.7388s
	iters: 900, epoch: 7 | loss: 0.2919728
	speed: 0.0034s/iter; left time: 198.2384s
	iters: 1000, epoch: 7 | loss: 0.2413681
	speed: 0.0033s/iter; left time: 195.0933s
	iters: 1100, epoch: 7 | loss: 0.2897362
	speed: 0.0031s/iter; left time: 183.5253s
	iters: 1200, epoch: 7 | loss: 0.3655431
	speed: 0.0025s/iter; left time: 148.6539s
	iters: 1300, epoch: 7 | loss: 0.2115633
	speed: 0.0024s/iter; left time: 143.1403s
	iters: 1400, epoch: 7 | loss: 0.2645568
	speed: 0.0025s/iter; left time: 144.2181s
	iters: 1500, epoch: 7 | loss: 0.2751492
	speed: 0.0024s/iter; left time: 138.0125s
	iters: 1600, epoch: 7 | loss: 0.2055987
	speed: 0.0023s/iter; left time: 133.1053s
	iters: 1700, epoch: 7 | loss: 0.2926553
	speed: 0.0024s/iter; left time: 139.8763s
	iters: 1800, epoch: 7 | loss: 0.1921620
	speed: 0.0027s/iter; left time: 157.0674s
	iters: 1900, epoch: 7 | loss: 0.3842974
	speed: 0.0025s/iter; left time: 142.8279s
	iters: 2000, epoch: 7 | loss: 0.2801848
	speed: 0.0031s/iter; left time: 176.6388s
	iters: 2100, epoch: 7 | loss: 0.2399099
	speed: 0.0033s/iter; left time: 188.5389s
	iters: 2200, epoch: 7 | loss: 0.2577792
	speed: 0.0030s/iter; left time: 174.9091s
	iters: 2300, epoch: 7 | loss: 0.2104962
	speed: 0.0025s/iter; left time: 146.4335s
	iters: 2400, epoch: 7 | loss: 0.2807671
	speed: 0.0025s/iter; left time: 143.3128s
	iters: 2500, epoch: 7 | loss: 0.2029750
	speed: 0.0026s/iter; left time: 150.0858s
	iters: 2600, epoch: 7 | loss: 0.2725020
	speed: 0.0028s/iter; left time: 159.9500s
	iters: 2700, epoch: 7 | loss: 0.2836622
	speed: 0.0030s/iter; left time: 171.1090s
	iters: 2800, epoch: 7 | loss: 0.2864180
	speed: 0.0030s/iter; left time: 171.4348s
	iters: 2900, epoch: 7 | loss: 0.2153477
	speed: 0.0026s/iter; left time: 149.5651s
	iters: 3000, epoch: 7 | loss: 0.2960322
	speed: 0.0032s/iter; left time: 182.0870s
	iters: 3100, epoch: 7 | loss: 0.2158039
	speed: 0.0032s/iter; left time: 181.2375s
	iters: 3200, epoch: 7 | loss: 0.2693874
	speed: 0.0028s/iter; left time: 160.1275s
	iters: 3300, epoch: 7 | loss: 0.1972662
	speed: 0.0028s/iter; left time: 157.9901s
	iters: 3400, epoch: 7 | loss: 0.2267932
	speed: 0.0028s/iter; left time: 155.4563s
	iters: 3500, epoch: 7 | loss: 0.1629120
	speed: 0.0025s/iter; left time: 142.2493s
	iters: 3600, epoch: 7 | loss: 0.2101253
	speed: 0.0027s/iter; left time: 148.8764s
	iters: 3700, epoch: 7 | loss: 0.1582097
	speed: 0.0029s/iter; left time: 159.6716s
	iters: 3800, epoch: 7 | loss: 0.1493087
	speed: 0.0026s/iter; left time: 142.6091s
	iters: 3900, epoch: 7 | loss: 0.2944147
	speed: 0.0028s/iter; left time: 154.1675s
	iters: 4000, epoch: 7 | loss: 0.4466611
	speed: 0.0027s/iter; left time: 149.9011s
	iters: 4100, epoch: 7 | loss: 0.2079900
	speed: 0.0021s/iter; left time: 118.4810s
	iters: 4200, epoch: 7 | loss: 0.3559781
	speed: 0.0025s/iter; left time: 139.3983s
Epoch: 7 cost time: 11.887203216552734
Epoch: 7, Steps: 4266 | Train Loss: 0.2529205 Vali Loss: 0.3718689 Test Loss: 0.2966883
Validation loss decreased (0.392562 --> 0.371869).  Saving model ...
Updating learning rate to 7.8125e-05
	iters: 100, epoch: 8 | loss: 0.1867885
	speed: 0.0228s/iter; left time: 1263.0114s
	iters: 200, epoch: 8 | loss: 0.2218733
	speed: 0.0024s/iter; left time: 132.1021s
	iters: 300, epoch: 8 | loss: 0.2364357
	speed: 0.0027s/iter; left time: 146.7230s
	iters: 400, epoch: 8 | loss: 0.2199153
	speed: 0.0026s/iter; left time: 144.2545s
	iters: 500, epoch: 8 | loss: 0.3689583
	speed: 0.0024s/iter; left time: 134.2646s
	iters: 600, epoch: 8 | loss: 0.1697633
	speed: 0.0025s/iter; left time: 135.5017s
	iters: 700, epoch: 8 | loss: 0.2781458
	speed: 0.0025s/iter; left time: 136.8976s
	iters: 800, epoch: 8 | loss: 0.3406155
	speed: 0.0025s/iter; left time: 137.2269s
	iters: 900, epoch: 8 | loss: 0.2315059
	speed: 0.0025s/iter; left time: 134.8602s
	iters: 1000, epoch: 8 | loss: 0.2285912
	speed: 0.0025s/iter; left time: 134.5137s
	iters: 1100, epoch: 8 | loss: 0.3118645
	speed: 0.0029s/iter; left time: 157.6413s
	iters: 1200, epoch: 8 | loss: 0.2059678
	speed: 0.0030s/iter; left time: 162.7767s
	iters: 1300, epoch: 8 | loss: 0.2006122
	speed: 0.0029s/iter; left time: 159.3471s
	iters: 1400, epoch: 8 | loss: 0.4638446
	speed: 0.0029s/iter; left time: 157.8528s
	iters: 1500, epoch: 8 | loss: 0.2026778
	speed: 0.0030s/iter; left time: 159.2612s
	iters: 1600, epoch: 8 | loss: 0.2050849
	speed: 0.0029s/iter; left time: 155.7971s
	iters: 1700, epoch: 8 | loss: 0.2689916
	speed: 0.0027s/iter; left time: 145.1494s
	iters: 1800, epoch: 8 | loss: 0.2461559
	speed: 0.0028s/iter; left time: 151.3498s
	iters: 1900, epoch: 8 | loss: 0.2100605
	speed: 0.0029s/iter; left time: 153.7147s
	iters: 2000, epoch: 8 | loss: 0.2692986
	speed: 0.0029s/iter; left time: 157.3159s
	iters: 2100, epoch: 8 | loss: 0.2155915
	speed: 0.0029s/iter; left time: 153.1400s
	iters: 2200, epoch: 8 | loss: 0.1733658
	speed: 0.0028s/iter; left time: 147.5595s
	iters: 2300, epoch: 8 | loss: 0.2669864
	speed: 0.0025s/iter; left time: 130.8667s
	iters: 2400, epoch: 8 | loss: 0.3552434
	speed: 0.0025s/iter; left time: 132.1176s
	iters: 2500, epoch: 8 | loss: 0.1987851
	speed: 0.0029s/iter; left time: 151.9922s
	iters: 2600, epoch: 8 | loss: 0.1792635
	speed: 0.0029s/iter; left time: 153.8190s
	iters: 2700, epoch: 8 | loss: 0.2584913
	speed: 0.0031s/iter; left time: 164.8001s
	iters: 2800, epoch: 8 | loss: 0.2450864
	speed: 0.0033s/iter; left time: 173.2479s
	iters: 2900, epoch: 8 | loss: 0.2940444
	speed: 0.0032s/iter; left time: 170.2912s
	iters: 3000, epoch: 8 | loss: 0.4847293
	speed: 0.0031s/iter; left time: 162.2298s
	iters: 3100, epoch: 8 | loss: 0.2094332
	speed: 0.0026s/iter; left time: 137.1805s
	iters: 3200, epoch: 8 | loss: 0.2515342
	speed: 0.0026s/iter; left time: 136.4283s
	iters: 3300, epoch: 8 | loss: 0.2618842
	speed: 0.0027s/iter; left time: 140.3550s
	iters: 3400, epoch: 8 | loss: 0.3296054
	speed: 0.0026s/iter; left time: 135.9689s
	iters: 3500, epoch: 8 | loss: 0.3577112
	speed: 0.0022s/iter; left time: 113.7898s
	iters: 3600, epoch: 8 | loss: 0.2008701
	speed: 0.0021s/iter; left time: 110.4590s
	iters: 3700, epoch: 8 | loss: 0.3512681
	speed: 0.0024s/iter; left time: 125.8070s
	iters: 3800, epoch: 8 | loss: 0.4095436
	speed: 0.0032s/iter; left time: 166.4366s
	iters: 3900, epoch: 8 | loss: 0.1874459
	speed: 0.0030s/iter; left time: 153.6462s
	iters: 4000, epoch: 8 | loss: 0.2320263
	speed: 0.0032s/iter; left time: 166.7269s
	iters: 4100, epoch: 8 | loss: 0.2659634
	speed: 0.0033s/iter; left time: 169.1242s
	iters: 4200, epoch: 8 | loss: 0.3396080
	speed: 0.0032s/iter; left time: 166.1115s
Epoch: 8 cost time: 11.877538442611694
Epoch: 8, Steps: 4266 | Train Loss: 0.2504529 Vali Loss: 0.3757668 Test Loss: 0.2901181
EarlyStopping counter: 1 out of 5
Updating learning rate to 3.90625e-05
	iters: 100, epoch: 9 | loss: 0.2762539
	speed: 0.0257s/iter; left time: 1312.4066s
	iters: 200, epoch: 9 | loss: 0.2647037
	speed: 0.0030s/iter; left time: 154.5091s
	iters: 300, epoch: 9 | loss: 0.2436585
	speed: 0.0028s/iter; left time: 143.0090s
	iters: 400, epoch: 9 | loss: 0.2648500
	speed: 0.0028s/iter; left time: 142.2201s
	iters: 500, epoch: 9 | loss: 0.1376397
	speed: 0.0029s/iter; left time: 145.0684s
	iters: 600, epoch: 9 | loss: 0.3598943
	speed: 0.0031s/iter; left time: 156.8695s
	iters: 700, epoch: 9 | loss: 0.1980956
	speed: 0.0029s/iter; left time: 148.4494s
	iters: 800, epoch: 9 | loss: 0.2128659
	speed: 0.0025s/iter; left time: 127.0793s
	iters: 900, epoch: 9 | loss: 0.1519803
	speed: 0.0025s/iter; left time: 126.7384s
	iters: 1000, epoch: 9 | loss: 0.1561394
	speed: 0.0025s/iter; left time: 127.9914s
	iters: 1100, epoch: 9 | loss: 0.2188456
	speed: 0.0022s/iter; left time: 108.7246s
	iters: 1200, epoch: 9 | loss: 0.2045992
	speed: 0.0026s/iter; left time: 131.5800s
	iters: 1300, epoch: 9 | loss: 0.3040442
	speed: 0.0025s/iter; left time: 124.2344s
	iters: 1400, epoch: 9 | loss: 0.1516593
	speed: 0.0024s/iter; left time: 117.0136s
	iters: 1500, epoch: 9 | loss: 0.2562591
	speed: 0.0024s/iter; left time: 118.2685s
	iters: 1600, epoch: 9 | loss: 0.3263937
	speed: 0.0024s/iter; left time: 120.5117s
	iters: 1700, epoch: 9 | loss: 0.3417989
	speed: 0.0023s/iter; left time: 114.9177s
	iters: 1800, epoch: 9 | loss: 0.2268745
	speed: 0.0030s/iter; left time: 150.1549s
	iters: 1900, epoch: 9 | loss: 0.1737572
	speed: 0.0029s/iter; left time: 144.4284s
	iters: 2000, epoch: 9 | loss: 0.3273452
	speed: 0.0030s/iter; left time: 147.6580s
	iters: 2100, epoch: 9 | loss: 0.2186272
	speed: 0.0031s/iter; left time: 150.7289s
	iters: 2200, epoch: 9 | loss: 0.3636819
	speed: 0.0032s/iter; left time: 154.3296s
	iters: 2300, epoch: 9 | loss: 0.2035861
	speed: 0.0030s/iter; left time: 148.7890s
	iters: 2400, epoch: 9 | loss: 0.2226344
	speed: 0.0028s/iter; left time: 134.6674s
	iters: 2500, epoch: 9 | loss: 0.2668152
	speed: 0.0030s/iter; left time: 147.5106s
	iters: 2600, epoch: 9 | loss: 0.2728688
	speed: 0.0029s/iter; left time: 141.4204s
	iters: 2700, epoch: 9 | loss: 0.2657887
	speed: 0.0025s/iter; left time: 121.3018s
	iters: 2800, epoch: 9 | loss: 0.2135936
	speed: 0.0028s/iter; left time: 135.5003s
	iters: 2900, epoch: 9 | loss: 0.2589463
	speed: 0.0032s/iter; left time: 152.6058s
	iters: 3000, epoch: 9 | loss: 0.2354352
	speed: 0.0029s/iter; left time: 139.3567s
	iters: 3100, epoch: 9 | loss: 0.2000584
	speed: 0.0024s/iter; left time: 117.3620s
	iters: 3200, epoch: 9 | loss: 0.2741516
	speed: 0.0030s/iter; left time: 144.0091s
	iters: 3300, epoch: 9 | loss: 0.2221689
	speed: 0.0031s/iter; left time: 146.5539s
	iters: 3400, epoch: 9 | loss: 0.2171233
	speed: 0.0026s/iter; left time: 123.9260s
	iters: 3500, epoch: 9 | loss: 0.2451988
	speed: 0.0025s/iter; left time: 121.1400s
	iters: 3600, epoch: 9 | loss: 0.2135809
	speed: 0.0028s/iter; left time: 131.2694s
	iters: 3700, epoch: 9 | loss: 0.2850449
	speed: 0.0032s/iter; left time: 150.1195s
	iters: 3800, epoch: 9 | loss: 0.1998920
	speed: 0.0029s/iter; left time: 137.5431s
	iters: 3900, epoch: 9 | loss: 0.2592216
	speed: 0.0027s/iter; left time: 129.1099s
	iters: 4000, epoch: 9 | loss: 0.2361934
	speed: 0.0029s/iter; left time: 136.8865s
	iters: 4100, epoch: 9 | loss: 0.2356912
	speed: 0.0030s/iter; left time: 142.2898s
	iters: 4200, epoch: 9 | loss: 0.2290315
	speed: 0.0033s/iter; left time: 155.0770s
Epoch: 9 cost time: 11.94261360168457
Epoch: 9, Steps: 4266 | Train Loss: 0.2491874 Vali Loss: 0.3793032 Test Loss: 0.2876687
EarlyStopping counter: 2 out of 5
Updating learning rate to 1.953125e-05
	iters: 100, epoch: 10 | loss: 0.1635278
	speed: 0.0266s/iter; left time: 1245.5433s
	iters: 200, epoch: 10 | loss: 0.1727114
	speed: 0.0030s/iter; left time: 138.7793s
	iters: 300, epoch: 10 | loss: 0.2252005
	speed: 0.0030s/iter; left time: 139.4147s
	iters: 400, epoch: 10 | loss: 0.1952115
	speed: 0.0027s/iter; left time: 127.0826s
	iters: 500, epoch: 10 | loss: 0.2016720
	speed: 0.0029s/iter; left time: 133.2459s
	iters: 600, epoch: 10 | loss: 0.2159270
	speed: 0.0029s/iter; left time: 132.9578s
	iters: 700, epoch: 10 | loss: 0.3098390
	speed: 0.0026s/iter; left time: 121.1149s
	iters: 800, epoch: 10 | loss: 0.2299772
	speed: 0.0026s/iter; left time: 120.0016s
	iters: 900, epoch: 10 | loss: 0.2109068
	speed: 0.0026s/iter; left time: 118.3164s
	iters: 1000, epoch: 10 | loss: 0.2584753
	speed: 0.0026s/iter; left time: 118.0324s
	iters: 1100, epoch: 10 | loss: 0.1957365
	speed: 0.0026s/iter; left time: 118.2338s
	iters: 1200, epoch: 10 | loss: 0.2667427
	speed: 0.0026s/iter; left time: 118.5222s
	iters: 1300, epoch: 10 | loss: 0.2683196
	speed: 0.0026s/iter; left time: 119.9997s
	iters: 1400, epoch: 10 | loss: 0.1938394
	speed: 0.0025s/iter; left time: 112.4784s
	iters: 1500, epoch: 10 | loss: 0.2124424
	speed: 0.0025s/iter; left time: 111.7507s
	iters: 1600, epoch: 10 | loss: 0.2821690
	speed: 0.0031s/iter; left time: 139.7492s
	iters: 1700, epoch: 10 | loss: 0.2260461
	speed: 0.0029s/iter; left time: 132.0625s
	iters: 1800, epoch: 10 | loss: 0.2580178
	speed: 0.0029s/iter; left time: 131.7711s
	iters: 1900, epoch: 10 | loss: 0.1357660
	speed: 0.0029s/iter; left time: 129.7746s
	iters: 2000, epoch: 10 | loss: 0.2160024
	speed: 0.0033s/iter; left time: 146.4618s
	iters: 2100, epoch: 10 | loss: 0.2014578
	speed: 0.0033s/iter; left time: 147.4815s
	iters: 2200, epoch: 10 | loss: 0.2926947
	speed: 0.0033s/iter; left time: 147.6910s
	iters: 2300, epoch: 10 | loss: 0.2066392
	speed: 0.0030s/iter; left time: 132.0957s
	iters: 2400, epoch: 10 | loss: 0.2286495
	speed: 0.0024s/iter; left time: 106.4202s
	iters: 2500, epoch: 10 | loss: 0.2851929
	speed: 0.0024s/iter; left time: 104.8469s
	iters: 2600, epoch: 10 | loss: 0.2720188
	speed: 0.0024s/iter; left time: 104.6996s
	iters: 2700, epoch: 10 | loss: 0.2125648
	speed: 0.0027s/iter; left time: 118.5280s
	iters: 2800, epoch: 10 | loss: 0.2103757
	speed: 0.0027s/iter; left time: 117.3783s
	iters: 2900, epoch: 10 | loss: 0.2426914
	speed: 0.0026s/iter; left time: 114.9370s
	iters: 3000, epoch: 10 | loss: 0.1494207
	speed: 0.0029s/iter; left time: 127.0641s
	iters: 3100, epoch: 10 | loss: 0.2204912
	speed: 0.0029s/iter; left time: 124.9081s
	iters: 3200, epoch: 10 | loss: 0.3924286
	speed: 0.0032s/iter; left time: 141.6746s
	iters: 3300, epoch: 10 | loss: 0.2018663
	speed: 0.0033s/iter; left time: 142.8055s
	iters: 3400, epoch: 10 | loss: 0.2254567
	speed: 0.0033s/iter; left time: 145.3810s
	iters: 3500, epoch: 10 | loss: 0.2616948
	speed: 0.0034s/iter; left time: 146.7829s
	iters: 3600, epoch: 10 | loss: 0.2972017
	speed: 0.0033s/iter; left time: 143.5039s
	iters: 3700, epoch: 10 | loss: 0.2378332
	speed: 0.0033s/iter; left time: 143.0814s
	iters: 3800, epoch: 10 | loss: 0.2772193
	speed: 0.0034s/iter; left time: 148.3837s
	iters: 3900, epoch: 10 | loss: 0.2171411
	speed: 0.0035s/iter; left time: 152.4258s
	iters: 4000, epoch: 10 | loss: 0.1958514
	speed: 0.0033s/iter; left time: 141.6582s
	iters: 4100, epoch: 10 | loss: 0.2049163
	speed: 0.0033s/iter; left time: 143.0415s
	iters: 4200, epoch: 10 | loss: 0.1887927
	speed: 0.0031s/iter; left time: 134.3327s
Epoch: 10 cost time: 12.415379524230957
Epoch: 10, Steps: 4266 | Train Loss: 0.2485222 Vali Loss: 0.3762673 Test Loss: 0.2880288
EarlyStopping counter: 3 out of 5
Updating learning rate to 9.765625e-06
	iters: 100, epoch: 11 | loss: 0.3291966
	speed: 0.0236s/iter; left time: 1006.2979s
	iters: 200, epoch: 11 | loss: 0.2912858
	speed: 0.0031s/iter; left time: 129.9515s
	iters: 300, epoch: 11 | loss: 0.2038131
	speed: 0.0031s/iter; left time: 133.1148s
	iters: 400, epoch: 11 | loss: 0.1661855
	speed: 0.0031s/iter; left time: 129.3179s
	iters: 500, epoch: 11 | loss: 0.1501738
	speed: 0.0029s/iter; left time: 121.4239s
	iters: 600, epoch: 11 | loss: 0.2936355
	speed: 0.0029s/iter; left time: 121.9963s
	iters: 700, epoch: 11 | loss: 0.3156285
	speed: 0.0025s/iter; left time: 104.1931s
	iters: 800, epoch: 11 | loss: 0.3489718
	speed: 0.0026s/iter; left time: 108.0015s
	iters: 900, epoch: 11 | loss: 0.1770145
	speed: 0.0029s/iter; left time: 122.7771s
	iters: 1000, epoch: 11 | loss: 0.2593789
	speed: 0.0030s/iter; left time: 125.4715s
	iters: 1100, epoch: 11 | loss: 0.2050472
	speed: 0.0027s/iter; left time: 111.9871s
	iters: 1200, epoch: 11 | loss: 0.2204314
	speed: 0.0028s/iter; left time: 116.5051s
	iters: 1300, epoch: 11 | loss: 0.2026420
	speed: 0.0027s/iter; left time: 113.7427s
	iters: 1400, epoch: 11 | loss: 0.3137418
	speed: 0.0027s/iter; left time: 112.3343s
	iters: 1500, epoch: 11 | loss: 0.2585412
	speed: 0.0025s/iter; left time: 102.9042s
	iters: 1600, epoch: 11 | loss: 0.4126272
	speed: 0.0026s/iter; left time: 105.5514s
	iters: 1700, epoch: 11 | loss: 0.3227570
	speed: 0.0026s/iter; left time: 105.2694s
	iters: 1800, epoch: 11 | loss: 0.1583815
	speed: 0.0027s/iter; left time: 112.0635s
	iters: 1900, epoch: 11 | loss: 0.2011217
	speed: 0.0026s/iter; left time: 108.0164s
	iters: 2000, epoch: 11 | loss: 0.1836573
	speed: 0.0027s/iter; left time: 108.9715s
	iters: 2100, epoch: 11 | loss: 0.2432737
	speed: 0.0027s/iter; left time: 107.5715s
	iters: 2200, epoch: 11 | loss: 0.2182238
	speed: 0.0026s/iter; left time: 105.6032s
	iters: 2300, epoch: 11 | loss: 0.2017958
	speed: 0.0026s/iter; left time: 102.9207s
	iters: 2400, epoch: 11 | loss: 0.1509757
	speed: 0.0026s/iter; left time: 103.8728s
	iters: 2500, epoch: 11 | loss: 0.2921828
	speed: 0.0027s/iter; left time: 108.1449s
	iters: 2600, epoch: 11 | loss: 0.2528958
	speed: 0.0027s/iter; left time: 107.7639s
	iters: 2700, epoch: 11 | loss: 0.1841542
	speed: 0.0029s/iter; left time: 115.0880s
	iters: 2800, epoch: 11 | loss: 0.2060454
	speed: 0.0029s/iter; left time: 116.3940s
	iters: 2900, epoch: 11 | loss: 0.2913887
	speed: 0.0022s/iter; left time: 88.7309s
	iters: 3000, epoch: 11 | loss: 0.1819983
	speed: 0.0023s/iter; left time: 92.8073s
	iters: 3100, epoch: 11 | loss: 0.3175305
	speed: 0.0021s/iter; left time: 84.2651s
	iters: 3200, epoch: 11 | loss: 0.3683545
	speed: 0.0023s/iter; left time: 91.9615s
	iters: 3300, epoch: 11 | loss: 0.2079704
	speed: 0.0024s/iter; left time: 94.1358s
	iters: 3400, epoch: 11 | loss: 0.2509823
	speed: 0.0027s/iter; left time: 106.7894s
	iters: 3500, epoch: 11 | loss: 0.2527727
	speed: 0.0021s/iter; left time: 83.8049s
	iters: 3600, epoch: 11 | loss: 0.1455176
	speed: 0.0022s/iter; left time: 84.7625s
	iters: 3700, epoch: 11 | loss: 0.3416788
	speed: 0.0025s/iter; left time: 97.0135s
	iters: 3800, epoch: 11 | loss: 0.2015101
	speed: 0.0028s/iter; left time: 106.9606s
	iters: 3900, epoch: 11 | loss: 0.3649356
	speed: 0.0030s/iter; left time: 115.1208s
	iters: 4000, epoch: 11 | loss: 0.1510029
	speed: 0.0030s/iter; left time: 117.1425s
	iters: 4100, epoch: 11 | loss: 0.2858970
	speed: 0.0029s/iter; left time: 111.1646s
	iters: 4200, epoch: 11 | loss: 0.2838823
	speed: 0.0026s/iter; left time: 101.9216s
Epoch: 11 cost time: 11.44626235961914
Epoch: 11, Steps: 4266 | Train Loss: 0.2481562 Vali Loss: 0.3741101 Test Loss: 0.2887559
EarlyStopping counter: 4 out of 5
Updating learning rate to 4.8828125e-06
	iters: 100, epoch: 12 | loss: 0.2171997
	speed: 0.0223s/iter; left time: 855.7448s
	iters: 200, epoch: 12 | loss: 0.2166516
	speed: 0.0025s/iter; left time: 95.8695s
	iters: 300, epoch: 12 | loss: 0.2846642
	speed: 0.0028s/iter; left time: 105.9942s
	iters: 400, epoch: 12 | loss: 0.1565901
	speed: 0.0032s/iter; left time: 120.4449s
	iters: 500, epoch: 12 | loss: 0.2505530
	speed: 0.0032s/iter; left time: 120.1268s
	iters: 600, epoch: 12 | loss: 0.2487954
	speed: 0.0031s/iter; left time: 117.2791s
	iters: 700, epoch: 12 | loss: 0.3777141
	speed: 0.0028s/iter; left time: 106.6766s
	iters: 800, epoch: 12 | loss: 0.1592795
	speed: 0.0026s/iter; left time: 99.2710s
	iters: 900, epoch: 12 | loss: 0.2245726
	speed: 0.0024s/iter; left time: 91.1128s
	iters: 1000, epoch: 12 | loss: 0.3848138
	speed: 0.0026s/iter; left time: 96.1980s
	iters: 1100, epoch: 12 | loss: 0.2205997
	speed: 0.0027s/iter; left time: 100.3236s
	iters: 1200, epoch: 12 | loss: 0.3568496
	speed: 0.0028s/iter; left time: 102.6574s
	iters: 1300, epoch: 12 | loss: 0.3029886
	speed: 0.0025s/iter; left time: 92.0063s
	iters: 1400, epoch: 12 | loss: 0.2567987
	speed: 0.0025s/iter; left time: 93.2870s
	iters: 1500, epoch: 12 | loss: 0.1514805
	speed: 0.0024s/iter; left time: 90.3927s
	iters: 1600, epoch: 12 | loss: 0.2219787
	speed: 0.0027s/iter; left time: 98.6106s
	iters: 1700, epoch: 12 | loss: 0.2558406
	speed: 0.0027s/iter; left time: 98.7670s
	iters: 1800, epoch: 12 | loss: 0.1864039
	speed: 0.0026s/iter; left time: 96.6228s
	iters: 1900, epoch: 12 | loss: 0.1885985
	speed: 0.0029s/iter; left time: 106.2001s
	iters: 2000, epoch: 12 | loss: 0.2919304
	speed: 0.0029s/iter; left time: 105.5457s
	iters: 2100, epoch: 12 | loss: 0.3086239
	speed: 0.0028s/iter; left time: 101.7304s
	iters: 2200, epoch: 12 | loss: 0.2678111
	speed: 0.0027s/iter; left time: 98.0886s
	iters: 2300, epoch: 12 | loss: 0.2558945
	speed: 0.0028s/iter; left time: 100.3645s
	iters: 2400, epoch: 12 | loss: 0.1611665
	speed: 0.0030s/iter; left time: 106.9050s
	iters: 2500, epoch: 12 | loss: 0.2596123
	speed: 0.0029s/iter; left time: 104.1934s
	iters: 2600, epoch: 12 | loss: 0.2823240
	speed: 0.0028s/iter; left time: 101.6577s
	iters: 2700, epoch: 12 | loss: 0.2152590
	speed: 0.0027s/iter; left time: 94.5919s
	iters: 2800, epoch: 12 | loss: 0.1768951
	speed: 0.0029s/iter; left time: 101.5290s
	iters: 2900, epoch: 12 | loss: 0.2483063
	speed: 0.0030s/iter; left time: 106.1298s
	iters: 3000, epoch: 12 | loss: 0.1913014
	speed: 0.0032s/iter; left time: 114.6801s
	iters: 3100, epoch: 12 | loss: 0.2282558
	speed: 0.0029s/iter; left time: 102.7142s
	iters: 3200, epoch: 12 | loss: 0.1969776
	speed: 0.0027s/iter; left time: 96.4341s
	iters: 3300, epoch: 12 | loss: 0.4223073
	speed: 0.0029s/iter; left time: 100.0214s
	iters: 3400, epoch: 12 | loss: 0.4136004
	speed: 0.0032s/iter; left time: 111.6339s
	iters: 3500, epoch: 12 | loss: 0.2043236
	speed: 0.0032s/iter; left time: 112.0739s
	iters: 3600, epoch: 12 | loss: 0.2259854
	speed: 0.0033s/iter; left time: 114.8239s
	iters: 3700, epoch: 12 | loss: 0.1764696
	speed: 0.0032s/iter; left time: 111.7389s
	iters: 3800, epoch: 12 | loss: 0.2116064
	speed: 0.0031s/iter; left time: 105.9679s
	iters: 3900, epoch: 12 | loss: 0.2649291
	speed: 0.0031s/iter; left time: 107.6248s
	iters: 4000, epoch: 12 | loss: 0.2245462
	speed: 0.0033s/iter; left time: 114.5352s
	iters: 4100, epoch: 12 | loss: 0.3326454
	speed: 0.0032s/iter; left time: 110.8569s
	iters: 4200, epoch: 12 | loss: 0.2222214
	speed: 0.0032s/iter; left time: 110.4498s
Epoch: 12 cost time: 12.271878242492676
Epoch: 12, Steps: 4266 | Train Loss: 0.2479822 Vali Loss: 0.3771868 Test Loss: 0.2871562
EarlyStopping counter: 5 out of 5
Early stopping
>>>>>>>testing : ETTm1_336_96_NLinear_ETTm1_ftM_sl336_ll48_pl96_dm512_nh8_el2_dl1_df2048_fc1_ebtimeF_dtTrue_Exp_0_seed32598<<<<<<<<<<<<<<<<<<<<<<<<<<<<<<<<<
test 11425
mse:0.2967957556247711, mae:0.3430415391921997
