Args in experiment:
Namespace(activation='gelu', batch_size=32, c_out=7, checkpoints='./checkpoints/', d_ff=2048, d_layers=1, d_model=512, data='ETTh1', data_path='ETTh1.csv', dec_in=7, des='Exp', devices='0,1,2,3', distil=True, do_predict=False, dropout=0.05, e_layers=2, embed='timeF', embed_type=0, enc_in=7, factor=1, features='M', freq='h', gpu=0, individual=True, is_training=1, itr=1, label_len=48, learning_rate=0.005, loss='mse', lradj='type1', model='NLinear', model_id='ETTh1_336_336', moving_avg=25, n_heads=8, num_workers=0, output_attention=False, patience=5, pred_len=336, root_path='./dataset/', save_pred_values=False, seed=25565, seq_len=336, target='OT', test_flop=False, train_epochs=20, train_only=False, use_amp=False, use_gpu=False, use_multi_gpu=False)
Use CPU
>>>>>>>start training : ETTh1_336_336_NLinear_ETTh1_ftM_sl336_ll48_pl336_dm512_nh8_el2_dl1_df2048_fc1_ebtimeF_dtTrue_Exp_0_seed25565>>>>>>>>>>>>>>>>>>>>>>>>>>
train 7969
val 2545
test 2545
	iters: 100, epoch: 1 | loss: 0.5525055
	speed: 0.0095s/iter; left time: 46.2951s
	iters: 200, epoch: 1 | loss: 0.4869289
	speed: 0.0080s/iter; left time: 38.4681s
Epoch: 1 cost time: 2.189295768737793
Epoch: 1, Steps: 249 | Train Loss: 0.5508488 Vali Loss: 1.3633220 Test Loss: 0.5238079
Validation loss decreased (inf --> 1.363322).  Saving model ...
Updating learning rate to 0.005
	iters: 100, epoch: 2 | loss: 0.4874516
	speed: 0.0177s/iter; left time: 81.7828s
	iters: 200, epoch: 2 | loss: 0.4773520
	speed: 0.0085s/iter; left time: 38.6301s
Epoch: 2 cost time: 2.1317780017852783
Epoch: 2, Steps: 249 | Train Loss: 0.5180527 Vali Loss: 1.5564663 Test Loss: 0.5557785
EarlyStopping counter: 1 out of 5
Updating learning rate to 0.0025
	iters: 100, epoch: 3 | loss: 0.5011654
	speed: 0.0187s/iter; left time: 82.1638s
	iters: 200, epoch: 3 | loss: 0.4264557
	speed: 0.0086s/iter; left time: 36.9717s
Epoch: 3 cost time: 2.130427360534668
Epoch: 3, Steps: 249 | Train Loss: 0.4732345 Vali Loss: 1.2671486 Test Loss: 0.4672812
Validation loss decreased (1.363322 --> 1.267149).  Saving model ...
Updating learning rate to 0.00125
	iters: 100, epoch: 4 | loss: 0.4534936
	speed: 0.0177s/iter; left time: 73.0518s
	iters: 200, epoch: 4 | loss: 0.4025496
	speed: 0.0082s/iter; left time: 33.0513s
Epoch: 4 cost time: 1.8945872783660889
Epoch: 4, Steps: 249 | Train Loss: 0.4504885 Vali Loss: 1.3326685 Test Loss: 0.4574159
EarlyStopping counter: 1 out of 5
Updating learning rate to 0.000625
	iters: 100, epoch: 5 | loss: 0.4779161
	speed: 0.0150s/iter; left time: 58.1397s
	iters: 200, epoch: 5 | loss: 0.4419286
	speed: 0.0078s/iter; left time: 29.5631s
Epoch: 5 cost time: 1.9616329669952393
Epoch: 5, Steps: 249 | Train Loss: 0.4391130 Vali Loss: 1.2849312 Test Loss: 0.4468864
EarlyStopping counter: 2 out of 5
Updating learning rate to 0.0003125
	iters: 100, epoch: 6 | loss: 0.4441596
	speed: 0.0194s/iter; left time: 70.3692s
	iters: 200, epoch: 6 | loss: 0.4564230
	speed: 0.0092s/iter; left time: 32.5779s
Epoch: 6 cost time: 2.2897441387176514
Epoch: 6, Steps: 249 | Train Loss: 0.4339288 Vali Loss: 1.2742101 Test Loss: 0.4457255
EarlyStopping counter: 3 out of 5
Updating learning rate to 0.00015625
	iters: 100, epoch: 7 | loss: 0.3508028
	speed: 0.0153s/iter; left time: 51.8318s
	iters: 200, epoch: 7 | loss: 0.3987266
	speed: 0.0080s/iter; left time: 26.1804s
Epoch: 7 cost time: 1.8537359237670898
Epoch: 7, Steps: 249 | Train Loss: 0.4305761 Vali Loss: 1.2553619 Test Loss: 0.4417692
Validation loss decreased (1.267149 --> 1.255362).  Saving model ...
Updating learning rate to 7.8125e-05
	iters: 100, epoch: 8 | loss: 0.4679415
	speed: 0.0184s/iter; left time: 57.7791s
	iters: 200, epoch: 8 | loss: 0.3974247
	speed: 0.0080s/iter; left time: 24.4447s
Epoch: 8 cost time: 2.0889828205108643
Epoch: 8, Steps: 249 | Train Loss: 0.4290601 Vali Loss: 1.2482282 Test Loss: 0.4398705
Validation loss decreased (1.255362 --> 1.248228).  Saving model ...
Updating learning rate to 3.90625e-05
	iters: 100, epoch: 9 | loss: 0.5043103
	speed: 0.0182s/iter; left time: 52.5367s
	iters: 200, epoch: 9 | loss: 0.4206011
	speed: 0.0091s/iter; left time: 25.3837s
Epoch: 9 cost time: 2.1902449131011963
Epoch: 9, Steps: 249 | Train Loss: 0.4281962 Vali Loss: 1.2624789 Test Loss: 0.4404311
EarlyStopping counter: 1 out of 5
Updating learning rate to 1.953125e-05
	iters: 100, epoch: 10 | loss: 0.4434470
	speed: 0.0179s/iter; left time: 47.2737s
	iters: 200, epoch: 10 | loss: 0.4491303
	speed: 0.0093s/iter; left time: 23.5734s
Epoch: 10 cost time: 2.2745120525360107
Epoch: 10, Steps: 249 | Train Loss: 0.4277259 Vali Loss: 1.2575986 Test Loss: 0.4394167
EarlyStopping counter: 2 out of 5
Updating learning rate to 9.765625e-06
	iters: 100, epoch: 11 | loss: 0.4126286
	speed: 0.0174s/iter; left time: 41.5124s
	iters: 200, epoch: 11 | loss: 0.3999967
	speed: 0.0086s/iter; left time: 19.6121s
Epoch: 11 cost time: 2.034306287765503
Epoch: 11, Steps: 249 | Train Loss: 0.4275121 Vali Loss: 1.2611393 Test Loss: 0.4395454
EarlyStopping counter: 3 out of 5
Updating learning rate to 4.8828125e-06
	iters: 100, epoch: 12 | loss: 0.3637548
	speed: 0.0164s/iter; left time: 35.1890s
	iters: 200, epoch: 12 | loss: 0.3776237
	speed: 0.0081s/iter; left time: 16.4456s
Epoch: 12 cost time: 2.0048296451568604
Epoch: 12, Steps: 249 | Train Loss: 0.4273316 Vali Loss: 1.2612256 Test Loss: 0.4396334
EarlyStopping counter: 4 out of 5
Updating learning rate to 2.44140625e-06
	iters: 100, epoch: 13 | loss: 0.3794382
	speed: 0.0160s/iter; left time: 30.2724s
	iters: 200, epoch: 13 | loss: 0.4958110
	speed: 0.0077s/iter; left time: 13.7402s
Epoch: 13 cost time: 1.908437967300415
Epoch: 13, Steps: 249 | Train Loss: 0.4272198 Vali Loss: 1.2611536 Test Loss: 0.4395970
EarlyStopping counter: 5 out of 5
Early stopping
>>>>>>>testing : ETTh1_336_336_NLinear_ETTh1_ftM_sl336_ll48_pl336_dm512_nh8_el2_dl1_df2048_fc1_ebtimeF_dtTrue_Exp_0_seed25565<<<<<<<<<<<<<<<<<<<<<<<<<<<<<<<<<
test 2545
mse:0.43884044885635376, mae:0.4365210235118866
