Args in experiment:
Namespace(activation='gelu', batch_size=16, c_out=7, checkpoints='./checkpoints/', d_ff=2048, d_layers=1, d_model=512, data='custom', data_path='weather.csv', dec_in=7, des='Exp', devices='0,1,2,3', distil=True, do_predict=False, dropout=0.05, e_layers=2, embed='timeF', embed_type=0, enc_in=21, factor=1, features='M', freq='h', gpu=0, individual=True, is_training=1, itr=1, label_len=48, learning_rate=0.005, loss='mse', lradj='type1', model='NLinear', model_id='weather_336_192', moving_avg=25, n_heads=8, num_workers=0, output_attention=False, patience=5, pred_len=192, root_path='./dataset/', save_pred_values=False, seed=15227, seq_len=336, target='OT', test_flop=False, train_epochs=20, train_only=False, use_amp=False, use_gpu=False, use_multi_gpu=False)
Use CPU
>>>>>>>start training : weather_336_192_NLinear_custom_ftM_sl336_ll48_pl192_dm512_nh8_el2_dl1_df2048_fc1_ebtimeF_dtTrue_Exp_0_seed15227>>>>>>>>>>>>>>>>>>>>>>>>>>
train 36360
val 5079
test 10348
	iters: 100, epoch: 1 | loss: 2.7464139
	speed: 0.0145s/iter; left time: 656.2755s
	iters: 200, epoch: 1 | loss: 0.6397294
	speed: 0.0117s/iter; left time: 528.5313s
	iters: 300, epoch: 1 | loss: 0.4415299
	speed: 0.0115s/iter; left time: 520.9940s
	iters: 400, epoch: 1 | loss: 0.4756712
	speed: 0.0139s/iter; left time: 624.9439s
	iters: 500, epoch: 1 | loss: 0.6776203
	speed: 0.0127s/iter; left time: 569.1807s
	iters: 600, epoch: 1 | loss: 2.9945216
	speed: 0.0135s/iter; left time: 604.0859s
	iters: 700, epoch: 1 | loss: 0.4042891
	speed: 0.0130s/iter; left time: 583.5860s
	iters: 800, epoch: 1 | loss: 0.4193138
	speed: 0.0137s/iter; left time: 611.2466s
	iters: 900, epoch: 1 | loss: 1.1556762
	speed: 0.0142s/iter; left time: 633.5372s
	iters: 1000, epoch: 1 | loss: 0.8380544
	speed: 0.0138s/iter; left time: 613.4152s
	iters: 1100, epoch: 1 | loss: 0.6927732
	speed: 0.0129s/iter; left time: 570.6672s
	iters: 1200, epoch: 1 | loss: 8.0927248
	speed: 0.0120s/iter; left time: 530.1126s
	iters: 1300, epoch: 1 | loss: 0.7073753
	speed: 0.0134s/iter; left time: 590.3428s
	iters: 1400, epoch: 1 | loss: 0.6348372
	speed: 0.0130s/iter; left time: 573.9078s
	iters: 1500, epoch: 1 | loss: 4.9562984
	speed: 0.0147s/iter; left time: 647.3284s
	iters: 1600, epoch: 1 | loss: 0.5200105
	speed: 0.0150s/iter; left time: 658.1804s
	iters: 1700, epoch: 1 | loss: 1.6688986
	speed: 0.0115s/iter; left time: 504.4453s
	iters: 1800, epoch: 1 | loss: 0.8490726
	speed: 0.0140s/iter; left time: 611.7055s
	iters: 1900, epoch: 1 | loss: 0.5829982
	speed: 0.0134s/iter; left time: 581.7686s
	iters: 2000, epoch: 1 | loss: 0.5761750
	speed: 0.0141s/iter; left time: 612.2511s
	iters: 2100, epoch: 1 | loss: 0.3918278
	speed: 0.0147s/iter; left time: 636.4435s
	iters: 2200, epoch: 1 | loss: 0.5811759
	speed: 0.0142s/iter; left time: 612.3530s
Epoch: 1 cost time: 30.514867305755615
Epoch: 1, Steps: 2272 | Train Loss: 3.1156555 Vali Loss: 0.6714169 Test Loss: 0.2952605
Validation loss decreased (inf --> 0.671417).  Saving model ...
Updating learning rate to 0.005
	iters: 100, epoch: 2 | loss: 2.9032454
	speed: 0.0583s/iter; left time: 2510.6467s
	iters: 200, epoch: 2 | loss: 0.5196372
	speed: 0.0139s/iter; left time: 599.1050s
	iters: 300, epoch: 2 | loss: 0.5356858
	speed: 0.0143s/iter; left time: 612.8057s
	iters: 400, epoch: 2 | loss: 0.4575133
	speed: 0.0153s/iter; left time: 655.7934s
	iters: 500, epoch: 2 | loss: 0.7546645
	speed: 0.0133s/iter; left time: 566.8705s
	iters: 600, epoch: 2 | loss: 0.7268021
	speed: 0.0139s/iter; left time: 592.2770s
	iters: 700, epoch: 2 | loss: 3.7700431
	speed: 0.0139s/iter; left time: 588.7121s
	iters: 800, epoch: 2 | loss: 0.7085034
	speed: 0.0132s/iter; left time: 559.5423s
	iters: 900, epoch: 2 | loss: 0.5783191
	speed: 0.0124s/iter; left time: 523.1648s
	iters: 1000, epoch: 2 | loss: 0.5262141
	speed: 0.0131s/iter; left time: 550.3176s
	iters: 1100, epoch: 2 | loss: 0.5713237
	speed: 0.0139s/iter; left time: 584.1657s
	iters: 1200, epoch: 2 | loss: 0.6546533
	speed: 0.0146s/iter; left time: 610.7135s
	iters: 1300, epoch: 2 | loss: 0.4295476
	speed: 0.0140s/iter; left time: 587.6426s
	iters: 1400, epoch: 2 | loss: 0.6426370
	speed: 0.0139s/iter; left time: 581.8762s
	iters: 1500, epoch: 2 | loss: 0.4812121
	speed: 0.0154s/iter; left time: 641.9011s
	iters: 1600, epoch: 2 | loss: 0.5612748
	speed: 0.0154s/iter; left time: 641.0374s
	iters: 1700, epoch: 2 | loss: 0.4549216
	speed: 0.0147s/iter; left time: 608.1220s
	iters: 1800, epoch: 2 | loss: 1.5293677
	speed: 0.0124s/iter; left time: 512.1939s
	iters: 1900, epoch: 2 | loss: 6.7606721
	speed: 0.0125s/iter; left time: 515.9445s
	iters: 2000, epoch: 2 | loss: 0.6257576
	speed: 0.0139s/iter; left time: 571.9041s
	iters: 2100, epoch: 2 | loss: 1.1766179
	speed: 0.0137s/iter; left time: 563.2562s
	iters: 2200, epoch: 2 | loss: 0.6614407
	speed: 0.0150s/iter; left time: 612.5253s
Epoch: 2 cost time: 31.36718463897705
Epoch: 2, Steps: 2272 | Train Loss: 63.1008666 Vali Loss: 1.2573937 Test Loss: 0.3559406
EarlyStopping counter: 1 out of 5
Updating learning rate to 0.0025
	iters: 100, epoch: 3 | loss: 3.5428109
	speed: 0.0492s/iter; left time: 2007.7548s
	iters: 200, epoch: 3 | loss: 0.4556354
	speed: 0.0140s/iter; left time: 570.0640s
	iters: 300, epoch: 3 | loss: 0.4468346
	speed: 0.0148s/iter; left time: 600.1316s
	iters: 400, epoch: 3 | loss: 1.1552289
	speed: 0.0134s/iter; left time: 543.5966s
	iters: 500, epoch: 3 | loss: 1.2678230
	speed: 0.0125s/iter; left time: 506.2892s
	iters: 600, epoch: 3 | loss: 0.3153705
	speed: 0.0145s/iter; left time: 582.9731s
	iters: 700, epoch: 3 | loss: 0.3017637
	speed: 0.0130s/iter; left time: 521.0235s
	iters: 800, epoch: 3 | loss: 1.0148551
	speed: 0.0129s/iter; left time: 516.3224s
	iters: 900, epoch: 3 | loss: 0.4726266
	speed: 0.0146s/iter; left time: 582.8184s
	iters: 1000, epoch: 3 | loss: 1.2647325
	speed: 0.0143s/iter; left time: 569.6153s
	iters: 1100, epoch: 3 | loss: 0.4021461
	speed: 0.0144s/iter; left time: 573.1323s
	iters: 1200, epoch: 3 | loss: 0.5247203
	speed: 0.0137s/iter; left time: 542.7567s
	iters: 1300, epoch: 3 | loss: 0.3253369
	speed: 0.0127s/iter; left time: 501.8418s
	iters: 1400, epoch: 3 | loss: 1.0659527
	speed: 0.0150s/iter; left time: 593.7258s
	iters: 1500, epoch: 3 | loss: 0.4800749
	speed: 0.0130s/iter; left time: 511.0280s
	iters: 1600, epoch: 3 | loss: 0.4850597
	speed: 0.0145s/iter; left time: 569.6056s
	iters: 1700, epoch: 3 | loss: 0.3599726
	speed: 0.0115s/iter; left time: 450.8242s
	iters: 1800, epoch: 3 | loss: 0.4011114
	speed: 0.0117s/iter; left time: 458.7019s
	iters: 1900, epoch: 3 | loss: 15.5463362
	speed: 0.0136s/iter; left time: 532.0774s
	iters: 2000, epoch: 3 | loss: 0.3445434
	speed: 0.0155s/iter; left time: 602.9779s
	iters: 2100, epoch: 3 | loss: 2.7761116
	speed: 0.0140s/iter; left time: 541.8176s
	iters: 2200, epoch: 3 | loss: 0.5081215
	speed: 0.0142s/iter; left time: 549.9341s
Epoch: 3 cost time: 30.836044788360596
Epoch: 3, Steps: 2272 | Train Loss: 20.5050978 Vali Loss: 0.4932913 Test Loss: 0.2001985
Validation loss decreased (0.671417 --> 0.493291).  Saving model ...
Updating learning rate to 0.00125
	iters: 100, epoch: 4 | loss: 1.9209315
	speed: 0.0489s/iter; left time: 1882.8065s
	iters: 200, epoch: 4 | loss: 0.3884024
	speed: 0.0130s/iter; left time: 501.1802s
	iters: 300, epoch: 4 | loss: 1.2435946
	speed: 0.0158s/iter; left time: 607.2709s
	iters: 400, epoch: 4 | loss: 1.3309373
	speed: 0.0144s/iter; left time: 548.7021s
	iters: 500, epoch: 4 | loss: 0.3634346
	speed: 0.0142s/iter; left time: 541.5857s
	iters: 600, epoch: 4 | loss: 1.2488716
	speed: 0.0143s/iter; left time: 544.6582s
	iters: 700, epoch: 4 | loss: 1.4563172
	speed: 0.0131s/iter; left time: 498.1495s
	iters: 800, epoch: 4 | loss: 0.4725719
	speed: 0.0147s/iter; left time: 554.6592s
	iters: 900, epoch: 4 | loss: 0.5112398
	speed: 0.0154s/iter; left time: 582.5880s
	iters: 1000, epoch: 4 | loss: 0.4022345
	speed: 0.0153s/iter; left time: 576.1830s
	iters: 1100, epoch: 4 | loss: 0.3040444
	speed: 0.0138s/iter; left time: 516.7820s
	iters: 1200, epoch: 4 | loss: 0.4478632
	speed: 0.0135s/iter; left time: 503.9626s
	iters: 1300, epoch: 4 | loss: 0.2513206
	speed: 0.0134s/iter; left time: 501.7381s
	iters: 1400, epoch: 4 | loss: 0.3810246
	speed: 0.0119s/iter; left time: 442.6472s
	iters: 1500, epoch: 4 | loss: 1.4237971
	speed: 0.0128s/iter; left time: 475.9890s
	iters: 1600, epoch: 4 | loss: 0.3322142
	speed: 0.0118s/iter; left time: 438.6104s
	iters: 1700, epoch: 4 | loss: 0.3896643
	speed: 0.0120s/iter; left time: 443.1826s
	iters: 1800, epoch: 4 | loss: 0.3698033
	speed: 0.0148s/iter; left time: 543.5964s
	iters: 1900, epoch: 4 | loss: 0.3386764
	speed: 0.0120s/iter; left time: 440.4014s
	iters: 2000, epoch: 4 | loss: 0.6439576
	speed: 0.0145s/iter; left time: 529.4297s
	iters: 2100, epoch: 4 | loss: 0.3099269
	speed: 0.0135s/iter; left time: 494.6437s
	iters: 2200, epoch: 4 | loss: 0.2884176
	speed: 0.0127s/iter; left time: 463.1590s
Epoch: 4 cost time: 30.818631410598755
Epoch: 4, Steps: 2272 | Train Loss: 1.8243896 Vali Loss: 0.4914293 Test Loss: 0.2016935
Validation loss decreased (0.493291 --> 0.491429).  Saving model ...
Updating learning rate to 0.000625
	iters: 100, epoch: 5 | loss: 0.5244305
	speed: 0.0535s/iter; left time: 1940.7010s
	iters: 200, epoch: 5 | loss: 1.3311976
	speed: 0.0123s/iter; left time: 445.1262s
	iters: 300, epoch: 5 | loss: 1.0766244
	speed: 0.0144s/iter; left time: 517.8955s
	iters: 400, epoch: 5 | loss: 0.4438914
	speed: 0.0143s/iter; left time: 514.9128s
	iters: 500, epoch: 5 | loss: 0.3151873
	speed: 0.0150s/iter; left time: 538.2050s
	iters: 600, epoch: 5 | loss: 0.3280430
	speed: 0.0150s/iter; left time: 536.1114s
	iters: 700, epoch: 5 | loss: 0.2769685
	speed: 0.0121s/iter; left time: 430.0277s
	iters: 800, epoch: 5 | loss: 0.3338462
	speed: 0.0115s/iter; left time: 409.9633s
	iters: 900, epoch: 5 | loss: 0.3763420
	speed: 0.0136s/iter; left time: 483.7168s
	iters: 1000, epoch: 5 | loss: 1.7693332
	speed: 0.0120s/iter; left time: 425.0564s
	iters: 1100, epoch: 5 | loss: 0.2647594
	speed: 0.0137s/iter; left time: 483.0292s
	iters: 1200, epoch: 5 | loss: 0.3259793
	speed: 0.0145s/iter; left time: 508.7564s
	iters: 1300, epoch: 5 | loss: 0.5227896
	speed: 0.0156s/iter; left time: 547.2304s
	iters: 1400, epoch: 5 | loss: 0.8060677
	speed: 0.0148s/iter; left time: 518.8181s
	iters: 1500, epoch: 5 | loss: 0.3314288
	speed: 0.0148s/iter; left time: 515.1807s
	iters: 1600, epoch: 5 | loss: 0.2635118
	speed: 0.0128s/iter; left time: 446.0063s
	iters: 1700, epoch: 5 | loss: 0.3018644
	speed: 0.0136s/iter; left time: 469.9504s
	iters: 1800, epoch: 5 | loss: 1.7219524
	speed: 0.0137s/iter; left time: 471.6989s
	iters: 1900, epoch: 5 | loss: 0.3586992
	speed: 0.0119s/iter; left time: 409.3501s
	iters: 2000, epoch: 5 | loss: 0.5880651
	speed: 0.0131s/iter; left time: 449.1410s
	iters: 2100, epoch: 5 | loss: 0.5258165
	speed: 0.0120s/iter; left time: 412.1314s
	iters: 2200, epoch: 5 | loss: 2.2414773
	speed: 0.0125s/iter; left time: 426.2706s
Epoch: 5 cost time: 30.56069564819336
Epoch: 5, Steps: 2272 | Train Loss: 0.8552966 Vali Loss: 0.4596958 Test Loss: 0.1923710
Validation loss decreased (0.491429 --> 0.459696).  Saving model ...
Updating learning rate to 0.0003125
	iters: 100, epoch: 6 | loss: 0.3140212
	speed: 0.0573s/iter; left time: 1947.2522s
	iters: 200, epoch: 6 | loss: 0.5546532
	speed: 0.0142s/iter; left time: 480.1582s
	iters: 300, epoch: 6 | loss: 0.5317042
	speed: 0.0141s/iter; left time: 475.5749s
	iters: 400, epoch: 6 | loss: 0.2590410
	speed: 0.0138s/iter; left time: 464.8854s
	iters: 500, epoch: 6 | loss: 0.2795729
	speed: 0.0145s/iter; left time: 488.4360s
	iters: 600, epoch: 6 | loss: 0.2840677
	speed: 0.0141s/iter; left time: 472.4895s
	iters: 700, epoch: 6 | loss: 1.2708591
	speed: 0.0148s/iter; left time: 494.4706s
	iters: 800, epoch: 6 | loss: 1.3385807
	speed: 0.0151s/iter; left time: 502.3789s
	iters: 900, epoch: 6 | loss: 1.8026141
	speed: 0.0135s/iter; left time: 448.2571s
	iters: 1000, epoch: 6 | loss: 0.4463236
	speed: 0.0134s/iter; left time: 441.8006s
	iters: 1100, epoch: 6 | loss: 0.3165815
	speed: 0.0145s/iter; left time: 477.9424s
	iters: 1200, epoch: 6 | loss: 0.2999294
	speed: 0.0158s/iter; left time: 520.9742s
	iters: 1300, epoch: 6 | loss: 0.8658286
	speed: 0.0149s/iter; left time: 487.1948s
	iters: 1400, epoch: 6 | loss: 1.2947431
	speed: 0.0147s/iter; left time: 481.3270s
	iters: 1500, epoch: 6 | loss: 0.5150501
	speed: 0.0113s/iter; left time: 367.6082s
	iters: 1600, epoch: 6 | loss: 0.4165812
	speed: 0.0124s/iter; left time: 401.1836s
	iters: 1700, epoch: 6 | loss: 0.3619329
	speed: 0.0150s/iter; left time: 486.5672s
	iters: 1800, epoch: 6 | loss: 0.4173731
	speed: 0.0134s/iter; left time: 432.2948s
	iters: 1900, epoch: 6 | loss: 0.4306444
	speed: 0.0124s/iter; left time: 399.4298s
	iters: 2000, epoch: 6 | loss: 0.5248545
	speed: 0.0149s/iter; left time: 478.7924s
	iters: 2100, epoch: 6 | loss: 2.2894571
	speed: 0.0133s/iter; left time: 425.0876s
	iters: 2200, epoch: 6 | loss: 0.4755628
	speed: 0.0135s/iter; left time: 429.8056s
Epoch: 6 cost time: 31.60345149040222
Epoch: 6, Steps: 2272 | Train Loss: 0.7698500 Vali Loss: 0.4590233 Test Loss: 0.1904467
Validation loss decreased (0.459696 --> 0.459023).  Saving model ...
Updating learning rate to 0.00015625
	iters: 100, epoch: 7 | loss: 0.4351814
	speed: 0.0511s/iter; left time: 1619.7700s
	iters: 200, epoch: 7 | loss: 0.5162865
	speed: 0.0131s/iter; left time: 414.2253s
	iters: 300, epoch: 7 | loss: 0.2363864
	speed: 0.0127s/iter; left time: 398.6266s
	iters: 400, epoch: 7 | loss: 3.4636750
	speed: 0.0141s/iter; left time: 442.0040s
	iters: 500, epoch: 7 | loss: 0.4385034
	speed: 0.0148s/iter; left time: 463.5425s
	iters: 600, epoch: 7 | loss: 0.5521337
	speed: 0.0146s/iter; left time: 455.7532s
	iters: 700, epoch: 7 | loss: 0.7325971
	speed: 0.0147s/iter; left time: 456.1923s
	iters: 800, epoch: 7 | loss: 0.4878114
	speed: 0.0144s/iter; left time: 446.3225s
	iters: 900, epoch: 7 | loss: 0.6919120
	speed: 0.0148s/iter; left time: 458.4875s
	iters: 1000, epoch: 7 | loss: 1.8785020
	speed: 0.0146s/iter; left time: 449.2479s
	iters: 1100, epoch: 7 | loss: 0.4174274
	speed: 0.0135s/iter; left time: 413.5599s
	iters: 1200, epoch: 7 | loss: 0.4365906
	speed: 0.0144s/iter; left time: 440.5712s
	iters: 1300, epoch: 7 | loss: 0.2644829
	speed: 0.0133s/iter; left time: 406.1500s
	iters: 1400, epoch: 7 | loss: 0.4940962
	speed: 0.0145s/iter; left time: 439.7010s
	iters: 1500, epoch: 7 | loss: 0.4510861
	speed: 0.0151s/iter; left time: 458.0536s
	iters: 1600, epoch: 7 | loss: 1.3437932
	speed: 0.0145s/iter; left time: 438.4914s
	iters: 1700, epoch: 7 | loss: 2.1400142
	speed: 0.0138s/iter; left time: 415.2603s
	iters: 1800, epoch: 7 | loss: 0.4144689
	speed: 0.0143s/iter; left time: 427.6840s
	iters: 1900, epoch: 7 | loss: 0.3219426
	speed: 0.0126s/iter; left time: 377.2264s
	iters: 2000, epoch: 7 | loss: 0.4864499
	speed: 0.0143s/iter; left time: 424.7874s
	iters: 2100, epoch: 7 | loss: 0.3100769
	speed: 0.0129s/iter; left time: 383.0352s
	iters: 2200, epoch: 7 | loss: 0.3391919
	speed: 0.0136s/iter; left time: 402.0865s
Epoch: 7 cost time: 31.65518593788147
Epoch: 7, Steps: 2272 | Train Loss: 0.6479834 Vali Loss: 0.4544833 Test Loss: 0.1900080
Validation loss decreased (0.459023 --> 0.454483).  Saving model ...
Updating learning rate to 7.8125e-05
	iters: 100, epoch: 8 | loss: 0.3043632
	speed: 0.0528s/iter; left time: 1554.2705s
	iters: 200, epoch: 8 | loss: 0.3814888
	speed: 0.0135s/iter; left time: 396.1240s
	iters: 300, epoch: 8 | loss: 1.0966308
	speed: 0.0145s/iter; left time: 424.3628s
	iters: 400, epoch: 8 | loss: 1.0580338
	speed: 0.0145s/iter; left time: 423.1654s
	iters: 500, epoch: 8 | loss: 0.4386085
	speed: 0.0136s/iter; left time: 395.1235s
	iters: 600, epoch: 8 | loss: 1.4746317
	speed: 0.0150s/iter; left time: 434.6779s
	iters: 700, epoch: 8 | loss: 0.3228105
	speed: 0.0155s/iter; left time: 447.4009s
	iters: 800, epoch: 8 | loss: 0.5279155
	speed: 0.0153s/iter; left time: 439.1724s
	iters: 900, epoch: 8 | loss: 0.3304144
	speed: 0.0143s/iter; left time: 410.7922s
	iters: 1000, epoch: 8 | loss: 0.2604908
	speed: 0.0151s/iter; left time: 430.3793s
	iters: 1100, epoch: 8 | loss: 0.6185333
	speed: 0.0146s/iter; left time: 415.3736s
	iters: 1200, epoch: 8 | loss: 0.2769662
	speed: 0.0136s/iter; left time: 384.5810s
	iters: 1300, epoch: 8 | loss: 0.3499855
	speed: 0.0134s/iter; left time: 376.9902s
	iters: 1400, epoch: 8 | loss: 1.3735218
	speed: 0.0136s/iter; left time: 381.3687s
	iters: 1500, epoch: 8 | loss: 0.5038094
	speed: 0.0140s/iter; left time: 393.8052s
	iters: 1600, epoch: 8 | loss: 0.7020211
	speed: 0.0140s/iter; left time: 390.9666s
	iters: 1700, epoch: 8 | loss: 0.7989951
	speed: 0.0133s/iter; left time: 369.1697s
	iters: 1800, epoch: 8 | loss: 0.4737110
	speed: 0.0121s/iter; left time: 336.7436s
	iters: 1900, epoch: 8 | loss: 0.2650351
	speed: 0.0119s/iter; left time: 328.1081s
	iters: 2000, epoch: 8 | loss: 1.7242960
	speed: 0.0140s/iter; left time: 384.2576s
	iters: 2100, epoch: 8 | loss: 0.4338860
	speed: 0.0145s/iter; left time: 398.6936s
	iters: 2200, epoch: 8 | loss: 0.3451591
	speed: 0.0132s/iter; left time: 361.1425s
Epoch: 8 cost time: 31.61019778251648
Epoch: 8, Steps: 2272 | Train Loss: 0.5816289 Vali Loss: 0.4516090 Test Loss: 0.1871944
Validation loss decreased (0.454483 --> 0.451609).  Saving model ...
Updating learning rate to 3.90625e-05
	iters: 100, epoch: 9 | loss: 0.4361430
	speed: 0.0558s/iter; left time: 1516.2200s
	iters: 200, epoch: 9 | loss: 0.3279139
	speed: 0.0128s/iter; left time: 347.7306s
	iters: 300, epoch: 9 | loss: 1.3096727
	speed: 0.0133s/iter; left time: 359.2869s
	iters: 400, epoch: 9 | loss: 0.4190294
	speed: 0.0140s/iter; left time: 377.2075s
	iters: 500, epoch: 9 | loss: 0.4357330
	speed: 0.0152s/iter; left time: 406.2879s
	iters: 600, epoch: 9 | loss: 0.5314674
	speed: 0.0132s/iter; left time: 353.1074s
	iters: 700, epoch: 9 | loss: 0.5340220
	speed: 0.0130s/iter; left time: 344.5889s
	iters: 800, epoch: 9 | loss: 1.0056300
	speed: 0.0155s/iter; left time: 410.8797s
	iters: 900, epoch: 9 | loss: 1.1750214
	speed: 0.0135s/iter; left time: 355.7046s
	iters: 1000, epoch: 9 | loss: 1.1393023
	speed: 0.0129s/iter; left time: 337.5338s
	iters: 1100, epoch: 9 | loss: 0.4148865
	speed: 0.0125s/iter; left time: 328.2477s
	iters: 1200, epoch: 9 | loss: 0.2464246
	speed: 0.0131s/iter; left time: 340.1941s
	iters: 1300, epoch: 9 | loss: 0.3738838
	speed: 0.0119s/iter; left time: 308.8057s
	iters: 1400, epoch: 9 | loss: 0.3621428
	speed: 0.0135s/iter; left time: 349.2210s
	iters: 1500, epoch: 9 | loss: 0.5292892
	speed: 0.0145s/iter; left time: 373.7749s
	iters: 1600, epoch: 9 | loss: 0.2971617
	speed: 0.0143s/iter; left time: 367.4602s
	iters: 1700, epoch: 9 | loss: 0.3461726
	speed: 0.0153s/iter; left time: 391.0205s
	iters: 1800, epoch: 9 | loss: 0.3991358
	speed: 0.0142s/iter; left time: 362.1499s
	iters: 1900, epoch: 9 | loss: 0.4995173
	speed: 0.0111s/iter; left time: 281.5856s
	iters: 2000, epoch: 9 | loss: 0.3091428
	speed: 0.0126s/iter; left time: 318.5277s
	iters: 2100, epoch: 9 | loss: 1.3379544
	speed: 0.0127s/iter; left time: 320.6416s
	iters: 2200, epoch: 9 | loss: 0.2825541
	speed: 0.0133s/iter; left time: 332.6113s
Epoch: 9 cost time: 30.472729206085205
Epoch: 9, Steps: 2272 | Train Loss: 0.5762985 Vali Loss: 0.4499632 Test Loss: 0.1867320
Validation loss decreased (0.451609 --> 0.449963).  Saving model ...
Updating learning rate to 1.953125e-05
	iters: 100, epoch: 10 | loss: 0.3821518
	speed: 0.0585s/iter; left time: 1456.8972s
	iters: 200, epoch: 10 | loss: 0.3764980
	speed: 0.0135s/iter; left time: 333.6726s
	iters: 300, epoch: 10 | loss: 1.1473708
	speed: 0.0147s/iter; left time: 363.7815s
	iters: 400, epoch: 10 | loss: 0.6932768
	speed: 0.0141s/iter; left time: 345.5591s
	iters: 500, epoch: 10 | loss: 0.2827523
	speed: 0.0151s/iter; left time: 370.9425s
	iters: 600, epoch: 10 | loss: 0.2519098
	speed: 0.0156s/iter; left time: 379.6195s
	iters: 700, epoch: 10 | loss: 0.3077123
	speed: 0.0143s/iter; left time: 347.4935s
	iters: 800, epoch: 10 | loss: 0.3546502
	speed: 0.0142s/iter; left time: 344.0341s
	iters: 900, epoch: 10 | loss: 1.3163891
	speed: 0.0138s/iter; left time: 333.5591s
	iters: 1000, epoch: 10 | loss: 0.3680180
	speed: 0.0144s/iter; left time: 345.7311s
	iters: 1100, epoch: 10 | loss: 0.4414968
	speed: 0.0123s/iter; left time: 293.7151s
	iters: 1200, epoch: 10 | loss: 0.4334641
	speed: 0.0142s/iter; left time: 338.4519s
	iters: 1300, epoch: 10 | loss: 1.2768644
	speed: 0.0142s/iter; left time: 336.2170s
	iters: 1400, epoch: 10 | loss: 0.3213041
	speed: 0.0147s/iter; left time: 346.1953s
	iters: 1500, epoch: 10 | loss: 0.6774905
	speed: 0.0138s/iter; left time: 324.0044s
	iters: 1600, epoch: 10 | loss: 0.2393225
	speed: 0.0118s/iter; left time: 275.4020s
	iters: 1700, epoch: 10 | loss: 4.0070610
	speed: 0.0116s/iter; left time: 269.7977s
	iters: 1800, epoch: 10 | loss: 0.3417692
	speed: 0.0147s/iter; left time: 340.5890s
	iters: 1900, epoch: 10 | loss: 0.5331087
	speed: 0.0139s/iter; left time: 320.5926s
	iters: 2000, epoch: 10 | loss: 0.2822743
	speed: 0.0143s/iter; left time: 329.4155s
	iters: 2100, epoch: 10 | loss: 0.2754916
	speed: 0.0131s/iter; left time: 299.4598s
	iters: 2200, epoch: 10 | loss: 0.2504560
	speed: 0.0138s/iter; left time: 315.2778s
Epoch: 10 cost time: 31.348840475082397
Epoch: 10, Steps: 2272 | Train Loss: 0.5724068 Vali Loss: 0.4484845 Test Loss: 0.1865557
Validation loss decreased (0.449963 --> 0.448484).  Saving model ...
Updating learning rate to 9.765625e-06
	iters: 100, epoch: 11 | loss: 0.2905351
	speed: 0.0516s/iter; left time: 1168.1124s
	iters: 200, epoch: 11 | loss: 0.3548885
	speed: 0.0151s/iter; left time: 340.7903s
	iters: 300, epoch: 11 | loss: 2.1178164
	speed: 0.0143s/iter; left time: 319.8124s
	iters: 400, epoch: 11 | loss: 0.3838134
	speed: 0.0140s/iter; left time: 311.4854s
	iters: 500, epoch: 11 | loss: 0.4292637
	speed: 0.0132s/iter; left time: 292.7399s
	iters: 600, epoch: 11 | loss: 0.3865729
	speed: 0.0138s/iter; left time: 304.1878s
	iters: 700, epoch: 11 | loss: 1.3286140
	speed: 0.0139s/iter; left time: 306.7797s
	iters: 800, epoch: 11 | loss: 0.7620839
	speed: 0.0124s/iter; left time: 271.8529s
	iters: 900, epoch: 11 | loss: 0.2835067
	speed: 0.0133s/iter; left time: 290.8034s
	iters: 1000, epoch: 11 | loss: 0.4670891
	speed: 0.0131s/iter; left time: 284.2443s
	iters: 1100, epoch: 11 | loss: 1.5484037
	speed: 0.0132s/iter; left time: 284.4131s
	iters: 1200, epoch: 11 | loss: 0.3043702
	speed: 0.0142s/iter; left time: 305.6733s
	iters: 1300, epoch: 11 | loss: 0.2421902
	speed: 0.0145s/iter; left time: 311.3720s
	iters: 1400, epoch: 11 | loss: 1.3481919
	speed: 0.0140s/iter; left time: 298.3175s
	iters: 1500, epoch: 11 | loss: 0.3825436
	speed: 0.0139s/iter; left time: 295.7459s
	iters: 1600, epoch: 11 | loss: 1.3358010
	speed: 0.0133s/iter; left time: 281.6142s
	iters: 1700, epoch: 11 | loss: 0.3718214
	speed: 0.0131s/iter; left time: 275.8338s
	iters: 1800, epoch: 11 | loss: 0.4201213
	speed: 0.0129s/iter; left time: 269.7736s
	iters: 1900, epoch: 11 | loss: 0.6929513
	speed: 0.0124s/iter; left time: 258.4299s
	iters: 2000, epoch: 11 | loss: 0.3330954
	speed: 0.0146s/iter; left time: 302.7147s
	iters: 2100, epoch: 11 | loss: 1.7219005
	speed: 0.0127s/iter; left time: 262.6199s
	iters: 2200, epoch: 11 | loss: 1.7438293
	speed: 0.0127s/iter; left time: 261.2394s
Epoch: 11 cost time: 30.76974630355835
Epoch: 11, Steps: 2272 | Train Loss: 0.5701262 Vali Loss: 0.4473466 Test Loss: 0.1863563
Validation loss decreased (0.448484 --> 0.447347).  Saving model ...
Updating learning rate to 4.8828125e-06
	iters: 100, epoch: 12 | loss: 0.3173640
	speed: 0.0493s/iter; left time: 1002.8518s
	iters: 200, epoch: 12 | loss: 0.3880160
	speed: 0.0116s/iter; left time: 234.5282s
	iters: 300, epoch: 12 | loss: 0.8747367
	speed: 0.0135s/iter; left time: 271.1444s
	iters: 400, epoch: 12 | loss: 0.2740507
	speed: 0.0128s/iter; left time: 256.1794s
	iters: 500, epoch: 12 | loss: 0.3332388
	speed: 0.0142s/iter; left time: 283.2539s
	iters: 600, epoch: 12 | loss: 0.3918217
	speed: 0.0143s/iter; left time: 284.5500s
	iters: 700, epoch: 12 | loss: 0.2399549
	speed: 0.0148s/iter; left time: 292.9089s
	iters: 800, epoch: 12 | loss: 1.0422908
	speed: 0.0132s/iter; left time: 258.6251s
	iters: 900, epoch: 12 | loss: 0.5246330
	speed: 0.0137s/iter; left time: 268.0521s
	iters: 1000, epoch: 12 | loss: 0.4705951
	speed: 0.0138s/iter; left time: 267.4743s
	iters: 1100, epoch: 12 | loss: 0.3524120
	speed: 0.0142s/iter; left time: 274.2562s
	iters: 1200, epoch: 12 | loss: 0.3655821
	speed: 0.0135s/iter; left time: 259.1085s
	iters: 1300, epoch: 12 | loss: 0.3469930
	speed: 0.0137s/iter; left time: 262.3588s
	iters: 1400, epoch: 12 | loss: 1.2711836
	speed: 0.0144s/iter; left time: 273.4106s
	iters: 1500, epoch: 12 | loss: 0.5814958
	speed: 0.0157s/iter; left time: 296.7973s
	iters: 1600, epoch: 12 | loss: 1.6243080
	speed: 0.0147s/iter; left time: 276.9859s
	iters: 1700, epoch: 12 | loss: 0.5118744
	speed: 0.0137s/iter; left time: 256.5434s
	iters: 1800, epoch: 12 | loss: 0.4811675
	speed: 0.0157s/iter; left time: 292.3347s
	iters: 1900, epoch: 12 | loss: 0.2859094
	speed: 0.0128s/iter; left time: 237.1868s
	iters: 2000, epoch: 12 | loss: 3.4621067
	speed: 0.0132s/iter; left time: 244.0933s
	iters: 2100, epoch: 12 | loss: 0.2863969
	speed: 0.0126s/iter; left time: 231.2902s
	iters: 2200, epoch: 12 | loss: 1.2708896
	speed: 0.0130s/iter; left time: 237.4020s
Epoch: 12 cost time: 30.717232942581177
Epoch: 12, Steps: 2272 | Train Loss: 0.5693345 Vali Loss: 0.4472149 Test Loss: 0.1865540
Validation loss decreased (0.447347 --> 0.447215).  Saving model ...
Updating learning rate to 2.44140625e-06
	iters: 100, epoch: 13 | loss: 0.8255209
	speed: 0.0482s/iter; left time: 870.5768s
	iters: 200, epoch: 13 | loss: 0.2776028
	speed: 0.0149s/iter; left time: 268.0575s
	iters: 300, epoch: 13 | loss: 0.2903100
	speed: 0.0133s/iter; left time: 238.2490s
	iters: 400, epoch: 13 | loss: 1.3829938
	speed: 0.0133s/iter; left time: 236.1649s
	iters: 500, epoch: 13 | loss: 0.4678749
	speed: 0.0135s/iter; left time: 238.3303s
	iters: 600, epoch: 13 | loss: 2.0406528
	speed: 0.0154s/iter; left time: 271.2417s
	iters: 700, epoch: 13 | loss: 0.5542520
	speed: 0.0139s/iter; left time: 242.6048s
	iters: 800, epoch: 13 | loss: 0.3625486
	speed: 0.0119s/iter; left time: 207.4383s
	iters: 900, epoch: 13 | loss: 0.4854168
	speed: 0.0133s/iter; left time: 229.4597s
	iters: 1000, epoch: 13 | loss: 1.2359483
	speed: 0.0117s/iter; left time: 201.6983s
	iters: 1100, epoch: 13 | loss: 1.4216565
	speed: 0.0142s/iter; left time: 242.8583s
	iters: 1200, epoch: 13 | loss: 0.3574529
	speed: 0.0130s/iter; left time: 220.2381s
	iters: 1300, epoch: 13 | loss: 0.3993846
	speed: 0.0142s/iter; left time: 240.4140s
	iters: 1400, epoch: 13 | loss: 0.2118368
	speed: 0.0159s/iter; left time: 267.2763s
	iters: 1500, epoch: 13 | loss: 0.5692180
	speed: 0.0160s/iter; left time: 266.5909s
	iters: 1600, epoch: 13 | loss: 0.8042593
	speed: 0.0136s/iter; left time: 225.3283s
	iters: 1700, epoch: 13 | loss: 0.3395473
	speed: 0.0138s/iter; left time: 227.4620s
	iters: 1800, epoch: 13 | loss: 0.3751897
	speed: 0.0133s/iter; left time: 217.6760s
	iters: 1900, epoch: 13 | loss: 0.2826471
	speed: 0.0132s/iter; left time: 215.0536s
	iters: 2000, epoch: 13 | loss: 0.5379652
	speed: 0.0136s/iter; left time: 219.4193s
	iters: 2100, epoch: 13 | loss: 0.2254269
	speed: 0.0146s/iter; left time: 234.2644s
	iters: 2200, epoch: 13 | loss: 0.4485638
	speed: 0.0128s/iter; left time: 204.3328s
Epoch: 13 cost time: 31.169828414916992
Epoch: 13, Steps: 2272 | Train Loss: 0.5689000 Vali Loss: 0.4474036 Test Loss: 0.1866879
EarlyStopping counter: 1 out of 5
Updating learning rate to 1.220703125e-06
	iters: 100, epoch: 14 | loss: 0.5541826
	speed: 0.0520s/iter; left time: 822.2341s
	iters: 200, epoch: 14 | loss: 0.4535828
	speed: 0.0130s/iter; left time: 204.3952s
	iters: 300, epoch: 14 | loss: 0.2695146
	speed: 0.0129s/iter; left time: 200.7176s
	iters: 400, epoch: 14 | loss: 0.4164211
	speed: 0.0132s/iter; left time: 204.9050s
	iters: 500, epoch: 14 | loss: 0.3372918
	speed: 0.0153s/iter; left time: 235.0992s
	iters: 600, epoch: 14 | loss: 0.4346150
	speed: 0.0153s/iter; left time: 233.4381s
	iters: 700, epoch: 14 | loss: 1.3033800
	speed: 0.0119s/iter; left time: 180.2245s
	iters: 800, epoch: 14 | loss: 0.4475551
	speed: 0.0118s/iter; left time: 178.5759s
	iters: 900, epoch: 14 | loss: 0.4035383
	speed: 0.0140s/iter; left time: 209.5115s
	iters: 1000, epoch: 14 | loss: 0.3947961
	speed: 0.0137s/iter; left time: 204.7656s
	iters: 1100, epoch: 14 | loss: 0.4071970
	speed: 0.0133s/iter; left time: 197.0118s
	iters: 1200, epoch: 14 | loss: 0.3007398
	speed: 0.0140s/iter; left time: 206.0855s
	iters: 1300, epoch: 14 | loss: 0.2657887
	speed: 0.0145s/iter; left time: 211.0555s
	iters: 1400, epoch: 14 | loss: 0.3665667
	speed: 0.0123s/iter; left time: 177.8507s
	iters: 1500, epoch: 14 | loss: 0.3883038
	speed: 0.0138s/iter; left time: 198.4154s
	iters: 1600, epoch: 14 | loss: 0.3637693
	speed: 0.0130s/iter; left time: 186.5662s
	iters: 1700, epoch: 14 | loss: 0.3160585
	speed: 0.0149s/iter; left time: 210.9682s
	iters: 1800, epoch: 14 | loss: 0.3591366
	speed: 0.0121s/iter; left time: 170.1681s
	iters: 1900, epoch: 14 | loss: 0.4051685
	speed: 0.0120s/iter; left time: 167.8106s
	iters: 2000, epoch: 14 | loss: 0.4472767
	speed: 0.0153s/iter; left time: 212.2168s
	iters: 2100, epoch: 14 | loss: 0.5989065
	speed: 0.0125s/iter; left time: 172.2088s
	iters: 2200, epoch: 14 | loss: 0.3951722
	speed: 0.0133s/iter; left time: 182.7712s
Epoch: 14 cost time: 30.377840042114258
Epoch: 14, Steps: 2272 | Train Loss: 0.5685776 Vali Loss: 0.4474736 Test Loss: 0.1866050
EarlyStopping counter: 2 out of 5
Updating learning rate to 6.103515625e-07
	iters: 100, epoch: 15 | loss: 0.3111168
	speed: 0.0550s/iter; left time: 744.5439s
	iters: 200, epoch: 15 | loss: 0.2929994
	speed: 0.0133s/iter; left time: 178.4767s
	iters: 300, epoch: 15 | loss: 0.3192549
	speed: 0.0144s/iter; left time: 191.6245s
	iters: 400, epoch: 15 | loss: 0.3131544
	speed: 0.0146s/iter; left time: 192.6067s
	iters: 500, epoch: 15 | loss: 0.4499459
	speed: 0.0127s/iter; left time: 166.5307s
	iters: 600, epoch: 15 | loss: 0.2936080
	speed: 0.0133s/iter; left time: 173.4991s
	iters: 700, epoch: 15 | loss: 0.5119108
	speed: 0.0148s/iter; left time: 191.7583s
	iters: 800, epoch: 15 | loss: 0.2872597
	speed: 0.0143s/iter; left time: 183.1442s
	iters: 900, epoch: 15 | loss: 1.8640269
	speed: 0.0148s/iter; left time: 188.6487s
	iters: 1000, epoch: 15 | loss: 0.3593651
	speed: 0.0141s/iter; left time: 178.1458s
	iters: 1100, epoch: 15 | loss: 0.4840130
	speed: 0.0129s/iter; left time: 161.9688s
	iters: 1200, epoch: 15 | loss: 1.2883377
	speed: 0.0152s/iter; left time: 188.9472s
	iters: 1300, epoch: 15 | loss: 0.3120951
	speed: 0.0135s/iter; left time: 166.8782s
	iters: 1400, epoch: 15 | loss: 0.2907682
	speed: 0.0137s/iter; left time: 167.3945s
	iters: 1500, epoch: 15 | loss: 0.3462729
	speed: 0.0150s/iter; left time: 181.5986s
	iters: 1600, epoch: 15 | loss: 0.3513630
	speed: 0.0142s/iter; left time: 171.4043s
	iters: 1700, epoch: 15 | loss: 0.5522681
	speed: 0.0131s/iter; left time: 156.3451s
	iters: 1800, epoch: 15 | loss: 0.3797913
	speed: 0.0130s/iter; left time: 153.5980s
	iters: 1900, epoch: 15 | loss: 1.2905271
	speed: 0.0134s/iter; left time: 157.1549s
	iters: 2000, epoch: 15 | loss: 0.4188831
	speed: 0.0134s/iter; left time: 155.8235s
	iters: 2100, epoch: 15 | loss: 0.4344508
	speed: 0.0127s/iter; left time: 146.7318s
	iters: 2200, epoch: 15 | loss: 0.3133502
	speed: 0.0127s/iter; left time: 145.6864s
Epoch: 15 cost time: 31.08982753753662
Epoch: 15, Steps: 2272 | Train Loss: 0.5684892 Vali Loss: 0.4470456 Test Loss: 0.1866093
Validation loss decreased (0.447215 --> 0.447046).  Saving model ...
Updating learning rate to 3.0517578125e-07
	iters: 100, epoch: 16 | loss: 1.3268554
	speed: 0.0562s/iter; left time: 632.8495s
	iters: 200, epoch: 16 | loss: 0.5501189
	speed: 0.0120s/iter; left time: 133.8572s
	iters: 300, epoch: 16 | loss: 0.9941823
	speed: 0.0142s/iter; left time: 156.6804s
	iters: 400, epoch: 16 | loss: 0.3439336
	speed: 0.0129s/iter; left time: 141.2068s
	iters: 500, epoch: 16 | loss: 0.2567941
	speed: 0.0154s/iter; left time: 167.0523s
	iters: 600, epoch: 16 | loss: 0.5718295
	speed: 0.0149s/iter; left time: 160.0991s
	iters: 700, epoch: 16 | loss: 0.7959871
	speed: 0.0146s/iter; left time: 155.8243s
	iters: 800, epoch: 16 | loss: 0.5039827
	speed: 0.0149s/iter; left time: 157.2248s
	iters: 900, epoch: 16 | loss: 0.8987029
	speed: 0.0146s/iter; left time: 152.2345s
	iters: 1000, epoch: 16 | loss: 0.3383529
	speed: 0.0137s/iter; left time: 142.4282s
	iters: 1100, epoch: 16 | loss: 0.3250702
	speed: 0.0141s/iter; left time: 144.5342s
	iters: 1200, epoch: 16 | loss: 0.4139922
	speed: 0.0135s/iter; left time: 137.6054s
	iters: 1300, epoch: 16 | loss: 0.2550397
	speed: 0.0145s/iter; left time: 145.5467s
	iters: 1400, epoch: 16 | loss: 0.5648546
	speed: 0.0141s/iter; left time: 140.7762s
	iters: 1500, epoch: 16 | loss: 0.5162485
	speed: 0.0150s/iter; left time: 147.4910s
	iters: 1600, epoch: 16 | loss: 0.2133855
	speed: 0.0148s/iter; left time: 144.2510s
	iters: 1700, epoch: 16 | loss: 0.3512928
	speed: 0.0141s/iter; left time: 136.1133s
	iters: 1800, epoch: 16 | loss: 0.3626596
	speed: 0.0135s/iter; left time: 128.8404s
	iters: 1900, epoch: 16 | loss: 1.0368119
	speed: 0.0144s/iter; left time: 136.6402s
	iters: 2000, epoch: 16 | loss: 0.4156820
	speed: 0.0143s/iter; left time: 134.2907s
	iters: 2100, epoch: 16 | loss: 0.3129774
	speed: 0.0135s/iter; left time: 124.9385s
	iters: 2200, epoch: 16 | loss: 0.4489007
	speed: 0.0136s/iter; left time: 124.3597s
Epoch: 16 cost time: 31.893742561340332
Epoch: 16, Steps: 2272 | Train Loss: 0.5684712 Vali Loss: 0.4477064 Test Loss: 0.1866020
EarlyStopping counter: 1 out of 5
Updating learning rate to 1.52587890625e-07
	iters: 100, epoch: 17 | loss: 0.3033525
	speed: 0.0546s/iter; left time: 490.4177s
	iters: 200, epoch: 17 | loss: 0.2527031
	speed: 0.0129s/iter; left time: 114.7671s
	iters: 300, epoch: 17 | loss: 1.3400538
	speed: 0.0130s/iter; left time: 114.2098s
	iters: 400, epoch: 17 | loss: 0.3904751
	speed: 0.0134s/iter; left time: 116.5452s
	iters: 500, epoch: 17 | loss: 0.3485135
	speed: 0.0132s/iter; left time: 113.6467s
	iters: 600, epoch: 17 | loss: 0.3054234
	speed: 0.0124s/iter; left time: 105.2989s
	iters: 700, epoch: 17 | loss: 0.3604790
	speed: 0.0126s/iter; left time: 105.4636s
	iters: 800, epoch: 17 | loss: 0.3516772
	speed: 0.0153s/iter; left time: 126.6834s
	iters: 900, epoch: 17 | loss: 0.3915267
	speed: 0.0136s/iter; left time: 111.6579s
	iters: 1000, epoch: 17 | loss: 1.1519595
	speed: 0.0138s/iter; left time: 111.5015s
	iters: 1100, epoch: 17 | loss: 0.2841820
	speed: 0.0132s/iter; left time: 105.3027s
	iters: 1200, epoch: 17 | loss: 0.3978614
	speed: 0.0120s/iter; left time: 94.9115s
	iters: 1300, epoch: 17 | loss: 0.4028363
	speed: 0.0120s/iter; left time: 93.2409s
	iters: 1400, epoch: 17 | loss: 0.3627279
	speed: 0.0118s/iter; left time: 90.8135s
	iters: 1500, epoch: 17 | loss: 0.4241683
	speed: 0.0119s/iter; left time: 90.1684s
	iters: 1600, epoch: 17 | loss: 0.3384550
	speed: 0.0118s/iter; left time: 88.1298s
	iters: 1700, epoch: 17 | loss: 0.3713714
	speed: 0.0118s/iter; left time: 87.0749s
	iters: 1800, epoch: 17 | loss: 1.3121333
	speed: 0.0117s/iter; left time: 85.4354s
	iters: 1900, epoch: 17 | loss: 0.3816785
	speed: 0.0118s/iter; left time: 85.1335s
	iters: 2000, epoch: 17 | loss: 0.4595285
	speed: 0.0124s/iter; left time: 87.9058s
	iters: 2100, epoch: 17 | loss: 0.3060322
	speed: 0.0120s/iter; left time: 83.6121s
	iters: 2200, epoch: 17 | loss: 0.3423945
	speed: 0.0121s/iter; left time: 83.6776s
Epoch: 17 cost time: 28.670870304107666
Epoch: 17, Steps: 2272 | Train Loss: 0.5684654 Vali Loss: 0.4471886 Test Loss: 0.1865991
EarlyStopping counter: 2 out of 5
Updating learning rate to 7.62939453125e-08
	iters: 100, epoch: 18 | loss: 0.4197655
	speed: 0.0538s/iter; left time: 361.3587s
	iters: 200, epoch: 18 | loss: 0.4824303
	speed: 0.0128s/iter; left time: 84.5719s
	iters: 300, epoch: 18 | loss: 1.2565929
	speed: 0.0129s/iter; left time: 84.0210s
	iters: 400, epoch: 18 | loss: 0.5487680
	speed: 0.0128s/iter; left time: 82.2799s
	iters: 500, epoch: 18 | loss: 0.3172306
	speed: 0.0128s/iter; left time: 81.0488s
	iters: 600, epoch: 18 | loss: 1.2586507
	speed: 0.0127s/iter; left time: 78.6514s
	iters: 700, epoch: 18 | loss: 0.2947905
	speed: 0.0128s/iter; left time: 78.2036s
	iters: 800, epoch: 18 | loss: 0.4277466
	speed: 0.0126s/iter; left time: 75.9431s
	iters: 900, epoch: 18 | loss: 0.3227052
	speed: 0.0116s/iter; left time: 68.4089s
	iters: 1000, epoch: 18 | loss: 1.4693679
	speed: 0.0115s/iter; left time: 66.6103s
	iters: 1100, epoch: 18 | loss: 0.5065586
	speed: 0.0125s/iter; left time: 71.1895s
	iters: 1200, epoch: 18 | loss: 0.3949982
	speed: 0.0116s/iter; left time: 65.1729s
	iters: 1300, epoch: 18 | loss: 0.3368813
	speed: 0.0119s/iter; left time: 65.8795s
	iters: 1400, epoch: 18 | loss: 1.3666607
	speed: 0.0128s/iter; left time: 69.1394s
	iters: 1500, epoch: 18 | loss: 0.4385779
	speed: 0.0135s/iter; left time: 71.9917s
	iters: 1600, epoch: 18 | loss: 0.3409627
	speed: 0.0137s/iter; left time: 71.5437s
	iters: 1700, epoch: 18 | loss: 0.8748278
	speed: 0.0144s/iter; left time: 73.4291s
	iters: 1800, epoch: 18 | loss: 1.4309956
	speed: 0.0120s/iter; left time: 60.4169s
	iters: 1900, epoch: 18 | loss: 0.2850152
	speed: 0.0113s/iter; left time: 55.4918s
	iters: 2000, epoch: 18 | loss: 0.2840792
	speed: 0.0119s/iter; left time: 57.2439s
	iters: 2100, epoch: 18 | loss: 1.4379337
	speed: 0.0117s/iter; left time: 55.3803s
	iters: 2200, epoch: 18 | loss: 0.3457081
	speed: 0.0116s/iter; left time: 53.6626s
Epoch: 18 cost time: 28.23459768295288
Epoch: 18, Steps: 2272 | Train Loss: 0.5683629 Vali Loss: 0.4475837 Test Loss: 0.1865986
EarlyStopping counter: 3 out of 5
Updating learning rate to 3.814697265625e-08
	iters: 100, epoch: 19 | loss: 0.7338220
	speed: 0.0530s/iter; left time: 235.7114s
	iters: 200, epoch: 19 | loss: 0.5637971
	speed: 0.0144s/iter; left time: 62.6693s
	iters: 300, epoch: 19 | loss: 1.2467365
	speed: 0.0122s/iter; left time: 51.9340s
	iters: 400, epoch: 19 | loss: 0.3073663
	speed: 0.0126s/iter; left time: 52.1049s
	iters: 500, epoch: 19 | loss: 0.2858539
	speed: 0.0125s/iter; left time: 50.5381s
	iters: 600, epoch: 19 | loss: 0.5025473
	speed: 0.0125s/iter; left time: 49.2871s
	iters: 700, epoch: 19 | loss: 0.9886969
	speed: 0.0134s/iter; left time: 51.6851s
	iters: 800, epoch: 19 | loss: 0.4092379
	speed: 0.0123s/iter; left time: 45.9932s
	iters: 900, epoch: 19 | loss: 0.3568369
	speed: 0.0114s/iter; left time: 41.6032s
	iters: 1000, epoch: 19 | loss: 1.4349753
	speed: 0.0116s/iter; left time: 41.1612s
	iters: 1100, epoch: 19 | loss: 0.3284624
	speed: 0.0115s/iter; left time: 39.4485s
	iters: 1200, epoch: 19 | loss: 0.5074098
	speed: 0.0114s/iter; left time: 38.1056s
	iters: 1300, epoch: 19 | loss: 0.2977819
	speed: 0.0115s/iter; left time: 37.4297s
	iters: 1400, epoch: 19 | loss: 0.5928989
	speed: 0.0116s/iter; left time: 36.4235s
	iters: 1500, epoch: 19 | loss: 0.4652486
	speed: 0.0115s/iter; left time: 35.1159s
	iters: 1600, epoch: 19 | loss: 0.4753378
	speed: 0.0115s/iter; left time: 33.9369s
	iters: 1700, epoch: 19 | loss: 0.3354843
	speed: 0.0120s/iter; left time: 34.0344s
	iters: 1800, epoch: 19 | loss: 0.3859690
	speed: 0.0117s/iter; left time: 32.2051s
	iters: 1900, epoch: 19 | loss: 0.2537412
	speed: 0.0112s/iter; left time: 29.6306s
	iters: 2000, epoch: 19 | loss: 0.2975655
	speed: 0.0113s/iter; left time: 28.7398s
	iters: 2100, epoch: 19 | loss: 0.2744496
	speed: 0.0111s/iter; left time: 27.1650s
	iters: 2200, epoch: 19 | loss: 0.5529802
	speed: 0.0113s/iter; left time: 26.4110s
Epoch: 19 cost time: 27.09953474998474
Epoch: 19, Steps: 2272 | Train Loss: 0.5684035 Vali Loss: 0.4478661 Test Loss: 0.1865981
EarlyStopping counter: 4 out of 5
Updating learning rate to 1.9073486328125e-08
	iters: 100, epoch: 20 | loss: 0.3224596
	speed: 0.0528s/iter; left time: 114.6995s
	iters: 200, epoch: 20 | loss: 0.4322061
	speed: 0.0123s/iter; left time: 25.4783s
	iters: 300, epoch: 20 | loss: 0.3888533
	speed: 0.0130s/iter; left time: 25.5513s
	iters: 400, epoch: 20 | loss: 0.3142432
	speed: 0.0125s/iter; left time: 23.3765s
	iters: 500, epoch: 20 | loss: 0.2945479
	speed: 0.0120s/iter; left time: 21.2145s
	iters: 600, epoch: 20 | loss: 0.3179609
	speed: 0.0124s/iter; left time: 20.6646s
	iters: 700, epoch: 20 | loss: 0.4047154
	speed: 0.0114s/iter; left time: 17.9844s
	iters: 800, epoch: 20 | loss: 1.6096830
	speed: 0.0113s/iter; left time: 16.7131s
	iters: 900, epoch: 20 | loss: 0.4444338
	speed: 0.0112s/iter; left time: 15.4098s
	iters: 1000, epoch: 20 | loss: 0.4998958
	speed: 0.0116s/iter; left time: 14.7301s
	iters: 1100, epoch: 20 | loss: 0.2380726
	speed: 0.0115s/iter; left time: 13.4729s
	iters: 1200, epoch: 20 | loss: 0.3693263
	speed: 0.0116s/iter; left time: 12.4512s
	iters: 1300, epoch: 20 | loss: 0.4488270
	speed: 0.0108s/iter; left time: 10.5517s
	iters: 1400, epoch: 20 | loss: 0.9622167
	speed: 0.0106s/iter; left time: 9.2130s
	iters: 1500, epoch: 20 | loss: 0.7335744
	speed: 0.0107s/iter; left time: 8.2580s
	iters: 1600, epoch: 20 | loss: 0.2836229
	speed: 0.0106s/iter; left time: 7.1475s
	iters: 1700, epoch: 20 | loss: 3.6075377
	speed: 0.0106s/iter; left time: 6.0636s
	iters: 1800, epoch: 20 | loss: 0.3147774
	speed: 0.0105s/iter; left time: 4.9775s
	iters: 1900, epoch: 20 | loss: 0.4470170
	speed: 0.0102s/iter; left time: 3.8206s
	iters: 2000, epoch: 20 | loss: 1.1696882
	speed: 0.0102s/iter; left time: 2.7883s
	iters: 2100, epoch: 20 | loss: 0.5070322
	speed: 0.0104s/iter; left time: 1.7989s
	iters: 2200, epoch: 20 | loss: 0.3686827
	speed: 0.0101s/iter; left time: 0.7371s
Epoch: 20 cost time: 25.461806297302246
Epoch: 20, Steps: 2272 | Train Loss: 0.5684017 Vali Loss: 0.4477094 Test Loss: 0.1865978
EarlyStopping counter: 5 out of 5
Early stopping
>>>>>>>testing : weather_336_192_NLinear_custom_ftM_sl336_ll48_pl192_dm512_nh8_el2_dl1_df2048_fc1_ebtimeF_dtTrue_Exp_0_seed15227<<<<<<<<<<<<<<<<<<<<<<<<<<<<<<<<<
test 10348
mse:0.18665769696235657, mae:0.23604647815227509
