Args in experiment:
Namespace(activation='gelu', batch_size=8, c_out=7, checkpoints='./checkpoints/', d_ff=2048, d_layers=1, d_model=512, data='ETTm1', data_path='ETTm1.csv', dec_in=7, des='Exp', devices='0,1,2,3', distil=True, do_predict=False, dropout=0.05, e_layers=2, embed='timeF', embed_type=0, enc_in=7, factor=1, features='M', freq='h', gpu=0, individual=True, is_training=1, itr=1, label_len=48, learning_rate=0.005, loss='mse', lradj='type1', model='NLinear', model_id='ETTm1_336_96', moving_avg=25, n_heads=8, num_workers=0, output_attention=False, patience=5, pred_len=96, root_path='./dataset/', save_pred_values=False, seed=3144, seq_len=336, target='OT', test_flop=False, train_epochs=20, train_only=False, use_amp=False, use_gpu=False, use_multi_gpu=False)
Use CPU
>>>>>>>start training : ETTm1_336_96_NLinear_ETTm1_ftM_sl336_ll48_pl96_dm512_nh8_el2_dl1_df2048_fc1_ebtimeF_dtTrue_Exp_0_seed3144>>>>>>>>>>>>>>>>>>>>>>>>>>
train 34129
val 11425
test 11425
	iters: 100, epoch: 1 | loss: 0.3370918
	speed: 0.0025s/iter; left time: 216.5038s
	iters: 200, epoch: 1 | loss: 0.4969296
	speed: 0.0025s/iter; left time: 215.3570s
	iters: 300, epoch: 1 | loss: 0.5231079
	speed: 0.0025s/iter; left time: 211.9582s
	iters: 400, epoch: 1 | loss: 0.4296246
	speed: 0.0024s/iter; left time: 202.9619s
	iters: 500, epoch: 1 | loss: 0.3968019
	speed: 0.0024s/iter; left time: 201.0258s
	iters: 600, epoch: 1 | loss: 0.4544730
	speed: 0.0024s/iter; left time: 199.9816s
	iters: 700, epoch: 1 | loss: 0.5431227
	speed: 0.0024s/iter; left time: 200.7678s
	iters: 800, epoch: 1 | loss: 0.9410317
	speed: 0.0029s/iter; left time: 245.1125s
	iters: 900, epoch: 1 | loss: 0.3663624
	speed: 0.0030s/iter; left time: 252.4182s
	iters: 1000, epoch: 1 | loss: 0.4099817
	speed: 0.0030s/iter; left time: 251.4894s
	iters: 1100, epoch: 1 | loss: 0.3184176
	speed: 0.0029s/iter; left time: 245.1342s
	iters: 1200, epoch: 1 | loss: 0.4621664
	speed: 0.0028s/iter; left time: 238.9028s
	iters: 1300, epoch: 1 | loss: 0.6080667
	speed: 0.0028s/iter; left time: 238.6196s
	iters: 1400, epoch: 1 | loss: 0.3377983
	speed: 0.0028s/iter; left time: 237.6489s
	iters: 1500, epoch: 1 | loss: 0.4990411
	speed: 0.0029s/iter; left time: 240.5678s
	iters: 1600, epoch: 1 | loss: 0.3053843
	speed: 0.0034s/iter; left time: 283.0173s
	iters: 1700, epoch: 1 | loss: 0.6825510
	speed: 0.0032s/iter; left time: 265.3291s
	iters: 1800, epoch: 1 | loss: 0.4851411
	speed: 0.0028s/iter; left time: 237.2010s
	iters: 1900, epoch: 1 | loss: 0.4280848
	speed: 0.0029s/iter; left time: 246.0755s
	iters: 2000, epoch: 1 | loss: 0.2980520
	speed: 0.0029s/iter; left time: 244.3180s
	iters: 2100, epoch: 1 | loss: 0.4215857
	speed: 0.0029s/iter; left time: 238.0129s
	iters: 2200, epoch: 1 | loss: 0.3380682
	speed: 0.0029s/iter; left time: 237.7257s
	iters: 2300, epoch: 1 | loss: 0.5049155
	speed: 0.0028s/iter; left time: 234.9490s
	iters: 2400, epoch: 1 | loss: 0.2595927
	speed: 0.0032s/iter; left time: 266.3220s
	iters: 2500, epoch: 1 | loss: 0.3518843
	speed: 0.0030s/iter; left time: 250.1674s
	iters: 2600, epoch: 1 | loss: 0.3014500
	speed: 0.0029s/iter; left time: 238.2358s
	iters: 2700, epoch: 1 | loss: 0.2874768
	speed: 0.0029s/iter; left time: 242.2210s
	iters: 2800, epoch: 1 | loss: 0.4567463
	speed: 0.0031s/iter; left time: 254.1642s
	iters: 2900, epoch: 1 | loss: 0.5872592
	speed: 0.0030s/iter; left time: 243.9664s
	iters: 3000, epoch: 1 | loss: 0.3410033
	speed: 0.0032s/iter; left time: 259.3618s
	iters: 3100, epoch: 1 | loss: 0.2580673
	speed: 0.0031s/iter; left time: 252.6035s
	iters: 3200, epoch: 1 | loss: 0.2834288
	speed: 0.0033s/iter; left time: 269.3571s
	iters: 3300, epoch: 1 | loss: 0.6468448
	speed: 0.0033s/iter; left time: 273.9498s
	iters: 3400, epoch: 1 | loss: 0.3946990
	speed: 0.0034s/iter; left time: 275.5524s
	iters: 3500, epoch: 1 | loss: 0.3725004
	speed: 0.0033s/iter; left time: 270.9526s
	iters: 3600, epoch: 1 | loss: 0.3329455
	speed: 0.0032s/iter; left time: 262.3243s
	iters: 3700, epoch: 1 | loss: 0.3580929
	speed: 0.0032s/iter; left time: 259.7004s
	iters: 3800, epoch: 1 | loss: 0.3323444
	speed: 0.0025s/iter; left time: 203.8377s
	iters: 3900, epoch: 1 | loss: 0.5453345
	speed: 0.0021s/iter; left time: 174.2413s
	iters: 4000, epoch: 1 | loss: 2.2382216
	speed: 0.0029s/iter; left time: 232.7702s
	iters: 4100, epoch: 1 | loss: 0.6117867
	speed: 0.0030s/iter; left time: 244.4759s
	iters: 4200, epoch: 1 | loss: 0.5004007
	speed: 0.0031s/iter; left time: 254.7187s
Epoch: 1 cost time: 12.375418424606323
Epoch: 1, Steps: 4266 | Train Loss: 0.4372271 Vali Loss: 0.9279420 Test Loss: 0.8136819
Validation loss decreased (inf --> 0.927942).  Saving model ...
Updating learning rate to 0.005
	iters: 100, epoch: 2 | loss: 0.3936008
	speed: 0.0257s/iter; left time: 2077.8998s
	iters: 200, epoch: 2 | loss: 0.3694681
	speed: 0.0024s/iter; left time: 194.8613s
	iters: 300, epoch: 2 | loss: 0.4374854
	speed: 0.0025s/iter; left time: 203.5508s
	iters: 400, epoch: 2 | loss: 0.3931518
	speed: 0.0025s/iter; left time: 201.6385s
	iters: 500, epoch: 2 | loss: 0.3443252
	speed: 0.0026s/iter; left time: 205.5398s
	iters: 600, epoch: 2 | loss: 0.5514995
	speed: 0.0029s/iter; left time: 231.7103s
	iters: 700, epoch: 2 | loss: 0.3895806
	speed: 0.0029s/iter; left time: 230.6190s
	iters: 800, epoch: 2 | loss: 0.3323755
	speed: 0.0029s/iter; left time: 232.2022s
	iters: 900, epoch: 2 | loss: 0.3138309
	speed: 0.0028s/iter; left time: 226.0370s
	iters: 1000, epoch: 2 | loss: 0.4093830
	speed: 0.0025s/iter; left time: 197.7372s
	iters: 1100, epoch: 2 | loss: 0.4450854
	speed: 0.0025s/iter; left time: 198.2864s
	iters: 1200, epoch: 2 | loss: 0.5299388
	speed: 0.0025s/iter; left time: 199.8254s
	iters: 1300, epoch: 2 | loss: 0.5487176
	speed: 0.0027s/iter; left time: 215.3877s
	iters: 1400, epoch: 2 | loss: 0.3491102
	speed: 0.0029s/iter; left time: 232.5917s
	iters: 1500, epoch: 2 | loss: 0.6134351
	speed: 0.0029s/iter; left time: 229.1185s
	iters: 1600, epoch: 2 | loss: 0.3610442
	speed: 0.0032s/iter; left time: 250.4320s
	iters: 1700, epoch: 2 | loss: 0.3141394
	speed: 0.0031s/iter; left time: 246.0005s
	iters: 1800, epoch: 2 | loss: 0.2866410
	speed: 0.0025s/iter; left time: 197.3894s
	iters: 1900, epoch: 2 | loss: 0.4567322
	speed: 0.0029s/iter; left time: 227.3964s
	iters: 2000, epoch: 2 | loss: 0.4001598
	speed: 0.0030s/iter; left time: 233.2127s
	iters: 2100, epoch: 2 | loss: 0.3140665
	speed: 0.0025s/iter; left time: 198.2660s
	iters: 2200, epoch: 2 | loss: 0.3781447
	speed: 0.0025s/iter; left time: 193.9833s
	iters: 2300, epoch: 2 | loss: 0.4581006
	speed: 0.0026s/iter; left time: 203.3919s
	iters: 2400, epoch: 2 | loss: 0.5054313
	speed: 0.0025s/iter; left time: 195.0645s
	iters: 2500, epoch: 2 | loss: 0.3372265
	speed: 0.0029s/iter; left time: 223.8824s
	iters: 2600, epoch: 2 | loss: 0.4165585
	speed: 0.0030s/iter; left time: 236.9338s
	iters: 2700, epoch: 2 | loss: 0.2445206
	speed: 0.0025s/iter; left time: 199.0964s
	iters: 2800, epoch: 2 | loss: 0.2430123
	speed: 0.0029s/iter; left time: 227.7229s
	iters: 2900, epoch: 2 | loss: 0.3618859
	speed: 0.0029s/iter; left time: 224.3046s
	iters: 3000, epoch: 2 | loss: 0.5474560
	speed: 0.0029s/iter; left time: 229.6056s
	iters: 3100, epoch: 2 | loss: 0.5054238
	speed: 0.0029s/iter; left time: 223.7330s
	iters: 3200, epoch: 2 | loss: 0.3080292
	speed: 0.0034s/iter; left time: 263.9748s
	iters: 3300, epoch: 2 | loss: 0.4957509
	speed: 0.0034s/iter; left time: 265.2964s
	iters: 3400, epoch: 2 | loss: 0.3421570
	speed: 0.0032s/iter; left time: 246.9422s
	iters: 3500, epoch: 2 | loss: 0.5000654
	speed: 0.0029s/iter; left time: 222.5843s
	iters: 3600, epoch: 2 | loss: 0.2420087
	speed: 0.0028s/iter; left time: 214.5494s
	iters: 3700, epoch: 2 | loss: 0.5678536
	speed: 0.0029s/iter; left time: 224.5320s
	iters: 3800, epoch: 2 | loss: 0.3669684
	speed: 0.0026s/iter; left time: 200.0896s
	iters: 3900, epoch: 2 | loss: 0.6524326
	speed: 0.0026s/iter; left time: 199.0631s
	iters: 4000, epoch: 2 | loss: 0.3731964
	speed: 0.0026s/iter; left time: 198.1774s
	iters: 4100, epoch: 2 | loss: 0.4661880
	speed: 0.0028s/iter; left time: 216.2442s
	iters: 4200, epoch: 2 | loss: 0.3200318
	speed: 0.0029s/iter; left time: 219.0780s
Epoch: 2 cost time: 11.867921590805054
Epoch: 2, Steps: 4266 | Train Loss: 0.4328576 Vali Loss: 0.5282144 Test Loss: 0.4134674
Validation loss decreased (0.927942 --> 0.528214).  Saving model ...
Updating learning rate to 0.0025
	iters: 100, epoch: 3 | loss: 0.2712283
	speed: 0.0235s/iter; left time: 1801.0209s
	iters: 200, epoch: 3 | loss: 0.2885922
	speed: 0.0034s/iter; left time: 256.8299s
	iters: 300, epoch: 3 | loss: 0.2707106
	speed: 0.0034s/iter; left time: 257.0036s
	iters: 400, epoch: 3 | loss: 0.2502997
	speed: 0.0033s/iter; left time: 250.5571s
	iters: 500, epoch: 3 | loss: 0.2389787
	speed: 0.0033s/iter; left time: 254.3845s
	iters: 600, epoch: 3 | loss: 0.3871587
	speed: 0.0028s/iter; left time: 215.6528s
	iters: 700, epoch: 3 | loss: 0.3201895
	speed: 0.0032s/iter; left time: 246.5288s
	iters: 800, epoch: 3 | loss: 0.3665337
	speed: 0.0032s/iter; left time: 241.0054s
	iters: 900, epoch: 3 | loss: 0.2277363
	speed: 0.0033s/iter; left time: 248.1573s
	iters: 1000, epoch: 3 | loss: 0.2870543
	speed: 0.0033s/iter; left time: 247.0718s
	iters: 1100, epoch: 3 | loss: 0.2944885
	speed: 0.0032s/iter; left time: 240.9262s
	iters: 1200, epoch: 3 | loss: 0.2938809
	speed: 0.0028s/iter; left time: 214.6743s
	iters: 1300, epoch: 3 | loss: 0.2272827
	speed: 0.0032s/iter; left time: 240.8099s
	iters: 1400, epoch: 3 | loss: 0.3130114
	speed: 0.0032s/iter; left time: 242.9341s
	iters: 1500, epoch: 3 | loss: 0.2196544
	speed: 0.0030s/iter; left time: 226.6632s
	iters: 1600, epoch: 3 | loss: 0.2388725
	speed: 0.0026s/iter; left time: 193.9884s
	iters: 1700, epoch: 3 | loss: 0.2880814
	speed: 0.0028s/iter; left time: 210.9997s
	iters: 1800, epoch: 3 | loss: 0.2293989
	speed: 0.0029s/iter; left time: 220.6017s
	iters: 1900, epoch: 3 | loss: 0.2957509
	speed: 0.0031s/iter; left time: 232.9063s
	iters: 2000, epoch: 3 | loss: 0.4820617
	speed: 0.0033s/iter; left time: 245.3529s
	iters: 2100, epoch: 3 | loss: 0.3287517
	speed: 0.0033s/iter; left time: 246.7322s
	iters: 2200, epoch: 3 | loss: 0.2204680
	speed: 0.0033s/iter; left time: 244.6521s
	iters: 2300, epoch: 3 | loss: 0.3024984
	speed: 0.0033s/iter; left time: 248.8642s
	iters: 2400, epoch: 3 | loss: 0.4153729
	speed: 0.0032s/iter; left time: 234.5166s
	iters: 2500, epoch: 3 | loss: 0.4138889
	speed: 0.0032s/iter; left time: 237.7240s
	iters: 2600, epoch: 3 | loss: 0.3768288
	speed: 0.0033s/iter; left time: 244.8242s
	iters: 2700, epoch: 3 | loss: 0.3954263
	speed: 0.0033s/iter; left time: 246.1165s
	iters: 2800, epoch: 3 | loss: 0.3004285
	speed: 0.0032s/iter; left time: 234.5909s
	iters: 2900, epoch: 3 | loss: 0.4660825
	speed: 0.0030s/iter; left time: 223.1450s
	iters: 3000, epoch: 3 | loss: 0.2336520
	speed: 0.0030s/iter; left time: 223.0428s
	iters: 3100, epoch: 3 | loss: 0.3338259
	speed: 0.0030s/iter; left time: 223.2773s
	iters: 3200, epoch: 3 | loss: 0.3197407
	speed: 0.0030s/iter; left time: 217.0883s
	iters: 3300, epoch: 3 | loss: 0.3304660
	speed: 0.0032s/iter; left time: 233.7384s
	iters: 3400, epoch: 3 | loss: 0.2833047
	speed: 0.0032s/iter; left time: 231.3938s
	iters: 3500, epoch: 3 | loss: 0.2916692
	speed: 0.0030s/iter; left time: 222.7990s
	iters: 3600, epoch: 3 | loss: 0.4103202
	speed: 0.0029s/iter; left time: 211.5148s
	iters: 3700, epoch: 3 | loss: 0.5839523
	speed: 0.0031s/iter; left time: 229.6660s
	iters: 3800, epoch: 3 | loss: 0.2847621
	speed: 0.0033s/iter; left time: 239.4045s
	iters: 3900, epoch: 3 | loss: 0.2746905
	speed: 0.0031s/iter; left time: 223.8694s
	iters: 4000, epoch: 3 | loss: 0.3086140
	speed: 0.0032s/iter; left time: 233.7645s
	iters: 4100, epoch: 3 | loss: 0.3454159
	speed: 0.0030s/iter; left time: 218.8361s
	iters: 4200, epoch: 3 | loss: 0.2308538
	speed: 0.0030s/iter; left time: 216.3148s
Epoch: 3 cost time: 13.329003095626831
Epoch: 3, Steps: 4266 | Train Loss: 0.3252385 Vali Loss: 0.5008587 Test Loss: 0.4052724
Validation loss decreased (0.528214 --> 0.500859).  Saving model ...
Updating learning rate to 0.00125
	iters: 100, epoch: 4 | loss: 0.1952180
	speed: 0.0285s/iter; left time: 2060.9636s
	iters: 200, epoch: 4 | loss: 0.2041379
	speed: 0.0030s/iter; left time: 214.7993s
	iters: 300, epoch: 4 | loss: 0.3110264
	speed: 0.0028s/iter; left time: 205.2390s
	iters: 400, epoch: 4 | loss: 0.3322839
	speed: 0.0026s/iter; left time: 185.3557s
	iters: 500, epoch: 4 | loss: 0.2712492
	speed: 0.0030s/iter; left time: 215.3914s
	iters: 600, epoch: 4 | loss: 0.2787282
	speed: 0.0030s/iter; left time: 215.2641s
	iters: 700, epoch: 4 | loss: 0.2536146
	speed: 0.0029s/iter; left time: 209.7229s
	iters: 800, epoch: 4 | loss: 0.2784227
	speed: 0.0026s/iter; left time: 185.0458s
	iters: 900, epoch: 4 | loss: 0.1792423
	speed: 0.0025s/iter; left time: 181.9613s
	iters: 1000, epoch: 4 | loss: 0.2174474
	speed: 0.0026s/iter; left time: 187.5240s
	iters: 1100, epoch: 4 | loss: 0.2595194
	speed: 0.0025s/iter; left time: 178.5575s
	iters: 1200, epoch: 4 | loss: 0.2400368
	speed: 0.0026s/iter; left time: 183.2997s
	iters: 1300, epoch: 4 | loss: 0.2401453
	speed: 0.0029s/iter; left time: 203.6980s
	iters: 1400, epoch: 4 | loss: 0.3844096
	speed: 0.0030s/iter; left time: 213.4875s
	iters: 1500, epoch: 4 | loss: 0.3380814
	speed: 0.0022s/iter; left time: 152.7351s
	iters: 1600, epoch: 4 | loss: 0.1943975
	speed: 0.0026s/iter; left time: 183.6920s
	iters: 1700, epoch: 4 | loss: 0.3793548
	speed: 0.0026s/iter; left time: 184.1379s
	iters: 1800, epoch: 4 | loss: 0.2378124
	speed: 0.0029s/iter; left time: 203.1903s
	iters: 1900, epoch: 4 | loss: 0.2623054
	speed: 0.0025s/iter; left time: 177.9700s
	iters: 2000, epoch: 4 | loss: 0.2951955
	speed: 0.0030s/iter; left time: 213.7168s
	iters: 2100, epoch: 4 | loss: 0.3623754
	speed: 0.0033s/iter; left time: 231.9118s
	iters: 2200, epoch: 4 | loss: 0.2636638
	speed: 0.0030s/iter; left time: 209.5618s
	iters: 2300, epoch: 4 | loss: 0.1961125
	speed: 0.0027s/iter; left time: 188.9960s
	iters: 2400, epoch: 4 | loss: 0.2630713
	speed: 0.0025s/iter; left time: 173.9046s
	iters: 2500, epoch: 4 | loss: 0.2556981
	speed: 0.0025s/iter; left time: 174.4708s
	iters: 2600, epoch: 4 | loss: 0.3410908
	speed: 0.0025s/iter; left time: 174.1085s
	iters: 2700, epoch: 4 | loss: 0.3504105
	speed: 0.0023s/iter; left time: 162.6883s
	iters: 2800, epoch: 4 | loss: 0.2192238
	speed: 0.0023s/iter; left time: 161.0591s
	iters: 2900, epoch: 4 | loss: 0.2866763
	speed: 0.0027s/iter; left time: 186.7142s
	iters: 3000, epoch: 4 | loss: 0.2061724
	speed: 0.0027s/iter; left time: 185.6693s
	iters: 3100, epoch: 4 | loss: 0.5081464
	speed: 0.0022s/iter; left time: 149.9529s
	iters: 3200, epoch: 4 | loss: 0.2094286
	speed: 0.0030s/iter; left time: 205.8904s
	iters: 3300, epoch: 4 | loss: 0.1770539
	speed: 0.0030s/iter; left time: 208.5211s
	iters: 3400, epoch: 4 | loss: 0.2366592
	speed: 0.0029s/iter; left time: 202.5287s
	iters: 3500, epoch: 4 | loss: 0.2209430
	speed: 0.0029s/iter; left time: 200.1999s
	iters: 3600, epoch: 4 | loss: 0.1915590
	speed: 0.0028s/iter; left time: 194.5588s
	iters: 3700, epoch: 4 | loss: 0.2691283
	speed: 0.0029s/iter; left time: 200.9627s
	iters: 3800, epoch: 4 | loss: 0.2623640
	speed: 0.0029s/iter; left time: 200.6722s
	iters: 3900, epoch: 4 | loss: 0.2323625
	speed: 0.0033s/iter; left time: 226.5540s
	iters: 4000, epoch: 4 | loss: 0.2323499
	speed: 0.0032s/iter; left time: 222.0329s
	iters: 4100, epoch: 4 | loss: 0.2590268
	speed: 0.0028s/iter; left time: 192.2684s
	iters: 4200, epoch: 4 | loss: 0.1923159
	speed: 0.0023s/iter; left time: 155.0155s
Epoch: 4 cost time: 11.692917108535767
Epoch: 4, Steps: 4266 | Train Loss: 0.2873571 Vali Loss: 0.4198355 Test Loss: 0.3408229
Validation loss decreased (0.500859 --> 0.419836).  Saving model ...
Updating learning rate to 0.000625
	iters: 100, epoch: 5 | loss: 0.1844065
	speed: 0.0183s/iter; left time: 1248.8395s
	iters: 200, epoch: 5 | loss: 0.2306397
	speed: 0.0033s/iter; left time: 223.3352s
	iters: 300, epoch: 5 | loss: 0.2417981
	speed: 0.0031s/iter; left time: 213.3847s
	iters: 400, epoch: 5 | loss: 0.2567050
	speed: 0.0032s/iter; left time: 215.7856s
	iters: 500, epoch: 5 | loss: 0.1855012
	speed: 0.0031s/iter; left time: 211.4041s
	iters: 600, epoch: 5 | loss: 0.5455614
	speed: 0.0027s/iter; left time: 184.2353s
	iters: 700, epoch: 5 | loss: 0.2317257
	speed: 0.0026s/iter; left time: 172.9458s
	iters: 800, epoch: 5 | loss: 0.2654071
	speed: 0.0027s/iter; left time: 180.7331s
	iters: 900, epoch: 5 | loss: 0.1705012
	speed: 0.0026s/iter; left time: 174.5876s
	iters: 1000, epoch: 5 | loss: 0.3594465
	speed: 0.0028s/iter; left time: 186.3025s
	iters: 1100, epoch: 5 | loss: 0.2528986
	speed: 0.0026s/iter; left time: 173.9770s
	iters: 1200, epoch: 5 | loss: 0.2937793
	speed: 0.0026s/iter; left time: 177.0314s
	iters: 1300, epoch: 5 | loss: 0.2927010
	speed: 0.0027s/iter; left time: 178.9498s
	iters: 1400, epoch: 5 | loss: 0.2995774
	speed: 0.0025s/iter; left time: 170.4853s
	iters: 1500, epoch: 5 | loss: 0.2596689
	speed: 0.0026s/iter; left time: 174.2356s
	iters: 1600, epoch: 5 | loss: 0.1770064
	speed: 0.0026s/iter; left time: 174.0149s
	iters: 1700, epoch: 5 | loss: 0.2072705
	speed: 0.0027s/iter; left time: 179.8486s
	iters: 1800, epoch: 5 | loss: 0.2271217
	speed: 0.0030s/iter; left time: 202.0294s
	iters: 1900, epoch: 5 | loss: 0.2961335
	speed: 0.0024s/iter; left time: 162.5746s
	iters: 2000, epoch: 5 | loss: 0.4252551
	speed: 0.0025s/iter; left time: 166.9679s
	iters: 2100, epoch: 5 | loss: 0.3217288
	speed: 0.0028s/iter; left time: 182.7855s
	iters: 2200, epoch: 5 | loss: 0.1635178
	speed: 0.0024s/iter; left time: 157.9153s
	iters: 2300, epoch: 5 | loss: 0.2088285
	speed: 0.0023s/iter; left time: 154.9987s
	iters: 2400, epoch: 5 | loss: 0.2121221
	speed: 0.0022s/iter; left time: 147.5195s
	iters: 2500, epoch: 5 | loss: 0.3008841
	speed: 0.0026s/iter; left time: 169.1083s
	iters: 2600, epoch: 5 | loss: 0.3719736
	speed: 0.0028s/iter; left time: 186.4661s
	iters: 2700, epoch: 5 | loss: 0.2592648
	speed: 0.0029s/iter; left time: 190.8046s
	iters: 2800, epoch: 5 | loss: 0.2927504
	speed: 0.0030s/iter; left time: 193.2107s
	iters: 2900, epoch: 5 | loss: 0.1923572
	speed: 0.0032s/iter; left time: 209.1436s
	iters: 3000, epoch: 5 | loss: 0.3126853
	speed: 0.0033s/iter; left time: 217.2905s
	iters: 3100, epoch: 5 | loss: 0.1912818
	speed: 0.0026s/iter; left time: 171.3635s
	iters: 3200, epoch: 5 | loss: 0.3044800
	speed: 0.0029s/iter; left time: 186.8877s
	iters: 3300, epoch: 5 | loss: 0.3279183
	speed: 0.0032s/iter; left time: 208.5110s
	iters: 3400, epoch: 5 | loss: 0.3003381
	speed: 0.0029s/iter; left time: 190.0319s
	iters: 3500, epoch: 5 | loss: 0.2975073
	speed: 0.0030s/iter; left time: 192.4447s
	iters: 3600, epoch: 5 | loss: 0.1907875
	speed: 0.0029s/iter; left time: 190.1231s
	iters: 3700, epoch: 5 | loss: 0.1747164
	speed: 0.0029s/iter; left time: 190.4430s
	iters: 3800, epoch: 5 | loss: 0.3007735
	speed: 0.0030s/iter; left time: 191.5425s
	iters: 3900, epoch: 5 | loss: 0.2382344
	speed: 0.0029s/iter; left time: 186.6353s
	iters: 4000, epoch: 5 | loss: 0.3454108
	speed: 0.0029s/iter; left time: 185.0599s
	iters: 4100, epoch: 5 | loss: 0.2499073
	speed: 0.0027s/iter; left time: 171.9730s
	iters: 4200, epoch: 5 | loss: 0.2454523
	speed: 0.0029s/iter; left time: 184.6336s
Epoch: 5 cost time: 11.91385793685913
Epoch: 5, Steps: 4266 | Train Loss: 0.2670963 Vali Loss: 0.4082790 Test Loss: 0.3063298
Validation loss decreased (0.419836 --> 0.408279).  Saving model ...
Updating learning rate to 0.0003125
	iters: 100, epoch: 6 | loss: 0.2726538
	speed: 0.0213s/iter; left time: 1359.3324s
	iters: 200, epoch: 6 | loss: 0.2167426
	speed: 0.0027s/iter; left time: 174.8173s
	iters: 300, epoch: 6 | loss: 0.2169763
	speed: 0.0028s/iter; left time: 180.8825s
	iters: 400, epoch: 6 | loss: 0.3232951
	speed: 0.0029s/iter; left time: 184.5687s
	iters: 500, epoch: 6 | loss: 0.2176736
	speed: 0.0028s/iter; left time: 179.6792s
	iters: 600, epoch: 6 | loss: 0.1821106
	speed: 0.0029s/iter; left time: 180.6647s
	iters: 700, epoch: 6 | loss: 0.3487343
	speed: 0.0023s/iter; left time: 144.9641s
	iters: 800, epoch: 6 | loss: 0.3997204
	speed: 0.0026s/iter; left time: 164.4131s
	iters: 900, epoch: 6 | loss: 0.3207393
	speed: 0.0024s/iter; left time: 152.6813s
	iters: 1000, epoch: 6 | loss: 0.2264150
	speed: 0.0028s/iter; left time: 174.4835s
	iters: 1100, epoch: 6 | loss: 0.2432987
	speed: 0.0024s/iter; left time: 151.5680s
	iters: 1200, epoch: 6 | loss: 0.3246495
	speed: 0.0028s/iter; left time: 175.4091s
	iters: 1300, epoch: 6 | loss: 0.2318882
	speed: 0.0029s/iter; left time: 181.8040s
	iters: 1400, epoch: 6 | loss: 0.3119953
	speed: 0.0029s/iter; left time: 179.0112s
	iters: 1500, epoch: 6 | loss: 0.2159205
	speed: 0.0028s/iter; left time: 175.1364s
	iters: 1600, epoch: 6 | loss: 0.3363099
	speed: 0.0026s/iter; left time: 160.3447s
	iters: 1700, epoch: 6 | loss: 0.2081602
	speed: 0.0022s/iter; left time: 138.3204s
	iters: 1800, epoch: 6 | loss: 0.2031812
	speed: 0.0025s/iter; left time: 157.3345s
	iters: 1900, epoch: 6 | loss: 0.2326228
	speed: 0.0027s/iter; left time: 169.5936s
	iters: 2000, epoch: 6 | loss: 0.2165691
	speed: 0.0030s/iter; left time: 183.4931s
	iters: 2100, epoch: 6 | loss: 0.2536891
	speed: 0.0032s/iter; left time: 199.9083s
	iters: 2200, epoch: 6 | loss: 0.2574492
	speed: 0.0027s/iter; left time: 163.7829s
	iters: 2300, epoch: 6 | loss: 0.2674929
	speed: 0.0025s/iter; left time: 154.3419s
	iters: 2400, epoch: 6 | loss: 0.3367060
	speed: 0.0030s/iter; left time: 185.3868s
	iters: 2500, epoch: 6 | loss: 0.2259673
	speed: 0.0026s/iter; left time: 159.2633s
	iters: 2600, epoch: 6 | loss: 0.3608412
	speed: 0.0025s/iter; left time: 151.7918s
	iters: 2700, epoch: 6 | loss: 0.2332860
	speed: 0.0025s/iter; left time: 152.0386s
	iters: 2800, epoch: 6 | loss: 0.2279625
	speed: 0.0025s/iter; left time: 151.7536s
	iters: 2900, epoch: 6 | loss: 0.1779290
	speed: 0.0024s/iter; left time: 147.2288s
	iters: 3000, epoch: 6 | loss: 0.2552099
	speed: 0.0029s/iter; left time: 175.8035s
	iters: 3100, epoch: 6 | loss: 0.1428572
	speed: 0.0023s/iter; left time: 141.2672s
	iters: 3200, epoch: 6 | loss: 0.2422165
	speed: 0.0023s/iter; left time: 141.0356s
	iters: 3300, epoch: 6 | loss: 0.3456685
	speed: 0.0028s/iter; left time: 169.9684s
	iters: 3400, epoch: 6 | loss: 0.2389044
	speed: 0.0032s/iter; left time: 193.9943s
	iters: 3500, epoch: 6 | loss: 0.2368190
	speed: 0.0024s/iter; left time: 147.5979s
	iters: 3600, epoch: 6 | loss: 0.2278990
	speed: 0.0023s/iter; left time: 136.4838s
	iters: 3700, epoch: 6 | loss: 0.3446453
	speed: 0.0028s/iter; left time: 167.7274s
	iters: 3800, epoch: 6 | loss: 0.2643453
	speed: 0.0031s/iter; left time: 183.7043s
	iters: 3900, epoch: 6 | loss: 0.2776515
	speed: 0.0032s/iter; left time: 191.6909s
	iters: 4000, epoch: 6 | loss: 0.2032208
	speed: 0.0030s/iter; left time: 181.1723s
	iters: 4100, epoch: 6 | loss: 0.2490929
	speed: 0.0028s/iter; left time: 168.4547s
	iters: 4200, epoch: 6 | loss: 0.2150887
	speed: 0.0026s/iter; left time: 154.8945s
Epoch: 6 cost time: 11.497068405151367
Epoch: 6, Steps: 4266 | Train Loss: 0.2576547 Vali Loss: 0.3935527 Test Loss: 0.2977640
Validation loss decreased (0.408279 --> 0.393553).  Saving model ...
Updating learning rate to 0.00015625
	iters: 100, epoch: 7 | loss: 0.2715646
	speed: 0.0220s/iter; left time: 1311.9907s
	iters: 200, epoch: 7 | loss: 0.3607035
	speed: 0.0025s/iter; left time: 150.5983s
	iters: 300, epoch: 7 | loss: 0.1892210
	speed: 0.0025s/iter; left time: 149.3019s
	iters: 400, epoch: 7 | loss: 0.2974953
	speed: 0.0029s/iter; left time: 169.0763s
	iters: 500, epoch: 7 | loss: 0.3538181
	speed: 0.0033s/iter; left time: 196.0352s
	iters: 600, epoch: 7 | loss: 0.2002747
	speed: 0.0033s/iter; left time: 193.9276s
	iters: 700, epoch: 7 | loss: 0.1710330
	speed: 0.0032s/iter; left time: 189.0070s
	iters: 800, epoch: 7 | loss: 0.2089261
	speed: 0.0030s/iter; left time: 177.3933s
	iters: 900, epoch: 7 | loss: 0.1990383
	speed: 0.0029s/iter; left time: 171.1803s
	iters: 1000, epoch: 7 | loss: 0.2671912
	speed: 0.0032s/iter; left time: 185.7270s
	iters: 1100, epoch: 7 | loss: 0.2997707
	speed: 0.0034s/iter; left time: 197.5865s
	iters: 1200, epoch: 7 | loss: 0.2571697
	speed: 0.0033s/iter; left time: 190.2413s
	iters: 1300, epoch: 7 | loss: 0.2399841
	speed: 0.0029s/iter; left time: 170.1083s
	iters: 1400, epoch: 7 | loss: 0.2161650
	speed: 0.0027s/iter; left time: 156.3111s
	iters: 1500, epoch: 7 | loss: 0.2891982
	speed: 0.0027s/iter; left time: 159.5369s
	iters: 1600, epoch: 7 | loss: 0.2728406
	speed: 0.0027s/iter; left time: 158.0992s
	iters: 1700, epoch: 7 | loss: 0.4299489
	speed: 0.0028s/iter; left time: 163.7704s
	iters: 1800, epoch: 7 | loss: 0.1387449
	speed: 0.0029s/iter; left time: 166.8243s
	iters: 1900, epoch: 7 | loss: 0.1868462
	speed: 0.0027s/iter; left time: 157.2835s
	iters: 2000, epoch: 7 | loss: 0.3733500
	speed: 0.0030s/iter; left time: 171.0239s
	iters: 2100, epoch: 7 | loss: 0.1623145
	speed: 0.0029s/iter; left time: 166.5364s
	iters: 2200, epoch: 7 | loss: 0.2759155
	speed: 0.0030s/iter; left time: 172.0345s
	iters: 2300, epoch: 7 | loss: 0.2926227
	speed: 0.0031s/iter; left time: 178.2246s
	iters: 2400, epoch: 7 | loss: 0.2709765
	speed: 0.0029s/iter; left time: 165.6697s
	iters: 2500, epoch: 7 | loss: 0.2490012
	speed: 0.0032s/iter; left time: 182.5483s
	iters: 2600, epoch: 7 | loss: 0.2516668
	speed: 0.0033s/iter; left time: 189.6919s
	iters: 2700, epoch: 7 | loss: 0.2059834
	speed: 0.0030s/iter; left time: 170.6676s
	iters: 2800, epoch: 7 | loss: 0.3870728
	speed: 0.0029s/iter; left time: 167.3596s
	iters: 2900, epoch: 7 | loss: 0.3041399
	speed: 0.0026s/iter; left time: 148.3128s
	iters: 3000, epoch: 7 | loss: 0.2567599
	speed: 0.0027s/iter; left time: 151.0006s
	iters: 3100, epoch: 7 | loss: 0.2246561
	speed: 0.0027s/iter; left time: 151.7903s
	iters: 3200, epoch: 7 | loss: 0.2231930
	speed: 0.0026s/iter; left time: 148.0954s
	iters: 3300, epoch: 7 | loss: 0.2207214
	speed: 0.0029s/iter; left time: 164.1956s
	iters: 3400, epoch: 7 | loss: 0.2929844
	speed: 0.0029s/iter; left time: 161.1827s
	iters: 3500, epoch: 7 | loss: 0.1433665
	speed: 0.0029s/iter; left time: 163.6137s
	iters: 3600, epoch: 7 | loss: 0.2778016
	speed: 0.0030s/iter; left time: 168.4067s
	iters: 3700, epoch: 7 | loss: 0.2644534
	speed: 0.0027s/iter; left time: 151.9261s
	iters: 3800, epoch: 7 | loss: 0.2560581
	speed: 0.0025s/iter; left time: 139.8113s
	iters: 3900, epoch: 7 | loss: 0.2001382
	speed: 0.0024s/iter; left time: 132.8633s
	iters: 4000, epoch: 7 | loss: 0.1691733
	speed: 0.0025s/iter; left time: 139.2978s
	iters: 4100, epoch: 7 | loss: 0.2189055
	speed: 0.0028s/iter; left time: 154.1817s
	iters: 4200, epoch: 7 | loss: 0.2306684
	speed: 0.0030s/iter; left time: 165.4644s
Epoch: 7 cost time: 12.30211329460144
Epoch: 7, Steps: 4266 | Train Loss: 0.2529413 Vali Loss: 0.3827630 Test Loss: 0.2897553
Validation loss decreased (0.393553 --> 0.382763).  Saving model ...
Updating learning rate to 7.8125e-05
	iters: 100, epoch: 8 | loss: 0.1727408
	speed: 0.0244s/iter; left time: 1353.2979s
	iters: 200, epoch: 8 | loss: 0.3001913
	speed: 0.0031s/iter; left time: 171.4034s
	iters: 300, epoch: 8 | loss: 0.2487874
	speed: 0.0029s/iter; left time: 157.2037s
	iters: 400, epoch: 8 | loss: 0.2823131
	speed: 0.0026s/iter; left time: 143.1534s
	iters: 500, epoch: 8 | loss: 0.1962638
	speed: 0.0026s/iter; left time: 142.8930s
	iters: 600, epoch: 8 | loss: 0.2106486
	speed: 0.0026s/iter; left time: 142.2067s
	iters: 700, epoch: 8 | loss: 0.2598861
	speed: 0.0028s/iter; left time: 153.3252s
	iters: 800, epoch: 8 | loss: 0.1762326
	speed: 0.0029s/iter; left time: 155.7782s
	iters: 900, epoch: 8 | loss: 0.3013835
	speed: 0.0025s/iter; left time: 136.6270s
	iters: 1000, epoch: 8 | loss: 0.2251896
	speed: 0.0025s/iter; left time: 135.0583s
	iters: 1100, epoch: 8 | loss: 0.2140121
	speed: 0.0028s/iter; left time: 152.7807s
	iters: 1200, epoch: 8 | loss: 0.3190890
	speed: 0.0030s/iter; left time: 165.4899s
	iters: 1300, epoch: 8 | loss: 0.2103598
	speed: 0.0027s/iter; left time: 146.9191s
	iters: 1400, epoch: 8 | loss: 0.2252681
	speed: 0.0025s/iter; left time: 136.2287s
	iters: 1500, epoch: 8 | loss: 0.1559483
	speed: 0.0024s/iter; left time: 130.0414s
	iters: 1600, epoch: 8 | loss: 0.2527420
	speed: 0.0027s/iter; left time: 146.5289s
	iters: 1700, epoch: 8 | loss: 0.2850039
	speed: 0.0028s/iter; left time: 152.7719s
	iters: 1800, epoch: 8 | loss: 0.2278569
	speed: 0.0032s/iter; left time: 174.3915s
	iters: 1900, epoch: 8 | loss: 0.1979024
	speed: 0.0032s/iter; left time: 171.9239s
	iters: 2000, epoch: 8 | loss: 0.1999623
	speed: 0.0030s/iter; left time: 158.4339s
	iters: 2100, epoch: 8 | loss: 0.2727215
	speed: 0.0031s/iter; left time: 167.5469s
	iters: 2200, epoch: 8 | loss: 0.2422404
	speed: 0.0033s/iter; left time: 174.6899s
	iters: 2300, epoch: 8 | loss: 0.3062066
	speed: 0.0033s/iter; left time: 172.8993s
	iters: 2400, epoch: 8 | loss: 0.3024914
	speed: 0.0029s/iter; left time: 152.8101s
	iters: 2500, epoch: 8 | loss: 0.2769514
	speed: 0.0030s/iter; left time: 159.4390s
	iters: 2600, epoch: 8 | loss: 0.1500769
	speed: 0.0028s/iter; left time: 149.1106s
	iters: 2700, epoch: 8 | loss: 0.3222316
	speed: 0.0027s/iter; left time: 144.1282s
	iters: 2800, epoch: 8 | loss: 0.2757596
	speed: 0.0028s/iter; left time: 145.3389s
	iters: 2900, epoch: 8 | loss: 0.2481617
	speed: 0.0026s/iter; left time: 134.5511s
	iters: 3000, epoch: 8 | loss: 0.3430734
	speed: 0.0027s/iter; left time: 143.3416s
	iters: 3100, epoch: 8 | loss: 0.2187020
	speed: 0.0026s/iter; left time: 137.1802s
	iters: 3200, epoch: 8 | loss: 0.3363082
	speed: 0.0025s/iter; left time: 132.2157s
	iters: 3300, epoch: 8 | loss: 0.1441725
	speed: 0.0026s/iter; left time: 134.5699s
	iters: 3400, epoch: 8 | loss: 0.2419225
	speed: 0.0026s/iter; left time: 132.9052s
	iters: 3500, epoch: 8 | loss: 0.2534909
	speed: 0.0027s/iter; left time: 141.8815s
	iters: 3600, epoch: 8 | loss: 0.2118440
	speed: 0.0030s/iter; left time: 157.6519s
	iters: 3700, epoch: 8 | loss: 0.1972443
	speed: 0.0033s/iter; left time: 169.2513s
	iters: 3800, epoch: 8 | loss: 0.2561408
	speed: 0.0026s/iter; left time: 133.3761s
	iters: 3900, epoch: 8 | loss: 0.1766754
	speed: 0.0026s/iter; left time: 133.0225s
	iters: 4000, epoch: 8 | loss: 0.2019495
	speed: 0.0026s/iter; left time: 135.3651s
	iters: 4100, epoch: 8 | loss: 0.1777866
	speed: 0.0027s/iter; left time: 136.6157s
	iters: 4200, epoch: 8 | loss: 0.2173435
	speed: 0.0027s/iter; left time: 138.4740s
Epoch: 8 cost time: 11.961402177810669
Epoch: 8, Steps: 4266 | Train Loss: 0.2504971 Vali Loss: 0.3828354 Test Loss: 0.2916647
EarlyStopping counter: 1 out of 5
Updating learning rate to 3.90625e-05
	iters: 100, epoch: 9 | loss: 0.2499847
	speed: 0.0230s/iter; left time: 1174.3758s
	iters: 200, epoch: 9 | loss: 0.2452239
	speed: 0.0025s/iter; left time: 126.4627s
	iters: 300, epoch: 9 | loss: 0.2778347
	speed: 0.0025s/iter; left time: 127.8306s
	iters: 400, epoch: 9 | loss: 0.2621526
	speed: 0.0025s/iter; left time: 127.9984s
	iters: 500, epoch: 9 | loss: 0.2580251
	speed: 0.0027s/iter; left time: 137.8848s
	iters: 600, epoch: 9 | loss: 0.2400024
	speed: 0.0029s/iter; left time: 146.2376s
	iters: 700, epoch: 9 | loss: 0.2400114
	speed: 0.0029s/iter; left time: 144.5086s
	iters: 800, epoch: 9 | loss: 0.2100058
	speed: 0.0029s/iter; left time: 145.6361s
	iters: 900, epoch: 9 | loss: 0.1868404
	speed: 0.0029s/iter; left time: 143.8382s
	iters: 1000, epoch: 9 | loss: 0.3308082
	speed: 0.0026s/iter; left time: 128.4941s
	iters: 1100, epoch: 9 | loss: 0.1968866
	speed: 0.0026s/iter; left time: 128.8341s
	iters: 1200, epoch: 9 | loss: 0.3148052
	speed: 0.0032s/iter; left time: 159.4779s
	iters: 1300, epoch: 9 | loss: 0.3522126
	speed: 0.0032s/iter; left time: 161.6466s
	iters: 1400, epoch: 9 | loss: 0.3942633
	speed: 0.0031s/iter; left time: 152.4530s
	iters: 1500, epoch: 9 | loss: 0.1955036
	speed: 0.0032s/iter; left time: 158.0376s
	iters: 1600, epoch: 9 | loss: 0.2352769
	speed: 0.0033s/iter; left time: 161.1788s
	iters: 1700, epoch: 9 | loss: 0.1788608
	speed: 0.0025s/iter; left time: 123.8886s
	iters: 1800, epoch: 9 | loss: 0.4497360
	speed: 0.0026s/iter; left time: 127.8973s
	iters: 1900, epoch: 9 | loss: 0.3607363
	speed: 0.0030s/iter; left time: 145.4144s
	iters: 2000, epoch: 9 | loss: 0.3180585
	speed: 0.0029s/iter; left time: 141.6904s
	iters: 2100, epoch: 9 | loss: 0.2628907
	speed: 0.0028s/iter; left time: 136.5487s
	iters: 2200, epoch: 9 | loss: 0.2132730
	speed: 0.0027s/iter; left time: 132.7708s
	iters: 2300, epoch: 9 | loss: 0.2656306
	speed: 0.0027s/iter; left time: 132.9890s
	iters: 2400, epoch: 9 | loss: 0.3504218
	speed: 0.0032s/iter; left time: 153.7780s
	iters: 2500, epoch: 9 | loss: 0.3088551
	speed: 0.0026s/iter; left time: 127.5908s
	iters: 2600, epoch: 9 | loss: 0.2051619
	speed: 0.0026s/iter; left time: 127.3454s
	iters: 2700, epoch: 9 | loss: 0.1927038
	speed: 0.0026s/iter; left time: 127.5365s
	iters: 2800, epoch: 9 | loss: 0.3136095
	speed: 0.0027s/iter; left time: 128.8698s
	iters: 2900, epoch: 9 | loss: 0.3241277
	speed: 0.0031s/iter; left time: 147.7761s
	iters: 3000, epoch: 9 | loss: 0.2567045
	speed: 0.0031s/iter; left time: 147.8639s
	iters: 3100, epoch: 9 | loss: 0.3623441
	speed: 0.0029s/iter; left time: 140.5788s
	iters: 3200, epoch: 9 | loss: 0.2454921
	speed: 0.0029s/iter; left time: 141.5793s
	iters: 3300, epoch: 9 | loss: 0.3240785
	speed: 0.0031s/iter; left time: 147.5106s
	iters: 3400, epoch: 9 | loss: 0.3778998
	speed: 0.0033s/iter; left time: 155.3538s
	iters: 3500, epoch: 9 | loss: 0.2056503
	speed: 0.0031s/iter; left time: 148.8729s
	iters: 3600, epoch: 9 | loss: 0.1952417
	speed: 0.0024s/iter; left time: 112.3187s
	iters: 3700, epoch: 9 | loss: 0.2321371
	speed: 0.0024s/iter; left time: 116.3572s
	iters: 3800, epoch: 9 | loss: 0.3284500
	speed: 0.0024s/iter; left time: 111.3742s
	iters: 3900, epoch: 9 | loss: 0.2832301
	speed: 0.0025s/iter; left time: 116.9069s
	iters: 4000, epoch: 9 | loss: 0.3059339
	speed: 0.0025s/iter; left time: 119.8703s
	iters: 4100, epoch: 9 | loss: 0.2830264
	speed: 0.0024s/iter; left time: 114.4902s
	iters: 4200, epoch: 9 | loss: 0.2922390
	speed: 0.0024s/iter; left time: 114.1930s
Epoch: 9 cost time: 11.8505699634552
Epoch: 9, Steps: 4266 | Train Loss: 0.2491376 Vali Loss: 0.3741878 Test Loss: 0.2936932
Validation loss decreased (0.382763 --> 0.374188).  Saving model ...
Updating learning rate to 1.953125e-05
	iters: 100, epoch: 10 | loss: 0.1821308
	speed: 0.0257s/iter; left time: 1201.9124s
	iters: 200, epoch: 10 | loss: 0.2144404
	speed: 0.0032s/iter; left time: 149.5266s
	iters: 300, epoch: 10 | loss: 0.2318064
	speed: 0.0032s/iter; left time: 148.3460s
	iters: 400, epoch: 10 | loss: 0.2167264
	speed: 0.0032s/iter; left time: 147.0526s
	iters: 500, epoch: 10 | loss: 0.4161690
	speed: 0.0031s/iter; left time: 143.4595s
	iters: 600, epoch: 10 | loss: 0.2438703
	speed: 0.0030s/iter; left time: 139.5346s
	iters: 700, epoch: 10 | loss: 0.2022158
	speed: 0.0030s/iter; left time: 137.7572s
	iters: 800, epoch: 10 | loss: 0.1772960
	speed: 0.0031s/iter; left time: 142.5595s
	iters: 900, epoch: 10 | loss: 0.2493938
	speed: 0.0033s/iter; left time: 151.1130s
	iters: 1000, epoch: 10 | loss: 0.1483747
	speed: 0.0032s/iter; left time: 148.3442s
	iters: 1100, epoch: 10 | loss: 0.2157598
	speed: 0.0030s/iter; left time: 139.3140s
	iters: 1200, epoch: 10 | loss: 0.2904848
	speed: 0.0029s/iter; left time: 130.7793s
	iters: 1300, epoch: 10 | loss: 0.4110402
	speed: 0.0030s/iter; left time: 138.3475s
	iters: 1400, epoch: 10 | loss: 0.3309223
	speed: 0.0027s/iter; left time: 123.3791s
	iters: 1500, epoch: 10 | loss: 0.1538317
	speed: 0.0027s/iter; left time: 124.9236s
	iters: 1600, epoch: 10 | loss: 0.2891063
	speed: 0.0030s/iter; left time: 135.1679s
	iters: 1700, epoch: 10 | loss: 0.2069567
	speed: 0.0033s/iter; left time: 151.0587s
	iters: 1800, epoch: 10 | loss: 0.2610459
	speed: 0.0034s/iter; left time: 155.2369s
	iters: 1900, epoch: 10 | loss: 0.2471696
	speed: 0.0034s/iter; left time: 151.3795s
	iters: 2000, epoch: 10 | loss: 0.2170227
	speed: 0.0032s/iter; left time: 141.9694s
	iters: 2100, epoch: 10 | loss: 0.2249834
	speed: 0.0032s/iter; left time: 143.9214s
	iters: 2200, epoch: 10 | loss: 0.2116438
	speed: 0.0027s/iter; left time: 121.7742s
	iters: 2300, epoch: 10 | loss: 0.2066667
	speed: 0.0029s/iter; left time: 131.2037s
	iters: 2400, epoch: 10 | loss: 0.1857356
	speed: 0.0031s/iter; left time: 137.5883s
	iters: 2500, epoch: 10 | loss: 0.2646666
	speed: 0.0033s/iter; left time: 147.9425s
	iters: 2600, epoch: 10 | loss: 0.1577551
	speed: 0.0028s/iter; left time: 122.4901s
	iters: 2700, epoch: 10 | loss: 0.2215655
	speed: 0.0026s/iter; left time: 114.1062s
	iters: 2800, epoch: 10 | loss: 0.2309853
	speed: 0.0026s/iter; left time: 113.8471s
	iters: 2900, epoch: 10 | loss: 0.3401460
	speed: 0.0026s/iter; left time: 113.2420s
	iters: 3000, epoch: 10 | loss: 0.1886314
	speed: 0.0028s/iter; left time: 122.5576s
	iters: 3100, epoch: 10 | loss: 0.3301360
	speed: 0.0034s/iter; left time: 146.8468s
	iters: 3200, epoch: 10 | loss: 0.1904328
	speed: 0.0035s/iter; left time: 153.4923s
	iters: 3300, epoch: 10 | loss: 0.3303497
	speed: 0.0032s/iter; left time: 137.9620s
	iters: 3400, epoch: 10 | loss: 0.2562924
	speed: 0.0025s/iter; left time: 107.5110s
	iters: 3500, epoch: 10 | loss: 0.2320594
	speed: 0.0031s/iter; left time: 132.9126s
	iters: 3600, epoch: 10 | loss: 0.2324030
	speed: 0.0031s/iter; left time: 134.0278s
	iters: 3700, epoch: 10 | loss: 0.3383091
	speed: 0.0032s/iter; left time: 139.1902s
	iters: 3800, epoch: 10 | loss: 0.2168028
	speed: 0.0029s/iter; left time: 125.0683s
	iters: 3900, epoch: 10 | loss: 0.5299984
	speed: 0.0029s/iter; left time: 126.1383s
	iters: 4000, epoch: 10 | loss: 0.2408358
	speed: 0.0028s/iter; left time: 118.9291s
	iters: 4100, epoch: 10 | loss: 0.2290007
	speed: 0.0029s/iter; left time: 124.6266s
	iters: 4200, epoch: 10 | loss: 0.2189505
	speed: 0.0029s/iter; left time: 123.0537s
Epoch: 10 cost time: 12.885349035263062
Epoch: 10, Steps: 4266 | Train Loss: 0.2484921 Vali Loss: 0.3754718 Test Loss: 0.2878011
EarlyStopping counter: 1 out of 5
Updating learning rate to 9.765625e-06
	iters: 100, epoch: 11 | loss: 0.3039592
	speed: 0.0207s/iter; left time: 879.9442s
	iters: 200, epoch: 11 | loss: 0.2608253
	speed: 0.0028s/iter; left time: 119.8722s
	iters: 300, epoch: 11 | loss: 0.1894029
	speed: 0.0031s/iter; left time: 131.7419s
	iters: 400, epoch: 11 | loss: 0.3821864
	speed: 0.0033s/iter; left time: 138.1932s
	iters: 500, epoch: 11 | loss: 0.3119467
	speed: 0.0032s/iter; left time: 136.0213s
	iters: 600, epoch: 11 | loss: 0.2786897
	speed: 0.0032s/iter; left time: 135.8574s
	iters: 700, epoch: 11 | loss: 0.2668558
	speed: 0.0032s/iter; left time: 133.8558s
	iters: 800, epoch: 11 | loss: 0.2179738
	speed: 0.0028s/iter; left time: 116.4792s
	iters: 900, epoch: 11 | loss: 0.2781630
	speed: 0.0031s/iter; left time: 129.8782s
	iters: 1000, epoch: 11 | loss: 0.2066969
	speed: 0.0027s/iter; left time: 111.6764s
	iters: 1100, epoch: 11 | loss: 0.2132191
	speed: 0.0023s/iter; left time: 97.2527s
	iters: 1200, epoch: 11 | loss: 0.2668108
	speed: 0.0027s/iter; left time: 111.6357s
	iters: 1300, epoch: 11 | loss: 0.1993586
	speed: 0.0026s/iter; left time: 109.1931s
	iters: 1400, epoch: 11 | loss: 0.2060463
	speed: 0.0026s/iter; left time: 107.2790s
	iters: 1500, epoch: 11 | loss: 0.2831300
	speed: 0.0026s/iter; left time: 107.5159s
	iters: 1600, epoch: 11 | loss: 0.3085896
	speed: 0.0024s/iter; left time: 97.7251s
	iters: 1700, epoch: 11 | loss: 0.2562621
	speed: 0.0034s/iter; left time: 138.4476s
	iters: 1800, epoch: 11 | loss: 0.1782276
	speed: 0.0033s/iter; left time: 133.6157s
	iters: 1900, epoch: 11 | loss: 0.2746667
	speed: 0.0031s/iter; left time: 126.0647s
	iters: 2000, epoch: 11 | loss: 0.1748473
	speed: 0.0031s/iter; left time: 124.8294s
	iters: 2100, epoch: 11 | loss: 0.2827521
	speed: 0.0031s/iter; left time: 125.7391s
	iters: 2200, epoch: 11 | loss: 0.2662707
	speed: 0.0028s/iter; left time: 112.9511s
	iters: 2300, epoch: 11 | loss: 0.2020691
	speed: 0.0028s/iter; left time: 113.0109s
	iters: 2400, epoch: 11 | loss: 0.2334484
	speed: 0.0030s/iter; left time: 121.1862s
	iters: 2500, epoch: 11 | loss: 0.1979431
	speed: 0.0031s/iter; left time: 124.5812s
	iters: 2600, epoch: 11 | loss: 0.4032728
	speed: 0.0028s/iter; left time: 111.3696s
	iters: 2700, epoch: 11 | loss: 0.2357955
	speed: 0.0029s/iter; left time: 116.6860s
	iters: 2800, epoch: 11 | loss: 0.2312052
	speed: 0.0029s/iter; left time: 116.3940s
	iters: 2900, epoch: 11 | loss: 0.2915550
	speed: 0.0029s/iter; left time: 115.0054s
	iters: 3000, epoch: 11 | loss: 0.2279350
	speed: 0.0032s/iter; left time: 127.3118s
	iters: 3100, epoch: 11 | loss: 0.2402973
	speed: 0.0030s/iter; left time: 118.2876s
	iters: 3200, epoch: 11 | loss: 0.3151113
	speed: 0.0031s/iter; left time: 121.6510s
	iters: 3300, epoch: 11 | loss: 0.2187630
	speed: 0.0032s/iter; left time: 126.7418s
	iters: 3400, epoch: 11 | loss: 0.1783644
	speed: 0.0029s/iter; left time: 114.6616s
	iters: 3500, epoch: 11 | loss: 0.2407158
	speed: 0.0029s/iter; left time: 113.5854s
	iters: 3600, epoch: 11 | loss: 0.2861701
	speed: 0.0027s/iter; left time: 105.1843s
	iters: 3700, epoch: 11 | loss: 0.2353050
	speed: 0.0022s/iter; left time: 85.3244s
	iters: 3800, epoch: 11 | loss: 0.2187445
	speed: 0.0025s/iter; left time: 98.3182s
	iters: 3900, epoch: 11 | loss: 0.1476085
	speed: 0.0031s/iter; left time: 119.4754s
	iters: 4000, epoch: 11 | loss: 0.1915200
	speed: 0.0032s/iter; left time: 122.1683s
	iters: 4100, epoch: 11 | loss: 0.1512045
	speed: 0.0030s/iter; left time: 114.5262s
	iters: 4200, epoch: 11 | loss: 0.2004567
	speed: 0.0031s/iter; left time: 118.4598s
Epoch: 11 cost time: 12.426708698272705
Epoch: 11, Steps: 4266 | Train Loss: 0.2481562 Vali Loss: 0.3774959 Test Loss: 0.2879220
EarlyStopping counter: 2 out of 5
Updating learning rate to 4.8828125e-06
	iters: 100, epoch: 12 | loss: 0.3352617
	speed: 0.0244s/iter; left time: 934.7210s
	iters: 200, epoch: 12 | loss: 0.1667765
	speed: 0.0031s/iter; left time: 117.6394s
	iters: 300, epoch: 12 | loss: 0.2158308
	speed: 0.0031s/iter; left time: 117.0240s
	iters: 400, epoch: 12 | loss: 0.3180933
	speed: 0.0029s/iter; left time: 110.5653s
	iters: 500, epoch: 12 | loss: 0.2399496
	speed: 0.0026s/iter; left time: 97.0115s
	iters: 600, epoch: 12 | loss: 0.2241189
	speed: 0.0022s/iter; left time: 85.0384s
	iters: 700, epoch: 12 | loss: 0.1570876
	speed: 0.0025s/iter; left time: 92.4118s
	iters: 800, epoch: 12 | loss: 0.2937315
	speed: 0.0028s/iter; left time: 104.5261s
	iters: 900, epoch: 12 | loss: 0.4164668
	speed: 0.0033s/iter; left time: 122.9837s
	iters: 1000, epoch: 12 | loss: 0.2284698
	speed: 0.0030s/iter; left time: 113.6807s
	iters: 1100, epoch: 12 | loss: 0.2695331
	speed: 0.0029s/iter; left time: 107.5171s
	iters: 1200, epoch: 12 | loss: 0.2451190
	speed: 0.0029s/iter; left time: 106.7496s
	iters: 1300, epoch: 12 | loss: 0.2360927
	speed: 0.0029s/iter; left time: 108.3383s
	iters: 1400, epoch: 12 | loss: 0.1778598
	speed: 0.0029s/iter; left time: 108.1265s
	iters: 1500, epoch: 12 | loss: 0.3096735
	speed: 0.0029s/iter; left time: 106.2576s
	iters: 1600, epoch: 12 | loss: 0.3928418
	speed: 0.0028s/iter; left time: 104.1298s
	iters: 1700, epoch: 12 | loss: 0.2700922
	speed: 0.0029s/iter; left time: 105.3145s
	iters: 1800, epoch: 12 | loss: 0.1729089
	speed: 0.0029s/iter; left time: 106.9428s
	iters: 1900, epoch: 12 | loss: 0.1881817
	speed: 0.0030s/iter; left time: 110.9446s
	iters: 2000, epoch: 12 | loss: 0.3329248
	speed: 0.0026s/iter; left time: 94.6273s
	iters: 2100, epoch: 12 | loss: 0.2533341
	speed: 0.0024s/iter; left time: 86.3881s
	iters: 2200, epoch: 12 | loss: 0.2400825
	speed: 0.0026s/iter; left time: 93.0212s
	iters: 2300, epoch: 12 | loss: 0.1990692
	speed: 0.0024s/iter; left time: 88.0720s
	iters: 2400, epoch: 12 | loss: 0.2060337
	speed: 0.0024s/iter; left time: 84.9488s
	iters: 2500, epoch: 12 | loss: 0.2360386
	speed: 0.0028s/iter; left time: 99.4915s
	iters: 2600, epoch: 12 | loss: 0.2009989
	speed: 0.0033s/iter; left time: 118.8399s
	iters: 2700, epoch: 12 | loss: 0.2137232
	speed: 0.0034s/iter; left time: 122.8120s
	iters: 2800, epoch: 12 | loss: 0.2313588
	speed: 0.0034s/iter; left time: 119.7100s
	iters: 2900, epoch: 12 | loss: 0.3790104
	speed: 0.0033s/iter; left time: 118.1982s
	iters: 3000, epoch: 12 | loss: 0.1966567
	speed: 0.0033s/iter; left time: 118.2197s
	iters: 3100, epoch: 12 | loss: 0.3094076
	speed: 0.0034s/iter; left time: 118.3245s
	iters: 3200, epoch: 12 | loss: 0.2320458
	speed: 0.0033s/iter; left time: 116.8469s
	iters: 3300, epoch: 12 | loss: 0.1877241
	speed: 0.0033s/iter; left time: 115.1120s
	iters: 3400, epoch: 12 | loss: 0.1709416
	speed: 0.0031s/iter; left time: 107.4941s
	iters: 3500, epoch: 12 | loss: 0.2082826
	speed: 0.0024s/iter; left time: 84.7948s
	iters: 3600, epoch: 12 | loss: 0.2125250
	speed: 0.0025s/iter; left time: 87.6931s
	iters: 3700, epoch: 12 | loss: 0.2575600
	speed: 0.0027s/iter; left time: 94.0234s
	iters: 3800, epoch: 12 | loss: 0.1905332
	speed: 0.0026s/iter; left time: 90.7030s
	iters: 3900, epoch: 12 | loss: 0.2149112
	speed: 0.0028s/iter; left time: 96.2411s
	iters: 4000, epoch: 12 | loss: 0.2565024
	speed: 0.0029s/iter; left time: 101.1220s
	iters: 4100, epoch: 12 | loss: 0.3783283
	speed: 0.0029s/iter; left time: 100.1620s
	iters: 4200, epoch: 12 | loss: 0.2410672
	speed: 0.0029s/iter; left time: 98.2653s
Epoch: 12 cost time: 12.347848415374756
Epoch: 12, Steps: 4266 | Train Loss: 0.2479756 Vali Loss: 0.3765187 Test Loss: 0.2875305
EarlyStopping counter: 3 out of 5
Updating learning rate to 2.44140625e-06
	iters: 100, epoch: 13 | loss: 0.2137570
	speed: 0.0252s/iter; left time: 857.0004s
	iters: 200, epoch: 13 | loss: 0.3720905
	speed: 0.0027s/iter; left time: 92.0046s
	iters: 300, epoch: 13 | loss: 0.2229545
	speed: 0.0026s/iter; left time: 87.6175s
	iters: 400, epoch: 13 | loss: 0.2691338
	speed: 0.0029s/iter; left time: 96.1279s
	iters: 500, epoch: 13 | loss: 0.3005554
	speed: 0.0027s/iter; left time: 89.4530s
	iters: 600, epoch: 13 | loss: 0.3434856
	speed: 0.0027s/iter; left time: 90.9822s
	iters: 700, epoch: 13 | loss: 0.2091717
	speed: 0.0027s/iter; left time: 88.5870s
	iters: 800, epoch: 13 | loss: 0.1903149
	speed: 0.0024s/iter; left time: 80.6560s
	iters: 900, epoch: 13 | loss: 0.2651845
	speed: 0.0023s/iter; left time: 76.0948s
	iters: 1000, epoch: 13 | loss: 0.1529539
	speed: 0.0024s/iter; left time: 79.5692s
	iters: 1100, epoch: 13 | loss: 0.2390187
	speed: 0.0029s/iter; left time: 96.4627s
	iters: 1200, epoch: 13 | loss: 0.2527302
	speed: 0.0026s/iter; left time: 84.6273s
	iters: 1300, epoch: 13 | loss: 0.2770099
	speed: 0.0028s/iter; left time: 91.9214s
	iters: 1400, epoch: 13 | loss: 0.1837887
	speed: 0.0028s/iter; left time: 91.0337s
	iters: 1500, epoch: 13 | loss: 0.4268807
	speed: 0.0029s/iter; left time: 94.9511s
	iters: 1600, epoch: 13 | loss: 0.1973144
	speed: 0.0030s/iter; left time: 97.9331s
	iters: 1700, epoch: 13 | loss: 0.2293273
	speed: 0.0029s/iter; left time: 94.7585s
	iters: 1800, epoch: 13 | loss: 0.2880061
	speed: 0.0028s/iter; left time: 91.8142s
	iters: 1900, epoch: 13 | loss: 0.2038966
	speed: 0.0027s/iter; left time: 88.3068s
	iters: 2000, epoch: 13 | loss: 0.3612185
	speed: 0.0029s/iter; left time: 92.2107s
	iters: 2100, epoch: 13 | loss: 0.2787440
	speed: 0.0026s/iter; left time: 82.7177s
	iters: 2200, epoch: 13 | loss: 0.5096577
	speed: 0.0032s/iter; left time: 100.8954s
	iters: 2300, epoch: 13 | loss: 0.2912857
	speed: 0.0034s/iter; left time: 109.1734s
	iters: 2400, epoch: 13 | loss: 0.1588124
	speed: 0.0031s/iter; left time: 99.6987s
	iters: 2500, epoch: 13 | loss: 0.1432533
	speed: 0.0028s/iter; left time: 88.8778s
	iters: 2600, epoch: 13 | loss: 0.4125723
	speed: 0.0030s/iter; left time: 94.9021s
	iters: 2700, epoch: 13 | loss: 0.1874104
	speed: 0.0032s/iter; left time: 100.6669s
	iters: 2800, epoch: 13 | loss: 0.1721461
	speed: 0.0029s/iter; left time: 89.9261s
	iters: 2900, epoch: 13 | loss: 0.1784700
	speed: 0.0029s/iter; left time: 91.5012s
	iters: 3000, epoch: 13 | loss: 0.1689904
	speed: 0.0029s/iter; left time: 90.5939s
	iters: 3100, epoch: 13 | loss: 0.1823513
	speed: 0.0029s/iter; left time: 90.0493s
	iters: 3200, epoch: 13 | loss: 0.2253023
	speed: 0.0029s/iter; left time: 89.3847s
	iters: 3300, epoch: 13 | loss: 0.2521043
	speed: 0.0029s/iter; left time: 88.7877s
	iters: 3400, epoch: 13 | loss: 0.2259988
	speed: 0.0029s/iter; left time: 88.8709s
	iters: 3500, epoch: 13 | loss: 0.2494981
	speed: 0.0029s/iter; left time: 88.8242s
	iters: 3600, epoch: 13 | loss: 0.2234833
	speed: 0.0028s/iter; left time: 85.1796s
	iters: 3700, epoch: 13 | loss: 0.2450399
	speed: 0.0024s/iter; left time: 73.9426s
	iters: 3800, epoch: 13 | loss: 0.2806613
	speed: 0.0026s/iter; left time: 79.8499s
	iters: 3900, epoch: 13 | loss: 0.2879848
	speed: 0.0028s/iter; left time: 84.9436s
	iters: 4000, epoch: 13 | loss: 0.2540959
	speed: 0.0028s/iter; left time: 84.0693s
	iters: 4100, epoch: 13 | loss: 0.2387803
	speed: 0.0028s/iter; left time: 84.0813s
	iters: 4200, epoch: 13 | loss: 0.2177397
	speed: 0.0028s/iter; left time: 83.4875s
Epoch: 13 cost time: 12.026764869689941
Epoch: 13, Steps: 4266 | Train Loss: 0.2478970 Vali Loss: 0.3753571 Test Loss: 0.2876768
EarlyStopping counter: 4 out of 5
Updating learning rate to 1.220703125e-06
	iters: 100, epoch: 14 | loss: 0.1620181
	speed: 0.0257s/iter; left time: 764.4544s
	iters: 200, epoch: 14 | loss: 0.2705474
	speed: 0.0029s/iter; left time: 84.6225s
	iters: 300, epoch: 14 | loss: 0.2846343
	speed: 0.0028s/iter; left time: 83.9588s
	iters: 400, epoch: 14 | loss: 0.2017888
	speed: 0.0028s/iter; left time: 83.3877s
	iters: 500, epoch: 14 | loss: 0.1849585
	speed: 0.0028s/iter; left time: 83.3910s
	iters: 600, epoch: 14 | loss: 0.1824665
	speed: 0.0025s/iter; left time: 72.6526s
	iters: 700, epoch: 14 | loss: 0.2253742
	speed: 0.0024s/iter; left time: 70.2827s
	iters: 800, epoch: 14 | loss: 0.2597236
	speed: 0.0024s/iter; left time: 70.3326s
	iters: 900, epoch: 14 | loss: 0.2141011
	speed: 0.0024s/iter; left time: 69.8086s
	iters: 1000, epoch: 14 | loss: 0.2702270
	speed: 0.0024s/iter; left time: 70.1941s
	iters: 1100, epoch: 14 | loss: 0.2021263
	speed: 0.0024s/iter; left time: 69.8940s
	iters: 1200, epoch: 14 | loss: 0.2199881
	speed: 0.0024s/iter; left time: 69.9378s
	iters: 1300, epoch: 14 | loss: 0.2611192
	speed: 0.0024s/iter; left time: 69.6938s
	iters: 1400, epoch: 14 | loss: 0.3119854
	speed: 0.0024s/iter; left time: 69.2137s
	iters: 1500, epoch: 14 | loss: 0.2418958
	speed: 0.0024s/iter; left time: 68.6456s
	iters: 1600, epoch: 14 | loss: 0.3508954
	speed: 0.0024s/iter; left time: 67.8319s
	iters: 1700, epoch: 14 | loss: 0.2604795
	speed: 0.0024s/iter; left time: 68.1540s
	iters: 1800, epoch: 14 | loss: 0.2703304
	speed: 0.0024s/iter; left time: 67.9707s
	iters: 1900, epoch: 14 | loss: 0.1886059
	speed: 0.0024s/iter; left time: 67.1111s
	iters: 2000, epoch: 14 | loss: 0.2242401
	speed: 0.0024s/iter; left time: 67.1573s
	iters: 2100, epoch: 14 | loss: 0.2225496
	speed: 0.0024s/iter; left time: 66.9088s
	iters: 2200, epoch: 14 | loss: 0.2510616
	speed: 0.0024s/iter; left time: 66.7342s
	iters: 2300, epoch: 14 | loss: 0.2788686
	speed: 0.0024s/iter; left time: 66.1512s
	iters: 2400, epoch: 14 | loss: 0.2354421
	speed: 0.0024s/iter; left time: 66.1857s
	iters: 2500, epoch: 14 | loss: 0.2813059
	speed: 0.0024s/iter; left time: 65.9450s
	iters: 2600, epoch: 14 | loss: 0.2592980
	speed: 0.0024s/iter; left time: 65.7481s
	iters: 2700, epoch: 14 | loss: 0.2231857
	speed: 0.0024s/iter; left time: 65.4628s
	iters: 2800, epoch: 14 | loss: 0.3399347
	speed: 0.0024s/iter; left time: 65.2217s
	iters: 2900, epoch: 14 | loss: 0.3139167
	speed: 0.0024s/iter; left time: 64.9809s
	iters: 3000, epoch: 14 | loss: 0.2228922
	speed: 0.0024s/iter; left time: 65.0501s
	iters: 3100, epoch: 14 | loss: 0.1887422
	speed: 0.0024s/iter; left time: 63.9278s
	iters: 3200, epoch: 14 | loss: 0.2011630
	speed: 0.0024s/iter; left time: 64.2577s
	iters: 3300, epoch: 14 | loss: 0.1447411
	speed: 0.0024s/iter; left time: 63.4856s
	iters: 3400, epoch: 14 | loss: 0.1682233
	speed: 0.0024s/iter; left time: 63.7758s
	iters: 3500, epoch: 14 | loss: 0.3391947
	speed: 0.0024s/iter; left time: 63.5784s
	iters: 3600, epoch: 14 | loss: 0.3174032
	speed: 0.0024s/iter; left time: 63.8190s
	iters: 3700, epoch: 14 | loss: 0.2132456
	speed: 0.0025s/iter; left time: 65.4142s
	iters: 3800, epoch: 14 | loss: 0.2116662
	speed: 0.0025s/iter; left time: 64.6361s
	iters: 3900, epoch: 14 | loss: 0.2744647
	speed: 0.0032s/iter; left time: 83.3990s
	iters: 4000, epoch: 14 | loss: 0.2985517
	speed: 0.0028s/iter; left time: 73.4509s
	iters: 4100, epoch: 14 | loss: 0.2603363
	speed: 0.0029s/iter; left time: 73.6821s
	iters: 4200, epoch: 14 | loss: 0.2392406
	speed: 0.0027s/iter; left time: 68.5909s
Epoch: 14 cost time: 10.733346223831177
Epoch: 14, Steps: 4266 | Train Loss: 0.2478408 Vali Loss: 0.3755537 Test Loss: 0.2875269
EarlyStopping counter: 5 out of 5
Early stopping
>>>>>>>testing : ETTm1_336_96_NLinear_ETTm1_ftM_sl336_ll48_pl96_dm512_nh8_el2_dl1_df2048_fc1_ebtimeF_dtTrue_Exp_0_seed3144<<<<<<<<<<<<<<<<<<<<<<<<<<<<<<<<<
test 11425
mse:0.29379722476005554, mae:0.3406028151512146
