Args in experiment:
Namespace(activation='gelu', batch_size=32, c_out=7, checkpoints='./checkpoints/', d_ff=2048, d_layers=1, d_model=512, data='ETTh1', data_path='ETTh1.csv', dec_in=7, des='Exp', devices='0,1,2,3', distil=True, do_predict=False, dropout=0.05, e_layers=2, embed='timeF', embed_type=0, enc_in=7, factor=1, features='M', freq='h', gpu=0, individual=True, is_training=1, itr=1, label_len=48, learning_rate=0.005, loss='mse', lradj='type1', model='NLinear', model_id='ETTh1_336_192', moving_avg=25, n_heads=8, num_workers=0, output_attention=False, patience=5, pred_len=192, root_path='./dataset/', save_pred_values=False, seed=3293, seq_len=336, target='OT', test_flop=False, train_epochs=20, train_only=False, use_amp=False, use_gpu=False, use_multi_gpu=False)
Use CPU
>>>>>>>start training : ETTh1_336_192_NLinear_ETTh1_ftM_sl336_ll48_pl192_dm512_nh8_el2_dl1_df2048_fc1_ebtimeF_dtTrue_Exp_0_seed3293>>>>>>>>>>>>>>>>>>>>>>>>>>
train 8113
val 2689
test 2689
	iters: 100, epoch: 1 | loss: 0.4782213
	speed: 0.0064s/iter; left time: 31.9174s
	iters: 200, epoch: 1 | loss: 0.4950931
	speed: 0.0068s/iter; left time: 33.1133s
Epoch: 1 cost time: 1.620626449584961
Epoch: 1, Steps: 253 | Train Loss: 0.4796507 Vali Loss: 1.1236857 Test Loss: 0.4963753
Validation loss decreased (inf --> 1.123686).  Saving model ...
Updating learning rate to 0.005
	iters: 100, epoch: 2 | loss: 0.3991277
	speed: 0.0124s/iter; left time: 58.5868s
	iters: 200, epoch: 2 | loss: 0.4729092
	speed: 0.0055s/iter; left time: 25.4846s
Epoch: 2 cost time: 1.4906468391418457
Epoch: 2, Steps: 253 | Train Loss: 0.4588781 Vali Loss: 1.2128141 Test Loss: 0.5095264
EarlyStopping counter: 1 out of 5
Updating learning rate to 0.0025
	iters: 100, epoch: 3 | loss: 0.4052426
	speed: 0.0146s/iter; left time: 64.9318s
	iters: 200, epoch: 3 | loss: 0.4604509
	speed: 0.0068s/iter; left time: 29.4009s
Epoch: 3 cost time: 1.6513652801513672
Epoch: 3, Steps: 253 | Train Loss: 0.4071203 Vali Loss: 1.0751144 Test Loss: 0.4506355
Validation loss decreased (1.123686 --> 1.075114).  Saving model ...
Updating learning rate to 0.00125
	iters: 100, epoch: 4 | loss: 0.3642167
	speed: 0.0144s/iter; left time: 60.3993s
	iters: 200, epoch: 4 | loss: 0.3815242
	speed: 0.0061s/iter; left time: 24.9847s
Epoch: 4 cost time: 1.5224311351776123
Epoch: 4, Steps: 253 | Train Loss: 0.3891384 Vali Loss: 1.0214198 Test Loss: 0.4238927
Validation loss decreased (1.075114 --> 1.021420).  Saving model ...
Updating learning rate to 0.000625
	iters: 100, epoch: 5 | loss: 0.3739835
	speed: 0.0121s/iter; left time: 47.8330s
	iters: 200, epoch: 5 | loss: 0.3817273
	speed: 0.0067s/iter; left time: 25.6795s
Epoch: 5 cost time: 1.5594415664672852
Epoch: 5, Steps: 253 | Train Loss: 0.3795167 Vali Loss: 1.0076510 Test Loss: 0.4235180
Validation loss decreased (1.021420 --> 1.007651).  Saving model ...
Updating learning rate to 0.0003125
	iters: 100, epoch: 6 | loss: 0.3973801
	speed: 0.0132s/iter; left time: 48.7283s
	iters: 200, epoch: 6 | loss: 0.4200217
	speed: 0.0054s/iter; left time: 19.3825s
Epoch: 6 cost time: 1.391683578491211
Epoch: 6, Steps: 253 | Train Loss: 0.3740338 Vali Loss: 0.9823453 Test Loss: 0.4176128
Validation loss decreased (1.007651 --> 0.982345).  Saving model ...
Updating learning rate to 0.00015625
	iters: 100, epoch: 7 | loss: 0.4494518
	speed: 0.0140s/iter; left time: 48.2721s
	iters: 200, epoch: 7 | loss: 0.4126740
	speed: 0.0063s/iter; left time: 20.9889s
Epoch: 7 cost time: 1.6313636302947998
Epoch: 7, Steps: 253 | Train Loss: 0.3717196 Vali Loss: 0.9924665 Test Loss: 0.4151121
EarlyStopping counter: 1 out of 5
Updating learning rate to 7.8125e-05
	iters: 100, epoch: 8 | loss: 0.3843255
	speed: 0.0125s/iter; left time: 39.8274s
	iters: 200, epoch: 8 | loss: 0.4006839
	speed: 0.0052s/iter; left time: 16.1607s
Epoch: 8 cost time: 1.3314039707183838
Epoch: 8, Steps: 253 | Train Loss: 0.3702570 Vali Loss: 0.9890383 Test Loss: 0.4140506
EarlyStopping counter: 2 out of 5
Updating learning rate to 3.90625e-05
	iters: 100, epoch: 9 | loss: 0.4206327
	speed: 0.0118s/iter; left time: 34.6896s
	iters: 200, epoch: 9 | loss: 0.4065913
	speed: 0.0058s/iter; left time: 16.5457s
Epoch: 9 cost time: 1.3952102661132812
Epoch: 9, Steps: 253 | Train Loss: 0.3693863 Vali Loss: 0.9907066 Test Loss: 0.4143470
EarlyStopping counter: 3 out of 5
Updating learning rate to 1.953125e-05
	iters: 100, epoch: 10 | loss: 0.4296121
	speed: 0.0126s/iter; left time: 33.7966s
	iters: 200, epoch: 10 | loss: 0.3877127
	speed: 0.0061s/iter; left time: 15.7976s
Epoch: 10 cost time: 1.5393602848052979
Epoch: 10, Steps: 253 | Train Loss: 0.3688160 Vali Loss: 0.9875698 Test Loss: 0.4141950
EarlyStopping counter: 4 out of 5
Updating learning rate to 9.765625e-06
	iters: 100, epoch: 11 | loss: 0.3929359
	speed: 0.0126s/iter; left time: 30.6334s
	iters: 200, epoch: 11 | loss: 0.3978255
	speed: 0.0054s/iter; left time: 12.5452s
Epoch: 11 cost time: 1.3640401363372803
Epoch: 11, Steps: 253 | Train Loss: 0.3688392 Vali Loss: 0.9889490 Test Loss: 0.4140100
EarlyStopping counter: 5 out of 5
Early stopping
>>>>>>>testing : ETTh1_336_192_NLinear_ETTh1_ftM_sl336_ll48_pl192_dm512_nh8_el2_dl1_df2048_fc1_ebtimeF_dtTrue_Exp_0_seed3293<<<<<<<<<<<<<<<<<<<<<<<<<<<<<<<<<
test 2689
mse:0.4169713854789734, mae:0.4229399561882019
