Args in experiment:
Namespace(activation='gelu', batch_size=32, c_out=7, checkpoints='./checkpoints/', d_ff=2048, d_layers=1, d_model=512, data='ETTh1', data_path='ETTh1.csv', dec_in=7, des='Exp', devices='0,1,2,3', distil=True, do_predict=False, dropout=0.05, e_layers=2, embed='timeF', embed_type=0, enc_in=7, factor=1, features='M', freq='h', gpu=0, individual=True, is_training=1, itr=1, label_len=48, learning_rate=0.005, loss='mse', lradj='type1', model='NLinear', model_id='ETTh1_336_192', moving_avg=25, n_heads=8, num_workers=0, output_attention=False, patience=5, pred_len=192, root_path='./dataset/', save_pred_values=False, seed=32598, seq_len=336, target='OT', test_flop=False, train_epochs=20, train_only=False, use_amp=False, use_gpu=False, use_multi_gpu=False)
Use CPU
>>>>>>>start training : ETTh1_336_192_NLinear_ETTh1_ftM_sl336_ll48_pl192_dm512_nh8_el2_dl1_df2048_fc1_ebtimeF_dtTrue_Exp_0_seed32598>>>>>>>>>>>>>>>>>>>>>>>>>>
train 8113
val 2689
test 2689
	iters: 100, epoch: 1 | loss: 0.5076208
	speed: 0.0063s/iter; left time: 31.1722s
	iters: 200, epoch: 1 | loss: 0.4105772
	speed: 0.0069s/iter; left time: 33.7453s
Epoch: 1 cost time: 1.6686077117919922
Epoch: 1, Steps: 253 | Train Loss: 0.4924156 Vali Loss: 1.1157501 Test Loss: 0.4882148
Validation loss decreased (inf --> 1.115750).  Saving model ...
Updating learning rate to 0.005
	iters: 100, epoch: 2 | loss: 0.5094154
	speed: 0.0144s/iter; left time: 67.9086s
	iters: 200, epoch: 2 | loss: 0.4574838
	speed: 0.0057s/iter; left time: 26.0948s
Epoch: 2 cost time: 1.5032966136932373
Epoch: 2, Steps: 253 | Train Loss: 0.4598633 Vali Loss: 1.0696898 Test Loss: 0.4874103
Validation loss decreased (1.115750 --> 1.069690).  Saving model ...
Updating learning rate to 0.0025
	iters: 100, epoch: 3 | loss: 0.3949679
	speed: 0.0140s/iter; left time: 62.2479s
	iters: 200, epoch: 3 | loss: 0.5682901
	speed: 0.0052s/iter; left time: 22.5200s
Epoch: 3 cost time: 1.3341584205627441
Epoch: 3, Steps: 253 | Train Loss: 0.4087290 Vali Loss: 1.0483669 Test Loss: 0.4444573
Validation loss decreased (1.069690 --> 1.048367).  Saving model ...
Updating learning rate to 0.00125
	iters: 100, epoch: 4 | loss: 0.3959396
	speed: 0.0118s/iter; left time: 49.4320s
	iters: 200, epoch: 4 | loss: 0.3872717
	speed: 0.0057s/iter; left time: 23.4153s
Epoch: 4 cost time: 1.429431438446045
Epoch: 4, Steps: 253 | Train Loss: 0.3883381 Vali Loss: 1.0505320 Test Loss: 0.4324512
EarlyStopping counter: 1 out of 5
Updating learning rate to 0.000625
	iters: 100, epoch: 5 | loss: 0.3427160
	speed: 0.0109s/iter; left time: 42.8570s
	iters: 200, epoch: 5 | loss: 0.3876201
	speed: 0.0064s/iter; left time: 24.7595s
Epoch: 5 cost time: 1.4512689113616943
Epoch: 5, Steps: 253 | Train Loss: 0.3798703 Vali Loss: 0.9940224 Test Loss: 0.4238174
Validation loss decreased (1.048367 --> 0.994022).  Saving model ...
Updating learning rate to 0.0003125
	iters: 100, epoch: 6 | loss: 0.3466824
	speed: 0.0136s/iter; left time: 50.1626s
	iters: 200, epoch: 6 | loss: 0.4054948
	speed: 0.0061s/iter; left time: 21.7690s
Epoch: 6 cost time: 1.4044091701507568
Epoch: 6, Steps: 253 | Train Loss: 0.3748876 Vali Loss: 0.9851564 Test Loss: 0.4169379
Validation loss decreased (0.994022 --> 0.985156).  Saving model ...
Updating learning rate to 0.00015625
	iters: 100, epoch: 7 | loss: 0.3333703
	speed: 0.0120s/iter; left time: 41.4794s
	iters: 200, epoch: 7 | loss: 0.3262871
	speed: 0.0057s/iter; left time: 19.1266s
Epoch: 7 cost time: 1.512540340423584
Epoch: 7, Steps: 253 | Train Loss: 0.3719491 Vali Loss: 0.9919586 Test Loss: 0.4148456
EarlyStopping counter: 1 out of 5
Updating learning rate to 7.8125e-05
	iters: 100, epoch: 8 | loss: 0.3194841
	speed: 0.0136s/iter; left time: 43.4569s
	iters: 200, epoch: 8 | loss: 0.4297297
	speed: 0.0065s/iter; left time: 20.1845s
Epoch: 8 cost time: 1.5742814540863037
Epoch: 8, Steps: 253 | Train Loss: 0.3705981 Vali Loss: 0.9938214 Test Loss: 0.4149110
EarlyStopping counter: 2 out of 5
Updating learning rate to 3.90625e-05
	iters: 100, epoch: 9 | loss: 0.3538583
	speed: 0.0112s/iter; left time: 32.8393s
	iters: 200, epoch: 9 | loss: 0.3551016
	speed: 0.0049s/iter; left time: 14.0431s
Epoch: 9 cost time: 1.284364938735962
Epoch: 9, Steps: 253 | Train Loss: 0.3695267 Vali Loss: 0.9882290 Test Loss: 0.4143687
EarlyStopping counter: 3 out of 5
Updating learning rate to 1.953125e-05
	iters: 100, epoch: 10 | loss: 0.3144456
	speed: 0.0135s/iter; left time: 36.1643s
	iters: 200, epoch: 10 | loss: 0.3490224
	speed: 0.0052s/iter; left time: 13.3349s
Epoch: 10 cost time: 1.46754789352417
Epoch: 10, Steps: 253 | Train Loss: 0.3691495 Vali Loss: 0.9868285 Test Loss: 0.4141314
EarlyStopping counter: 4 out of 5
Updating learning rate to 9.765625e-06
	iters: 100, epoch: 11 | loss: 0.3521702
	speed: 0.0140s/iter; left time: 33.9956s
	iters: 200, epoch: 11 | loss: 0.4390681
	speed: 0.0044s/iter; left time: 10.1865s
Epoch: 11 cost time: 1.3085246086120605
Epoch: 11, Steps: 253 | Train Loss: 0.3689654 Vali Loss: 0.9871359 Test Loss: 0.4140705
EarlyStopping counter: 5 out of 5
Early stopping
>>>>>>>testing : ETTh1_336_192_NLinear_ETTh1_ftM_sl336_ll48_pl192_dm512_nh8_el2_dl1_df2048_fc1_ebtimeF_dtTrue_Exp_0_seed32598<<<<<<<<<<<<<<<<<<<<<<<<<<<<<<<<<
test 2689
mse:0.4164575934410095, mae:0.4230082631111145
