Args in experiment:
Namespace(activation='gelu', batch_size=32, c_out=7, checkpoints='./checkpoints/', d_ff=2048, d_layers=1, d_model=512, data='ETTm2', data_path='ETTm2.csv', dec_in=7, des='Exp', devices='0,1,2,3', distil=True, do_predict=False, dropout=0.05, e_layers=2, embed='timeF', embed_type=0, enc_in=7, factor=3, features='M', freq='h', gpu=0, individual=False, is_training=1, itr=1, label_len=48, learning_rate=0.0001, loss='mse', lradj='type1', model='Autoformer', model_id='ETTm2_192', moving_avg=25, n_heads=8, num_workers=0, output_attention=False, patience=3, pred_len=192, root_path='./dataset/', seed=3293, seq_len=96, target='OT', test_flop=False, train_epochs=10, train_only=False, use_amp=False, use_gpu=True, use_multi_gpu=False)
Use GPU: cuda:0
>>>>>>>start training : ETTm2_192_Autoformer_ETTm2_ftM_sl96_ll48_pl192_dm512_nh8_el2_dl1_df2048_fc3_ebtimeF_dtTrue_Exp_0_seed3293>>>>>>>>>>>>>>>>>>>>>>>>>>
train 34273
val 11329
test 11329
	iters: 100, epoch: 1 | loss: 0.5387737
	speed: 0.0969s/iter; left time: 1028.4454s
	iters: 200, epoch: 1 | loss: 0.3142759
	speed: 0.0611s/iter; left time: 642.0778s
	iters: 300, epoch: 1 | loss: 0.3684116
	speed: 0.0611s/iter; left time: 636.3067s
	iters: 400, epoch: 1 | loss: 0.5285449
	speed: 0.0612s/iter; left time: 630.8700s
	iters: 500, epoch: 1 | loss: 0.6005780
	speed: 0.0612s/iter; left time: 624.8268s
	iters: 600, epoch: 1 | loss: 0.3550122
	speed: 0.0613s/iter; left time: 619.4131s
	iters: 700, epoch: 1 | loss: 0.3376998
	speed: 0.0614s/iter; left time: 614.6071s
	iters: 800, epoch: 1 | loss: 0.3837076
	speed: 0.0614s/iter; left time: 608.6124s
	iters: 900, epoch: 1 | loss: 0.1520680
	speed: 0.0614s/iter; left time: 602.6531s
	iters: 1000, epoch: 1 | loss: 0.2221543
	speed: 0.0614s/iter; left time: 595.8862s
Epoch: 1 cost time: 69.22467970848083
Epoch: 1, Steps: 1071 | Train Loss: 0.3654890 Vali Loss: 0.1977320 Test Loss: 0.2850655
Validation loss decreased (inf --> 0.197732).  Saving model ...
Updating learning rate to 0.0001
	iters: 100, epoch: 2 | loss: 0.3261689
	speed: 0.3749s/iter; left time: 3576.4370s
	iters: 200, epoch: 2 | loss: 0.4023607
	speed: 0.0618s/iter; left time: 583.3015s
	iters: 300, epoch: 2 | loss: 0.5140991
	speed: 0.0618s/iter; left time: 576.8888s
	iters: 400, epoch: 2 | loss: 0.3845052
	speed: 0.0618s/iter; left time: 571.2655s
	iters: 500, epoch: 2 | loss: 0.2868009
	speed: 0.0615s/iter; left time: 561.9418s
	iters: 600, epoch: 2 | loss: 0.3439660
	speed: 0.0614s/iter; left time: 554.6692s
	iters: 700, epoch: 2 | loss: 0.2061523
	speed: 0.0612s/iter; left time: 547.0989s
	iters: 800, epoch: 2 | loss: 0.1367351
	speed: 0.0612s/iter; left time: 540.6322s
	iters: 900, epoch: 2 | loss: 0.2485982
	speed: 0.0612s/iter; left time: 534.9154s
	iters: 1000, epoch: 2 | loss: 0.3209611
	speed: 0.0612s/iter; left time: 528.7268s
Epoch: 2 cost time: 65.77926826477051
Epoch: 2, Steps: 1071 | Train Loss: 0.3500036 Vali Loss: 0.2003966 Test Loss: 0.3158471
EarlyStopping counter: 1 out of 3
Updating learning rate to 5e-05
	iters: 100, epoch: 3 | loss: 0.1370961
	speed: 0.3717s/iter; left time: 3147.6621s
	iters: 200, epoch: 3 | loss: 0.2224222
	speed: 0.0611s/iter; left time: 511.5010s
	iters: 300, epoch: 3 | loss: 0.3249627
	speed: 0.0612s/iter; left time: 505.6732s
	iters: 400, epoch: 3 | loss: 0.1999321
	speed: 0.0611s/iter; left time: 499.1667s
	iters: 500, epoch: 3 | loss: 0.2729655
	speed: 0.0611s/iter; left time: 493.3424s
	iters: 600, epoch: 3 | loss: 0.1745102
	speed: 0.0617s/iter; left time: 491.3236s
	iters: 700, epoch: 3 | loss: 0.2611828
	speed: 0.0616s/iter; left time: 484.8150s
	iters: 800, epoch: 3 | loss: 0.2365643
	speed: 0.0616s/iter; left time: 478.8226s
	iters: 900, epoch: 3 | loss: 0.3647678
	speed: 0.0615s/iter; left time: 471.9344s
	iters: 1000, epoch: 3 | loss: 0.3804574
	speed: 0.0618s/iter; left time: 467.7040s
Epoch: 3 cost time: 65.72676706314087
Epoch: 3, Steps: 1071 | Train Loss: 0.3306069 Vali Loss: 0.2103072 Test Loss: 0.3157559
EarlyStopping counter: 2 out of 3
Updating learning rate to 2.5e-05
	iters: 100, epoch: 4 | loss: 0.2827415
	speed: 0.3714s/iter; left time: 2747.4438s
	iters: 200, epoch: 4 | loss: 0.1685293
	speed: 0.0612s/iter; left time: 446.4663s
	iters: 300, epoch: 4 | loss: 0.3119578
	speed: 0.0616s/iter; left time: 443.1017s
	iters: 400, epoch: 4 | loss: 0.2268962
	speed: 0.0611s/iter; left time: 433.6198s
	iters: 500, epoch: 4 | loss: 0.3093669
	speed: 0.0611s/iter; left time: 427.6293s
	iters: 600, epoch: 4 | loss: 0.2754081
	speed: 0.0612s/iter; left time: 422.0030s
	iters: 700, epoch: 4 | loss: 0.2077105
	speed: 0.0612s/iter; left time: 415.9429s
	iters: 800, epoch: 4 | loss: 0.1243196
	speed: 0.0613s/iter; left time: 410.4764s
	iters: 900, epoch: 4 | loss: 0.3110709
	speed: 0.0612s/iter; left time: 403.7935s
	iters: 1000, epoch: 4 | loss: 0.2115483
	speed: 0.0615s/iter; left time: 399.5069s
Epoch: 4 cost time: 65.62142300605774
Epoch: 4, Steps: 1071 | Train Loss: 0.3171860 Vali Loss: 0.2048295 Test Loss: 0.3547152
EarlyStopping counter: 3 out of 3
Early stopping
>>>>>>>testing : ETTm2_192_Autoformer_ETTm2_ftM_sl96_ll48_pl192_dm512_nh8_el2_dl1_df2048_fc3_ebtimeF_dtTrue_Exp_0_seed3293<<<<<<<<<<<<<<<<<<<<<<<<<<<<<<<<<
test 11329
mse:0.2855267822742462, mae:0.34455475211143494
