Args in experiment:
Namespace(activation='gelu', batch_size=32, c_out=7, checkpoints='./checkpoints/', d_ff=2048, d_layers=1, d_model=512, data='custom', data_path='national_illness.csv', dec_in=7, des='Exp', devices='0,1,2,3', distil=True, do_predict=False, dropout=0.05, e_layers=2, embed='timeF', embed_type=0, enc_in=7, factor=3, features='M', freq='h', gpu=0, individual=False, is_training=1, itr=1, label_len=18, learning_rate=0.0001, loss='mse', lradj='type1', model='Autoformer', model_id='ili_36', moving_avg=25, n_heads=8, num_workers=0, output_attention=False, patience=3, pred_len=36, root_path='./dataset/', seed=15349, seq_len=36, target='OT', test_flop=False, train_epochs=10, train_only=False, use_amp=False, use_gpu=True, use_multi_gpu=False)
Use GPU: cuda:0
>>>>>>>start training : ili_36_Autoformer_custom_ftM_sl36_ll18_pl36_dm512_nh8_el2_dl1_df2048_fc3_ebtimeF_dtTrue_Exp_0_seed15349>>>>>>>>>>>>>>>>>>>>>>>>>>
train 605
val 62
test 158
Epoch: 1 cost time: 3.8139007091522217
Epoch: 1, Steps: 18 | Train Loss: 0.9558581 Vali Loss: 0.7357193 Test Loss: 3.9262016
Validation loss decreased (inf --> 0.735719).  Saving model ...
Updating learning rate to 0.0001
Epoch: 2 cost time: 0.45874524116516113
Epoch: 2, Steps: 18 | Train Loss: 0.6539100 Vali Loss: 0.3756433 Test Loss: 3.3763084
Validation loss decreased (0.735719 --> 0.375643).  Saving model ...
Updating learning rate to 5e-05
Epoch: 3 cost time: 0.440152645111084
Epoch: 3, Steps: 18 | Train Loss: 0.5546312 Vali Loss: 0.3549190 Test Loss: 3.2492051
Validation loss decreased (0.375643 --> 0.354919).  Saving model ...
Updating learning rate to 2.5e-05
Epoch: 4 cost time: 0.4695439338684082
Epoch: 4, Steps: 18 | Train Loss: 0.5296145 Vali Loss: 0.3247769 Test Loss: 3.2869937
Validation loss decreased (0.354919 --> 0.324777).  Saving model ...
Updating learning rate to 1.25e-05
Epoch: 5 cost time: 0.48035144805908203
Epoch: 5, Steps: 18 | Train Loss: 0.5191725 Vali Loss: 0.3115137 Test Loss: 3.2979934
Validation loss decreased (0.324777 --> 0.311514).  Saving model ...
Updating learning rate to 6.25e-06
Epoch: 6 cost time: 0.5122854709625244
Epoch: 6, Steps: 18 | Train Loss: 0.5194161 Vali Loss: 0.3012940 Test Loss: 3.2884643
Validation loss decreased (0.311514 --> 0.301294).  Saving model ...
Updating learning rate to 3.125e-06
Epoch: 7 cost time: 0.4933497905731201
Epoch: 7, Steps: 18 | Train Loss: 0.5106091 Vali Loss: 0.2941495 Test Loss: 3.2930255
Validation loss decreased (0.301294 --> 0.294150).  Saving model ...
Updating learning rate to 1.5625e-06
Epoch: 8 cost time: 0.4425194263458252
Epoch: 8, Steps: 18 | Train Loss: 0.5025084 Vali Loss: 0.3026167 Test Loss: 3.2909369
EarlyStopping counter: 1 out of 3
Updating learning rate to 7.8125e-07
Epoch: 9 cost time: 0.44454503059387207
Epoch: 9, Steps: 18 | Train Loss: 0.4906967 Vali Loss: 0.2851447 Test Loss: 3.2895570
Validation loss decreased (0.294150 --> 0.285145).  Saving model ...
Updating learning rate to 3.90625e-07
Epoch: 10 cost time: 0.4933488368988037
Epoch: 10, Steps: 18 | Train Loss: 0.5098294 Vali Loss: 0.2767157 Test Loss: 3.2895951
Validation loss decreased (0.285145 --> 0.276716).  Saving model ...
Updating learning rate to 1.953125e-07
>>>>>>>testing : ili_36_Autoformer_custom_ftM_sl36_ll18_pl36_dm512_nh8_el2_dl1_df2048_fc3_ebtimeF_dtTrue_Exp_0_seed15349<<<<<<<<<<<<<<<<<<<<<<<<<<<<<<<<<
test 158
mse:3.2592356204986572, mae:1.2604293823242188
