Args in experiment:
Namespace(activation='gelu', batch_size=32, c_out=7, checkpoints='./checkpoints/', d_ff=2048, d_layers=1, d_model=512, data='ETTh1', data_path='ETTh1.csv', dec_in=7, des='Exp', devices='0,1,2,3', distil=True, do_predict=False, dropout=0.05, e_layers=2, embed='timeF', embed_type=0, enc_in=7, factor=3, features='M', freq='h', gpu=0, individual=False, is_training=1, itr=1, label_len=48, learning_rate=0.0001, loss='mse', lradj='type1', model='Autoformer', model_id='ETTh1_96', moving_avg=25, n_heads=8, num_workers=0, output_attention=False, patience=3, pred_len=96, root_path='./dataset/', seed=32598, seq_len=96, target='OT', test_flop=False, train_epochs=10, train_only=False, use_amp=False, use_gpu=True, use_multi_gpu=False)
Use GPU: cuda:0
>>>>>>>start training : ETTh1_96_Autoformer_ETTh1_ftM_sl96_ll48_pl96_dm512_nh8_el2_dl1_df2048_fc3_ebtimeF_dtTrue_Exp_0_seed32598>>>>>>>>>>>>>>>>>>>>>>>>>>
train 8449
val 2785
test 2785
	iters: 100, epoch: 1 | loss: 0.3813214
	speed: 0.0813s/iter; left time: 206.6162s
	iters: 200, epoch: 1 | loss: 0.3730232
	speed: 0.0476s/iter; left time: 116.2552s
Epoch: 1 cost time: 15.956806182861328
Epoch: 1, Steps: 264 | Train Loss: 0.4031956 Vali Loss: 0.9000510 Test Loss: 0.4923081
Validation loss decreased (inf --> 0.900051).  Saving model ...
Updating learning rate to 0.0001
	iters: 100, epoch: 2 | loss: 0.3976969
	speed: 0.1292s/iter; left time: 294.2715s
	iters: 200, epoch: 2 | loss: 0.3846117
	speed: 0.0473s/iter; left time: 103.0632s
Epoch: 2 cost time: 12.524535179138184
Epoch: 2, Steps: 264 | Train Loss: 0.3501791 Vali Loss: 0.8472692 Test Loss: 0.4458114
Validation loss decreased (0.900051 --> 0.847269).  Saving model ...
Updating learning rate to 5e-05
	iters: 100, epoch: 3 | loss: 0.2964686
	speed: 0.1305s/iter; left time: 262.6597s
	iters: 200, epoch: 3 | loss: 0.3403247
	speed: 0.0476s/iter; left time: 91.0020s
Epoch: 3 cost time: 12.548803091049194
Epoch: 3, Steps: 264 | Train Loss: 0.3173026 Vali Loss: 0.8808019 Test Loss: 0.4494242
EarlyStopping counter: 1 out of 3
Updating learning rate to 2.5e-05
	iters: 100, epoch: 4 | loss: 0.2632098
	speed: 0.1280s/iter; left time: 223.8493s
	iters: 200, epoch: 4 | loss: 0.2834804
	speed: 0.0475s/iter; left time: 78.3017s
Epoch: 4 cost time: 12.517237424850464
Epoch: 4, Steps: 264 | Train Loss: 0.2937138 Vali Loss: 0.9035820 Test Loss: 0.4663127
EarlyStopping counter: 2 out of 3
Updating learning rate to 1.25e-05
	iters: 100, epoch: 5 | loss: 0.2686042
	speed: 0.1277s/iter; left time: 189.6395s
	iters: 200, epoch: 5 | loss: 0.2612921
	speed: 0.0474s/iter; left time: 65.6683s
Epoch: 5 cost time: 12.535563945770264
Epoch: 5, Steps: 264 | Train Loss: 0.2791617 Vali Loss: 0.9016535 Test Loss: 0.4723243
EarlyStopping counter: 3 out of 3
Early stopping
>>>>>>>testing : ETTh1_96_Autoformer_ETTh1_ftM_sl96_ll48_pl96_dm512_nh8_el2_dl1_df2048_fc3_ebtimeF_dtTrue_Exp_0_seed32598<<<<<<<<<<<<<<<<<<<<<<<<<<<<<<<<<
test 2785
mse:0.44639286398887634, mae:0.4535658657550812
