Args in experiment:
Namespace(activation='gelu', batch_size=32, c_out=7, checkpoints='./checkpoints/', d_ff=2048, d_layers=1, d_model=512, data='ETTm1', data_path='ETTm1.csv', dec_in=7, des='Exp', devices='0,1,2,3', distil=True, do_predict=False, dropout=0.05, e_layers=2, embed='timeF', embed_type=0, enc_in=7, factor=3, features='M', freq='h', gpu=0, individual=False, is_training=1, itr=1, label_len=48, learning_rate=0.0001, loss='mse', lradj='type1', model='Autoformer', model_id='ETTm1_192', moving_avg=25, n_heads=8, num_workers=0, output_attention=False, patience=3, pred_len=192, root_path='./dataset/', seed=15227, seq_len=96, target='OT', test_flop=False, train_epochs=10, train_only=False, use_amp=False, use_gpu=True, use_multi_gpu=False)
Use GPU: cuda:0
>>>>>>>start training : ETTm1_192_Autoformer_ETTm1_ftM_sl96_ll48_pl192_dm512_nh8_el2_dl1_df2048_fc3_ebtimeF_dtTrue_Exp_0_seed15227>>>>>>>>>>>>>>>>>>>>>>>>>>
train 34273
val 11329
test 11329
	iters: 100, epoch: 1 | loss: 0.4450010
	speed: 0.0947s/iter; left time: 1004.5722s
	iters: 200, epoch: 1 | loss: 0.4376923
	speed: 0.0617s/iter; left time: 648.1697s
	iters: 300, epoch: 1 | loss: 0.4993114
	speed: 0.0617s/iter; left time: 641.9881s
	iters: 400, epoch: 1 | loss: 0.4065207
	speed: 0.0617s/iter; left time: 636.2044s
	iters: 500, epoch: 1 | loss: 0.3928237
	speed: 0.0619s/iter; left time: 631.9918s
	iters: 600, epoch: 1 | loss: 0.3737396
	speed: 0.0618s/iter; left time: 624.7754s
	iters: 700, epoch: 1 | loss: 0.3717640
	speed: 0.0612s/iter; left time: 613.1384s
	iters: 800, epoch: 1 | loss: 0.3105584
	speed: 0.0612s/iter; left time: 606.4321s
	iters: 900, epoch: 1 | loss: 0.3885986
	speed: 0.0612s/iter; left time: 600.7806s
	iters: 1000, epoch: 1 | loss: 0.3978331
	speed: 0.0612s/iter; left time: 594.5163s
Epoch: 1 cost time: 69.20811057090759
Epoch: 1, Steps: 1071 | Train Loss: 0.4080744 Vali Loss: 0.7722533 Test Loss: 0.5957943
Validation loss decreased (inf --> 0.772253).  Saving model ...
Updating learning rate to 0.0001
	iters: 100, epoch: 2 | loss: 0.3017721
	speed: 0.3744s/iter; left time: 3571.7511s
	iters: 200, epoch: 2 | loss: 0.3707963
	speed: 0.0614s/iter; left time: 579.8859s
	iters: 300, epoch: 2 | loss: 0.3247591
	speed: 0.0615s/iter; left time: 574.7210s
	iters: 400, epoch: 2 | loss: 0.3343718
	speed: 0.0614s/iter; left time: 567.1391s
	iters: 500, epoch: 2 | loss: 0.2873386
	speed: 0.0613s/iter; left time: 560.5033s
	iters: 600, epoch: 2 | loss: 0.3324898
	speed: 0.0615s/iter; left time: 555.5780s
	iters: 700, epoch: 2 | loss: 0.3259045
	speed: 0.0617s/iter; left time: 551.5574s
	iters: 800, epoch: 2 | loss: 0.2965141
	speed: 0.0618s/iter; left time: 546.5384s
	iters: 900, epoch: 2 | loss: 0.2936417
	speed: 0.0618s/iter; left time: 540.1434s
	iters: 1000, epoch: 2 | loss: 0.3005698
	speed: 0.0616s/iter; left time: 532.5472s
Epoch: 2 cost time: 65.90618681907654
Epoch: 2, Steps: 1071 | Train Loss: 0.3183424 Vali Loss: 0.8322564 Test Loss: 0.6434880
EarlyStopping counter: 1 out of 3
Updating learning rate to 5e-05
	iters: 100, epoch: 3 | loss: 0.2573922
	speed: 0.3729s/iter; left time: 3157.9429s
	iters: 200, epoch: 3 | loss: 0.2898983
	speed: 0.0612s/iter; left time: 512.4265s
	iters: 300, epoch: 3 | loss: 0.2800280
	speed: 0.0612s/iter; left time: 505.8112s
	iters: 400, epoch: 3 | loss: 0.2849848
	speed: 0.0612s/iter; left time: 499.9361s
	iters: 500, epoch: 3 | loss: 0.2221877
	speed: 0.0612s/iter; left time: 493.9416s
	iters: 600, epoch: 3 | loss: 0.2937123
	speed: 0.0612s/iter; left time: 487.7633s
	iters: 700, epoch: 3 | loss: 0.3051924
	speed: 0.0611s/iter; left time: 481.0704s
	iters: 800, epoch: 3 | loss: 0.2318726
	speed: 0.0611s/iter; left time: 474.7230s
	iters: 900, epoch: 3 | loss: 0.2754129
	speed: 0.0611s/iter; left time: 468.9286s
	iters: 1000, epoch: 3 | loss: 0.2524573
	speed: 0.0613s/iter; left time: 463.8354s
Epoch: 3 cost time: 65.57271337509155
Epoch: 3, Steps: 1071 | Train Loss: 0.2745472 Vali Loss: 0.8740930 Test Loss: 0.6676010
EarlyStopping counter: 2 out of 3
Updating learning rate to 2.5e-05
	iters: 100, epoch: 4 | loss: 0.2618553
	speed: 0.3738s/iter; left time: 2765.3704s
	iters: 200, epoch: 4 | loss: 0.2427649
	speed: 0.0611s/iter; left time: 446.1662s
	iters: 300, epoch: 4 | loss: 0.2988901
	speed: 0.0611s/iter; left time: 439.9101s
	iters: 400, epoch: 4 | loss: 0.2774473
	speed: 0.0611s/iter; left time: 433.8250s
	iters: 500, epoch: 4 | loss: 0.2979780
	speed: 0.0611s/iter; left time: 427.3183s
	iters: 600, epoch: 4 | loss: 0.2439011
	speed: 0.0611s/iter; left time: 421.2905s
	iters: 700, epoch: 4 | loss: 0.2569155
	speed: 0.0616s/iter; left time: 419.0586s
	iters: 800, epoch: 4 | loss: 0.2371556
	speed: 0.0612s/iter; left time: 409.7081s
	iters: 900, epoch: 4 | loss: 0.2471431
	speed: 0.0611s/iter; left time: 403.1493s
	iters: 1000, epoch: 4 | loss: 0.2897878
	speed: 0.0611s/iter; left time: 396.9868s
Epoch: 4 cost time: 65.50132083892822
Epoch: 4, Steps: 1071 | Train Loss: 0.2528530 Vali Loss: 0.8613355 Test Loss: 0.6723771
EarlyStopping counter: 3 out of 3
Early stopping
>>>>>>>testing : ETTm1_192_Autoformer_ETTm1_ftM_sl96_ll48_pl192_dm512_nh8_el2_dl1_df2048_fc3_ebtimeF_dtTrue_Exp_0_seed15227<<<<<<<<<<<<<<<<<<<<<<<<<<<<<<<<<
test 11329
mse:0.5960744023323059, mae:0.5205487608909607
