Args in experiment:
Namespace(activation='gelu', batch_size=32, c_out=8, checkpoints='./checkpoints/', d_ff=2048, d_layers=1, d_model=512, data='custom', data_path='exchange_rate.csv', dec_in=8, des='Exp', devices='0,1,2,3', distil=True, do_predict=False, dropout=0.05, e_layers=2, embed='timeF', embed_type=0, enc_in=8, factor=3, features='M', freq='h', gpu=0, individual=False, is_training=1, itr=1, label_len=48, learning_rate=0.0001, loss='mse', lradj='type1', model='Autoformer', model_id='exchange_192', moving_avg=25, n_heads=8, num_workers=0, output_attention=False, patience=3, pred_len=192, root_path='./dataset/', seed=25565, seq_len=96, target='OT', test_flop=False, train_epochs=10, train_only=False, use_amp=False, use_gpu=True, use_multi_gpu=False)
Use GPU: cuda:0
>>>>>>>start training : exchange_192_Autoformer_custom_ftM_sl96_ll48_pl192_dm512_nh8_el2_dl1_df2048_fc3_ebtimeF_dtTrue_Exp_0_seed25565>>>>>>>>>>>>>>>>>>>>>>>>>>
train 5024
val 569
test 1326
	iters: 100, epoch: 1 | loss: 0.2915552
	speed: 0.0955s/iter; left time: 140.4524s
Epoch: 1 cost time: 13.072816848754883
Epoch: 1, Steps: 157 | Train Loss: 0.3438737 Vali Loss: 0.3065961 Test Loss: 0.3331648
Validation loss decreased (inf --> 0.306596).  Saving model ...
Updating learning rate to 0.0001
	iters: 100, epoch: 2 | loss: 0.3840424
	speed: 0.1231s/iter; left time: 161.6940s
Epoch: 2 cost time: 9.703864097595215
Epoch: 2, Steps: 157 | Train Loss: 0.3169961 Vali Loss: 0.3197167 Test Loss: 0.7002152
EarlyStopping counter: 1 out of 3
Updating learning rate to 5e-05
	iters: 100, epoch: 3 | loss: 0.2385959
	speed: 0.1210s/iter; left time: 139.9770s
Epoch: 3 cost time: 9.703564167022705
Epoch: 3, Steps: 157 | Train Loss: 0.2986784 Vali Loss: 0.5336607 Test Loss: 1.3134607
EarlyStopping counter: 2 out of 3
Updating learning rate to 2.5e-05
	iters: 100, epoch: 4 | loss: 0.3050273
	speed: 0.1209s/iter; left time: 120.9405s
Epoch: 4 cost time: 9.711029291152954
Epoch: 4, Steps: 157 | Train Loss: 0.2882969 Vali Loss: 0.7236533 Test Loss: 1.6432422
EarlyStopping counter: 3 out of 3
Early stopping
>>>>>>>testing : exchange_192_Autoformer_custom_ftM_sl96_ll48_pl192_dm512_nh8_el2_dl1_df2048_fc3_ebtimeF_dtTrue_Exp_0_seed25565<<<<<<<<<<<<<<<<<<<<<<<<<<<<<<<<<
test 1326
mse:0.332584947347641, mae:0.42169973254203796
