Args in experiment:
Namespace(activation='gelu', batch_size=32, c_out=8, checkpoints='./checkpoints/', d_ff=2048, d_layers=1, d_model=512, data='custom', data_path='exchange_rate.csv', dec_in=8, des='Exp', devices='0,1,2,3', distil=True, do_predict=False, dropout=0.05, e_layers=2, embed='timeF', embed_type=0, enc_in=8, factor=3, features='M', freq='h', gpu=0, individual=False, is_training=1, itr=1, label_len=48, learning_rate=0.0001, loss='mse', lradj='type1', model='Autoformer', model_id='exchange_720', moving_avg=25, n_heads=8, num_workers=0, output_attention=False, patience=3, pred_len=720, root_path='./dataset/', seed=15349, seq_len=96, target='OT', test_flop=False, train_epochs=10, train_only=False, use_amp=False, use_gpu=True, use_multi_gpu=False)
Use GPU: cuda:0
>>>>>>>start training : exchange_720_Autoformer_custom_ftM_sl96_ll48_pl720_dm512_nh8_el2_dl1_df2048_fc3_ebtimeF_dtTrue_Exp_0_seed15349>>>>>>>>>>>>>>>>>>>>>>>>>>
train 4496
val 41
test 798
	iters: 100, epoch: 1 | loss: 0.8574381
	speed: 0.1766s/iter; left time: 229.8153s
Epoch: 1 cost time: 23.44109296798706
Epoch: 1, Steps: 140 | Train Loss: 0.8848481 Vali Loss: 0.9651991 Test Loss: 1.1895939
Validation loss decreased (inf --> 0.965199).  Saving model ...
Updating learning rate to 0.0001
	iters: 100, epoch: 2 | loss: 0.8895412
	speed: 0.2287s/iter; left time: 265.4634s
Epoch: 2 cost time: 19.975533723831177
Epoch: 2, Steps: 140 | Train Loss: 0.8654341 Vali Loss: 1.0342525 Test Loss: 1.1615220
EarlyStopping counter: 1 out of 3
Updating learning rate to 5e-05
	iters: 100, epoch: 3 | loss: 0.9458607
	speed: 0.2278s/iter; left time: 232.5389s
Epoch: 3 cost time: 20.081249475479126
Epoch: 3, Steps: 140 | Train Loss: 0.8319036 Vali Loss: 1.0362365 Test Loss: 2.2862301
EarlyStopping counter: 2 out of 3
Updating learning rate to 2.5e-05
	iters: 100, epoch: 4 | loss: 0.7848397
	speed: 0.2271s/iter; left time: 200.0689s
Epoch: 4 cost time: 19.978487014770508
Epoch: 4, Steps: 140 | Train Loss: 0.7588773 Vali Loss: 1.8425795 Test Loss: 3.7737467
EarlyStopping counter: 3 out of 3
Early stopping
>>>>>>>testing : exchange_720_Autoformer_custom_ftM_sl96_ll48_pl720_dm512_nh8_el2_dl1_df2048_fc3_ebtimeF_dtTrue_Exp_0_seed15349<<<<<<<<<<<<<<<<<<<<<<<<<<<<<<<<<
test 798
mse:1.190261721611023, mae:0.8446038365364075
