Args in experiment:
Namespace(activation='gelu', batch_size=32, c_out=862, checkpoints='./checkpoints/', d_ff=2048, d_layers=1, d_model=512, data='custom', data_path='traffic.csv', dec_in=862, des='Exp', devices='0,1,2,3', distil=True, do_predict=False, dropout=0.05, e_layers=2, embed='timeF', embed_type=0, enc_in=862, factor=3, features='M', freq='h', gpu=0, individual=False, is_training=1, itr=1, label_len=48, learning_rate=0.0001, loss='mse', lradj='type1', model='Autoformer', model_id='traffic_192', moving_avg=25, n_heads=8, num_workers=0, output_attention=False, patience=3, pred_len=192, root_path='./dataset/', seed=10458, seq_len=96, target='OT', test_flop=False, train_epochs=10, train_only=False, use_amp=False, use_gpu=True, use_multi_gpu=False)
Use GPU: cuda:0
>>>>>>>start training : traffic_192_Autoformer_custom_ftM_sl96_ll48_pl192_dm512_nh8_el2_dl1_df2048_fc3_ebtimeF_dtTrue_Exp_0_seed10458>>>>>>>>>>>>>>>>>>>>>>>>>>
train 11993
val 1565
test 3317
	iters: 100, epoch: 1 | loss: 0.4337431
	speed: 0.1200s/iter; left time: 436.7503s
	iters: 200, epoch: 1 | loss: 0.3621268
	speed: 0.0844s/iter; left time: 298.9842s
	iters: 300, epoch: 1 | loss: 0.3064965
	speed: 0.0844s/iter; left time: 290.2708s
Epoch: 1 cost time: 35.13714051246643
Epoch: 1, Steps: 374 | Train Loss: 0.4137477 Vali Loss: 0.5238751 Test Loss: 0.7230318
Validation loss decreased (inf --> 0.523875).  Saving model ...
Updating learning rate to 0.0001
	iters: 100, epoch: 2 | loss: 0.2855144
	speed: 0.2770s/iter; left time: 904.9966s
	iters: 200, epoch: 2 | loss: 0.2619297
	speed: 0.0832s/iter; left time: 263.5712s
	iters: 300, epoch: 2 | loss: 0.2491701
	speed: 0.0835s/iter; left time: 256.1979s
Epoch: 2 cost time: 31.28002905845642
Epoch: 2, Steps: 374 | Train Loss: 0.2769820 Vali Loss: 0.4843957 Test Loss: 0.6767026
Validation loss decreased (0.523875 --> 0.484396).  Saving model ...
Updating learning rate to 5e-05
	iters: 100, epoch: 3 | loss: 0.2499695
	speed: 0.2778s/iter; left time: 803.5987s
	iters: 200, epoch: 3 | loss: 0.2517468
	speed: 0.0849s/iter; left time: 237.2203s
	iters: 300, epoch: 3 | loss: 0.2374302
	speed: 0.0865s/iter; left time: 232.8919s
Epoch: 3 cost time: 32.163522481918335
Epoch: 3, Steps: 374 | Train Loss: 0.2503545 Vali Loss: 0.4929659 Test Loss: 0.6445761
EarlyStopping counter: 1 out of 3
Updating learning rate to 2.5e-05
	iters: 100, epoch: 4 | loss: 0.2566693
	speed: 0.2795s/iter; left time: 704.1365s
	iters: 200, epoch: 4 | loss: 0.2577766
	speed: 0.0869s/iter; left time: 210.2314s
	iters: 300, epoch: 4 | loss: 0.2455427
	speed: 0.0863s/iter; left time: 200.2243s
Epoch: 4 cost time: 32.52247500419617
Epoch: 4, Steps: 374 | Train Loss: 0.2409791 Vali Loss: 0.4799819 Test Loss: 0.6357183
Validation loss decreased (0.484396 --> 0.479982).  Saving model ...
Updating learning rate to 1.25e-05
	iters: 100, epoch: 5 | loss: 0.2386868
	speed: 0.2781s/iter; left time: 596.4903s
	iters: 200, epoch: 5 | loss: 0.2351991
	speed: 0.0840s/iter; left time: 171.8199s
	iters: 300, epoch: 5 | loss: 0.2372236
	speed: 0.0845s/iter; left time: 164.2632s
Epoch: 5 cost time: 31.602388858795166
Epoch: 5, Steps: 374 | Train Loss: 0.2366119 Vali Loss: 0.4764996 Test Loss: 0.6366925
Validation loss decreased (0.479982 --> 0.476500).  Saving model ...
Updating learning rate to 6.25e-06
	iters: 100, epoch: 6 | loss: 0.2261630
	speed: 0.2783s/iter; left time: 492.8204s
	iters: 200, epoch: 6 | loss: 0.2384558
	speed: 0.0869s/iter; left time: 145.2124s
	iters: 300, epoch: 6 | loss: 0.2395659
	speed: 0.0864s/iter; left time: 135.6572s
Epoch: 6 cost time: 32.33919072151184
Epoch: 6, Steps: 374 | Train Loss: 0.2340153 Vali Loss: 0.4818671 Test Loss: 0.6388007
EarlyStopping counter: 1 out of 3
Updating learning rate to 3.125e-06
	iters: 100, epoch: 7 | loss: 0.2409486
	speed: 0.2749s/iter; left time: 384.1004s
	iters: 200, epoch: 7 | loss: 0.2392434
	speed: 0.0857s/iter; left time: 111.1016s
	iters: 300, epoch: 7 | loss: 0.2300667
	speed: 0.0841s/iter; left time: 100.7241s
Epoch: 7 cost time: 31.732269525527954
Epoch: 7, Steps: 374 | Train Loss: 0.2331407 Vali Loss: 0.4787476 Test Loss: 0.6354994
EarlyStopping counter: 2 out of 3
Updating learning rate to 1.5625e-06
	iters: 100, epoch: 8 | loss: 0.2426634
	speed: 0.2734s/iter; left time: 279.7108s
	iters: 200, epoch: 8 | loss: 0.2369606
	speed: 0.0844s/iter; left time: 77.9167s
	iters: 300, epoch: 8 | loss: 0.2136092
	speed: 0.0841s/iter; left time: 69.2164s
Epoch: 8 cost time: 31.565563917160034
Epoch: 8, Steps: 374 | Train Loss: 0.2324958 Vali Loss: 0.4762580 Test Loss: 0.6360709
Validation loss decreased (0.476500 --> 0.476258).  Saving model ...
Updating learning rate to 7.8125e-07
	iters: 100, epoch: 9 | loss: 0.2213363
	speed: 0.2761s/iter; left time: 179.2121s
	iters: 200, epoch: 9 | loss: 0.2418391
	speed: 0.0848s/iter; left time: 46.5278s
	iters: 300, epoch: 9 | loss: 0.2445558
	speed: 0.0846s/iter; left time: 38.0073s
Epoch: 9 cost time: 31.709228515625
Epoch: 9, Steps: 374 | Train Loss: 0.2321869 Vali Loss: 0.4760597 Test Loss: 0.6361486
Validation loss decreased (0.476258 --> 0.476060).  Saving model ...
Updating learning rate to 3.90625e-07
	iters: 100, epoch: 10 | loss: 0.2300387
	speed: 0.2759s/iter; left time: 75.8757s
	iters: 200, epoch: 10 | loss: 0.2440819
	speed: 0.0845s/iter; left time: 14.7953s
	iters: 300, epoch: 10 | loss: 0.2473068
	speed: 0.0836s/iter; left time: 6.2686s
Epoch: 10 cost time: 31.36707901954651
Epoch: 10, Steps: 374 | Train Loss: 0.2320348 Vali Loss: 0.4762336 Test Loss: 0.6370157
EarlyStopping counter: 1 out of 3
Updating learning rate to 1.953125e-07
>>>>>>>testing : traffic_192_Autoformer_custom_ftM_sl96_ll48_pl192_dm512_nh8_el2_dl1_df2048_fc3_ebtimeF_dtTrue_Exp_0_seed10458<<<<<<<<<<<<<<<<<<<<<<<<<<<<<<<<<
test 3317
mse:0.6365447640419006, mae:0.39630967378616333
