Args in experiment:
Namespace(activation='gelu', batch_size=32, c_out=321, checkpoints='./checkpoints/', d_ff=2048, d_layers=1, d_model=512, data='custom', data_path='electricity.csv', dec_in=321, des='Exp', devices='0,1,2,3', distil=True, do_predict=False, dropout=0.05, e_layers=2, embed='timeF', embed_type=0, enc_in=321, factor=3, features='M', freq='h', gpu=0, individual=False, is_training=1, itr=1, label_len=48, learning_rate=0.0001, loss='mse', lradj='type1', model='Autoformer', model_id='electricity_192', moving_avg=25, n_heads=8, num_workers=0, output_attention=False, patience=3, pred_len=192, root_path='./dataset/', seed=28649, seq_len=96, target='OT', test_flop=False, train_epochs=10, train_only=False, use_amp=False, use_gpu=True, use_multi_gpu=False)
Use GPU: cuda:0
>>>>>>>start training : electricity_192_Autoformer_custom_ftM_sl96_ll48_pl192_dm512_nh8_el2_dl1_df2048_fc3_ebtimeF_dtTrue_Exp_0_seed28649>>>>>>>>>>>>>>>>>>>>>>>>>>
train 18125
val 2441
test 5069
	iters: 100, epoch: 1 | loss: 0.3399774
	speed: 0.1040s/iter; left time: 578.2587s
	iters: 200, epoch: 1 | loss: 0.2561772
	speed: 0.0700s/iter; left time: 382.4300s
	iters: 300, epoch: 1 | loss: 0.2255037
	speed: 0.0702s/iter; left time: 376.3927s
	iters: 400, epoch: 1 | loss: 0.2176207
	speed: 0.0703s/iter; left time: 369.9328s
	iters: 500, epoch: 1 | loss: 0.2102712
	speed: 0.0703s/iter; left time: 362.8959s
Epoch: 1 cost time: 43.16640615463257
Epoch: 1, Steps: 566 | Train Loss: 0.2713983 Vali Loss: 0.1972089 Test Loss: 0.2333509
Validation loss decreased (inf --> 0.197209).  Saving model ...
Updating learning rate to 0.0001
	iters: 100, epoch: 2 | loss: 0.1964820
	speed: 0.2584s/iter; left time: 1290.5711s
	iters: 200, epoch: 2 | loss: 0.1942058
	speed: 0.0702s/iter; left time: 343.8540s
	iters: 300, epoch: 2 | loss: 0.1887623
	speed: 0.0702s/iter; left time: 336.8248s
	iters: 400, epoch: 2 | loss: 0.1800739
	speed: 0.0704s/iter; left time: 330.6804s
	iters: 500, epoch: 2 | loss: 0.1714514
	speed: 0.0704s/iter; left time: 323.3906s
Epoch: 2 cost time: 39.84410333633423
Epoch: 2, Steps: 566 | Train Loss: 0.1836366 Vali Loss: 0.1855720 Test Loss: 0.2218820
Validation loss decreased (0.197209 --> 0.185572).  Saving model ...
Updating learning rate to 5e-05
	iters: 100, epoch: 3 | loss: 0.1643911
	speed: 0.2580s/iter; left time: 1142.6063s
	iters: 200, epoch: 3 | loss: 0.1577586
	speed: 0.0701s/iter; left time: 303.5714s
	iters: 300, epoch: 3 | loss: 0.1623329
	speed: 0.0702s/iter; left time: 296.8642s
	iters: 400, epoch: 3 | loss: 0.1681255
	speed: 0.0700s/iter; left time: 289.1378s
	iters: 500, epoch: 3 | loss: 0.1503645
	speed: 0.0700s/iter; left time: 281.8574s
Epoch: 3 cost time: 39.67931365966797
Epoch: 3, Steps: 566 | Train Loss: 0.1612418 Vali Loss: 0.2054665 Test Loss: 0.2594445
EarlyStopping counter: 1 out of 3
Updating learning rate to 2.5e-05
	iters: 100, epoch: 4 | loss: 0.1574979
	speed: 0.2593s/iter; left time: 1001.6459s
	iters: 200, epoch: 4 | loss: 0.1605960
	speed: 0.0702s/iter; left time: 264.0736s
	iters: 300, epoch: 4 | loss: 0.1593843
	speed: 0.0704s/iter; left time: 258.0390s
	iters: 400, epoch: 4 | loss: 0.1415908
	speed: 0.0704s/iter; left time: 250.8185s
	iters: 500, epoch: 4 | loss: 0.1429242
	speed: 0.0704s/iter; left time: 243.8412s
Epoch: 4 cost time: 39.84059023857117
Epoch: 4, Steps: 566 | Train Loss: 0.1531600 Vali Loss: 0.1866919 Test Loss: 0.2265769
EarlyStopping counter: 2 out of 3
Updating learning rate to 1.25e-05
	iters: 100, epoch: 5 | loss: 0.1400742
	speed: 0.2576s/iter; left time: 849.4167s
	iters: 200, epoch: 5 | loss: 0.1436168
	speed: 0.0702s/iter; left time: 224.2755s
	iters: 300, epoch: 5 | loss: 0.1399066
	speed: 0.0710s/iter; left time: 219.8945s
	iters: 400, epoch: 5 | loss: 0.1514691
	speed: 0.0705s/iter; left time: 211.2625s
	iters: 500, epoch: 5 | loss: 0.1409813
	speed: 0.0706s/iter; left time: 204.6299s
Epoch: 5 cost time: 39.927523612976074
Epoch: 5, Steps: 566 | Train Loss: 0.1491849 Vali Loss: 0.2065103 Test Loss: 0.2419637
EarlyStopping counter: 3 out of 3
Early stopping
>>>>>>>testing : electricity_192_Autoformer_custom_ftM_sl96_ll48_pl192_dm512_nh8_el2_dl1_df2048_fc3_ebtimeF_dtTrue_Exp_0_seed28649<<<<<<<<<<<<<<<<<<<<<<<<<<<<<<<<<
test 5069
mse:0.22066643834114075, mae:0.3330337107181549
