Args in experiment:
Namespace(activation='gelu', batch_size=32, c_out=7, checkpoints='./checkpoints/', d_ff=2048, d_layers=1, d_model=512, data='ETTm1', data_path='ETTm1.csv', dec_in=7, des='Exp', devices='0,1,2,3', distil=True, do_predict=False, dropout=0.05, e_layers=2, embed='timeF', embed_type=0, enc_in=7, factor=3, features='M', freq='h', gpu=0, individual=False, is_training=1, itr=1, label_len=48, learning_rate=0.0001, loss='mse', lradj='type1', model='Autoformer', model_id='ETTm1_720', moving_avg=25, n_heads=8, num_workers=0, output_attention=False, patience=3, pred_len=720, root_path='./dataset/', seed=28649, seq_len=96, target='OT', test_flop=False, train_epochs=10, train_only=False, use_amp=False, use_gpu=True, use_multi_gpu=False)
Use GPU: cuda:0
>>>>>>>start training : ETTm1_720_Autoformer_ETTm1_ftM_sl96_ll48_pl720_dm512_nh8_el2_dl1_df2048_fc3_ebtimeF_dtTrue_Exp_0_seed28649>>>>>>>>>>>>>>>>>>>>>>>>>>
train 33745
val 10801
test 10801
	iters: 100, epoch: 1 | loss: 0.5763542
	speed: 0.1763s/iter; left time: 1841.2700s
	iters: 200, epoch: 1 | loss: 0.4689612
	speed: 0.1424s/iter; left time: 1472.3427s
	iters: 300, epoch: 1 | loss: 0.6334526
	speed: 0.1428s/iter; left time: 1462.7904s
	iters: 400, epoch: 1 | loss: 0.5141467
	speed: 0.1428s/iter; left time: 1448.2787s
	iters: 500, epoch: 1 | loss: 0.4549148
	speed: 0.1427s/iter; left time: 1433.2710s
	iters: 600, epoch: 1 | loss: 0.5667137
	speed: 0.1429s/iter; left time: 1420.5121s
	iters: 700, epoch: 1 | loss: 0.5482767
	speed: 0.1427s/iter; left time: 1404.4629s
	iters: 800, epoch: 1 | loss: 0.5150078
	speed: 0.1428s/iter; left time: 1390.7566s
	iters: 900, epoch: 1 | loss: 0.4955760
	speed: 0.1426s/iter; left time: 1374.9989s
	iters: 1000, epoch: 1 | loss: 0.5318446
	speed: 0.1426s/iter; left time: 1360.6247s
Epoch: 1 cost time: 153.8673758506775
Epoch: 1, Steps: 1054 | Train Loss: 0.5004841 Vali Loss: 1.0073819 Test Loss: 0.4979154
Validation loss decreased (inf --> 1.007382).  Saving model ...
Updating learning rate to 0.0001
	iters: 100, epoch: 2 | loss: 0.4925818
	speed: 0.9039s/iter; left time: 8484.6125s
	iters: 200, epoch: 2 | loss: 0.4275622
	speed: 0.1427s/iter; left time: 1325.6933s
	iters: 300, epoch: 2 | loss: 0.5167995
	speed: 0.1428s/iter; left time: 1312.3396s
	iters: 400, epoch: 2 | loss: 0.4749929
	speed: 0.1431s/iter; left time: 1299.9083s
	iters: 500, epoch: 2 | loss: 0.4490700
	speed: 0.1431s/iter; left time: 1285.6607s
	iters: 600, epoch: 2 | loss: 0.4046714
	speed: 0.1430s/iter; left time: 1270.9978s
	iters: 700, epoch: 2 | loss: 0.3889859
	speed: 0.1430s/iter; left time: 1256.8938s
	iters: 800, epoch: 2 | loss: 0.3905342
	speed: 0.1431s/iter; left time: 1242.7868s
	iters: 900, epoch: 2 | loss: 0.4093368
	speed: 0.1428s/iter; left time: 1225.8698s
	iters: 1000, epoch: 2 | loss: 0.3995347
	speed: 0.1429s/iter; left time: 1212.3755s
Epoch: 2 cost time: 150.62674832344055
Epoch: 2, Steps: 1054 | Train Loss: 0.4058087 Vali Loss: 1.0534670 Test Loss: 0.5540824
EarlyStopping counter: 1 out of 3
Updating learning rate to 5e-05
	iters: 100, epoch: 3 | loss: 0.3830682
	speed: 0.8996s/iter; left time: 7496.2395s
	iters: 200, epoch: 3 | loss: 0.3580214
	speed: 0.1429s/iter; left time: 1176.3391s
	iters: 300, epoch: 3 | loss: 0.3851864
	speed: 0.1428s/iter; left time: 1161.7573s
	iters: 400, epoch: 3 | loss: 0.3420067
	speed: 0.1429s/iter; left time: 1147.7942s
	iters: 500, epoch: 3 | loss: 0.3615629
	speed: 0.1430s/iter; left time: 1134.3701s
	iters: 600, epoch: 3 | loss: 0.3571552
	speed: 0.1430s/iter; left time: 1120.4766s
	iters: 700, epoch: 3 | loss: 0.3799315
	speed: 0.1429s/iter; left time: 1105.2709s
	iters: 800, epoch: 3 | loss: 0.3454389
	speed: 0.1430s/iter; left time: 1091.7397s
	iters: 900, epoch: 3 | loss: 0.3883250
	speed: 0.1428s/iter; left time: 1075.7757s
	iters: 1000, epoch: 3 | loss: 0.3142772
	speed: 0.1428s/iter; left time: 1061.5596s
Epoch: 3 cost time: 150.62492299079895
Epoch: 3, Steps: 1054 | Train Loss: 0.3654328 Vali Loss: 1.0647311 Test Loss: 0.5653486
EarlyStopping counter: 2 out of 3
Updating learning rate to 2.5e-05
	iters: 100, epoch: 4 | loss: 0.3314984
	speed: 0.9004s/iter; left time: 6554.3597s
	iters: 200, epoch: 4 | loss: 0.3481259
	speed: 0.1428s/iter; left time: 1024.8307s
	iters: 300, epoch: 4 | loss: 0.3399487
	speed: 0.1427s/iter; left time: 1010.2496s
	iters: 400, epoch: 4 | loss: 0.3264740
	speed: 0.1427s/iter; left time: 996.1431s
	iters: 500, epoch: 4 | loss: 0.3444523
	speed: 0.1428s/iter; left time: 982.1836s
	iters: 600, epoch: 4 | loss: 0.3586479
	speed: 0.1428s/iter; left time: 967.9772s
	iters: 700, epoch: 4 | loss: 0.3566322
	speed: 0.1429s/iter; left time: 954.1153s
	iters: 800, epoch: 4 | loss: 0.3405074
	speed: 0.1429s/iter; left time: 940.2624s
	iters: 900, epoch: 4 | loss: 0.3247366
	speed: 0.1429s/iter; left time: 925.5420s
	iters: 1000, epoch: 4 | loss: 0.3170206
	speed: 0.1427s/iter; left time: 910.3380s
Epoch: 4 cost time: 150.4793882369995
Epoch: 4, Steps: 1054 | Train Loss: 0.3458632 Vali Loss: 1.0708120 Test Loss: 0.5721881
EarlyStopping counter: 3 out of 3
Early stopping
>>>>>>>testing : ETTm1_720_Autoformer_ETTm1_ftM_sl96_ll48_pl720_dm512_nh8_el2_dl1_df2048_fc3_ebtimeF_dtTrue_Exp_0_seed28649<<<<<<<<<<<<<<<<<<<<<<<<<<<<<<<<<
test 10801
mse:0.49770721793174744, mae:0.48649144172668457
