Args in experiment:
Namespace(activation='gelu', batch_size=32, c_out=7, checkpoints='./checkpoints/', d_ff=2048, d_layers=1, d_model=512, data='ETTh2', data_path='ETTh2.csv', dec_in=7, des='Exp', devices='0,1,2,3', distil=True, do_predict=False, dropout=0.05, e_layers=2, embed='timeF', embed_type=0, enc_in=7, factor=3, features='M', freq='h', gpu=0, individual=False, is_training=1, itr=1, label_len=48, learning_rate=0.0001, loss='mse', lradj='type1', model='Autoformer', model_id='ETTh2_192', moving_avg=25, n_heads=8, num_workers=0, output_attention=False, patience=3, pred_len=192, root_path='./dataset/', seed=15227, seq_len=96, target='OT', test_flop=False, train_epochs=10, train_only=False, use_amp=False, use_gpu=True, use_multi_gpu=False)
Use GPU: cuda:0
>>>>>>>start training : ETTh2_192_Autoformer_ETTh2_ftM_sl96_ll48_pl192_dm512_nh8_el2_dl1_df2048_fc3_ebtimeF_dtTrue_Exp_0_seed15227>>>>>>>>>>>>>>>>>>>>>>>>>>
train 8353
val 2689
test 2689
	iters: 100, epoch: 1 | loss: 0.4232771
	speed: 0.0958s/iter; left time: 240.6150s
	iters: 200, epoch: 1 | loss: 0.9195551
	speed: 0.0617s/iter; left time: 148.8149s
Epoch: 1 cost time: 19.540090322494507
Epoch: 1, Steps: 261 | Train Loss: 0.5781443 Vali Loss: 0.3228610 Test Loss: 0.4532117
Validation loss decreased (inf --> 0.322861).  Saving model ...
Updating learning rate to 0.0001
	iters: 100, epoch: 2 | loss: 0.5917825
	speed: 0.1678s/iter; left time: 377.5458s
	iters: 200, epoch: 2 | loss: 0.6946372
	speed: 0.0618s/iter; left time: 132.7734s
Epoch: 2 cost time: 16.12623620033264
Epoch: 2, Steps: 261 | Train Loss: 0.5152421 Vali Loss: 0.3304926 Test Loss: 0.4858268
EarlyStopping counter: 1 out of 3
Updating learning rate to 5e-05
	iters: 100, epoch: 3 | loss: 0.6815110
	speed: 0.1662s/iter; left time: 330.5405s
	iters: 200, epoch: 3 | loss: 0.3490020
	speed: 0.0619s/iter; left time: 116.9327s
Epoch: 3 cost time: 16.137071132659912
Epoch: 3, Steps: 261 | Train Loss: 0.4363321 Vali Loss: 0.3508888 Test Loss: 0.5100800
EarlyStopping counter: 2 out of 3
Updating learning rate to 2.5e-05
	iters: 100, epoch: 4 | loss: 0.4304763
	speed: 0.1667s/iter; left time: 288.0693s
	iters: 200, epoch: 4 | loss: 0.6061792
	speed: 0.0616s/iter; left time: 100.3283s
Epoch: 4 cost time: 16.08730435371399
Epoch: 4, Steps: 261 | Train Loss: 0.4024495 Vali Loss: 0.3767809 Test Loss: 0.5828488
EarlyStopping counter: 3 out of 3
Early stopping
>>>>>>>testing : ETTh2_192_Autoformer_ETTh2_ftM_sl96_ll48_pl192_dm512_nh8_el2_dl1_df2048_fc3_ebtimeF_dtTrue_Exp_0_seed15227<<<<<<<<<<<<<<<<<<<<<<<<<<<<<<<<<
test 2689
mse:0.4473086893558502, mae:0.4477100968360901
