Args in experiment:
Namespace(activation='gelu', batch_size=32, c_out=7, checkpoints='./checkpoints/', d_ff=2048, d_layers=1, d_model=512, data='ETTm2', data_path='ETTm2.csv', dec_in=7, des='Exp', devices='0,1,2,3', distil=True, do_predict=False, dropout=0.05, e_layers=2, embed='timeF', embed_type=0, enc_in=7, factor=3, features='M', freq='h', gpu=0, individual=False, is_training=1, itr=1, label_len=48, learning_rate=0.0001, loss='mse', lradj='type1', model='Autoformer', model_id='ETTm2_720', moving_avg=25, n_heads=8, num_workers=0, output_attention=False, patience=3, pred_len=720, root_path='./dataset/', seed=15349, seq_len=96, target='OT', test_flop=False, train_epochs=10, train_only=False, use_amp=False, use_gpu=True, use_multi_gpu=False)
Use GPU: cuda:0
>>>>>>>start training : ETTm2_720_Autoformer_ETTm2_ftM_sl96_ll48_pl720_dm512_nh8_el2_dl1_df2048_fc3_ebtimeF_dtTrue_Exp_0_seed15349>>>>>>>>>>>>>>>>>>>>>>>>>>
train 33745
val 10801
test 10801
	iters: 100, epoch: 1 | loss: 0.4552642
	speed: 0.1770s/iter; left time: 1848.0796s
	iters: 200, epoch: 1 | loss: 0.6674177
	speed: 0.1428s/iter; left time: 1477.0882s
	iters: 300, epoch: 1 | loss: 0.3874770
	speed: 0.1432s/iter; left time: 1466.7639s
	iters: 400, epoch: 1 | loss: 0.8416503
	speed: 0.1430s/iter; left time: 1450.3585s
	iters: 500, epoch: 1 | loss: 0.4837477
	speed: 0.1429s/iter; left time: 1435.2420s
	iters: 600, epoch: 1 | loss: 0.6725428
	speed: 0.1430s/iter; left time: 1421.6071s
	iters: 700, epoch: 1 | loss: 0.6630799
	speed: 0.1428s/iter; left time: 1405.6123s
	iters: 800, epoch: 1 | loss: 0.8329763
	speed: 0.1427s/iter; left time: 1389.7400s
	iters: 900, epoch: 1 | loss: 1.0722117
	speed: 0.1427s/iter; left time: 1375.6542s
	iters: 1000, epoch: 1 | loss: 0.2455752
	speed: 0.1430s/iter; left time: 1364.4514s
Epoch: 1 cost time: 154.12954306602478
Epoch: 1, Steps: 1054 | Train Loss: 0.5979651 Vali Loss: 0.2983204 Test Loss: 0.4268003
Validation loss decreased (inf --> 0.298320).  Saving model ...
Updating learning rate to 0.0001
	iters: 100, epoch: 2 | loss: 0.6928567
	speed: 0.9021s/iter; left time: 8468.3434s
	iters: 200, epoch: 2 | loss: 0.7657911
	speed: 0.1427s/iter; left time: 1325.2431s
	iters: 300, epoch: 2 | loss: 0.3552468
	speed: 0.1430s/iter; left time: 1313.9109s
	iters: 400, epoch: 2 | loss: 0.8548481
	speed: 0.1429s/iter; left time: 1298.9161s
	iters: 500, epoch: 2 | loss: 0.9910262
	speed: 0.1431s/iter; left time: 1286.0343s
	iters: 600, epoch: 2 | loss: 0.6407449
	speed: 0.1429s/iter; left time: 1270.2911s
	iters: 700, epoch: 2 | loss: 0.2589108
	speed: 0.1429s/iter; left time: 1256.0815s
	iters: 800, epoch: 2 | loss: 0.4451243
	speed: 0.1431s/iter; left time: 1242.7839s
	iters: 900, epoch: 2 | loss: 0.6829201
	speed: 0.1430s/iter; left time: 1227.8435s
	iters: 1000, epoch: 2 | loss: 0.6988432
	speed: 0.1429s/iter; left time: 1212.9667s
Epoch: 2 cost time: 150.6611156463623
Epoch: 2, Steps: 1054 | Train Loss: 0.5555255 Vali Loss: 0.3305869 Test Loss: 0.5046316
EarlyStopping counter: 1 out of 3
Updating learning rate to 5e-05
	iters: 100, epoch: 3 | loss: 0.4246004
	speed: 0.9027s/iter; left time: 7522.2822s
	iters: 200, epoch: 3 | loss: 0.6529867
	speed: 0.1428s/iter; left time: 1175.7236s
	iters: 300, epoch: 3 | loss: 0.2860731
	speed: 0.1427s/iter; left time: 1160.8194s
	iters: 400, epoch: 3 | loss: 0.5018364
	speed: 0.1429s/iter; left time: 1148.0007s
	iters: 500, epoch: 3 | loss: 0.2815716
	speed: 0.1431s/iter; left time: 1135.0663s
	iters: 600, epoch: 3 | loss: 0.4655993
	speed: 0.1430s/iter; left time: 1119.9840s
	iters: 700, epoch: 3 | loss: 0.3139231
	speed: 0.1429s/iter; left time: 1104.9426s
	iters: 800, epoch: 3 | loss: 0.3770144
	speed: 0.1429s/iter; left time: 1091.0756s
	iters: 900, epoch: 3 | loss: 0.3394418
	speed: 0.1429s/iter; left time: 1076.7151s
	iters: 1000, epoch: 3 | loss: 0.8068213
	speed: 0.1428s/iter; left time: 1061.1195s
Epoch: 3 cost time: 150.58924055099487
Epoch: 3, Steps: 1054 | Train Loss: 0.4717039 Vali Loss: 0.3242109 Test Loss: 0.4873829
EarlyStopping counter: 2 out of 3
Updating learning rate to 2.5e-05
	iters: 100, epoch: 4 | loss: 0.4293887
	speed: 0.9030s/iter; left time: 6572.6583s
	iters: 200, epoch: 4 | loss: 0.3268473
	speed: 0.1430s/iter; left time: 1026.5538s
	iters: 300, epoch: 4 | loss: 0.3598414
	speed: 0.1429s/iter; left time: 1011.8102s
	iters: 400, epoch: 4 | loss: 0.5666800
	speed: 0.1429s/iter; left time: 997.2128s
	iters: 500, epoch: 4 | loss: 0.4716066
	speed: 0.1429s/iter; left time: 982.9873s
	iters: 600, epoch: 4 | loss: 0.6760263
	speed: 0.1430s/iter; left time: 969.7001s
	iters: 700, epoch: 4 | loss: 0.5087404
	speed: 0.1431s/iter; left time: 955.7370s
	iters: 800, epoch: 4 | loss: 0.4065312
	speed: 0.1430s/iter; left time: 941.0804s
	iters: 900, epoch: 4 | loss: 0.3353525
	speed: 0.1430s/iter; left time: 926.4231s
	iters: 1000, epoch: 4 | loss: 0.4997486
	speed: 0.1429s/iter; left time: 911.8021s
Epoch: 4 cost time: 150.66826629638672
Epoch: 4, Steps: 1054 | Train Loss: 0.4545507 Vali Loss: 0.3272668 Test Loss: 0.4987343
EarlyStopping counter: 3 out of 3
Early stopping
>>>>>>>testing : ETTm2_720_Autoformer_ETTm2_ftM_sl96_ll48_pl720_dm512_nh8_el2_dl1_df2048_fc3_ebtimeF_dtTrue_Exp_0_seed15349<<<<<<<<<<<<<<<<<<<<<<<<<<<<<<<<<
test 10801
mse:0.42640459537506104, mae:0.41998091340065
