Args in experiment:
Namespace(activation='gelu', batch_size=32, c_out=7, checkpoints='./checkpoints/', d_ff=2048, d_layers=1, d_model=512, data='ETTm1', data_path='ETTm1.csv', dec_in=7, des='Exp', devices='0,1,2,3', distil=True, do_predict=False, dropout=0.05, e_layers=2, embed='timeF', embed_type=0, enc_in=7, factor=3, features='M', freq='h', gpu=0, individual=False, is_training=1, itr=1, label_len=48, learning_rate=0.0001, loss='mse', lradj='type1', model='Autoformer', model_id='ETTm1_336', moving_avg=25, n_heads=8, num_workers=0, output_attention=False, patience=3, pred_len=336, root_path='./dataset/', seed=3293, seq_len=96, target='OT', test_flop=False, train_epochs=10, train_only=False, use_amp=False, use_gpu=True, use_multi_gpu=False)
Use GPU: cuda:0
>>>>>>>start training : ETTm1_336_Autoformer_ETTm1_ftM_sl96_ll48_pl336_dm512_nh8_el2_dl1_df2048_fc3_ebtimeF_dtTrue_Exp_0_seed3293>>>>>>>>>>>>>>>>>>>>>>>>>>
train 34129
val 11185
test 11185
	iters: 100, epoch: 1 | loss: 0.4628306
	speed: 0.1182s/iter; left time: 1248.4172s
	iters: 200, epoch: 1 | loss: 0.4225127
	speed: 0.0826s/iter; left time: 863.8826s
	iters: 300, epoch: 1 | loss: 0.3954349
	speed: 0.0823s/iter; left time: 853.1097s
	iters: 400, epoch: 1 | loss: 0.4263430
	speed: 0.0825s/iter; left time: 846.1148s
	iters: 500, epoch: 1 | loss: 0.4099608
	speed: 0.0825s/iter; left time: 838.0928s
	iters: 600, epoch: 1 | loss: 0.4160799
	speed: 0.0826s/iter; left time: 831.1858s
	iters: 700, epoch: 1 | loss: 0.3278515
	speed: 0.0825s/iter; left time: 821.7543s
	iters: 800, epoch: 1 | loss: 0.4012171
	speed: 0.0825s/iter; left time: 813.2749s
	iters: 900, epoch: 1 | loss: 0.3974300
	speed: 0.0826s/iter; left time: 805.8739s
	iters: 1000, epoch: 1 | loss: 0.3261098
	speed: 0.0829s/iter; left time: 800.9172s
Epoch: 1 cost time: 91.62850594520569
Epoch: 1, Steps: 1066 | Train Loss: 0.4193672 Vali Loss: 0.9623978 Test Loss: 0.6976626
Validation loss decreased (inf --> 0.962398).  Saving model ...
Updating learning rate to 0.0001
	iters: 100, epoch: 2 | loss: 0.4265017
	speed: 0.5203s/iter; left time: 4940.2073s
	iters: 200, epoch: 2 | loss: 0.3376791
	speed: 0.0824s/iter; left time: 773.8625s
	iters: 300, epoch: 2 | loss: 0.3162718
	speed: 0.0824s/iter; left time: 766.0070s
	iters: 400, epoch: 2 | loss: 0.3513101
	speed: 0.0824s/iter; left time: 757.5388s
	iters: 500, epoch: 2 | loss: 0.3371356
	speed: 0.0824s/iter; left time: 749.4342s
	iters: 600, epoch: 2 | loss: 0.3259424
	speed: 0.0824s/iter; left time: 741.0614s
	iters: 700, epoch: 2 | loss: 0.3246332
	speed: 0.0825s/iter; left time: 733.7353s
	iters: 800, epoch: 2 | loss: 0.3524896
	speed: 0.0824s/iter; left time: 724.4919s
	iters: 900, epoch: 2 | loss: 0.3211515
	speed: 0.0824s/iter; left time: 716.5656s
	iters: 1000, epoch: 2 | loss: 0.3812441
	speed: 0.0824s/iter; left time: 708.1882s
Epoch: 2 cost time: 87.8668646812439
Epoch: 2, Steps: 1066 | Train Loss: 0.3490287 Vali Loss: 1.0079538 Test Loss: 0.7861857
EarlyStopping counter: 1 out of 3
Updating learning rate to 5e-05
	iters: 100, epoch: 3 | loss: 0.3668562
	speed: 0.5143s/iter; left time: 4335.2091s
	iters: 200, epoch: 3 | loss: 0.3454342
	speed: 0.0824s/iter; left time: 686.6974s
	iters: 300, epoch: 3 | loss: 0.3832290
	speed: 0.0824s/iter; left time: 678.0782s
	iters: 400, epoch: 3 | loss: 0.3471010
	speed: 0.0824s/iter; left time: 669.6062s
	iters: 500, epoch: 3 | loss: 0.3607027
	speed: 0.0825s/iter; left time: 662.0896s
	iters: 600, epoch: 3 | loss: 0.4423805
	speed: 0.0824s/iter; left time: 653.6720s
	iters: 700, epoch: 3 | loss: 0.3208086
	speed: 0.0825s/iter; left time: 645.8536s
	iters: 800, epoch: 3 | loss: 0.2951133
	speed: 0.0824s/iter; left time: 637.1930s
	iters: 900, epoch: 3 | loss: 0.3216684
	speed: 0.0826s/iter; left time: 629.7782s
	iters: 1000, epoch: 3 | loss: 0.2577435
	speed: 0.0825s/iter; left time: 621.2275s
Epoch: 3 cost time: 87.91964507102966
Epoch: 3, Steps: 1066 | Train Loss: 0.3150747 Vali Loss: 0.9818608 Test Loss: 0.7542393
EarlyStopping counter: 2 out of 3
Updating learning rate to 2.5e-05
	iters: 100, epoch: 4 | loss: 0.2744752
	speed: 0.5153s/iter; left time: 3794.2416s
	iters: 200, epoch: 4 | loss: 0.3122495
	speed: 0.0824s/iter; left time: 598.3582s
	iters: 300, epoch: 4 | loss: 0.2723802
	speed: 0.0824s/iter; left time: 590.0366s
	iters: 400, epoch: 4 | loss: 0.2692173
	speed: 0.0825s/iter; left time: 582.3565s
	iters: 500, epoch: 4 | loss: 0.3927379
	speed: 0.0824s/iter; left time: 573.7549s
	iters: 600, epoch: 4 | loss: 0.3277442
	speed: 0.0824s/iter; left time: 565.4175s
	iters: 700, epoch: 4 | loss: 0.3531701
	speed: 0.0824s/iter; left time: 557.4371s
	iters: 800, epoch: 4 | loss: 0.2806067
	speed: 0.0823s/iter; left time: 548.6654s
	iters: 900, epoch: 4 | loss: 0.2988755
	speed: 0.0824s/iter; left time: 540.5726s
	iters: 1000, epoch: 4 | loss: 0.2694323
	speed: 0.0824s/iter; left time: 532.2739s
Epoch: 4 cost time: 87.83306121826172
Epoch: 4, Steps: 1066 | Train Loss: 0.2974335 Vali Loss: 1.0060676 Test Loss: 0.7800216
EarlyStopping counter: 3 out of 3
Early stopping
>>>>>>>testing : ETTm1_336_Autoformer_ETTm1_ftM_sl96_ll48_pl336_dm512_nh8_el2_dl1_df2048_fc3_ebtimeF_dtTrue_Exp_0_seed3293<<<<<<<<<<<<<<<<<<<<<<<<<<<<<<<<<
test 11185
mse:0.6972471475601196, mae:0.5575351715087891
