Args in experiment:
Namespace(activation='gelu', batch_size=32, c_out=7, checkpoints='./checkpoints/', d_ff=2048, d_layers=1, d_model=512, data='custom', data_path='national_illness.csv', dec_in=7, des='Exp', devices='0,1,2,3', distil=True, do_predict=False, dropout=0.05, e_layers=2, embed='timeF', embed_type=0, enc_in=7, factor=3, features='M', freq='h', gpu=0, individual=False, is_training=1, itr=1, label_len=18, learning_rate=0.0001, loss='mse', lradj='type1', model='Autoformer', model_id='ili_36', moving_avg=25, n_heads=8, num_workers=0, output_attention=False, patience=3, pred_len=36, root_path='./dataset/', seed=28649, seq_len=36, target='OT', test_flop=False, train_epochs=10, train_only=False, use_amp=False, use_gpu=True, use_multi_gpu=False)
Use GPU: cuda:0
>>>>>>>start training : ili_36_Autoformer_custom_ftM_sl36_ll18_pl36_dm512_nh8_el2_dl1_df2048_fc3_ebtimeF_dtTrue_Exp_0_seed28649>>>>>>>>>>>>>>>>>>>>>>>>>>
train 605
val 62
test 158
Epoch: 1 cost time: 3.7793853282928467
Epoch: 1, Steps: 18 | Train Loss: 0.9949722 Vali Loss: 0.7649326 Test Loss: 4.2060080
Validation loss decreased (inf --> 0.764933).  Saving model ...
Updating learning rate to 0.0001
Epoch: 2 cost time: 0.4455089569091797
Epoch: 2, Steps: 18 | Train Loss: 0.7071381 Vali Loss: 0.5558903 Test Loss: 3.7596650
Validation loss decreased (0.764933 --> 0.555890).  Saving model ...
Updating learning rate to 5e-05
Epoch: 3 cost time: 0.4514889717102051
Epoch: 3, Steps: 18 | Train Loss: 0.5957886 Vali Loss: 0.4623874 Test Loss: 3.5080707
Validation loss decreased (0.555890 --> 0.462387).  Saving model ...
Updating learning rate to 2.5e-05
Epoch: 4 cost time: 0.44583702087402344
Epoch: 4, Steps: 18 | Train Loss: 0.5514677 Vali Loss: 0.3470732 Test Loss: 3.4373002
Validation loss decreased (0.462387 --> 0.347073).  Saving model ...
Updating learning rate to 1.25e-05
Epoch: 5 cost time: 0.4524345397949219
Epoch: 5, Steps: 18 | Train Loss: 0.5329436 Vali Loss: 0.3950388 Test Loss: 3.4353652
EarlyStopping counter: 1 out of 3
Updating learning rate to 6.25e-06
Epoch: 6 cost time: 0.46643900871276855
Epoch: 6, Steps: 18 | Train Loss: 0.5220830 Vali Loss: 0.3683853 Test Loss: 3.4293046
EarlyStopping counter: 2 out of 3
Updating learning rate to 3.125e-06
Epoch: 7 cost time: 0.45754027366638184
Epoch: 7, Steps: 18 | Train Loss: 0.5171719 Vali Loss: 0.3685367 Test Loss: 3.4229579
EarlyStopping counter: 3 out of 3
Early stopping
>>>>>>>testing : ili_36_Autoformer_custom_ftM_sl36_ll18_pl36_dm512_nh8_el2_dl1_df2048_fc3_ebtimeF_dtTrue_Exp_0_seed28649<<<<<<<<<<<<<<<<<<<<<<<<<<<<<<<<<
test 158
mse:3.4111993312835693, mae:1.2903298139572144
