Args in experiment:
Namespace(activation='gelu', batch_size=32, c_out=7, checkpoints='./checkpoints/', d_ff=2048, d_layers=1, d_model=512, data='ETTm1', data_path='ETTm1.csv', dec_in=7, des='Exp', devices='0,1,2,3', distil=True, do_predict=False, dropout=0.05, e_layers=2, embed='timeF', embed_type=0, enc_in=7, factor=3, features='M', freq='h', gpu=0, individual=False, is_training=1, itr=1, label_len=48, learning_rate=0.0001, loss='mse', lradj='type1', model='Autoformer', model_id='ETTm1_192', moving_avg=25, n_heads=8, num_workers=0, output_attention=False, patience=3, pred_len=192, root_path='./dataset/', seed=3144, seq_len=96, target='OT', test_flop=False, train_epochs=10, train_only=False, use_amp=False, use_gpu=True, use_multi_gpu=False)
Use GPU: cuda:0
>>>>>>>start training : ETTm1_192_Autoformer_ETTm1_ftM_sl96_ll48_pl192_dm512_nh8_el2_dl1_df2048_fc3_ebtimeF_dtTrue_Exp_0_seed3144>>>>>>>>>>>>>>>>>>>>>>>>>>
train 34273
val 11329
test 11329
	iters: 100, epoch: 1 | loss: 0.3809254
	speed: 0.0948s/iter; left time: 1005.9073s
	iters: 200, epoch: 1 | loss: 0.4031164
	speed: 0.0614s/iter; left time: 645.0843s
	iters: 300, epoch: 1 | loss: 0.3481751
	speed: 0.0616s/iter; left time: 641.6128s
	iters: 400, epoch: 1 | loss: 0.4435309
	speed: 0.0615s/iter; left time: 634.0499s
	iters: 500, epoch: 1 | loss: 0.3329125
	speed: 0.0617s/iter; left time: 630.1384s
	iters: 600, epoch: 1 | loss: 0.4014795
	speed: 0.0617s/iter; left time: 623.8901s
	iters: 700, epoch: 1 | loss: 0.3792619
	speed: 0.0617s/iter; left time: 618.0832s
	iters: 800, epoch: 1 | loss: 0.3208945
	speed: 0.0613s/iter; left time: 607.8783s
	iters: 900, epoch: 1 | loss: 0.3154005
	speed: 0.0612s/iter; left time: 600.6927s
	iters: 1000, epoch: 1 | loss: 0.3510810
	speed: 0.0612s/iter; left time: 594.5425s
Epoch: 1 cost time: 69.20029306411743
Epoch: 1, Steps: 1071 | Train Loss: 0.3944581 Vali Loss: 0.7891347 Test Loss: 0.6325421
Validation loss decreased (inf --> 0.789135).  Saving model ...
Updating learning rate to 0.0001
	iters: 100, epoch: 2 | loss: 0.3659880
	speed: 0.3743s/iter; left time: 3570.7808s
	iters: 200, epoch: 2 | loss: 0.3155804
	speed: 0.0612s/iter; left time: 577.8520s
	iters: 300, epoch: 2 | loss: 0.3268163
	speed: 0.0611s/iter; left time: 570.9940s
	iters: 400, epoch: 2 | loss: 0.3116146
	speed: 0.0612s/iter; left time: 565.0964s
	iters: 500, epoch: 2 | loss: 0.2660448
	speed: 0.0611s/iter; left time: 558.2709s
	iters: 600, epoch: 2 | loss: 0.2628531
	speed: 0.0611s/iter; left time: 552.3835s
	iters: 700, epoch: 2 | loss: 0.3067298
	speed: 0.0612s/iter; left time: 547.1976s
	iters: 800, epoch: 2 | loss: 0.2454343
	speed: 0.0617s/iter; left time: 545.3296s
	iters: 900, epoch: 2 | loss: 0.2581564
	speed: 0.0616s/iter; left time: 538.0146s
	iters: 1000, epoch: 2 | loss: 0.3075950
	speed: 0.0615s/iter; left time: 531.3113s
Epoch: 2 cost time: 65.65825128555298
Epoch: 2, Steps: 1071 | Train Loss: 0.3104902 Vali Loss: 0.7906579 Test Loss: 0.5946122
EarlyStopping counter: 1 out of 3
Updating learning rate to 5e-05
	iters: 100, epoch: 3 | loss: 0.3101028
	speed: 0.3733s/iter; left time: 3161.6738s
	iters: 200, epoch: 3 | loss: 0.2684717
	speed: 0.0610s/iter; left time: 510.5911s
	iters: 300, epoch: 3 | loss: 0.3279359
	speed: 0.0610s/iter; left time: 504.4555s
	iters: 400, epoch: 3 | loss: 0.2763711
	speed: 0.0611s/iter; left time: 498.8976s
	iters: 500, epoch: 3 | loss: 0.2382288
	speed: 0.0610s/iter; left time: 492.2652s
	iters: 600, epoch: 3 | loss: 0.3179489
	speed: 0.0610s/iter; left time: 486.3818s
	iters: 700, epoch: 3 | loss: 0.2653576
	speed: 0.0611s/iter; left time: 480.9720s
	iters: 800, epoch: 3 | loss: 0.2735435
	speed: 0.0611s/iter; left time: 474.5915s
	iters: 900, epoch: 3 | loss: 0.2128011
	speed: 0.0611s/iter; left time: 468.5167s
	iters: 1000, epoch: 3 | loss: 0.3026743
	speed: 0.0611s/iter; left time: 462.2144s
Epoch: 3 cost time: 65.37946271896362
Epoch: 3, Steps: 1071 | Train Loss: 0.2724439 Vali Loss: 0.8223186 Test Loss: 0.6064528
EarlyStopping counter: 2 out of 3
Updating learning rate to 2.5e-05
	iters: 100, epoch: 4 | loss: 0.2880726
	speed: 0.3749s/iter; left time: 2773.4086s
	iters: 200, epoch: 4 | loss: 0.2996815
	speed: 0.0611s/iter; left time: 446.1531s
	iters: 300, epoch: 4 | loss: 0.2335064
	speed: 0.0612s/iter; left time: 440.1614s
	iters: 400, epoch: 4 | loss: 0.2361431
	speed: 0.0611s/iter; left time: 433.6600s
	iters: 500, epoch: 4 | loss: 0.2472259
	speed: 0.0612s/iter; left time: 427.9381s
	iters: 600, epoch: 4 | loss: 0.2610942
	speed: 0.0611s/iter; left time: 421.2202s
	iters: 700, epoch: 4 | loss: 0.2290666
	speed: 0.0612s/iter; left time: 416.1364s
	iters: 800, epoch: 4 | loss: 0.2519317
	speed: 0.0612s/iter; left time: 410.1258s
	iters: 900, epoch: 4 | loss: 0.2555506
	speed: 0.0612s/iter; left time: 403.9213s
	iters: 1000, epoch: 4 | loss: 0.2632298
	speed: 0.0612s/iter; left time: 397.7630s
Epoch: 4 cost time: 65.57685494422913
Epoch: 4, Steps: 1071 | Train Loss: 0.2531962 Vali Loss: 0.7986859 Test Loss: 0.5876192
EarlyStopping counter: 3 out of 3
Early stopping
>>>>>>>testing : ETTm1_192_Autoformer_ETTm1_ftM_sl96_ll48_pl192_dm512_nh8_el2_dl1_df2048_fc3_ebtimeF_dtTrue_Exp_0_seed3144<<<<<<<<<<<<<<<<<<<<<<<<<<<<<<<<<
test 11329
mse:0.6330651640892029, mae:0.5297805666923523
