Args in experiment:
Namespace(activation='gelu', batch_size=32, c_out=8, checkpoints='./checkpoints/', d_ff=2048, d_layers=1, d_model=512, data='custom', data_path='exchange_rate.csv', dec_in=8, des='Exp', devices='0,1,2,3', distil=True, do_predict=False, dropout=0.05, e_layers=2, embed='timeF', embed_type=0, enc_in=8, factor=3, features='M', freq='h', gpu=0, individual=False, is_training=1, itr=1, label_len=48, learning_rate=0.0001, loss='mse', lradj='type1', model='Autoformer', model_id='exchange_336', moving_avg=25, n_heads=8, num_workers=0, output_attention=False, patience=3, pred_len=336, root_path='./dataset/', seed=12890, seq_len=96, target='OT', test_flop=False, train_epochs=10, train_only=False, use_amp=False, use_gpu=True, use_multi_gpu=False)
Use GPU: cuda:0
>>>>>>>start training : exchange_336_Autoformer_custom_ftM_sl96_ll48_pl336_dm512_nh8_el2_dl1_df2048_fc3_ebtimeF_dtTrue_Exp_0_seed12890>>>>>>>>>>>>>>>>>>>>>>>>>>
train 4880
val 425
test 1182
	iters: 100, epoch: 1 | loss: 0.4551165
	speed: 0.1161s/iter; left time: 165.0268s
Epoch: 1 cost time: 15.940763711929321
Epoch: 1, Steps: 152 | Train Loss: 0.5164104 Vali Loss: 0.4570393 Test Loss: 0.4234161
Validation loss decreased (inf --> 0.457039).  Saving model ...
Updating learning rate to 0.0001
	iters: 100, epoch: 2 | loss: 0.4227923
	speed: 0.1553s/iter; left time: 197.1143s
Epoch: 2 cost time: 12.531457662582397
Epoch: 2, Steps: 152 | Train Loss: 0.4769724 Vali Loss: 0.5243930 Test Loss: 1.5659000
EarlyStopping counter: 1 out of 3
Updating learning rate to 5e-05
	iters: 100, epoch: 3 | loss: 0.3505271
	speed: 0.1536s/iter; left time: 171.5937s
Epoch: 3 cost time: 12.538503408432007
Epoch: 3, Steps: 152 | Train Loss: 0.4258362 Vali Loss: 1.3641790 Test Loss: 3.6208947
EarlyStopping counter: 2 out of 3
Updating learning rate to 2.5e-05
	iters: 100, epoch: 4 | loss: 0.3703551
	speed: 0.1537s/iter; left time: 148.2888s
Epoch: 4 cost time: 12.550315856933594
Epoch: 4, Steps: 152 | Train Loss: 0.4011390 Vali Loss: 2.2761190 Test Loss: 5.2811685
EarlyStopping counter: 3 out of 3
Early stopping
>>>>>>>testing : exchange_336_Autoformer_custom_ftM_sl96_ll48_pl336_dm512_nh8_el2_dl1_df2048_fc3_ebtimeF_dtTrue_Exp_0_seed12890<<<<<<<<<<<<<<<<<<<<<<<<<<<<<<<<<
test 1182
mse:0.42364466190338135, mae:0.4803687036037445
