Args in experiment:
Namespace(activation='gelu', batch_size=32, c_out=7, checkpoints='./checkpoints/', d_ff=2048, d_layers=1, d_model=512, data='ETTh1', data_path='ETTh1.csv', dec_in=7, des='Exp', devices='0,1,2,3', distil=True, do_predict=False, dropout=0.05, e_layers=2, embed='timeF', embed_type=0, enc_in=7, factor=3, features='M', freq='h', gpu=0, individual=False, is_training=1, itr=1, label_len=48, learning_rate=0.0001, loss='mse', lradj='type1', model='Autoformer', model_id='ETTh1_720', moving_avg=25, n_heads=8, num_workers=0, output_attention=False, patience=3, pred_len=720, root_path='./dataset/', seed=15227, seq_len=96, target='OT', test_flop=False, train_epochs=10, train_only=False, use_amp=False, use_gpu=True, use_multi_gpu=False)
Use GPU: cuda:0
>>>>>>>start training : ETTh1_720_Autoformer_ETTh1_ftM_sl96_ll48_pl720_dm512_nh8_el2_dl1_df2048_fc3_ebtimeF_dtTrue_Exp_0_seed15227>>>>>>>>>>>>>>>>>>>>>>>>>>
train 7825
val 2161
test 2161
	iters: 100, epoch: 1 | loss: 0.6478345
	speed: 0.1820s/iter; left time: 426.0338s
	iters: 200, epoch: 1 | loss: 0.5490600
	speed: 0.1439s/iter; left time: 322.3963s
Epoch: 1 cost time: 38.95385146141052
Epoch: 1, Steps: 244 | Train Loss: 0.6216686 Vali Loss: 1.6094390 Test Loss: 0.5209800
Validation loss decreased (inf --> 1.609439).  Saving model ...
Updating learning rate to 0.0001
	iters: 100, epoch: 2 | loss: 0.5192803
	speed: 0.3476s/iter; left time: 728.8815s
	iters: 200, epoch: 2 | loss: 0.4827057
	speed: 0.1428s/iter; left time: 285.1103s
Epoch: 2 cost time: 34.8444607257843
Epoch: 2, Steps: 244 | Train Loss: 0.5620904 Vali Loss: 1.7200937 Test Loss: 0.6083273
EarlyStopping counter: 1 out of 3
Updating learning rate to 5e-05
	iters: 100, epoch: 3 | loss: 0.3891239
	speed: 0.3455s/iter; left time: 640.1840s
	iters: 200, epoch: 3 | loss: 0.4416519
	speed: 0.1431s/iter; left time: 250.9091s
Epoch: 3 cost time: 34.941025495529175
Epoch: 3, Steps: 244 | Train Loss: 0.4823788 Vali Loss: 1.8459052 Test Loss: 0.7635770
EarlyStopping counter: 2 out of 3
Updating learning rate to 2.5e-05
	iters: 100, epoch: 4 | loss: 0.4544851
	speed: 0.3445s/iter; left time: 554.2214s
	iters: 200, epoch: 4 | loss: 0.4299611
	speed: 0.1429s/iter; left time: 215.6355s
Epoch: 4 cost time: 34.880873918533325
Epoch: 4, Steps: 244 | Train Loss: 0.4420175 Vali Loss: 1.9210413 Test Loss: 0.8460897
EarlyStopping counter: 3 out of 3
Early stopping
>>>>>>>testing : ETTh1_720_Autoformer_ETTh1_ftM_sl96_ll48_pl720_dm512_nh8_el2_dl1_df2048_fc3_ebtimeF_dtTrue_Exp_0_seed15227<<<<<<<<<<<<<<<<<<<<<<<<<<<<<<<<<
test 2161
mse:0.5198436975479126, mae:0.5195175409317017
