Args in experiment:
Namespace(activation='gelu', batch_size=32, c_out=7, checkpoints='./checkpoints/', d_ff=2048, d_layers=1, d_model=512, data='ETTh2', data_path='ETTh2.csv', dec_in=7, des='Exp', devices='0,1,2,3', distil=True, do_predict=False, dropout=0.05, e_layers=2, embed='timeF', embed_type=0, enc_in=7, factor=3, features='M', freq='h', gpu=0, individual=False, is_training=1, itr=1, label_len=48, learning_rate=0.0001, loss='mse', lradj='type1', model='Autoformer', model_id='ETTh2_192', moving_avg=25, n_heads=8, num_workers=0, output_attention=False, patience=3, pred_len=192, root_path='./dataset/', seed=3293, seq_len=96, target='OT', test_flop=False, train_epochs=10, train_only=False, use_amp=False, use_gpu=True, use_multi_gpu=False)
Use GPU: cuda:0
>>>>>>>start training : ETTh2_192_Autoformer_ETTh2_ftM_sl96_ll48_pl192_dm512_nh8_el2_dl1_df2048_fc3_ebtimeF_dtTrue_Exp_0_seed3293>>>>>>>>>>>>>>>>>>>>>>>>>>
train 8353
val 2689
test 2689
	iters: 100, epoch: 1 | loss: 0.5503295
	speed: 0.0955s/iter; left time: 239.7475s
	iters: 200, epoch: 1 | loss: 0.5377565
	speed: 0.0616s/iter; left time: 148.6117s
Epoch: 1 cost time: 19.50149893760681
Epoch: 1, Steps: 261 | Train Loss: 0.5798095 Vali Loss: 0.3479185 Test Loss: 0.4596584
Validation loss decreased (inf --> 0.347918).  Saving model ...
Updating learning rate to 0.0001
	iters: 100, epoch: 2 | loss: 0.8303205
	speed: 0.1697s/iter; left time: 381.7813s
	iters: 200, epoch: 2 | loss: 0.5417222
	speed: 0.0618s/iter; left time: 132.9748s
Epoch: 2 cost time: 16.17457890510559
Epoch: 2, Steps: 261 | Train Loss: 0.5118863 Vali Loss: 0.3557791 Test Loss: 0.5219777
EarlyStopping counter: 1 out of 3
Updating learning rate to 5e-05
	iters: 100, epoch: 3 | loss: 0.4749620
	speed: 0.1668s/iter; left time: 331.6680s
	iters: 200, epoch: 3 | loss: 0.5267871
	speed: 0.0616s/iter; left time: 116.4142s
Epoch: 3 cost time: 16.079404830932617
Epoch: 3, Steps: 261 | Train Loss: 0.4388909 Vali Loss: 0.4001251 Test Loss: 0.5905432
EarlyStopping counter: 2 out of 3
Updating learning rate to 2.5e-05
	iters: 100, epoch: 4 | loss: 0.5673695
	speed: 0.1660s/iter; left time: 286.8265s
	iters: 200, epoch: 4 | loss: 0.3585950
	speed: 0.0616s/iter; left time: 100.2748s
Epoch: 4 cost time: 16.081939458847046
Epoch: 4, Steps: 261 | Train Loss: 0.4050808 Vali Loss: 0.3684055 Test Loss: 0.5502782
EarlyStopping counter: 3 out of 3
Early stopping
>>>>>>>testing : ETTh2_192_Autoformer_ETTh2_ftM_sl96_ll48_pl192_dm512_nh8_el2_dl1_df2048_fc3_ebtimeF_dtTrue_Exp_0_seed3293<<<<<<<<<<<<<<<<<<<<<<<<<<<<<<<<<
test 2689
mse:0.45233526825904846, mae:0.45168906450271606
