Args in experiment:
Namespace(activation='gelu', batch_size=32, c_out=7, checkpoints='./checkpoints/', d_ff=2048, d_layers=1, d_model=512, data='ETTh2', data_path='ETTh2.csv', dec_in=7, des='Exp', devices='0,1,2,3', distil=True, do_predict=False, dropout=0.05, e_layers=2, embed='timeF', embed_type=0, enc_in=7, factor=3, features='M', freq='h', gpu=0, individual=False, is_training=1, itr=1, label_len=48, learning_rate=0.0001, loss='mse', lradj='type1', model='Autoformer', model_id='ETTh2_96', moving_avg=25, n_heads=8, num_workers=0, output_attention=False, patience=3, pred_len=96, root_path='./dataset/', seed=28649, seq_len=96, target='OT', test_flop=False, train_epochs=10, train_only=False, use_amp=False, use_gpu=True, use_multi_gpu=False)
Use GPU: cuda:0
>>>>>>>start training : ETTh2_96_Autoformer_ETTh2_ftM_sl96_ll48_pl96_dm512_nh8_el2_dl1_df2048_fc3_ebtimeF_dtTrue_Exp_0_seed28649>>>>>>>>>>>>>>>>>>>>>>>>>>
train 8449
val 2785
test 2785
	iters: 100, epoch: 1 | loss: 0.3879813
	speed: 0.0811s/iter; left time: 206.0018s
	iters: 200, epoch: 1 | loss: 0.6568647
	speed: 0.0471s/iter; left time: 115.0508s
Epoch: 1 cost time: 15.872557640075684
Epoch: 1, Steps: 264 | Train Loss: 0.4802981 Vali Loss: 0.3025658 Test Loss: 0.4080448
Validation loss decreased (inf --> 0.302566).  Saving model ...
Updating learning rate to 0.0001
	iters: 100, epoch: 2 | loss: 0.3948920
	speed: 0.1301s/iter; left time: 296.1420s
	iters: 200, epoch: 2 | loss: 0.3707521
	speed: 0.0472s/iter; left time: 102.7858s
Epoch: 2 cost time: 12.452320575714111
Epoch: 2, Steps: 264 | Train Loss: 0.3818381 Vali Loss: 0.2913819 Test Loss: 0.3810160
Validation loss decreased (0.302566 --> 0.291382).  Saving model ...
Updating learning rate to 5e-05
	iters: 100, epoch: 3 | loss: 0.2952528
	speed: 0.1292s/iter; left time: 260.0125s
	iters: 200, epoch: 3 | loss: 0.2050519
	speed: 0.0477s/iter; left time: 91.2444s
Epoch: 3 cost time: 12.552049160003662
Epoch: 3, Steps: 264 | Train Loss: 0.3070903 Vali Loss: 0.3265350 Test Loss: 0.4841724
EarlyStopping counter: 1 out of 3
Updating learning rate to 2.5e-05
	iters: 100, epoch: 4 | loss: 0.2845785
	speed: 0.1269s/iter; left time: 221.9877s
	iters: 200, epoch: 4 | loss: 0.2561808
	speed: 0.0476s/iter; left time: 78.5244s
Epoch: 4 cost time: 12.547367334365845
Epoch: 4, Steps: 264 | Train Loss: 0.2801810 Vali Loss: 0.3194475 Test Loss: 0.4784654
EarlyStopping counter: 2 out of 3
Updating learning rate to 1.25e-05
	iters: 100, epoch: 5 | loss: 0.3092358
	speed: 0.1264s/iter; left time: 187.6306s
	iters: 200, epoch: 5 | loss: 0.2644854
	speed: 0.0472s/iter; left time: 65.3479s
Epoch: 5 cost time: 12.445417642593384
Epoch: 5, Steps: 264 | Train Loss: 0.2659541 Vali Loss: 0.3283570 Test Loss: 0.5205515
EarlyStopping counter: 3 out of 3
Early stopping
>>>>>>>testing : ETTh2_96_Autoformer_ETTh2_ftM_sl96_ll48_pl96_dm512_nh8_el2_dl1_df2048_fc3_ebtimeF_dtTrue_Exp_0_seed28649<<<<<<<<<<<<<<<<<<<<<<<<<<<<<<<<<
test 2785
mse:0.38403457403182983, mae:0.4217761158943176
