Args in experiment:
Namespace(activation='gelu', batch_size=32, c_out=7, checkpoints='./checkpoints/', d_ff=2048, d_layers=1, d_model=512, data='ETTh1', data_path='ETTh1.csv', dec_in=7, des='Exp', devices='0,1,2,3', distil=True, do_predict=False, dropout=0.05, e_layers=2, embed='timeF', embed_type=0, enc_in=7, factor=3, features='M', freq='h', gpu=0, individual=False, is_training=1, itr=1, label_len=48, learning_rate=0.0001, loss='mse', lradj='type1', model='Autoformer', model_id='ETTh1_96', moving_avg=25, n_heads=8, num_workers=0, output_attention=False, patience=3, pred_len=96, root_path='./dataset/', seed=3293, seq_len=96, target='OT', test_flop=False, train_epochs=10, train_only=False, use_amp=False, use_gpu=True, use_multi_gpu=False)
Use GPU: cuda:0
>>>>>>>start training : ETTh1_96_Autoformer_ETTh1_ftM_sl96_ll48_pl96_dm512_nh8_el2_dl1_df2048_fc3_ebtimeF_dtTrue_Exp_0_seed3293>>>>>>>>>>>>>>>>>>>>>>>>>>
train 8449
val 2785
test 2785
	iters: 100, epoch: 1 | loss: 0.3536649
	speed: 0.0819s/iter; left time: 208.2285s
	iters: 200, epoch: 1 | loss: 0.4029301
	speed: 0.0475s/iter; left time: 116.0392s
Epoch: 1 cost time: 15.987805366516113
Epoch: 1, Steps: 264 | Train Loss: 0.4026967 Vali Loss: 0.8095137 Test Loss: 0.4120754
Validation loss decreased (inf --> 0.809514).  Saving model ...
Updating learning rate to 0.0001
	iters: 100, epoch: 2 | loss: 0.3830301
	speed: 0.1305s/iter; left time: 297.1300s
	iters: 200, epoch: 2 | loss: 0.3536530
	speed: 0.0473s/iter; left time: 102.9450s
Epoch: 2 cost time: 12.473108053207397
Epoch: 2, Steps: 264 | Train Loss: 0.3554880 Vali Loss: 0.8289021 Test Loss: 0.4613916
EarlyStopping counter: 1 out of 3
Updating learning rate to 5e-05
	iters: 100, epoch: 3 | loss: 0.3521025
	speed: 0.1270s/iter; left time: 255.6312s
	iters: 200, epoch: 3 | loss: 0.3059354
	speed: 0.0472s/iter; left time: 90.3401s
Epoch: 3 cost time: 12.471993684768677
Epoch: 3, Steps: 264 | Train Loss: 0.3291164 Vali Loss: 0.8891248 Test Loss: 0.4553753
EarlyStopping counter: 2 out of 3
Updating learning rate to 2.5e-05
	iters: 100, epoch: 4 | loss: 0.3117785
	speed: 0.1268s/iter; left time: 221.8543s
	iters: 200, epoch: 4 | loss: 0.2975851
	speed: 0.0472s/iter; left time: 77.9078s
Epoch: 4 cost time: 12.479543209075928
Epoch: 4, Steps: 264 | Train Loss: 0.3079456 Vali Loss: 0.9243460 Test Loss: 0.4998524
EarlyStopping counter: 3 out of 3
Early stopping
>>>>>>>testing : ETTh1_96_Autoformer_ETTh1_ftM_sl96_ll48_pl96_dm512_nh8_el2_dl1_df2048_fc3_ebtimeF_dtTrue_Exp_0_seed3293<<<<<<<<<<<<<<<<<<<<<<<<<<<<<<<<<
test 2785
mse:0.4119633734226227, mae:0.4330821633338928
