Args in experiment:
Namespace(activation='gelu', batch_size=32, c_out=7, checkpoints='./checkpoints/', d_ff=2048, d_layers=1, d_model=512, data='ETTm1', data_path='ETTm1.csv', dec_in=7, des='Exp', devices='0,1,2,3', distil=True, do_predict=False, dropout=0.05, e_layers=2, embed='timeF', embed_type=0, enc_in=7, factor=3, features='M', freq='h', gpu=0, individual=False, is_training=1, itr=1, label_len=48, learning_rate=0.0001, loss='mse', lradj='type1', model='Autoformer', model_id='ETTm1_192', moving_avg=25, n_heads=8, num_workers=0, output_attention=False, patience=3, pred_len=192, root_path='./dataset/', seed=12890, seq_len=96, target='OT', test_flop=False, train_epochs=10, train_only=False, use_amp=False, use_gpu=True, use_multi_gpu=False)
Use GPU: cuda:0
>>>>>>>start training : ETTm1_192_Autoformer_ETTm1_ftM_sl96_ll48_pl192_dm512_nh8_el2_dl1_df2048_fc3_ebtimeF_dtTrue_Exp_0_seed12890>>>>>>>>>>>>>>>>>>>>>>>>>>
train 34273
val 11329
test 11329
	iters: 100, epoch: 1 | loss: 0.3690138
	speed: 0.0953s/iter; left time: 1011.0692s
	iters: 200, epoch: 1 | loss: 0.4710023
	speed: 0.0615s/iter; left time: 646.3065s
	iters: 300, epoch: 1 | loss: 0.4424253
	speed: 0.0614s/iter; left time: 639.5223s
	iters: 400, epoch: 1 | loss: 0.4000677
	speed: 0.0614s/iter; left time: 633.0370s
	iters: 500, epoch: 1 | loss: 0.3285038
	speed: 0.0613s/iter; left time: 626.2824s
	iters: 600, epoch: 1 | loss: 0.3264634
	speed: 0.0615s/iter; left time: 621.7405s
	iters: 700, epoch: 1 | loss: 0.3243586
	speed: 0.0615s/iter; left time: 615.9704s
	iters: 800, epoch: 1 | loss: 0.3846005
	speed: 0.0615s/iter; left time: 609.0830s
	iters: 900, epoch: 1 | loss: 0.3756056
	speed: 0.0615s/iter; left time: 603.2418s
	iters: 1000, epoch: 1 | loss: 0.3162263
	speed: 0.0614s/iter; left time: 596.6542s
Epoch: 1 cost time: 69.2453339099884
Epoch: 1, Steps: 1071 | Train Loss: 0.3938547 Vali Loss: 0.7677088 Test Loss: 0.5995760
Validation loss decreased (inf --> 0.767709).  Saving model ...
Updating learning rate to 0.0001
	iters: 100, epoch: 2 | loss: 0.4032063
	speed: 0.3783s/iter; left time: 3609.3527s
	iters: 200, epoch: 2 | loss: 0.3187153
	speed: 0.0614s/iter; left time: 579.3019s
	iters: 300, epoch: 2 | loss: 0.2750783
	speed: 0.0614s/iter; left time: 573.9004s
	iters: 400, epoch: 2 | loss: 0.2765597
	speed: 0.0614s/iter; left time: 567.3979s
	iters: 500, epoch: 2 | loss: 0.3293049
	speed: 0.0613s/iter; left time: 560.2606s
	iters: 600, epoch: 2 | loss: 0.2976111
	speed: 0.0612s/iter; left time: 553.6268s
	iters: 700, epoch: 2 | loss: 0.2843328
	speed: 0.0614s/iter; left time: 548.8503s
	iters: 800, epoch: 2 | loss: 0.2790846
	speed: 0.0613s/iter; left time: 542.1481s
	iters: 900, epoch: 2 | loss: 0.3176572
	speed: 0.0613s/iter; left time: 535.9499s
	iters: 1000, epoch: 2 | loss: 0.3106184
	speed: 0.0613s/iter; left time: 529.5430s
Epoch: 2 cost time: 65.69226717948914
Epoch: 2, Steps: 1071 | Train Loss: 0.3080861 Vali Loss: 0.8177809 Test Loss: 0.6097847
EarlyStopping counter: 1 out of 3
Updating learning rate to 5e-05
	iters: 100, epoch: 3 | loss: 0.2822110
	speed: 0.3750s/iter; left time: 3175.7804s
	iters: 200, epoch: 3 | loss: 0.2604208
	speed: 0.0620s/iter; left time: 518.8687s
	iters: 300, epoch: 3 | loss: 0.3026731
	speed: 0.0619s/iter; left time: 511.7634s
	iters: 400, epoch: 3 | loss: 0.2668801
	speed: 0.0618s/iter; left time: 504.9976s
	iters: 500, epoch: 3 | loss: 0.3084661
	speed: 0.0614s/iter; left time: 495.7079s
	iters: 600, epoch: 3 | loss: 0.2383247
	speed: 0.0613s/iter; left time: 488.7680s
	iters: 700, epoch: 3 | loss: 0.2690913
	speed: 0.0613s/iter; left time: 482.6072s
	iters: 800, epoch: 3 | loss: 0.2614627
	speed: 0.0613s/iter; left time: 476.1659s
	iters: 900, epoch: 3 | loss: 0.2147652
	speed: 0.0614s/iter; left time: 470.5068s
	iters: 1000, epoch: 3 | loss: 0.2587551
	speed: 0.0612s/iter; left time: 463.4162s
Epoch: 3 cost time: 65.89995908737183
Epoch: 3, Steps: 1071 | Train Loss: 0.2632922 Vali Loss: 0.8600535 Test Loss: 0.6251923
EarlyStopping counter: 2 out of 3
Updating learning rate to 2.5e-05
	iters: 100, epoch: 4 | loss: 0.2647204
	speed: 0.3734s/iter; left time: 2762.5366s
	iters: 200, epoch: 4 | loss: 0.2501915
	speed: 0.0612s/iter; left time: 446.8000s
	iters: 300, epoch: 4 | loss: 0.2353832
	speed: 0.0612s/iter; left time: 440.6145s
	iters: 400, epoch: 4 | loss: 0.2410426
	speed: 0.0613s/iter; left time: 434.8804s
	iters: 500, epoch: 4 | loss: 0.2525221
	speed: 0.0621s/iter; left time: 434.5166s
	iters: 600, epoch: 4 | loss: 0.1980361
	speed: 0.0619s/iter; left time: 426.8110s
	iters: 700, epoch: 4 | loss: 0.2667182
	speed: 0.0621s/iter; left time: 422.3785s
	iters: 800, epoch: 4 | loss: 0.2381278
	speed: 0.0621s/iter; left time: 416.1938s
	iters: 900, epoch: 4 | loss: 0.2270548
	speed: 0.0621s/iter; left time: 409.6735s
	iters: 1000, epoch: 4 | loss: 0.2231405
	speed: 0.0613s/iter; left time: 398.5558s
Epoch: 4 cost time: 66.01567673683167
Epoch: 4, Steps: 1071 | Train Loss: 0.2408405 Vali Loss: 0.8838636 Test Loss: 0.6477844
EarlyStopping counter: 3 out of 3
Early stopping
>>>>>>>testing : ETTm1_192_Autoformer_ETTm1_ftM_sl96_ll48_pl192_dm512_nh8_el2_dl1_df2048_fc3_ebtimeF_dtTrue_Exp_0_seed12890<<<<<<<<<<<<<<<<<<<<<<<<<<<<<<<<<
test 11329
mse:0.6001485586166382, mae:0.5124731063842773
