Args in experiment:
Namespace(activation='gelu', batch_size=32, c_out=8, checkpoints='./checkpoints/', d_ff=2048, d_layers=1, d_model=512, data='custom', data_path='exchange_rate.csv', dec_in=8, des='Exp', devices='0,1,2,3', distil=True, do_predict=False, dropout=0.05, e_layers=2, embed='timeF', embed_type=0, enc_in=8, factor=3, features='M', freq='h', gpu=0, individual=False, is_training=1, itr=1, label_len=48, learning_rate=0.0001, loss='mse', lradj='type1', model='Autoformer', model_id='exchange_720', moving_avg=25, n_heads=8, num_workers=0, output_attention=False, patience=3, pred_len=720, root_path='./dataset/', seed=10458, seq_len=96, target='OT', test_flop=False, train_epochs=10, train_only=False, use_amp=False, use_gpu=True, use_multi_gpu=False)
Use GPU: cuda:0
>>>>>>>start training : exchange_720_Autoformer_custom_ftM_sl96_ll48_pl720_dm512_nh8_el2_dl1_df2048_fc3_ebtimeF_dtTrue_Exp_0_seed10458>>>>>>>>>>>>>>>>>>>>>>>>>>
train 4496
val 41
test 798
	iters: 100, epoch: 1 | loss: 0.9238364
	speed: 0.1773s/iter; left time: 230.6395s
Epoch: 1 cost time: 23.536479949951172
Epoch: 1, Steps: 140 | Train Loss: 0.8913615 Vali Loss: 1.0679158 Test Loss: 1.1340176
Validation loss decreased (inf --> 1.067916).  Saving model ...
Updating learning rate to 0.0001
	iters: 100, epoch: 2 | loss: 0.9505875
	speed: 0.2276s/iter; left time: 264.2852s
Epoch: 2 cost time: 20.01419472694397
Epoch: 2, Steps: 140 | Train Loss: 0.8706153 Vali Loss: 1.0215102 Test Loss: 1.1315017
Validation loss decreased (1.067916 --> 1.021510).  Saving model ...
Updating learning rate to 5e-05
	iters: 100, epoch: 3 | loss: 0.9289687
	speed: 0.2278s/iter; left time: 232.5684s
Epoch: 3 cost time: 20.03505253791809
Epoch: 3, Steps: 140 | Train Loss: 0.8628095 Vali Loss: 1.0901392 Test Loss: 1.1009550
EarlyStopping counter: 1 out of 3
Updating learning rate to 2.5e-05
	iters: 100, epoch: 4 | loss: 0.7353396
	speed: 0.2261s/iter; left time: 199.1906s
Epoch: 4 cost time: 20.01368260383606
Epoch: 4, Steps: 140 | Train Loss: 0.8495448 Vali Loss: 1.3076533 Test Loss: 1.0840627
EarlyStopping counter: 2 out of 3
Updating learning rate to 1.25e-05
	iters: 100, epoch: 5 | loss: 0.7663931
	speed: 0.2259s/iter; left time: 167.3759s
Epoch: 5 cost time: 20.01630711555481
Epoch: 5, Steps: 140 | Train Loss: 0.8331958 Vali Loss: 1.3989965 Test Loss: 1.0786270
EarlyStopping counter: 3 out of 3
Early stopping
>>>>>>>testing : exchange_720_Autoformer_custom_ftM_sl96_ll48_pl720_dm512_nh8_el2_dl1_df2048_fc3_ebtimeF_dtTrue_Exp_0_seed10458<<<<<<<<<<<<<<<<<<<<<<<<<<<<<<<<<
test 798
mse:1.1320782899856567, mae:0.8299627900123596
