Args in experiment:
Namespace(activation='gelu', batch_size=32, c_out=7, checkpoints='./checkpoints/', d_ff=2048, d_layers=1, d_model=512, data='ETTm2', data_path='ETTm2.csv', dec_in=7, des='Exp', devices='0,1,2,3', distil=True, do_predict=False, dropout=0.05, e_layers=2, embed='timeF', embed_type=0, enc_in=7, factor=3, features='M', freq='h', gpu=0, individual=False, is_training=1, itr=1, label_len=48, learning_rate=0.0001, loss='mse', lradj='type1', model='Autoformer', model_id='ETTm2_96', moving_avg=25, n_heads=8, num_workers=0, output_attention=False, patience=3, pred_len=96, root_path='./dataset/', seed=25565, seq_len=96, target='OT', test_flop=False, train_epochs=10, train_only=False, use_amp=False, use_gpu=True, use_multi_gpu=False)
Use GPU: cuda:0
>>>>>>>start training : ETTm2_96_Autoformer_ETTm2_ftM_sl96_ll48_pl96_dm512_nh8_el2_dl1_df2048_fc3_ebtimeF_dtTrue_Exp_0_seed25565>>>>>>>>>>>>>>>>>>>>>>>>>>
train 34369
val 11425
test 11425
	iters: 100, epoch: 1 | loss: 0.3925383
	speed: 0.0818s/iter; left time: 870.3026s
	iters: 200, epoch: 1 | loss: 0.2242364
	speed: 0.0473s/iter; left time: 499.0932s
	iters: 300, epoch: 1 | loss: 0.1815699
	speed: 0.0474s/iter; left time: 494.7627s
	iters: 400, epoch: 1 | loss: 0.4202601
	speed: 0.0472s/iter; left time: 488.3688s
	iters: 500, epoch: 1 | loss: 0.2081658
	speed: 0.0472s/iter; left time: 483.5362s
	iters: 600, epoch: 1 | loss: 0.1444869
	speed: 0.0473s/iter; left time: 480.0516s
	iters: 700, epoch: 1 | loss: 0.2201346
	speed: 0.0475s/iter; left time: 476.6260s
	iters: 800, epoch: 1 | loss: 0.2012095
	speed: 0.0474s/iter; left time: 471.0702s
	iters: 900, epoch: 1 | loss: 0.1774928
	speed: 0.0475s/iter; left time: 467.1496s
	iters: 1000, epoch: 1 | loss: 0.1145413
	speed: 0.0475s/iter; left time: 462.4368s
Epoch: 1 cost time: 54.36169385910034
Epoch: 1, Steps: 1074 | Train Loss: 0.2738121 Vali Loss: 0.1669485 Test Loss: 0.2790179
Validation loss decreased (inf --> 0.166948).  Saving model ...
Updating learning rate to 0.0001
	iters: 100, epoch: 2 | loss: 0.2699584
	speed: 0.2777s/iter; left time: 2656.3686s
	iters: 200, epoch: 2 | loss: 0.1860709
	speed: 0.0473s/iter; left time: 448.2330s
	iters: 300, epoch: 2 | loss: 0.1499442
	speed: 0.0473s/iter; left time: 443.3545s
	iters: 400, epoch: 2 | loss: 0.1412037
	speed: 0.0474s/iter; left time: 439.3154s
	iters: 500, epoch: 2 | loss: 0.2095281
	speed: 0.0473s/iter; left time: 433.4134s
	iters: 600, epoch: 2 | loss: 0.1020994
	speed: 0.0473s/iter; left time: 428.7222s
	iters: 700, epoch: 2 | loss: 0.1485102
	speed: 0.0473s/iter; left time: 424.4987s
	iters: 800, epoch: 2 | loss: 0.1841837
	speed: 0.0472s/iter; left time: 418.0807s
	iters: 900, epoch: 2 | loss: 0.3520338
	speed: 0.0473s/iter; left time: 415.0817s
	iters: 1000, epoch: 2 | loss: 0.2060367
	speed: 0.0474s/iter; left time: 410.6580s
Epoch: 2 cost time: 50.81429672241211
Epoch: 2, Steps: 1074 | Train Loss: 0.2339008 Vali Loss: 0.1969106 Test Loss: 0.4625092
EarlyStopping counter: 1 out of 3
Updating learning rate to 5e-05
	iters: 100, epoch: 3 | loss: 0.2748681
	speed: 0.2748s/iter; left time: 2334.2790s
	iters: 200, epoch: 3 | loss: 0.2420869
	speed: 0.0473s/iter; left time: 397.0622s
	iters: 300, epoch: 3 | loss: 0.1888384
	speed: 0.0473s/iter; left time: 392.1028s
	iters: 400, epoch: 3 | loss: 0.2289327
	speed: 0.0473s/iter; left time: 387.2857s
	iters: 500, epoch: 3 | loss: 0.2444077
	speed: 0.0472s/iter; left time: 382.3234s
	iters: 600, epoch: 3 | loss: 0.2949784
	speed: 0.0473s/iter; left time: 377.7277s
	iters: 700, epoch: 3 | loss: 0.1497540
	speed: 0.0476s/iter; left time: 375.3507s
	iters: 800, epoch: 3 | loss: 0.1463481
	speed: 0.0474s/iter; left time: 369.4563s
	iters: 900, epoch: 3 | loss: 0.1899797
	speed: 0.0473s/iter; left time: 363.5845s
	iters: 1000, epoch: 3 | loss: 0.2397115
	speed: 0.0472s/iter; left time: 358.6485s
Epoch: 3 cost time: 50.808433294296265
Epoch: 3, Steps: 1074 | Train Loss: 0.2043923 Vali Loss: 0.2164334 Test Loss: 0.4360064
EarlyStopping counter: 2 out of 3
Updating learning rate to 2.5e-05
	iters: 100, epoch: 4 | loss: 0.1396496
	speed: 0.2753s/iter; left time: 2042.1912s
	iters: 200, epoch: 4 | loss: 0.3897325
	speed: 0.0473s/iter; left time: 346.1826s
	iters: 300, epoch: 4 | loss: 0.3795677
	speed: 0.0475s/iter; left time: 343.2179s
	iters: 400, epoch: 4 | loss: 0.2148802
	speed: 0.0473s/iter; left time: 337.0267s
	iters: 500, epoch: 4 | loss: 0.1230520
	speed: 0.0473s/iter; left time: 331.9664s
	iters: 600, epoch: 4 | loss: 0.2110037
	speed: 0.0473s/iter; left time: 327.1117s
	iters: 700, epoch: 4 | loss: 0.1909753
	speed: 0.0473s/iter; left time: 322.7027s
	iters: 800, epoch: 4 | loss: 0.1581113
	speed: 0.0472s/iter; left time: 317.0549s
	iters: 900, epoch: 4 | loss: 0.1686028
	speed: 0.0472s/iter; left time: 312.3228s
	iters: 1000, epoch: 4 | loss: 0.1355361
	speed: 0.0473s/iter; left time: 308.2332s
Epoch: 4 cost time: 50.79953861236572
Epoch: 4, Steps: 1074 | Train Loss: 0.1916862 Vali Loss: 0.2277329 Test Loss: 0.4538631
EarlyStopping counter: 3 out of 3
Early stopping
>>>>>>>testing : ETTm2_96_Autoformer_ETTm2_ftM_sl96_ll48_pl96_dm512_nh8_el2_dl1_df2048_fc3_ebtimeF_dtTrue_Exp_0_seed25565<<<<<<<<<<<<<<<<<<<<<<<<<<<<<<<<<
test 11425
mse:0.27836933732032776, mae:0.34840866923332214
