Args in experiment:
Namespace(activation='gelu', batch_size=32, c_out=7, checkpoints='./checkpoints/', d_ff=2048, d_layers=1, d_model=512, data='ETTm2', data_path='ETTm2.csv', dec_in=7, des='Exp', devices='0,1,2,3', distil=True, do_predict=False, dropout=0.05, e_layers=2, embed='timeF', embed_type=0, enc_in=7, factor=3, features='M', freq='h', gpu=0, individual=False, is_training=1, itr=1, label_len=48, learning_rate=0.0001, loss='mse', lradj='type1', model='Autoformer', model_id='ETTm2_192', moving_avg=25, n_heads=8, num_workers=0, output_attention=False, patience=3, pred_len=192, root_path='./dataset/', seed=10458, seq_len=96, target='OT', test_flop=False, train_epochs=10, train_only=False, use_amp=False, use_gpu=True, use_multi_gpu=False)
Use GPU: cuda:0
>>>>>>>start training : ETTm2_192_Autoformer_ETTm2_ftM_sl96_ll48_pl192_dm512_nh8_el2_dl1_df2048_fc3_ebtimeF_dtTrue_Exp_0_seed10458>>>>>>>>>>>>>>>>>>>>>>>>>>
train 34273
val 11329
test 11329
	iters: 100, epoch: 1 | loss: 0.3248888
	speed: 0.0971s/iter; left time: 1030.0239s
	iters: 200, epoch: 1 | loss: 0.7561414
	speed: 0.0618s/iter; left time: 649.0617s
	iters: 300, epoch: 1 | loss: 0.2630334
	speed: 0.0619s/iter; left time: 644.1156s
	iters: 400, epoch: 1 | loss: 0.3691407
	speed: 0.0621s/iter; left time: 639.9902s
	iters: 500, epoch: 1 | loss: 0.3961526
	speed: 0.0617s/iter; left time: 629.6333s
	iters: 600, epoch: 1 | loss: 0.5483609
	speed: 0.0617s/iter; left time: 623.9036s
	iters: 700, epoch: 1 | loss: 0.3824179
	speed: 0.0618s/iter; left time: 618.9372s
	iters: 800, epoch: 1 | loss: 0.1753413
	speed: 0.0618s/iter; left time: 612.9719s
	iters: 900, epoch: 1 | loss: 0.1914478
	speed: 0.0618s/iter; left time: 606.0805s
	iters: 1000, epoch: 1 | loss: 0.1468581
	speed: 0.0616s/iter; left time: 598.1270s
Epoch: 1 cost time: 69.71859192848206
Epoch: 1, Steps: 1071 | Train Loss: 0.3705481 Vali Loss: 0.2012252 Test Loss: 0.2842592
Validation loss decreased (inf --> 0.201225).  Saving model ...
Updating learning rate to 0.0001
	iters: 100, epoch: 2 | loss: 0.2998647
	speed: 0.3800s/iter; left time: 3624.9750s
	iters: 200, epoch: 2 | loss: 0.5360916
	speed: 0.0620s/iter; left time: 585.2715s
	iters: 300, epoch: 2 | loss: 0.2190584
	speed: 0.0617s/iter; left time: 576.4983s
	iters: 400, epoch: 2 | loss: 0.3883488
	speed: 0.0619s/iter; left time: 571.6109s
	iters: 500, epoch: 2 | loss: 0.2535678
	speed: 0.0622s/iter; left time: 568.7311s
	iters: 600, epoch: 2 | loss: 0.2273679
	speed: 0.0622s/iter; left time: 561.9322s
	iters: 700, epoch: 2 | loss: 0.3809388
	speed: 0.0618s/iter; left time: 552.9239s
	iters: 800, epoch: 2 | loss: 0.2565103
	speed: 0.0620s/iter; left time: 548.4554s
	iters: 900, epoch: 2 | loss: 0.5595793
	speed: 0.0616s/iter; left time: 538.3854s
	iters: 1000, epoch: 2 | loss: 0.2925896
	speed: 0.0615s/iter; left time: 531.0505s
Epoch: 2 cost time: 66.2582790851593
Epoch: 2, Steps: 1071 | Train Loss: 0.3484187 Vali Loss: 0.2183423 Test Loss: 0.3210347
EarlyStopping counter: 1 out of 3
Updating learning rate to 5e-05
	iters: 100, epoch: 3 | loss: 0.3172776
	speed: 0.3762s/iter; left time: 3186.1444s
	iters: 200, epoch: 3 | loss: 0.3608325
	speed: 0.0616s/iter; left time: 515.5736s
	iters: 300, epoch: 3 | loss: 0.2174363
	speed: 0.0615s/iter; left time: 508.3912s
	iters: 400, epoch: 3 | loss: 0.2614878
	speed: 0.0615s/iter; left time: 502.4897s
	iters: 500, epoch: 3 | loss: 0.3068747
	speed: 0.0615s/iter; left time: 495.9988s
	iters: 600, epoch: 3 | loss: 0.1601809
	speed: 0.0616s/iter; left time: 490.7580s
	iters: 700, epoch: 3 | loss: 0.3231429
	speed: 0.0614s/iter; left time: 483.0580s
	iters: 800, epoch: 3 | loss: 0.2451407
	speed: 0.0615s/iter; left time: 477.5958s
	iters: 900, epoch: 3 | loss: 0.1979910
	speed: 0.0616s/iter; left time: 472.6990s
	iters: 1000, epoch: 3 | loss: 0.2231312
	speed: 0.0615s/iter; left time: 465.8157s
Epoch: 3 cost time: 65.88477349281311
Epoch: 3, Steps: 1071 | Train Loss: 0.3177959 Vali Loss: 0.2045406 Test Loss: 0.3065162
EarlyStopping counter: 2 out of 3
Updating learning rate to 2.5e-05
	iters: 100, epoch: 4 | loss: 0.3055062
	speed: 0.3777s/iter; left time: 2794.3431s
	iters: 200, epoch: 4 | loss: 0.1729953
	speed: 0.0617s/iter; left time: 450.0439s
	iters: 300, epoch: 4 | loss: 0.2860056
	speed: 0.0617s/iter; left time: 443.8165s
	iters: 400, epoch: 4 | loss: 0.1685970
	speed: 0.0615s/iter; left time: 436.6549s
	iters: 500, epoch: 4 | loss: 0.1874153
	speed: 0.0616s/iter; left time: 430.8414s
	iters: 600, epoch: 4 | loss: 0.1750796
	speed: 0.0615s/iter; left time: 424.3249s
	iters: 700, epoch: 4 | loss: 0.2593012
	speed: 0.0616s/iter; left time: 418.7100s
	iters: 800, epoch: 4 | loss: 0.3011576
	speed: 0.0618s/iter; left time: 414.2517s
	iters: 900, epoch: 4 | loss: 0.2192605
	speed: 0.0619s/iter; left time: 408.4379s
	iters: 1000, epoch: 4 | loss: 0.2552111
	speed: 0.0618s/iter; left time: 401.3889s
Epoch: 4 cost time: 66.06189823150635
Epoch: 4, Steps: 1071 | Train Loss: 0.2977209 Vali Loss: 0.2180774 Test Loss: 0.3251020
EarlyStopping counter: 3 out of 3
Early stopping
>>>>>>>testing : ETTm2_192_Autoformer_ETTm2_ftM_sl96_ll48_pl192_dm512_nh8_el2_dl1_df2048_fc3_ebtimeF_dtTrue_Exp_0_seed10458<<<<<<<<<<<<<<<<<<<<<<<<<<<<<<<<<
test 11329
mse:0.2847886383533478, mae:0.3423188328742981
