Args in experiment:
Namespace(activation='gelu', batch_size=32, c_out=7, checkpoints='./checkpoints/', d_ff=2048, d_layers=1, d_model=512, data='ETTm2', data_path='ETTm2.csv', dec_in=7, des='Exp', devices='0,1,2,3', distil=True, do_predict=False, dropout=0.05, e_layers=2, embed='timeF', embed_type=0, enc_in=7, factor=3, features='M', freq='h', gpu=0, individual=False, is_training=1, itr=1, label_len=48, learning_rate=0.0001, loss='mse', lradj='type1', model='Autoformer', model_id='ETTm2_336', moving_avg=25, n_heads=8, num_workers=0, output_attention=False, patience=3, pred_len=336, root_path='./dataset/', seed=15227, seq_len=96, target='OT', test_flop=False, train_epochs=10, train_only=False, use_amp=False, use_gpu=True, use_multi_gpu=False)
Use GPU: cuda:0
>>>>>>>start training : ETTm2_336_Autoformer_ETTm2_ftM_sl96_ll48_pl336_dm512_nh8_el2_dl1_df2048_fc3_ebtimeF_dtTrue_Exp_0_seed15227>>>>>>>>>>>>>>>>>>>>>>>>>>
train 34129
val 11185
test 11185
	iters: 100, epoch: 1 | loss: 0.7134752
	speed: 0.1186s/iter; left time: 1252.7683s
	iters: 200, epoch: 1 | loss: 0.2689660
	speed: 0.0828s/iter; left time: 866.0939s
	iters: 300, epoch: 1 | loss: 0.3941444
	speed: 0.0827s/iter; left time: 857.0376s
	iters: 400, epoch: 1 | loss: 0.7931401
	speed: 0.0824s/iter; left time: 845.4996s
	iters: 500, epoch: 1 | loss: 0.3179307
	speed: 0.0826s/iter; left time: 838.8162s
	iters: 600, epoch: 1 | loss: 0.3545682
	speed: 0.0827s/iter; left time: 831.9854s
	iters: 700, epoch: 1 | loss: 0.2085901
	speed: 0.0828s/iter; left time: 824.2922s
	iters: 800, epoch: 1 | loss: 0.6412386
	speed: 0.0826s/iter; left time: 814.9000s
	iters: 900, epoch: 1 | loss: 0.3257092
	speed: 0.0826s/iter; left time: 806.1164s
	iters: 1000, epoch: 1 | loss: 0.3522336
	speed: 0.0826s/iter; left time: 798.1970s
Epoch: 1 cost time: 91.7454719543457
Epoch: 1, Steps: 1066 | Train Loss: 0.4559461 Vali Loss: 0.2502320 Test Loss: 0.3381778
Validation loss decreased (inf --> 0.250232).  Saving model ...
Updating learning rate to 0.0001
	iters: 100, epoch: 2 | loss: 0.4265990
	speed: 0.5174s/iter; left time: 4912.3224s
	iters: 200, epoch: 2 | loss: 0.5760407
	speed: 0.0829s/iter; left time: 778.9130s
	iters: 300, epoch: 2 | loss: 0.2747350
	speed: 0.0826s/iter; left time: 767.3041s
	iters: 400, epoch: 2 | loss: 0.7886664
	speed: 0.0826s/iter; left time: 759.2557s
	iters: 500, epoch: 2 | loss: 0.3409836
	speed: 0.0826s/iter; left time: 751.3745s
	iters: 600, epoch: 2 | loss: 0.3429694
	speed: 0.0825s/iter; left time: 741.9581s
	iters: 700, epoch: 2 | loss: 0.2896736
	speed: 0.0825s/iter; left time: 733.7768s
	iters: 800, epoch: 2 | loss: 0.2712283
	speed: 0.0826s/iter; left time: 726.4263s
	iters: 900, epoch: 2 | loss: 0.7850924
	speed: 0.0826s/iter; left time: 717.8227s
	iters: 1000, epoch: 2 | loss: 0.3247613
	speed: 0.0825s/iter; left time: 708.7755s
Epoch: 2 cost time: 88.05908274650574
Epoch: 2, Steps: 1066 | Train Loss: 0.4186419 Vali Loss: 0.2801204 Test Loss: 0.4195261
EarlyStopping counter: 1 out of 3
Updating learning rate to 5e-05
	iters: 100, epoch: 3 | loss: 0.2147651
	speed: 0.5162s/iter; left time: 4350.8522s
	iters: 200, epoch: 3 | loss: 0.3375500
	speed: 0.0825s/iter; left time: 687.4770s
	iters: 300, epoch: 3 | loss: 0.4586070
	speed: 0.0825s/iter; left time: 678.8668s
	iters: 400, epoch: 3 | loss: 0.3966661
	speed: 0.0824s/iter; left time: 669.5626s
	iters: 500, epoch: 3 | loss: 0.2594020
	speed: 0.0824s/iter; left time: 661.5615s
	iters: 600, epoch: 3 | loss: 0.2437108
	speed: 0.0824s/iter; left time: 653.2984s
	iters: 700, epoch: 3 | loss: 0.6972989
	speed: 0.0825s/iter; left time: 645.6217s
	iters: 800, epoch: 3 | loss: 0.6538736
	speed: 0.0824s/iter; left time: 636.9603s
	iters: 900, epoch: 3 | loss: 0.6726007
	speed: 0.0825s/iter; left time: 629.1887s
	iters: 1000, epoch: 3 | loss: 0.2496913
	speed: 0.0823s/iter; left time: 619.8820s
Epoch: 3 cost time: 87.92712807655334
Epoch: 3, Steps: 1066 | Train Loss: 0.3808226 Vali Loss: 0.2526525 Test Loss: 0.3744667
EarlyStopping counter: 2 out of 3
Updating learning rate to 2.5e-05
	iters: 100, epoch: 4 | loss: 0.5179641
	speed: 0.5165s/iter; left time: 3803.1842s
	iters: 200, epoch: 4 | loss: 0.3831673
	speed: 0.0826s/iter; left time: 599.5825s
	iters: 300, epoch: 4 | loss: 0.3332795
	speed: 0.0824s/iter; left time: 590.0637s
	iters: 400, epoch: 4 | loss: 0.2716165
	speed: 0.0825s/iter; left time: 582.6595s
	iters: 500, epoch: 4 | loss: 0.6900240
	speed: 0.0826s/iter; left time: 575.2608s
	iters: 600, epoch: 4 | loss: 0.4565025
	speed: 0.0828s/iter; left time: 568.0504s
	iters: 700, epoch: 4 | loss: 0.2196860
	speed: 0.0825s/iter; left time: 558.0493s
	iters: 800, epoch: 4 | loss: 0.3342353
	speed: 0.0826s/iter; left time: 550.0910s
	iters: 900, epoch: 4 | loss: 0.4831227
	speed: 0.0826s/iter; left time: 542.0905s
	iters: 1000, epoch: 4 | loss: 0.3459083
	speed: 0.0827s/iter; left time: 534.1716s
Epoch: 4 cost time: 88.04381608963013
Epoch: 4, Steps: 1066 | Train Loss: 0.3638087 Vali Loss: 0.2593251 Test Loss: 0.3841859
EarlyStopping counter: 3 out of 3
Early stopping
>>>>>>>testing : ETTm2_336_Autoformer_ETTm2_ftM_sl96_ll48_pl336_dm512_nh8_el2_dl1_df2048_fc3_ebtimeF_dtTrue_Exp_0_seed15227<<<<<<<<<<<<<<<<<<<<<<<<<<<<<<<<<
test 11185
mse:0.3384588360786438, mae:0.37504029273986816
