Args in experiment:
Namespace(activation='gelu', batch_size=32, c_out=7, checkpoints='./checkpoints/', d_ff=2048, d_layers=1, d_model=512, data='ETTm2', data_path='ETTm2.csv', dec_in=7, des='Exp', devices='0,1,2,3', distil=True, do_predict=False, dropout=0.05, e_layers=2, embed='timeF', embed_type=0, enc_in=7, factor=3, features='M', freq='h', gpu=0, individual=False, is_training=1, itr=1, label_len=48, learning_rate=0.0001, loss='mse', lradj='type1', model='Autoformer', model_id='ETTm2_192', moving_avg=25, n_heads=8, num_workers=0, output_attention=False, patience=3, pred_len=192, root_path='./dataset/', seed=3144, seq_len=96, target='OT', test_flop=False, train_epochs=10, train_only=False, use_amp=False, use_gpu=True, use_multi_gpu=False)
Use GPU: cuda:0
>>>>>>>start training : ETTm2_192_Autoformer_ETTm2_ftM_sl96_ll48_pl192_dm512_nh8_el2_dl1_df2048_fc3_ebtimeF_dtTrue_Exp_0_seed3144>>>>>>>>>>>>>>>>>>>>>>>>>>
train 34273
val 11329
test 11329
	iters: 100, epoch: 1 | loss: 0.3115133
	speed: 0.0952s/iter; left time: 1009.8536s
	iters: 200, epoch: 1 | loss: 0.2313264
	speed: 0.0611s/iter; left time: 642.4739s
	iters: 300, epoch: 1 | loss: 0.3481533
	speed: 0.0612s/iter; left time: 636.8157s
	iters: 400, epoch: 1 | loss: 0.3332171
	speed: 0.0612s/iter; left time: 630.5761s
	iters: 500, epoch: 1 | loss: 0.4903198
	speed: 0.0611s/iter; left time: 624.3456s
	iters: 600, epoch: 1 | loss: 0.4805079
	speed: 0.0612s/iter; left time: 618.8166s
	iters: 700, epoch: 1 | loss: 0.2916818
	speed: 0.0613s/iter; left time: 613.6416s
	iters: 800, epoch: 1 | loss: 0.2430345
	speed: 0.0613s/iter; left time: 607.6071s
	iters: 900, epoch: 1 | loss: 0.2258547
	speed: 0.0612s/iter; left time: 600.3890s
	iters: 1000, epoch: 1 | loss: 0.3896206
	speed: 0.0612s/iter; left time: 594.6819s
Epoch: 1 cost time: 68.98155307769775
Epoch: 1, Steps: 1071 | Train Loss: 0.3665558 Vali Loss: 0.1931814 Test Loss: 0.2797531
Validation loss decreased (inf --> 0.193181).  Saving model ...
Updating learning rate to 0.0001
	iters: 100, epoch: 2 | loss: 0.3173768
	speed: 0.3747s/iter; left time: 3574.2409s
	iters: 200, epoch: 2 | loss: 0.3325799
	speed: 0.0617s/iter; left time: 581.9994s
	iters: 300, epoch: 2 | loss: 0.2773359
	speed: 0.0620s/iter; left time: 579.5107s
	iters: 400, epoch: 2 | loss: 0.2048031
	speed: 0.0618s/iter; left time: 570.6445s
	iters: 500, epoch: 2 | loss: 0.4472917
	speed: 0.0612s/iter; left time: 559.2384s
	iters: 600, epoch: 2 | loss: 0.6607857
	speed: 0.0611s/iter; left time: 552.5705s
	iters: 700, epoch: 2 | loss: 0.5733314
	speed: 0.0611s/iter; left time: 546.4936s
	iters: 800, epoch: 2 | loss: 0.2573993
	speed: 0.0611s/iter; left time: 540.0450s
	iters: 900, epoch: 2 | loss: 0.6254811
	speed: 0.0613s/iter; left time: 535.7748s
	iters: 1000, epoch: 2 | loss: 0.4945022
	speed: 0.0614s/iter; left time: 530.3022s
Epoch: 2 cost time: 65.8128604888916
Epoch: 2, Steps: 1071 | Train Loss: 0.3509437 Vali Loss: 0.1986578 Test Loss: 0.2845029
EarlyStopping counter: 1 out of 3
Updating learning rate to 5e-05
	iters: 100, epoch: 3 | loss: 0.6712635
	speed: 0.3737s/iter; left time: 3164.4437s
	iters: 200, epoch: 3 | loss: 0.5121822
	speed: 0.0615s/iter; left time: 514.2939s
	iters: 300, epoch: 3 | loss: 0.4318465
	speed: 0.0615s/iter; left time: 508.4172s
	iters: 400, epoch: 3 | loss: 0.2651379
	speed: 0.0616s/iter; left time: 502.9747s
	iters: 500, epoch: 3 | loss: 0.2435573
	speed: 0.0616s/iter; left time: 497.1684s
	iters: 600, epoch: 3 | loss: 0.5923852
	speed: 0.0618s/iter; left time: 492.6997s
	iters: 700, epoch: 3 | loss: 0.4846993
	speed: 0.0619s/iter; left time: 487.1145s
	iters: 800, epoch: 3 | loss: 0.4550536
	speed: 0.0617s/iter; left time: 479.3964s
	iters: 900, epoch: 3 | loss: 0.3305276
	speed: 0.0613s/iter; left time: 470.4254s
	iters: 1000, epoch: 3 | loss: 0.2197302
	speed: 0.0613s/iter; left time: 463.7329s
Epoch: 3 cost time: 65.88276839256287
Epoch: 3, Steps: 1071 | Train Loss: 0.3352307 Vali Loss: 0.2504236 Test Loss: 0.3451601
EarlyStopping counter: 2 out of 3
Updating learning rate to 2.5e-05
	iters: 100, epoch: 4 | loss: 0.2146512
	speed: 0.3727s/iter; left time: 2757.1293s
	iters: 200, epoch: 4 | loss: 0.3254336
	speed: 0.0611s/iter; left time: 446.0809s
	iters: 300, epoch: 4 | loss: 0.3417240
	speed: 0.0611s/iter; left time: 440.0238s
	iters: 400, epoch: 4 | loss: 0.2459937
	speed: 0.0611s/iter; left time: 433.7128s
	iters: 500, epoch: 4 | loss: 0.2679630
	speed: 0.0611s/iter; left time: 427.6676s
	iters: 600, epoch: 4 | loss: 0.3547766
	speed: 0.0611s/iter; left time: 421.6706s
	iters: 700, epoch: 4 | loss: 0.3505047
	speed: 0.0611s/iter; left time: 415.6815s
	iters: 800, epoch: 4 | loss: 0.2244761
	speed: 0.0613s/iter; left time: 410.3711s
	iters: 900, epoch: 4 | loss: 0.1524920
	speed: 0.0617s/iter; left time: 407.3687s
	iters: 1000, epoch: 4 | loss: 0.3667141
	speed: 0.0618s/iter; left time: 401.7825s
Epoch: 4 cost time: 65.67642545700073
Epoch: 4, Steps: 1071 | Train Loss: 0.3162872 Vali Loss: 0.2301628 Test Loss: 0.3225414
EarlyStopping counter: 3 out of 3
Early stopping
>>>>>>>testing : ETTm2_192_Autoformer_ETTm2_ftM_sl96_ll48_pl192_dm512_nh8_el2_dl1_df2048_fc3_ebtimeF_dtTrue_Exp_0_seed3144<<<<<<<<<<<<<<<<<<<<<<<<<<<<<<<<<
test 11329
mse:0.2802606523036957, mae:0.33702409267425537
