Args in experiment:
Namespace(activation='gelu', batch_size=32, c_out=7, checkpoints='./checkpoints/', d_ff=2048, d_layers=1, d_model=512, data='ETTh2', data_path='ETTh2.csv', dec_in=7, des='Exp', devices='0,1,2,3', distil=True, do_predict=False, dropout=0.05, e_layers=2, embed='timeF', embed_type=0, enc_in=7, factor=3, features='M', freq='h', gpu=0, individual=False, is_training=1, itr=1, label_len=48, learning_rate=0.0001, loss='mse', lradj='type1', model='Autoformer', model_id='ETTh2_720', moving_avg=25, n_heads=8, num_workers=0, output_attention=False, patience=3, pred_len=720, root_path='./dataset/', seed=32598, seq_len=96, target='OT', test_flop=False, train_epochs=10, train_only=False, use_amp=False, use_gpu=True, use_multi_gpu=False)
Use GPU: cuda:0
>>>>>>>start training : ETTh2_720_Autoformer_ETTh2_ftM_sl96_ll48_pl720_dm512_nh8_el2_dl1_df2048_fc3_ebtimeF_dtTrue_Exp_0_seed32598>>>>>>>>>>>>>>>>>>>>>>>>>>
train 7825
val 2161
test 2161
	iters: 100, epoch: 1 | loss: 0.7077754
	speed: 0.1772s/iter; left time: 414.7520s
	iters: 200, epoch: 1 | loss: 0.7815087
	speed: 0.1427s/iter; left time: 319.6913s
Epoch: 1 cost time: 38.34913206100464
Epoch: 1, Steps: 244 | Train Loss: 0.8633196 Vali Loss: 0.6468088 Test Loss: 0.4752944
Validation loss decreased (inf --> 0.646809).  Saving model ...
Updating learning rate to 0.0001
	iters: 100, epoch: 2 | loss: 0.9379114
	speed: 0.3466s/iter; left time: 726.8976s
	iters: 200, epoch: 2 | loss: 1.0041687
	speed: 0.1434s/iter; left time: 286.4584s
Epoch: 2 cost time: 34.980913400650024
Epoch: 2, Steps: 244 | Train Loss: 0.8061160 Vali Loss: 0.7295268 Test Loss: 0.5019200
EarlyStopping counter: 1 out of 3
Updating learning rate to 5e-05
	iters: 100, epoch: 3 | loss: 0.7981278
	speed: 0.3448s/iter; left time: 638.8379s
	iters: 200, epoch: 3 | loss: 0.6260027
	speed: 0.1428s/iter; left time: 250.3993s
Epoch: 3 cost time: 34.884817361831665
Epoch: 3, Steps: 244 | Train Loss: 0.7681812 Vali Loss: 0.7565011 Test Loss: 0.6370174
EarlyStopping counter: 2 out of 3
Updating learning rate to 2.5e-05
	iters: 100, epoch: 4 | loss: 0.7651566
	speed: 0.3430s/iter; left time: 551.8407s
	iters: 200, epoch: 4 | loss: 0.8718240
	speed: 0.1427s/iter; left time: 215.4033s
Epoch: 4 cost time: 34.82808589935303
Epoch: 4, Steps: 244 | Train Loss: 0.7533594 Vali Loss: 0.7388693 Test Loss: 0.6744708
EarlyStopping counter: 3 out of 3
Early stopping
>>>>>>>testing : ETTh2_720_Autoformer_ETTh2_ftM_sl96_ll48_pl720_dm512_nh8_el2_dl1_df2048_fc3_ebtimeF_dtTrue_Exp_0_seed32598<<<<<<<<<<<<<<<<<<<<<<<<<<<<<<<<<
test 2161
mse:0.4731130599975586, mae:0.48875346779823303
