Args in experiment:
Namespace(activation='gelu', batch_size=32, c_out=7, checkpoints='./checkpoints/', d_ff=2048, d_layers=1, d_model=512, data='ETTm1', data_path='ETTm1.csv', dec_in=7, des='Exp', devices='0,1,2,3', distil=True, do_predict=False, dropout=0.05, e_layers=2, embed='timeF', embed_type=0, enc_in=7, factor=3, features='M', freq='h', gpu=0, individual=False, is_training=1, itr=1, label_len=48, learning_rate=0.0001, loss='mse', lradj='type1', model='Autoformer', model_id='ETTm1_192', moving_avg=25, n_heads=8, num_workers=0, output_attention=False, patience=3, pred_len=192, root_path='./dataset/', seed=25565, seq_len=96, target='OT', test_flop=False, train_epochs=10, train_only=False, use_amp=False, use_gpu=True, use_multi_gpu=False)
Use GPU: cuda:0
>>>>>>>start training : ETTm1_192_Autoformer_ETTm1_ftM_sl96_ll48_pl192_dm512_nh8_el2_dl1_df2048_fc3_ebtimeF_dtTrue_Exp_0_seed25565>>>>>>>>>>>>>>>>>>>>>>>>>>
train 34273
val 11329
test 11329
	iters: 100, epoch: 1 | loss: 0.5163699
	speed: 0.0953s/iter; left time: 1010.9209s
	iters: 200, epoch: 1 | loss: 0.4088821
	speed: 0.0612s/iter; left time: 643.3193s
	iters: 300, epoch: 1 | loss: 0.4879651
	speed: 0.0613s/iter; left time: 638.6218s
	iters: 400, epoch: 1 | loss: 0.5014281
	speed: 0.0619s/iter; left time: 637.9763s
	iters: 500, epoch: 1 | loss: 0.3911286
	speed: 0.0621s/iter; left time: 634.5402s
	iters: 600, epoch: 1 | loss: 0.4216835
	speed: 0.0622s/iter; left time: 628.9908s
	iters: 700, epoch: 1 | loss: 0.3523884
	speed: 0.0619s/iter; left time: 619.7172s
	iters: 800, epoch: 1 | loss: 0.3849709
	speed: 0.0622s/iter; left time: 616.2320s
	iters: 900, epoch: 1 | loss: 0.2781517
	speed: 0.0614s/iter; left time: 602.6292s
	iters: 1000, epoch: 1 | loss: 0.3268309
	speed: 0.0614s/iter; left time: 596.7360s
Epoch: 1 cost time: 69.48201036453247
Epoch: 1, Steps: 1071 | Train Loss: 0.3941268 Vali Loss: 0.7043524 Test Loss: 0.5382227
Validation loss decreased (inf --> 0.704352).  Saving model ...
Updating learning rate to 0.0001
	iters: 100, epoch: 2 | loss: 0.3072342
	speed: 0.3758s/iter; left time: 3585.2749s
	iters: 200, epoch: 2 | loss: 0.3274267
	speed: 0.0615s/iter; left time: 580.2802s
	iters: 300, epoch: 2 | loss: 0.2859343
	speed: 0.0614s/iter; left time: 573.5762s
	iters: 400, epoch: 2 | loss: 0.2980430
	speed: 0.0615s/iter; left time: 568.4651s
	iters: 500, epoch: 2 | loss: 0.3834072
	speed: 0.0615s/iter; left time: 561.8006s
	iters: 600, epoch: 2 | loss: 0.3257764
	speed: 0.0615s/iter; left time: 556.0040s
	iters: 700, epoch: 2 | loss: 0.3608795
	speed: 0.0617s/iter; left time: 551.2941s
	iters: 800, epoch: 2 | loss: 0.2940433
	speed: 0.0617s/iter; left time: 545.6044s
	iters: 900, epoch: 2 | loss: 0.3594626
	speed: 0.0619s/iter; left time: 541.3659s
	iters: 1000, epoch: 2 | loss: 0.2604968
	speed: 0.0620s/iter; left time: 535.9560s
Epoch: 2 cost time: 66.02293944358826
Epoch: 2, Steps: 1071 | Train Loss: 0.3273832 Vali Loss: 0.7017316 Test Loss: 0.5434534
Validation loss decreased (0.704352 --> 0.701732).  Saving model ...
Updating learning rate to 5e-05
	iters: 100, epoch: 3 | loss: 0.3118687
	speed: 0.3770s/iter; left time: 3193.1142s
	iters: 200, epoch: 3 | loss: 0.2987222
	speed: 0.0621s/iter; left time: 519.8770s
	iters: 300, epoch: 3 | loss: 0.2589997
	speed: 0.0615s/iter; left time: 508.6153s
	iters: 400, epoch: 3 | loss: 0.2918276
	speed: 0.0613s/iter; left time: 500.9318s
	iters: 500, epoch: 3 | loss: 0.3398337
	speed: 0.0615s/iter; left time: 496.3616s
	iters: 600, epoch: 3 | loss: 0.3018175
	speed: 0.0614s/iter; left time: 489.3275s
	iters: 700, epoch: 3 | loss: 0.2917953
	speed: 0.0614s/iter; left time: 483.1329s
	iters: 800, epoch: 3 | loss: 0.2869237
	speed: 0.0614s/iter; left time: 476.8617s
	iters: 900, epoch: 3 | loss: 0.2543993
	speed: 0.0614s/iter; left time: 470.5997s
	iters: 1000, epoch: 3 | loss: 0.2473651
	speed: 0.0613s/iter; left time: 464.2133s
Epoch: 3 cost time: 65.84293556213379
Epoch: 3, Steps: 1071 | Train Loss: 0.2986914 Vali Loss: 0.7150420 Test Loss: 0.5310524
EarlyStopping counter: 1 out of 3
Updating learning rate to 2.5e-05
	iters: 100, epoch: 4 | loss: 0.2305546
	speed: 0.3738s/iter; left time: 2765.2686s
	iters: 200, epoch: 4 | loss: 0.3170459
	speed: 0.0618s/iter; left time: 450.9718s
	iters: 300, epoch: 4 | loss: 0.2994944
	speed: 0.0614s/iter; left time: 442.2480s
	iters: 400, epoch: 4 | loss: 0.2449115
	speed: 0.0614s/iter; left time: 435.6244s
	iters: 500, epoch: 4 | loss: 0.2525313
	speed: 0.0614s/iter; left time: 429.7226s
	iters: 600, epoch: 4 | loss: 0.2257829
	speed: 0.0614s/iter; left time: 423.2735s
	iters: 700, epoch: 4 | loss: 0.2374339
	speed: 0.0614s/iter; left time: 417.0827s
	iters: 800, epoch: 4 | loss: 0.4181176
	speed: 0.0613s/iter; left time: 410.5141s
	iters: 900, epoch: 4 | loss: 0.2964355
	speed: 0.0612s/iter; left time: 404.0832s
	iters: 1000, epoch: 4 | loss: 0.2759988
	speed: 0.0613s/iter; left time: 398.1932s
Epoch: 4 cost time: 65.79457545280457
Epoch: 4, Steps: 1071 | Train Loss: 0.2851745 Vali Loss: 0.7177359 Test Loss: 0.5353449
EarlyStopping counter: 2 out of 3
Updating learning rate to 1.25e-05
	iters: 100, epoch: 5 | loss: 0.3203852
	speed: 0.3732s/iter; left time: 2361.0244s
	iters: 200, epoch: 5 | loss: 0.2427082
	speed: 0.0619s/iter; left time: 385.4347s
	iters: 300, epoch: 5 | loss: 0.2647505
	speed: 0.0621s/iter; left time: 380.2482s
	iters: 400, epoch: 5 | loss: 0.2787764
	speed: 0.0622s/iter; left time: 375.0501s
	iters: 500, epoch: 5 | loss: 0.2262115
	speed: 0.0622s/iter; left time: 368.7151s
	iters: 600, epoch: 5 | loss: 0.2555758
	speed: 0.0621s/iter; left time: 362.0962s
	iters: 700, epoch: 5 | loss: 0.2485423
	speed: 0.0614s/iter; left time: 351.7232s
	iters: 800, epoch: 5 | loss: 0.3054280
	speed: 0.0614s/iter; left time: 345.5788s
	iters: 900, epoch: 5 | loss: 0.2633008
	speed: 0.0614s/iter; left time: 339.5677s
	iters: 1000, epoch: 5 | loss: 0.2397954
	speed: 0.0614s/iter; left time: 333.1045s
Epoch: 5 cost time: 66.09227776527405
Epoch: 5, Steps: 1071 | Train Loss: 0.2789067 Vali Loss: 0.7196724 Test Loss: 0.5306997
EarlyStopping counter: 3 out of 3
Early stopping
>>>>>>>testing : ETTm1_192_Autoformer_ETTm1_ftM_sl96_ll48_pl192_dm512_nh8_el2_dl1_df2048_fc3_ebtimeF_dtTrue_Exp_0_seed25565<<<<<<<<<<<<<<<<<<<<<<<<<<<<<<<<<
test 11329
mse:0.5443108677864075, mae:0.4965994656085968
