Args in experiment:
Namespace(activation='gelu', batch_size=32, c_out=7, checkpoints='./checkpoints/', d_ff=2048, d_layers=1, d_model=512, data='ETTm1', data_path='ETTm1.csv', dec_in=7, des='Exp', devices='0,1,2,3', distil=True, do_predict=False, dropout=0.05, e_layers=2, embed='timeF', embed_type=0, enc_in=7, factor=3, features='M', freq='h', gpu=0, individual=False, is_training=1, itr=1, label_len=48, learning_rate=0.0001, loss='mse', lradj='type1', model='Autoformer', model_id='ETTm1_96', moving_avg=25, n_heads=8, num_workers=0, output_attention=False, patience=3, pred_len=96, root_path='./dataset/', seed=3144, seq_len=96, target='OT', test_flop=False, train_epochs=10, train_only=False, use_amp=False, use_gpu=True, use_multi_gpu=False)
Use GPU: cuda:0
>>>>>>>start training : ETTm1_96_Autoformer_ETTm1_ftM_sl96_ll48_pl96_dm512_nh8_el2_dl1_df2048_fc3_ebtimeF_dtTrue_Exp_0_seed3144>>>>>>>>>>>>>>>>>>>>>>>>>>
train 34369
val 11425
test 11425
	iters: 100, epoch: 1 | loss: 0.3836344
	speed: 0.0807s/iter; left time: 859.0697s
	iters: 200, epoch: 1 | loss: 0.3365588
	speed: 0.0473s/iter; left time: 498.6851s
	iters: 300, epoch: 1 | loss: 0.3295144
	speed: 0.0472s/iter; left time: 492.3982s
	iters: 400, epoch: 1 | loss: 0.3156205
	speed: 0.0472s/iter; left time: 488.0288s
	iters: 500, epoch: 1 | loss: 0.2861157
	speed: 0.0473s/iter; left time: 483.9911s
	iters: 600, epoch: 1 | loss: 0.2632788
	speed: 0.0473s/iter; left time: 480.1425s
	iters: 700, epoch: 1 | loss: 0.2623015
	speed: 0.0473s/iter; left time: 475.0181s
	iters: 800, epoch: 1 | loss: 0.2782175
	speed: 0.0473s/iter; left time: 470.7058s
	iters: 900, epoch: 1 | loss: 0.2241473
	speed: 0.0474s/iter; left time: 466.6662s
	iters: 1000, epoch: 1 | loss: 0.2636776
	speed: 0.0473s/iter; left time: 461.0071s
Epoch: 1 cost time: 54.17875289916992
Epoch: 1, Steps: 1074 | Train Loss: 0.3188647 Vali Loss: 0.5406170 Test Loss: 0.4586610
Validation loss decreased (inf --> 0.540617).  Saving model ...
Updating learning rate to 0.0001
	iters: 100, epoch: 2 | loss: 0.2657740
	speed: 0.2785s/iter; left time: 2664.3847s
	iters: 200, epoch: 2 | loss: 0.2576097
	speed: 0.0473s/iter; left time: 448.1248s
	iters: 300, epoch: 2 | loss: 0.2259269
	speed: 0.0472s/iter; left time: 442.3512s
	iters: 400, epoch: 2 | loss: 0.1968700
	speed: 0.0472s/iter; left time: 437.1450s
	iters: 500, epoch: 2 | loss: 0.2290027
	speed: 0.0472s/iter; left time: 432.7734s
	iters: 600, epoch: 2 | loss: 0.2103207
	speed: 0.0472s/iter; left time: 428.0417s
	iters: 700, epoch: 2 | loss: 0.1989695
	speed: 0.0473s/iter; left time: 423.9915s
	iters: 800, epoch: 2 | loss: 0.1974648
	speed: 0.0473s/iter; left time: 419.0094s
	iters: 900, epoch: 2 | loss: 0.2788516
	speed: 0.0473s/iter; left time: 414.8904s
	iters: 1000, epoch: 2 | loss: 0.2553089
	speed: 0.0473s/iter; left time: 409.7532s
Epoch: 2 cost time: 50.771915674209595
Epoch: 2, Steps: 1074 | Train Loss: 0.2322352 Vali Loss: 0.5658926 Test Loss: 0.4638074
EarlyStopping counter: 1 out of 3
Updating learning rate to 5e-05
	iters: 100, epoch: 3 | loss: 0.1954154
	speed: 0.2770s/iter; left time: 2352.5628s
	iters: 200, epoch: 3 | loss: 0.2105912
	speed: 0.0474s/iter; left time: 398.2139s
	iters: 300, epoch: 3 | loss: 0.2153201
	speed: 0.0472s/iter; left time: 391.7889s
	iters: 400, epoch: 3 | loss: 0.1565552
	speed: 0.0473s/iter; left time: 387.4211s
	iters: 500, epoch: 3 | loss: 0.1599763
	speed: 0.0474s/iter; left time: 383.2615s
	iters: 600, epoch: 3 | loss: 0.1410269
	speed: 0.0473s/iter; left time: 377.7916s
	iters: 700, epoch: 3 | loss: 0.1891048
	speed: 0.0475s/iter; left time: 374.6794s
	iters: 800, epoch: 3 | loss: 0.1786736
	speed: 0.0473s/iter; left time: 368.8103s
	iters: 900, epoch: 3 | loss: 0.1999488
	speed: 0.0472s/iter; left time: 363.3520s
	iters: 1000, epoch: 3 | loss: 0.1612963
	speed: 0.0473s/iter; left time: 359.1711s
Epoch: 3 cost time: 50.82328200340271
Epoch: 3, Steps: 1074 | Train Loss: 0.1869692 Vali Loss: 0.5749999 Test Loss: 0.4583659
EarlyStopping counter: 2 out of 3
Updating learning rate to 2.5e-05
	iters: 100, epoch: 4 | loss: 0.1874009
	speed: 0.2758s/iter; left time: 2046.0265s
	iters: 200, epoch: 4 | loss: 0.1967637
	speed: 0.0472s/iter; left time: 345.7126s
	iters: 300, epoch: 4 | loss: 0.1484270
	speed: 0.0473s/iter; left time: 341.6000s
	iters: 400, epoch: 4 | loss: 0.1518397
	speed: 0.0472s/iter; left time: 336.1356s
	iters: 500, epoch: 4 | loss: 0.1657749
	speed: 0.0473s/iter; left time: 332.1107s
	iters: 600, epoch: 4 | loss: 0.1374317
	speed: 0.0473s/iter; left time: 327.0730s
	iters: 700, epoch: 4 | loss: 0.1385484
	speed: 0.0473s/iter; left time: 322.6375s
	iters: 800, epoch: 4 | loss: 0.1677399
	speed: 0.0472s/iter; left time: 317.0301s
	iters: 900, epoch: 4 | loss: 0.1516388
	speed: 0.0474s/iter; left time: 313.4715s
	iters: 1000, epoch: 4 | loss: 0.1569476
	speed: 0.0474s/iter; left time: 309.1002s
Epoch: 4 cost time: 50.81089520454407
Epoch: 4, Steps: 1074 | Train Loss: 0.1642493 Vali Loss: 0.5953296 Test Loss: 0.4639766
EarlyStopping counter: 3 out of 3
Early stopping
>>>>>>>testing : ETTm1_96_Autoformer_ETTm1_ftM_sl96_ll48_pl96_dm512_nh8_el2_dl1_df2048_fc3_ebtimeF_dtTrue_Exp_0_seed3144<<<<<<<<<<<<<<<<<<<<<<<<<<<<<<<<<
test 11425
mse:0.45914071798324585, mae:0.4655071496963501
