Args in experiment:
Namespace(activation='gelu', batch_size=32, c_out=21, checkpoints='./checkpoints/', d_ff=2048, d_layers=1, d_model=512, data='custom', data_path='weather.csv', dec_in=21, des='Exp', devices='0,1,2,3', distil=True, do_predict=False, dropout=0.05, e_layers=2, embed='timeF', embed_type=0, enc_in=21, factor=3, features='M', freq='h', gpu=0, individual=False, is_training=1, itr=1, label_len=48, learning_rate=0.0001, loss='mse', lradj='type1', model='Autoformer', model_id='weather_336', moving_avg=25, n_heads=8, num_workers=0, output_attention=False, patience=3, pred_len=336, root_path='./dataset/', seed=28649, seq_len=96, target='OT', test_flop=False, train_epochs=10, train_only=False, use_amp=False, use_gpu=True, use_multi_gpu=False)
Use GPU: cuda:0
>>>>>>>start training : weather_336_Autoformer_custom_ftM_sl96_ll48_pl336_dm512_nh8_el2_dl1_df2048_fc3_ebtimeF_dtTrue_Exp_0_seed28649>>>>>>>>>>>>>>>>>>>>>>>>>>
train 36456
val 4935
test 10204
	iters: 100, epoch: 1 | loss: 0.9563351
	speed: 0.1197s/iter; left time: 1351.1832s
	iters: 200, epoch: 1 | loss: 0.6046894
	speed: 0.0838s/iter; left time: 937.3620s
	iters: 300, epoch: 1 | loss: 0.5716532
	speed: 0.0839s/iter; left time: 930.6523s
	iters: 400, epoch: 1 | loss: 0.7073114
	speed: 0.0840s/iter; left time: 923.2346s
	iters: 500, epoch: 1 | loss: 0.5173551
	speed: 0.0836s/iter; left time: 910.4451s
	iters: 600, epoch: 1 | loss: 0.8867477
	speed: 0.0837s/iter; left time: 903.0623s
	iters: 700, epoch: 1 | loss: 0.8093810
	speed: 0.0838s/iter; left time: 895.5634s
	iters: 800, epoch: 1 | loss: 0.6144134
	speed: 0.0835s/iter; left time: 884.4871s
	iters: 900, epoch: 1 | loss: 0.5576239
	speed: 0.0834s/iter; left time: 874.9360s
	iters: 1000, epoch: 1 | loss: 1.0616208
	speed: 0.0834s/iter; left time: 866.3188s
	iters: 1100, epoch: 1 | loss: 0.8242542
	speed: 0.0833s/iter; left time: 857.4665s
Epoch: 1 cost time: 98.89318585395813
Epoch: 1, Steps: 1139 | Train Loss: 0.6979253 Vali Loss: 0.7026544 Test Loss: 0.3495505
Validation loss decreased (inf --> 0.702654).  Saving model ...
Updating learning rate to 0.0001
	iters: 100, epoch: 2 | loss: 0.8708888
	speed: 0.3911s/iter; left time: 3970.3962s
	iters: 200, epoch: 2 | loss: 0.9359301
	speed: 0.0833s/iter; left time: 837.0863s
	iters: 300, epoch: 2 | loss: 0.6226736
	speed: 0.0833s/iter; left time: 828.7017s
	iters: 400, epoch: 2 | loss: 0.7836988
	speed: 0.0833s/iter; left time: 820.7620s
	iters: 500, epoch: 2 | loss: 0.7231521
	speed: 0.0836s/iter; left time: 815.5977s
	iters: 600, epoch: 2 | loss: 0.4770986
	speed: 0.0834s/iter; left time: 805.3940s
	iters: 700, epoch: 2 | loss: 1.0776110
	speed: 0.0835s/iter; left time: 797.3267s
	iters: 800, epoch: 2 | loss: 0.5712346
	speed: 0.0835s/iter; left time: 788.9150s
	iters: 900, epoch: 2 | loss: 0.8243740
	speed: 0.0834s/iter; left time: 780.0649s
	iters: 1000, epoch: 2 | loss: 0.7705795
	speed: 0.0834s/iter; left time: 771.4690s
	iters: 1100, epoch: 2 | loss: 0.8529940
	speed: 0.0835s/iter; left time: 763.9023s
Epoch: 2 cost time: 94.98917269706726
Epoch: 2, Steps: 1139 | Train Loss: 0.6455079 Vali Loss: 0.6961122 Test Loss: 0.3450508
Validation loss decreased (0.702654 --> 0.696112).  Saving model ...
Updating learning rate to 5e-05
	iters: 100, epoch: 3 | loss: 0.4734608
	speed: 0.3916s/iter; left time: 3529.7635s
	iters: 200, epoch: 3 | loss: 0.7334213
	speed: 0.0836s/iter; left time: 745.3002s
	iters: 300, epoch: 3 | loss: 0.5267813
	speed: 0.0838s/iter; left time: 738.6531s
	iters: 400, epoch: 3 | loss: 0.4776327
	speed: 0.0837s/iter; left time: 728.9820s
	iters: 500, epoch: 3 | loss: 0.4469246
	speed: 0.0837s/iter; left time: 720.9832s
	iters: 600, epoch: 3 | loss: 0.5686075
	speed: 0.0835s/iter; left time: 711.2540s
	iters: 700, epoch: 3 | loss: 0.4376014
	speed: 0.0838s/iter; left time: 704.5978s
	iters: 800, epoch: 3 | loss: 0.4725561
	speed: 0.0834s/iter; left time: 693.2532s
	iters: 900, epoch: 3 | loss: 0.5966844
	speed: 0.0835s/iter; left time: 685.7136s
	iters: 1000, epoch: 3 | loss: 0.5030637
	speed: 0.0836s/iter; left time: 678.2137s
	iters: 1100, epoch: 3 | loss: 0.5427462
	speed: 0.0834s/iter; left time: 668.6420s
Epoch: 3 cost time: 95.20993137359619
Epoch: 3, Steps: 1139 | Train Loss: 0.6050049 Vali Loss: 0.7004480 Test Loss: 0.3482105
EarlyStopping counter: 1 out of 3
Updating learning rate to 2.5e-05
	iters: 100, epoch: 4 | loss: 0.5383809
	speed: 0.3883s/iter; left time: 3057.7432s
	iters: 200, epoch: 4 | loss: 0.7135741
	speed: 0.0834s/iter; left time: 648.4429s
	iters: 300, epoch: 4 | loss: 0.4120866
	speed: 0.0834s/iter; left time: 639.9568s
	iters: 400, epoch: 4 | loss: 0.7100001
	speed: 0.0836s/iter; left time: 633.0454s
	iters: 500, epoch: 4 | loss: 0.6636213
	speed: 0.0836s/iter; left time: 624.6096s
	iters: 600, epoch: 4 | loss: 0.5093260
	speed: 0.0836s/iter; left time: 616.7522s
	iters: 700, epoch: 4 | loss: 0.4119830
	speed: 0.0833s/iter; left time: 605.7235s
	iters: 800, epoch: 4 | loss: 0.4584199
	speed: 0.0832s/iter; left time: 597.1615s
	iters: 900, epoch: 4 | loss: 0.4602164
	speed: 0.0832s/iter; left time: 588.5502s
	iters: 1000, epoch: 4 | loss: 0.5515499
	speed: 0.0832s/iter; left time: 580.3327s
	iters: 1100, epoch: 4 | loss: 1.0302782
	speed: 0.0833s/iter; left time: 572.5716s
Epoch: 4 cost time: 94.95389413833618
Epoch: 4, Steps: 1139 | Train Loss: 0.5869311 Vali Loss: 0.7029847 Test Loss: 0.3521903
EarlyStopping counter: 2 out of 3
Updating learning rate to 1.25e-05
	iters: 100, epoch: 5 | loss: 0.5634961
	speed: 0.3878s/iter; left time: 2611.9769s
	iters: 200, epoch: 5 | loss: 0.5942239
	speed: 0.0832s/iter; left time: 552.1897s
	iters: 300, epoch: 5 | loss: 0.7406315
	speed: 0.0833s/iter; left time: 544.2818s
	iters: 400, epoch: 5 | loss: 0.4144125
	speed: 0.0835s/iter; left time: 537.3605s
	iters: 500, epoch: 5 | loss: 0.7920058
	speed: 0.0836s/iter; left time: 529.4109s
	iters: 600, epoch: 5 | loss: 0.5560470
	speed: 0.0835s/iter; left time: 520.4838s
	iters: 700, epoch: 5 | loss: 0.4973825
	speed: 0.0833s/iter; left time: 511.2876s
	iters: 800, epoch: 5 | loss: 0.4357789
	speed: 0.0834s/iter; left time: 503.0532s
	iters: 900, epoch: 5 | loss: 0.5968916
	speed: 0.0833s/iter; left time: 494.5929s
	iters: 1000, epoch: 5 | loss: 0.8317376
	speed: 0.0834s/iter; left time: 486.8353s
	iters: 1100, epoch: 5 | loss: 0.5849659
	speed: 0.0835s/iter; left time: 478.9876s
Epoch: 5 cost time: 94.97523379325867
Epoch: 5, Steps: 1139 | Train Loss: 0.5789684 Vali Loss: 0.6982629 Test Loss: 0.3460504
EarlyStopping counter: 3 out of 3
Early stopping
>>>>>>>testing : weather_336_Autoformer_custom_ftM_sl96_ll48_pl336_dm512_nh8_el2_dl1_df2048_fc3_ebtimeF_dtTrue_Exp_0_seed28649<<<<<<<<<<<<<<<<<<<<<<<<<<<<<<<<<
test 10204
mse:0.3450728952884674, mae:0.3835335075855255
