Args in experiment:
Namespace(activation='gelu', batch_size=32, c_out=7, checkpoints='./checkpoints/', d_ff=2048, d_layers=1, d_model=512, data='ETTh2', data_path='ETTh2.csv', dec_in=7, des='Exp', devices='0,1,2,3', distil=True, do_predict=False, dropout=0.05, e_layers=2, embed='timeF', embed_type=0, enc_in=7, factor=3, features='M', freq='h', gpu=0, individual=False, is_training=1, itr=1, label_len=48, learning_rate=0.0001, loss='mse', lradj='type1', model='Autoformer', model_id='ETTh2_96', moving_avg=25, n_heads=8, num_workers=0, output_attention=False, patience=3, pred_len=96, root_path='./dataset/', seed=12890, seq_len=96, target='OT', test_flop=False, train_epochs=10, train_only=False, use_amp=False, use_gpu=True, use_multi_gpu=False)
Use GPU: cuda:0
>>>>>>>start training : ETTh2_96_Autoformer_ETTh2_ftM_sl96_ll48_pl96_dm512_nh8_el2_dl1_df2048_fc3_ebtimeF_dtTrue_Exp_0_seed12890>>>>>>>>>>>>>>>>>>>>>>>>>>
train 8449
val 2785
test 2785
	iters: 100, epoch: 1 | loss: 0.4331125
	speed: 0.0810s/iter; left time: 205.8081s
	iters: 200, epoch: 1 | loss: 0.5941150
	speed: 0.0473s/iter; left time: 115.4061s
Epoch: 1 cost time: 15.869552373886108
Epoch: 1, Steps: 264 | Train Loss: 0.4950909 Vali Loss: 0.2673029 Test Loss: 0.3498912
Validation loss decreased (inf --> 0.267303).  Saving model ...
Updating learning rate to 0.0001
	iters: 100, epoch: 2 | loss: 0.3404647
	speed: 0.1296s/iter; left time: 294.9907s
	iters: 200, epoch: 2 | loss: 0.2176045
	speed: 0.0472s/iter; left time: 102.7994s
Epoch: 2 cost time: 12.476764440536499
Epoch: 2, Steps: 264 | Train Loss: 0.3981158 Vali Loss: 0.2667803 Test Loss: 0.3773935
Validation loss decreased (0.267303 --> 0.266780).  Saving model ...
Updating learning rate to 5e-05
	iters: 100, epoch: 3 | loss: 0.3540312
	speed: 0.1295s/iter; left time: 260.7189s
	iters: 200, epoch: 3 | loss: 0.2048432
	speed: 0.0472s/iter; left time: 90.3566s
Epoch: 3 cost time: 12.467999696731567
Epoch: 3, Steps: 264 | Train Loss: 0.3150020 Vali Loss: 0.2791439 Test Loss: 0.4221654
EarlyStopping counter: 1 out of 3
Updating learning rate to 2.5e-05
	iters: 100, epoch: 4 | loss: 0.2783353
	speed: 0.1269s/iter; left time: 222.0224s
	iters: 200, epoch: 4 | loss: 0.2271422
	speed: 0.0472s/iter; left time: 77.8515s
Epoch: 4 cost time: 12.469301700592041
Epoch: 4, Steps: 264 | Train Loss: 0.2836676 Vali Loss: 0.2896959 Test Loss: 0.4481617
EarlyStopping counter: 2 out of 3
Updating learning rate to 1.25e-05
	iters: 100, epoch: 5 | loss: 0.3259944
	speed: 0.1268s/iter; left time: 188.3540s
	iters: 200, epoch: 5 | loss: 0.2856159
	speed: 0.0472s/iter; left time: 65.3054s
Epoch: 5 cost time: 12.454538583755493
Epoch: 5, Steps: 264 | Train Loss: 0.2733839 Vali Loss: 0.2825661 Test Loss: 0.4430592
EarlyStopping counter: 3 out of 3
Early stopping
>>>>>>>testing : ETTh2_96_Autoformer_ETTh2_ftM_sl96_ll48_pl96_dm512_nh8_el2_dl1_df2048_fc3_ebtimeF_dtTrue_Exp_0_seed12890<<<<<<<<<<<<<<<<<<<<<<<<<<<<<<<<<
test 2785
mse:0.38030683994293213, mae:0.41277405619621277
