Args in experiment:
Namespace(L=3, activation='gelu', base='legendre', batch_size=32, c_out=7, checkpoints='./checkpoints/', cross_activation='tanh', d_ff=2048, d_layers=1, d_model=512, data='ETTh1', data_path='ETTh1.csv', dec_in=7, des='Exp', devices='0,1', distil=True, do_predict=False, dropout=0.05, e_layers=2, embed='timeF', embed_type=0, enc_in=7, factor=3, features='M', freq='h', gpu=0, is_training=1, itr=1, label_len=48, learning_rate=0.0001, loss='mse', lradj='type1', mode_select='random', model='FEDformer', modes=64, moving_avg=[24], n_heads=8, num_workers=0, output_attention=False, patience=3, pred_len=336, root_path='../dataset', save_pred_values=False, seed=15227, seq_len=96, target='OT', task_id='ETTh1', train_epochs=10, use_amp=False, use_gpu=True, use_multi_gpu=False, version='Fourier')
Use GPU: cuda:0
fourier enhanced block used!
modes=64, index=[0, 1, 2, 3, 4, 5, 6, 7, 8, 9, 10, 11, 12, 13, 14, 15, 16, 17, 18, 19, 20, 21, 22, 23, 24, 25, 26, 27, 28, 29, 30, 31, 32, 33, 34, 35, 36, 37, 38, 39, 40, 41, 42, 43, 44, 45, 46, 47]
fourier enhanced block used!
modes=64, index=[8, 14, 18, 22, 23, 27, 28, 32, 34, 39, 43, 49, 56, 57, 63, 66, 68, 71, 79, 82, 85, 86, 87, 91, 92, 94, 97, 105, 108, 112, 113, 114, 115, 116, 119, 121, 129, 131, 134, 135, 140, 141, 145, 148, 149, 151, 152, 159, 162, 163, 165, 166, 167, 170, 171, 173, 174, 178, 180, 181, 185, 186, 187, 191]
 fourier enhanced cross attention used!
modes_q=64, index_q=[3, 4, 5, 6, 17, 25, 31, 34, 37, 38, 42, 47, 50, 57, 59, 60, 62, 63, 64, 65, 66, 67, 68, 70, 76, 78, 79, 81, 87, 88, 95, 99, 104, 105, 106, 108, 115, 116, 117, 118, 120, 122, 125, 126, 134, 144, 145, 147, 148, 153, 156, 158, 159, 162, 165, 169, 171, 173, 175, 176, 181, 186, 187, 190]
modes_kv=48, index_kv=[0, 1, 2, 3, 4, 5, 6, 7, 8, 9, 10, 11, 12, 13, 14, 15, 16, 17, 18, 19, 20, 21, 22, 23, 24, 25, 26, 27, 28, 29, 30, 31, 32, 33, 34, 35, 36, 37, 38, 39, 40, 41, 42, 43, 44, 45, 46, 47]
enc_modes: 48, dec_modes: 64
>>>>>>>start training : ETTh1_FEDformer_random_modes64_ETTh1_ftM_sl96_ll48_pl336_dm512_nh8_el2_dl1_df2048_fc3_ebtimeF_dtTrue_Exp_0_seed15227>>>>>>>>>>>>>>>>>>>>>>>>>>
train 8209
val 2545
test 2545
Total number of trainable parameters: 16303127
Total number of parameters: 16303127
Epoch: 1 cost time: 57.37509036064148
Epoch: 1, Steps: 256 | Train Loss: 0.5396524 Vali Loss: 1.3246554 Test Loss: 0.4613246
Validation loss decreased (inf --> 1.324655).  Saving model ...
Updating learning rate to 0.0001
Epoch: 2 cost time: 54.03959941864014
Epoch: 2, Steps: 256 | Train Loss: 0.4866251 Vali Loss: 1.3030396 Test Loss: 0.4493885
Validation loss decreased (1.324655 --> 1.303040).  Saving model ...
Updating learning rate to 5e-05
Epoch: 3 cost time: 53.899293661117554
Epoch: 3, Steps: 256 | Train Loss: 0.4770246 Vali Loss: 1.3176136 Test Loss: 0.4551632
EarlyStopping counter: 1 out of 3
Updating learning rate to 2.5e-05
Epoch: 4 cost time: 53.92118549346924
Epoch: 4, Steps: 256 | Train Loss: 0.4731313 Vali Loss: 1.3099358 Test Loss: 0.4461165
EarlyStopping counter: 2 out of 3
Updating learning rate to 1.25e-05
Epoch: 5 cost time: 54.06607675552368
Epoch: 5, Steps: 256 | Train Loss: 0.4711417 Vali Loss: 1.3055276 Test Loss: 0.4459834
EarlyStopping counter: 3 out of 3
Early stopping
Total training time: 296.4341 seconds
>>>>>>>testing : ETTh1_FEDformer_random_modes64_ETTh1_ftM_sl96_ll48_pl336_dm512_nh8_el2_dl1_df2048_fc3_ebtimeF_dtTrue_Exp_0_seed15227<<<<<<<<<<<<<<<<<<<<<<<<<<<<<<<<<
test 2545
test shape: (79, 32, 336, 7) (79, 32, 336, 7)
test shape: (2528, 336, 7) (2528, 336, 7)
mse:0.44938886165618896, mae:0.4606609344482422
