Args in experiment:
Namespace(L=3, activation='gelu', base='legendre', batch_size=32, c_out=862, checkpoints='./checkpoints/', cross_activation='tanh', d_ff=2048, d_layers=1, d_model=512, data='custom', data_path='traffic.csv', dec_in=862, des='Exp', devices='0,1', distil=True, do_predict=False, dropout=0.05, e_layers=2, embed='timeF', embed_type=0, enc_in=862, factor=3, features='M', freq='h', gpu=0, is_training=1, itr=1, label_len=48, learning_rate=0.0001, loss='mse', lradj='type1', mode_select='random', model='FEDformer', modes=64, moving_avg=[24], n_heads=8, num_workers=0, output_attention=False, patience=3, pred_len=720, root_path='../dataset', save_pred_values=False, seed=28649, seq_len=96, target='OT', task_id='traffic', train_epochs=10, use_amp=False, use_gpu=True, use_multi_gpu=False, version='Fourier')
Use GPU: cuda:0
fourier enhanced block used!
modes=64, index=[0, 1, 2, 3, 4, 5, 6, 7, 8, 9, 10, 11, 12, 13, 14, 15, 16, 17, 18, 19, 20, 21, 22, 23, 24, 25, 26, 27, 28, 29, 30, 31, 32, 33, 34, 35, 36, 37, 38, 39, 40, 41, 42, 43, 44, 45, 46, 47]
fourier enhanced block used!
modes=64, index=[8, 17, 25, 30, 42, 58, 60, 61, 73, 75, 84, 85, 86, 87, 88, 93, 97, 104, 129, 131, 133, 138, 150, 158, 160, 161, 165, 169, 175, 182, 192, 193, 194, 199, 222, 223, 225, 228, 245, 252, 267, 268, 269, 275, 277, 278, 279, 285, 289, 290, 313, 323, 328, 336, 338, 341, 350, 354, 359, 364, 374, 375, 378, 381]
 fourier enhanced cross attention used!
modes_q=64, index_q=[2, 5, 10, 14, 19, 30, 32, 37, 44, 46, 48, 49, 50, 68, 70, 73, 82, 89, 96, 102, 103, 108, 119, 140, 142, 149, 167, 169, 170, 176, 179, 184, 189, 194, 200, 204, 206, 221, 224, 226, 231, 233, 236, 241, 245, 247, 250, 252, 258, 261, 271, 277, 279, 291, 297, 301, 321, 333, 343, 348, 354, 360, 374, 382]
modes_kv=48, index_kv=[0, 1, 2, 3, 4, 5, 6, 7, 8, 9, 10, 11, 12, 13, 14, 15, 16, 17, 18, 19, 20, 21, 22, 23, 24, 25, 26, 27, 28, 29, 30, 31, 32, 33, 34, 35, 36, 37, 38, 39, 40, 41, 42, 43, 44, 45, 46, 47]
enc_modes: 48, dec_modes: 64
>>>>>>>start training : traffic_FEDformer_random_modes64_custom_ftM_sl96_ll48_pl720_dm512_nh8_el2_dl1_df2048_fc3_ebtimeF_dtTrue_Exp_0_seed28649>>>>>>>>>>>>>>>>>>>>>>>>>>
train 11465
val 1037
test 2789
Total number of trainable parameters: 20681582
Total number of parameters: 20681582
Epoch: 1 cost time: 148.72628784179688
Epoch: 1, Steps: 358 | Train Loss: 0.4472279 Vali Loss: 0.5102654 Test Loss: 0.6577292
Validation loss decreased (inf --> 0.510265).  Saving model ...
Updating learning rate to 0.0001
Epoch: 2 cost time: 145.71607661247253
Epoch: 2, Steps: 358 | Train Loss: 0.3070446 Vali Loss: 0.4906930 Test Loss: 0.6352224
Validation loss decreased (0.510265 --> 0.490693).  Saving model ...
Updating learning rate to 5e-05
Epoch: 3 cost time: 145.64290857315063
Epoch: 3, Steps: 358 | Train Loss: 0.2908113 Vali Loss: 0.4890280 Test Loss: 0.6319667
Validation loss decreased (0.490693 --> 0.489028).  Saving model ...
Updating learning rate to 2.5e-05
Epoch: 4 cost time: 145.59305953979492
Epoch: 4, Steps: 358 | Train Loss: 0.2847062 Vali Loss: 0.4868523 Test Loss: 0.6273677
Validation loss decreased (0.489028 --> 0.486852).  Saving model ...
Updating learning rate to 1.25e-05
Epoch: 5 cost time: 145.69871711730957
Epoch: 5, Steps: 358 | Train Loss: 0.2817070 Vali Loss: 0.4844109 Test Loss: 0.6299323
Validation loss decreased (0.486852 --> 0.484411).  Saving model ...
Updating learning rate to 6.25e-06
Epoch: 6 cost time: 145.54798913002014
Epoch: 6, Steps: 358 | Train Loss: 0.2801556 Vali Loss: 0.4848357 Test Loss: 0.6287362
EarlyStopping counter: 1 out of 3
Updating learning rate to 3.125e-06
Epoch: 7 cost time: 145.79689359664917
Epoch: 7, Steps: 358 | Train Loss: 0.2793161 Vali Loss: 0.4839460 Test Loss: 0.6275215
Validation loss decreased (0.484411 --> 0.483946).  Saving model ...
Updating learning rate to 1.5625e-06
Epoch: 8 cost time: 145.64295887947083
Epoch: 8, Steps: 358 | Train Loss: 0.2788699 Vali Loss: 0.4835815 Test Loss: 0.6281993
Validation loss decreased (0.483946 --> 0.483581).  Saving model ...
Updating learning rate to 7.8125e-07
Epoch: 9 cost time: 145.76988911628723
Epoch: 9, Steps: 358 | Train Loss: 0.2786300 Vali Loss: 0.4839407 Test Loss: 0.6278892
EarlyStopping counter: 1 out of 3
Updating learning rate to 3.90625e-07
Epoch: 10 cost time: 145.72618532180786
Epoch: 10, Steps: 358 | Train Loss: 0.2784858 Vali Loss: 0.4832230 Test Loss: 0.6282887
Validation loss decreased (0.483581 --> 0.483223).  Saving model ...
Updating learning rate to 1.953125e-07
Total training time: 1723.4658 seconds
>>>>>>>testing : traffic_FEDformer_random_modes64_custom_ftM_sl96_ll48_pl720_dm512_nh8_el2_dl1_df2048_fc3_ebtimeF_dtTrue_Exp_0_seed28649<<<<<<<<<<<<<<<<<<<<<<<<<<<<<<<<<
test 2789
test shape: (87, 32, 720, 862) (87, 32, 720, 862)
test shape: (2784, 720, 862) (2784, 720, 862)
mse:0.6282898783683777, mae:0.38409528136253357
