Args in experiment:
Namespace(L=3, activation='gelu', base='legendre', batch_size=32, c_out=862, checkpoints='./checkpoints/', cross_activation='tanh', d_ff=2048, d_layers=1, d_model=512, data='custom', data_path='traffic.csv', dec_in=862, des='Exp', devices='0,1', distil=True, do_predict=False, dropout=0.05, e_layers=2, embed='timeF', embed_type=0, enc_in=862, factor=3, features='M', freq='h', gpu=0, is_training=1, itr=1, label_len=48, learning_rate=0.0001, loss='mse', lradj='type1', mode_select='random', model='FEDformer', modes=64, moving_avg=[24], n_heads=8, num_workers=0, output_attention=False, patience=3, pred_len=96, root_path='../dataset', save_pred_values=False, seed=3144, seq_len=96, target='OT', task_id='traffic', train_epochs=10, use_amp=False, use_gpu=True, use_multi_gpu=False, version='Fourier')
Use GPU: cuda:0
fourier enhanced block used!
modes=64, index=[0, 1, 2, 3, 4, 5, 6, 7, 8, 9, 10, 11, 12, 13, 14, 15, 16, 17, 18, 19, 20, 21, 22, 23, 24, 25, 26, 27, 28, 29, 30, 31, 32, 33, 34, 35, 36, 37, 38, 39, 40, 41, 42, 43, 44, 45, 46, 47]
fourier enhanced block used!
modes=64, index=[0, 2, 3, 4, 5, 6, 7, 8, 9, 11, 12, 13, 14, 15, 16, 17, 18, 19, 20, 21, 22, 23, 24, 25, 26, 27, 29, 30, 31, 32, 33, 34, 35, 36, 37, 38, 39, 40, 41, 42, 43, 44, 47, 48, 49, 50, 51, 52, 54, 55, 56, 57, 58, 60, 61, 62, 64, 65, 66, 67, 68, 69, 70, 71]
 fourier enhanced cross attention used!
modes_q=64, index_q=[1, 2, 3, 4, 5, 6, 7, 8, 9, 11, 12, 13, 14, 15, 17, 18, 19, 20, 21, 22, 23, 24, 25, 26, 28, 29, 30, 31, 33, 34, 36, 37, 38, 39, 40, 41, 42, 43, 44, 45, 46, 47, 48, 49, 51, 52, 53, 54, 55, 56, 57, 59, 60, 61, 62, 63, 64, 65, 66, 67, 68, 69, 70, 71]
modes_kv=48, index_kv=[0, 1, 2, 3, 4, 5, 6, 7, 8, 9, 10, 11, 12, 13, 14, 15, 16, 17, 18, 19, 20, 21, 22, 23, 24, 25, 26, 27, 28, 29, 30, 31, 32, 33, 34, 35, 36, 37, 38, 39, 40, 41, 42, 43, 44, 45, 46, 47]
enc_modes: 48, dec_modes: 64
>>>>>>>start training : traffic_FEDformer_random_modes64_custom_ftM_sl96_ll48_pl96_dm512_nh8_el2_dl1_df2048_fc3_ebtimeF_dtTrue_Exp_0_seed3144>>>>>>>>>>>>>>>>>>>>>>>>>>
train 12089
val 1661
test 3413
Total number of trainable parameters: 20681582
Total number of parameters: 20681582
Epoch: 1 cost time: 68.93569707870483
Epoch: 1, Steps: 377 | Train Loss: 0.4233041 Vali Loss: 0.4993347 Test Loss: 0.6163915
Validation loss decreased (inf --> 0.499335).  Saving model ...
Updating learning rate to 0.0001
Epoch: 2 cost time: 65.22038984298706
Epoch: 2, Steps: 377 | Train Loss: 0.2762664 Vali Loss: 0.4830068 Test Loss: 0.5903469
Validation loss decreased (0.499335 --> 0.483007).  Saving model ...
Updating learning rate to 5e-05
Epoch: 3 cost time: 68.02663612365723
Epoch: 3, Steps: 377 | Train Loss: 0.2527725 Vali Loss: 0.4693334 Test Loss: 0.5827852
Validation loss decreased (0.483007 --> 0.469333).  Saving model ...
Updating learning rate to 2.5e-05
Epoch: 4 cost time: 66.7900083065033
Epoch: 4, Steps: 377 | Train Loss: 0.2445614 Vali Loss: 0.4658776 Test Loss: 0.5800362
Validation loss decreased (0.469333 --> 0.465878).  Saving model ...
Updating learning rate to 1.25e-05
Epoch: 5 cost time: 66.38521409034729
Epoch: 5, Steps: 377 | Train Loss: 0.2409830 Vali Loss: 0.4681242 Test Loss: 0.5788224
EarlyStopping counter: 1 out of 3
Updating learning rate to 6.25e-06
Epoch: 6 cost time: 65.69183588027954
Epoch: 6, Steps: 377 | Train Loss: 0.2390591 Vali Loss: 0.4667985 Test Loss: 0.5781717
EarlyStopping counter: 2 out of 3
Updating learning rate to 3.125e-06
Epoch: 7 cost time: 65.21097302436829
Epoch: 7, Steps: 377 | Train Loss: 0.2381800 Vali Loss: 0.4661115 Test Loss: 0.5782055
EarlyStopping counter: 3 out of 3
Early stopping
Total training time: 528.0710 seconds
>>>>>>>testing : traffic_FEDformer_random_modes64_custom_ftM_sl96_ll48_pl96_dm512_nh8_el2_dl1_df2048_fc3_ebtimeF_dtTrue_Exp_0_seed3144<<<<<<<<<<<<<<<<<<<<<<<<<<<<<<<<<
test 3413
test shape: (106, 32, 96, 862) (106, 32, 96, 862)
test shape: (3392, 96, 862) (3392, 96, 862)
mse:0.5800345540046692, mae:0.3610062599182129
