Args in experiment:
Namespace(L=3, activation='gelu', base='legendre', batch_size=32, c_out=21, checkpoints='./checkpoints/', cross_activation='tanh', d_ff=2048, d_layers=1, d_model=512, data='custom', data_path='weather.csv', dec_in=21, des='Exp', devices='0,1', distil=True, do_predict=False, dropout=0.05, e_layers=2, embed='timeF', embed_type=0, enc_in=21, factor=3, features='M', freq='h', gpu=0, is_training=1, itr=1, label_len=48, learning_rate=0.0001, loss='mse', lradj='type1', mode_select='random', model='FEDformer', modes=64, moving_avg=[24], n_heads=8, num_workers=0, output_attention=False, patience=3, pred_len=96, root_path='../dataset', save_pred_values=False, seed=28649, seq_len=96, target='OT', task_id='weather', train_epochs=10, use_amp=False, use_gpu=True, use_multi_gpu=False, version='Fourier')
Use GPU: cuda:0
fourier enhanced block used!
modes=64, index=[0, 1, 2, 3, 4, 5, 6, 7, 8, 9, 10, 11, 12, 13, 14, 15, 16, 17, 18, 19, 20, 21, 22, 23, 24, 25, 26, 27, 28, 29, 30, 31, 32, 33, 34, 35, 36, 37, 38, 39, 40, 41, 42, 43, 44, 45, 46, 47]
fourier enhanced block used!
modes=64, index=[1, 2, 3, 5, 6, 7, 8, 10, 11, 12, 14, 15, 16, 17, 18, 19, 20, 21, 23, 24, 25, 26, 27, 28, 29, 30, 31, 32, 33, 34, 35, 36, 37, 38, 39, 40, 41, 42, 43, 44, 45, 46, 47, 48, 49, 50, 51, 52, 53, 54, 55, 56, 58, 59, 60, 61, 62, 63, 65, 67, 68, 69, 70, 71]
 fourier enhanced cross attention used!
modes_q=64, index_q=[0, 1, 2, 3, 4, 5, 6, 7, 8, 9, 10, 11, 12, 13, 14, 15, 16, 18, 19, 21, 22, 23, 24, 25, 26, 27, 29, 30, 31, 32, 33, 35, 36, 37, 38, 39, 41, 42, 43, 44, 45, 46, 47, 48, 49, 50, 51, 52, 53, 54, 55, 56, 57, 58, 60, 61, 62, 64, 65, 66, 68, 69, 70, 71]
modes_kv=48, index_kv=[0, 1, 2, 3, 4, 5, 6, 7, 8, 9, 10, 11, 12, 13, 14, 15, 16, 17, 18, 19, 20, 21, 22, 23, 24, 25, 26, 27, 28, 29, 30, 31, 32, 33, 34, 35, 36, 37, 38, 39, 40, 41, 42, 43, 44, 45, 46, 47]
enc_modes: 48, dec_modes: 64
>>>>>>>start training : weather_FEDformer_random_modes64_custom_ftM_sl96_ll48_pl96_dm512_nh8_el2_dl1_df2048_fc3_ebtimeF_dtTrue_Exp_0_seed28649>>>>>>>>>>>>>>>>>>>>>>>>>>
train 36696
val 5175
test 10444
Total number of trainable parameters: 16374821
Total number of parameters: 16374821
Epoch: 1 cost time: 177.52502632141113
Epoch: 1, Steps: 1146 | Train Loss: 0.5031562 Vali Loss: 0.4633174 Test Loss: 0.2218266
Validation loss decreased (inf --> 0.463317).  Saving model ...
Updating learning rate to 0.0001
Epoch: 2 cost time: 173.80731105804443
Epoch: 2, Steps: 1146 | Train Loss: 0.4558719 Vali Loss: 0.4550157 Test Loss: 0.2172063
Validation loss decreased (0.463317 --> 0.455016).  Saving model ...
Updating learning rate to 5e-05
Epoch: 3 cost time: 174.0047755241394
Epoch: 3, Steps: 1146 | Train Loss: 0.4445706 Vali Loss: 0.4513510 Test Loss: 0.2153972
Validation loss decreased (0.455016 --> 0.451351).  Saving model ...
Updating learning rate to 2.5e-05
Epoch: 4 cost time: 173.927992105484
Epoch: 4, Steps: 1146 | Train Loss: 0.4386154 Vali Loss: 0.4500464 Test Loss: 0.2136218
Validation loss decreased (0.451351 --> 0.450046).  Saving model ...
Updating learning rate to 1.25e-05
Epoch: 5 cost time: 174.22576379776
Epoch: 5, Steps: 1146 | Train Loss: 0.4357685 Vali Loss: 0.4482208 Test Loss: 0.2135045
Validation loss decreased (0.450046 --> 0.448221).  Saving model ...
Updating learning rate to 6.25e-06
Epoch: 6 cost time: 173.79204082489014
Epoch: 6, Steps: 1146 | Train Loss: 0.4343615 Vali Loss: 0.4496587 Test Loss: 0.2133878
EarlyStopping counter: 1 out of 3
Updating learning rate to 3.125e-06
Epoch: 7 cost time: 174.21302771568298
Epoch: 7, Steps: 1146 | Train Loss: 0.4337405 Vali Loss: 0.4471525 Test Loss: 0.2128397
Validation loss decreased (0.448221 --> 0.447152).  Saving model ...
Updating learning rate to 1.5625e-06
Epoch: 8 cost time: 173.82471537590027
Epoch: 8, Steps: 1146 | Train Loss: 0.4332963 Vali Loss: 0.4483055 Test Loss: 0.2125285
EarlyStopping counter: 1 out of 3
Updating learning rate to 7.8125e-07
Epoch: 9 cost time: 174.31772899627686
Epoch: 9, Steps: 1146 | Train Loss: 0.4332073 Vali Loss: 0.4487411 Test Loss: 0.2125018
EarlyStopping counter: 2 out of 3
Updating learning rate to 3.90625e-07
Epoch: 10 cost time: 173.8881003856659
Epoch: 10, Steps: 1146 | Train Loss: 0.4330948 Vali Loss: 0.4491046 Test Loss: 0.2125112
EarlyStopping counter: 3 out of 3
Early stopping
Total training time: 1839.1612 seconds
>>>>>>>testing : weather_FEDformer_random_modes64_custom_ftM_sl96_ll48_pl96_dm512_nh8_el2_dl1_df2048_fc3_ebtimeF_dtTrue_Exp_0_seed28649<<<<<<<<<<<<<<<<<<<<<<<<<<<<<<<<<
test 10444
test shape: (326, 32, 96, 21) (326, 32, 96, 21)
test shape: (10432, 96, 21) (10432, 96, 21)
mse:0.2128395289182663, mae:0.28489407896995544
