Args in experiment:
Namespace(L=3, activation='gelu', base='legendre', batch_size=32, c_out=7, checkpoints='./checkpoints/', cross_activation='tanh', d_ff=2048, d_layers=1, d_model=512, data='ETTh2', data_path='ETTh2.csv', dec_in=7, des='Exp', devices='0,1', distil=True, do_predict=False, dropout=0.05, e_layers=2, embed='timeF', embed_type=0, enc_in=7, factor=3, features='M', freq='h', gpu=0, is_training=1, itr=1, label_len=48, learning_rate=0.0001, loss='mse', lradj='type1', mode_select='random', model='FEDformer', modes=64, moving_avg=[24], n_heads=8, num_workers=0, output_attention=False, patience=3, pred_len=336, root_path='../dataset', save_pred_values=False, seed=15726, seq_len=96, target='OT', task_id='ETTh2', train_epochs=10, use_amp=False, use_gpu=True, use_multi_gpu=False, version='Fourier')
Use GPU: cuda:0
fourier enhanced block used!
modes=64, index=[0, 1, 2, 3, 4, 5, 6, 7, 8, 9, 10, 11, 12, 13, 14, 15, 16, 17, 18, 19, 20, 21, 22, 23, 24, 25, 26, 27, 28, 29, 30, 31, 32, 33, 34, 35, 36, 37, 38, 39, 40, 41, 42, 43, 44, 45, 46, 47]
fourier enhanced block used!
modes=64, index=[1, 3, 4, 5, 7, 9, 10, 13, 17, 20, 22, 24, 29, 33, 35, 37, 39, 47, 48, 49, 52, 55, 56, 61, 64, 65, 69, 73, 82, 85, 91, 94, 103, 106, 109, 116, 119, 122, 124, 127, 129, 133, 136, 137, 138, 143, 146, 150, 161, 162, 164, 165, 169, 170, 172, 174, 177, 178, 179, 180, 183, 188, 189, 191]
 fourier enhanced cross attention used!
modes_q=64, index_q=[6, 7, 12, 13, 17, 18, 24, 25, 26, 27, 30, 35, 37, 40, 41, 42, 43, 48, 49, 51, 53, 57, 63, 67, 68, 70, 75, 80, 83, 86, 87, 88, 89, 94, 100, 118, 119, 120, 128, 131, 132, 134, 137, 139, 141, 142, 143, 145, 154, 155, 156, 159, 160, 161, 167, 168, 175, 176, 178, 181, 182, 184, 187, 189]
modes_kv=48, index_kv=[0, 1, 2, 3, 4, 5, 6, 7, 8, 9, 10, 11, 12, 13, 14, 15, 16, 17, 18, 19, 20, 21, 22, 23, 24, 25, 26, 27, 28, 29, 30, 31, 32, 33, 34, 35, 36, 37, 38, 39, 40, 41, 42, 43, 44, 45, 46, 47]
enc_modes: 48, dec_modes: 64
>>>>>>>start training : ETTh2_FEDformer_random_modes64_ETTh2_ftM_sl96_ll48_pl336_dm512_nh8_el2_dl1_df2048_fc3_ebtimeF_dtTrue_Exp_0_seed15726>>>>>>>>>>>>>>>>>>>>>>>>>>
train 8209
val 2545
test 2545
Total number of trainable parameters: 16303127
Total number of parameters: 16303127
Epoch: 1 cost time: 57.47257852554321
Epoch: 1, Steps: 256 | Train Loss: 0.6848193 Vali Loss: 0.4239270 Test Loss: 0.4689146
Validation loss decreased (inf --> 0.423927).  Saving model ...
Updating learning rate to 0.0001
Epoch: 2 cost time: 53.780282974243164
Epoch: 2, Steps: 256 | Train Loss: 0.6338109 Vali Loss: 0.4599550 Test Loss: 0.5148327
EarlyStopping counter: 1 out of 3
Updating learning rate to 5e-05
Epoch: 3 cost time: 54.00828266143799
Epoch: 3, Steps: 256 | Train Loss: 0.6241183 Vali Loss: 0.4422573 Test Loss: 0.5092389
EarlyStopping counter: 2 out of 3
Updating learning rate to 2.5e-05
Epoch: 4 cost time: 53.74468469619751
Epoch: 4, Steps: 256 | Train Loss: 0.6199061 Vali Loss: 0.4366687 Test Loss: 0.5042352
EarlyStopping counter: 3 out of 3
Early stopping
Total training time: 237.1238 seconds
>>>>>>>testing : ETTh2_FEDformer_random_modes64_ETTh2_ftM_sl96_ll48_pl336_dm512_nh8_el2_dl1_df2048_fc3_ebtimeF_dtTrue_Exp_0_seed15726<<<<<<<<<<<<<<<<<<<<<<<<<<<<<<<<<
test 2545
test shape: (79, 32, 336, 7) (79, 32, 336, 7)
test shape: (2528, 336, 7) (2528, 336, 7)
mse:0.46891480684280396, mae:0.4729364514350891
