Args in experiment:
Namespace(L=3, activation='gelu', base='legendre', batch_size=32, c_out=8, checkpoints='./checkpoints/', cross_activation='tanh', d_ff=2048, d_layers=1, d_model=512, data='custom', data_path='exchange_rate.csv', dec_in=8, des='Exp', devices='0,1', distil=True, do_predict=False, dropout=0.05, e_layers=2, embed='timeF', embed_type=0, enc_in=8, factor=3, features='M', freq='h', gpu=0, is_training=1, itr=1, label_len=48, learning_rate=0.0001, loss='mse', lradj='type1', mode_select='random', model='FEDformer', modes=64, moving_avg=[24], n_heads=8, num_workers=0, output_attention=False, patience=3, pred_len=336, root_path='../dataset', save_pred_values=False, seed=25565, seq_len=96, target='OT', task_id='Exchange', train_epochs=10, use_amp=False, use_gpu=True, use_multi_gpu=False, version='Fourier')
Use GPU: cuda:0
fourier enhanced block used!
modes=64, index=[0, 1, 2, 3, 4, 5, 6, 7, 8, 9, 10, 11, 12, 13, 14, 15, 16, 17, 18, 19, 20, 21, 22, 23, 24, 25, 26, 27, 28, 29, 30, 31, 32, 33, 34, 35, 36, 37, 38, 39, 40, 41, 42, 43, 44, 45, 46, 47]
fourier enhanced block used!
modes=64, index=[0, 2, 7, 16, 20, 21, 29, 33, 34, 38, 43, 46, 49, 52, 53, 56, 58, 62, 63, 64, 65, 67, 70, 74, 76, 81, 83, 86, 87, 90, 92, 93, 94, 99, 100, 101, 105, 106, 111, 121, 123, 129, 135, 137, 140, 146, 150, 153, 159, 161, 163, 164, 166, 170, 172, 173, 174, 175, 176, 178, 183, 187, 189, 191]
 fourier enhanced cross attention used!
modes_q=64, index_q=[0, 1, 12, 20, 21, 24, 29, 32, 33, 34, 36, 41, 45, 46, 47, 53, 54, 55, 62, 65, 68, 69, 73, 74, 75, 76, 80, 83, 85, 86, 89, 95, 101, 103, 104, 107, 112, 115, 116, 118, 119, 120, 121, 125, 128, 129, 132, 134, 138, 142, 144, 147, 149, 153, 155, 161, 166, 167, 168, 174, 176, 180, 186, 188]
modes_kv=48, index_kv=[0, 1, 2, 3, 4, 5, 6, 7, 8, 9, 10, 11, 12, 13, 14, 15, 16, 17, 18, 19, 20, 21, 22, 23, 24, 25, 26, 27, 28, 29, 30, 31, 32, 33, 34, 35, 36, 37, 38, 39, 40, 41, 42, 43, 44, 45, 46, 47]
enc_modes: 48, dec_modes: 64
>>>>>>>start training : Exchange_FEDformer_random_modes64_custom_ftM_sl96_ll48_pl336_dm512_nh8_el2_dl1_df2048_fc3_ebtimeF_dtTrue_Exp_0_seed25565>>>>>>>>>>>>>>>>>>>>>>>>>>
train 4880
val 425
test 1182
Total number of trainable parameters: 16308248
Total number of parameters: 16308248
Epoch: 1 cost time: 35.35720705986023
Epoch: 1, Steps: 152 | Train Loss: 0.5219949 Vali Loss: 0.4499061 Test Loss: 0.4389631
Validation loss decreased (inf --> 0.449906).  Saving model ...
Updating learning rate to 0.0001
Epoch: 2 cost time: 32.28826880455017
Epoch: 2, Steps: 152 | Train Loss: 0.4933862 Vali Loss: 0.4441994 Test Loss: 0.4449853
Validation loss decreased (0.449906 --> 0.444199).  Saving model ...
Updating learning rate to 5e-05
Epoch: 3 cost time: 31.99971032142639
Epoch: 3, Steps: 152 | Train Loss: 0.4902771 Vali Loss: 0.4455850 Test Loss: 0.4536443
EarlyStopping counter: 1 out of 3
Updating learning rate to 2.5e-05
Epoch: 4 cost time: 31.908164739608765
Epoch: 4, Steps: 152 | Train Loss: 0.4892676 Vali Loss: 0.4454849 Test Loss: 0.4417308
EarlyStopping counter: 2 out of 3
Updating learning rate to 1.25e-05
Epoch: 5 cost time: 31.90448784828186
Epoch: 5, Steps: 152 | Train Loss: 0.4889067 Vali Loss: 0.4519064 Test Loss: 0.4394847
EarlyStopping counter: 3 out of 3
Early stopping
Total training time: 171.2412 seconds
>>>>>>>testing : Exchange_FEDformer_random_modes64_custom_ftM_sl96_ll48_pl336_dm512_nh8_el2_dl1_df2048_fc3_ebtimeF_dtTrue_Exp_0_seed25565<<<<<<<<<<<<<<<<<<<<<<<<<<<<<<<<<
test 1182
test shape: (36, 32, 336, 8) (36, 32, 336, 8)
test shape: (1152, 336, 8) (1152, 336, 8)
mse:0.4449852705001831, mae:0.49094200134277344
