Args in experiment:
Namespace(L=3, activation='gelu', base='legendre', batch_size=32, c_out=862, checkpoints='./checkpoints/', cross_activation='tanh', d_ff=2048, d_layers=1, d_model=512, data='custom', data_path='traffic.csv', dec_in=862, des='Exp', devices='0,1', distil=True, do_predict=False, dropout=0.05, e_layers=2, embed='timeF', embed_type=0, enc_in=862, factor=3, features='M', freq='h', gpu=0, is_training=1, itr=1, label_len=48, learning_rate=0.0001, loss='mse', lradj='type1', mode_select='random', model='FEDformer', modes=64, moving_avg=[24], n_heads=8, num_workers=0, output_attention=False, patience=3, pred_len=336, root_path='../dataset', save_pred_values=False, seed=3144, seq_len=96, target='OT', task_id='traffic', train_epochs=10, use_amp=False, use_gpu=True, use_multi_gpu=False, version='Fourier')
Use GPU: cuda:0
fourier enhanced block used!
modes=64, index=[0, 1, 2, 3, 4, 5, 6, 7, 8, 9, 10, 11, 12, 13, 14, 15, 16, 17, 18, 19, 20, 21, 22, 23, 24, 25, 26, 27, 28, 29, 30, 31, 32, 33, 34, 35, 36, 37, 38, 39, 40, 41, 42, 43, 44, 45, 46, 47]
fourier enhanced block used!
modes=64, index=[4, 5, 9, 13, 16, 18, 26, 29, 30, 34, 42, 44, 46, 47, 48, 49, 54, 55, 57, 59, 64, 66, 70, 71, 73, 77, 78, 89, 92, 96, 98, 100, 104, 106, 107, 111, 116, 118, 119, 123, 124, 127, 128, 133, 135, 140, 142, 143, 146, 150, 152, 153, 158, 161, 162, 163, 164, 167, 175, 177, 179, 182, 183, 186]
 fourier enhanced cross attention used!
modes_q=64, index_q=[0, 6, 10, 11, 14, 17, 20, 21, 23, 24, 25, 26, 31, 33, 34, 35, 37, 38, 41, 42, 45, 54, 56, 58, 67, 69, 76, 79, 80, 90, 91, 96, 97, 99, 100, 102, 103, 104, 109, 110, 112, 113, 115, 120, 123, 126, 127, 128, 130, 131, 135, 142, 143, 144, 145, 151, 153, 154, 156, 162, 169, 185, 187, 190]
modes_kv=48, index_kv=[0, 1, 2, 3, 4, 5, 6, 7, 8, 9, 10, 11, 12, 13, 14, 15, 16, 17, 18, 19, 20, 21, 22, 23, 24, 25, 26, 27, 28, 29, 30, 31, 32, 33, 34, 35, 36, 37, 38, 39, 40, 41, 42, 43, 44, 45, 46, 47]
enc_modes: 48, dec_modes: 64
>>>>>>>start training : traffic_FEDformer_random_modes64_custom_ftM_sl96_ll48_pl336_dm512_nh8_el2_dl1_df2048_fc3_ebtimeF_dtTrue_Exp_0_seed3144>>>>>>>>>>>>>>>>>>>>>>>>>>
train 11849
val 1421
test 3173
Total number of trainable parameters: 20681582
Total number of parameters: 20681582
Epoch: 1 cost time: 99.91270565986633
Epoch: 1, Steps: 370 | Train Loss: 0.4198199 Vali Loss: 0.4906220 Test Loss: 0.6246994
Validation loss decreased (inf --> 0.490622).  Saving model ...
Updating learning rate to 0.0001
Epoch: 2 cost time: 96.46627354621887
Epoch: 2, Steps: 370 | Train Loss: 0.2872797 Vali Loss: 0.4716078 Test Loss: 0.6268237
Validation loss decreased (0.490622 --> 0.471608).  Saving model ...
Updating learning rate to 5e-05
Epoch: 3 cost time: 96.57942795753479
Epoch: 3, Steps: 370 | Train Loss: 0.2683764 Vali Loss: 0.4673201 Test Loss: 0.6279159
Validation loss decreased (0.471608 --> 0.467320).  Saving model ...
Updating learning rate to 2.5e-05
Epoch: 4 cost time: 96.19187259674072
Epoch: 4, Steps: 370 | Train Loss: 0.2606817 Vali Loss: 0.4684515 Test Loss: 0.6266080
EarlyStopping counter: 1 out of 3
Updating learning rate to 1.25e-05
Epoch: 5 cost time: 96.07869267463684
Epoch: 5, Steps: 370 | Train Loss: 0.2569460 Vali Loss: 0.4666941 Test Loss: 0.6299180
Validation loss decreased (0.467320 --> 0.466694).  Saving model ...
Updating learning rate to 6.25e-06
Epoch: 6 cost time: 96.2443618774414
Epoch: 6, Steps: 370 | Train Loss: 0.2550988 Vali Loss: 0.4664855 Test Loss: 0.6270881
Validation loss decreased (0.466694 --> 0.466486).  Saving model ...
Updating learning rate to 3.125e-06
Epoch: 7 cost time: 95.88133525848389
Epoch: 7, Steps: 370 | Train Loss: 0.2540656 Vali Loss: 0.4660444 Test Loss: 0.6262119
Validation loss decreased (0.466486 --> 0.466044).  Saving model ...
Updating learning rate to 1.5625e-06
Epoch: 8 cost time: 95.99538803100586
Epoch: 8, Steps: 370 | Train Loss: 0.2535751 Vali Loss: 0.4663362 Test Loss: 0.6272225
EarlyStopping counter: 1 out of 3
Updating learning rate to 7.8125e-07
Epoch: 9 cost time: 96.4109046459198
Epoch: 9, Steps: 370 | Train Loss: 0.2532858 Vali Loss: 0.4651588 Test Loss: 0.6260954
Validation loss decreased (0.466044 --> 0.465159).  Saving model ...
Updating learning rate to 3.90625e-07
Epoch: 10 cost time: 96.35807490348816
Epoch: 10, Steps: 370 | Train Loss: 0.2531497 Vali Loss: 0.4657413 Test Loss: 0.6267494
EarlyStopping counter: 1 out of 3
Updating learning rate to 1.953125e-07
Total training time: 1134.5487 seconds
>>>>>>>testing : traffic_FEDformer_random_modes64_custom_ftM_sl96_ll48_pl336_dm512_nh8_el2_dl1_df2048_fc3_ebtimeF_dtTrue_Exp_0_seed3144<<<<<<<<<<<<<<<<<<<<<<<<<<<<<<<<<
test 3173
test shape: (99, 32, 336, 862) (99, 32, 336, 862)
test shape: (3168, 336, 862) (3168, 336, 862)
mse:0.6260952353477478, mae:0.3917507231235504
