Args in experiment:
Namespace(L=3, activation='gelu', base='legendre', batch_size=32, c_out=21, checkpoints='./checkpoints/', cross_activation='tanh', d_ff=2048, d_layers=1, d_model=512, data='custom', data_path='weather.csv', dec_in=21, des='Exp', devices='0,1', distil=True, do_predict=False, dropout=0.05, e_layers=2, embed='timeF', embed_type=0, enc_in=21, factor=3, features='M', freq='h', gpu=0, is_training=1, itr=1, label_len=48, learning_rate=0.0001, loss='mse', lradj='type1', mode_select='random', model='FEDformer', modes=64, moving_avg=[24], n_heads=8, num_workers=0, output_attention=False, patience=3, pred_len=96, root_path='../dataset', save_pred_values=False, seed=3293, seq_len=96, target='OT', task_id='weather', train_epochs=10, use_amp=False, use_gpu=True, use_multi_gpu=False, version='Fourier')
Use GPU: cuda:0
fourier enhanced block used!
modes=64, index=[0, 1, 2, 3, 4, 5, 6, 7, 8, 9, 10, 11, 12, 13, 14, 15, 16, 17, 18, 19, 20, 21, 22, 23, 24, 25, 26, 27, 28, 29, 30, 31, 32, 33, 34, 35, 36, 37, 38, 39, 40, 41, 42, 43, 44, 45, 46, 47]
fourier enhanced block used!
modes=64, index=[0, 1, 2, 3, 4, 5, 6, 7, 8, 9, 10, 11, 13, 14, 15, 16, 17, 18, 21, 22, 23, 24, 25, 26, 27, 28, 29, 30, 31, 32, 34, 35, 36, 37, 38, 39, 40, 41, 43, 44, 46, 47, 48, 49, 50, 51, 52, 53, 54, 55, 56, 57, 58, 60, 62, 63, 64, 65, 66, 67, 68, 69, 70, 71]
 fourier enhanced cross attention used!
modes_q=64, index_q=[0, 2, 3, 4, 6, 7, 8, 9, 10, 11, 12, 13, 14, 16, 17, 18, 19, 20, 21, 22, 23, 24, 25, 26, 27, 28, 29, 30, 31, 32, 33, 34, 35, 36, 37, 39, 40, 41, 42, 43, 44, 45, 46, 47, 48, 49, 51, 52, 53, 54, 55, 56, 57, 58, 59, 60, 61, 62, 63, 65, 68, 69, 70, 71]
modes_kv=48, index_kv=[0, 1, 2, 3, 4, 5, 6, 7, 8, 9, 10, 11, 12, 13, 14, 15, 16, 17, 18, 19, 20, 21, 22, 23, 24, 25, 26, 27, 28, 29, 30, 31, 32, 33, 34, 35, 36, 37, 38, 39, 40, 41, 42, 43, 44, 45, 46, 47]
enc_modes: 48, dec_modes: 64
>>>>>>>start training : weather_FEDformer_random_modes64_custom_ftM_sl96_ll48_pl96_dm512_nh8_el2_dl1_df2048_fc3_ebtimeF_dtTrue_Exp_0_seed3293>>>>>>>>>>>>>>>>>>>>>>>>>>
train 36696
val 5175
test 10444
Total number of trainable parameters: 16374821
Total number of parameters: 16374821
Epoch: 1 cost time: 177.78430676460266
Epoch: 1, Steps: 1146 | Train Loss: 0.4999165 Vali Loss: 0.4747750 Test Loss: 0.2638527
Validation loss decreased (inf --> 0.474775).  Saving model ...
Updating learning rate to 0.0001
Epoch: 2 cost time: 174.6632821559906
Epoch: 2, Steps: 1146 | Train Loss: 0.4509114 Vali Loss: 0.4734088 Test Loss: 0.2638242
Validation loss decreased (0.474775 --> 0.473409).  Saving model ...
Updating learning rate to 5e-05
Epoch: 3 cost time: 174.27003359794617
Epoch: 3, Steps: 1146 | Train Loss: 0.4382746 Vali Loss: 0.4729506 Test Loss: 0.2694728
Validation loss decreased (0.473409 --> 0.472951).  Saving model ...
Updating learning rate to 2.5e-05
Epoch: 4 cost time: 174.74259185791016
Epoch: 4, Steps: 1146 | Train Loss: 0.4311453 Vali Loss: 0.4703482 Test Loss: 0.2691764
Validation loss decreased (0.472951 --> 0.470348).  Saving model ...
Updating learning rate to 1.25e-05
Epoch: 5 cost time: 174.33414816856384
Epoch: 5, Steps: 1146 | Train Loss: 0.4271720 Vali Loss: 0.4693897 Test Loss: 0.2689616
Validation loss decreased (0.470348 --> 0.469390).  Saving model ...
Updating learning rate to 6.25e-06
Epoch: 6 cost time: 174.80610299110413
Epoch: 6, Steps: 1146 | Train Loss: 0.4251879 Vali Loss: 0.4716059 Test Loss: 0.2693916
EarlyStopping counter: 1 out of 3
Updating learning rate to 3.125e-06
Epoch: 7 cost time: 174.38303565979004
Epoch: 7, Steps: 1146 | Train Loss: 0.4240853 Vali Loss: 0.4692190 Test Loss: 0.2679469
Validation loss decreased (0.469390 --> 0.469219).  Saving model ...
Updating learning rate to 1.5625e-06
Epoch: 8 cost time: 174.68763136863708
Epoch: 8, Steps: 1146 | Train Loss: 0.4236824 Vali Loss: 0.4704382 Test Loss: 0.2681225
EarlyStopping counter: 1 out of 3
Updating learning rate to 7.8125e-07
Epoch: 9 cost time: 174.57672834396362
Epoch: 9, Steps: 1146 | Train Loss: 0.4234871 Vali Loss: 0.4704805 Test Loss: 0.2681646
EarlyStopping counter: 2 out of 3
Updating learning rate to 3.90625e-07
Epoch: 10 cost time: 174.6064522266388
Epoch: 10, Steps: 1146 | Train Loss: 0.4224778 Vali Loss: 0.4702097 Test Loss: 0.2681299
EarlyStopping counter: 3 out of 3
Early stopping
Total training time: 1844.6174 seconds
>>>>>>>testing : weather_FEDformer_random_modes64_custom_ftM_sl96_ll48_pl96_dm512_nh8_el2_dl1_df2048_fc3_ebtimeF_dtTrue_Exp_0_seed3293<<<<<<<<<<<<<<<<<<<<<<<<<<<<<<<<<
test 10444
test shape: (326, 32, 96, 21) (326, 32, 96, 21)
test shape: (10432, 96, 21) (10432, 96, 21)
mse:0.2679471969604492, mae:0.35206517577171326
