Args in experiment:
Namespace(L=3, activation='gelu', base='legendre', batch_size=32, c_out=7, checkpoints='./checkpoints/', cross_activation='tanh', d_ff=2048, d_layers=1, d_model=512, data='ETTm2', data_path='ETTm2.csv', dec_in=7, des='Exp', devices='0,1', distil=True, do_predict=False, dropout=0.05, e_layers=2, embed='timeF', embed_type=0, enc_in=7, factor=3, features='M', freq='h', gpu=0, is_training=1, itr=1, label_len=48, learning_rate=0.0001, loss='mse', lradj='type1', mode_select='random', model='FEDformer', modes=64, moving_avg=[24], n_heads=8, num_workers=0, output_attention=False, patience=3, pred_len=336, root_path='../dataset', save_pred_values=False, seed=3293, seq_len=96, target='OT', task_id='ETTm2', train_epochs=10, use_amp=False, use_gpu=True, use_multi_gpu=False, version='Fourier')
Use GPU: cuda:0
fourier enhanced block used!
modes=64, index=[0, 1, 2, 3, 4, 5, 6, 7, 8, 9, 10, 11, 12, 13, 14, 15, 16, 17, 18, 19, 20, 21, 22, 23, 24, 25, 26, 27, 28, 29, 30, 31, 32, 33, 34, 35, 36, 37, 38, 39, 40, 41, 42, 43, 44, 45, 46, 47]
fourier enhanced block used!
modes=64, index=[6, 9, 11, 13, 17, 26, 27, 29, 31, 33, 36, 37, 42, 43, 44, 46, 47, 49, 52, 53, 54, 56, 58, 60, 70, 72, 73, 74, 75, 86, 88, 94, 99, 101, 102, 106, 107, 108, 111, 114, 117, 118, 124, 131, 141, 143, 149, 153, 154, 156, 162, 164, 165, 169, 172, 176, 178, 179, 182, 183, 184, 185, 186, 188]
 fourier enhanced cross attention used!
modes_q=64, index_q=[5, 6, 7, 11, 14, 16, 20, 31, 37, 44, 45, 49, 50, 53, 61, 62, 63, 65, 66, 72, 73, 76, 78, 83, 86, 87, 88, 91, 94, 96, 97, 100, 101, 102, 103, 104, 106, 109, 110, 115, 119, 123, 124, 130, 132, 137, 144, 146, 147, 148, 152, 155, 157, 159, 164, 165, 167, 170, 171, 180, 182, 183, 184, 187]
modes_kv=48, index_kv=[0, 1, 2, 3, 4, 5, 6, 7, 8, 9, 10, 11, 12, 13, 14, 15, 16, 17, 18, 19, 20, 21, 22, 23, 24, 25, 26, 27, 28, 29, 30, 31, 32, 33, 34, 35, 36, 37, 38, 39, 40, 41, 42, 43, 44, 45, 46, 47]
enc_modes: 48, dec_modes: 64
>>>>>>>start training : ETTm2_FEDformer_random_modes64_ETTm2_ftM_sl96_ll48_pl336_dm512_nh8_el2_dl1_df2048_fc3_ebtimeF_dtTrue_Exp_0_seed3293>>>>>>>>>>>>>>>>>>>>>>>>>>
train 34129
val 11185
test 11185
Total number of trainable parameters: 16303127
Total number of parameters: 16303127
Epoch: 1 cost time: 228.5519735813141
Epoch: 1, Steps: 1066 | Train Loss: 0.4578185 Vali Loss: 0.2223192 Test Loss: 0.3257836
Validation loss decreased (inf --> 0.222319).  Saving model ...
Updating learning rate to 0.0001
Epoch: 2 cost time: 225.02252435684204
Epoch: 2, Steps: 1066 | Train Loss: 0.4424458 Vali Loss: 0.2216431 Test Loss: 0.3257236
Validation loss decreased (0.222319 --> 0.221643).  Saving model ...
Updating learning rate to 5e-05
Epoch: 3 cost time: 225.18534517288208
Epoch: 3, Steps: 1066 | Train Loss: 0.4308095 Vali Loss: 0.2206056 Test Loss: 0.3242935
Validation loss decreased (0.221643 --> 0.220606).  Saving model ...
Updating learning rate to 2.5e-05
Epoch: 4 cost time: 225.1185142993927
Epoch: 4, Steps: 1066 | Train Loss: 0.4217056 Vali Loss: 0.2216609 Test Loss: 0.3264488
EarlyStopping counter: 1 out of 3
Updating learning rate to 1.25e-05
Epoch: 5 cost time: 225.20597171783447
Epoch: 5, Steps: 1066 | Train Loss: 0.4163808 Vali Loss: 0.2221192 Test Loss: 0.3269581
EarlyStopping counter: 2 out of 3
Updating learning rate to 6.25e-06
Epoch: 6 cost time: 224.9828007221222
Epoch: 6, Steps: 1066 | Train Loss: 0.4136995 Vali Loss: 0.2226742 Test Loss: 0.3276092
EarlyStopping counter: 3 out of 3
Early stopping
Total training time: 1473.6063 seconds
>>>>>>>testing : ETTm2_FEDformer_random_modes64_ETTm2_ftM_sl96_ll48_pl336_dm512_nh8_el2_dl1_df2048_fc3_ebtimeF_dtTrue_Exp_0_seed3293<<<<<<<<<<<<<<<<<<<<<<<<<<<<<<<<<
test 11185
test shape: (349, 32, 336, 7) (349, 32, 336, 7)
test shape: (11168, 336, 7) (11168, 336, 7)
mse:0.3242935836315155, mae:0.3632989227771759
