Args in experiment:
Namespace(L=3, activation='gelu', base='legendre', batch_size=32, c_out=862, checkpoints='./checkpoints/', cross_activation='tanh', d_ff=2048, d_layers=1, d_model=512, data='custom', data_path='traffic.csv', dec_in=862, des='Exp', devices='0,1', distil=True, do_predict=False, dropout=0.05, e_layers=2, embed='timeF', embed_type=0, enc_in=862, factor=3, features='M', freq='h', gpu=0, is_training=1, itr=1, label_len=48, learning_rate=0.0001, loss='mse', lradj='type1', mode_select='random', model='FEDformer', modes=64, moving_avg=[24], n_heads=8, num_workers=0, output_attention=False, patience=3, pred_len=96, root_path='../dataset', save_pred_values=False, seed=28649, seq_len=96, target='OT', task_id='traffic', train_epochs=10, use_amp=False, use_gpu=True, use_multi_gpu=False, version='Fourier')
Use GPU: cuda:0
fourier enhanced block used!
modes=64, index=[0, 1, 2, 3, 4, 5, 6, 7, 8, 9, 10, 11, 12, 13, 14, 15, 16, 17, 18, 19, 20, 21, 22, 23, 24, 25, 26, 27, 28, 29, 30, 31, 32, 33, 34, 35, 36, 37, 38, 39, 40, 41, 42, 43, 44, 45, 46, 47]
fourier enhanced block used!
modes=64, index=[1, 2, 3, 5, 6, 7, 8, 10, 11, 12, 14, 15, 16, 17, 18, 19, 20, 21, 23, 24, 25, 26, 27, 28, 29, 30, 31, 32, 33, 34, 35, 36, 37, 38, 39, 40, 41, 42, 43, 44, 45, 46, 47, 48, 49, 50, 51, 52, 53, 54, 55, 56, 58, 59, 60, 61, 62, 63, 65, 67, 68, 69, 70, 71]
 fourier enhanced cross attention used!
modes_q=64, index_q=[0, 1, 2, 3, 4, 5, 6, 7, 8, 9, 10, 11, 12, 13, 14, 15, 16, 18, 19, 21, 22, 23, 24, 25, 26, 27, 29, 30, 31, 32, 33, 35, 36, 37, 38, 39, 41, 42, 43, 44, 45, 46, 47, 48, 49, 50, 51, 52, 53, 54, 55, 56, 57, 58, 60, 61, 62, 64, 65, 66, 68, 69, 70, 71]
modes_kv=48, index_kv=[0, 1, 2, 3, 4, 5, 6, 7, 8, 9, 10, 11, 12, 13, 14, 15, 16, 17, 18, 19, 20, 21, 22, 23, 24, 25, 26, 27, 28, 29, 30, 31, 32, 33, 34, 35, 36, 37, 38, 39, 40, 41, 42, 43, 44, 45, 46, 47]
enc_modes: 48, dec_modes: 64
>>>>>>>start training : traffic_FEDformer_random_modes64_custom_ftM_sl96_ll48_pl96_dm512_nh8_el2_dl1_df2048_fc3_ebtimeF_dtTrue_Exp_0_seed28649>>>>>>>>>>>>>>>>>>>>>>>>>>
train 12089
val 1661
test 3413
Total number of trainable parameters: 20681582
Total number of parameters: 20681582
Epoch: 1 cost time: 68.30883955955505
Epoch: 1, Steps: 377 | Train Loss: 0.4236812 Vali Loss: 0.5005115 Test Loss: 0.6136592
Validation loss decreased (inf --> 0.500512).  Saving model ...
Updating learning rate to 0.0001
Epoch: 2 cost time: 65.2536244392395
Epoch: 2, Steps: 377 | Train Loss: 0.2762222 Vali Loss: 0.4754369 Test Loss: 0.5823256
Validation loss decreased (0.500512 --> 0.475437).  Saving model ...
Updating learning rate to 5e-05
Epoch: 3 cost time: 64.94658946990967
Epoch: 3, Steps: 377 | Train Loss: 0.2530315 Vali Loss: 0.4670430 Test Loss: 0.5748742
Validation loss decreased (0.475437 --> 0.467043).  Saving model ...
Updating learning rate to 2.5e-05
Epoch: 4 cost time: 64.71129250526428
Epoch: 4, Steps: 377 | Train Loss: 0.2446816 Vali Loss: 0.4633338 Test Loss: 0.5710532
Validation loss decreased (0.467043 --> 0.463334).  Saving model ...
Updating learning rate to 1.25e-05
Epoch: 5 cost time: 65.39146161079407
Epoch: 5, Steps: 377 | Train Loss: 0.2408005 Vali Loss: 0.4621320 Test Loss: 0.5707944
Validation loss decreased (0.463334 --> 0.462132).  Saving model ...
Updating learning rate to 6.25e-06
Epoch: 6 cost time: 64.64949584007263
Epoch: 6, Steps: 377 | Train Loss: 0.2388991 Vali Loss: 0.4611100 Test Loss: 0.5710781
Validation loss decreased (0.462132 --> 0.461110).  Saving model ...
Updating learning rate to 3.125e-06
Epoch: 7 cost time: 65.24522542953491
Epoch: 7, Steps: 377 | Train Loss: 0.2379905 Vali Loss: 0.4603758 Test Loss: 0.5702807
Validation loss decreased (0.461110 --> 0.460376).  Saving model ...
Updating learning rate to 1.5625e-06
Epoch: 8 cost time: 65.26878571510315
Epoch: 8, Steps: 377 | Train Loss: 0.2374664 Vali Loss: 0.4613576 Test Loss: 0.5701035
EarlyStopping counter: 1 out of 3
Updating learning rate to 7.8125e-07
Epoch: 9 cost time: 64.50511145591736
Epoch: 9, Steps: 377 | Train Loss: 0.2371197 Vali Loss: 0.4611334 Test Loss: 0.5704988
EarlyStopping counter: 2 out of 3
Updating learning rate to 3.90625e-07
Epoch: 10 cost time: 65.580393075943
Epoch: 10, Steps: 377 | Train Loss: 0.2370312 Vali Loss: 0.4617918 Test Loss: 0.5702349
EarlyStopping counter: 3 out of 3
Early stopping
Total training time: 738.7327 seconds
>>>>>>>testing : traffic_FEDformer_random_modes64_custom_ftM_sl96_ll48_pl96_dm512_nh8_el2_dl1_df2048_fc3_ebtimeF_dtTrue_Exp_0_seed28649<<<<<<<<<<<<<<<<<<<<<<<<<<<<<<<<<
test 3413
test shape: (106, 32, 96, 862) (106, 32, 96, 862)
test shape: (3392, 96, 862) (3392, 96, 862)
mse:0.5702813267707825, mae:0.35338476300239563
