Args in experiment:
Namespace(L=3, activation='gelu', base='legendre', batch_size=32, c_out=21, checkpoints='./checkpoints/', cross_activation='tanh', d_ff=2048, d_layers=1, d_model=512, data='custom', data_path='weather.csv', dec_in=21, des='Exp', devices='0,1', distil=True, do_predict=False, dropout=0.05, e_layers=2, embed='timeF', embed_type=0, enc_in=21, factor=3, features='M', freq='h', gpu=0, is_training=1, itr=1, label_len=48, learning_rate=0.0001, loss='mse', lradj='type1', mode_select='random', model='FEDformer', modes=64, moving_avg=[24], n_heads=8, num_workers=0, output_attention=False, patience=3, pred_len=96, root_path='../dataset', save_pred_values=False, seed=10458, seq_len=96, target='OT', task_id='weather', train_epochs=10, use_amp=False, use_gpu=True, use_multi_gpu=False, version='Fourier')
Use GPU: cuda:0
fourier enhanced block used!
modes=64, index=[0, 1, 2, 3, 4, 5, 6, 7, 8, 9, 10, 11, 12, 13, 14, 15, 16, 17, 18, 19, 20, 21, 22, 23, 24, 25, 26, 27, 28, 29, 30, 31, 32, 33, 34, 35, 36, 37, 38, 39, 40, 41, 42, 43, 44, 45, 46, 47]
fourier enhanced block used!
modes=64, index=[0, 1, 2, 3, 4, 5, 6, 8, 9, 10, 11, 13, 14, 15, 16, 17, 18, 19, 20, 21, 22, 23, 24, 25, 26, 27, 28, 29, 30, 31, 32, 33, 34, 35, 36, 37, 38, 39, 40, 41, 45, 46, 47, 48, 49, 50, 51, 52, 53, 54, 56, 57, 58, 59, 60, 61, 62, 63, 65, 66, 68, 69, 70, 71]
 fourier enhanced cross attention used!
modes_q=64, index_q=[0, 1, 3, 4, 5, 6, 7, 9, 10, 11, 12, 13, 14, 15, 16, 17, 18, 19, 20, 21, 23, 24, 25, 26, 27, 28, 29, 30, 31, 32, 33, 34, 36, 37, 38, 40, 41, 42, 43, 44, 46, 47, 48, 49, 50, 52, 53, 54, 55, 56, 57, 58, 59, 60, 61, 62, 64, 65, 66, 67, 68, 69, 70, 71]
modes_kv=48, index_kv=[0, 1, 2, 3, 4, 5, 6, 7, 8, 9, 10, 11, 12, 13, 14, 15, 16, 17, 18, 19, 20, 21, 22, 23, 24, 25, 26, 27, 28, 29, 30, 31, 32, 33, 34, 35, 36, 37, 38, 39, 40, 41, 42, 43, 44, 45, 46, 47]
enc_modes: 48, dec_modes: 64
>>>>>>>start training : weather_FEDformer_random_modes64_custom_ftM_sl96_ll48_pl96_dm512_nh8_el2_dl1_df2048_fc3_ebtimeF_dtTrue_Exp_0_seed10458>>>>>>>>>>>>>>>>>>>>>>>>>>
train 36696
val 5175
test 10444
Total number of trainable parameters: 16374821
Total number of parameters: 16374821
Epoch: 1 cost time: 177.8151319026947
Epoch: 1, Steps: 1146 | Train Loss: 0.4981421 Vali Loss: 0.4610111 Test Loss: 0.2156264
Validation loss decreased (inf --> 0.461011).  Saving model ...
Updating learning rate to 0.0001
Epoch: 2 cost time: 174.197083234787
Epoch: 2, Steps: 1146 | Train Loss: 0.4517476 Vali Loss: 0.4562055 Test Loss: 0.2210903
Validation loss decreased (0.461011 --> 0.456206).  Saving model ...
Updating learning rate to 5e-05
Epoch: 3 cost time: 174.50756907463074
Epoch: 3, Steps: 1146 | Train Loss: 0.4384110 Vali Loss: 0.4555132 Test Loss: 0.2216505
Validation loss decreased (0.456206 --> 0.455513).  Saving model ...
Updating learning rate to 2.5e-05
Epoch: 4 cost time: 174.1063392162323
Epoch: 4, Steps: 1146 | Train Loss: 0.4316021 Vali Loss: 0.4526620 Test Loss: 0.2207995
Validation loss decreased (0.455513 --> 0.452662).  Saving model ...
Updating learning rate to 1.25e-05
Epoch: 5 cost time: 174.78137493133545
Epoch: 5, Steps: 1146 | Train Loss: 0.4281927 Vali Loss: 0.4520121 Test Loss: 0.2209750
Validation loss decreased (0.452662 --> 0.452012).  Saving model ...
Updating learning rate to 6.25e-06
Epoch: 6 cost time: 174.0885910987854
Epoch: 6, Steps: 1146 | Train Loss: 0.4263213 Vali Loss: 0.4515915 Test Loss: 0.2199052
Validation loss decreased (0.452012 --> 0.451591).  Saving model ...
Updating learning rate to 3.125e-06
Epoch: 7 cost time: 174.70177054405212
Epoch: 7, Steps: 1146 | Train Loss: 0.4251811 Vali Loss: 0.4505418 Test Loss: 0.2188223
Validation loss decreased (0.451591 --> 0.450542).  Saving model ...
Updating learning rate to 1.5625e-06
Epoch: 8 cost time: 176.2463734149933
Epoch: 8, Steps: 1146 | Train Loss: 0.4246686 Vali Loss: 0.4505267 Test Loss: 0.2188687
Validation loss decreased (0.450542 --> 0.450527).  Saving model ...
Updating learning rate to 7.8125e-07
Epoch: 9 cost time: 176.13511753082275
Epoch: 9, Steps: 1146 | Train Loss: 0.4245220 Vali Loss: 0.4507072 Test Loss: 0.2190626
EarlyStopping counter: 1 out of 3
Updating learning rate to 3.90625e-07
Epoch: 10 cost time: 174.36623215675354
Epoch: 10, Steps: 1146 | Train Loss: 0.4243601 Vali Loss: 0.4515607 Test Loss: 0.2190925
EarlyStopping counter: 2 out of 3
Updating learning rate to 1.953125e-07
Total training time: 1847.0779 seconds
>>>>>>>testing : weather_FEDformer_random_modes64_custom_ftM_sl96_ll48_pl96_dm512_nh8_el2_dl1_df2048_fc3_ebtimeF_dtTrue_Exp_0_seed10458<<<<<<<<<<<<<<<<<<<<<<<<<<<<<<<<<
test 10444
test shape: (326, 32, 96, 21) (326, 32, 96, 21)
test shape: (10432, 96, 21) (10432, 96, 21)
mse:0.21886849403381348, mae:0.2968069612979889
