Args in experiment:
Namespace(L=3, activation='gelu', base='legendre', batch_size=32, c_out=7, checkpoints='./checkpoints/', cross_activation='tanh', d_ff=2048, d_layers=1, d_model=512, data='ETTh2', data_path='ETTh2.csv', dec_in=7, des='Exp', devices='0,1', distil=True, do_predict=False, dropout=0.05, e_layers=2, embed='timeF', embed_type=0, enc_in=7, factor=3, features='M', freq='h', gpu=0, is_training=1, itr=1, label_len=48, learning_rate=0.0001, loss='mse', lradj='type1', mode_select='random', model='FEDformer', modes=64, moving_avg=[24], n_heads=8, num_workers=0, output_attention=False, patience=3, pred_len=336, root_path='../dataset', save_pred_values=False, seed=12890, seq_len=96, target='OT', task_id='ETTh2', train_epochs=10, use_amp=False, use_gpu=True, use_multi_gpu=False, version='Fourier')
Use GPU: cuda:0
fourier enhanced block used!
modes=64, index=[0, 1, 2, 3, 4, 5, 6, 7, 8, 9, 10, 11, 12, 13, 14, 15, 16, 17, 18, 19, 20, 21, 22, 23, 24, 25, 26, 27, 28, 29, 30, 31, 32, 33, 34, 35, 36, 37, 38, 39, 40, 41, 42, 43, 44, 45, 46, 47]
fourier enhanced block used!
modes=64, index=[0, 2, 9, 11, 12, 14, 17, 18, 20, 28, 32, 36, 39, 40, 41, 45, 47, 48, 51, 54, 62, 63, 67, 68, 69, 72, 78, 83, 84, 85, 86, 89, 90, 92, 97, 101, 102, 105, 109, 110, 111, 115, 121, 122, 125, 127, 129, 135, 138, 139, 142, 144, 149, 150, 151, 154, 165, 168, 172, 173, 174, 182, 186, 190]
 fourier enhanced cross attention used!
modes_q=64, index_q=[1, 3, 5, 12, 15, 16, 17, 19, 21, 25, 34, 37, 39, 42, 46, 48, 52, 55, 59, 60, 63, 68, 72, 77, 78, 81, 83, 85, 90, 93, 96, 101, 104, 106, 107, 113, 114, 120, 121, 127, 129, 134, 141, 142, 144, 145, 147, 150, 151, 152, 155, 156, 165, 166, 167, 168, 172, 173, 174, 176, 178, 179, 186, 188]
modes_kv=48, index_kv=[0, 1, 2, 3, 4, 5, 6, 7, 8, 9, 10, 11, 12, 13, 14, 15, 16, 17, 18, 19, 20, 21, 22, 23, 24, 25, 26, 27, 28, 29, 30, 31, 32, 33, 34, 35, 36, 37, 38, 39, 40, 41, 42, 43, 44, 45, 46, 47]
enc_modes: 48, dec_modes: 64
>>>>>>>start training : ETTh2_FEDformer_random_modes64_ETTh2_ftM_sl96_ll48_pl336_dm512_nh8_el2_dl1_df2048_fc3_ebtimeF_dtTrue_Exp_0_seed12890>>>>>>>>>>>>>>>>>>>>>>>>>>
train 8209
val 2545
test 2545
Total number of trainable parameters: 16303127
Total number of parameters: 16303127
Epoch: 1 cost time: 57.19011998176575
Epoch: 1, Steps: 256 | Train Loss: 0.6873439 Vali Loss: 0.4272383 Test Loss: 0.4641284
Validation loss decreased (inf --> 0.427238).  Saving model ...
Updating learning rate to 0.0001
Epoch: 2 cost time: 54.147444009780884
Epoch: 2, Steps: 256 | Train Loss: 0.6407596 Vali Loss: 0.4245932 Test Loss: 0.4681817
Validation loss decreased (0.427238 --> 0.424593).  Saving model ...
Updating learning rate to 5e-05
Epoch: 3 cost time: 53.92995023727417
Epoch: 3, Steps: 256 | Train Loss: 0.6314745 Vali Loss: 0.4299228 Test Loss: 0.4730676
EarlyStopping counter: 1 out of 3
Updating learning rate to 2.5e-05
Epoch: 4 cost time: 54.04847741127014
Epoch: 4, Steps: 256 | Train Loss: 0.6270436 Vali Loss: 0.4241540 Test Loss: 0.4717664
Validation loss decreased (0.424593 --> 0.424154).  Saving model ...
Updating learning rate to 1.25e-05
Epoch: 5 cost time: 53.93276929855347
Epoch: 5, Steps: 256 | Train Loss: 0.6262941 Vali Loss: 0.4296069 Test Loss: 0.4751469
EarlyStopping counter: 1 out of 3
Updating learning rate to 6.25e-06
Epoch: 6 cost time: 54.24571442604065
Epoch: 6, Steps: 256 | Train Loss: 0.6242156 Vali Loss: 0.4311479 Test Loss: 0.4771239
EarlyStopping counter: 2 out of 3
Updating learning rate to 3.125e-06
Epoch: 7 cost time: 53.98007297515869
Epoch: 7, Steps: 256 | Train Loss: 0.6243329 Vali Loss: 0.4300718 Test Loss: 0.4768949
EarlyStopping counter: 3 out of 3
Early stopping
Total training time: 414.1325 seconds
>>>>>>>testing : ETTh2_FEDformer_random_modes64_ETTh2_ftM_sl96_ll48_pl336_dm512_nh8_el2_dl1_df2048_fc3_ebtimeF_dtTrue_Exp_0_seed12890<<<<<<<<<<<<<<<<<<<<<<<<<<<<<<<<<
test 2545
test shape: (79, 32, 336, 7) (79, 32, 336, 7)
test shape: (2528, 336, 7) (2528, 336, 7)
mse:0.4717663526535034, mae:0.47632279992103577
