Args in experiment:
Namespace(L=3, activation='gelu', base='legendre', batch_size=32, c_out=7, checkpoints='./checkpoints/', cross_activation='tanh', d_ff=2048, d_layers=1, d_model=512, data='ETTm2', data_path='ETTm2.csv', dec_in=7, des='Exp', devices='0,1', distil=True, do_predict=False, dropout=0.05, e_layers=2, embed='timeF', embed_type=0, enc_in=7, factor=3, features='M', freq='h', gpu=0, is_training=1, itr=1, label_len=48, learning_rate=0.0001, loss='mse', lradj='type1', mode_select='random', model='FEDformer', modes=64, moving_avg=[24], n_heads=8, num_workers=0, output_attention=False, patience=3, pred_len=336, root_path='../dataset', save_pred_values=False, seed=32598, seq_len=96, target='OT', task_id='ETTm2', train_epochs=10, use_amp=False, use_gpu=True, use_multi_gpu=False, version='Fourier')
Use GPU: cuda:0
fourier enhanced block used!
modes=64, index=[0, 1, 2, 3, 4, 5, 6, 7, 8, 9, 10, 11, 12, 13, 14, 15, 16, 17, 18, 19, 20, 21, 22, 23, 24, 25, 26, 27, 28, 29, 30, 31, 32, 33, 34, 35, 36, 37, 38, 39, 40, 41, 42, 43, 44, 45, 46, 47]
fourier enhanced block used!
modes=64, index=[0, 3, 4, 6, 8, 10, 11, 12, 13, 20, 25, 26, 30, 31, 32, 34, 35, 36, 37, 41, 44, 47, 49, 56, 57, 61, 62, 64, 66, 67, 68, 70, 72, 75, 79, 80, 81, 85, 86, 92, 98, 99, 100, 101, 102, 115, 120, 122, 129, 132, 138, 146, 153, 154, 155, 156, 159, 160, 163, 166, 176, 178, 185, 187]
 fourier enhanced cross attention used!
modes_q=64, index_q=[1, 7, 12, 16, 18, 27, 36, 37, 40, 41, 45, 46, 48, 49, 51, 52, 57, 62, 64, 65, 69, 70, 72, 75, 81, 83, 85, 86, 88, 89, 92, 93, 97, 103, 105, 107, 108, 109, 113, 114, 119, 122, 123, 126, 127, 129, 136, 144, 147, 149, 150, 153, 159, 165, 167, 168, 175, 176, 182, 184, 185, 188, 189, 191]
modes_kv=48, index_kv=[0, 1, 2, 3, 4, 5, 6, 7, 8, 9, 10, 11, 12, 13, 14, 15, 16, 17, 18, 19, 20, 21, 22, 23, 24, 25, 26, 27, 28, 29, 30, 31, 32, 33, 34, 35, 36, 37, 38, 39, 40, 41, 42, 43, 44, 45, 46, 47]
enc_modes: 48, dec_modes: 64
>>>>>>>start training : ETTm2_FEDformer_random_modes64_ETTm2_ftM_sl96_ll48_pl336_dm512_nh8_el2_dl1_df2048_fc3_ebtimeF_dtTrue_Exp_0_seed32598>>>>>>>>>>>>>>>>>>>>>>>>>>
train 34129
val 11185
test 11185
Total number of trainable parameters: 16303127
Total number of parameters: 16303127
Epoch: 1 cost time: 226.41540384292603
Epoch: 1, Steps: 1066 | Train Loss: 0.4492545 Vali Loss: 0.2180345 Test Loss: 0.3243030
Validation loss decreased (inf --> 0.218034).  Saving model ...
Updating learning rate to 0.0001
Epoch: 2 cost time: 223.10071349143982
Epoch: 2, Steps: 1066 | Train Loss: 0.4279061 Vali Loss: 0.2150890 Test Loss: 0.3149854
Validation loss decreased (0.218034 --> 0.215089).  Saving model ...
Updating learning rate to 5e-05
Epoch: 3 cost time: 223.2478404045105
Epoch: 3, Steps: 1066 | Train Loss: 0.4123274 Vali Loss: 0.2158770 Test Loss: 0.3183506
EarlyStopping counter: 1 out of 3
Updating learning rate to 2.5e-05
Epoch: 4 cost time: 223.20934867858887
Epoch: 4, Steps: 1066 | Train Loss: 0.4049327 Vali Loss: 0.2187515 Test Loss: 0.3257285
EarlyStopping counter: 2 out of 3
Updating learning rate to 1.25e-05
Epoch: 5 cost time: 223.36353135108948
Epoch: 5, Steps: 1066 | Train Loss: 0.4006864 Vali Loss: 0.2201183 Test Loss: 0.3256763
EarlyStopping counter: 3 out of 3
Early stopping
Total training time: 1217.1306 seconds
>>>>>>>testing : ETTm2_FEDformer_random_modes64_ETTm2_ftM_sl96_ll48_pl336_dm512_nh8_el2_dl1_df2048_fc3_ebtimeF_dtTrue_Exp_0_seed32598<<<<<<<<<<<<<<<<<<<<<<<<<<<<<<<<<
test 11185
test shape: (349, 32, 336, 7) (349, 32, 336, 7)
test shape: (11168, 336, 7) (11168, 336, 7)
mse:0.3149853050708771, mae:0.3615278899669647
