Args in experiment:
Namespace(L=3, activation='gelu', base='legendre', batch_size=32, c_out=862, checkpoints='./checkpoints/', cross_activation='tanh', d_ff=2048, d_layers=1, d_model=512, data='custom', data_path='traffic.csv', dec_in=862, des='Exp', devices='0,1', distil=True, do_predict=False, dropout=0.05, e_layers=2, embed='timeF', embed_type=0, enc_in=862, factor=3, features='M', freq='h', gpu=0, is_training=1, itr=1, label_len=48, learning_rate=0.0001, loss='mse', lradj='type1', mode_select='random', model='FEDformer', modes=64, moving_avg=[24], n_heads=8, num_workers=0, output_attention=False, patience=3, pred_len=720, root_path='../dataset', save_pred_values=False, seed=3144, seq_len=96, target='OT', task_id='traffic', train_epochs=10, use_amp=False, use_gpu=True, use_multi_gpu=False, version='Fourier')
Use GPU: cuda:0
fourier enhanced block used!
modes=64, index=[0, 1, 2, 3, 4, 5, 6, 7, 8, 9, 10, 11, 12, 13, 14, 15, 16, 17, 18, 19, 20, 21, 22, 23, 24, 25, 26, 27, 28, 29, 30, 31, 32, 33, 34, 35, 36, 37, 38, 39, 40, 41, 42, 43, 44, 45, 46, 47]
fourier enhanced block used!
modes=64, index=[0, 14, 24, 25, 26, 33, 34, 37, 42, 47, 50, 70, 74, 82, 84, 100, 103, 110, 112, 113, 135, 144, 151, 165, 175, 192, 201, 215, 218, 219, 223, 246, 248, 252, 255, 257, 259, 260, 261, 262, 275, 279, 281, 282, 299, 300, 302, 308, 310, 315, 318, 322, 324, 326, 334, 336, 347, 348, 351, 354, 359, 368, 373, 379]
 fourier enhanced cross attention used!
modes_q=64, index_q=[6, 8, 14, 18, 44, 86, 88, 89, 95, 117, 128, 133, 138, 148, 150, 157, 158, 165, 174, 177, 182, 191, 194, 197, 199, 200, 204, 211, 214, 217, 223, 234, 238, 244, 249, 254, 255, 256, 260, 261, 269, 282, 285, 286, 288, 290, 297, 300, 309, 312, 323, 324, 327, 341, 346, 348, 349, 350, 352, 355, 363, 376, 377, 382]
modes_kv=48, index_kv=[0, 1, 2, 3, 4, 5, 6, 7, 8, 9, 10, 11, 12, 13, 14, 15, 16, 17, 18, 19, 20, 21, 22, 23, 24, 25, 26, 27, 28, 29, 30, 31, 32, 33, 34, 35, 36, 37, 38, 39, 40, 41, 42, 43, 44, 45, 46, 47]
enc_modes: 48, dec_modes: 64
>>>>>>>start training : traffic_FEDformer_random_modes64_custom_ftM_sl96_ll48_pl720_dm512_nh8_el2_dl1_df2048_fc3_ebtimeF_dtTrue_Exp_0_seed3144>>>>>>>>>>>>>>>>>>>>>>>>>>
train 11465
val 1037
test 2789
Total number of trainable parameters: 20681582
Total number of parameters: 20681582
Epoch: 1 cost time: 148.8875014781952
Epoch: 1, Steps: 358 | Train Loss: 0.4455703 Vali Loss: 0.5133186 Test Loss: 0.6540561
Validation loss decreased (inf --> 0.513319).  Saving model ...
Updating learning rate to 0.0001
Epoch: 2 cost time: 145.45384430885315
Epoch: 2, Steps: 358 | Train Loss: 0.3086391 Vali Loss: 0.4922421 Test Loss: 0.6406530
Validation loss decreased (0.513319 --> 0.492242).  Saving model ...
Updating learning rate to 5e-05
Epoch: 3 cost time: 145.37484073638916
Epoch: 3, Steps: 358 | Train Loss: 0.2928595 Vali Loss: 0.4882774 Test Loss: 0.6313243
Validation loss decreased (0.492242 --> 0.488277).  Saving model ...
Updating learning rate to 2.5e-05
Epoch: 4 cost time: 145.35218501091003
Epoch: 4, Steps: 358 | Train Loss: 0.2868505 Vali Loss: 0.4875233 Test Loss: 0.6309988
Validation loss decreased (0.488277 --> 0.487523).  Saving model ...
Updating learning rate to 1.25e-05
Epoch: 5 cost time: 145.06515979766846
Epoch: 5, Steps: 358 | Train Loss: 0.2838250 Vali Loss: 0.4881276 Test Loss: 0.6304265
EarlyStopping counter: 1 out of 3
Updating learning rate to 6.25e-06
Epoch: 6 cost time: 145.18377208709717
Epoch: 6, Steps: 358 | Train Loss: 0.2822730 Vali Loss: 0.4868976 Test Loss: 0.6297708
Validation loss decreased (0.487523 --> 0.486898).  Saving model ...
Updating learning rate to 3.125e-06
Epoch: 7 cost time: 144.97453808784485
Epoch: 7, Steps: 358 | Train Loss: 0.2814378 Vali Loss: 0.4872855 Test Loss: 0.6299346
EarlyStopping counter: 1 out of 3
Updating learning rate to 1.5625e-06
Epoch: 8 cost time: 145.4937403202057
Epoch: 8, Steps: 358 | Train Loss: 0.2810261 Vali Loss: 0.4862332 Test Loss: 0.6308193
Validation loss decreased (0.486898 --> 0.486233).  Saving model ...
Updating learning rate to 7.8125e-07
Epoch: 9 cost time: 145.3205544948578
Epoch: 9, Steps: 358 | Train Loss: 0.2807769 Vali Loss: 0.4869108 Test Loss: 0.6302546
EarlyStopping counter: 1 out of 3
Updating learning rate to 3.90625e-07
Epoch: 10 cost time: 145.16935515403748
Epoch: 10, Steps: 358 | Train Loss: 0.2806746 Vali Loss: 0.4861668 Test Loss: 0.6305379
Validation loss decreased (0.486233 --> 0.486167).  Saving model ...
Updating learning rate to 1.953125e-07
Total training time: 1720.1379 seconds
>>>>>>>testing : traffic_FEDformer_random_modes64_custom_ftM_sl96_ll48_pl720_dm512_nh8_el2_dl1_df2048_fc3_ebtimeF_dtTrue_Exp_0_seed3144<<<<<<<<<<<<<<<<<<<<<<<<<<<<<<<<<
test 2789
test shape: (87, 32, 720, 862) (87, 32, 720, 862)
test shape: (2784, 720, 862) (2784, 720, 862)
mse:0.6305376291275024, mae:0.3837760388851166
