Args in experiment:
Namespace(L=3, activation='gelu', base='legendre', batch_size=32, c_out=321, checkpoints='./checkpoints/', cross_activation='tanh', d_ff=2048, d_layers=1, d_model=512, data='custom', data_path='electricity.csv', dec_in=321, des='Exp', devices='0,1', distil=True, do_predict=False, dropout=0.05, e_layers=2, embed='timeF', embed_type=0, enc_in=321, factor=3, features='M', freq='h', gpu=0, is_training=1, itr=1, label_len=48, learning_rate=0.0001, loss='mse', lradj='type1', mode_select='random', model='FEDformer', modes=64, moving_avg=[24], n_heads=8, num_workers=0, output_attention=False, patience=3, pred_len=720, root_path='../dataset', save_pred_values=False, seed=25565, seq_len=96, target='OT', task_id='ECL', train_epochs=10, use_amp=False, use_gpu=True, use_multi_gpu=False, version='Fourier')
Use GPU: cuda:0
fourier enhanced block used!
modes=64, index=[0, 1, 2, 3, 4, 5, 6, 7, 8, 9, 10, 11, 12, 13, 14, 15, 16, 17, 18, 19, 20, 21, 22, 23, 24, 25, 26, 27, 28, 29, 30, 31, 32, 33, 34, 35, 36, 37, 38, 39, 40, 41, 42, 43, 44, 45, 46, 47]
fourier enhanced block used!
modes=64, index=[12, 20, 29, 32, 33, 34, 46, 47, 53, 55, 62, 73, 74, 76, 83, 85, 90, 94, 95, 107, 112, 127, 136, 138, 142, 149, 161, 163, 164, 171, 178, 179, 180, 188, 191, 198, 209, 211, 214, 222, 225, 226, 227, 232, 244, 259, 261, 266, 267, 270, 272, 276, 281, 289, 294, 297, 299, 310, 314, 318, 341, 353, 378, 382]
 fourier enhanced cross attention used!
modes_q=64, index_q=[3, 8, 10, 14, 20, 31, 35, 39, 47, 53, 61, 66, 72, 75, 86, 96, 98, 99, 112, 122, 126, 131, 138, 139, 141, 145, 154, 155, 161, 174, 184, 187, 207, 211, 213, 225, 228, 229, 231, 234, 239, 242, 246, 247, 258, 259, 260, 264, 266, 279, 282, 285, 288, 307, 315, 326, 337, 347, 354, 358, 361, 367, 369, 379]
modes_kv=48, index_kv=[0, 1, 2, 3, 4, 5, 6, 7, 8, 9, 10, 11, 12, 13, 14, 15, 16, 17, 18, 19, 20, 21, 22, 23, 24, 25, 26, 27, 28, 29, 30, 31, 32, 33, 34, 35, 36, 37, 38, 39, 40, 41, 42, 43, 44, 45, 46, 47]
enc_modes: 48, dec_modes: 64
>>>>>>>start training : ECL_FEDformer_random_modes64_custom_ftM_sl96_ll48_pl720_dm512_nh8_el2_dl1_df2048_fc3_ebtimeF_dtTrue_Exp_0_seed25565>>>>>>>>>>>>>>>>>>>>>>>>>>
train 17597
val 1913
test 4541
Total number of trainable parameters: 17911121
Total number of parameters: 17911121
Epoch: 1 cost time: 192.50147581100464
Epoch: 1, Steps: 549 | Train Loss: 0.3426100 Vali Loss: 0.2466735 Test Loss: 0.2902060
Validation loss decreased (inf --> 0.246673).  Saving model ...
Updating learning rate to 0.0001
Epoch: 2 cost time: 188.87489318847656
Epoch: 2, Steps: 549 | Train Loss: 0.2636799 Vali Loss: 0.2149319 Test Loss: 0.2497280
Validation loss decreased (0.246673 --> 0.214932).  Saving model ...
Updating learning rate to 5e-05
Epoch: 3 cost time: 189.02684354782104
Epoch: 3, Steps: 549 | Train Loss: 0.2299902 Vali Loss: 0.2108107 Test Loss: 0.2477614
Validation loss decreased (0.214932 --> 0.210811).  Saving model ...
Updating learning rate to 2.5e-05
Epoch: 4 cost time: 189.07397198677063
Epoch: 4, Steps: 549 | Train Loss: 0.2226677 Vali Loss: 0.2098392 Test Loss: 0.2484071
Validation loss decreased (0.210811 --> 0.209839).  Saving model ...
Updating learning rate to 1.25e-05
Epoch: 5 cost time: 188.94333934783936
Epoch: 5, Steps: 549 | Train Loss: 0.2194426 Vali Loss: 0.2053680 Test Loss: 0.2428715
Validation loss decreased (0.209839 --> 0.205368).  Saving model ...
Updating learning rate to 6.25e-06
Epoch: 6 cost time: 188.98904514312744
Epoch: 6, Steps: 549 | Train Loss: 0.2177672 Vali Loss: 0.2063601 Test Loss: 0.2420040
EarlyStopping counter: 1 out of 3
Updating learning rate to 3.125e-06
Epoch: 7 cost time: 189.0501503944397
Epoch: 7, Steps: 549 | Train Loss: 0.2169270 Vali Loss: 0.2054697 Test Loss: 0.2412810
EarlyStopping counter: 2 out of 3
Updating learning rate to 1.5625e-06
Epoch: 8 cost time: 189.14607954025269
Epoch: 8, Steps: 549 | Train Loss: 0.2164601 Vali Loss: 0.2053235 Test Loss: 0.2408447
Validation loss decreased (0.205368 --> 0.205324).  Saving model ...
Updating learning rate to 7.8125e-07
Epoch: 9 cost time: 189.2099850177765
Epoch: 9, Steps: 549 | Train Loss: 0.2162746 Vali Loss: 0.2050567 Test Loss: 0.2411787
Validation loss decreased (0.205324 --> 0.205057).  Saving model ...
Updating learning rate to 3.90625e-07
Epoch: 10 cost time: 188.69793248176575
Epoch: 10, Steps: 549 | Train Loss: 0.2161289 Vali Loss: 0.2051227 Test Loss: 0.2414510
EarlyStopping counter: 1 out of 3
Updating learning rate to 1.953125e-07
Total training time: 2106.9179 seconds
>>>>>>>testing : ECL_FEDformer_random_modes64_custom_ftM_sl96_ll48_pl720_dm512_nh8_el2_dl1_df2048_fc3_ebtimeF_dtTrue_Exp_0_seed25565<<<<<<<<<<<<<<<<<<<<<<<<<<<<<<<<<
test 4541
test shape: (141, 32, 720, 321) (141, 32, 720, 321)
test shape: (4512, 720, 321) (4512, 720, 321)
mse:0.24117688834667206, mae:0.35026946663856506
