Args in experiment:
Namespace(L=3, activation='gelu', base='legendre', batch_size=32, c_out=7, checkpoints='./checkpoints/', cross_activation='tanh', d_ff=2048, d_layers=1, d_model=512, data='ETTm1', data_path='ETTm1.csv', dec_in=7, des='Exp', devices='0,1', distil=True, do_predict=False, dropout=0.05, e_layers=2, embed='timeF', embed_type=0, enc_in=7, factor=3, features='M', freq='h', gpu=0, is_training=1, itr=1, label_len=48, learning_rate=0.0001, loss='mse', lradj='type1', mode_select='random', model='FEDformer', modes=64, moving_avg=[24], n_heads=8, num_workers=0, output_attention=False, patience=3, pred_len=192, root_path='../dataset', save_pred_values=False, seed=3144, seq_len=96, target='OT', task_id='ETTm1', train_epochs=10, use_amp=False, use_gpu=True, use_multi_gpu=False, version='Fourier')
Use GPU: cuda:0
fourier enhanced block used!
modes=64, index=[0, 1, 2, 3, 4, 5, 6, 7, 8, 9, 10, 11, 12, 13, 14, 15, 16, 17, 18, 19, 20, 21, 22, 23, 24, 25, 26, 27, 28, 29, 30, 31, 32, 33, 34, 35, 36, 37, 38, 39, 40, 41, 42, 43, 44, 45, 46, 47]
fourier enhanced block used!
modes=64, index=[0, 4, 5, 7, 8, 9, 12, 13, 14, 15, 16, 17, 18, 20, 22, 23, 26, 29, 31, 33, 34, 35, 36, 37, 38, 41, 43, 47, 48, 49, 50, 54, 55, 56, 57, 62, 64, 65, 67, 68, 69, 71, 72, 73, 74, 77, 80, 81, 84, 88, 91, 92, 93, 95, 98, 101, 102, 111, 112, 113, 116, 117, 118, 119]
 fourier enhanced cross attention used!
modes_q=64, index_q=[1, 2, 3, 5, 6, 7, 9, 10, 11, 12, 13, 14, 15, 18, 19, 20, 24, 26, 27, 28, 30, 31, 32, 34, 35, 36, 40, 42, 44, 46, 47, 49, 54, 55, 57, 58, 59, 63, 64, 65, 66, 70, 75, 78, 80, 83, 84, 86, 87, 88, 93, 97, 99, 100, 101, 104, 106, 110, 112, 113, 114, 116, 117, 119]
modes_kv=48, index_kv=[0, 1, 2, 3, 4, 5, 6, 7, 8, 9, 10, 11, 12, 13, 14, 15, 16, 17, 18, 19, 20, 21, 22, 23, 24, 25, 26, 27, 28, 29, 30, 31, 32, 33, 34, 35, 36, 37, 38, 39, 40, 41, 42, 43, 44, 45, 46, 47]
enc_modes: 48, dec_modes: 64
>>>>>>>start training : ETTm1_FEDformer_random_modes64_ETTm1_ftM_sl96_ll48_pl192_dm512_nh8_el2_dl1_df2048_fc3_ebtimeF_dtTrue_Exp_0_seed3144>>>>>>>>>>>>>>>>>>>>>>>>>>
train 34273
val 11329
test 11329
Total number of trainable parameters: 16303127
Total number of parameters: 16303127
Epoch: 1 cost time: 193.72814631462097
Epoch: 1, Steps: 1071 | Train Loss: 0.3849471 Vali Loss: 0.5644819 Test Loss: 0.4101402
Validation loss decreased (inf --> 0.564482).  Saving model ...
Updating learning rate to 0.0001
Epoch: 2 cost time: 190.8442645072937
Epoch: 2, Steps: 1071 | Train Loss: 0.3432310 Vali Loss: 0.5631574 Test Loss: 0.4158039
Validation loss decreased (0.564482 --> 0.563157).  Saving model ...
Updating learning rate to 5e-05
Epoch: 3 cost time: 190.01264476776123
Epoch: 3, Steps: 1071 | Train Loss: 0.3238852 Vali Loss: 0.5589507 Test Loss: 0.4250035
Validation loss decreased (0.563157 --> 0.558951).  Saving model ...
Updating learning rate to 2.5e-05
Epoch: 4 cost time: 189.91325616836548
Epoch: 4, Steps: 1071 | Train Loss: 0.3148627 Vali Loss: 0.5552815 Test Loss: 0.4217552
Validation loss decreased (0.558951 --> 0.555281).  Saving model ...
Updating learning rate to 1.25e-05
Epoch: 5 cost time: 191.1790816783905
Epoch: 5, Steps: 1071 | Train Loss: 0.3104925 Vali Loss: 0.5537046 Test Loss: 0.4221730
Validation loss decreased (0.555281 --> 0.553705).  Saving model ...
Updating learning rate to 6.25e-06
Epoch: 6 cost time: 189.87262272834778
Epoch: 6, Steps: 1071 | Train Loss: 0.3083565 Vali Loss: 0.5564134 Test Loss: 0.4229442
EarlyStopping counter: 1 out of 3
Updating learning rate to 3.125e-06
Epoch: 7 cost time: 189.62087678909302
Epoch: 7, Steps: 1071 | Train Loss: 0.3072102 Vali Loss: 0.5530958 Test Loss: 0.4203392
Validation loss decreased (0.553705 --> 0.553096).  Saving model ...
Updating learning rate to 1.5625e-06
Epoch: 8 cost time: 189.89398860931396
Epoch: 8, Steps: 1071 | Train Loss: 0.3066659 Vali Loss: 0.5547983 Test Loss: 0.4209361
EarlyStopping counter: 1 out of 3
Updating learning rate to 7.8125e-07
Epoch: 9 cost time: 190.64176392555237
Epoch: 9, Steps: 1071 | Train Loss: 0.3063830 Vali Loss: 0.5544241 Test Loss: 0.4205862
EarlyStopping counter: 2 out of 3
Updating learning rate to 3.90625e-07
Epoch: 10 cost time: 189.79734182357788
Epoch: 10, Steps: 1071 | Train Loss: 0.3062415 Vali Loss: 0.5544011 Test Loss: 0.4205887
EarlyStopping counter: 3 out of 3
Early stopping
Total training time: 2073.6102 seconds
>>>>>>>testing : ETTm1_FEDformer_random_modes64_ETTm1_ftM_sl96_ll48_pl192_dm512_nh8_el2_dl1_df2048_fc3_ebtimeF_dtTrue_Exp_0_seed3144<<<<<<<<<<<<<<<<<<<<<<<<<<<<<<<<<
test 11329
test shape: (354, 32, 192, 7) (354, 32, 192, 7)
test shape: (11328, 192, 7) (11328, 192, 7)
mse:0.42033952474594116, mae:0.436593621969223
