Args in experiment:
Namespace(L=3, activation='gelu', base='legendre', batch_size=32, c_out=7, checkpoints='./checkpoints/', cross_activation='tanh', d_ff=2048, d_layers=1, d_model=512, data='ETTm2', data_path='ETTm2.csv', dec_in=7, des='Exp', devices='0,1', distil=True, do_predict=False, dropout=0.05, e_layers=2, embed='timeF', embed_type=0, enc_in=7, factor=3, features='M', freq='h', gpu=0, is_training=1, itr=1, label_len=48, learning_rate=0.0001, loss='mse', lradj='type1', mode_select='random', model='FEDformer', modes=64, moving_avg=[24], n_heads=8, num_workers=0, output_attention=False, patience=3, pred_len=96, root_path='../dataset', save_pred_values=False, seed=3293, seq_len=96, target='OT', task_id='ETTm2', train_epochs=10, use_amp=False, use_gpu=True, use_multi_gpu=False, version='Fourier')
Use GPU: cuda:0
fourier enhanced block used!
modes=64, index=[0, 1, 2, 3, 4, 5, 6, 7, 8, 9, 10, 11, 12, 13, 14, 15, 16, 17, 18, 19, 20, 21, 22, 23, 24, 25, 26, 27, 28, 29, 30, 31, 32, 33, 34, 35, 36, 37, 38, 39, 40, 41, 42, 43, 44, 45, 46, 47]
fourier enhanced block used!
modes=64, index=[0, 1, 2, 3, 4, 5, 6, 7, 8, 9, 10, 11, 13, 14, 15, 16, 17, 18, 21, 22, 23, 24, 25, 26, 27, 28, 29, 30, 31, 32, 34, 35, 36, 37, 38, 39, 40, 41, 43, 44, 46, 47, 48, 49, 50, 51, 52, 53, 54, 55, 56, 57, 58, 60, 62, 63, 64, 65, 66, 67, 68, 69, 70, 71]
 fourier enhanced cross attention used!
modes_q=64, index_q=[0, 2, 3, 4, 6, 7, 8, 9, 10, 11, 12, 13, 14, 16, 17, 18, 19, 20, 21, 22, 23, 24, 25, 26, 27, 28, 29, 30, 31, 32, 33, 34, 35, 36, 37, 39, 40, 41, 42, 43, 44, 45, 46, 47, 48, 49, 51, 52, 53, 54, 55, 56, 57, 58, 59, 60, 61, 62, 63, 65, 68, 69, 70, 71]
modes_kv=48, index_kv=[0, 1, 2, 3, 4, 5, 6, 7, 8, 9, 10, 11, 12, 13, 14, 15, 16, 17, 18, 19, 20, 21, 22, 23, 24, 25, 26, 27, 28, 29, 30, 31, 32, 33, 34, 35, 36, 37, 38, 39, 40, 41, 42, 43, 44, 45, 46, 47]
enc_modes: 48, dec_modes: 64
>>>>>>>start training : ETTm2_FEDformer_random_modes64_ETTm2_ftM_sl96_ll48_pl96_dm512_nh8_el2_dl1_df2048_fc3_ebtimeF_dtTrue_Exp_0_seed3293>>>>>>>>>>>>>>>>>>>>>>>>>>
train 34369
val 11425
test 11425
Total number of trainable parameters: 16303127
Total number of parameters: 16303127
Epoch: 1 cost time: 167.10670828819275
Epoch: 1, Steps: 1074 | Train Loss: 0.2675484 Vali Loss: 0.1397919 Test Loss: 0.1993676
Validation loss decreased (inf --> 0.139792).  Saving model ...
Updating learning rate to 0.0001
Epoch: 2 cost time: 163.50829577445984
Epoch: 2, Steps: 1074 | Train Loss: 0.2319358 Vali Loss: 0.1394848 Test Loss: 0.1954423
Validation loss decreased (0.139792 --> 0.139485).  Saving model ...
Updating learning rate to 5e-05
Epoch: 3 cost time: 164.22962045669556
Epoch: 3, Steps: 1074 | Train Loss: 0.2227327 Vali Loss: 0.1333053 Test Loss: 0.1897257
Validation loss decreased (0.139485 --> 0.133305).  Saving model ...
Updating learning rate to 2.5e-05
Epoch: 4 cost time: 164.1505002975464
Epoch: 4, Steps: 1074 | Train Loss: 0.2188296 Vali Loss: 0.1352325 Test Loss: 0.1914308
EarlyStopping counter: 1 out of 3
Updating learning rate to 1.25e-05
Epoch: 5 cost time: 164.13367986679077
Epoch: 5, Steps: 1074 | Train Loss: 0.2170153 Vali Loss: 0.1342502 Test Loss: 0.1903681
EarlyStopping counter: 2 out of 3
Updating learning rate to 6.25e-06
Epoch: 6 cost time: 163.73288464546204
Epoch: 6, Steps: 1074 | Train Loss: 0.2160077 Vali Loss: 0.1338372 Test Loss: 0.1901043
EarlyStopping counter: 3 out of 3
Early stopping
Total training time: 1072.1159 seconds
>>>>>>>testing : ETTm2_FEDformer_random_modes64_ETTm2_ftM_sl96_ll48_pl96_dm512_nh8_el2_dl1_df2048_fc3_ebtimeF_dtTrue_Exp_0_seed3293<<<<<<<<<<<<<<<<<<<<<<<<<<<<<<<<<
test 11425
test shape: (357, 32, 96, 7) (357, 32, 96, 7)
test shape: (11424, 96, 7) (11424, 96, 7)
mse:0.1897255927324295, mae:0.2811683714389801
