Args in experiment:
Namespace(L=3, activation='gelu', base='legendre', batch_size=32, c_out=321, checkpoints='./checkpoints/', cross_activation='tanh', d_ff=2048, d_layers=1, d_model=512, data='custom', data_path='electricity.csv', dec_in=321, des='Exp', devices='0,1', distil=True, do_predict=False, dropout=0.05, e_layers=2, embed='timeF', embed_type=0, enc_in=321, factor=3, features='M', freq='h', gpu=0, is_training=1, itr=1, label_len=48, learning_rate=0.0001, loss='mse', lradj='type1', mode_select='random', model='FEDformer', modes=64, moving_avg=[24], n_heads=8, num_workers=0, output_attention=False, patience=3, pred_len=336, root_path='../dataset', save_pred_values=False, seed=15227, seq_len=96, target='OT', task_id='ECL', train_epochs=10, use_amp=False, use_gpu=True, use_multi_gpu=False, version='Fourier')
Use GPU: cuda:0
fourier enhanced block used!
modes=64, index=[0, 1, 2, 3, 4, 5, 6, 7, 8, 9, 10, 11, 12, 13, 14, 15, 16, 17, 18, 19, 20, 21, 22, 23, 24, 25, 26, 27, 28, 29, 30, 31, 32, 33, 34, 35, 36, 37, 38, 39, 40, 41, 42, 43, 44, 45, 46, 47]
fourier enhanced block used!
modes=64, index=[8, 14, 18, 22, 23, 27, 28, 32, 34, 39, 43, 49, 56, 57, 63, 66, 68, 71, 79, 82, 85, 86, 87, 91, 92, 94, 97, 105, 108, 112, 113, 114, 115, 116, 119, 121, 129, 131, 134, 135, 140, 141, 145, 148, 149, 151, 152, 159, 162, 163, 165, 166, 167, 170, 171, 173, 174, 178, 180, 181, 185, 186, 187, 191]
 fourier enhanced cross attention used!
modes_q=64, index_q=[3, 4, 5, 6, 17, 25, 31, 34, 37, 38, 42, 47, 50, 57, 59, 60, 62, 63, 64, 65, 66, 67, 68, 70, 76, 78, 79, 81, 87, 88, 95, 99, 104, 105, 106, 108, 115, 116, 117, 118, 120, 122, 125, 126, 134, 144, 145, 147, 148, 153, 156, 158, 159, 162, 165, 169, 171, 173, 175, 176, 181, 186, 187, 190]
modes_kv=48, index_kv=[0, 1, 2, 3, 4, 5, 6, 7, 8, 9, 10, 11, 12, 13, 14, 15, 16, 17, 18, 19, 20, 21, 22, 23, 24, 25, 26, 27, 28, 29, 30, 31, 32, 33, 34, 35, 36, 37, 38, 39, 40, 41, 42, 43, 44, 45, 46, 47]
enc_modes: 48, dec_modes: 64
>>>>>>>start training : ECL_FEDformer_random_modes64_custom_ftM_sl96_ll48_pl336_dm512_nh8_el2_dl1_df2048_fc3_ebtimeF_dtTrue_Exp_0_seed15227>>>>>>>>>>>>>>>>>>>>>>>>>>
train 17981
val 2297
test 4925
Total number of trainable parameters: 17911121
Total number of parameters: 17911121
Epoch: 1 cost time: 131.72392058372498
Epoch: 1, Steps: 561 | Train Loss: 0.3040994 Vali Loss: 0.2179841 Test Loss: 0.2557507
Validation loss decreased (inf --> 0.217984).  Saving model ...
Updating learning rate to 0.0001
Epoch: 2 cost time: 128.367196559906
Epoch: 2, Steps: 561 | Train Loss: 0.2255848 Vali Loss: 0.1831844 Test Loss: 0.2203728
Validation loss decreased (0.217984 --> 0.183184).  Saving model ...
Updating learning rate to 5e-05
Epoch: 3 cost time: 128.17359471321106
Epoch: 3, Steps: 561 | Train Loss: 0.2029422 Vali Loss: 0.1811575 Test Loss: 0.2166724
Validation loss decreased (0.183184 --> 0.181157).  Saving model ...
Updating learning rate to 2.5e-05
Epoch: 4 cost time: 128.18400764465332
Epoch: 4, Steps: 561 | Train Loss: 0.1953921 Vali Loss: 0.1761289 Test Loss: 0.2111358
Validation loss decreased (0.181157 --> 0.176129).  Saving model ...
Updating learning rate to 1.25e-05
Epoch: 5 cost time: 128.20416045188904
Epoch: 5, Steps: 561 | Train Loss: 0.1913249 Vali Loss: 0.1764948 Test Loss: 0.2113358
EarlyStopping counter: 1 out of 3
Updating learning rate to 6.25e-06
Epoch: 6 cost time: 128.21371722221375
Epoch: 6, Steps: 561 | Train Loss: 0.1895160 Vali Loss: 0.1758364 Test Loss: 0.2106837
Validation loss decreased (0.176129 --> 0.175836).  Saving model ...
Updating learning rate to 3.125e-06
Epoch: 7 cost time: 128.2352204322815
Epoch: 7, Steps: 561 | Train Loss: 0.1886142 Vali Loss: 0.1757105 Test Loss: 0.2105966
Validation loss decreased (0.175836 --> 0.175710).  Saving model ...
Updating learning rate to 1.5625e-06
Epoch: 8 cost time: 128.18056964874268
Epoch: 8, Steps: 561 | Train Loss: 0.1881682 Vali Loss: 0.1757510 Test Loss: 0.2104797
EarlyStopping counter: 1 out of 3
Updating learning rate to 7.8125e-07
Epoch: 9 cost time: 128.15459728240967
Epoch: 9, Steps: 561 | Train Loss: 0.1879838 Vali Loss: 0.1758890 Test Loss: 0.2105098
EarlyStopping counter: 2 out of 3
Updating learning rate to 3.90625e-07
Epoch: 10 cost time: 128.249361038208
Epoch: 10, Steps: 561 | Train Loss: 0.1878045 Vali Loss: 0.1758486 Test Loss: 0.2107206
EarlyStopping counter: 3 out of 3
Early stopping
Total training time: 1422.9440 seconds
>>>>>>>testing : ECL_FEDformer_random_modes64_custom_ftM_sl96_ll48_pl336_dm512_nh8_el2_dl1_df2048_fc3_ebtimeF_dtTrue_Exp_0_seed15227<<<<<<<<<<<<<<<<<<<<<<<<<<<<<<<<<
test 4925
test shape: (153, 32, 336, 321) (153, 32, 336, 321)
test shape: (4896, 336, 321) (4896, 336, 321)
mse:0.21059666574001312, mae:0.32556819915771484
