Args in experiment:
Namespace(L=3, activation='gelu', base='legendre', batch_size=32, c_out=7, checkpoints='./checkpoints/', cross_activation='tanh', d_ff=2048, d_layers=1, d_model=512, data='ETTh1', data_path='ETTh1.csv', dec_in=7, des='Exp', devices='0,1', distil=True, do_predict=False, dropout=0.05, e_layers=2, embed='timeF', embed_type=0, enc_in=7, factor=3, features='M', freq='h', gpu=0, is_training=1, itr=1, label_len=48, learning_rate=0.0001, loss='mse', lradj='type1', mode_select='random', model='FEDformer', modes=64, moving_avg=[24], n_heads=8, num_workers=0, output_attention=False, patience=3, pred_len=192, root_path='../dataset', save_pred_values=False, seed=15726, seq_len=96, target='OT', task_id='ETTh1', train_epochs=10, use_amp=False, use_gpu=True, use_multi_gpu=False, version='Fourier')
Use GPU: cuda:0
fourier enhanced block used!
modes=64, index=[0, 1, 2, 3, 4, 5, 6, 7, 8, 9, 10, 11, 12, 13, 14, 15, 16, 17, 18, 19, 20, 21, 22, 23, 24, 25, 26, 27, 28, 29, 30, 31, 32, 33, 34, 35, 36, 37, 38, 39, 40, 41, 42, 43, 44, 45, 46, 47]
fourier enhanced block used!
modes=64, index=[1, 2, 5, 6, 9, 10, 13, 14, 15, 16, 17, 18, 21, 22, 26, 29, 30, 33, 34, 35, 37, 38, 39, 40, 41, 42, 43, 44, 46, 49, 50, 51, 52, 55, 56, 58, 60, 61, 64, 65, 66, 67, 69, 73, 74, 77, 78, 80, 84, 85, 88, 93, 94, 96, 97, 98, 103, 108, 109, 112, 114, 115, 116, 119]
 fourier enhanced cross attention used!
modes_q=64, index_q=[0, 1, 3, 4, 5, 6, 7, 9, 10, 11, 12, 13, 14, 16, 17, 19, 20, 21, 22, 23, 24, 26, 27, 28, 29, 35, 37, 39, 41, 43, 44, 46, 48, 49, 50, 51, 52, 53, 54, 55, 56, 60, 61, 62, 65, 67, 68, 72, 73, 76, 79, 82, 83, 84, 85, 86, 88, 95, 102, 103, 105, 107, 115, 118]
modes_kv=48, index_kv=[0, 1, 2, 3, 4, 5, 6, 7, 8, 9, 10, 11, 12, 13, 14, 15, 16, 17, 18, 19, 20, 21, 22, 23, 24, 25, 26, 27, 28, 29, 30, 31, 32, 33, 34, 35, 36, 37, 38, 39, 40, 41, 42, 43, 44, 45, 46, 47]
enc_modes: 48, dec_modes: 64
>>>>>>>start training : ETTh1_FEDformer_random_modes64_ETTh1_ftM_sl96_ll48_pl192_dm512_nh8_el2_dl1_df2048_fc3_ebtimeF_dtTrue_Exp_0_seed15726>>>>>>>>>>>>>>>>>>>>>>>>>>
train 8353
val 2689
test 2689
Total number of trainable parameters: 16303127
Total number of parameters: 16303127
Epoch: 1 cost time: 48.87090849876404
Epoch: 1, Steps: 261 | Train Loss: 0.4809651 Vali Loss: 1.0706776 Test Loss: 0.4329588
Validation loss decreased (inf --> 1.070678).  Saving model ...
Updating learning rate to 0.0001
Epoch: 2 cost time: 45.57297396659851
Epoch: 2, Steps: 261 | Train Loss: 0.4276914 Vali Loss: 1.0575362 Test Loss: 0.4233699
Validation loss decreased (1.070678 --> 1.057536).  Saving model ...
Updating learning rate to 5e-05
Epoch: 3 cost time: 45.69660186767578
Epoch: 3, Steps: 261 | Train Loss: 0.4155617 Vali Loss: 1.0430807 Test Loss: 0.4172058
Validation loss decreased (1.057536 --> 1.043081).  Saving model ...
Updating learning rate to 2.5e-05
Epoch: 4 cost time: 45.46763777732849
Epoch: 4, Steps: 261 | Train Loss: 0.4104390 Vali Loss: 1.0454978 Test Loss: 0.4227720
EarlyStopping counter: 1 out of 3
Updating learning rate to 1.25e-05
Epoch: 5 cost time: 45.951247453689575
Epoch: 5, Steps: 261 | Train Loss: 0.4082003 Vali Loss: 1.0482752 Test Loss: 0.4203584
EarlyStopping counter: 2 out of 3
Updating learning rate to 6.25e-06
Epoch: 6 cost time: 45.4756293296814
Epoch: 6, Steps: 261 | Train Loss: 0.4071191 Vali Loss: 1.0441241 Test Loss: 0.4209187
EarlyStopping counter: 3 out of 3
Early stopping
Total training time: 301.1110 seconds
>>>>>>>testing : ETTh1_FEDformer_random_modes64_ETTh1_ftM_sl96_ll48_pl192_dm512_nh8_el2_dl1_df2048_fc3_ebtimeF_dtTrue_Exp_0_seed15726<<<<<<<<<<<<<<<<<<<<<<<<<<<<<<<<<
test 2689
test shape: (84, 32, 192, 7) (84, 32, 192, 7)
test shape: (2688, 192, 7) (2688, 192, 7)
mse:0.4172057807445526, mae:0.4405304789543152
