Args in experiment:
Namespace(L=3, activation='gelu', base='legendre', batch_size=32, c_out=8, checkpoints='./checkpoints/', cross_activation='tanh', d_ff=2048, d_layers=1, d_model=512, data='custom', data_path='exchange_rate.csv', dec_in=8, des='Exp', devices='0,1', distil=True, do_predict=False, dropout=0.05, e_layers=2, embed='timeF', embed_type=0, enc_in=8, factor=3, features='M', freq='h', gpu=0, is_training=1, itr=1, label_len=48, learning_rate=0.0001, loss='mse', lradj='type1', mode_select='random', model='FEDformer', modes=64, moving_avg=[24], n_heads=8, num_workers=0, output_attention=False, patience=3, pred_len=720, root_path='../dataset', save_pred_values=False, seed=15726, seq_len=96, target='OT', task_id='Exchange', train_epochs=10, use_amp=False, use_gpu=True, use_multi_gpu=False, version='Fourier')
Use GPU: cuda:0
fourier enhanced block used!
modes=64, index=[0, 1, 2, 3, 4, 5, 6, 7, 8, 9, 10, 11, 12, 13, 14, 15, 16, 17, 18, 19, 20, 21, 22, 23, 24, 25, 26, 27, 28, 29, 30, 31, 32, 33, 34, 35, 36, 37, 38, 39, 40, 41, 42, 43, 44, 45, 46, 47]
fourier enhanced block used!
modes=64, index=[7, 13, 17, 24, 27, 30, 35, 37, 43, 48, 49, 51, 53, 57, 68, 80, 88, 94, 107, 127, 128, 141, 145, 149, 150, 152, 155, 165, 182, 183, 186, 189, 207, 208, 226, 235, 246, 248, 251, 261, 263, 269, 280, 282, 284, 290, 293, 294, 295, 296, 303, 304, 305, 306, 316, 317, 328, 330, 331, 341, 342, 359, 364, 374]
 fourier enhanced cross attention used!
modes_q=64, index_q=[1, 9, 18, 22, 27, 29, 31, 36, 50, 55, 56, 63, 68, 69, 72, 88, 89, 93, 104, 112, 121, 125, 128, 130, 131, 132, 140, 147, 151, 157, 160, 162, 164, 175, 178, 179, 200, 203, 209, 211, 212, 213, 216, 217, 218, 223, 232, 238, 244, 249, 268, 278, 283, 297, 301, 305, 306, 310, 311, 322, 331, 333, 352, 361]
modes_kv=48, index_kv=[0, 1, 2, 3, 4, 5, 6, 7, 8, 9, 10, 11, 12, 13, 14, 15, 16, 17, 18, 19, 20, 21, 22, 23, 24, 25, 26, 27, 28, 29, 30, 31, 32, 33, 34, 35, 36, 37, 38, 39, 40, 41, 42, 43, 44, 45, 46, 47]
enc_modes: 48, dec_modes: 64
>>>>>>>start training : Exchange_FEDformer_random_modes64_custom_ftM_sl96_ll48_pl720_dm512_nh8_el2_dl1_df2048_fc3_ebtimeF_dtTrue_Exp_0_seed15726>>>>>>>>>>>>>>>>>>>>>>>>>>
train 4496
val 41
test 798
Total number of trainable parameters: 16308248
Total number of parameters: 16308248
Epoch: 1 cost time: 46.468082904815674
Epoch: 1, Steps: 140 | Train Loss: 0.9020229 Vali Loss: 1.0707651 Test Loss: 1.1002200
Validation loss decreased (inf --> 1.070765).  Saving model ...
Updating learning rate to 0.0001
Epoch: 2 cost time: 43.14326786994934
Epoch: 2, Steps: 140 | Train Loss: 0.8713099 Vali Loss: 1.0805008 Test Loss: 1.0976470
EarlyStopping counter: 1 out of 3
Updating learning rate to 5e-05
Epoch: 3 cost time: 43.04887080192566
Epoch: 3, Steps: 140 | Train Loss: 0.8644332 Vali Loss: 1.0542909 Test Loss: 1.1132392
Validation loss decreased (1.070765 --> 1.054291).  Saving model ...
Updating learning rate to 2.5e-05
Epoch: 4 cost time: 42.95419788360596
Epoch: 4, Steps: 140 | Train Loss: 0.8627567 Vali Loss: 1.0727897 Test Loss: 1.1015817
EarlyStopping counter: 1 out of 3
Updating learning rate to 1.25e-05
Epoch: 5 cost time: 42.93806052207947
Epoch: 5, Steps: 140 | Train Loss: 0.8621090 Vali Loss: 1.0499736 Test Loss: 1.1228914
Validation loss decreased (1.054291 --> 1.049974).  Saving model ...
Updating learning rate to 6.25e-06
Epoch: 6 cost time: 42.92688345909119
Epoch: 6, Steps: 140 | Train Loss: 0.8617737 Vali Loss: 1.0590297 Test Loss: 1.1154736
EarlyStopping counter: 1 out of 3
Updating learning rate to 3.125e-06
Epoch: 7 cost time: 42.845094442367554
Epoch: 7, Steps: 140 | Train Loss: 0.8619469 Vali Loss: 1.0563911 Test Loss: 1.1185492
EarlyStopping counter: 2 out of 3
Updating learning rate to 1.5625e-06
Epoch: 8 cost time: 42.934141635894775
Epoch: 8, Steps: 140 | Train Loss: 0.8613822 Vali Loss: 1.0539536 Test Loss: 1.1196786
EarlyStopping counter: 3 out of 3
Early stopping
Total training time: 357.0908 seconds
>>>>>>>testing : Exchange_FEDformer_random_modes64_custom_ftM_sl96_ll48_pl720_dm512_nh8_el2_dl1_df2048_fc3_ebtimeF_dtTrue_Exp_0_seed15726<<<<<<<<<<<<<<<<<<<<<<<<<<<<<<<<<
test 798
test shape: (24, 32, 720, 8) (24, 32, 720, 8)
test shape: (768, 720, 8) (768, 720, 8)
mse:1.1228913068771362, mae:0.819853663444519
