Args in experiment:
Namespace(L=3, activation='gelu', base='legendre', batch_size=32, c_out=7, checkpoints='./checkpoints/', cross_activation='tanh', d_ff=2048, d_layers=1, d_model=512, data='custom', data_path='national_illness.csv', dec_in=7, des='Exp', devices='0,1', distil=True, do_predict=False, dropout=0.05, e_layers=2, embed='timeF', embed_type=0, enc_in=7, factor=3, features='M', freq='h', gpu=0, is_training=1, itr=1, label_len=18, learning_rate=0.0001, loss='mse', lradj='type1', mode_select='random', model='FEDformer', modes=64, moving_avg=[24], n_heads=8, num_workers=0, output_attention=False, patience=3, pred_len=36, root_path='../dataset', save_pred_values=False, seed=3293, seq_len=36, target='OT', task_id='ili', train_epochs=10, use_amp=False, use_gpu=True, use_multi_gpu=False, version='Fourier')
Use GPU: cuda:0
fourier enhanced block used!
modes=64, index=[0, 1, 2, 3, 4, 5, 6, 7, 8, 9, 10, 11, 12, 13, 14, 15, 16, 17]
fourier enhanced block used!
modes=64, index=[0, 1, 2, 3, 4, 5, 6, 7, 8, 9, 10, 11, 12, 13, 14, 15, 16, 17, 18, 19, 20, 21, 22, 23, 24, 25, 26]
 fourier enhanced cross attention used!
modes_q=27, index_q=[0, 1, 2, 3, 4, 5, 6, 7, 8, 9, 10, 11, 12, 13, 14, 15, 16, 17, 18, 19, 20, 21, 22, 23, 24, 25, 26]
modes_kv=18, index_kv=[0, 1, 2, 3, 4, 5, 6, 7, 8, 9, 10, 11, 12, 13, 14, 15, 16, 17]
enc_modes: 18, dec_modes: 27
>>>>>>>start training : ili_FEDformer_random_modes64_custom_ftM_sl36_ll18_pl36_dm512_nh8_el2_dl1_df2048_fc3_ebtimeF_dtTrue_Exp_0_seed3293>>>>>>>>>>>>>>>>>>>>>>>>>>
train 605
val 62
test 158
Total number of trainable parameters: 12895255
Total number of parameters: 12895255
Epoch: 1 cost time: 4.42173957824707
Epoch: 1, Steps: 18 | Train Loss: 0.9957044 Vali Loss: 0.5715374 Test Loss: 3.5635080
Validation loss decreased (inf --> 0.571537).  Saving model ...
Updating learning rate to 0.0001
Epoch: 2 cost time: 0.9212448596954346
Epoch: 2, Steps: 18 | Train Loss: 0.7644225 Vali Loss: 0.3989468 Test Loss: 2.9113250
Validation loss decreased (0.571537 --> 0.398947).  Saving model ...
Updating learning rate to 5e-05
Epoch: 3 cost time: 0.9318325519561768
Epoch: 3, Steps: 18 | Train Loss: 0.6440961 Vali Loss: 0.3114626 Test Loss: 2.7426796
Validation loss decreased (0.398947 --> 0.311463).  Saving model ...
Updating learning rate to 2.5e-05
Epoch: 4 cost time: 0.9080042839050293
Epoch: 4, Steps: 18 | Train Loss: 0.6367519 Vali Loss: 0.3002594 Test Loss: 2.7089157
Validation loss decreased (0.311463 --> 0.300259).  Saving model ...
Updating learning rate to 1.25e-05
Epoch: 5 cost time: 0.9183351993560791
Epoch: 5, Steps: 18 | Train Loss: 0.6178689 Vali Loss: 0.3257610 Test Loss: 2.6779754
EarlyStopping counter: 1 out of 3
Updating learning rate to 6.25e-06
Epoch: 6 cost time: 0.9111278057098389
Epoch: 6, Steps: 18 | Train Loss: 0.6129925 Vali Loss: 0.2955210 Test Loss: 2.6554155
Validation loss decreased (0.300259 --> 0.295521).  Saving model ...
Updating learning rate to 3.125e-06
Epoch: 7 cost time: 0.9580719470977783
Epoch: 7, Steps: 18 | Train Loss: 0.5989020 Vali Loss: 0.2779238 Test Loss: 2.6448269
Validation loss decreased (0.295521 --> 0.277924).  Saving model ...
Updating learning rate to 1.5625e-06
Epoch: 8 cost time: 0.9897153377532959
Epoch: 8, Steps: 18 | Train Loss: 0.5819869 Vali Loss: 0.3131988 Test Loss: 2.6435604
EarlyStopping counter: 1 out of 3
Updating learning rate to 7.8125e-07
Epoch: 9 cost time: 0.8322386741638184
Epoch: 9, Steps: 18 | Train Loss: 0.5932394 Vali Loss: 0.3170970 Test Loss: 2.6415632
EarlyStopping counter: 2 out of 3
Updating learning rate to 3.90625e-07
Epoch: 10 cost time: 0.8010554313659668
Epoch: 10, Steps: 18 | Train Loss: 0.6008878 Vali Loss: 0.2993516 Test Loss: 2.6408935
EarlyStopping counter: 3 out of 3
Early stopping
Total training time: 14.8133 seconds
>>>>>>>testing : ili_FEDformer_random_modes64_custom_ftM_sl36_ll18_pl36_dm512_nh8_el2_dl1_df2048_fc3_ebtimeF_dtTrue_Exp_0_seed3293<<<<<<<<<<<<<<<<<<<<<<<<<<<<<<<<<
test 158
test shape: (4, 32, 36, 7) (4, 32, 36, 7)
test shape: (128, 36, 7) (128, 36, 7)
mse:2.644826889038086, mae:1.0691750049591064
