Args in experiment:
Namespace(L=3, activation='gelu', base='legendre', batch_size=32, c_out=862, checkpoints='./checkpoints/', cross_activation='tanh', d_ff=2048, d_layers=1, d_model=512, data='custom', data_path='traffic.csv', dec_in=862, des='Exp', devices='0,1', distil=True, do_predict=False, dropout=0.05, e_layers=2, embed='timeF', embed_type=0, enc_in=862, factor=3, features='M', freq='h', gpu=0, is_training=1, itr=1, label_len=48, learning_rate=0.0001, loss='mse', lradj='type1', mode_select='random', model='FEDformer', modes=64, moving_avg=[24], n_heads=8, num_workers=0, output_attention=False, patience=3, pred_len=336, root_path='../dataset', save_pred_values=False, seed=15726, seq_len=96, target='OT', task_id='traffic', train_epochs=10, use_amp=False, use_gpu=True, use_multi_gpu=False, version='Fourier')
Use GPU: cuda:0
fourier enhanced block used!
modes=64, index=[0, 1, 2, 3, 4, 5, 6, 7, 8, 9, 10, 11, 12, 13, 14, 15, 16, 17, 18, 19, 20, 21, 22, 23, 24, 25, 26, 27, 28, 29, 30, 31, 32, 33, 34, 35, 36, 37, 38, 39, 40, 41, 42, 43, 44, 45, 46, 47]
fourier enhanced block used!
modes=64, index=[1, 3, 4, 5, 7, 9, 10, 13, 17, 20, 22, 24, 29, 33, 35, 37, 39, 47, 48, 49, 52, 55, 56, 61, 64, 65, 69, 73, 82, 85, 91, 94, 103, 106, 109, 116, 119, 122, 124, 127, 129, 133, 136, 137, 138, 143, 146, 150, 161, 162, 164, 165, 169, 170, 172, 174, 177, 178, 179, 180, 183, 188, 189, 191]
 fourier enhanced cross attention used!
modes_q=64, index_q=[6, 7, 12, 13, 17, 18, 24, 25, 26, 27, 30, 35, 37, 40, 41, 42, 43, 48, 49, 51, 53, 57, 63, 67, 68, 70, 75, 80, 83, 86, 87, 88, 89, 94, 100, 118, 119, 120, 128, 131, 132, 134, 137, 139, 141, 142, 143, 145, 154, 155, 156, 159, 160, 161, 167, 168, 175, 176, 178, 181, 182, 184, 187, 189]
modes_kv=48, index_kv=[0, 1, 2, 3, 4, 5, 6, 7, 8, 9, 10, 11, 12, 13, 14, 15, 16, 17, 18, 19, 20, 21, 22, 23, 24, 25, 26, 27, 28, 29, 30, 31, 32, 33, 34, 35, 36, 37, 38, 39, 40, 41, 42, 43, 44, 45, 46, 47]
enc_modes: 48, dec_modes: 64
>>>>>>>start training : traffic_FEDformer_random_modes64_custom_ftM_sl96_ll48_pl336_dm512_nh8_el2_dl1_df2048_fc3_ebtimeF_dtTrue_Exp_0_seed15726>>>>>>>>>>>>>>>>>>>>>>>>>>
train 11849
val 1421
test 3173
Total number of trainable parameters: 20681582
Total number of parameters: 20681582
Epoch: 1 cost time: 100.59439587593079
Epoch: 1, Steps: 370 | Train Loss: 0.4184905 Vali Loss: 0.4903271 Test Loss: 0.6282088
Validation loss decreased (inf --> 0.490327).  Saving model ...
Updating learning rate to 0.0001
Epoch: 2 cost time: 96.98567700386047
Epoch: 2, Steps: 370 | Train Loss: 0.2857995 Vali Loss: 0.4734365 Test Loss: 0.6320730
Validation loss decreased (0.490327 --> 0.473437).  Saving model ...
Updating learning rate to 5e-05
Epoch: 3 cost time: 97.15194582939148
Epoch: 3, Steps: 370 | Train Loss: 0.2665155 Vali Loss: 0.4676058 Test Loss: 0.6234770
Validation loss decreased (0.473437 --> 0.467606).  Saving model ...
Updating learning rate to 2.5e-05
Epoch: 4 cost time: 96.8294005393982
Epoch: 4, Steps: 370 | Train Loss: 0.2591942 Vali Loss: 0.4666379 Test Loss: 0.6280937
Validation loss decreased (0.467606 --> 0.466638).  Saving model ...
Updating learning rate to 1.25e-05
Epoch: 5 cost time: 96.66374182701111
Epoch: 5, Steps: 370 | Train Loss: 0.2555276 Vali Loss: 0.4657597 Test Loss: 0.6266209
Validation loss decreased (0.466638 --> 0.465760).  Saving model ...
Updating learning rate to 6.25e-06
Epoch: 6 cost time: 97.02996635437012
Epoch: 6, Steps: 370 | Train Loss: 0.2536309 Vali Loss: 0.4643718 Test Loss: 0.6247973
Validation loss decreased (0.465760 --> 0.464372).  Saving model ...
Updating learning rate to 3.125e-06
Epoch: 7 cost time: 96.91005516052246
Epoch: 7, Steps: 370 | Train Loss: 0.2526060 Vali Loss: 0.4659280 Test Loss: 0.6258425
EarlyStopping counter: 1 out of 3
Updating learning rate to 1.5625e-06
Epoch: 8 cost time: 96.93939971923828
Epoch: 8, Steps: 370 | Train Loss: 0.2521229 Vali Loss: 0.4653066 Test Loss: 0.6259637
EarlyStopping counter: 2 out of 3
Updating learning rate to 7.8125e-07
Epoch: 9 cost time: 97.15686011314392
Epoch: 9, Steps: 370 | Train Loss: 0.2518174 Vali Loss: 0.4651065 Test Loss: 0.6260880
EarlyStopping counter: 3 out of 3
Early stopping
Total training time: 1027.9164 seconds
>>>>>>>testing : traffic_FEDformer_random_modes64_custom_ftM_sl96_ll48_pl336_dm512_nh8_el2_dl1_df2048_fc3_ebtimeF_dtTrue_Exp_0_seed15726<<<<<<<<<<<<<<<<<<<<<<<<<<<<<<<<<
test 3173
test shape: (99, 32, 336, 862) (99, 32, 336, 862)
test shape: (3168, 336, 862) (3168, 336, 862)
mse:0.6247976422309875, mae:0.38604632019996643
