Args in experiment:
Namespace(L=3, activation='gelu', base='legendre', batch_size=32, c_out=21, checkpoints='./checkpoints/', cross_activation='tanh', d_ff=2048, d_layers=1, d_model=512, data='custom', data_path='weather.csv', dec_in=21, des='Exp', devices='0,1', distil=True, do_predict=False, dropout=0.05, e_layers=2, embed='timeF', embed_type=0, enc_in=21, factor=3, features='M', freq='h', gpu=0, is_training=1, itr=1, label_len=48, learning_rate=0.0001, loss='mse', lradj='type1', mode_select='random', model='FEDformer', modes=64, moving_avg=[24], n_heads=8, num_workers=0, output_attention=False, patience=3, pred_len=192, root_path='../dataset', save_pred_values=False, seed=32598, seq_len=96, target='OT', task_id='weather', train_epochs=10, use_amp=False, use_gpu=True, use_multi_gpu=False, version='Fourier')
Use GPU: cuda:0
fourier enhanced block used!
modes=64, index=[0, 1, 2, 3, 4, 5, 6, 7, 8, 9, 10, 11, 12, 13, 14, 15, 16, 17, 18, 19, 20, 21, 22, 23, 24, 25, 26, 27, 28, 29, 30, 31, 32, 33, 34, 35, 36, 37, 38, 39, 40, 41, 42, 43, 44, 45, 46, 47]
fourier enhanced block used!
modes=64, index=[1, 3, 4, 6, 8, 10, 11, 14, 18, 20, 21, 22, 25, 26, 28, 31, 32, 33, 34, 35, 37, 38, 39, 40, 41, 43, 44, 47, 48, 51, 52, 54, 55, 57, 59, 60, 66, 68, 71, 72, 74, 76, 78, 79, 81, 83, 84, 92, 93, 94, 95, 98, 100, 102, 107, 108, 110, 111, 112, 113, 114, 116, 118, 119]
 fourier enhanced cross attention used!
modes_q=64, index_q=[2, 3, 4, 6, 8, 11, 12, 13, 19, 21, 22, 23, 25, 27, 28, 31, 32, 33, 34, 36, 38, 39, 40, 41, 43, 44, 47, 48, 50, 54, 57, 59, 61, 62, 64, 66, 67, 68, 70, 72, 73, 74, 75, 76, 77, 78, 80, 81, 83, 84, 86, 87, 88, 89, 90, 93, 94, 95, 98, 102, 103, 107, 113, 114]
modes_kv=48, index_kv=[0, 1, 2, 3, 4, 5, 6, 7, 8, 9, 10, 11, 12, 13, 14, 15, 16, 17, 18, 19, 20, 21, 22, 23, 24, 25, 26, 27, 28, 29, 30, 31, 32, 33, 34, 35, 36, 37, 38, 39, 40, 41, 42, 43, 44, 45, 46, 47]
enc_modes: 48, dec_modes: 64
>>>>>>>start training : weather_FEDformer_random_modes64_custom_ftM_sl96_ll48_pl192_dm512_nh8_el2_dl1_df2048_fc3_ebtimeF_dtTrue_Exp_0_seed32598>>>>>>>>>>>>>>>>>>>>>>>>>>
train 36600
val 5079
test 10348
Total number of trainable parameters: 16374821
Total number of parameters: 16374821
Epoch: 1 cost time: 203.03142404556274
Epoch: 1, Steps: 1143 | Train Loss: 0.5626019 Vali Loss: 0.5326070 Test Loss: 0.2760611
Validation loss decreased (inf --> 0.532607).  Saving model ...
Updating learning rate to 0.0001
Epoch: 2 cost time: 199.32674098014832
Epoch: 2, Steps: 1143 | Train Loss: 0.5208739 Vali Loss: 0.5212777 Test Loss: 0.2672276
Validation loss decreased (0.532607 --> 0.521278).  Saving model ...
Updating learning rate to 5e-05
Epoch: 3 cost time: 199.19591617584229
Epoch: 3, Steps: 1143 | Train Loss: 0.5107023 Vali Loss: 0.5213680 Test Loss: 0.2710425
EarlyStopping counter: 1 out of 3
Updating learning rate to 2.5e-05
Epoch: 4 cost time: 199.72429966926575
Epoch: 4, Steps: 1143 | Train Loss: 0.5056134 Vali Loss: 0.5216671 Test Loss: 0.2698772
EarlyStopping counter: 2 out of 3
Updating learning rate to 1.25e-05
Epoch: 5 cost time: 199.41672229766846
Epoch: 5, Steps: 1143 | Train Loss: 0.5023741 Vali Loss: 0.5222573 Test Loss: 0.2704668
EarlyStopping counter: 3 out of 3
Early stopping
Total training time: 1056.8884 seconds
>>>>>>>testing : weather_FEDformer_random_modes64_custom_ftM_sl96_ll48_pl192_dm512_nh8_el2_dl1_df2048_fc3_ebtimeF_dtTrue_Exp_0_seed32598<<<<<<<<<<<<<<<<<<<<<<<<<<<<<<<<<
test 10348
test shape: (323, 32, 192, 21) (323, 32, 192, 21)
test shape: (10336, 192, 21) (10336, 192, 21)
mse:0.26722756028175354, mae:0.3310629427433014
