Args in experiment:
Namespace(L=3, activation='gelu', base='legendre', batch_size=32, c_out=321, checkpoints='./checkpoints/', cross_activation='tanh', d_ff=2048, d_layers=1, d_model=512, data='custom', data_path='electricity.csv', dec_in=321, des='Exp', devices='0,1', distil=True, do_predict=False, dropout=0.05, e_layers=2, embed='timeF', embed_type=0, enc_in=321, factor=3, features='M', freq='h', gpu=0, is_training=1, itr=1, label_len=48, learning_rate=0.0001, loss='mse', lradj='type1', mode_select='random', model='FEDformer', modes=64, moving_avg=[24], n_heads=8, num_workers=0, output_attention=False, patience=3, pred_len=336, root_path='../dataset', save_pred_values=False, seed=3293, seq_len=96, target='OT', task_id='ECL', train_epochs=10, use_amp=False, use_gpu=True, use_multi_gpu=False, version='Fourier')
Use GPU: cuda:0
fourier enhanced block used!
modes=64, index=[0, 1, 2, 3, 4, 5, 6, 7, 8, 9, 10, 11, 12, 13, 14, 15, 16, 17, 18, 19, 20, 21, 22, 23, 24, 25, 26, 27, 28, 29, 30, 31, 32, 33, 34, 35, 36, 37, 38, 39, 40, 41, 42, 43, 44, 45, 46, 47]
fourier enhanced block used!
modes=64, index=[6, 9, 11, 13, 17, 26, 27, 29, 31, 33, 36, 37, 42, 43, 44, 46, 47, 49, 52, 53, 54, 56, 58, 60, 70, 72, 73, 74, 75, 86, 88, 94, 99, 101, 102, 106, 107, 108, 111, 114, 117, 118, 124, 131, 141, 143, 149, 153, 154, 156, 162, 164, 165, 169, 172, 176, 178, 179, 182, 183, 184, 185, 186, 188]
 fourier enhanced cross attention used!
modes_q=64, index_q=[5, 6, 7, 11, 14, 16, 20, 31, 37, 44, 45, 49, 50, 53, 61, 62, 63, 65, 66, 72, 73, 76, 78, 83, 86, 87, 88, 91, 94, 96, 97, 100, 101, 102, 103, 104, 106, 109, 110, 115, 119, 123, 124, 130, 132, 137, 144, 146, 147, 148, 152, 155, 157, 159, 164, 165, 167, 170, 171, 180, 182, 183, 184, 187]
modes_kv=48, index_kv=[0, 1, 2, 3, 4, 5, 6, 7, 8, 9, 10, 11, 12, 13, 14, 15, 16, 17, 18, 19, 20, 21, 22, 23, 24, 25, 26, 27, 28, 29, 30, 31, 32, 33, 34, 35, 36, 37, 38, 39, 40, 41, 42, 43, 44, 45, 46, 47]
enc_modes: 48, dec_modes: 64
>>>>>>>start training : ECL_FEDformer_random_modes64_custom_ftM_sl96_ll48_pl336_dm512_nh8_el2_dl1_df2048_fc3_ebtimeF_dtTrue_Exp_0_seed3293>>>>>>>>>>>>>>>>>>>>>>>>>>
train 17981
val 2297
test 4925
Total number of trainable parameters: 17911121
Total number of parameters: 17911121
Epoch: 1 cost time: 132.03141593933105
Epoch: 1, Steps: 561 | Train Loss: 0.3048292 Vali Loss: 0.2229223 Test Loss: 0.2614660
Validation loss decreased (inf --> 0.222922).  Saving model ...
Updating learning rate to 0.0001
Epoch: 2 cost time: 129.01888298988342
Epoch: 2, Steps: 561 | Train Loss: 0.2326294 Vali Loss: 0.1909473 Test Loss: 0.2264856
Validation loss decreased (0.222922 --> 0.190947).  Saving model ...
Updating learning rate to 5e-05
Epoch: 3 cost time: 128.2501027584076
Epoch: 3, Steps: 561 | Train Loss: 0.2073444 Vali Loss: 0.1850173 Test Loss: 0.2200637
Validation loss decreased (0.190947 --> 0.185017).  Saving model ...
Updating learning rate to 2.5e-05
Epoch: 4 cost time: 128.58732652664185
Epoch: 4, Steps: 561 | Train Loss: 0.1996618 Vali Loss: 0.1812485 Test Loss: 0.2201525
Validation loss decreased (0.185017 --> 0.181249).  Saving model ...
Updating learning rate to 1.25e-05
Epoch: 5 cost time: 128.60954666137695
Epoch: 5, Steps: 561 | Train Loss: 0.1961705 Vali Loss: 0.1826306 Test Loss: 0.2206755
EarlyStopping counter: 1 out of 3
Updating learning rate to 6.25e-06
Epoch: 6 cost time: 128.47806692123413
Epoch: 6, Steps: 561 | Train Loss: 0.1944796 Vali Loss: 0.1812771 Test Loss: 0.2189571
EarlyStopping counter: 2 out of 3
Updating learning rate to 3.125e-06
Epoch: 7 cost time: 128.73385167121887
Epoch: 7, Steps: 561 | Train Loss: 0.1936305 Vali Loss: 0.1814767 Test Loss: 0.2201018
EarlyStopping counter: 3 out of 3
Early stopping
Total training time: 999.8072 seconds
>>>>>>>testing : ECL_FEDformer_random_modes64_custom_ftM_sl96_ll48_pl336_dm512_nh8_el2_dl1_df2048_fc3_ebtimeF_dtTrue_Exp_0_seed3293<<<<<<<<<<<<<<<<<<<<<<<<<<<<<<<<<
test 4925
test shape: (153, 32, 336, 321) (153, 32, 336, 321)
test shape: (4896, 336, 321) (4896, 336, 321)
mse:0.22015230357646942, mae:0.3346540033817291
