Args in experiment:
Namespace(L=3, activation='gelu', base='legendre', batch_size=32, c_out=862, checkpoints='./checkpoints/', cross_activation='tanh', d_ff=2048, d_layers=1, d_model=512, data='custom', data_path='traffic.csv', dec_in=862, des='Exp', devices='0,1', distil=True, do_predict=False, dropout=0.05, e_layers=2, embed='timeF', embed_type=0, enc_in=862, factor=3, features='M', freq='h', gpu=0, is_training=1, itr=1, label_len=48, learning_rate=0.0001, loss='mse', lradj='type1', mode_select='random', model='FEDformer', modes=64, moving_avg=[24], n_heads=8, num_workers=0, output_attention=False, patience=3, pred_len=192, root_path='../dataset', save_pred_values=False, seed=25565, seq_len=96, target='OT', task_id='traffic', train_epochs=10, use_amp=False, use_gpu=True, use_multi_gpu=False, version='Fourier')
Use GPU: cuda:0
fourier enhanced block used!
modes=64, index=[0, 1, 2, 3, 4, 5, 6, 7, 8, 9, 10, 11, 12, 13, 14, 15, 16, 17, 18, 19, 20, 21, 22, 23, 24, 25, 26, 27, 28, 29, 30, 31, 32, 33, 34, 35, 36, 37, 38, 39, 40, 41, 42, 43, 44, 45, 46, 47]
fourier enhanced block used!
modes=64, index=[0, 2, 3, 7, 14, 16, 19, 22, 24, 26, 27, 28, 29, 31, 34, 35, 37, 38, 39, 40, 42, 43, 44, 46, 47, 49, 52, 53, 56, 57, 58, 60, 63, 66, 67, 68, 70, 74, 77, 79, 81, 83, 84, 85, 87, 89, 92, 94, 98, 99, 102, 103, 104, 105, 106, 107, 108, 109, 113, 114, 115, 116, 117, 118]
 fourier enhanced cross attention used!
modes_q=64, index_q=[2, 3, 4, 5, 7, 8, 9, 10, 11, 20, 24, 25, 26, 28, 29, 32, 33, 34, 35, 36, 39, 42, 44, 45, 49, 50, 51, 52, 53, 54, 55, 56, 57, 58, 60, 61, 63, 66, 67, 68, 70, 74, 77, 78, 79, 80, 86, 87, 88, 89, 90, 92, 94, 95, 96, 99, 102, 104, 105, 111, 112, 113, 115, 116]
modes_kv=48, index_kv=[0, 1, 2, 3, 4, 5, 6, 7, 8, 9, 10, 11, 12, 13, 14, 15, 16, 17, 18, 19, 20, 21, 22, 23, 24, 25, 26, 27, 28, 29, 30, 31, 32, 33, 34, 35, 36, 37, 38, 39, 40, 41, 42, 43, 44, 45, 46, 47]
enc_modes: 48, dec_modes: 64
>>>>>>>start training : traffic_FEDformer_random_modes64_custom_ftM_sl96_ll48_pl192_dm512_nh8_el2_dl1_df2048_fc3_ebtimeF_dtTrue_Exp_0_seed25565>>>>>>>>>>>>>>>>>>>>>>>>>>
train 11993
val 1565
test 3317
Total number of trainable parameters: 20681582
Total number of parameters: 20681582
Epoch: 1 cost time: 81.59323120117188
Epoch: 1, Steps: 374 | Train Loss: 0.4161910 Vali Loss: 0.4883978 Test Loss: 0.6166859
Validation loss decreased (inf --> 0.488398).  Saving model ...
Updating learning rate to 0.0001
Epoch: 2 cost time: 77.3218183517456
Epoch: 2, Steps: 374 | Train Loss: 0.2776988 Vali Loss: 0.4721785 Test Loss: 0.6033976
Validation loss decreased (0.488398 --> 0.472178).  Saving model ...
Updating learning rate to 5e-05
Epoch: 3 cost time: 77.55555891990662
Epoch: 3, Steps: 374 | Train Loss: 0.2575934 Vali Loss: 0.4639190 Test Loss: 0.5984482
Validation loss decreased (0.472178 --> 0.463919).  Saving model ...
Updating learning rate to 2.5e-05
Epoch: 4 cost time: 78.00294351577759
Epoch: 4, Steps: 374 | Train Loss: 0.2497978 Vali Loss: 0.4606034 Test Loss: 0.5951771
Validation loss decreased (0.463919 --> 0.460603).  Saving model ...
Updating learning rate to 1.25e-05
Epoch: 5 cost time: 77.9190125465393
Epoch: 5, Steps: 374 | Train Loss: 0.2460816 Vali Loss: 0.4605912 Test Loss: 0.5958133
Validation loss decreased (0.460603 --> 0.460591).  Saving model ...
Updating learning rate to 6.25e-06
Epoch: 6 cost time: 77.40780997276306
Epoch: 6, Steps: 374 | Train Loss: 0.2442684 Vali Loss: 0.4605520 Test Loss: 0.5963364
Validation loss decreased (0.460591 --> 0.460552).  Saving model ...
Updating learning rate to 3.125e-06
Epoch: 7 cost time: 77.55041408538818
Epoch: 7, Steps: 374 | Train Loss: 0.2433037 Vali Loss: 0.4606701 Test Loss: 0.5959666
EarlyStopping counter: 1 out of 3
Updating learning rate to 1.5625e-06
Epoch: 8 cost time: 77.78013372421265
Epoch: 8, Steps: 374 | Train Loss: 0.2427940 Vali Loss: 0.4597795 Test Loss: 0.5958853
Validation loss decreased (0.460552 --> 0.459780).  Saving model ...
Updating learning rate to 7.8125e-07
Epoch: 9 cost time: 78.0743932723999
Epoch: 9, Steps: 374 | Train Loss: 0.2425330 Vali Loss: 0.4598477 Test Loss: 0.5961558
EarlyStopping counter: 1 out of 3
Updating learning rate to 3.90625e-07
Epoch: 10 cost time: 77.33799028396606
Epoch: 10, Steps: 374 | Train Loss: 0.2423484 Vali Loss: 0.4606583 Test Loss: 0.5958413
EarlyStopping counter: 2 out of 3
Updating learning rate to 1.953125e-07
Total training time: 899.5895 seconds
>>>>>>>testing : traffic_FEDformer_random_modes64_custom_ftM_sl96_ll48_pl192_dm512_nh8_el2_dl1_df2048_fc3_ebtimeF_dtTrue_Exp_0_seed25565<<<<<<<<<<<<<<<<<<<<<<<<<<<<<<<<<
test 3317
test shape: (103, 32, 192, 862) (103, 32, 192, 862)
test shape: (3296, 192, 862) (3296, 192, 862)
mse:0.5958868265151978, mae:0.3664250671863556
