Args in experiment:
Namespace(L=3, activation='gelu', base='legendre', batch_size=32, c_out=7, checkpoints='./checkpoints/', cross_activation='tanh', d_ff=2048, d_layers=1, d_model=512, data='ETTm2', data_path='ETTm2.csv', dec_in=7, des='Exp', devices='0,1', distil=True, do_predict=False, dropout=0.05, e_layers=2, embed='timeF', embed_type=0, enc_in=7, factor=3, features='M', freq='h', gpu=0, is_training=1, itr=1, label_len=48, learning_rate=0.0001, loss='mse', lradj='type1', mode_select='random', model='FEDformer', modes=64, moving_avg=[24], n_heads=8, num_workers=0, output_attention=False, patience=3, pred_len=336, root_path='../dataset', save_pred_values=False, seed=25565, seq_len=96, target='OT', task_id='ETTm2', train_epochs=10, use_amp=False, use_gpu=True, use_multi_gpu=False, version='Fourier')
Use GPU: cuda:0
fourier enhanced block used!
modes=64, index=[0, 1, 2, 3, 4, 5, 6, 7, 8, 9, 10, 11, 12, 13, 14, 15, 16, 17, 18, 19, 20, 21, 22, 23, 24, 25, 26, 27, 28, 29, 30, 31, 32, 33, 34, 35, 36, 37, 38, 39, 40, 41, 42, 43, 44, 45, 46, 47]
fourier enhanced block used!
modes=64, index=[0, 2, 7, 16, 20, 21, 29, 33, 34, 38, 43, 46, 49, 52, 53, 56, 58, 62, 63, 64, 65, 67, 70, 74, 76, 81, 83, 86, 87, 90, 92, 93, 94, 99, 100, 101, 105, 106, 111, 121, 123, 129, 135, 137, 140, 146, 150, 153, 159, 161, 163, 164, 166, 170, 172, 173, 174, 175, 176, 178, 183, 187, 189, 191]
 fourier enhanced cross attention used!
modes_q=64, index_q=[0, 1, 12, 20, 21, 24, 29, 32, 33, 34, 36, 41, 45, 46, 47, 53, 54, 55, 62, 65, 68, 69, 73, 74, 75, 76, 80, 83, 85, 86, 89, 95, 101, 103, 104, 107, 112, 115, 116, 118, 119, 120, 121, 125, 128, 129, 132, 134, 138, 142, 144, 147, 149, 153, 155, 161, 166, 167, 168, 174, 176, 180, 186, 188]
modes_kv=48, index_kv=[0, 1, 2, 3, 4, 5, 6, 7, 8, 9, 10, 11, 12, 13, 14, 15, 16, 17, 18, 19, 20, 21, 22, 23, 24, 25, 26, 27, 28, 29, 30, 31, 32, 33, 34, 35, 36, 37, 38, 39, 40, 41, 42, 43, 44, 45, 46, 47]
enc_modes: 48, dec_modes: 64
>>>>>>>start training : ETTm2_FEDformer_random_modes64_ETTm2_ftM_sl96_ll48_pl336_dm512_nh8_el2_dl1_df2048_fc3_ebtimeF_dtTrue_Exp_0_seed25565>>>>>>>>>>>>>>>>>>>>>>>>>>
train 34129
val 11185
test 11185
Total number of trainable parameters: 16303127
Total number of parameters: 16303127
Epoch: 1 cost time: 227.45641827583313
Epoch: 1, Steps: 1066 | Train Loss: 0.4578186 Vali Loss: 0.2250147 Test Loss: 0.3312781
Validation loss decreased (inf --> 0.225015).  Saving model ...
Updating learning rate to 0.0001
Epoch: 2 cost time: 223.86785125732422
Epoch: 2, Steps: 1066 | Train Loss: 0.4322723 Vali Loss: 0.2210802 Test Loss: 0.3242582
Validation loss decreased (0.225015 --> 0.221080).  Saving model ...
Updating learning rate to 5e-05
Epoch: 3 cost time: 223.9202847480774
Epoch: 3, Steps: 1066 | Train Loss: 0.4151168 Vali Loss: 0.2204961 Test Loss: 0.3171816
Validation loss decreased (0.221080 --> 0.220496).  Saving model ...
Updating learning rate to 2.5e-05
Epoch: 4 cost time: 223.76788330078125
Epoch: 4, Steps: 1066 | Train Loss: 0.4043140 Vali Loss: 0.2241141 Test Loss: 0.3156168
EarlyStopping counter: 1 out of 3
Updating learning rate to 1.25e-05
Epoch: 5 cost time: 223.98159265518188
Epoch: 5, Steps: 1066 | Train Loss: 0.3980901 Vali Loss: 0.2253085 Test Loss: 0.3164978
EarlyStopping counter: 2 out of 3
Updating learning rate to 6.25e-06
Epoch: 6 cost time: 223.8873996734619
Epoch: 6, Steps: 1066 | Train Loss: 0.3952673 Vali Loss: 0.2247774 Test Loss: 0.3160718
EarlyStopping counter: 3 out of 3
Early stopping
Total training time: 1468.3987 seconds
>>>>>>>testing : ETTm2_FEDformer_random_modes64_ETTm2_ftM_sl96_ll48_pl336_dm512_nh8_el2_dl1_df2048_fc3_ebtimeF_dtTrue_Exp_0_seed25565<<<<<<<<<<<<<<<<<<<<<<<<<<<<<<<<<
test 11185
test shape: (349, 32, 336, 7) (349, 32, 336, 7)
test shape: (11168, 336, 7) (11168, 336, 7)
mse:0.317181259393692, mae:0.3639475703239441
