Args in experiment:
Namespace(L=3, activation='gelu', base='legendre', batch_size=32, c_out=8, checkpoints='./checkpoints/', cross_activation='tanh', d_ff=2048, d_layers=1, d_model=512, data='custom', data_path='exchange_rate.csv', dec_in=8, des='Exp', devices='0,1', distil=True, do_predict=False, dropout=0.05, e_layers=2, embed='timeF', embed_type=0, enc_in=8, factor=3, features='M', freq='h', gpu=0, is_training=1, itr=1, label_len=48, learning_rate=0.0001, loss='mse', lradj='type1', mode_select='random', model='FEDformer', modes=64, moving_avg=[24], n_heads=8, num_workers=0, output_attention=False, patience=3, pred_len=96, root_path='../dataset', save_pred_values=False, seed=15227, seq_len=96, target='OT', task_id='Exchange', train_epochs=10, use_amp=False, use_gpu=True, use_multi_gpu=False, version='Fourier')
Use GPU: cuda:0
fourier enhanced block used!
modes=64, index=[0, 1, 2, 3, 4, 5, 6, 7, 8, 9, 10, 11, 12, 13, 14, 15, 16, 17, 18, 19, 20, 21, 22, 23, 24, 25, 26, 27, 28, 29, 30, 31, 32, 33, 34, 35, 36, 37, 38, 39, 40, 41, 42, 43, 44, 45, 46, 47]
fourier enhanced block used!
modes=64, index=[0, 1, 2, 3, 4, 5, 6, 7, 8, 9, 10, 12, 13, 14, 15, 16, 17, 18, 19, 20, 21, 22, 23, 24, 25, 26, 27, 28, 29, 31, 34, 35, 37, 38, 39, 40, 41, 42, 43, 44, 45, 46, 47, 48, 50, 51, 52, 53, 54, 55, 56, 57, 58, 60, 61, 62, 63, 64, 65, 66, 67, 69, 70, 71]
 fourier enhanced cross attention used!
modes_q=64, index_q=[0, 1, 2, 4, 5, 6, 7, 8, 9, 10, 11, 12, 13, 14, 18, 19, 20, 21, 22, 23, 26, 27, 28, 29, 30, 31, 32, 33, 34, 35, 36, 37, 39, 40, 41, 43, 44, 45, 46, 47, 48, 49, 50, 51, 52, 53, 54, 55, 56, 57, 58, 59, 60, 61, 62, 63, 64, 65, 66, 67, 68, 69, 70, 71]
modes_kv=48, index_kv=[0, 1, 2, 3, 4, 5, 6, 7, 8, 9, 10, 11, 12, 13, 14, 15, 16, 17, 18, 19, 20, 21, 22, 23, 24, 25, 26, 27, 28, 29, 30, 31, 32, 33, 34, 35, 36, 37, 38, 39, 40, 41, 42, 43, 44, 45, 46, 47]
enc_modes: 48, dec_modes: 64
>>>>>>>start training : Exchange_FEDformer_random_modes64_custom_ftM_sl96_ll48_pl96_dm512_nh8_el2_dl1_df2048_fc3_ebtimeF_dtTrue_Exp_0_seed15227>>>>>>>>>>>>>>>>>>>>>>>>>>
train 5120
val 665
test 1422
Total number of trainable parameters: 16308248
Total number of parameters: 16308248
Epoch: 1 cost time: 27.912550687789917
Epoch: 1, Steps: 160 | Train Loss: 0.2433770 Vali Loss: 0.1884302 Test Loss: 0.1543071
Validation loss decreased (inf --> 0.188430).  Saving model ...
Updating learning rate to 0.0001
Epoch: 2 cost time: 24.216336488723755
Epoch: 2, Steps: 160 | Train Loss: 0.2085024 Vali Loss: 0.1854465 Test Loss: 0.1480803
Validation loss decreased (0.188430 --> 0.185446).  Saving model ...
Updating learning rate to 5e-05
Epoch: 3 cost time: 24.195541858673096
Epoch: 3, Steps: 160 | Train Loss: 0.1901679 Vali Loss: 0.1831844 Test Loss: 0.1422720
Validation loss decreased (0.185446 --> 0.183184).  Saving model ...
Updating learning rate to 2.5e-05
Epoch: 4 cost time: 24.19196367263794
Epoch: 4, Steps: 160 | Train Loss: 0.1776366 Vali Loss: 0.1771592 Test Loss: 0.1430529
Validation loss decreased (0.183184 --> 0.177159).  Saving model ...
Updating learning rate to 1.25e-05
Epoch: 5 cost time: 24.494534730911255
Epoch: 5, Steps: 160 | Train Loss: 0.1727798 Vali Loss: 0.1759978 Test Loss: 0.1361693
Validation loss decreased (0.177159 --> 0.175998).  Saving model ...
Updating learning rate to 6.25e-06
Epoch: 6 cost time: 24.124630451202393
Epoch: 6, Steps: 160 | Train Loss: 0.1706529 Vali Loss: 0.1755514 Test Loss: 0.1387137
Validation loss decreased (0.175998 --> 0.175551).  Saving model ...
Updating learning rate to 3.125e-06
Epoch: 7 cost time: 24.12128448486328
Epoch: 7, Steps: 160 | Train Loss: 0.1697937 Vali Loss: 0.1759309 Test Loss: 0.1382869
EarlyStopping counter: 1 out of 3
Updating learning rate to 1.5625e-06
Epoch: 8 cost time: 24.11082410812378
Epoch: 8, Steps: 160 | Train Loss: 0.1692510 Vali Loss: 0.1755856 Test Loss: 0.1376960
EarlyStopping counter: 2 out of 3
Updating learning rate to 7.8125e-07
Epoch: 9 cost time: 24.244230270385742
Epoch: 9, Steps: 160 | Train Loss: 0.1691607 Vali Loss: 0.1756828 Test Loss: 0.1376229
EarlyStopping counter: 3 out of 3
Early stopping
Total training time: 234.7585 seconds
>>>>>>>testing : Exchange_FEDformer_random_modes64_custom_ftM_sl96_ll48_pl96_dm512_nh8_el2_dl1_df2048_fc3_ebtimeF_dtTrue_Exp_0_seed15227<<<<<<<<<<<<<<<<<<<<<<<<<<<<<<<<<
test 1422
test shape: (44, 32, 96, 8) (44, 32, 96, 8)
test shape: (1408, 96, 8) (1408, 96, 8)
mse:0.13871367275714874, mae:0.26736530661582947
