Args in experiment:
Namespace(L=3, activation='gelu', base='legendre', batch_size=32, c_out=7, checkpoints='./checkpoints/', cross_activation='tanh', d_ff=2048, d_layers=1, d_model=512, data='ETTm2', data_path='ETTm2.csv', dec_in=7, des='Exp', devices='0,1', distil=True, do_predict=False, dropout=0.05, e_layers=2, embed='timeF', embed_type=0, enc_in=7, factor=3, features='M', freq='h', gpu=0, is_training=1, itr=1, label_len=48, learning_rate=0.0001, loss='mse', lradj='type1', mode_select='random', model='FEDformer', modes=64, moving_avg=[24], n_heads=8, num_workers=0, output_attention=False, patience=3, pred_len=720, root_path='../dataset', save_pred_values=False, seed=25565, seq_len=96, target='OT', task_id='ETTm2', train_epochs=10, use_amp=False, use_gpu=True, use_multi_gpu=False, version='Fourier')
Use GPU: cuda:0
fourier enhanced block used!
modes=64, index=[0, 1, 2, 3, 4, 5, 6, 7, 8, 9, 10, 11, 12, 13, 14, 15, 16, 17, 18, 19, 20, 21, 22, 23, 24, 25, 26, 27, 28, 29, 30, 31, 32, 33, 34, 35, 36, 37, 38, 39, 40, 41, 42, 43, 44, 45, 46, 47]
fourier enhanced block used!
modes=64, index=[12, 20, 29, 32, 33, 34, 46, 47, 53, 55, 62, 73, 74, 76, 83, 85, 90, 94, 95, 107, 112, 127, 136, 138, 142, 149, 161, 163, 164, 171, 178, 179, 180, 188, 191, 198, 209, 211, 214, 222, 225, 226, 227, 232, 244, 259, 261, 266, 267, 270, 272, 276, 281, 289, 294, 297, 299, 310, 314, 318, 341, 353, 378, 382]
 fourier enhanced cross attention used!
modes_q=64, index_q=[3, 8, 10, 14, 20, 31, 35, 39, 47, 53, 61, 66, 72, 75, 86, 96, 98, 99, 112, 122, 126, 131, 138, 139, 141, 145, 154, 155, 161, 174, 184, 187, 207, 211, 213, 225, 228, 229, 231, 234, 239, 242, 246, 247, 258, 259, 260, 264, 266, 279, 282, 285, 288, 307, 315, 326, 337, 347, 354, 358, 361, 367, 369, 379]
modes_kv=48, index_kv=[0, 1, 2, 3, 4, 5, 6, 7, 8, 9, 10, 11, 12, 13, 14, 15, 16, 17, 18, 19, 20, 21, 22, 23, 24, 25, 26, 27, 28, 29, 30, 31, 32, 33, 34, 35, 36, 37, 38, 39, 40, 41, 42, 43, 44, 45, 46, 47]
enc_modes: 48, dec_modes: 64
>>>>>>>start training : ETTm2_FEDformer_random_modes64_ETTm2_ftM_sl96_ll48_pl720_dm512_nh8_el2_dl1_df2048_fc3_ebtimeF_dtTrue_Exp_0_seed25565>>>>>>>>>>>>>>>>>>>>>>>>>>
train 33745
val 10801
test 10801
Total number of trainable parameters: 16303127
Total number of parameters: 16303127
Epoch: 1 cost time: 326.543039560318
Epoch: 1, Steps: 1054 | Train Loss: 0.5930363 Vali Loss: 0.2992536 Test Loss: 0.4263038
Validation loss decreased (inf --> 0.299254).  Saving model ...
Updating learning rate to 0.0001
Epoch: 2 cost time: 323.20403599739075
Epoch: 2, Steps: 1054 | Train Loss: 0.5718345 Vali Loss: 0.3041676 Test Loss: 0.4206463
EarlyStopping counter: 1 out of 3
Updating learning rate to 5e-05
Epoch: 3 cost time: 323.07978892326355
Epoch: 3, Steps: 1054 | Train Loss: 0.5571355 Vali Loss: 0.3061762 Test Loss: 0.4195423
EarlyStopping counter: 2 out of 3
Updating learning rate to 2.5e-05
Epoch: 4 cost time: 323.0855143070221
Epoch: 4, Steps: 1054 | Train Loss: 0.5477908 Vali Loss: 0.3078257 Test Loss: 0.4200041
EarlyStopping counter: 3 out of 3
Early stopping
Total training time: 1413.0452 seconds
>>>>>>>testing : ETTm2_FEDformer_random_modes64_ETTm2_ftM_sl96_ll48_pl720_dm512_nh8_el2_dl1_df2048_fc3_ebtimeF_dtTrue_Exp_0_seed25565<<<<<<<<<<<<<<<<<<<<<<<<<<<<<<<<<
test 10801
test shape: (337, 32, 720, 7) (337, 32, 720, 7)
test shape: (10784, 720, 7) (10784, 720, 7)
mse:0.426303893327713, mae:0.42261573672294617
