Args in experiment:
Namespace(L=3, activation='gelu', base='legendre', batch_size=32, c_out=7, checkpoints='./checkpoints/', cross_activation='tanh', d_ff=2048, d_layers=1, d_model=512, data='ETTm2', data_path='ETTm2.csv', dec_in=7, des='Exp', devices='0,1', distil=True, do_predict=False, dropout=0.05, e_layers=2, embed='timeF', embed_type=0, enc_in=7, factor=3, features='M', freq='h', gpu=0, is_training=1, itr=1, label_len=48, learning_rate=0.0001, loss='mse', lradj='type1', mode_select='random', model='FEDformer', modes=64, moving_avg=[24], n_heads=8, num_workers=0, output_attention=False, patience=3, pred_len=192, root_path='../dataset', save_pred_values=False, seed=32598, seq_len=96, target='OT', task_id='ETTm2', train_epochs=10, use_amp=False, use_gpu=True, use_multi_gpu=False, version='Fourier')
Use GPU: cuda:0
fourier enhanced block used!
modes=64, index=[0, 1, 2, 3, 4, 5, 6, 7, 8, 9, 10, 11, 12, 13, 14, 15, 16, 17, 18, 19, 20, 21, 22, 23, 24, 25, 26, 27, 28, 29, 30, 31, 32, 33, 34, 35, 36, 37, 38, 39, 40, 41, 42, 43, 44, 45, 46, 47]
fourier enhanced block used!
modes=64, index=[1, 3, 4, 6, 8, 10, 11, 14, 18, 20, 21, 22, 25, 26, 28, 31, 32, 33, 34, 35, 37, 38, 39, 40, 41, 43, 44, 47, 48, 51, 52, 54, 55, 57, 59, 60, 66, 68, 71, 72, 74, 76, 78, 79, 81, 83, 84, 92, 93, 94, 95, 98, 100, 102, 107, 108, 110, 111, 112, 113, 114, 116, 118, 119]
 fourier enhanced cross attention used!
modes_q=64, index_q=[2, 3, 4, 6, 8, 11, 12, 13, 19, 21, 22, 23, 25, 27, 28, 31, 32, 33, 34, 36, 38, 39, 40, 41, 43, 44, 47, 48, 50, 54, 57, 59, 61, 62, 64, 66, 67, 68, 70, 72, 73, 74, 75, 76, 77, 78, 80, 81, 83, 84, 86, 87, 88, 89, 90, 93, 94, 95, 98, 102, 103, 107, 113, 114]
modes_kv=48, index_kv=[0, 1, 2, 3, 4, 5, 6, 7, 8, 9, 10, 11, 12, 13, 14, 15, 16, 17, 18, 19, 20, 21, 22, 23, 24, 25, 26, 27, 28, 29, 30, 31, 32, 33, 34, 35, 36, 37, 38, 39, 40, 41, 42, 43, 44, 45, 46, 47]
enc_modes: 48, dec_modes: 64
>>>>>>>start training : ETTm2_FEDformer_random_modes64_ETTm2_ftM_sl96_ll48_pl192_dm512_nh8_el2_dl1_df2048_fc3_ebtimeF_dtTrue_Exp_0_seed32598>>>>>>>>>>>>>>>>>>>>>>>>>>
train 34273
val 11329
test 11329
Total number of trainable parameters: 16303127
Total number of parameters: 16303127
Epoch: 1 cost time: 189.4666244983673
Epoch: 1, Steps: 1071 | Train Loss: 0.3569276 Vali Loss: 0.1795909 Test Loss: 0.2658818
Validation loss decreased (inf --> 0.179591).  Saving model ...
Updating learning rate to 0.0001
Epoch: 2 cost time: 186.43891382217407
Epoch: 2, Steps: 1071 | Train Loss: 0.3292346 Vali Loss: 0.1796312 Test Loss: 0.2586036
EarlyStopping counter: 1 out of 3
Updating learning rate to 5e-05
Epoch: 3 cost time: 186.20992493629456
Epoch: 3, Steps: 1071 | Train Loss: 0.3142299 Vali Loss: 0.1755157 Test Loss: 0.2564249
Validation loss decreased (0.179591 --> 0.175516).  Saving model ...
Updating learning rate to 2.5e-05
Epoch: 4 cost time: 185.98699045181274
Epoch: 4, Steps: 1071 | Train Loss: 0.3078198 Vali Loss: 0.1774351 Test Loss: 0.2600543
EarlyStopping counter: 1 out of 3
Updating learning rate to 1.25e-05
Epoch: 5 cost time: 186.11048340797424
Epoch: 5, Steps: 1071 | Train Loss: 0.3048588 Vali Loss: 0.1791341 Test Loss: 0.2623796
EarlyStopping counter: 2 out of 3
Updating learning rate to 6.25e-06
Epoch: 6 cost time: 186.21582436561584
Epoch: 6, Steps: 1071 | Train Loss: 0.3032929 Vali Loss: 0.1789519 Test Loss: 0.2635345
EarlyStopping counter: 3 out of 3
Early stopping
Total training time: 1216.0805 seconds
>>>>>>>testing : ETTm2_FEDformer_random_modes64_ETTm2_ftM_sl96_ll48_pl192_dm512_nh8_el2_dl1_df2048_fc3_ebtimeF_dtTrue_Exp_0_seed32598<<<<<<<<<<<<<<<<<<<<<<<<<<<<<<<<<
test 11329
test shape: (354, 32, 192, 7) (354, 32, 192, 7)
test shape: (11328, 192, 7) (11328, 192, 7)
mse:0.25642475485801697, mae:0.32400017976760864
