Args in experiment:
Namespace(L=3, activation='gelu', base='legendre', batch_size=32, c_out=862, checkpoints='./checkpoints/', cross_activation='tanh', d_ff=2048, d_layers=1, d_model=512, data='custom', data_path='traffic.csv', dec_in=862, des='Exp', devices='0,1', distil=True, do_predict=False, dropout=0.05, e_layers=2, embed='timeF', embed_type=0, enc_in=862, factor=3, features='M', freq='h', gpu=0, is_training=1, itr=1, label_len=48, learning_rate=0.0001, loss='mse', lradj='type1', mode_select='random', model='FEDformer', modes=64, moving_avg=[24], n_heads=8, num_workers=0, output_attention=False, patience=3, pred_len=192, root_path='../dataset', save_pred_values=False, seed=32598, seq_len=96, target='OT', task_id='traffic', train_epochs=10, use_amp=False, use_gpu=True, use_multi_gpu=False, version='Fourier')
Use GPU: cuda:0
fourier enhanced block used!
modes=64, index=[0, 1, 2, 3, 4, 5, 6, 7, 8, 9, 10, 11, 12, 13, 14, 15, 16, 17, 18, 19, 20, 21, 22, 23, 24, 25, 26, 27, 28, 29, 30, 31, 32, 33, 34, 35, 36, 37, 38, 39, 40, 41, 42, 43, 44, 45, 46, 47]
fourier enhanced block used!
modes=64, index=[1, 3, 4, 6, 8, 10, 11, 14, 18, 20, 21, 22, 25, 26, 28, 31, 32, 33, 34, 35, 37, 38, 39, 40, 41, 43, 44, 47, 48, 51, 52, 54, 55, 57, 59, 60, 66, 68, 71, 72, 74, 76, 78, 79, 81, 83, 84, 92, 93, 94, 95, 98, 100, 102, 107, 108, 110, 111, 112, 113, 114, 116, 118, 119]
 fourier enhanced cross attention used!
modes_q=64, index_q=[2, 3, 4, 6, 8, 11, 12, 13, 19, 21, 22, 23, 25, 27, 28, 31, 32, 33, 34, 36, 38, 39, 40, 41, 43, 44, 47, 48, 50, 54, 57, 59, 61, 62, 64, 66, 67, 68, 70, 72, 73, 74, 75, 76, 77, 78, 80, 81, 83, 84, 86, 87, 88, 89, 90, 93, 94, 95, 98, 102, 103, 107, 113, 114]
modes_kv=48, index_kv=[0, 1, 2, 3, 4, 5, 6, 7, 8, 9, 10, 11, 12, 13, 14, 15, 16, 17, 18, 19, 20, 21, 22, 23, 24, 25, 26, 27, 28, 29, 30, 31, 32, 33, 34, 35, 36, 37, 38, 39, 40, 41, 42, 43, 44, 45, 46, 47]
enc_modes: 48, dec_modes: 64
>>>>>>>start training : traffic_FEDformer_random_modes64_custom_ftM_sl96_ll48_pl192_dm512_nh8_el2_dl1_df2048_fc3_ebtimeF_dtTrue_Exp_0_seed32598>>>>>>>>>>>>>>>>>>>>>>>>>>
train 11993
val 1565
test 3317
Total number of trainable parameters: 20681582
Total number of parameters: 20681582
Epoch: 1 cost time: 81.0694785118103
Epoch: 1, Steps: 374 | Train Loss: 0.4152806 Vali Loss: 0.4856316 Test Loss: 0.6189968
Validation loss decreased (inf --> 0.485632).  Saving model ...
Updating learning rate to 0.0001
Epoch: 2 cost time: 77.49897646903992
Epoch: 2, Steps: 374 | Train Loss: 0.2776544 Vali Loss: 0.4698021 Test Loss: 0.6062653
Validation loss decreased (0.485632 --> 0.469802).  Saving model ...
Updating learning rate to 5e-05
Epoch: 3 cost time: 77.59888100624084
Epoch: 3, Steps: 374 | Train Loss: 0.2574018 Vali Loss: 0.4669023 Test Loss: 0.6084257
Validation loss decreased (0.469802 --> 0.466902).  Saving model ...
Updating learning rate to 2.5e-05
Epoch: 4 cost time: 76.79638028144836
Epoch: 4, Steps: 374 | Train Loss: 0.2496131 Vali Loss: 0.4668861 Test Loss: 0.6118593
Validation loss decreased (0.466902 --> 0.466886).  Saving model ...
Updating learning rate to 1.25e-05
Epoch: 5 cost time: 77.25509905815125
Epoch: 5, Steps: 374 | Train Loss: 0.2459842 Vali Loss: 0.4654706 Test Loss: 0.6074371
Validation loss decreased (0.466886 --> 0.465471).  Saving model ...
Updating learning rate to 6.25e-06
Epoch: 6 cost time: 77.53219962120056
Epoch: 6, Steps: 374 | Train Loss: 0.2440983 Vali Loss: 0.4654932 Test Loss: 0.6096532
EarlyStopping counter: 1 out of 3
Updating learning rate to 3.125e-06
Epoch: 7 cost time: 77.46053743362427
Epoch: 7, Steps: 374 | Train Loss: 0.2431273 Vali Loss: 0.4645745 Test Loss: 0.6095991
Validation loss decreased (0.465471 --> 0.464574).  Saving model ...
Updating learning rate to 1.5625e-06
Epoch: 8 cost time: 77.07346415519714
Epoch: 8, Steps: 374 | Train Loss: 0.2426164 Vali Loss: 0.4654040 Test Loss: 0.6095013
EarlyStopping counter: 1 out of 3
Updating learning rate to 7.8125e-07
Epoch: 9 cost time: 77.53124380111694
Epoch: 9, Steps: 374 | Train Loss: 0.2423528 Vali Loss: 0.4655002 Test Loss: 0.6094642
EarlyStopping counter: 2 out of 3
Updating learning rate to 3.90625e-07
Epoch: 10 cost time: 77.30327200889587
Epoch: 10, Steps: 374 | Train Loss: 0.2422166 Vali Loss: 0.4656085 Test Loss: 0.6094991
EarlyStopping counter: 3 out of 3
Early stopping
Total training time: 895.8144 seconds
>>>>>>>testing : traffic_FEDformer_random_modes64_custom_ftM_sl96_ll48_pl192_dm512_nh8_el2_dl1_df2048_fc3_ebtimeF_dtTrue_Exp_0_seed32598<<<<<<<<<<<<<<<<<<<<<<<<<<<<<<<<<
test 3317
test shape: (103, 32, 192, 862) (103, 32, 192, 862)
test shape: (3296, 192, 862) (3296, 192, 862)
mse:0.6095970869064331, mae:0.37662261724472046
