Args in experiment:
Namespace(L=3, activation='gelu', base='legendre', batch_size=32, c_out=8, checkpoints='./checkpoints/', cross_activation='tanh', d_ff=2048, d_layers=1, d_model=512, data='custom', data_path='exchange_rate.csv', dec_in=8, des='Exp', devices='0,1', distil=True, do_predict=False, dropout=0.05, e_layers=2, embed='timeF', embed_type=0, enc_in=8, factor=3, features='M', freq='h', gpu=0, is_training=1, itr=1, label_len=48, learning_rate=0.0001, loss='mse', lradj='type1', mode_select='random', model='FEDformer', modes=64, moving_avg=[24], n_heads=8, num_workers=0, output_attention=False, patience=3, pred_len=96, root_path='../dataset', save_pred_values=False, seed=28649, seq_len=96, target='OT', task_id='Exchange', train_epochs=10, use_amp=False, use_gpu=True, use_multi_gpu=False, version='Fourier')
Use GPU: cuda:0
fourier enhanced block used!
modes=64, index=[0, 1, 2, 3, 4, 5, 6, 7, 8, 9, 10, 11, 12, 13, 14, 15, 16, 17, 18, 19, 20, 21, 22, 23, 24, 25, 26, 27, 28, 29, 30, 31, 32, 33, 34, 35, 36, 37, 38, 39, 40, 41, 42, 43, 44, 45, 46, 47]
fourier enhanced block used!
modes=64, index=[1, 2, 3, 5, 6, 7, 8, 10, 11, 12, 14, 15, 16, 17, 18, 19, 20, 21, 23, 24, 25, 26, 27, 28, 29, 30, 31, 32, 33, 34, 35, 36, 37, 38, 39, 40, 41, 42, 43, 44, 45, 46, 47, 48, 49, 50, 51, 52, 53, 54, 55, 56, 58, 59, 60, 61, 62, 63, 65, 67, 68, 69, 70, 71]
 fourier enhanced cross attention used!
modes_q=64, index_q=[0, 1, 2, 3, 4, 5, 6, 7, 8, 9, 10, 11, 12, 13, 14, 15, 16, 18, 19, 21, 22, 23, 24, 25, 26, 27, 29, 30, 31, 32, 33, 35, 36, 37, 38, 39, 41, 42, 43, 44, 45, 46, 47, 48, 49, 50, 51, 52, 53, 54, 55, 56, 57, 58, 60, 61, 62, 64, 65, 66, 68, 69, 70, 71]
modes_kv=48, index_kv=[0, 1, 2, 3, 4, 5, 6, 7, 8, 9, 10, 11, 12, 13, 14, 15, 16, 17, 18, 19, 20, 21, 22, 23, 24, 25, 26, 27, 28, 29, 30, 31, 32, 33, 34, 35, 36, 37, 38, 39, 40, 41, 42, 43, 44, 45, 46, 47]
enc_modes: 48, dec_modes: 64
>>>>>>>start training : Exchange_FEDformer_random_modes64_custom_ftM_sl96_ll48_pl96_dm512_nh8_el2_dl1_df2048_fc3_ebtimeF_dtTrue_Exp_0_seed28649>>>>>>>>>>>>>>>>>>>>>>>>>>
train 5120
val 665
test 1422
Total number of trainable parameters: 16308248
Total number of parameters: 16308248
Epoch: 1 cost time: 27.516331911087036
Epoch: 1, Steps: 160 | Train Loss: 0.2433402 Vali Loss: 0.1872407 Test Loss: 0.1576149
Validation loss decreased (inf --> 0.187241).  Saving model ...
Updating learning rate to 0.0001
Epoch: 2 cost time: 24.159820795059204
Epoch: 2, Steps: 160 | Train Loss: 0.2076591 Vali Loss: 0.2008838 Test Loss: 0.1479626
EarlyStopping counter: 1 out of 3
Updating learning rate to 5e-05
Epoch: 3 cost time: 24.20496702194214
Epoch: 3, Steps: 160 | Train Loss: 0.1933455 Vali Loss: 0.1751867 Test Loss: 0.1509498
Validation loss decreased (0.187241 --> 0.175187).  Saving model ...
Updating learning rate to 2.5e-05
Epoch: 4 cost time: 24.452282190322876
Epoch: 4, Steps: 160 | Train Loss: 0.1817679 Vali Loss: 0.1747008 Test Loss: 0.1412783
Validation loss decreased (0.175187 --> 0.174701).  Saving model ...
Updating learning rate to 1.25e-05
Epoch: 5 cost time: 24.213024854660034
Epoch: 5, Steps: 160 | Train Loss: 0.1764747 Vali Loss: 0.1746275 Test Loss: 0.1415818
Validation loss decreased (0.174701 --> 0.174627).  Saving model ...
Updating learning rate to 6.25e-06
Epoch: 6 cost time: 24.104581117630005
Epoch: 6, Steps: 160 | Train Loss: 0.1740663 Vali Loss: 0.1729313 Test Loss: 0.1409297
Validation loss decreased (0.174627 --> 0.172931).  Saving model ...
Updating learning rate to 3.125e-06
Epoch: 7 cost time: 24.045681715011597
Epoch: 7, Steps: 160 | Train Loss: 0.1729308 Vali Loss: 0.1753529 Test Loss: 0.1397585
EarlyStopping counter: 1 out of 3
Updating learning rate to 1.5625e-06
Epoch: 8 cost time: 24.209242343902588
Epoch: 8, Steps: 160 | Train Loss: 0.1724749 Vali Loss: 0.1737756 Test Loss: 0.1403798
EarlyStopping counter: 2 out of 3
Updating learning rate to 7.8125e-07
Epoch: 9 cost time: 24.510916233062744
Epoch: 9, Steps: 160 | Train Loss: 0.1721193 Vali Loss: 0.1744483 Test Loss: 0.1402712
EarlyStopping counter: 3 out of 3
Early stopping
Total training time: 233.9794 seconds
>>>>>>>testing : Exchange_FEDformer_random_modes64_custom_ftM_sl96_ll48_pl96_dm512_nh8_el2_dl1_df2048_fc3_ebtimeF_dtTrue_Exp_0_seed28649<<<<<<<<<<<<<<<<<<<<<<<<<<<<<<<<<
test 1422
test shape: (44, 32, 96, 8) (44, 32, 96, 8)
test shape: (1408, 96, 8) (1408, 96, 8)
mse:0.1409296989440918, mae:0.2692825198173523
