Args in experiment:
Namespace(L=3, activation='gelu', base='legendre', batch_size=32, c_out=7, checkpoints='./checkpoints/', cross_activation='tanh', d_ff=2048, d_layers=1, d_model=512, data='ETTh1', data_path='ETTh1.csv', dec_in=7, des='Exp', devices='0,1', distil=True, do_predict=False, dropout=0.05, e_layers=2, embed='timeF', embed_type=0, enc_in=7, factor=3, features='M', freq='h', gpu=0, is_training=1, itr=1, label_len=48, learning_rate=0.0001, loss='mse', lradj='type1', mode_select='random', model='FEDformer', modes=64, moving_avg=[24], n_heads=8, num_workers=0, output_attention=False, patience=3, pred_len=336, root_path='../dataset', save_pred_values=False, seed=10458, seq_len=96, target='OT', task_id='ETTh1', train_epochs=10, use_amp=False, use_gpu=True, use_multi_gpu=False, version='Fourier')
Use GPU: cuda:0
fourier enhanced block used!
modes=64, index=[0, 1, 2, 3, 4, 5, 6, 7, 8, 9, 10, 11, 12, 13, 14, 15, 16, 17, 18, 19, 20, 21, 22, 23, 24, 25, 26, 27, 28, 29, 30, 31, 32, 33, 34, 35, 36, 37, 38, 39, 40, 41, 42, 43, 44, 45, 46, 47]
fourier enhanced block used!
modes=64, index=[3, 5, 7, 14, 18, 19, 23, 29, 31, 33, 36, 38, 41, 46, 48, 55, 57, 58, 59, 62, 65, 66, 68, 69, 71, 72, 73, 74, 75, 84, 87, 90, 95, 98, 101, 103, 107, 112, 113, 121, 122, 128, 129, 130, 132, 134, 139, 141, 143, 144, 148, 159, 160, 163, 164, 166, 168, 177, 178, 180, 181, 182, 185, 190]
 fourier enhanced cross attention used!
modes_q=64, index_q=[1, 4, 6, 8, 11, 14, 17, 18, 21, 22, 24, 25, 31, 33, 34, 36, 38, 39, 40, 47, 49, 50, 55, 57, 62, 65, 71, 76, 80, 81, 82, 83, 85, 87, 95, 97, 99, 100, 101, 104, 121, 123, 124, 125, 126, 128, 129, 136, 139, 140, 148, 149, 152, 155, 156, 163, 164, 166, 170, 171, 173, 184, 185, 186]
modes_kv=48, index_kv=[0, 1, 2, 3, 4, 5, 6, 7, 8, 9, 10, 11, 12, 13, 14, 15, 16, 17, 18, 19, 20, 21, 22, 23, 24, 25, 26, 27, 28, 29, 30, 31, 32, 33, 34, 35, 36, 37, 38, 39, 40, 41, 42, 43, 44, 45, 46, 47]
enc_modes: 48, dec_modes: 64
>>>>>>>start training : ETTh1_FEDformer_random_modes64_ETTh1_ftM_sl96_ll48_pl336_dm512_nh8_el2_dl1_df2048_fc3_ebtimeF_dtTrue_Exp_0_seed10458>>>>>>>>>>>>>>>>>>>>>>>>>>
train 8209
val 2545
test 2545
Total number of trainable parameters: 16303127
Total number of parameters: 16303127
Epoch: 1 cost time: 57.0890109539032
Epoch: 1, Steps: 256 | Train Loss: 0.5318912 Vali Loss: 1.3268684 Test Loss: 0.4611377
Validation loss decreased (inf --> 1.326868).  Saving model ...
Updating learning rate to 0.0001
Epoch: 2 cost time: 53.99447298049927
Epoch: 2, Steps: 256 | Train Loss: 0.4851069 Vali Loss: 1.3064994 Test Loss: 0.4503188
Validation loss decreased (1.326868 --> 1.306499).  Saving model ...
Updating learning rate to 5e-05
Epoch: 3 cost time: 53.77987051010132
Epoch: 3, Steps: 256 | Train Loss: 0.4738316 Vali Loss: 1.3151530 Test Loss: 0.4466864
EarlyStopping counter: 1 out of 3
Updating learning rate to 2.5e-05
Epoch: 4 cost time: 54.17133140563965
Epoch: 4, Steps: 256 | Train Loss: 0.4691166 Vali Loss: 1.3047488 Test Loss: 0.4462192
Validation loss decreased (1.306499 --> 1.304749).  Saving model ...
Updating learning rate to 1.25e-05
Epoch: 5 cost time: 53.842013359069824
Epoch: 5, Steps: 256 | Train Loss: 0.4662500 Vali Loss: 1.3065637 Test Loss: 0.4449261
EarlyStopping counter: 1 out of 3
Updating learning rate to 6.25e-06
Epoch: 6 cost time: 54.087873697280884
Epoch: 6, Steps: 256 | Train Loss: 0.4651617 Vali Loss: 1.3067297 Test Loss: 0.4449499
EarlyStopping counter: 2 out of 3
Updating learning rate to 3.125e-06
Epoch: 7 cost time: 53.74923062324524
Epoch: 7, Steps: 256 | Train Loss: 0.4645042 Vali Loss: 1.3056690 Test Loss: 0.4441020
EarlyStopping counter: 3 out of 3
Early stopping
Total training time: 413.2837 seconds
>>>>>>>testing : ETTh1_FEDformer_random_modes64_ETTh1_ftM_sl96_ll48_pl336_dm512_nh8_el2_dl1_df2048_fc3_ebtimeF_dtTrue_Exp_0_seed10458<<<<<<<<<<<<<<<<<<<<<<<<<<<<<<<<<
test 2545
test shape: (79, 32, 336, 7) (79, 32, 336, 7)
test shape: (2528, 336, 7) (2528, 336, 7)
mse:0.446219265460968, mae:0.4595746695995331
