Args in experiment:
Namespace(activation='gelu', batch_size=32, c_out=7, checkpoints='./checkpoints/', d_ff=2048, d_layers=1, d_model=512, data='ETTm2', data_path='ETTm2.csv', dec_in=7, des='Exp', devices='0,1,2,3', distil=True, do_predict=False, dropout=0.05, e_layers=2, embed='timeF', embed_type=0, enc_in=7, factor=3, features='M', freq='h', gpu=0, individual=False, is_training=1, itr=1, label_len=48, learning_rate=0.0001, loss='mse', lradj='type1', model='Informer', model_id='ETTm2_720', moving_avg=25, n_heads=8, num_workers=0, output_attention=False, patience=3, pred_len=720, root_path='./dataset/', seed=3293, seq_len=96, target='OT', test_flop=False, train_epochs=10, train_only=False, use_amp=False, use_gpu=True, use_multi_gpu=False)
Use GPU: cuda:0
>>>>>>>start training : ETTm2_720_Informer_ETTm2_ftM_sl96_ll48_pl720_dm512_nh8_el2_dl1_df2048_fc3_ebtimeF_dtTrue_Exp_0_seed3293>>>>>>>>>>>>>>>>>>>>>>>>>>
train 33745
val 10801
test 10801
	iters: 100, epoch: 1 | loss: 0.4312795
	speed: 0.0955s/iter; left time: 997.5077s
	iters: 200, epoch: 1 | loss: 0.3597363
	speed: 0.0651s/iter; left time: 672.7740s
	iters: 300, epoch: 1 | loss: 0.4150032
	speed: 0.0650s/iter; left time: 665.4817s
	iters: 400, epoch: 1 | loss: 0.3467596
	speed: 0.0650s/iter; left time: 659.5197s
	iters: 500, epoch: 1 | loss: 0.4070625
	speed: 0.0650s/iter; left time: 652.4001s
	iters: 600, epoch: 1 | loss: 0.2742539
	speed: 0.0650s/iter; left time: 646.3126s
	iters: 700, epoch: 1 | loss: 0.2708099
	speed: 0.0663s/iter; left time: 652.1592s
	iters: 800, epoch: 1 | loss: 0.2572907
	speed: 0.0669s/iter; left time: 651.9607s
	iters: 900, epoch: 1 | loss: 0.3647562
	speed: 0.0670s/iter; left time: 645.7236s
	iters: 1000, epoch: 1 | loss: 0.2770853
	speed: 0.0669s/iter; left time: 638.2609s
Epoch: 1 cost time: 72.41934370994568
Epoch: 1, Steps: 1054 | Train Loss: 0.3210056 Vali Loss: 0.9437282 Test Loss: 3.6425047
Validation loss decreased (inf --> 0.943728).  Saving model ...
Updating learning rate to 0.0001
	iters: 100, epoch: 2 | loss: 0.2561946
	speed: 0.2832s/iter; left time: 2658.8546s
	iters: 200, epoch: 2 | loss: 0.2033016
	speed: 0.0655s/iter; left time: 607.9852s
	iters: 300, epoch: 2 | loss: 0.2713610
	speed: 0.0657s/iter; left time: 603.2340s
	iters: 400, epoch: 2 | loss: 0.1827910
	speed: 0.0658s/iter; left time: 597.7505s
	iters: 500, epoch: 2 | loss: 0.3315282
	speed: 0.0654s/iter; left time: 587.4955s
	iters: 600, epoch: 2 | loss: 0.2345226
	speed: 0.0654s/iter; left time: 581.3007s
	iters: 700, epoch: 2 | loss: 0.2176225
	speed: 0.0655s/iter; left time: 575.9159s
	iters: 800, epoch: 2 | loss: 0.2511694
	speed: 0.0654s/iter; left time: 568.2553s
	iters: 900, epoch: 2 | loss: 0.1763669
	speed: 0.0659s/iter; left time: 566.0706s
	iters: 1000, epoch: 2 | loss: 0.1807768
	speed: 0.0657s/iter; left time: 557.4874s
Epoch: 2 cost time: 69.10381031036377
Epoch: 2, Steps: 1054 | Train Loss: 0.2127408 Vali Loss: 1.0314416 Test Loss: 3.0845118
EarlyStopping counter: 1 out of 3
Updating learning rate to 5e-05
	iters: 100, epoch: 3 | loss: 0.1873509
	speed: 0.2819s/iter; left time: 2349.3312s
	iters: 200, epoch: 3 | loss: 0.1759319
	speed: 0.0664s/iter; left time: 546.7421s
	iters: 300, epoch: 3 | loss: 0.1582784
	speed: 0.0657s/iter; left time: 534.3303s
	iters: 400, epoch: 3 | loss: 0.1579285
	speed: 0.0655s/iter; left time: 526.5122s
	iters: 500, epoch: 3 | loss: 0.1602551
	speed: 0.0654s/iter; left time: 518.4418s
	iters: 600, epoch: 3 | loss: 0.1478946
	speed: 0.0653s/iter; left time: 511.3581s
	iters: 700, epoch: 3 | loss: 0.1421513
	speed: 0.0655s/iter; left time: 506.2134s
	iters: 800, epoch: 3 | loss: 0.1494844
	speed: 0.0655s/iter; left time: 500.1418s
	iters: 900, epoch: 3 | loss: 0.1430915
	speed: 0.0652s/iter; left time: 491.3992s
	iters: 1000, epoch: 3 | loss: 0.1801739
	speed: 0.0653s/iter; left time: 485.5991s
Epoch: 3 cost time: 69.14919519424438
Epoch: 3, Steps: 1054 | Train Loss: 0.1670603 Vali Loss: 1.1154568 Test Loss: 3.2535174
EarlyStopping counter: 2 out of 3
Updating learning rate to 2.5e-05
	iters: 100, epoch: 4 | loss: 0.1528295
	speed: 0.2792s/iter; left time: 2032.3911s
	iters: 200, epoch: 4 | loss: 0.1931616
	speed: 0.0651s/iter; left time: 467.1611s
	iters: 300, epoch: 4 | loss: 0.1493132
	speed: 0.0653s/iter; left time: 461.9244s
	iters: 400, epoch: 4 | loss: 0.1670942
	speed: 0.0663s/iter; left time: 462.5735s
	iters: 500, epoch: 4 | loss: 0.1487356
	speed: 0.0662s/iter; left time: 455.5877s
	iters: 600, epoch: 4 | loss: 0.1260570
	speed: 0.0661s/iter; left time: 448.3618s
	iters: 700, epoch: 4 | loss: 0.1227091
	speed: 0.0663s/iter; left time: 442.7509s
	iters: 800, epoch: 4 | loss: 0.1424727
	speed: 0.0656s/iter; left time: 431.6828s
	iters: 900, epoch: 4 | loss: 0.1468721
	speed: 0.0653s/iter; left time: 423.2255s
	iters: 1000, epoch: 4 | loss: 0.1358970
	speed: 0.0652s/iter; left time: 415.8769s
Epoch: 4 cost time: 69.16509175300598
Epoch: 4, Steps: 1054 | Train Loss: 0.1475198 Vali Loss: 1.1733679 Test Loss: 3.3593946
EarlyStopping counter: 3 out of 3
Early stopping
>>>>>>>testing : ETTm2_720_Informer_ETTm2_ftM_sl96_ll48_pl720_dm512_nh8_el2_dl1_df2048_fc3_ebtimeF_dtTrue_Exp_0_seed3293<<<<<<<<<<<<<<<<<<<<<<<<<<<<<<<<<
test 10801
mse:3.6435632705688477, mae:1.43806791305542
