Args in experiment:
Namespace(activation='gelu', batch_size=32, c_out=862, checkpoints='./checkpoints/', d_ff=2048, d_layers=1, d_model=512, data='custom', data_path='traffic.csv', dec_in=862, des='Exp', devices='0,1,2,3', distil=True, do_predict=False, dropout=0.05, e_layers=2, embed='timeF', embed_type=0, enc_in=862, factor=3, features='M', freq='h', gpu=0, individual=False, is_training=1, itr=1, label_len=48, learning_rate=0.0001, loss='mse', lradj='type1', model='Informer', model_id='traffic_720', moving_avg=25, n_heads=8, num_workers=0, output_attention=False, patience=3, pred_len=720, root_path='./dataset/', seed=12890, seq_len=96, target='OT', test_flop=False, train_epochs=10, train_only=False, use_amp=False, use_gpu=True, use_multi_gpu=False)
Use GPU: cuda:0
>>>>>>>start training : traffic_720_Informer_custom_ftM_sl96_ll48_pl720_dm512_nh8_el2_dl1_df2048_fc3_ebtimeF_dtTrue_Exp_0_seed12890>>>>>>>>>>>>>>>>>>>>>>>>>>
train 11465
val 1037
test 2789
	iters: 100, epoch: 1 | loss: 0.9760239
	speed: 0.1667s/iter; left time: 580.3938s
	iters: 200, epoch: 1 | loss: 0.9155474
	speed: 0.1341s/iter; left time: 453.3018s
	iters: 300, epoch: 1 | loss: 0.9209971
	speed: 0.1335s/iter; left time: 438.1306s
Epoch: 1 cost time: 51.16011619567871
Epoch: 1, Steps: 358 | Train Loss: 0.9622958 Vali Loss: 1.1867120 Test Loss: 1.4505603
Validation loss decreased (inf --> 1.186712).  Saving model ...
Updating learning rate to 0.0001
	iters: 100, epoch: 2 | loss: 0.9164446
	speed: 0.4106s/iter; left time: 1282.1610s
	iters: 200, epoch: 2 | loss: 0.8860132
	speed: 0.1329s/iter; left time: 401.8205s
	iters: 300, epoch: 2 | loss: 0.8491600
	speed: 0.1332s/iter; left time: 389.4820s
Epoch: 2 cost time: 47.74067997932434
Epoch: 2, Steps: 358 | Train Loss: 0.8899555 Vali Loss: 1.1286936 Test Loss: 1.3518841
Validation loss decreased (1.186712 --> 1.128694).  Saving model ...
Updating learning rate to 5e-05
	iters: 100, epoch: 3 | loss: 0.6816938
	speed: 0.4188s/iter; left time: 1158.1119s
	iters: 200, epoch: 3 | loss: 0.5911544
	speed: 0.1338s/iter; left time: 356.6258s
	iters: 300, epoch: 3 | loss: 0.5447998
	speed: 0.1334s/iter; left time: 342.2242s
Epoch: 3 cost time: 48.10631346702576
Epoch: 3, Steps: 358 | Train Loss: 0.6264358 Vali Loss: 0.8521423 Test Loss: 1.1864632
Validation loss decreased (1.128694 --> 0.852142).  Saving model ...
Updating learning rate to 2.5e-05
	iters: 100, epoch: 4 | loss: 0.4851668
	speed: 0.4194s/iter; left time: 1009.6016s
	iters: 200, epoch: 4 | loss: 0.4933240
	speed: 0.1340s/iter; left time: 309.1599s
	iters: 300, epoch: 4 | loss: 0.4575355
	speed: 0.1344s/iter; left time: 296.5719s
Epoch: 4 cost time: 48.082051038742065
Epoch: 4, Steps: 358 | Train Loss: 0.4773021 Vali Loss: 0.8233891 Test Loss: 1.1430990
Validation loss decreased (0.852142 --> 0.823389).  Saving model ...
Updating learning rate to 1.25e-05
	iters: 100, epoch: 5 | loss: 0.4469692
	speed: 0.4228s/iter; left time: 866.3274s
	iters: 200, epoch: 5 | loss: 0.4343334
	speed: 0.1337s/iter; left time: 260.5223s
	iters: 300, epoch: 5 | loss: 0.4420248
	speed: 0.1335s/iter; left time: 246.7724s
Epoch: 5 cost time: 47.90594029426575
Epoch: 5, Steps: 358 | Train Loss: 0.4515055 Vali Loss: 0.8097966 Test Loss: 1.1216382
Validation loss decreased (0.823389 --> 0.809797).  Saving model ...
Updating learning rate to 6.25e-06
	iters: 100, epoch: 6 | loss: 0.4557272
	speed: 0.4172s/iter; left time: 705.4438s
	iters: 200, epoch: 6 | loss: 0.4372131
	speed: 0.1341s/iter; left time: 213.4196s
	iters: 300, epoch: 6 | loss: 0.4267426
	speed: 0.1349s/iter; left time: 201.1102s
Epoch: 6 cost time: 48.19077801704407
Epoch: 6, Steps: 358 | Train Loss: 0.4391164 Vali Loss: 0.8071678 Test Loss: 1.1118712
Validation loss decreased (0.809797 --> 0.807168).  Saving model ...
Updating learning rate to 3.125e-06
	iters: 100, epoch: 7 | loss: 0.4250787
	speed: 0.4152s/iter; left time: 553.4139s
	iters: 200, epoch: 7 | loss: 0.4324175
	speed: 0.1334s/iter; left time: 164.4537s
	iters: 300, epoch: 7 | loss: 0.4410703
	speed: 0.1336s/iter; left time: 151.4156s
Epoch: 7 cost time: 47.695950746536255
Epoch: 7, Steps: 358 | Train Loss: 0.4318296 Vali Loss: 0.7975532 Test Loss: 1.1016231
Validation loss decreased (0.807168 --> 0.797553).  Saving model ...
Updating learning rate to 1.5625e-06
	iters: 100, epoch: 8 | loss: 0.4265773
	speed: 0.4161s/iter; left time: 405.6683s
	iters: 200, epoch: 8 | loss: 0.4183639
	speed: 0.1348s/iter; left time: 117.9160s
	iters: 300, epoch: 8 | loss: 0.4219758
	speed: 0.1343s/iter; left time: 104.0737s
Epoch: 8 cost time: 48.09282398223877
Epoch: 8, Steps: 358 | Train Loss: 0.4273620 Vali Loss: 0.7982364 Test Loss: 1.0983500
EarlyStopping counter: 1 out of 3
Updating learning rate to 7.8125e-07
	iters: 100, epoch: 9 | loss: 0.4318611
	speed: 0.4137s/iter; left time: 255.2587s
	iters: 200, epoch: 9 | loss: 0.4233700
	speed: 0.1336s/iter; left time: 69.0753s
	iters: 300, epoch: 9 | loss: 0.4243030
	speed: 0.1334s/iter; left time: 55.6462s
Epoch: 9 cost time: 47.81020379066467
Epoch: 9, Steps: 358 | Train Loss: 0.4249792 Vali Loss: 0.7943572 Test Loss: 1.0951630
Validation loss decreased (0.797553 --> 0.794357).  Saving model ...
Updating learning rate to 3.90625e-07
	iters: 100, epoch: 10 | loss: 0.4244078
	speed: 0.4214s/iter; left time: 109.1507s
	iters: 200, epoch: 10 | loss: 0.4306804
	speed: 0.1335s/iter; left time: 21.2282s
	iters: 300, epoch: 10 | loss: 0.4339097
	speed: 0.1340s/iter; left time: 7.9071s
Epoch: 10 cost time: 48.038708448410034
Epoch: 10, Steps: 358 | Train Loss: 0.4239427 Vali Loss: 0.7952433 Test Loss: 1.0956105
EarlyStopping counter: 1 out of 3
Updating learning rate to 1.953125e-07
>>>>>>>testing : traffic_720_Informer_custom_ftM_sl96_ll48_pl720_dm512_nh8_el2_dl1_df2048_fc3_ebtimeF_dtTrue_Exp_0_seed12890<<<<<<<<<<<<<<<<<<<<<<<<<<<<<<<<<
test 2789
mse:1.096920371055603, mae:0.6166936755180359
