Args in experiment:
Namespace(activation='gelu', batch_size=32, c_out=7, checkpoints='./checkpoints/', d_ff=2048, d_layers=1, d_model=512, data='ETTm2', data_path='ETTm2.csv', dec_in=7, des='Exp', devices='0,1,2,3', distil=True, do_predict=False, dropout=0.05, e_layers=2, embed='timeF', embed_type=0, enc_in=7, factor=3, features='M', freq='h', gpu=0, individual=False, is_training=1, itr=1, label_len=48, learning_rate=0.0001, loss='mse', lradj='type1', model='Informer', model_id='ETTm2_192', moving_avg=25, n_heads=8, num_workers=0, output_attention=False, patience=3, pred_len=192, root_path='./dataset/', seed=3293, seq_len=96, target='OT', test_flop=False, train_epochs=10, train_only=False, use_amp=False, use_gpu=True, use_multi_gpu=False)
Use GPU: cuda:0
>>>>>>>start training : ETTm2_192_Informer_ETTm2_ftM_sl96_ll48_pl192_dm512_nh8_el2_dl1_df2048_fc3_ebtimeF_dtTrue_Exp_0_seed3293>>>>>>>>>>>>>>>>>>>>>>>>>>
train 34273
val 11329
test 11329
	iters: 100, epoch: 1 | loss: 0.3650718
	speed: 0.0629s/iter; left time: 667.4745s
	iters: 200, epoch: 1 | loss: 0.2047041
	speed: 0.0327s/iter; left time: 343.8471s
	iters: 300, epoch: 1 | loss: 0.2709527
	speed: 0.0327s/iter; left time: 340.3367s
	iters: 400, epoch: 1 | loss: 0.2004790
	speed: 0.0327s/iter; left time: 336.8509s
	iters: 500, epoch: 1 | loss: 0.2146956
	speed: 0.0326s/iter; left time: 332.9967s
	iters: 600, epoch: 1 | loss: 0.2707767
	speed: 0.0326s/iter; left time: 329.8223s
	iters: 700, epoch: 1 | loss: 0.2590553
	speed: 0.0331s/iter; left time: 331.7482s
	iters: 800, epoch: 1 | loss: 0.2416259
	speed: 0.0348s/iter; left time: 344.5666s
	iters: 900, epoch: 1 | loss: 0.2002276
	speed: 0.0347s/iter; left time: 340.5252s
	iters: 1000, epoch: 1 | loss: 0.2381415
	speed: 0.0346s/iter; left time: 336.3124s
Epoch: 1 cost time: 38.81201767921448
Epoch: 1, Steps: 1071 | Train Loss: 0.2585645 Vali Loss: 0.4128297 Test Loss: 1.0508850
Validation loss decreased (inf --> 0.412830).  Saving model ...
Updating learning rate to 0.0001
	iters: 100, epoch: 2 | loss: 0.2185784
	speed: 0.1482s/iter; left time: 1413.9393s
	iters: 200, epoch: 2 | loss: 0.1781418
	speed: 0.0346s/iter; left time: 326.8576s
	iters: 300, epoch: 2 | loss: 0.2237188
	speed: 0.0332s/iter; left time: 310.2457s
	iters: 400, epoch: 2 | loss: 0.1965800
	speed: 0.0329s/iter; left time: 303.9854s
	iters: 500, epoch: 2 | loss: 0.1965240
	speed: 0.0330s/iter; left time: 301.4243s
	iters: 600, epoch: 2 | loss: 0.1190064
	speed: 0.0328s/iter; left time: 296.7901s
	iters: 700, epoch: 2 | loss: 0.1620099
	speed: 0.0329s/iter; left time: 294.1307s
	iters: 800, epoch: 2 | loss: 0.1270340
	speed: 0.0329s/iter; left time: 291.1329s
	iters: 900, epoch: 2 | loss: 0.1881067
	speed: 0.0329s/iter; left time: 287.1622s
	iters: 1000, epoch: 2 | loss: 0.2411305
	speed: 0.0331s/iter; left time: 286.0678s
Epoch: 2 cost time: 35.648988246917725
Epoch: 2, Steps: 1071 | Train Loss: 0.1861695 Vali Loss: 0.5189493 Test Loss: 1.0254210
EarlyStopping counter: 1 out of 3
Updating learning rate to 5e-05
	iters: 100, epoch: 3 | loss: 0.1550297
	speed: 0.1418s/iter; left time: 1201.0776s
	iters: 200, epoch: 3 | loss: 0.1677980
	speed: 0.0331s/iter; left time: 276.8251s
	iters: 300, epoch: 3 | loss: 0.1256253
	speed: 0.0333s/iter; left time: 275.5164s
	iters: 400, epoch: 3 | loss: 0.1696559
	speed: 0.0331s/iter; left time: 270.0667s
	iters: 500, epoch: 3 | loss: 0.1572516
	speed: 0.0332s/iter; left time: 267.8080s
	iters: 600, epoch: 3 | loss: 0.1317412
	speed: 0.0331s/iter; left time: 263.3869s
	iters: 700, epoch: 3 | loss: 0.1561935
	speed: 0.0329s/iter; left time: 259.1650s
	iters: 800, epoch: 3 | loss: 0.1134884
	speed: 0.0331s/iter; left time: 256.8985s
	iters: 900, epoch: 3 | loss: 0.1315475
	speed: 0.0330s/iter; left time: 253.3404s
	iters: 1000, epoch: 3 | loss: 0.1218584
	speed: 0.0331s/iter; left time: 250.2552s
Epoch: 3 cost time: 35.442896604537964
Epoch: 3, Steps: 1071 | Train Loss: 0.1414669 Vali Loss: 0.5857748 Test Loss: 1.2073865
EarlyStopping counter: 2 out of 3
Updating learning rate to 2.5e-05
	iters: 100, epoch: 4 | loss: 0.1299636
	speed: 0.1418s/iter; left time: 1048.9996s
	iters: 200, epoch: 4 | loss: 0.1161777
	speed: 0.0331s/iter; left time: 241.7062s
	iters: 300, epoch: 4 | loss: 0.1093441
	speed: 0.0332s/iter; left time: 238.9731s
	iters: 400, epoch: 4 | loss: 0.0968439
	speed: 0.0341s/iter; left time: 241.8120s
	iters: 500, epoch: 4 | loss: 0.1203324
	speed: 0.0339s/iter; left time: 237.4618s
	iters: 600, epoch: 4 | loss: 0.1173757
	speed: 0.0342s/iter; left time: 235.7582s
	iters: 700, epoch: 4 | loss: 0.0972069
	speed: 0.0340s/iter; left time: 231.4053s
	iters: 800, epoch: 4 | loss: 0.0797772
	speed: 0.0339s/iter; left time: 226.7652s
	iters: 900, epoch: 4 | loss: 0.1092076
	speed: 0.0343s/iter; left time: 226.5090s
	iters: 1000, epoch: 4 | loss: 0.1245305
	speed: 0.0341s/iter; left time: 221.3654s
Epoch: 4 cost time: 36.216758728027344
Epoch: 4, Steps: 1071 | Train Loss: 0.1181175 Vali Loss: 0.6282293 Test Loss: 1.3619047
EarlyStopping counter: 3 out of 3
Early stopping
>>>>>>>testing : ETTm2_192_Informer_ETTm2_ftM_sl96_ll48_pl192_dm512_nh8_el2_dl1_df2048_fc3_ebtimeF_dtTrue_Exp_0_seed3293<<<<<<<<<<<<<<<<<<<<<<<<<<<<<<<<<
test 11329
mse:1.0528539419174194, mae:0.8055149912834167
