Args in experiment:
Namespace(activation='gelu', batch_size=32, c_out=7, checkpoints='./checkpoints/', d_ff=2048, d_layers=1, d_model=512, data='ETTh1', data_path='ETTh1.csv', dec_in=7, des='Exp', devices='0,1,2,3', distil=True, do_predict=False, dropout=0.05, e_layers=2, embed='timeF', embed_type=0, enc_in=7, factor=3, features='M', freq='h', gpu=0, individual=False, is_training=1, itr=1, label_len=48, learning_rate=0.0001, loss='mse', lradj='type1', model='Informer', model_id='ETTh1_96', moving_avg=25, n_heads=8, num_workers=0, output_attention=False, patience=3, pred_len=96, root_path='./dataset/', seed=28649, seq_len=96, target='OT', test_flop=False, train_epochs=10, train_only=False, use_amp=False, use_gpu=True, use_multi_gpu=False)
Use GPU: cuda:0
>>>>>>>start training : ETTh1_96_Informer_ETTh1_ftM_sl96_ll48_pl96_dm512_nh8_el2_dl1_df2048_fc3_ebtimeF_dtTrue_Exp_0_seed28649>>>>>>>>>>>>>>>>>>>>>>>>>>
train 8449
val 2785
test 2785
	iters: 100, epoch: 1 | loss: 0.5524582
	speed: 0.0570s/iter; left time: 144.7887s
	iters: 200, epoch: 1 | loss: 0.5130187
	speed: 0.0267s/iter; left time: 65.2173s
Epoch: 1 cost time: 10.100128889083862
Epoch: 1, Steps: 264 | Train Loss: 0.5133587 Vali Loss: 1.1913985 Test Loss: 0.8630915
Validation loss decreased (inf --> 1.191399).  Saving model ...
Updating learning rate to 0.0001
	iters: 100, epoch: 2 | loss: 0.4347211
	speed: 0.0642s/iter; left time: 146.2282s
	iters: 200, epoch: 2 | loss: 0.3532517
	speed: 0.0281s/iter; left time: 61.1507s
Epoch: 2 cost time: 7.456541061401367
Epoch: 2, Steps: 264 | Train Loss: 0.4229474 Vali Loss: 1.2588525 Test Loss: 1.0218282
EarlyStopping counter: 1 out of 3
Updating learning rate to 5e-05
	iters: 100, epoch: 3 | loss: 0.3590916
	speed: 0.0626s/iter; left time: 126.0297s
	iters: 200, epoch: 3 | loss: 0.3691999
	speed: 0.0281s/iter; left time: 53.7826s
Epoch: 3 cost time: 7.457699775695801
Epoch: 3, Steps: 264 | Train Loss: 0.3689942 Vali Loss: 1.3261015 Test Loss: 1.1952828
EarlyStopping counter: 2 out of 3
Updating learning rate to 2.5e-05
	iters: 100, epoch: 4 | loss: 0.3306982
	speed: 0.0630s/iter; left time: 110.1837s
	iters: 200, epoch: 4 | loss: 0.3284168
	speed: 0.0285s/iter; left time: 47.0679s
Epoch: 4 cost time: 7.4864654541015625
Epoch: 4, Steps: 264 | Train Loss: 0.3308269 Vali Loss: 1.3105561 Test Loss: 1.3077441
EarlyStopping counter: 3 out of 3
Early stopping
>>>>>>>testing : ETTh1_96_Informer_ETTh1_ftM_sl96_ll48_pl96_dm512_nh8_el2_dl1_df2048_fc3_ebtimeF_dtTrue_Exp_0_seed28649<<<<<<<<<<<<<<<<<<<<<<<<<<<<<<<<<
test 2785
mse:0.8617619872093201, mae:0.7050296664237976
