Args in experiment:
Namespace(activation='gelu', batch_size=32, c_out=7, checkpoints='./checkpoints/', d_ff=2048, d_layers=1, d_model=512, data='ETTh2', data_path='ETTh2.csv', dec_in=7, des='Exp', devices='0,1,2,3', distil=True, do_predict=False, dropout=0.05, e_layers=2, embed='timeF', embed_type=0, enc_in=7, factor=3, features='M', freq='h', gpu=0, individual=False, is_training=1, itr=1, label_len=48, learning_rate=0.0001, loss='mse', lradj='type1', model='Informer', model_id='ETTh2_192', moving_avg=25, n_heads=8, num_workers=0, output_attention=False, patience=3, pred_len=192, root_path='./dataset/', seed=25565, seq_len=96, target='OT', test_flop=False, train_epochs=10, train_only=False, use_amp=False, use_gpu=True, use_multi_gpu=False)
Use GPU: cuda:0
>>>>>>>start training : ETTh2_192_Informer_ETTh2_ftM_sl96_ll48_pl192_dm512_nh8_el2_dl1_df2048_fc3_ebtimeF_dtTrue_Exp_0_seed25565>>>>>>>>>>>>>>>>>>>>>>>>>>
train 8353
val 2689
test 2689
	iters: 100, epoch: 1 | loss: 0.2815385
	speed: 0.0655s/iter; left time: 164.5600s
	iters: 200, epoch: 1 | loss: 0.3596837
	speed: 0.0338s/iter; left time: 81.4389s
Epoch: 1 cost time: 12.031367301940918
Epoch: 1, Steps: 261 | Train Loss: 0.4064144 Vali Loss: 1.4140118 Test Loss: 6.4569831
Validation loss decreased (inf --> 1.414012).  Saving model ...
Updating learning rate to 0.0001
	iters: 100, epoch: 2 | loss: 0.2874147
	speed: 0.0778s/iter; left time: 175.1187s
	iters: 200, epoch: 2 | loss: 0.2667283
	speed: 0.0341s/iter; left time: 73.2495s
Epoch: 2 cost time: 8.940076112747192
Epoch: 2, Steps: 261 | Train Loss: 0.2934433 Vali Loss: 1.4303395 Test Loss: 6.2553668
EarlyStopping counter: 1 out of 3
Updating learning rate to 5e-05
	iters: 100, epoch: 3 | loss: 0.1997574
	speed: 0.0743s/iter; left time: 147.7523s
	iters: 200, epoch: 3 | loss: 0.2538284
	speed: 0.0330s/iter; left time: 62.3080s
Epoch: 3 cost time: 8.627386808395386
Epoch: 3, Steps: 261 | Train Loss: 0.2365004 Vali Loss: 1.6414858 Test Loss: 7.5969915
EarlyStopping counter: 2 out of 3
Updating learning rate to 2.5e-05
	iters: 100, epoch: 4 | loss: 0.2526997
	speed: 0.0734s/iter; left time: 126.7847s
	iters: 200, epoch: 4 | loss: 0.1942774
	speed: 0.0330s/iter; left time: 53.7076s
Epoch: 4 cost time: 8.60857892036438
Epoch: 4, Steps: 261 | Train Loss: 0.2159294 Vali Loss: 1.4862484 Test Loss: 7.0314541
EarlyStopping counter: 3 out of 3
Early stopping
>>>>>>>testing : ETTh2_192_Informer_ETTh2_ftM_sl96_ll48_pl192_dm512_nh8_el2_dl1_df2048_fc3_ebtimeF_dtTrue_Exp_0_seed25565<<<<<<<<<<<<<<<<<<<<<<<<<<<<<<<<<
test 2689
mse:6.460146427154541, mae:2.105747699737549
