Args in experiment:
Namespace(activation='gelu', batch_size=32, c_out=7, checkpoints='./checkpoints/', d_ff=2048, d_layers=1, d_model=512, data='ETTm2', data_path='ETTm2.csv', dec_in=7, des='Exp', devices='0,1,2,3', distil=True, do_predict=False, dropout=0.05, e_layers=2, embed='timeF', embed_type=0, enc_in=7, factor=3, features='M', freq='h', gpu=0, individual=False, is_training=1, itr=1, label_len=48, learning_rate=0.0001, loss='mse', lradj='type1', model='Informer', model_id='ETTm2_336', moving_avg=25, n_heads=8, num_workers=0, output_attention=False, patience=3, pred_len=336, root_path='./dataset/', seed=28649, seq_len=96, target='OT', test_flop=False, train_epochs=10, train_only=False, use_amp=False, use_gpu=True, use_multi_gpu=False)
Use GPU: cuda:0
>>>>>>>start training : ETTm2_336_Informer_ETTm2_ftM_sl96_ll48_pl336_dm512_nh8_el2_dl1_df2048_fc3_ebtimeF_dtTrue_Exp_0_seed28649>>>>>>>>>>>>>>>>>>>>>>>>>>
train 34129
val 11185
test 11185
	iters: 100, epoch: 1 | loss: 0.3369758
	speed: 0.0735s/iter; left time: 776.2004s
	iters: 200, epoch: 1 | loss: 0.3451781
	speed: 0.0424s/iter; left time: 443.4463s
	iters: 300, epoch: 1 | loss: 0.3417940
	speed: 0.0421s/iter; left time: 436.5197s
	iters: 400, epoch: 1 | loss: 0.3009076
	speed: 0.0414s/iter; left time: 424.6983s
	iters: 500, epoch: 1 | loss: 0.2637171
	speed: 0.0413s/iter; left time: 419.9764s
	iters: 600, epoch: 1 | loss: 0.2484700
	speed: 0.0413s/iter; left time: 415.1111s
	iters: 700, epoch: 1 | loss: 0.2093565
	speed: 0.0414s/iter; left time: 412.7065s
	iters: 800, epoch: 1 | loss: 0.2161116
	speed: 0.0415s/iter; left time: 408.9746s
	iters: 900, epoch: 1 | loss: 0.2171497
	speed: 0.0415s/iter; left time: 405.0162s
	iters: 1000, epoch: 1 | loss: 0.2006242
	speed: 0.0414s/iter; left time: 399.5818s
Epoch: 1 cost time: 47.529885053634644
Epoch: 1, Steps: 1066 | Train Loss: 0.2845255 Vali Loss: 0.5167332 Test Loss: 1.3831097
Validation loss decreased (inf --> 0.516733).  Saving model ...
Updating learning rate to 0.0001
	iters: 100, epoch: 2 | loss: 0.1869722
	speed: 0.1812s/iter; left time: 1720.8043s
	iters: 200, epoch: 2 | loss: 0.3389435
	speed: 0.0417s/iter; left time: 391.7398s
	iters: 300, epoch: 2 | loss: 0.2100695
	speed: 0.0417s/iter; left time: 387.5456s
	iters: 400, epoch: 2 | loss: 0.1560283
	speed: 0.0414s/iter; left time: 380.7987s
	iters: 500, epoch: 2 | loss: 0.1585062
	speed: 0.0413s/iter; left time: 375.3103s
	iters: 600, epoch: 2 | loss: 0.3074356
	speed: 0.0412s/iter; left time: 370.9555s
	iters: 700, epoch: 2 | loss: 0.1908078
	speed: 0.0415s/iter; left time: 368.7988s
	iters: 800, epoch: 2 | loss: 0.1594565
	speed: 0.0412s/iter; left time: 362.7357s
	iters: 900, epoch: 2 | loss: 0.1558516
	speed: 0.0413s/iter; left time: 359.5272s
	iters: 1000, epoch: 2 | loss: 0.1911671
	speed: 0.0413s/iter; left time: 355.0571s
Epoch: 2 cost time: 44.14886522293091
Epoch: 2, Steps: 1066 | Train Loss: 0.1973456 Vali Loss: 0.6991068 Test Loss: 1.5913451
EarlyStopping counter: 1 out of 3
Updating learning rate to 5e-05
	iters: 100, epoch: 3 | loss: 0.1728754
	speed: 0.1800s/iter; left time: 1516.9468s
	iters: 200, epoch: 3 | loss: 0.1698040
	speed: 0.0431s/iter; left time: 359.2154s
	iters: 300, epoch: 3 | loss: 0.1411814
	speed: 0.0423s/iter; left time: 347.9959s
	iters: 400, epoch: 3 | loss: 0.1495468
	speed: 0.0422s/iter; left time: 343.2818s
	iters: 500, epoch: 3 | loss: 0.1217198
	speed: 0.0426s/iter; left time: 341.7005s
	iters: 600, epoch: 3 | loss: 0.1880815
	speed: 0.0415s/iter; left time: 328.7367s
	iters: 700, epoch: 3 | loss: 0.1135700
	speed: 0.0416s/iter; left time: 325.8514s
	iters: 800, epoch: 3 | loss: 0.1746651
	speed: 0.0418s/iter; left time: 322.6934s
	iters: 900, epoch: 3 | loss: 0.1350637
	speed: 0.0416s/iter; left time: 317.3444s
	iters: 1000, epoch: 3 | loss: 0.1251504
	speed: 0.0414s/iter; left time: 311.5750s
Epoch: 3 cost time: 44.820029973983765
Epoch: 3, Steps: 1066 | Train Loss: 0.1519372 Vali Loss: 0.7730694 Test Loss: 1.7352375
EarlyStopping counter: 2 out of 3
Updating learning rate to 2.5e-05
	iters: 100, epoch: 4 | loss: 0.1316750
	speed: 0.1779s/iter; left time: 1309.9097s
	iters: 200, epoch: 4 | loss: 0.1634475
	speed: 0.0415s/iter; left time: 301.4277s
	iters: 300, epoch: 4 | loss: 0.1265471
	speed: 0.0414s/iter; left time: 296.8182s
	iters: 400, epoch: 4 | loss: 0.1218133
	speed: 0.0415s/iter; left time: 293.0477s
	iters: 500, epoch: 4 | loss: 0.1372973
	speed: 0.0413s/iter; left time: 287.2726s
	iters: 600, epoch: 4 | loss: 0.1475294
	speed: 0.0413s/iter; left time: 283.7500s
	iters: 700, epoch: 4 | loss: 0.1449499
	speed: 0.0413s/iter; left time: 279.1792s
	iters: 800, epoch: 4 | loss: 0.1265162
	speed: 0.0412s/iter; left time: 274.7426s
	iters: 900, epoch: 4 | loss: 0.1384301
	speed: 0.0412s/iter; left time: 270.5384s
	iters: 1000, epoch: 4 | loss: 0.1254620
	speed: 0.0412s/iter; left time: 266.2897s
Epoch: 4 cost time: 44.0491738319397
Epoch: 4, Steps: 1066 | Train Loss: 0.1286473 Vali Loss: 0.7880970 Test Loss: 1.6635760
EarlyStopping counter: 3 out of 3
Early stopping
>>>>>>>testing : ETTm2_336_Informer_ETTm2_ftM_sl96_ll48_pl336_dm512_nh8_el2_dl1_df2048_fc3_ebtimeF_dtTrue_Exp_0_seed28649<<<<<<<<<<<<<<<<<<<<<<<<<<<<<<<<<
test 11185
mse:1.384120225906372, mae:0.9129354357719421
