Args in experiment:
Namespace(activation='gelu', batch_size=32, c_out=7, checkpoints='./checkpoints/', d_ff=2048, d_layers=1, d_model=512, data='ETTm2', data_path='ETTm2.csv', dec_in=7, des='Exp', devices='0,1,2,3', distil=True, do_predict=False, dropout=0.05, e_layers=2, embed='timeF', embed_type=0, enc_in=7, factor=3, features='M', freq='h', gpu=0, individual=False, is_training=1, itr=1, label_len=48, learning_rate=0.0001, loss='mse', lradj='type1', model='Informer', model_id='ETTm2_336', moving_avg=25, n_heads=8, num_workers=0, output_attention=False, patience=3, pred_len=336, root_path='./dataset/', seed=15227, seq_len=96, target='OT', test_flop=False, train_epochs=10, train_only=False, use_amp=False, use_gpu=True, use_multi_gpu=False)
Use GPU: cuda:0
>>>>>>>start training : ETTm2_336_Informer_ETTm2_ftM_sl96_ll48_pl336_dm512_nh8_el2_dl1_df2048_fc3_ebtimeF_dtTrue_Exp_0_seed15227>>>>>>>>>>>>>>>>>>>>>>>>>>
train 34129
val 11185
test 11185
	iters: 100, epoch: 1 | loss: 0.2928610
	speed: 0.0717s/iter; left time: 756.7191s
	iters: 200, epoch: 1 | loss: 0.3680216
	speed: 0.0415s/iter; left time: 433.6237s
	iters: 300, epoch: 1 | loss: 0.3184275
	speed: 0.0416s/iter; left time: 430.9275s
	iters: 400, epoch: 1 | loss: 0.2082652
	speed: 0.0413s/iter; left time: 423.9568s
	iters: 500, epoch: 1 | loss: 0.2039532
	speed: 0.0413s/iter; left time: 419.3889s
	iters: 600, epoch: 1 | loss: 0.2712966
	speed: 0.0413s/iter; left time: 415.1711s
	iters: 700, epoch: 1 | loss: 0.2380110
	speed: 0.0415s/iter; left time: 412.9011s
	iters: 800, epoch: 1 | loss: 0.2315428
	speed: 0.0414s/iter; left time: 408.7314s
	iters: 900, epoch: 1 | loss: 0.2807269
	speed: 0.0414s/iter; left time: 403.7356s
	iters: 1000, epoch: 1 | loss: 0.1978865
	speed: 0.0412s/iter; left time: 397.8918s
Epoch: 1 cost time: 47.1498818397522
Epoch: 1, Steps: 1066 | Train Loss: 0.2866593 Vali Loss: 0.5608197 Test Loss: 1.4864167
Validation loss decreased (inf --> 0.560820).  Saving model ...
Updating learning rate to 0.0001
	iters: 100, epoch: 2 | loss: 0.2530594
	speed: 0.1799s/iter; left time: 1708.1658s
	iters: 200, epoch: 2 | loss: 0.2907670
	speed: 0.0412s/iter; left time: 387.1678s
	iters: 300, epoch: 2 | loss: 0.2251792
	speed: 0.0413s/iter; left time: 384.3259s
	iters: 400, epoch: 2 | loss: 0.1559059
	speed: 0.0413s/iter; left time: 379.6033s
	iters: 500, epoch: 2 | loss: 0.2257385
	speed: 0.0412s/iter; left time: 374.8305s
	iters: 600, epoch: 2 | loss: 0.1811578
	speed: 0.0417s/iter; left time: 374.7871s
	iters: 700, epoch: 2 | loss: 0.2043669
	speed: 0.0429s/iter; left time: 381.6554s
	iters: 800, epoch: 2 | loss: 0.1607627
	speed: 0.0430s/iter; left time: 378.2130s
	iters: 900, epoch: 2 | loss: 0.1701483
	speed: 0.0428s/iter; left time: 371.9452s
	iters: 1000, epoch: 2 | loss: 0.1751309
	speed: 0.0430s/iter; left time: 369.1909s
Epoch: 2 cost time: 44.796919107437134
Epoch: 2, Steps: 1066 | Train Loss: 0.1962229 Vali Loss: 0.7034434 Test Loss: 1.3626511
EarlyStopping counter: 1 out of 3
Updating learning rate to 5e-05
	iters: 100, epoch: 3 | loss: 0.1700673
	speed: 0.1802s/iter; left time: 1519.1048s
	iters: 200, epoch: 3 | loss: 0.1747752
	speed: 0.0413s/iter; left time: 343.6766s
	iters: 300, epoch: 3 | loss: 0.1442968
	speed: 0.0414s/iter; left time: 340.8904s
	iters: 400, epoch: 3 | loss: 0.1249822
	speed: 0.0413s/iter; left time: 335.9911s
	iters: 500, epoch: 3 | loss: 0.1188622
	speed: 0.0414s/iter; left time: 332.0174s
	iters: 600, epoch: 3 | loss: 0.1417043
	speed: 0.0415s/iter; left time: 328.8971s
	iters: 700, epoch: 3 | loss: 0.1815384
	speed: 0.0414s/iter; left time: 324.0508s
	iters: 800, epoch: 3 | loss: 0.1327781
	speed: 0.0416s/iter; left time: 321.6546s
	iters: 900, epoch: 3 | loss: 0.1425910
	speed: 0.0416s/iter; left time: 317.4475s
	iters: 1000, epoch: 3 | loss: 0.1287386
	speed: 0.0414s/iter; left time: 311.6219s
Epoch: 3 cost time: 44.16314101219177
Epoch: 3, Steps: 1066 | Train Loss: 0.1497906 Vali Loss: 0.8079358 Test Loss: 1.6447557
EarlyStopping counter: 2 out of 3
Updating learning rate to 2.5e-05
	iters: 100, epoch: 4 | loss: 0.1382112
	speed: 0.1780s/iter; left time: 1310.3024s
	iters: 200, epoch: 4 | loss: 0.1511416
	speed: 0.0415s/iter; left time: 301.0840s
	iters: 300, epoch: 4 | loss: 0.1348950
	speed: 0.0415s/iter; left time: 297.0432s
	iters: 400, epoch: 4 | loss: 0.1653775
	speed: 0.0414s/iter; left time: 292.7567s
	iters: 500, epoch: 4 | loss: 0.1338070
	speed: 0.0414s/iter; left time: 288.4920s
	iters: 600, epoch: 4 | loss: 0.1168389
	speed: 0.0414s/iter; left time: 284.0192s
	iters: 700, epoch: 4 | loss: 0.1128211
	speed: 0.0416s/iter; left time: 281.0191s
	iters: 800, epoch: 4 | loss: 0.1026084
	speed: 0.0416s/iter; left time: 277.4920s
	iters: 900, epoch: 4 | loss: 0.1248225
	speed: 0.0425s/iter; left time: 278.7681s
	iters: 1000, epoch: 4 | loss: 0.1340844
	speed: 0.0425s/iter; left time: 274.9086s
Epoch: 4 cost time: 44.471094846725464
Epoch: 4, Steps: 1066 | Train Loss: 0.1265068 Vali Loss: 0.8262975 Test Loss: 1.7465192
EarlyStopping counter: 3 out of 3
Early stopping
>>>>>>>testing : ETTm2_336_Informer_ETTm2_ftM_sl96_ll48_pl336_dm512_nh8_el2_dl1_df2048_fc3_ebtimeF_dtTrue_Exp_0_seed15227<<<<<<<<<<<<<<<<<<<<<<<<<<<<<<<<<
test 11185
mse:1.4875303506851196, mae:0.9340034127235413
