Args in experiment:
Namespace(activation='gelu', batch_size=32, c_out=8, checkpoints='./checkpoints/', d_ff=2048, d_layers=1, d_model=512, data='custom', data_path='exchange_rate.csv', dec_in=8, des='Exp', devices='0,1,2,3', distil=True, do_predict=False, dropout=0.05, e_layers=2, embed='timeF', embed_type=0, enc_in=8, factor=3, features='M', freq='h', gpu=0, individual=False, is_training=1, itr=1, label_len=48, learning_rate=0.0001, loss='mse', lradj='type1', model='Informer', model_id='exchange_720', moving_avg=25, n_heads=8, num_workers=0, output_attention=False, patience=3, pred_len=720, root_path='./dataset/', seed=25565, seq_len=96, target='OT', test_flop=False, train_epochs=10, train_only=False, use_amp=False, use_gpu=True, use_multi_gpu=False)
Use GPU: cuda:0
>>>>>>>start training : exchange_720_Informer_custom_ftM_sl96_ll48_pl720_dm512_nh8_el2_dl1_df2048_fc3_ebtimeF_dtTrue_Exp_0_seed25565>>>>>>>>>>>>>>>>>>>>>>>>>>
train 4496
val 41
test 798
	iters: 100, epoch: 1 | loss: 0.1189065
	speed: 0.0956s/iter; left time: 124.4204s
Epoch: 1 cost time: 12.227576494216919
Epoch: 1, Steps: 140 | Train Loss: 0.2253969 Vali Loss: 3.6934445 Test Loss: 2.6879196
Validation loss decreased (inf --> 3.693444).  Saving model ...
Updating learning rate to 0.0001
	iters: 100, epoch: 2 | loss: 0.0994999
	speed: 0.1003s/iter; left time: 116.4921s
Epoch: 2 cost time: 9.118791341781616
Epoch: 2, Steps: 140 | Train Loss: 0.0955181 Vali Loss: 4.2991834 Test Loss: 2.8546185
EarlyStopping counter: 1 out of 3
Updating learning rate to 5e-05
	iters: 100, epoch: 3 | loss: 0.0692641
	speed: 0.0981s/iter; left time: 100.1516s
Epoch: 3 cost time: 9.118492364883423
Epoch: 3, Steps: 140 | Train Loss: 0.0723300 Vali Loss: 4.5321708 Test Loss: 2.9294944
EarlyStopping counter: 2 out of 3
Updating learning rate to 2.5e-05
	iters: 100, epoch: 4 | loss: 0.0583739
	speed: 0.0981s/iter; left time: 86.3889s
Epoch: 4 cost time: 9.119005680084229
Epoch: 4, Steps: 140 | Train Loss: 0.0657923 Vali Loss: 4.7079630 Test Loss: 2.9162662
EarlyStopping counter: 3 out of 3
Early stopping
>>>>>>>testing : exchange_720_Informer_custom_ftM_sl96_ll48_pl720_dm512_nh8_el2_dl1_df2048_fc3_ebtimeF_dtTrue_Exp_0_seed25565<<<<<<<<<<<<<<<<<<<<<<<<<<<<<<<<<
test 798
mse:2.6880133152008057, mae:1.3555725812911987
