Args in experiment:
Namespace(activation='gelu', batch_size=32, c_out=7, checkpoints='./checkpoints/', d_ff=2048, d_layers=1, d_model=512, data='ETTm1', data_path='ETTm1.csv', dec_in=7, des='Exp', devices='0,1,2,3', distil=True, do_predict=False, dropout=0.05, e_layers=2, embed='timeF', embed_type=0, enc_in=7, factor=3, features='M', freq='h', gpu=0, individual=False, is_training=1, itr=1, label_len=48, learning_rate=0.0001, loss='mse', lradj='type1', model='Informer', model_id='ETTm1_720', moving_avg=25, n_heads=8, num_workers=0, output_attention=False, patience=3, pred_len=720, root_path='./dataset/', seed=3144, seq_len=96, target='OT', test_flop=False, train_epochs=10, train_only=False, use_amp=False, use_gpu=True, use_multi_gpu=False)
Use GPU: cuda:0
>>>>>>>start training : ETTm1_720_Informer_ETTm1_ftM_sl96_ll48_pl720_dm512_nh8_el2_dl1_df2048_fc3_ebtimeF_dtTrue_Exp_0_seed3144>>>>>>>>>>>>>>>>>>>>>>>>>>
train 33745
val 10801
test 10801
	iters: 100, epoch: 1 | loss: 0.5910602
	speed: 0.0959s/iter; left time: 1001.5554s
	iters: 200, epoch: 1 | loss: 0.5154136
	speed: 0.0652s/iter; left time: 673.9057s
	iters: 300, epoch: 1 | loss: 0.4518687
	speed: 0.0651s/iter; left time: 666.9229s
	iters: 400, epoch: 1 | loss: 0.4251002
	speed: 0.0651s/iter; left time: 660.1720s
	iters: 500, epoch: 1 | loss: 0.4542995
	speed: 0.0654s/iter; left time: 656.2284s
	iters: 600, epoch: 1 | loss: 0.4185102
	speed: 0.0651s/iter; left time: 646.6805s
	iters: 700, epoch: 1 | loss: 0.4133790
	speed: 0.0651s/iter; left time: 640.3564s
	iters: 800, epoch: 1 | loss: 0.3708144
	speed: 0.0652s/iter; left time: 635.3111s
	iters: 900, epoch: 1 | loss: 0.3496766
	speed: 0.0653s/iter; left time: 629.3042s
	iters: 1000, epoch: 1 | loss: 0.3477741
	speed: 0.0659s/iter; left time: 629.2191s
Epoch: 1 cost time: 71.9498770236969
Epoch: 1, Steps: 1054 | Train Loss: 0.4514518 Vali Loss: 1.3030993 Test Loss: 1.0590634
Validation loss decreased (inf --> 1.303099).  Saving model ...
Updating learning rate to 0.0001
	iters: 100, epoch: 2 | loss: 0.3505234
	speed: 0.2850s/iter; left time: 2675.1854s
	iters: 200, epoch: 2 | loss: 0.3371204
	speed: 0.0655s/iter; left time: 607.8391s
	iters: 300, epoch: 2 | loss: 0.3249705
	speed: 0.0656s/iter; left time: 602.4057s
	iters: 400, epoch: 2 | loss: 0.3014052
	speed: 0.0654s/iter; left time: 594.1571s
	iters: 500, epoch: 2 | loss: 0.2743071
	speed: 0.0653s/iter; left time: 586.7775s
	iters: 600, epoch: 2 | loss: 0.2937497
	speed: 0.0655s/iter; left time: 582.3523s
	iters: 700, epoch: 2 | loss: 0.2880674
	speed: 0.0653s/iter; left time: 573.7572s
	iters: 800, epoch: 2 | loss: 0.2722361
	speed: 0.0652s/iter; left time: 566.3807s
	iters: 900, epoch: 2 | loss: 0.2711550
	speed: 0.0653s/iter; left time: 560.8751s
	iters: 1000, epoch: 2 | loss: 0.2744505
	speed: 0.0655s/iter; left time: 555.6215s
Epoch: 2 cost time: 68.9984233379364
Epoch: 2, Steps: 1054 | Train Loss: 0.3004015 Vali Loss: 1.2966006 Test Loss: 1.1448877
Validation loss decreased (1.303099 --> 1.296601).  Saving model ...
Updating learning rate to 5e-05
	iters: 100, epoch: 3 | loss: 0.2633874
	speed: 0.2816s/iter; left time: 2346.3924s
	iters: 200, epoch: 3 | loss: 0.2473180
	speed: 0.0663s/iter; left time: 546.1805s
	iters: 300, epoch: 3 | loss: 0.2481803
	speed: 0.0671s/iter; left time: 545.8475s
	iters: 400, epoch: 3 | loss: 0.2622702
	speed: 0.0671s/iter; left time: 538.9133s
	iters: 500, epoch: 3 | loss: 0.2593809
	speed: 0.0671s/iter; left time: 532.0179s
	iters: 600, epoch: 3 | loss: 0.2472532
	speed: 0.0667s/iter; left time: 522.5984s
	iters: 700, epoch: 3 | loss: 0.2427734
	speed: 0.0654s/iter; left time: 505.3961s
	iters: 800, epoch: 3 | loss: 0.2394494
	speed: 0.0652s/iter; left time: 497.8632s
	iters: 900, epoch: 3 | loss: 0.2297635
	speed: 0.0655s/iter; left time: 493.2395s
	iters: 1000, epoch: 3 | loss: 0.2248857
	speed: 0.0655s/iter; left time: 486.6444s
Epoch: 3 cost time: 69.63911938667297
Epoch: 3, Steps: 1054 | Train Loss: 0.2425713 Vali Loss: 1.3217710 Test Loss: 1.3337865
EarlyStopping counter: 1 out of 3
Updating learning rate to 2.5e-05
	iters: 100, epoch: 4 | loss: 0.2327116
	speed: 0.2797s/iter; left time: 2036.0168s
	iters: 200, epoch: 4 | loss: 0.2237078
	speed: 0.0655s/iter; left time: 470.2535s
	iters: 300, epoch: 4 | loss: 0.2117580
	speed: 0.0655s/iter; left time: 463.4004s
	iters: 400, epoch: 4 | loss: 0.2334069
	speed: 0.0655s/iter; left time: 457.2746s
	iters: 500, epoch: 4 | loss: 0.2208072
	speed: 0.0656s/iter; left time: 451.2941s
	iters: 600, epoch: 4 | loss: 0.2187553
	speed: 0.0654s/iter; left time: 443.6527s
	iters: 700, epoch: 4 | loss: 0.2102313
	speed: 0.0662s/iter; left time: 441.9293s
	iters: 800, epoch: 4 | loss: 0.2215012
	speed: 0.0662s/iter; left time: 435.7471s
	iters: 900, epoch: 4 | loss: 0.2105954
	speed: 0.0661s/iter; left time: 428.4141s
	iters: 1000, epoch: 4 | loss: 0.2028621
	speed: 0.0661s/iter; left time: 421.5927s
Epoch: 4 cost time: 69.35020017623901
Epoch: 4, Steps: 1054 | Train Loss: 0.2164257 Vali Loss: 1.3367796 Test Loss: 1.2743574
EarlyStopping counter: 2 out of 3
Updating learning rate to 1.25e-05
	iters: 100, epoch: 5 | loss: 0.2070184
	speed: 0.2803s/iter; left time: 1744.9392s
	iters: 200, epoch: 5 | loss: 0.2001512
	speed: 0.0655s/iter; left time: 401.0754s
	iters: 300, epoch: 5 | loss: 0.1998698
	speed: 0.0655s/iter; left time: 394.5931s
	iters: 400, epoch: 5 | loss: 0.2063078
	speed: 0.0653s/iter; left time: 387.1580s
	iters: 500, epoch: 5 | loss: 0.1984300
	speed: 0.0655s/iter; left time: 381.2909s
	iters: 600, epoch: 5 | loss: 0.2087896
	speed: 0.0656s/iter; left time: 375.3705s
	iters: 700, epoch: 5 | loss: 0.1990331
	speed: 0.0654s/iter; left time: 367.8868s
	iters: 800, epoch: 5 | loss: 0.1929455
	speed: 0.0652s/iter; left time: 360.3459s
	iters: 900, epoch: 5 | loss: 0.1987971
	speed: 0.0652s/iter; left time: 353.6157s
	iters: 1000, epoch: 5 | loss: 0.1827817
	speed: 0.0652s/iter; left time: 346.9631s
Epoch: 5 cost time: 68.8885178565979
Epoch: 5, Steps: 1054 | Train Loss: 0.2028850 Vali Loss: 1.3518986 Test Loss: 1.3127729
EarlyStopping counter: 3 out of 3
Early stopping
>>>>>>>testing : ETTm1_720_Informer_ETTm1_ftM_sl96_ll48_pl720_dm512_nh8_el2_dl1_df2048_fc3_ebtimeF_dtTrue_Exp_0_seed3144<<<<<<<<<<<<<<<<<<<<<<<<<<<<<<<<<
test 10801
mse:1.1452478170394897, mae:0.8075469136238098
