Args in experiment:
Namespace(activation='gelu', batch_size=32, c_out=7, checkpoints='./checkpoints/', d_ff=2048, d_layers=1, d_model=512, data='custom', data_path='national_illness.csv', dec_in=7, des='Exp', devices='0,1,2,3', distil=True, do_predict=False, dropout=0.05, e_layers=2, embed='timeF', embed_type=0, enc_in=7, factor=3, features='M', freq='h', gpu=0, individual=False, is_training=1, itr=1, label_len=18, learning_rate=0.0001, loss='mse', lradj='type1', model='Informer', model_id='ili_36', moving_avg=25, n_heads=8, num_workers=0, output_attention=False, patience=3, pred_len=36, root_path='./dataset/', seed=15349, seq_len=36, target='OT', test_flop=False, train_epochs=10, train_only=False, use_amp=False, use_gpu=True, use_multi_gpu=False)
Use GPU: cuda:0
>>>>>>>start training : ili_36_Informer_custom_ftM_sl36_ll18_pl36_dm512_nh8_el2_dl1_df2048_fc3_ebtimeF_dtTrue_Exp_0_seed15349>>>>>>>>>>>>>>>>>>>>>>>>>>
train 605
val 62
test 158
Epoch: 1 cost time: 3.343559980392456
Epoch: 1, Steps: 18 | Train Loss: 0.7675763 Vali Loss: 0.3577611 Test Loss: 4.4035654
Validation loss decreased (inf --> 0.357761).  Saving model ...
Updating learning rate to 0.0001
Epoch: 2 cost time: 0.3379333019256592
Epoch: 2, Steps: 18 | Train Loss: 0.5099658 Vali Loss: 0.2741960 Test Loss: 5.6212845
Validation loss decreased (0.357761 --> 0.274196).  Saving model ...
Updating learning rate to 5e-05
Epoch: 3 cost time: 0.3279268741607666
Epoch: 3, Steps: 18 | Train Loss: 0.4094874 Vali Loss: 0.2293409 Test Loss: 5.4133067
Validation loss decreased (0.274196 --> 0.229341).  Saving model ...
Updating learning rate to 2.5e-05
Epoch: 4 cost time: 0.31800174713134766
Epoch: 4, Steps: 18 | Train Loss: 0.3507613 Vali Loss: 0.2036712 Test Loss: 5.1525126
Validation loss decreased (0.229341 --> 0.203671).  Saving model ...
Updating learning rate to 1.25e-05
Epoch: 5 cost time: 0.33904457092285156
Epoch: 5, Steps: 18 | Train Loss: 0.3398379 Vali Loss: 0.2078647 Test Loss: 5.1839137
EarlyStopping counter: 1 out of 3
Updating learning rate to 6.25e-06
Epoch: 6 cost time: 0.3647794723510742
Epoch: 6, Steps: 18 | Train Loss: 0.3377799 Vali Loss: 0.2078291 Test Loss: 5.1681581
EarlyStopping counter: 2 out of 3
Updating learning rate to 3.125e-06
Epoch: 7 cost time: 0.3298964500427246
Epoch: 7, Steps: 18 | Train Loss: 0.3337146 Vali Loss: 0.2305848 Test Loss: 5.0962763
EarlyStopping counter: 3 out of 3
Early stopping
>>>>>>>testing : ili_36_Informer_custom_ftM_sl36_ll18_pl36_dm512_nh8_el2_dl1_df2048_fc3_ebtimeF_dtTrue_Exp_0_seed15349<<<<<<<<<<<<<<<<<<<<<<<<<<<<<<<<<
test 158
mse:5.1672773361206055, mae:1.5684527158737183
