Args in experiment:
Namespace(activation='gelu', batch_size=32, c_out=7, checkpoints='./checkpoints/', d_ff=2048, d_layers=1, d_model=512, data='ETTh2', data_path='ETTh2.csv', dec_in=7, des='Exp', devices='0,1,2,3', distil=True, do_predict=False, dropout=0.05, e_layers=2, embed='timeF', embed_type=0, enc_in=7, factor=3, features='M', freq='h', gpu=0, individual=False, is_training=1, itr=1, label_len=48, learning_rate=0.0001, loss='mse', lradj='type1', model='Informer', model_id='ETTh2_192', moving_avg=25, n_heads=8, num_workers=0, output_attention=False, patience=3, pred_len=192, root_path='./dataset/', seed=15726, seq_len=96, target='OT', test_flop=False, train_epochs=10, train_only=False, use_amp=False, use_gpu=True, use_multi_gpu=False)
Use GPU: cuda:0
>>>>>>>start training : ETTh2_192_Informer_ETTh2_ftM_sl96_ll48_pl192_dm512_nh8_el2_dl1_df2048_fc3_ebtimeF_dtTrue_Exp_0_seed15726>>>>>>>>>>>>>>>>>>>>>>>>>>
train 8353
val 2689
test 2689
	iters: 100, epoch: 1 | loss: 0.2829962
	speed: 0.0630s/iter; left time: 158.1605s
	iters: 200, epoch: 1 | loss: 0.3953922
	speed: 0.0329s/iter; left time: 79.3048s
Epoch: 1 cost time: 11.619999885559082
Epoch: 1, Steps: 261 | Train Loss: 0.4069792 Vali Loss: 1.2776408 Test Loss: 5.9700294
Validation loss decreased (inf --> 1.277641).  Saving model ...
Updating learning rate to 0.0001
	iters: 100, epoch: 2 | loss: 0.3766656
	speed: 0.0755s/iter; left time: 169.8715s
	iters: 200, epoch: 2 | loss: 0.2494775
	speed: 0.0329s/iter; left time: 70.6523s
Epoch: 2 cost time: 8.58263611793518
Epoch: 2, Steps: 261 | Train Loss: 0.2895748 Vali Loss: 1.4079581 Test Loss: 6.7322216
EarlyStopping counter: 1 out of 3
Updating learning rate to 5e-05
	iters: 100, epoch: 3 | loss: 0.2391182
	speed: 0.0733s/iter; left time: 145.8225s
	iters: 200, epoch: 3 | loss: 0.2335812
	speed: 0.0331s/iter; left time: 62.4543s
Epoch: 3 cost time: 8.633606195449829
Epoch: 3, Steps: 261 | Train Loss: 0.2373419 Vali Loss: 1.3921132 Test Loss: 6.6669807
EarlyStopping counter: 2 out of 3
Updating learning rate to 2.5e-05
	iters: 100, epoch: 4 | loss: 0.2261798
	speed: 0.0734s/iter; left time: 126.7769s
	iters: 200, epoch: 4 | loss: 0.1987370
	speed: 0.0339s/iter; left time: 55.1181s
Epoch: 4 cost time: 8.78056788444519
Epoch: 4, Steps: 261 | Train Loss: 0.2167237 Vali Loss: 1.4071816 Test Loss: 7.0177999
EarlyStopping counter: 3 out of 3
Early stopping
>>>>>>>testing : ETTh2_192_Informer_ETTh2_ftM_sl96_ll48_pl192_dm512_nh8_el2_dl1_df2048_fc3_ebtimeF_dtTrue_Exp_0_seed15726<<<<<<<<<<<<<<<<<<<<<<<<<<<<<<<<<
test 2689
mse:5.971053123474121, mae:2.0278751850128174
