Args in experiment:
Namespace(activation='gelu', batch_size=32, c_out=7, checkpoints='./checkpoints/', d_ff=2048, d_layers=1, d_model=512, data='ETTh2', data_path='ETTh2.csv', dec_in=7, des='Exp', devices='0,1,2,3', distil=True, do_predict=False, dropout=0.05, e_layers=2, embed='timeF', embed_type=0, enc_in=7, factor=3, features='M', freq='h', gpu=0, individual=False, is_training=1, itr=1, label_len=48, learning_rate=0.0001, loss='mse', lradj='type1', model='Informer', model_id='ETTh2_192', moving_avg=25, n_heads=8, num_workers=0, output_attention=False, patience=3, pred_len=192, root_path='./dataset/', seed=32598, seq_len=96, target='OT', test_flop=False, train_epochs=10, train_only=False, use_amp=False, use_gpu=True, use_multi_gpu=False)
Use GPU: cuda:0
>>>>>>>start training : ETTh2_192_Informer_ETTh2_ftM_sl96_ll48_pl192_dm512_nh8_el2_dl1_df2048_fc3_ebtimeF_dtTrue_Exp_0_seed32598>>>>>>>>>>>>>>>>>>>>>>>>>>
train 8353
val 2689
test 2689
	iters: 100, epoch: 1 | loss: 0.3430612
	speed: 0.0630s/iter; left time: 158.0964s
	iters: 200, epoch: 1 | loss: 0.4473113
	speed: 0.0326s/iter; left time: 78.6025s
Epoch: 1 cost time: 11.56760859489441
Epoch: 1, Steps: 261 | Train Loss: 0.4052879 Vali Loss: 1.3159981 Test Loss: 5.9095006
Validation loss decreased (inf --> 1.315998).  Saving model ...
Updating learning rate to 0.0001
	iters: 100, epoch: 2 | loss: 0.3447568
	speed: 0.0761s/iter; left time: 171.1629s
	iters: 200, epoch: 2 | loss: 0.2947082
	speed: 0.0345s/iter; left time: 74.1185s
Epoch: 2 cost time: 8.927123069763184
Epoch: 2, Steps: 261 | Train Loss: 0.2884262 Vali Loss: 1.2578058 Test Loss: 6.3150406
Validation loss decreased (1.315998 --> 1.257806).  Saving model ...
Updating learning rate to 5e-05
	iters: 100, epoch: 3 | loss: 0.2003052
	speed: 0.0797s/iter; left time: 158.4288s
	iters: 200, epoch: 3 | loss: 0.1729848
	speed: 0.0345s/iter; left time: 65.1505s
Epoch: 3 cost time: 9.04933214187622
Epoch: 3, Steps: 261 | Train Loss: 0.2365153 Vali Loss: 1.4449836 Test Loss: 6.8935986
EarlyStopping counter: 1 out of 3
Updating learning rate to 2.5e-05
	iters: 100, epoch: 4 | loss: 0.2019905
	speed: 0.0766s/iter; left time: 132.4170s
	iters: 200, epoch: 4 | loss: 0.1611617
	speed: 0.0346s/iter; left time: 56.3661s
Epoch: 4 cost time: 9.004283428192139
Epoch: 4, Steps: 261 | Train Loss: 0.2168816 Vali Loss: 1.5219666 Test Loss: 6.9257669
EarlyStopping counter: 2 out of 3
Updating learning rate to 1.25e-05
	iters: 100, epoch: 5 | loss: 0.2195505
	speed: 0.0739s/iter; left time: 108.3896s
	iters: 200, epoch: 5 | loss: 0.1859808
	speed: 0.0328s/iter; left time: 44.8359s
Epoch: 5 cost time: 8.560171365737915
Epoch: 5, Steps: 261 | Train Loss: 0.2077279 Vali Loss: 1.4051063 Test Loss: 6.7440457
EarlyStopping counter: 3 out of 3
Early stopping
>>>>>>>testing : ETTh2_192_Informer_ETTh2_ftM_sl96_ll48_pl192_dm512_nh8_el2_dl1_df2048_fc3_ebtimeF_dtTrue_Exp_0_seed32598<<<<<<<<<<<<<<<<<<<<<<<<<<<<<<<<<
test 2689
mse:6.318931579589844, mae:2.0992417335510254
