Args in experiment:
Namespace(activation='gelu', batch_size=32, c_out=7, checkpoints='./checkpoints/', d_ff=2048, d_layers=1, d_model=512, data='ETTh1', data_path='ETTh1.csv', dec_in=7, des='Exp', devices='0,1,2,3', distil=True, do_predict=False, dropout=0.05, e_layers=2, embed='timeF', embed_type=0, enc_in=7, factor=3, features='M', freq='h', gpu=0, individual=False, is_training=1, itr=1, label_len=48, learning_rate=0.0001, loss='mse', lradj='type1', model='Informer', model_id='ETTh1_336', moving_avg=25, n_heads=8, num_workers=0, output_attention=False, patience=3, pred_len=336, root_path='./dataset/', seed=32598, seq_len=96, target='OT', test_flop=False, train_epochs=10, train_only=False, use_amp=False, use_gpu=True, use_multi_gpu=False)
Use GPU: cuda:0
>>>>>>>start training : ETTh1_336_Informer_ETTh1_ftM_sl96_ll48_pl336_dm512_nh8_el2_dl1_df2048_fc3_ebtimeF_dtTrue_Exp_0_seed32598>>>>>>>>>>>>>>>>>>>>>>>>>>
train 8209
val 2545
test 2545
	iters: 100, epoch: 1 | loss: 0.5533938
	speed: 0.0718s/iter; left time: 176.6772s
	iters: 200, epoch: 1 | loss: 0.5250006
	speed: 0.0414s/iter; left time: 97.6281s
Epoch: 1 cost time: 13.658987522125244
Epoch: 1, Steps: 256 | Train Loss: 0.5635103 Vali Loss: 1.5667915 Test Loss: 1.1115468
Validation loss decreased (inf --> 1.566792).  Saving model ...
Updating learning rate to 0.0001
	iters: 100, epoch: 2 | loss: 0.5060236
	speed: 0.0910s/iter; left time: 200.6949s
	iters: 200, epoch: 2 | loss: 0.4959187
	speed: 0.0412s/iter; left time: 86.7881s
Epoch: 2 cost time: 10.60068964958191
Epoch: 2, Steps: 256 | Train Loss: 0.4875626 Vali Loss: 1.6124340 Test Loss: 1.2142900
EarlyStopping counter: 1 out of 3
Updating learning rate to 5e-05
	iters: 100, epoch: 3 | loss: 0.4602017
	speed: 0.0912s/iter; left time: 177.7473s
	iters: 200, epoch: 3 | loss: 0.4742135
	speed: 0.0427s/iter; left time: 78.9855s
Epoch: 3 cost time: 10.931853771209717
Epoch: 3, Steps: 256 | Train Loss: 0.4436076 Vali Loss: 1.6950147 Test Loss: 1.2947483
EarlyStopping counter: 2 out of 3
Updating learning rate to 2.5e-05
	iters: 100, epoch: 4 | loss: 0.4659912
	speed: 0.0916s/iter; left time: 155.0289s
	iters: 200, epoch: 4 | loss: 0.4408929
	speed: 0.0427s/iter; left time: 67.9624s
Epoch: 4 cost time: 10.928343772888184
Epoch: 4, Steps: 256 | Train Loss: 0.4262314 Vali Loss: 1.6966490 Test Loss: 1.3427715
EarlyStopping counter: 3 out of 3
Early stopping
>>>>>>>testing : ETTh1_336_Informer_ETTh1_ftM_sl96_ll48_pl336_dm512_nh8_el2_dl1_df2048_fc3_ebtimeF_dtTrue_Exp_0_seed32598<<<<<<<<<<<<<<<<<<<<<<<<<<<<<<<<<
test 2545
mse:1.112459421157837, mae:0.839119017124176
