Args in experiment:
Namespace(activation='gelu', batch_size=32, c_out=7, checkpoints='./checkpoints/', d_ff=2048, d_layers=1, d_model=512, data='custom', data_path='national_illness.csv', dec_in=7, des='Exp', devices='0,1,2,3', distil=True, do_predict=False, dropout=0.05, e_layers=2, embed='timeF', embed_type=0, enc_in=7, factor=3, features='M', freq='h', gpu=0, individual=False, is_training=1, itr=1, label_len=18, learning_rate=0.0001, loss='mse', lradj='type1', model='Informer', model_id='ili_36', moving_avg=25, n_heads=8, num_workers=0, output_attention=False, patience=3, pred_len=36, root_path='./dataset/', seed=15726, seq_len=36, target='OT', test_flop=False, train_epochs=10, train_only=False, use_amp=False, use_gpu=True, use_multi_gpu=False)
Use GPU: cuda:0
>>>>>>>start training : ili_36_Informer_custom_ftM_sl36_ll18_pl36_dm512_nh8_el2_dl1_df2048_fc3_ebtimeF_dtTrue_Exp_0_seed15726>>>>>>>>>>>>>>>>>>>>>>>>>>
train 605
val 62
test 158
Epoch: 1 cost time: 3.521599769592285
Epoch: 1, Steps: 18 | Train Loss: 0.7464669 Vali Loss: 0.3282129 Test Loss: 4.5262504
Validation loss decreased (inf --> 0.328213).  Saving model ...
Updating learning rate to 0.0001
Epoch: 2 cost time: 0.34086179733276367
Epoch: 2, Steps: 18 | Train Loss: 0.4768187 Vali Loss: 0.3411312 Test Loss: 4.7034812
EarlyStopping counter: 1 out of 3
Updating learning rate to 5e-05
Epoch: 3 cost time: 0.35189247131347656
Epoch: 3, Steps: 18 | Train Loss: 0.3854762 Vali Loss: 0.2389494 Test Loss: 5.0949984
Validation loss decreased (0.328213 --> 0.238949).  Saving model ...
Updating learning rate to 2.5e-05
Epoch: 4 cost time: 0.3388664722442627
Epoch: 4, Steps: 18 | Train Loss: 0.3538431 Vali Loss: 0.2265175 Test Loss: 5.2374029
Validation loss decreased (0.238949 --> 0.226518).  Saving model ...
Updating learning rate to 1.25e-05
Epoch: 5 cost time: 0.3488907814025879
Epoch: 5, Steps: 18 | Train Loss: 0.3353676 Vali Loss: 0.2341178 Test Loss: 5.1266847
EarlyStopping counter: 1 out of 3
Updating learning rate to 6.25e-06
Epoch: 6 cost time: 0.34686875343322754
Epoch: 6, Steps: 18 | Train Loss: 0.3297323 Vali Loss: 0.2419753 Test Loss: 5.2029085
EarlyStopping counter: 2 out of 3
Updating learning rate to 3.125e-06
Epoch: 7 cost time: 0.3488333225250244
Epoch: 7, Steps: 18 | Train Loss: 0.3133665 Vali Loss: 0.2246016 Test Loss: 5.1799712
Validation loss decreased (0.226518 --> 0.224602).  Saving model ...
Updating learning rate to 1.5625e-06
Epoch: 8 cost time: 0.3647797107696533
Epoch: 8, Steps: 18 | Train Loss: 0.3297015 Vali Loss: 0.2311139 Test Loss: 5.1660547
EarlyStopping counter: 1 out of 3
Updating learning rate to 7.8125e-07
Epoch: 9 cost time: 0.3657221794128418
Epoch: 9, Steps: 18 | Train Loss: 0.3209756 Vali Loss: 0.2328409 Test Loss: 5.2029510
EarlyStopping counter: 2 out of 3
Updating learning rate to 3.90625e-07
Epoch: 10 cost time: 0.34982967376708984
Epoch: 10, Steps: 18 | Train Loss: 0.3289653 Vali Loss: 0.2324945 Test Loss: 5.1406045
EarlyStopping counter: 3 out of 3
Early stopping
>>>>>>>testing : ili_36_Informer_custom_ftM_sl36_ll18_pl36_dm512_nh8_el2_dl1_df2048_fc3_ebtimeF_dtTrue_Exp_0_seed15726<<<<<<<<<<<<<<<<<<<<<<<<<<<<<<<<<
test 158
mse:5.196646213531494, mae:1.5824753046035767
