Args in experiment:
Namespace(activation='gelu', batch_size=32, c_out=7, checkpoints='./checkpoints/', d_ff=2048, d_layers=1, d_model=512, data='ETTh2', data_path='ETTh2.csv', dec_in=7, des='Exp', devices='0,1,2,3', distil=True, do_predict=False, dropout=0.05, e_layers=2, embed='timeF', embed_type=0, enc_in=7, factor=3, features='M', freq='h', gpu=0, individual=False, is_training=1, itr=1, label_len=48, learning_rate=0.0001, loss='mse', lradj='type1', model='Informer', model_id='ETTh2_192', moving_avg=25, n_heads=8, num_workers=0, output_attention=False, patience=3, pred_len=192, root_path='./dataset/', seed=28649, seq_len=96, target='OT', test_flop=False, train_epochs=10, train_only=False, use_amp=False, use_gpu=True, use_multi_gpu=False)
Use GPU: cuda:0
>>>>>>>start training : ETTh2_192_Informer_ETTh2_ftM_sl96_ll48_pl192_dm512_nh8_el2_dl1_df2048_fc3_ebtimeF_dtTrue_Exp_0_seed28649>>>>>>>>>>>>>>>>>>>>>>>>>>
train 8353
val 2689
test 2689
	iters: 100, epoch: 1 | loss: 0.3264463
	speed: 0.0645s/iter; left time: 161.9025s
	iters: 200, epoch: 1 | loss: 0.3190393
	speed: 0.0339s/iter; left time: 81.6333s
Epoch: 1 cost time: 11.901735544204712
Epoch: 1, Steps: 261 | Train Loss: 0.4041426 Vali Loss: 1.4730306 Test Loss: 6.3195024
Validation loss decreased (inf --> 1.473031).  Saving model ...
Updating learning rate to 0.0001
	iters: 100, epoch: 2 | loss: 0.3136550
	speed: 0.0780s/iter; left time: 175.5019s
	iters: 200, epoch: 2 | loss: 0.2180748
	speed: 0.0333s/iter; left time: 71.5311s
Epoch: 2 cost time: 8.718117713928223
Epoch: 2, Steps: 261 | Train Loss: 0.2855471 Vali Loss: 1.3957275 Test Loss: 6.2633581
Validation loss decreased (1.473031 --> 1.395728).  Saving model ...
Updating learning rate to 5e-05
	iters: 100, epoch: 3 | loss: 0.2428385
	speed: 0.0756s/iter; left time: 150.4063s
	iters: 200, epoch: 3 | loss: 0.2286686
	speed: 0.0328s/iter; left time: 61.9353s
Epoch: 3 cost time: 8.578552722930908
Epoch: 3, Steps: 261 | Train Loss: 0.2332108 Vali Loss: 1.3906928 Test Loss: 6.3978529
Validation loss decreased (1.395728 --> 1.390693).  Saving model ...
Updating learning rate to 2.5e-05
	iters: 100, epoch: 4 | loss: 0.2066969
	speed: 0.0758s/iter; left time: 130.9154s
	iters: 200, epoch: 4 | loss: 0.2199856
	speed: 0.0330s/iter; left time: 53.6626s
Epoch: 4 cost time: 8.59604787826538
Epoch: 4, Steps: 261 | Train Loss: 0.2133778 Vali Loss: 1.3813173 Test Loss: 6.4335651
Validation loss decreased (1.390693 --> 1.381317).  Saving model ...
Updating learning rate to 1.25e-05
	iters: 100, epoch: 5 | loss: 0.1821572
	speed: 0.0764s/iter; left time: 112.0378s
	iters: 200, epoch: 5 | loss: 0.1772051
	speed: 0.0331s/iter; left time: 45.2086s
Epoch: 5 cost time: 8.64684534072876
Epoch: 5, Steps: 261 | Train Loss: 0.2056680 Vali Loss: 1.3367388 Test Loss: 6.3465562
Validation loss decreased (1.381317 --> 1.336739).  Saving model ...
Updating learning rate to 6.25e-06
	iters: 100, epoch: 6 | loss: 0.1650101
	speed: 0.0761s/iter; left time: 91.7921s
	iters: 200, epoch: 6 | loss: 0.2172268
	speed: 0.0332s/iter; left time: 36.7075s
Epoch: 6 cost time: 8.655001640319824
Epoch: 6, Steps: 261 | Train Loss: 0.2008796 Vali Loss: 1.3482089 Test Loss: 6.4230337
EarlyStopping counter: 1 out of 3
Updating learning rate to 3.125e-06
	iters: 100, epoch: 7 | loss: 0.1829164
	speed: 0.0737s/iter; left time: 69.6512s
	iters: 200, epoch: 7 | loss: 0.1813896
	speed: 0.0329s/iter; left time: 27.8402s
Epoch: 7 cost time: 8.61195421218872
Epoch: 7, Steps: 261 | Train Loss: 0.1983506 Vali Loss: 1.3271809 Test Loss: 6.3390217
Validation loss decreased (1.336739 --> 1.327181).  Saving model ...
Updating learning rate to 1.5625e-06
	iters: 100, epoch: 8 | loss: 0.2279457
	speed: 0.0756s/iter; left time: 51.7195s
	iters: 200, epoch: 8 | loss: 0.2032681
	speed: 0.0328s/iter; left time: 19.1567s
Epoch: 8 cost time: 8.552687644958496
Epoch: 8, Steps: 261 | Train Loss: 0.1969993 Vali Loss: 1.3686941 Test Loss: 6.4633179
EarlyStopping counter: 1 out of 3
Updating learning rate to 7.8125e-07
	iters: 100, epoch: 9 | loss: 0.1996411
	speed: 0.0730s/iter; left time: 30.8610s
	iters: 200, epoch: 9 | loss: 0.2023044
	speed: 0.0328s/iter; left time: 10.5795s
Epoch: 9 cost time: 8.549865961074829
Epoch: 9, Steps: 261 | Train Loss: 0.1961090 Vali Loss: 1.3439867 Test Loss: 6.3982115
EarlyStopping counter: 2 out of 3
Updating learning rate to 3.90625e-07
	iters: 100, epoch: 10 | loss: 0.2451830
	speed: 0.0730s/iter; left time: 11.8315s
	iters: 200, epoch: 10 | loss: 0.2032030
	speed: 0.0328s/iter; left time: 2.0313s
Epoch: 10 cost time: 8.584094762802124
Epoch: 10, Steps: 261 | Train Loss: 0.1959029 Vali Loss: 1.3533967 Test Loss: 6.4180641
EarlyStopping counter: 3 out of 3
Early stopping
>>>>>>>testing : ETTh2_192_Informer_ETTh2_ftM_sl96_ll48_pl192_dm512_nh8_el2_dl1_df2048_fc3_ebtimeF_dtTrue_Exp_0_seed28649<<<<<<<<<<<<<<<<<<<<<<<<<<<<<<<<<
test 2689
mse:6.343636512756348, mae:2.0831825733184814
