Args in experiment:
Namespace(activation='gelu', batch_size=32, c_out=7, checkpoints='./checkpoints/', d_ff=2048, d_layers=1, d_model=512, data='ETTm2', data_path='ETTm2.csv', dec_in=7, des='Exp', devices='0,1,2,3', distil=True, do_predict=False, dropout=0.05, e_layers=2, embed='timeF', embed_type=0, enc_in=7, factor=3, features='M', freq='h', gpu=0, individual=False, is_training=1, itr=1, label_len=48, learning_rate=0.0001, loss='mse', lradj='type1', model='Informer', model_id='ETTm2_96', moving_avg=25, n_heads=8, num_workers=0, output_attention=False, patience=3, pred_len=96, root_path='./dataset/', seed=25565, seq_len=96, target='OT', test_flop=False, train_epochs=10, train_only=False, use_amp=False, use_gpu=True, use_multi_gpu=False)
Use GPU: cuda:0
>>>>>>>start training : ETTm2_96_Informer_ETTm2_ftM_sl96_ll48_pl96_dm512_nh8_el2_dl1_df2048_fc3_ebtimeF_dtTrue_Exp_0_seed25565>>>>>>>>>>>>>>>>>>>>>>>>>>
train 34369
val 11425
test 11425
	iters: 100, epoch: 1 | loss: 0.2180788
	speed: 0.0575s/iter; left time: 612.2062s
	iters: 200, epoch: 1 | loss: 0.2388862
	speed: 0.0268s/iter; left time: 282.1648s
	iters: 300, epoch: 1 | loss: 0.1794853
	speed: 0.0268s/iter; left time: 279.3277s
	iters: 400, epoch: 1 | loss: 0.2138190
	speed: 0.0268s/iter; left time: 276.8043s
	iters: 500, epoch: 1 | loss: 0.1517157
	speed: 0.0268s/iter; left time: 274.0865s
	iters: 600, epoch: 1 | loss: 0.2212215
	speed: 0.0267s/iter; left time: 271.1843s
	iters: 700, epoch: 1 | loss: 0.1358030
	speed: 0.0268s/iter; left time: 268.9685s
	iters: 800, epoch: 1 | loss: 0.1951074
	speed: 0.0269s/iter; left time: 267.0196s
	iters: 900, epoch: 1 | loss: 0.2264328
	speed: 0.0284s/iter; left time: 279.7304s
	iters: 1000, epoch: 1 | loss: 0.1966506
	speed: 0.0285s/iter; left time: 277.3903s
Epoch: 1 cost time: 32.30779218673706
Epoch: 1, Steps: 1074 | Train Loss: 0.2302504 Vali Loss: 0.2183844 Test Loss: 0.4293222
Validation loss decreased (inf --> 0.218384).  Saving model ...
Updating learning rate to 0.0001
	iters: 100, epoch: 2 | loss: 0.1752615
	speed: 0.1183s/iter; left time: 1132.1278s
	iters: 200, epoch: 2 | loss: 0.1949027
	speed: 0.0282s/iter; left time: 266.7665s
	iters: 300, epoch: 2 | loss: 0.1779713
	speed: 0.0284s/iter; left time: 266.3046s
	iters: 400, epoch: 2 | loss: 0.1298304
	speed: 0.0282s/iter; left time: 261.0808s
	iters: 500, epoch: 2 | loss: 0.1246730
	speed: 0.0284s/iter; left time: 260.0171s
	iters: 600, epoch: 2 | loss: 0.1704167
	speed: 0.0281s/iter; left time: 255.1607s
	iters: 700, epoch: 2 | loss: 0.1595713
	speed: 0.0281s/iter; left time: 252.0354s
	iters: 800, epoch: 2 | loss: 0.1917297
	speed: 0.0283s/iter; left time: 250.6400s
	iters: 900, epoch: 2 | loss: 0.1254249
	speed: 0.0283s/iter; left time: 248.2399s
	iters: 1000, epoch: 2 | loss: 0.1278234
	speed: 0.0285s/iter; left time: 246.6225s
Epoch: 2 cost time: 30.36403512954712
Epoch: 2, Steps: 1074 | Train Loss: 0.1631069 Vali Loss: 0.2909949 Test Loss: 0.3985827
EarlyStopping counter: 1 out of 3
Updating learning rate to 5e-05
	iters: 100, epoch: 3 | loss: 0.1776303
	speed: 0.1160s/iter; left time: 985.4097s
	iters: 200, epoch: 3 | loss: 0.1351505
	speed: 0.0281s/iter; left time: 235.4927s
	iters: 300, epoch: 3 | loss: 0.2284921
	speed: 0.0280s/iter; left time: 231.8226s
	iters: 400, epoch: 3 | loss: 0.1001866
	speed: 0.0283s/iter; left time: 231.9781s
	iters: 500, epoch: 3 | loss: 0.1450853
	speed: 0.0281s/iter; left time: 227.6802s
	iters: 600, epoch: 3 | loss: 0.1200749
	speed: 0.0282s/iter; left time: 225.7733s
	iters: 700, epoch: 3 | loss: 0.1235993
	speed: 0.0278s/iter; left time: 219.6085s
	iters: 800, epoch: 3 | loss: 0.1891696
	speed: 0.0281s/iter; left time: 218.7722s
	iters: 900, epoch: 3 | loss: 0.0942021
	speed: 0.0279s/iter; left time: 214.9960s
	iters: 1000, epoch: 3 | loss: 0.1808079
	speed: 0.0280s/iter; left time: 212.6536s
Epoch: 3 cost time: 30.15501093864441
Epoch: 3, Steps: 1074 | Train Loss: 0.1314458 Vali Loss: 0.4035410 Test Loss: 0.4995309
EarlyStopping counter: 2 out of 3
Updating learning rate to 2.5e-05
	iters: 100, epoch: 4 | loss: 0.1086048
	speed: 0.1155s/iter; left time: 856.5310s
	iters: 200, epoch: 4 | loss: 0.1015856
	speed: 0.0280s/iter; left time: 204.5839s
	iters: 300, epoch: 4 | loss: 0.1422465
	speed: 0.0278s/iter; left time: 201.0204s
	iters: 400, epoch: 4 | loss: 0.0903045
	speed: 0.0284s/iter; left time: 201.9082s
	iters: 500, epoch: 4 | loss: 0.1012901
	speed: 0.0285s/iter; left time: 200.2715s
	iters: 600, epoch: 4 | loss: 0.0980137
	speed: 0.0282s/iter; left time: 195.4254s
	iters: 700, epoch: 4 | loss: 0.1277487
	speed: 0.0280s/iter; left time: 191.1496s
	iters: 800, epoch: 4 | loss: 0.1059894
	speed: 0.0279s/iter; left time: 187.2384s
	iters: 900, epoch: 4 | loss: 0.1218597
	speed: 0.0279s/iter; left time: 184.9821s
	iters: 1000, epoch: 4 | loss: 0.0957008
	speed: 0.0280s/iter; left time: 182.7404s
Epoch: 4 cost time: 30.15033268928528
Epoch: 4, Steps: 1074 | Train Loss: 0.1124301 Vali Loss: 0.4247561 Test Loss: 0.6154392
EarlyStopping counter: 3 out of 3
Early stopping
>>>>>>>testing : ETTm2_96_Informer_ETTm2_ftM_sl96_ll48_pl96_dm512_nh8_el2_dl1_df2048_fc3_ebtimeF_dtTrue_Exp_0_seed25565<<<<<<<<<<<<<<<<<<<<<<<<<<<<<<<<<
test 11425
mse:0.42982423305511475, mae:0.5226015448570251
