Args in experiment:
Namespace(activation='gelu', batch_size=32, c_out=862, checkpoints='./checkpoints/', d_ff=2048, d_layers=1, d_model=512, data='custom', data_path='traffic.csv', dec_in=862, des='Exp', devices='0,1,2,3', distil=True, do_predict=False, dropout=0.05, e_layers=2, embed='timeF', embed_type=0, enc_in=862, factor=3, features='M', freq='h', gpu=0, individual=False, is_training=1, itr=1, label_len=48, learning_rate=0.0001, loss='mse', lradj='type1', model='Informer', model_id='traffic_96', moving_avg=25, n_heads=8, num_workers=0, output_attention=False, patience=3, pred_len=96, root_path='./dataset/', seed=15726, seq_len=96, target='OT', test_flop=False, train_epochs=10, train_only=False, use_amp=False, use_gpu=True, use_multi_gpu=False)
Use GPU: cuda:0
>>>>>>>start training : traffic_96_Informer_custom_ftM_sl96_ll48_pl96_dm512_nh8_el2_dl1_df2048_fc3_ebtimeF_dtTrue_Exp_0_seed15726>>>>>>>>>>>>>>>>>>>>>>>>>>
train 12089
val 1661
test 3413
	iters: 100, epoch: 1 | loss: 0.7955104
	speed: 0.0783s/iter; left time: 287.4199s
	iters: 200, epoch: 1 | loss: 0.6704075
	speed: 0.0481s/iter; left time: 171.8548s
	iters: 300, epoch: 1 | loss: 0.5001200
	speed: 0.0485s/iter; left time: 168.2337s
Epoch: 1 cost time: 21.22821545600891
Epoch: 1, Steps: 377 | Train Loss: 0.6824559 Vali Loss: 0.7290388 Test Loss: 0.9016703
Validation loss decreased (inf --> 0.729039).  Saving model ...
Updating learning rate to 0.0001
	iters: 100, epoch: 2 | loss: 0.3985524
	speed: 0.1513s/iter; left time: 498.2456s
	iters: 200, epoch: 2 | loss: 0.3709290
	speed: 0.0479s/iter; left time: 153.0346s
	iters: 300, epoch: 2 | loss: 0.2906401
	speed: 0.0479s/iter; left time: 148.3398s
Epoch: 2 cost time: 18.137319564819336
Epoch: 2, Steps: 377 | Train Loss: 0.3504219 Vali Loss: 0.6118546 Test Loss: 0.7605810
Validation loss decreased (0.729039 --> 0.611855).  Saving model ...
Updating learning rate to 5e-05
	iters: 100, epoch: 3 | loss: 0.2855376
	speed: 0.1511s/iter; left time: 440.6799s
	iters: 200, epoch: 3 | loss: 0.2944194
	speed: 0.0479s/iter; left time: 135.0540s
	iters: 300, epoch: 3 | loss: 0.2951835
	speed: 0.0481s/iter; left time: 130.8212s
Epoch: 3 cost time: 18.14660954475403
Epoch: 3, Steps: 377 | Train Loss: 0.2795407 Vali Loss: 0.5694195 Test Loss: 0.7251804
Validation loss decreased (0.611855 --> 0.569420).  Saving model ...
Updating learning rate to 2.5e-05
	iters: 100, epoch: 4 | loss: 0.2656715
	speed: 0.1517s/iter; left time: 385.3458s
	iters: 200, epoch: 4 | loss: 0.2644196
	speed: 0.0475s/iter; left time: 115.9869s
	iters: 300, epoch: 4 | loss: 0.2546338
	speed: 0.0476s/iter; left time: 111.4484s
Epoch: 4 cost time: 18.059033393859863
Epoch: 4, Steps: 377 | Train Loss: 0.2628047 Vali Loss: 0.5648835 Test Loss: 0.7228892
Validation loss decreased (0.569420 --> 0.564883).  Saving model ...
Updating learning rate to 1.25e-05
	iters: 100, epoch: 5 | loss: 0.2482289
	speed: 0.1529s/iter; left time: 330.6813s
	iters: 200, epoch: 5 | loss: 0.2506266
	speed: 0.0495s/iter; left time: 102.0809s
	iters: 300, epoch: 5 | loss: 0.2557947
	speed: 0.0494s/iter; left time: 96.8974s
Epoch: 5 cost time: 18.554438591003418
Epoch: 5, Steps: 377 | Train Loss: 0.2560235 Vali Loss: 0.5645548 Test Loss: 0.7212020
Validation loss decreased (0.564883 --> 0.564555).  Saving model ...
Updating learning rate to 6.25e-06
	iters: 100, epoch: 6 | loss: 0.2517760
	speed: 0.1548s/iter; left time: 276.5301s
	iters: 200, epoch: 6 | loss: 0.2458110
	speed: 0.0498s/iter; left time: 83.8833s
	iters: 300, epoch: 6 | loss: 0.2456086
	speed: 0.0484s/iter; left time: 76.7585s
Epoch: 6 cost time: 18.493992805480957
Epoch: 6, Steps: 377 | Train Loss: 0.2525915 Vali Loss: 0.5609521 Test Loss: 0.7204038
Validation loss decreased (0.564555 --> 0.560952).  Saving model ...
Updating learning rate to 3.125e-06
	iters: 100, epoch: 7 | loss: 0.2231726
	speed: 0.1519s/iter; left time: 213.9777s
	iters: 200, epoch: 7 | loss: 0.2506188
	speed: 0.0480s/iter; left time: 62.8576s
	iters: 300, epoch: 7 | loss: 0.2617645
	speed: 0.0479s/iter; left time: 57.9471s
Epoch: 7 cost time: 18.162702798843384
Epoch: 7, Steps: 377 | Train Loss: 0.2509863 Vali Loss: 0.5576246 Test Loss: 0.7159620
Validation loss decreased (0.560952 --> 0.557625).  Saving model ...
Updating learning rate to 1.5625e-06
	iters: 100, epoch: 8 | loss: 0.2510715
	speed: 0.1535s/iter; left time: 158.4545s
	iters: 200, epoch: 8 | loss: 0.2508828
	speed: 0.0481s/iter; left time: 44.8718s
	iters: 300, epoch: 8 | loss: 0.2478519
	speed: 0.0482s/iter; left time: 40.0923s
Epoch: 8 cost time: 18.235573530197144
Epoch: 8, Steps: 377 | Train Loss: 0.2501913 Vali Loss: 0.5592279 Test Loss: 0.7174497
EarlyStopping counter: 1 out of 3
Updating learning rate to 7.8125e-07
	iters: 100, epoch: 9 | loss: 0.2671069
	speed: 0.1486s/iter; left time: 97.3568s
	iters: 200, epoch: 9 | loss: 0.2475589
	speed: 0.0479s/iter; left time: 26.5683s
	iters: 300, epoch: 9 | loss: 0.2606278
	speed: 0.0479s/iter; left time: 21.8070s
Epoch: 9 cost time: 18.09617829322815
Epoch: 9, Steps: 377 | Train Loss: 0.2497695 Vali Loss: 0.5583225 Test Loss: 0.7174267
EarlyStopping counter: 2 out of 3
Updating learning rate to 3.90625e-07
	iters: 100, epoch: 10 | loss: 0.2455453
	speed: 0.1494s/iter; left time: 41.5280s
	iters: 200, epoch: 10 | loss: 0.2590189
	speed: 0.0494s/iter; left time: 8.7944s
	iters: 300, epoch: 10 | loss: 0.2687849
	speed: 0.0490s/iter; left time: 3.8257s
Epoch: 10 cost time: 18.515268802642822
Epoch: 10, Steps: 377 | Train Loss: 0.2493468 Vali Loss: 0.5579028 Test Loss: 0.7160867
EarlyStopping counter: 3 out of 3
Early stopping
>>>>>>>testing : traffic_96_Informer_custom_ftM_sl96_ll48_pl96_dm512_nh8_el2_dl1_df2048_fc3_ebtimeF_dtTrue_Exp_0_seed15726<<<<<<<<<<<<<<<<<<<<<<<<<<<<<<<<<
test 3413
mse:0.7159907817840576, mae:0.4042225480079651
