Args in experiment:
Namespace(activation='gelu', batch_size=32, c_out=21, checkpoints='./checkpoints/', d_ff=2048, d_layers=1, d_model=512, data='custom', data_path='weather.csv', dec_in=21, des='Exp', devices='0,1,2,3', distil=True, do_predict=False, dropout=0.05, e_layers=2, embed='timeF', embed_type=0, enc_in=21, factor=3, features='M', freq='h', gpu=0, individual=False, is_training=1, itr=1, label_len=48, learning_rate=0.0001, loss='mse', lradj='type1', model='Informer', model_id='weather_336', moving_avg=25, n_heads=8, num_workers=0, output_attention=False, patience=3, pred_len=336, root_path='./dataset/', seed=3144, seq_len=96, target='OT', test_flop=False, train_epochs=10, train_only=False, use_amp=False, use_gpu=True, use_multi_gpu=False)
Use GPU: cuda:0
>>>>>>>start training : weather_336_Informer_custom_ftM_sl96_ll48_pl336_dm512_nh8_el2_dl1_df2048_fc3_ebtimeF_dtTrue_Exp_0_seed3144>>>>>>>>>>>>>>>>>>>>>>>>>>
train 36456
val 4935
test 10204
	iters: 100, epoch: 1 | loss: 0.5748089
	speed: 0.0725s/iter; left time: 819.0333s
	iters: 200, epoch: 1 | loss: 0.7003913
	speed: 0.0439s/iter; left time: 490.7747s
	iters: 300, epoch: 1 | loss: 0.4297350
	speed: 0.0440s/iter; left time: 488.0672s
	iters: 400, epoch: 1 | loss: 0.3154941
	speed: 0.0440s/iter; left time: 483.1749s
	iters: 500, epoch: 1 | loss: 0.4281951
	speed: 0.0439s/iter; left time: 478.3383s
	iters: 600, epoch: 1 | loss: 0.4735933
	speed: 0.0440s/iter; left time: 474.9134s
	iters: 700, epoch: 1 | loss: 0.4028369
	speed: 0.0437s/iter; left time: 467.0640s
	iters: 800, epoch: 1 | loss: 0.6260219
	speed: 0.0441s/iter; left time: 466.5637s
	iters: 900, epoch: 1 | loss: 0.6878272
	speed: 0.0423s/iter; left time: 444.2370s
	iters: 1000, epoch: 1 | loss: 0.4214944
	speed: 0.0425s/iter; left time: 441.2368s
	iters: 1100, epoch: 1 | loss: 0.3270117
	speed: 0.0425s/iter; left time: 437.8383s
Epoch: 1 cost time: 52.407135009765625
Epoch: 1, Steps: 1139 | Train Loss: 0.4741431 Vali Loss: 0.6958194 Test Loss: 0.7144276
Validation loss decreased (inf --> 0.695819).  Saving model ...
Updating learning rate to 0.0001
	iters: 100, epoch: 2 | loss: 0.5578040
	speed: 0.1383s/iter; left time: 1403.8170s
	iters: 200, epoch: 2 | loss: 0.3810788
	speed: 0.0424s/iter; left time: 426.2742s
	iters: 300, epoch: 2 | loss: 0.2383198
	speed: 0.0426s/iter; left time: 423.5994s
	iters: 400, epoch: 2 | loss: 0.5629404
	speed: 0.0424s/iter; left time: 417.3976s
	iters: 500, epoch: 2 | loss: 0.2573445
	speed: 0.0423s/iter; left time: 412.4600s
	iters: 600, epoch: 2 | loss: 0.2475501
	speed: 0.0423s/iter; left time: 408.2631s
	iters: 700, epoch: 2 | loss: 0.2563218
	speed: 0.0424s/iter; left time: 404.5955s
	iters: 800, epoch: 2 | loss: 0.4546399
	speed: 0.0425s/iter; left time: 401.3980s
	iters: 900, epoch: 2 | loss: 0.3050202
	speed: 0.0425s/iter; left time: 397.8874s
	iters: 1000, epoch: 2 | loss: 0.2518189
	speed: 0.0424s/iter; left time: 392.3119s
	iters: 1100, epoch: 2 | loss: 0.2249089
	speed: 0.0423s/iter; left time: 387.2811s
Epoch: 2 cost time: 48.32215929031372
Epoch: 2, Steps: 1139 | Train Loss: 0.3624795 Vali Loss: 0.6569574 Test Loss: 0.5014888
Validation loss decreased (0.695819 --> 0.656957).  Saving model ...
Updating learning rate to 5e-05
	iters: 100, epoch: 3 | loss: 0.2754132
	speed: 0.1386s/iter; left time: 1249.6511s
	iters: 200, epoch: 3 | loss: 0.2126069
	speed: 0.0424s/iter; left time: 377.7721s
	iters: 300, epoch: 3 | loss: 0.1986625
	speed: 0.0430s/iter; left time: 379.2143s
	iters: 400, epoch: 3 | loss: 0.3910575
	speed: 0.0435s/iter; left time: 379.3422s
	iters: 500, epoch: 3 | loss: 0.2189491
	speed: 0.0435s/iter; left time: 374.7640s
	iters: 600, epoch: 3 | loss: 0.2550999
	speed: 0.0434s/iter; left time: 369.3975s
	iters: 700, epoch: 3 | loss: 0.1476638
	speed: 0.0431s/iter; left time: 363.0158s
	iters: 800, epoch: 3 | loss: 0.1950113
	speed: 0.0436s/iter; left time: 362.6372s
	iters: 900, epoch: 3 | loss: 0.2792544
	speed: 0.0434s/iter; left time: 356.1644s
	iters: 1000, epoch: 3 | loss: 0.2110548
	speed: 0.0427s/iter; left time: 346.6285s
	iters: 1100, epoch: 3 | loss: 0.1995038
	speed: 0.0423s/iter; left time: 339.1763s
Epoch: 3 cost time: 49.0078604221344
Epoch: 3, Steps: 1139 | Train Loss: 0.2907143 Vali Loss: 0.6863806 Test Loss: 0.5433642
EarlyStopping counter: 1 out of 3
Updating learning rate to 2.5e-05
	iters: 100, epoch: 4 | loss: 0.1904327
	speed: 0.1360s/iter; left time: 1071.2000s
	iters: 200, epoch: 4 | loss: 0.2198420
	speed: 0.0423s/iter; left time: 328.8369s
	iters: 300, epoch: 4 | loss: 0.2031529
	speed: 0.0425s/iter; left time: 326.2701s
	iters: 400, epoch: 4 | loss: 0.2112228
	speed: 0.0425s/iter; left time: 321.6572s
	iters: 500, epoch: 4 | loss: 0.3517523
	speed: 0.0426s/iter; left time: 318.2977s
	iters: 600, epoch: 4 | loss: 0.2488489
	speed: 0.0422s/iter; left time: 311.2544s
	iters: 700, epoch: 4 | loss: 0.3888468
	speed: 0.0424s/iter; left time: 308.3009s
	iters: 800, epoch: 4 | loss: 0.4112172
	speed: 0.0427s/iter; left time: 305.9825s
	iters: 900, epoch: 4 | loss: 0.1670676
	speed: 0.0427s/iter; left time: 302.3967s
	iters: 1000, epoch: 4 | loss: 0.2002032
	speed: 0.0426s/iter; left time: 296.8696s
	iters: 1100, epoch: 4 | loss: 0.2227914
	speed: 0.0423s/iter; left time: 290.6687s
Epoch: 4 cost time: 48.34548902511597
Epoch: 4, Steps: 1139 | Train Loss: 0.2618518 Vali Loss: 0.6692878 Test Loss: 0.5725847
EarlyStopping counter: 2 out of 3
Updating learning rate to 1.25e-05
	iters: 100, epoch: 5 | loss: 0.2055609
	speed: 0.1357s/iter; left time: 913.8905s
	iters: 200, epoch: 5 | loss: 0.2323553
	speed: 0.0422s/iter; left time: 279.9274s
	iters: 300, epoch: 5 | loss: 0.2254850
	speed: 0.0422s/iter; left time: 275.5422s
	iters: 400, epoch: 5 | loss: 0.1614691
	speed: 0.0422s/iter; left time: 271.3600s
	iters: 500, epoch: 5 | loss: 0.3424436
	speed: 0.0430s/iter; left time: 272.3582s
	iters: 600, epoch: 5 | loss: 0.2206413
	speed: 0.0431s/iter; left time: 268.8322s
	iters: 700, epoch: 5 | loss: 0.1936101
	speed: 0.0435s/iter; left time: 266.7655s
	iters: 800, epoch: 5 | loss: 0.1594456
	speed: 0.0440s/iter; left time: 265.4413s
	iters: 900, epoch: 5 | loss: 0.2310831
	speed: 0.0434s/iter; left time: 257.5961s
	iters: 1000, epoch: 5 | loss: 0.1724437
	speed: 0.0433s/iter; left time: 252.4962s
	iters: 1100, epoch: 5 | loss: 0.2199993
	speed: 0.0434s/iter; left time: 248.8283s
Epoch: 5 cost time: 48.91830849647522
Epoch: 5, Steps: 1139 | Train Loss: 0.2486310 Vali Loss: 0.6764579 Test Loss: 0.5995145
EarlyStopping counter: 3 out of 3
Early stopping
>>>>>>>testing : weather_336_Informer_custom_ftM_sl96_ll48_pl336_dm512_nh8_el2_dl1_df2048_fc3_ebtimeF_dtTrue_Exp_0_seed3144<<<<<<<<<<<<<<<<<<<<<<<<<<<<<<<<<
test 10204
mse:0.5014675855636597, mae:0.488603800535202
