Args in experiment:
Namespace(activation='gelu', batch_size=32, c_out=862, checkpoints='./checkpoints/', d_ff=2048, d_layers=1, d_model=512, data='custom', data_path='traffic.csv', dec_in=862, des='Exp', devices='0,1,2,3', distil=True, do_predict=False, dropout=0.05, e_layers=2, embed='timeF', embed_type=0, enc_in=862, factor=3, features='M', freq='h', gpu=0, individual=False, is_training=1, itr=1, label_len=48, learning_rate=0.0001, loss='mse', lradj='type1', model='Informer', model_id='traffic_96', moving_avg=25, n_heads=8, num_workers=0, output_attention=False, patience=3, pred_len=96, root_path='./dataset/', seed=15349, seq_len=96, target='OT', test_flop=False, train_epochs=10, train_only=False, use_amp=False, use_gpu=True, use_multi_gpu=False)
Use GPU: cuda:0
>>>>>>>start training : traffic_96_Informer_custom_ftM_sl96_ll48_pl96_dm512_nh8_el2_dl1_df2048_fc3_ebtimeF_dtTrue_Exp_0_seed15349>>>>>>>>>>>>>>>>>>>>>>>>>>
train 12089
val 1661
test 3413
	iters: 100, epoch: 1 | loss: 0.7794278
	speed: 0.0796s/iter; left time: 292.2935s
	iters: 200, epoch: 1 | loss: 0.6893649
	speed: 0.0479s/iter; left time: 170.9046s
	iters: 300, epoch: 1 | loss: 0.5774337
	speed: 0.0481s/iter; left time: 166.9309s
Epoch: 1 cost time: 21.273823261260986
Epoch: 1, Steps: 377 | Train Loss: 0.7030424 Vali Loss: 0.7515684 Test Loss: 0.9005551
Validation loss decreased (inf --> 0.751568).  Saving model ...
Updating learning rate to 0.0001
	iters: 100, epoch: 2 | loss: 0.3599695
	speed: 0.1533s/iter; left time: 504.9364s
	iters: 200, epoch: 2 | loss: 0.3387195
	speed: 0.0496s/iter; left time: 158.5718s
	iters: 300, epoch: 2 | loss: 0.3073047
	speed: 0.0494s/iter; left time: 152.8600s
Epoch: 2 cost time: 18.68844747543335
Epoch: 2, Steps: 377 | Train Loss: 0.3573570 Vali Loss: 0.6057577 Test Loss: 0.7671540
Validation loss decreased (0.751568 --> 0.605758).  Saving model ...
Updating learning rate to 5e-05
	iters: 100, epoch: 3 | loss: 0.2932956
	speed: 0.1546s/iter; left time: 450.8403s
	iters: 200, epoch: 3 | loss: 0.2956056
	speed: 0.0478s/iter; left time: 134.5941s
	iters: 300, epoch: 3 | loss: 0.2956410
	speed: 0.0477s/iter; left time: 129.5536s
Epoch: 3 cost time: 18.049762964248657
Epoch: 3, Steps: 377 | Train Loss: 0.2816747 Vali Loss: 0.5793915 Test Loss: 0.7353140
Validation loss decreased (0.605758 --> 0.579392).  Saving model ...
Updating learning rate to 2.5e-05
	iters: 100, epoch: 4 | loss: 0.2682791
	speed: 0.1523s/iter; left time: 386.7724s
	iters: 200, epoch: 4 | loss: 0.2586141
	speed: 0.0490s/iter; left time: 119.5715s
	iters: 300, epoch: 4 | loss: 0.2689852
	speed: 0.0492s/iter; left time: 115.1957s
Epoch: 4 cost time: 18.46660041809082
Epoch: 4, Steps: 377 | Train Loss: 0.2628263 Vali Loss: 0.5730420 Test Loss: 0.7295718
Validation loss decreased (0.579392 --> 0.573042).  Saving model ...
Updating learning rate to 1.25e-05
	iters: 100, epoch: 5 | loss: 0.2538008
	speed: 0.1547s/iter; left time: 334.6614s
	iters: 200, epoch: 5 | loss: 0.2611231
	speed: 0.0488s/iter; left time: 100.7651s
	iters: 300, epoch: 5 | loss: 0.2633628
	speed: 0.0479s/iter; left time: 93.9305s
Epoch: 5 cost time: 18.29592990875244
Epoch: 5, Steps: 377 | Train Loss: 0.2561262 Vali Loss: 0.5637137 Test Loss: 0.7221832
Validation loss decreased (0.573042 --> 0.563714).  Saving model ...
Updating learning rate to 6.25e-06
	iters: 100, epoch: 6 | loss: 0.2663392
	speed: 0.1514s/iter; left time: 270.3788s
	iters: 200, epoch: 6 | loss: 0.2461980
	speed: 0.0480s/iter; left time: 80.9130s
	iters: 300, epoch: 6 | loss: 0.2236395
	speed: 0.0477s/iter; left time: 75.6110s
Epoch: 6 cost time: 18.034716844558716
Epoch: 6, Steps: 377 | Train Loss: 0.2526246 Vali Loss: 0.5630584 Test Loss: 0.7229915
Validation loss decreased (0.563714 --> 0.563058).  Saving model ...
Updating learning rate to 3.125e-06
	iters: 100, epoch: 7 | loss: 0.2447255
	speed: 0.1523s/iter; left time: 214.5534s
	iters: 200, epoch: 7 | loss: 0.2463071
	speed: 0.0480s/iter; left time: 62.8042s
	iters: 300, epoch: 7 | loss: 0.2488424
	speed: 0.0480s/iter; left time: 58.0082s
Epoch: 7 cost time: 18.13530421257019
Epoch: 7, Steps: 377 | Train Loss: 0.2507805 Vali Loss: 0.5625966 Test Loss: 0.7212484
Validation loss decreased (0.563058 --> 0.562597).  Saving model ...
Updating learning rate to 1.5625e-06
	iters: 100, epoch: 8 | loss: 0.2492378
	speed: 0.1520s/iter; left time: 156.9144s
	iters: 200, epoch: 8 | loss: 0.2508404
	speed: 0.0476s/iter; left time: 44.3438s
	iters: 300, epoch: 8 | loss: 0.2625749
	speed: 0.0477s/iter; left time: 39.6510s
Epoch: 8 cost time: 17.99907112121582
Epoch: 8, Steps: 377 | Train Loss: 0.2499471 Vali Loss: 0.5629095 Test Loss: 0.7220905
EarlyStopping counter: 1 out of 3
Updating learning rate to 7.8125e-07
	iters: 100, epoch: 9 | loss: 0.2560439
	speed: 0.1508s/iter; left time: 98.7478s
	iters: 200, epoch: 9 | loss: 0.2456093
	speed: 0.0494s/iter; left time: 27.4168s
	iters: 300, epoch: 9 | loss: 0.2468111
	speed: 0.0492s/iter; left time: 22.3821s
Epoch: 9 cost time: 18.6568284034729
Epoch: 9, Steps: 377 | Train Loss: 0.2494410 Vali Loss: 0.5611040 Test Loss: 0.7215682
Validation loss decreased (0.562597 --> 0.561104).  Saving model ...
Updating learning rate to 3.90625e-07
	iters: 100, epoch: 10 | loss: 0.2607474
	speed: 0.1574s/iter; left time: 43.7458s
	iters: 200, epoch: 10 | loss: 0.2530342
	speed: 0.0479s/iter; left time: 8.5179s
	iters: 300, epoch: 10 | loss: 0.2556578
	speed: 0.0481s/iter; left time: 3.7549s
Epoch: 10 cost time: 18.27853488922119
Epoch: 10, Steps: 377 | Train Loss: 0.2490751 Vali Loss: 0.5598170 Test Loss: 0.7218603
Validation loss decreased (0.561104 --> 0.559817).  Saving model ...
Updating learning rate to 1.953125e-07
>>>>>>>testing : traffic_96_Informer_custom_ftM_sl96_ll48_pl96_dm512_nh8_el2_dl1_df2048_fc3_ebtimeF_dtTrue_Exp_0_seed15349<<<<<<<<<<<<<<<<<<<<<<<<<<<<<<<<<
test 3413
mse:0.7218167185783386, mae:0.40924912691116333
