Args in experiment:
Namespace(activation='gelu', batch_size=32, c_out=862, checkpoints='./checkpoints/', d_ff=2048, d_layers=1, d_model=512, data='custom', data_path='traffic.csv', dec_in=862, des='Exp', devices='0,1,2,3', distil=True, do_predict=False, dropout=0.05, e_layers=2, embed='timeF', embed_type=0, enc_in=862, factor=3, features='M', freq='h', gpu=0, individual=False, is_training=1, itr=1, label_len=48, learning_rate=0.0001, loss='mse', lradj='type1', model='Informer', model_id='traffic_96', moving_avg=25, n_heads=8, num_workers=0, output_attention=False, patience=3, pred_len=96, root_path='./dataset/', seed=10458, seq_len=96, target='OT', test_flop=False, train_epochs=10, train_only=False, use_amp=False, use_gpu=True, use_multi_gpu=False)
Use GPU: cuda:0
>>>>>>>start training : traffic_96_Informer_custom_ftM_sl96_ll48_pl96_dm512_nh8_el2_dl1_df2048_fc3_ebtimeF_dtTrue_Exp_0_seed10458>>>>>>>>>>>>>>>>>>>>>>>>>>
train 12089
val 1661
test 3413
	iters: 100, epoch: 1 | loss: 0.7503886
	speed: 0.0832s/iter; left time: 305.2570s
	iters: 200, epoch: 1 | loss: 0.6024222
	speed: 0.0487s/iter; left time: 174.0063s
	iters: 300, epoch: 1 | loss: 0.4837891
	speed: 0.0482s/iter; left time: 167.2301s
Epoch: 1 cost time: 21.720691680908203
Epoch: 1, Steps: 377 | Train Loss: 0.6499801 Vali Loss: 0.7418010 Test Loss: 0.8749542
Validation loss decreased (inf --> 0.741801).  Saving model ...
Updating learning rate to 0.0001
	iters: 100, epoch: 2 | loss: 0.3697947
	speed: 0.1515s/iter; left time: 498.8867s
	iters: 200, epoch: 2 | loss: 0.3075794
	speed: 0.0482s/iter; left time: 153.9377s
	iters: 300, epoch: 2 | loss: 0.2984561
	speed: 0.0482s/iter; left time: 148.9975s
Epoch: 2 cost time: 18.225782871246338
Epoch: 2, Steps: 377 | Train Loss: 0.3403788 Vali Loss: 0.6174369 Test Loss: 0.7711906
Validation loss decreased (0.741801 --> 0.617437).  Saving model ...
Updating learning rate to 5e-05
	iters: 100, epoch: 3 | loss: 0.2835971
	speed: 0.1526s/iter; left time: 445.0822s
	iters: 200, epoch: 3 | loss: 0.2894485
	speed: 0.0483s/iter; left time: 136.1004s
	iters: 300, epoch: 3 | loss: 0.2731414
	speed: 0.0482s/iter; left time: 130.9483s
Epoch: 3 cost time: 18.219616651535034
Epoch: 3, Steps: 377 | Train Loss: 0.2765531 Vali Loss: 0.6011202 Test Loss: 0.7657165
Validation loss decreased (0.617437 --> 0.601120).  Saving model ...
Updating learning rate to 2.5e-05
	iters: 100, epoch: 4 | loss: 0.2590097
	speed: 0.1521s/iter; left time: 386.3742s
	iters: 200, epoch: 4 | loss: 0.2586738
	speed: 0.0480s/iter; left time: 117.1981s
	iters: 300, epoch: 4 | loss: 0.2774961
	speed: 0.0480s/iter; left time: 112.4004s
Epoch: 4 cost time: 18.131910800933838
Epoch: 4, Steps: 377 | Train Loss: 0.2604361 Vali Loss: 0.5926396 Test Loss: 0.7473592
Validation loss decreased (0.601120 --> 0.592640).  Saving model ...
Updating learning rate to 1.25e-05
	iters: 100, epoch: 5 | loss: 0.2460498
	speed: 0.1549s/iter; left time: 334.9972s
	iters: 200, epoch: 5 | loss: 0.2559004
	speed: 0.0491s/iter; left time: 101.2395s
	iters: 300, epoch: 5 | loss: 0.2465039
	speed: 0.0494s/iter; left time: 96.9100s
Epoch: 5 cost time: 18.627917289733887
Epoch: 5, Steps: 377 | Train Loss: 0.2534212 Vali Loss: 0.5926363 Test Loss: 0.7526617
Validation loss decreased (0.592640 --> 0.592636).  Saving model ...
Updating learning rate to 6.25e-06
	iters: 100, epoch: 6 | loss: 0.2734067
	speed: 0.1549s/iter; left time: 276.5926s
	iters: 200, epoch: 6 | loss: 0.2414607
	speed: 0.0481s/iter; left time: 81.0673s
	iters: 300, epoch: 6 | loss: 0.2642665
	speed: 0.0482s/iter; left time: 76.4265s
Epoch: 6 cost time: 18.217503547668457
Epoch: 6, Steps: 377 | Train Loss: 0.2502030 Vali Loss: 0.5912521 Test Loss: 0.7494508
Validation loss decreased (0.592636 --> 0.591252).  Saving model ...
Updating learning rate to 3.125e-06
	iters: 100, epoch: 7 | loss: 0.2701389
	speed: 0.1535s/iter; left time: 216.2206s
	iters: 200, epoch: 7 | loss: 0.2530035
	speed: 0.0481s/iter; left time: 62.9649s
	iters: 300, epoch: 7 | loss: 0.2665806
	speed: 0.0484s/iter; left time: 58.4593s
Epoch: 7 cost time: 18.199495553970337
Epoch: 7, Steps: 377 | Train Loss: 0.2486151 Vali Loss: 0.5897399 Test Loss: 0.7503710
Validation loss decreased (0.591252 --> 0.589740).  Saving model ...
Updating learning rate to 1.5625e-06
	iters: 100, epoch: 8 | loss: 0.2383576
	speed: 0.1524s/iter; left time: 157.2753s
	iters: 200, epoch: 8 | loss: 0.2446238
	speed: 0.0480s/iter; left time: 44.7620s
	iters: 300, epoch: 8 | loss: 0.2484201
	speed: 0.0479s/iter; left time: 39.8230s
Epoch: 8 cost time: 18.14444851875305
Epoch: 8, Steps: 377 | Train Loss: 0.2478233 Vali Loss: 0.5892121 Test Loss: 0.7506820
Validation loss decreased (0.589740 --> 0.589212).  Saving model ...
Updating learning rate to 7.8125e-07
	iters: 100, epoch: 9 | loss: 0.2576743
	speed: 0.1520s/iter; left time: 99.5592s
	iters: 200, epoch: 9 | loss: 0.2436897
	speed: 0.0477s/iter; left time: 26.4953s
	iters: 300, epoch: 9 | loss: 0.2439327
	speed: 0.0480s/iter; left time: 21.8380s
Epoch: 9 cost time: 18.114919900894165
Epoch: 9, Steps: 377 | Train Loss: 0.2472744 Vali Loss: 0.5900087 Test Loss: 0.7491978
EarlyStopping counter: 1 out of 3
Updating learning rate to 3.90625e-07
	iters: 100, epoch: 10 | loss: 0.2435681
	speed: 0.1517s/iter; left time: 42.1659s
	iters: 200, epoch: 10 | loss: 0.2428782
	speed: 0.0492s/iter; left time: 8.7637s
	iters: 300, epoch: 10 | loss: 0.2491013
	speed: 0.0491s/iter; left time: 3.8309s
Epoch: 10 cost time: 18.583878755569458
Epoch: 10, Steps: 377 | Train Loss: 0.2471265 Vali Loss: 0.5908929 Test Loss: 0.7489341
EarlyStopping counter: 2 out of 3
Updating learning rate to 1.953125e-07
>>>>>>>testing : traffic_96_Informer_custom_ftM_sl96_ll48_pl96_dm512_nh8_el2_dl1_df2048_fc3_ebtimeF_dtTrue_Exp_0_seed10458<<<<<<<<<<<<<<<<<<<<<<<<<<<<<<<<<
test 3413
mse:0.7505714297294617, mae:0.42712414264678955
