Args in experiment:
Namespace(activation='gelu', batch_size=32, c_out=7, checkpoints='./checkpoints/', d_ff=2048, d_layers=1, d_model=512, data='ETTm1', data_path='ETTm1.csv', dec_in=7, des='Exp', devices='0,1,2,3', distil=True, do_predict=False, dropout=0.05, e_layers=2, embed='timeF', embed_type=0, enc_in=7, factor=3, features='M', freq='h', gpu=0, individual=False, is_training=1, itr=1, label_len=48, learning_rate=0.0001, loss='mse', lradj='type1', model='Informer', model_id='ETTm1_336', moving_avg=25, n_heads=8, num_workers=0, output_attention=False, patience=3, pred_len=336, root_path='./dataset/', seed=32598, seq_len=96, target='OT', test_flop=False, train_epochs=10, train_only=False, use_amp=False, use_gpu=True, use_multi_gpu=False)
Use GPU: cuda:0
>>>>>>>start training : ETTm1_336_Informer_ETTm1_ftM_sl96_ll48_pl336_dm512_nh8_el2_dl1_df2048_fc3_ebtimeF_dtTrue_Exp_0_seed32598>>>>>>>>>>>>>>>>>>>>>>>>>>
train 34129
val 11185
test 11185
	iters: 100, epoch: 1 | loss: 0.4463514
	speed: 0.0715s/iter; left time: 755.2213s
	iters: 200, epoch: 1 | loss: 0.4957588
	speed: 0.0410s/iter; left time: 428.9165s
	iters: 300, epoch: 1 | loss: 0.3961959
	speed: 0.0411s/iter; left time: 425.7213s
	iters: 400, epoch: 1 | loss: 0.4211933
	speed: 0.0411s/iter; left time: 421.2577s
	iters: 500, epoch: 1 | loss: 0.4226400
	speed: 0.0413s/iter; left time: 419.8200s
	iters: 600, epoch: 1 | loss: 0.3424096
	speed: 0.0428s/iter; left time: 431.0521s
	iters: 700, epoch: 1 | loss: 0.3599868
	speed: 0.0434s/iter; left time: 432.4219s
	iters: 800, epoch: 1 | loss: 0.3360573
	speed: 0.0434s/iter; left time: 428.3356s
	iters: 900, epoch: 1 | loss: 0.2968181
	speed: 0.0434s/iter; left time: 423.7609s
	iters: 1000, epoch: 1 | loss: 0.2895575
	speed: 0.0430s/iter; left time: 415.7822s
Epoch: 1 cost time: 48.09327960014343
Epoch: 1, Steps: 1066 | Train Loss: 0.3932467 Vali Loss: 1.0378340 Test Loss: 1.1538565
Validation loss decreased (inf --> 1.037834).  Saving model ...
Updating learning rate to 0.0001
	iters: 100, epoch: 2 | loss: 0.3148545
	speed: 0.1832s/iter; left time: 1739.2570s
	iters: 200, epoch: 2 | loss: 0.3174712
	speed: 0.0413s/iter; left time: 388.4152s
	iters: 300, epoch: 2 | loss: 0.2692547
	speed: 0.0414s/iter; left time: 384.3650s
	iters: 400, epoch: 2 | loss: 0.2762884
	speed: 0.0415s/iter; left time: 381.4753s
	iters: 500, epoch: 2 | loss: 0.2744364
	speed: 0.0414s/iter; left time: 376.8266s
	iters: 600, epoch: 2 | loss: 0.2760077
	speed: 0.0415s/iter; left time: 373.3505s
	iters: 700, epoch: 2 | loss: 0.2301764
	speed: 0.0414s/iter; left time: 368.0420s
	iters: 800, epoch: 2 | loss: 0.2565179
	speed: 0.0413s/iter; left time: 363.5473s
	iters: 900, epoch: 2 | loss: 0.2345278
	speed: 0.0413s/iter; left time: 359.4061s
	iters: 1000, epoch: 2 | loss: 0.2470401
	speed: 0.0413s/iter; left time: 355.2794s
Epoch: 2 cost time: 44.156803369522095
Epoch: 2, Steps: 1066 | Train Loss: 0.2718159 Vali Loss: 1.0661031 Test Loss: 1.1444634
EarlyStopping counter: 1 out of 3
Updating learning rate to 5e-05
	iters: 100, epoch: 3 | loss: 0.2347137
	speed: 0.1783s/iter; left time: 1502.6149s
	iters: 200, epoch: 3 | loss: 0.2222203
	speed: 0.0416s/iter; left time: 346.6925s
	iters: 300, epoch: 3 | loss: 0.2286840
	speed: 0.0416s/iter; left time: 342.3355s
	iters: 400, epoch: 3 | loss: 0.1998373
	speed: 0.0415s/iter; left time: 337.2041s
	iters: 500, epoch: 3 | loss: 0.2126274
	speed: 0.0413s/iter; left time: 331.7467s
	iters: 600, epoch: 3 | loss: 0.2081628
	speed: 0.0414s/iter; left time: 328.1711s
	iters: 700, epoch: 3 | loss: 0.1944007
	speed: 0.0416s/iter; left time: 325.8560s
	iters: 800, epoch: 3 | loss: 0.2132927
	speed: 0.0426s/iter; left time: 329.3219s
	iters: 900, epoch: 3 | loss: 0.2094374
	speed: 0.0425s/iter; left time: 324.4474s
	iters: 1000, epoch: 3 | loss: 0.2077597
	speed: 0.0423s/iter; left time: 318.5170s
Epoch: 3 cost time: 44.59934425354004
Epoch: 3, Steps: 1066 | Train Loss: 0.2146855 Vali Loss: 1.1540674 Test Loss: 1.2612151
EarlyStopping counter: 2 out of 3
Updating learning rate to 2.5e-05
	iters: 100, epoch: 4 | loss: 0.2042718
	speed: 0.1806s/iter; left time: 1330.1247s
	iters: 200, epoch: 4 | loss: 0.1953559
	speed: 0.0417s/iter; left time: 302.9095s
	iters: 300, epoch: 4 | loss: 0.1740536
	speed: 0.0418s/iter; left time: 299.2845s
	iters: 400, epoch: 4 | loss: 0.1880660
	speed: 0.0416s/iter; left time: 293.5482s
	iters: 500, epoch: 4 | loss: 0.1795811
	speed: 0.0413s/iter; left time: 287.7265s
	iters: 600, epoch: 4 | loss: 0.1683343
	speed: 0.0414s/iter; left time: 284.4092s
	iters: 700, epoch: 4 | loss: 0.1851704
	speed: 0.0416s/iter; left time: 281.6392s
	iters: 800, epoch: 4 | loss: 0.1901353
	speed: 0.0418s/iter; left time: 278.3862s
	iters: 900, epoch: 4 | loss: 0.1813864
	speed: 0.0417s/iter; left time: 273.6779s
	iters: 1000, epoch: 4 | loss: 0.1691485
	speed: 0.0414s/iter; left time: 267.4520s
Epoch: 4 cost time: 44.38853049278259
Epoch: 4, Steps: 1066 | Train Loss: 0.1863590 Vali Loss: 1.1695549 Test Loss: 1.3046476
EarlyStopping counter: 3 out of 3
Early stopping
>>>>>>>testing : ETTm1_336_Informer_ETTm1_ftM_sl96_ll48_pl336_dm512_nh8_el2_dl1_df2048_fc3_ebtimeF_dtTrue_Exp_0_seed32598<<<<<<<<<<<<<<<<<<<<<<<<<<<<<<<<<
test 11185
mse:1.1536842584609985, mae:0.8449764847755432
