Args in experiment:
Namespace(activation='gelu', batch_size=32, c_out=7, checkpoints='./checkpoints/', d_ff=2048, d_layers=1, d_model=512, data='ETTh1', data_path='ETTh1.csv', dec_in=7, des='Exp', devices='0,1,2,3', distil=True, do_predict=False, dropout=0.05, e_layers=2, embed='timeF', embed_type=0, enc_in=7, factor=3, features='M', freq='h', gpu=0, individual=False, is_training=1, itr=1, label_len=48, learning_rate=0.0001, loss='mse', lradj='type1', model='Informer', model_id='ETTh1_192', moving_avg=25, n_heads=8, num_workers=0, output_attention=False, patience=3, pred_len=192, root_path='./dataset/', seed=3293, seq_len=96, target='OT', test_flop=False, train_epochs=10, train_only=False, use_amp=False, use_gpu=True, use_multi_gpu=False)
Use GPU: cuda:0
>>>>>>>start training : ETTh1_192_Informer_ETTh1_ftM_sl96_ll48_pl192_dm512_nh8_el2_dl1_df2048_fc3_ebtimeF_dtTrue_Exp_0_seed3293>>>>>>>>>>>>>>>>>>>>>>>>>>
train 8353
val 2689
test 2689
	iters: 100, epoch: 1 | loss: 0.5144563
	speed: 0.0632s/iter; left time: 158.6356s
	iters: 200, epoch: 1 | loss: 0.4748223
	speed: 0.0328s/iter; left time: 79.0239s
Epoch: 1 cost time: 11.653410196304321
Epoch: 1, Steps: 261 | Train Loss: 0.5460725 Vali Loss: 1.4837501 Test Loss: 0.9294900
Validation loss decreased (inf --> 1.483750).  Saving model ...
Updating learning rate to 0.0001
	iters: 100, epoch: 2 | loss: 0.4185176
	speed: 0.0754s/iter; left time: 169.5592s
	iters: 200, epoch: 2 | loss: 0.4776094
	speed: 0.0326s/iter; left time: 70.0649s
Epoch: 2 cost time: 8.52974247932434
Epoch: 2, Steps: 261 | Train Loss: 0.4596794 Vali Loss: 1.5584197 Test Loss: 1.2964824
EarlyStopping counter: 1 out of 3
Updating learning rate to 5e-05
	iters: 100, epoch: 3 | loss: 0.4175753
	speed: 0.0729s/iter; left time: 145.0136s
	iters: 200, epoch: 3 | loss: 0.3899813
	speed: 0.0327s/iter; left time: 61.7773s
Epoch: 3 cost time: 8.538082361221313
Epoch: 3, Steps: 261 | Train Loss: 0.4157385 Vali Loss: 1.5587509 Test Loss: 1.3264571
EarlyStopping counter: 2 out of 3
Updating learning rate to 2.5e-05
	iters: 100, epoch: 4 | loss: 0.3794873
	speed: 0.0729s/iter; left time: 125.9203s
	iters: 200, epoch: 4 | loss: 0.3816935
	speed: 0.0327s/iter; left time: 53.1670s
Epoch: 4 cost time: 8.536841869354248
Epoch: 4, Steps: 261 | Train Loss: 0.3955129 Vali Loss: 1.5852225 Test Loss: 1.4119909
EarlyStopping counter: 3 out of 3
Early stopping
>>>>>>>testing : ETTh1_192_Informer_ETTh1_ftM_sl96_ll48_pl192_dm512_nh8_el2_dl1_df2048_fc3_ebtimeF_dtTrue_Exp_0_seed3293<<<<<<<<<<<<<<<<<<<<<<<<<<<<<<<<<
test 2689
mse:0.9315326809883118, mae:0.7314044237136841
