Args in experiment:
Namespace(activation='gelu', batch_size=32, c_out=7, checkpoints='./checkpoints/', d_ff=2048, d_layers=1, d_model=512, data='ETTm1', data_path='ETTm1.csv', dec_in=7, des='Exp', devices='0,1,2,3', distil=True, do_predict=False, dropout=0.05, e_layers=2, embed='timeF', embed_type=0, enc_in=7, factor=3, features='M', freq='h', gpu=0, individual=False, is_training=1, itr=1, label_len=48, learning_rate=0.0001, loss='mse', lradj='type1', model='Informer', model_id='ETTm1_720', moving_avg=25, n_heads=8, num_workers=0, output_attention=False, patience=3, pred_len=720, root_path='./dataset/', seed=32598, seq_len=96, target='OT', test_flop=False, train_epochs=10, train_only=False, use_amp=False, use_gpu=True, use_multi_gpu=False)
Use GPU: cuda:0
>>>>>>>start training : ETTm1_720_Informer_ETTm1_ftM_sl96_ll48_pl720_dm512_nh8_el2_dl1_df2048_fc3_ebtimeF_dtTrue_Exp_0_seed32598>>>>>>>>>>>>>>>>>>>>>>>>>>
train 33745
val 10801
test 10801
	iters: 100, epoch: 1 | loss: 0.5091795
	speed: 0.0967s/iter; left time: 1009.4059s
	iters: 200, epoch: 1 | loss: 0.4749765
	speed: 0.0653s/iter; left time: 675.0714s
	iters: 300, epoch: 1 | loss: 0.4118875
	speed: 0.0653s/iter; left time: 668.2364s
	iters: 400, epoch: 1 | loss: 0.5100670
	speed: 0.0652s/iter; left time: 660.7181s
	iters: 500, epoch: 1 | loss: 0.4349718
	speed: 0.0655s/iter; left time: 657.9032s
	iters: 600, epoch: 1 | loss: 0.4152479
	speed: 0.0653s/iter; left time: 649.1989s
	iters: 700, epoch: 1 | loss: 0.3710654
	speed: 0.0652s/iter; left time: 641.8545s
	iters: 800, epoch: 1 | loss: 0.3505524
	speed: 0.0654s/iter; left time: 637.3335s
	iters: 900, epoch: 1 | loss: 0.3744218
	speed: 0.0654s/iter; left time: 630.1292s
	iters: 1000, epoch: 1 | loss: 0.3787348
	speed: 0.0653s/iter; left time: 622.6208s
Epoch: 1 cost time: 72.00223302841187
Epoch: 1, Steps: 1054 | Train Loss: 0.4498736 Vali Loss: 1.2420478 Test Loss: 1.0124108
Validation loss decreased (inf --> 1.242048).  Saving model ...
Updating learning rate to 0.0001
	iters: 100, epoch: 2 | loss: 0.3542805
	speed: 0.2832s/iter; left time: 2657.9493s
	iters: 200, epoch: 2 | loss: 0.2918867
	speed: 0.0670s/iter; left time: 622.3646s
	iters: 300, epoch: 2 | loss: 0.2899915
	speed: 0.0673s/iter; left time: 617.8561s
	iters: 400, epoch: 2 | loss: 0.3214194
	speed: 0.0668s/iter; left time: 606.8041s
	iters: 500, epoch: 2 | loss: 0.2754804
	speed: 0.0664s/iter; left time: 596.6371s
	iters: 600, epoch: 2 | loss: 0.2935028
	speed: 0.0652s/iter; left time: 579.4644s
	iters: 700, epoch: 2 | loss: 0.2691186
	speed: 0.0653s/iter; left time: 573.5116s
	iters: 800, epoch: 2 | loss: 0.2804521
	speed: 0.0653s/iter; left time: 567.3586s
	iters: 900, epoch: 2 | loss: 0.2598608
	speed: 0.0653s/iter; left time: 560.4973s
	iters: 1000, epoch: 2 | loss: 0.2832203
	speed: 0.0654s/iter; left time: 555.2541s
Epoch: 2 cost time: 69.53331184387207
Epoch: 2, Steps: 1054 | Train Loss: 0.3015447 Vali Loss: 1.3177142 Test Loss: 1.2333354
EarlyStopping counter: 1 out of 3
Updating learning rate to 5e-05
	iters: 100, epoch: 3 | loss: 0.2723551
	speed: 0.2797s/iter; left time: 2330.6858s
	iters: 200, epoch: 3 | loss: 0.2444876
	speed: 0.0655s/iter; left time: 539.0826s
	iters: 300, epoch: 3 | loss: 0.2568406
	speed: 0.0656s/iter; left time: 533.3771s
	iters: 400, epoch: 3 | loss: 0.2391242
	speed: 0.0656s/iter; left time: 527.3469s
	iters: 500, epoch: 3 | loss: 0.2573639
	speed: 0.0655s/iter; left time: 519.8509s
	iters: 600, epoch: 3 | loss: 0.2293096
	speed: 0.0661s/iter; left time: 517.6843s
	iters: 700, epoch: 3 | loss: 0.2495903
	speed: 0.0665s/iter; left time: 514.1778s
	iters: 800, epoch: 3 | loss: 0.2327171
	speed: 0.0666s/iter; left time: 508.0549s
	iters: 900, epoch: 3 | loss: 0.2306141
	speed: 0.0663s/iter; left time: 499.6270s
	iters: 1000, epoch: 3 | loss: 0.2312648
	speed: 0.0662s/iter; left time: 491.8911s
Epoch: 3 cost time: 69.47526454925537
Epoch: 3, Steps: 1054 | Train Loss: 0.2435082 Vali Loss: 1.2994026 Test Loss: 1.2616440
EarlyStopping counter: 2 out of 3
Updating learning rate to 2.5e-05
	iters: 100, epoch: 4 | loss: 0.2300014
	speed: 0.2800s/iter; left time: 2037.9299s
	iters: 200, epoch: 4 | loss: 0.2202990
	speed: 0.0655s/iter; left time: 470.2209s
	iters: 300, epoch: 4 | loss: 0.2177548
	speed: 0.0653s/iter; left time: 462.4370s
	iters: 400, epoch: 4 | loss: 0.2162576
	speed: 0.0655s/iter; left time: 457.0876s
	iters: 500, epoch: 4 | loss: 0.2041065
	speed: 0.0656s/iter; left time: 451.4827s
	iters: 600, epoch: 4 | loss: 0.2281382
	speed: 0.0654s/iter; left time: 443.3007s
	iters: 700, epoch: 4 | loss: 0.2150262
	speed: 0.0651s/iter; left time: 435.0094s
	iters: 800, epoch: 4 | loss: 0.2123156
	speed: 0.0651s/iter; left time: 428.3774s
	iters: 900, epoch: 4 | loss: 0.2169907
	speed: 0.0651s/iter; left time: 421.8196s
	iters: 1000, epoch: 4 | loss: 0.2042594
	speed: 0.0650s/iter; left time: 414.8934s
Epoch: 4 cost time: 68.86763763427734
Epoch: 4, Steps: 1054 | Train Loss: 0.2177860 Vali Loss: 1.3388795 Test Loss: 1.2477343
EarlyStopping counter: 3 out of 3
Early stopping
>>>>>>>testing : ETTm1_720_Informer_ETTm1_ftM_sl96_ll48_pl720_dm512_nh8_el2_dl1_df2048_fc3_ebtimeF_dtTrue_Exp_0_seed32598<<<<<<<<<<<<<<<<<<<<<<<<<<<<<<<<<
test 10801
mse:1.0127063989639282, mae:0.7669471502304077
