Args in experiment:
Namespace(activation='gelu', batch_size=32, c_out=21, checkpoints='./checkpoints/', d_ff=2048, d_layers=1, d_model=512, data='custom', data_path='weather.csv', dec_in=21, des='Exp', devices='0,1,2,3', distil=True, do_predict=False, dropout=0.05, e_layers=2, embed='timeF', embed_type=0, enc_in=21, factor=3, features='M', freq='h', gpu=0, individual=False, is_training=1, itr=1, label_len=48, learning_rate=0.0001, loss='mse', lradj='type1', model='Informer', model_id='weather_336', moving_avg=25, n_heads=8, num_workers=0, output_attention=False, patience=3, pred_len=336, root_path='./dataset/', seed=28649, seq_len=96, target='OT', test_flop=False, train_epochs=10, train_only=False, use_amp=False, use_gpu=True, use_multi_gpu=False)
Use GPU: cuda:0
>>>>>>>start training : weather_336_Informer_custom_ftM_sl96_ll48_pl336_dm512_nh8_el2_dl1_df2048_fc3_ebtimeF_dtTrue_Exp_0_seed28649>>>>>>>>>>>>>>>>>>>>>>>>>>
train 36456
val 4935
test 10204
	iters: 100, epoch: 1 | loss: 0.4126438
	speed: 0.0730s/iter; left time: 824.6035s
	iters: 200, epoch: 1 | loss: 0.4549991
	speed: 0.0424s/iter; left time: 474.7543s
	iters: 300, epoch: 1 | loss: 0.5178896
	speed: 0.0420s/iter; left time: 465.5734s
	iters: 400, epoch: 1 | loss: 0.4752001
	speed: 0.0420s/iter; left time: 461.1370s
	iters: 500, epoch: 1 | loss: 0.8868060
	speed: 0.0419s/iter; left time: 456.7701s
	iters: 600, epoch: 1 | loss: 0.3462167
	speed: 0.0420s/iter; left time: 453.3280s
	iters: 700, epoch: 1 | loss: 0.3936125
	speed: 0.0422s/iter; left time: 450.7551s
	iters: 800, epoch: 1 | loss: 0.3712761
	speed: 0.0422s/iter; left time: 446.5073s
	iters: 900, epoch: 1 | loss: 0.3975849
	speed: 0.0421s/iter; left time: 442.1864s
	iters: 1000, epoch: 1 | loss: 0.3498485
	speed: 0.0433s/iter; left time: 449.5002s
	iters: 1100, epoch: 1 | loss: 0.5837200
	speed: 0.0434s/iter; left time: 446.9675s
Epoch: 1 cost time: 51.35432434082031
Epoch: 1, Steps: 1139 | Train Loss: 0.4739168 Vali Loss: 0.7412748 Test Loss: 0.9232249
Validation loss decreased (inf --> 0.741275).  Saving model ...
Updating learning rate to 0.0001
	iters: 100, epoch: 2 | loss: 0.2532354
	speed: 0.1418s/iter; left time: 1439.4957s
	iters: 200, epoch: 2 | loss: 0.4485264
	speed: 0.0438s/iter; left time: 439.9540s
	iters: 300, epoch: 2 | loss: 0.3122406
	speed: 0.0433s/iter; left time: 430.9479s
	iters: 400, epoch: 2 | loss: 0.2634587
	speed: 0.0425s/iter; left time: 419.0528s
	iters: 500, epoch: 2 | loss: 0.2613151
	speed: 0.0423s/iter; left time: 412.5468s
	iters: 600, epoch: 2 | loss: 0.3152850
	speed: 0.0423s/iter; left time: 408.1006s
	iters: 700, epoch: 2 | loss: 0.3191334
	speed: 0.0425s/iter; left time: 405.8557s
	iters: 800, epoch: 2 | loss: 0.3060095
	speed: 0.0426s/iter; left time: 402.8242s
	iters: 900, epoch: 2 | loss: 0.2658027
	speed: 0.0426s/iter; left time: 398.0322s
	iters: 1000, epoch: 2 | loss: 0.4490524
	speed: 0.0422s/iter; left time: 390.8006s
	iters: 1100, epoch: 2 | loss: 0.2822580
	speed: 0.0422s/iter; left time: 386.1545s
Epoch: 2 cost time: 48.64788198471069
Epoch: 2, Steps: 1139 | Train Loss: 0.3606177 Vali Loss: 0.6483554 Test Loss: 0.5402359
Validation loss decreased (0.741275 --> 0.648355).  Saving model ...
Updating learning rate to 5e-05
	iters: 100, epoch: 3 | loss: 0.1949110
	speed: 0.1391s/iter; left time: 1253.9988s
	iters: 200, epoch: 3 | loss: 0.2509691
	speed: 0.0422s/iter; left time: 376.4452s
	iters: 300, epoch: 3 | loss: 0.1842746
	speed: 0.0423s/iter; left time: 373.0262s
	iters: 400, epoch: 3 | loss: 0.2637746
	speed: 0.0422s/iter; left time: 368.0771s
	iters: 500, epoch: 3 | loss: 0.2959886
	speed: 0.0422s/iter; left time: 363.0783s
	iters: 600, epoch: 3 | loss: 0.2042454
	speed: 0.0421s/iter; left time: 358.2250s
	iters: 700, epoch: 3 | loss: 0.2215470
	speed: 0.0421s/iter; left time: 353.8984s
	iters: 800, epoch: 3 | loss: 0.3223291
	speed: 0.0421s/iter; left time: 349.7224s
	iters: 900, epoch: 3 | loss: 0.3875086
	speed: 0.0421s/iter; left time: 345.5166s
	iters: 1000, epoch: 3 | loss: 0.2756289
	speed: 0.0421s/iter; left time: 341.8734s
	iters: 1100, epoch: 3 | loss: 0.1832272
	speed: 0.0429s/iter; left time: 343.9833s
Epoch: 3 cost time: 48.181365966796875
Epoch: 3, Steps: 1139 | Train Loss: 0.2890153 Vali Loss: 0.6997923 Test Loss: 0.6443374
EarlyStopping counter: 1 out of 3
Updating learning rate to 2.5e-05
	iters: 100, epoch: 4 | loss: 0.2130762
	speed: 0.1399s/iter; left time: 1101.9158s
	iters: 200, epoch: 4 | loss: 0.2565312
	speed: 0.0441s/iter; left time: 343.1134s
	iters: 300, epoch: 4 | loss: 0.2000961
	speed: 0.0444s/iter; left time: 340.9073s
	iters: 400, epoch: 4 | loss: 0.3462710
	speed: 0.0441s/iter; left time: 333.9617s
	iters: 500, epoch: 4 | loss: 0.2107188
	speed: 0.0426s/iter; left time: 318.6005s
	iters: 600, epoch: 4 | loss: 0.5672525
	speed: 0.0425s/iter; left time: 313.3947s
	iters: 700, epoch: 4 | loss: 0.2229402
	speed: 0.0426s/iter; left time: 310.1490s
	iters: 800, epoch: 4 | loss: 0.3729269
	speed: 0.0424s/iter; left time: 303.9186s
	iters: 900, epoch: 4 | loss: 0.2440756
	speed: 0.0422s/iter; left time: 298.7073s
	iters: 1000, epoch: 4 | loss: 0.2016615
	speed: 0.0426s/iter; left time: 296.7741s
	iters: 1100, epoch: 4 | loss: 0.2138265
	speed: 0.0423s/iter; left time: 290.8900s
Epoch: 4 cost time: 49.07799434661865
Epoch: 4, Steps: 1139 | Train Loss: 0.2598206 Vali Loss: 0.6845556 Test Loss: 0.6696160
EarlyStopping counter: 2 out of 3
Updating learning rate to 1.25e-05
	iters: 100, epoch: 5 | loss: 0.3988653
	speed: 0.1361s/iter; left time: 916.5162s
	iters: 200, epoch: 5 | loss: 0.4143357
	speed: 0.0423s/iter; left time: 280.9195s
	iters: 300, epoch: 5 | loss: 0.1798715
	speed: 0.0425s/iter; left time: 277.8583s
	iters: 400, epoch: 5 | loss: 0.3800043
	speed: 0.0426s/iter; left time: 274.3018s
	iters: 500, epoch: 5 | loss: 0.1938736
	speed: 0.0426s/iter; left time: 269.6672s
	iters: 600, epoch: 5 | loss: 0.2388591
	speed: 0.0423s/iter; left time: 264.0274s
	iters: 700, epoch: 5 | loss: 0.1784252
	speed: 0.0424s/iter; left time: 259.8763s
	iters: 800, epoch: 5 | loss: 0.1681832
	speed: 0.0424s/iter; left time: 255.6777s
	iters: 900, epoch: 5 | loss: 0.1664230
	speed: 0.0427s/iter; left time: 253.1603s
	iters: 1000, epoch: 5 | loss: 0.3245186
	speed: 0.0425s/iter; left time: 247.8029s
	iters: 1100, epoch: 5 | loss: 0.2052923
	speed: 0.0424s/iter; left time: 242.9067s
Epoch: 5 cost time: 48.347036361694336
Epoch: 5, Steps: 1139 | Train Loss: 0.2467214 Vali Loss: 0.6874411 Test Loss: 0.6586104
EarlyStopping counter: 3 out of 3
Early stopping
>>>>>>>testing : weather_336_Informer_custom_ftM_sl96_ll48_pl336_dm512_nh8_el2_dl1_df2048_fc3_ebtimeF_dtTrue_Exp_0_seed28649<<<<<<<<<<<<<<<<<<<<<<<<<<<<<<<<<
test 10204
mse:0.5404085516929626, mae:0.5094398260116577
