Args in experiment:
Namespace(activation='gelu', batch_size=32, c_out=862, checkpoints='./checkpoints/', d_ff=2048, d_layers=1, d_model=512, data='custom', data_path='traffic.csv', dec_in=862, des='Exp', devices='0,1,2,3', distil=True, do_predict=False, dropout=0.05, e_layers=2, embed='timeF', embed_type=0, enc_in=862, factor=3, features='M', freq='h', gpu=0, individual=False, is_training=1, itr=1, label_len=48, learning_rate=0.0001, loss='mse', lradj='type1', model='Informer', model_id='traffic_720', moving_avg=25, n_heads=8, num_workers=0, output_attention=False, patience=3, pred_len=720, root_path='./dataset/', seed=15227, seq_len=96, target='OT', test_flop=False, train_epochs=10, train_only=False, use_amp=False, use_gpu=True, use_multi_gpu=False)
Use GPU: cuda:0
>>>>>>>start training : traffic_720_Informer_custom_ftM_sl96_ll48_pl720_dm512_nh8_el2_dl1_df2048_fc3_ebtimeF_dtTrue_Exp_0_seed15227>>>>>>>>>>>>>>>>>>>>>>>>>>
train 11465
val 1037
test 2789
	iters: 100, epoch: 1 | loss: 0.9791045
	speed: 0.1654s/iter; left time: 575.6696s
	iters: 200, epoch: 1 | loss: 0.9266528
	speed: 0.1337s/iter; left time: 452.1812s
	iters: 300, epoch: 1 | loss: 0.9378518
	speed: 0.1331s/iter; left time: 436.6021s
Epoch: 1 cost time: 51.04304838180542
Epoch: 1, Steps: 358 | Train Loss: 0.9603276 Vali Loss: 1.1818300 Test Loss: 1.4382151
Validation loss decreased (inf --> 1.181830).  Saving model ...
Updating learning rate to 0.0001
	iters: 100, epoch: 2 | loss: 0.8948885
	speed: 0.4149s/iter; left time: 1295.6692s
	iters: 200, epoch: 2 | loss: 0.8932114
	speed: 0.1334s/iter; left time: 403.3607s
	iters: 300, epoch: 2 | loss: 0.8634704
	speed: 0.1349s/iter; left time: 394.3851s
Epoch: 2 cost time: 48.10432052612305
Epoch: 2, Steps: 358 | Train Loss: 0.8970041 Vali Loss: 1.1802797 Test Loss: 1.4338897
Validation loss decreased (1.181830 --> 1.180280).  Saving model ...
Updating learning rate to 5e-05
	iters: 100, epoch: 3 | loss: 0.8626414
	speed: 0.4172s/iter; left time: 1153.6108s
	iters: 200, epoch: 3 | loss: 0.8414623
	speed: 0.1342s/iter; left time: 357.7150s
	iters: 300, epoch: 3 | loss: 0.7612577
	speed: 0.1339s/iter; left time: 343.5585s
Epoch: 3 cost time: 48.00382709503174
Epoch: 3, Steps: 358 | Train Loss: 0.8234850 Vali Loss: 1.0619354 Test Loss: 1.2929219
Validation loss decreased (1.180280 --> 1.061935).  Saving model ...
Updating learning rate to 2.5e-05
	iters: 100, epoch: 4 | loss: 0.6339213
	speed: 0.4181s/iter; left time: 1006.2517s
	iters: 200, epoch: 4 | loss: 0.5763270
	speed: 0.1336s/iter; left time: 308.3111s
	iters: 300, epoch: 4 | loss: 0.5169942
	speed: 0.1335s/iter; left time: 294.6969s
Epoch: 4 cost time: 47.91900134086609
Epoch: 4, Steps: 358 | Train Loss: 0.5782277 Vali Loss: 0.8691217 Test Loss: 1.1428512
Validation loss decreased (1.061935 --> 0.869122).  Saving model ...
Updating learning rate to 1.25e-05
	iters: 100, epoch: 5 | loss: 0.4881941
	speed: 0.4178s/iter; left time: 855.9937s
	iters: 200, epoch: 5 | loss: 0.4819361
	speed: 0.1348s/iter; left time: 262.7349s
	iters: 300, epoch: 5 | loss: 0.4616070
	speed: 0.1347s/iter; left time: 249.1037s
Epoch: 5 cost time: 48.05695295333862
Epoch: 5, Steps: 358 | Train Loss: 0.4783853 Vali Loss: 0.8134400 Test Loss: 1.0796696
Validation loss decreased (0.869122 --> 0.813440).  Saving model ...
Updating learning rate to 6.25e-06
	iters: 100, epoch: 6 | loss: 0.4594001
	speed: 0.4154s/iter; left time: 702.4222s
	iters: 200, epoch: 6 | loss: 0.4474661
	speed: 0.1332s/iter; left time: 211.9686s
	iters: 300, epoch: 6 | loss: 0.4683977
	speed: 0.1335s/iter; left time: 199.0449s
Epoch: 6 cost time: 47.815475940704346
Epoch: 6, Steps: 358 | Train Loss: 0.4579551 Vali Loss: 0.8303498 Test Loss: 1.0522481
EarlyStopping counter: 1 out of 3
Updating learning rate to 3.125e-06
	iters: 100, epoch: 7 | loss: 0.4438077
	speed: 0.4143s/iter; left time: 552.2974s
	iters: 200, epoch: 7 | loss: 0.4606679
	speed: 0.1349s/iter; left time: 166.3213s
	iters: 300, epoch: 7 | loss: 0.4577110
	speed: 0.1339s/iter; left time: 151.7645s
Epoch: 7 cost time: 48.23878359794617
Epoch: 7, Steps: 358 | Train Loss: 0.4492436 Vali Loss: 0.8279754 Test Loss: 1.0487008
EarlyStopping counter: 2 out of 3
Updating learning rate to 1.5625e-06
	iters: 100, epoch: 8 | loss: 0.4418683
	speed: 0.4132s/iter; left time: 402.8441s
	iters: 200, epoch: 8 | loss: 0.4415472
	speed: 0.1341s/iter; left time: 117.2987s
	iters: 300, epoch: 8 | loss: 0.4701972
	speed: 0.1339s/iter; left time: 103.7740s
Epoch: 8 cost time: 47.90683555603027
Epoch: 8, Steps: 358 | Train Loss: 0.4445565 Vali Loss: 0.8189948 Test Loss: 1.0418140
EarlyStopping counter: 3 out of 3
Early stopping
>>>>>>>testing : traffic_720_Informer_custom_ftM_sl96_ll48_pl720_dm512_nh8_el2_dl1_df2048_fc3_ebtimeF_dtTrue_Exp_0_seed15227<<<<<<<<<<<<<<<<<<<<<<<<<<<<<<<<<
test 2789
mse:1.0802477598190308, mae:0.5989697575569153
