Args in experiment:
Namespace(activation='gelu', batch_size=32, c_out=7, checkpoints='./checkpoints/', d_ff=2048, d_layers=1, d_model=512, data='custom', data_path='national_illness.csv', dec_in=7, des='Exp', devices='0,1,2,3', distil=True, do_predict=False, dropout=0.05, e_layers=2, embed='timeF', embed_type=0, enc_in=7, factor=3, features='M', freq='h', gpu=0, individual=False, is_training=1, itr=1, label_len=18, learning_rate=0.0001, loss='mse', lradj='type1', model='Informer', model_id='ili_48', moving_avg=25, n_heads=8, num_workers=0, output_attention=False, patience=3, pred_len=48, root_path='./dataset/', seed=28649, seq_len=36, target='OT', test_flop=False, train_epochs=10, train_only=False, use_amp=False, use_gpu=True, use_multi_gpu=False)
Use GPU: cuda:0
>>>>>>>start training : ili_48_Informer_custom_ftM_sl36_ll18_pl48_dm512_nh8_el2_dl1_df2048_fc3_ebtimeF_dtTrue_Exp_0_seed28649>>>>>>>>>>>>>>>>>>>>>>>>>>
train 593
val 50
test 146
Epoch: 1 cost time: 3.481658935546875
Epoch: 1, Steps: 18 | Train Loss: 0.7488128 Vali Loss: 0.3669097 Test Loss: 4.7023172
Validation loss decreased (inf --> 0.366910).  Saving model ...
Updating learning rate to 0.0001
Epoch: 2 cost time: 0.3478515148162842
Epoch: 2, Steps: 18 | Train Loss: 0.5134391 Vali Loss: 0.3208726 Test Loss: 5.0524879
Validation loss decreased (0.366910 --> 0.320873).  Saving model ...
Updating learning rate to 5e-05
Epoch: 3 cost time: 0.3430507183074951
Epoch: 3, Steps: 18 | Train Loss: 0.4155335 Vali Loss: 0.2801206 Test Loss: 4.8716927
Validation loss decreased (0.320873 --> 0.280121).  Saving model ...
Updating learning rate to 2.5e-05
Epoch: 4 cost time: 0.35423707962036133
Epoch: 4, Steps: 18 | Train Loss: 0.3846665 Vali Loss: 0.2218575 Test Loss: 5.0910392
Validation loss decreased (0.280121 --> 0.221858).  Saving model ...
Updating learning rate to 1.25e-05
Epoch: 5 cost time: 0.36290574073791504
Epoch: 5, Steps: 18 | Train Loss: 0.3698911 Vali Loss: 0.2442024 Test Loss: 4.9541221
EarlyStopping counter: 1 out of 3
Updating learning rate to 6.25e-06
Epoch: 6 cost time: 0.351823091506958
Epoch: 6, Steps: 18 | Train Loss: 0.3511181 Vali Loss: 0.2223884 Test Loss: 5.0490599
EarlyStopping counter: 2 out of 3
Updating learning rate to 3.125e-06
Epoch: 7 cost time: 0.36181211471557617
Epoch: 7, Steps: 18 | Train Loss: 0.3561671 Vali Loss: 0.2196736 Test Loss: 5.0259485
Validation loss decreased (0.221858 --> 0.219674).  Saving model ...
Updating learning rate to 1.5625e-06
Epoch: 8 cost time: 0.35680651664733887
Epoch: 8, Steps: 18 | Train Loss: 0.3481840 Vali Loss: 0.2335964 Test Loss: 4.9929934
EarlyStopping counter: 1 out of 3
Updating learning rate to 7.8125e-07
Epoch: 9 cost time: 0.3637828826904297
Epoch: 9, Steps: 18 | Train Loss: 0.3472097 Vali Loss: 0.2287425 Test Loss: 4.9828773
EarlyStopping counter: 2 out of 3
Updating learning rate to 3.90625e-07
Epoch: 10 cost time: 0.3683304786682129
Epoch: 10, Steps: 18 | Train Loss: 0.3471419 Vali Loss: 0.2175061 Test Loss: 4.9863396
Validation loss decreased (0.219674 --> 0.217506).  Saving model ...
Updating learning rate to 1.953125e-07
>>>>>>>testing : ili_48_Informer_custom_ftM_sl36_ll18_pl48_dm512_nh8_el2_dl1_df2048_fc3_ebtimeF_dtTrue_Exp_0_seed28649<<<<<<<<<<<<<<<<<<<<<<<<<<<<<<<<<
test 146
mse:5.043695449829102, mae:1.547872543334961
