Args in experiment:
Namespace(activation='gelu', batch_size=32, c_out=7, checkpoints='./checkpoints/', d_ff=2048, d_layers=1, d_model=512, data='ETTm1', data_path='ETTm1.csv', dec_in=7, des='Exp', devices='0,1,2,3', distil=True, do_predict=False, dropout=0.05, e_layers=2, embed='timeF', embed_type=0, enc_in=7, factor=3, features='M', freq='h', gpu=0, individual=False, is_training=1, itr=1, label_len=48, learning_rate=0.0001, loss='mse', lradj='type1', model='Informer', model_id='ETTm1_192', moving_avg=25, n_heads=8, num_workers=0, output_attention=False, patience=3, pred_len=192, root_path='./dataset/', seed=28649, seq_len=96, target='OT', test_flop=False, train_epochs=10, train_only=False, use_amp=False, use_gpu=True, use_multi_gpu=False)
Use GPU: cuda:0
>>>>>>>start training : ETTm1_192_Informer_ETTm1_ftM_sl96_ll48_pl192_dm512_nh8_el2_dl1_df2048_fc3_ebtimeF_dtTrue_Exp_0_seed28649>>>>>>>>>>>>>>>>>>>>>>>>>>
train 34273
val 11329
test 11329
	iters: 100, epoch: 1 | loss: 0.4873405
	speed: 0.0653s/iter; left time: 692.4207s
	iters: 200, epoch: 1 | loss: 0.5080211
	speed: 0.0328s/iter; left time: 344.6599s
	iters: 300, epoch: 1 | loss: 0.3407240
	speed: 0.0329s/iter; left time: 342.2041s
	iters: 400, epoch: 1 | loss: 0.3376345
	speed: 0.0328s/iter; left time: 338.5165s
	iters: 500, epoch: 1 | loss: 0.3162550
	speed: 0.0331s/iter; left time: 338.4860s
	iters: 600, epoch: 1 | loss: 0.2827650
	speed: 0.0332s/iter; left time: 335.9998s
	iters: 700, epoch: 1 | loss: 0.3203866
	speed: 0.0329s/iter; left time: 328.8669s
	iters: 800, epoch: 1 | loss: 0.2995845
	speed: 0.0331s/iter; left time: 327.9729s
	iters: 900, epoch: 1 | loss: 0.2594203
	speed: 0.0332s/iter; left time: 325.4237s
	iters: 1000, epoch: 1 | loss: 0.2550028
	speed: 0.0332s/iter; left time: 322.3004s
Epoch: 1 cost time: 38.614768743515015
Epoch: 1, Steps: 1071 | Train Loss: 0.3490576 Vali Loss: 0.8154719 Test Loss: 0.8095861
Validation loss decreased (inf --> 0.815472).  Saving model ...
Updating learning rate to 0.0001
	iters: 100, epoch: 2 | loss: 0.2938425
	speed: 0.1443s/iter; left time: 1376.1577s
	iters: 200, epoch: 2 | loss: 0.2561933
	speed: 0.0331s/iter; left time: 312.2753s
	iters: 300, epoch: 2 | loss: 0.2377305
	speed: 0.0329s/iter; left time: 307.7159s
	iters: 400, epoch: 2 | loss: 0.2483933
	speed: 0.0331s/iter; left time: 305.8478s
	iters: 500, epoch: 2 | loss: 0.2267492
	speed: 0.0330s/iter; left time: 301.5293s
	iters: 600, epoch: 2 | loss: 0.2786177
	speed: 0.0331s/iter; left time: 299.3966s
	iters: 700, epoch: 2 | loss: 0.2608510
	speed: 0.0330s/iter; left time: 295.2626s
	iters: 800, epoch: 2 | loss: 0.2549495
	speed: 0.0330s/iter; left time: 291.2981s
	iters: 900, epoch: 2 | loss: 0.2268605
	speed: 0.0329s/iter; left time: 287.6387s
	iters: 1000, epoch: 2 | loss: 0.2398421
	speed: 0.0330s/iter; left time: 284.7206s
Epoch: 2 cost time: 35.36200499534607
Epoch: 2, Steps: 1071 | Train Loss: 0.2578319 Vali Loss: 0.8760934 Test Loss: 0.9081652
EarlyStopping counter: 1 out of 3
Updating learning rate to 5e-05
	iters: 100, epoch: 3 | loss: 0.1981225
	speed: 0.1436s/iter; left time: 1216.0680s
	iters: 200, epoch: 3 | loss: 0.1937928
	speed: 0.0343s/iter; left time: 286.8449s
	iters: 300, epoch: 3 | loss: 0.2042011
	speed: 0.0341s/iter; left time: 282.3664s
	iters: 400, epoch: 3 | loss: 0.2119411
	speed: 0.0338s/iter; left time: 276.4991s
	iters: 500, epoch: 3 | loss: 0.1923838
	speed: 0.0340s/iter; left time: 274.0767s
	iters: 600, epoch: 3 | loss: 0.2033967
	speed: 0.0338s/iter; left time: 269.6919s
	iters: 700, epoch: 3 | loss: 0.1816302
	speed: 0.0333s/iter; left time: 262.3454s
	iters: 800, epoch: 3 | loss: 0.2000656
	speed: 0.0329s/iter; left time: 255.6048s
	iters: 900, epoch: 3 | loss: 0.1719719
	speed: 0.0330s/iter; left time: 252.8152s
	iters: 1000, epoch: 3 | loss: 0.1837242
	speed: 0.0331s/iter; left time: 250.6764s
Epoch: 3 cost time: 36.00212049484253
Epoch: 3, Steps: 1071 | Train Loss: 0.2027660 Vali Loss: 0.9414777 Test Loss: 0.9410949
EarlyStopping counter: 2 out of 3
Updating learning rate to 2.5e-05
	iters: 100, epoch: 4 | loss: 0.1880982
	speed: 0.1418s/iter; left time: 1049.2728s
	iters: 200, epoch: 4 | loss: 0.1981579
	speed: 0.0333s/iter; left time: 242.8781s
	iters: 300, epoch: 4 | loss: 0.1799214
	speed: 0.0331s/iter; left time: 238.2655s
	iters: 400, epoch: 4 | loss: 0.1806358
	speed: 0.0330s/iter; left time: 234.1014s
	iters: 500, epoch: 4 | loss: 0.1864525
	speed: 0.0330s/iter; left time: 231.2714s
	iters: 600, epoch: 4 | loss: 0.1716639
	speed: 0.0330s/iter; left time: 227.9095s
	iters: 700, epoch: 4 | loss: 0.1720295
	speed: 0.0332s/iter; left time: 225.6798s
	iters: 800, epoch: 4 | loss: 0.1668772
	speed: 0.0330s/iter; left time: 221.3549s
	iters: 900, epoch: 4 | loss: 0.1571447
	speed: 0.0332s/iter; left time: 219.0992s
	iters: 1000, epoch: 4 | loss: 0.1617108
	speed: 0.0330s/iter; left time: 214.2882s
Epoch: 4 cost time: 35.447593212127686
Epoch: 4, Steps: 1071 | Train Loss: 0.1737704 Vali Loss: 0.9483700 Test Loss: 0.9416119
EarlyStopping counter: 3 out of 3
Early stopping
>>>>>>>testing : ETTm1_192_Informer_ETTm1_ftM_sl96_ll48_pl192_dm512_nh8_el2_dl1_df2048_fc3_ebtimeF_dtTrue_Exp_0_seed28649<<<<<<<<<<<<<<<<<<<<<<<<<<<<<<<<<
test 11329
mse:0.81014084815979, mae:0.6837016940116882
