Args in experiment:
Namespace(activation='gelu', batch_size=32, c_out=7, checkpoints='./checkpoints/', d_ff=2048, d_layers=1, d_model=512, data='ETTm2', data_path='ETTm2.csv', dec_in=7, des='Exp', devices='0,1,2,3', distil=True, do_predict=False, dropout=0.05, e_layers=2, embed='timeF', embed_type=0, enc_in=7, factor=3, features='M', freq='h', gpu=0, individual=False, is_training=1, itr=1, label_len=48, learning_rate=0.0001, loss='mse', lradj='type1', model='Informer', model_id='ETTm2_720', moving_avg=25, n_heads=8, num_workers=0, output_attention=False, patience=3, pred_len=720, root_path='./dataset/', seed=15349, seq_len=96, target='OT', test_flop=False, train_epochs=10, train_only=False, use_amp=False, use_gpu=True, use_multi_gpu=False)
Use GPU: cuda:0
>>>>>>>start training : ETTm2_720_Informer_ETTm2_ftM_sl96_ll48_pl720_dm512_nh8_el2_dl1_df2048_fc3_ebtimeF_dtTrue_Exp_0_seed15349>>>>>>>>>>>>>>>>>>>>>>>>>>
train 33745
val 10801
test 10801
	iters: 100, epoch: 1 | loss: 0.3708166
	speed: 0.0969s/iter; left time: 1011.7398s
	iters: 200, epoch: 1 | loss: 0.2671106
	speed: 0.0665s/iter; left time: 687.4423s
	iters: 300, epoch: 1 | loss: 0.2820288
	speed: 0.0668s/iter; left time: 684.4758s
	iters: 400, epoch: 1 | loss: 0.2603184
	speed: 0.0669s/iter; left time: 678.7628s
	iters: 500, epoch: 1 | loss: 0.3135240
	speed: 0.0661s/iter; left time: 663.4448s
	iters: 600, epoch: 1 | loss: 0.3079292
	speed: 0.0651s/iter; left time: 647.3261s
	iters: 700, epoch: 1 | loss: 0.4593164
	speed: 0.0656s/iter; left time: 645.2809s
	iters: 800, epoch: 1 | loss: 0.2355512
	speed: 0.0653s/iter; left time: 635.6285s
	iters: 900, epoch: 1 | loss: 0.1999932
	speed: 0.0652s/iter; left time: 628.4446s
	iters: 1000, epoch: 1 | loss: 0.2222036
	speed: 0.0653s/iter; left time: 623.0767s
Epoch: 1 cost time: 72.54266786575317
Epoch: 1, Steps: 1054 | Train Loss: 0.3216548 Vali Loss: 0.8562498 Test Loss: 4.0524707
Validation loss decreased (inf --> 0.856250).  Saving model ...
Updating learning rate to 0.0001
	iters: 100, epoch: 2 | loss: 0.2516565
	speed: 0.2829s/iter; left time: 2655.4645s
	iters: 200, epoch: 2 | loss: 0.2266669
	speed: 0.0656s/iter; left time: 608.9649s
	iters: 300, epoch: 2 | loss: 0.2222768
	speed: 0.0656s/iter; left time: 602.2290s
	iters: 400, epoch: 2 | loss: 0.1817167
	speed: 0.0655s/iter; left time: 594.8878s
	iters: 500, epoch: 2 | loss: 0.2207367
	speed: 0.0656s/iter; left time: 589.1863s
	iters: 600, epoch: 2 | loss: 0.1972435
	speed: 0.0661s/iter; left time: 587.3940s
	iters: 700, epoch: 2 | loss: 0.1701400
	speed: 0.0666s/iter; left time: 585.3176s
	iters: 800, epoch: 2 | loss: 0.2334666
	speed: 0.0660s/iter; left time: 573.4327s
	iters: 900, epoch: 2 | loss: 0.1866406
	speed: 0.0661s/iter; left time: 567.6427s
	iters: 1000, epoch: 2 | loss: 0.1434999
	speed: 0.0659s/iter; left time: 559.6723s
Epoch: 2 cost time: 69.38224959373474
Epoch: 2, Steps: 1054 | Train Loss: 0.2132644 Vali Loss: 0.9753572 Test Loss: 3.1068885
EarlyStopping counter: 1 out of 3
Updating learning rate to 5e-05
	iters: 100, epoch: 3 | loss: 0.1987422
	speed: 0.2798s/iter; left time: 2331.6837s
	iters: 200, epoch: 3 | loss: 0.1719378
	speed: 0.0653s/iter; left time: 537.3048s
	iters: 300, epoch: 3 | loss: 0.1578850
	speed: 0.0654s/iter; left time: 532.1909s
	iters: 400, epoch: 3 | loss: 0.1981549
	speed: 0.0655s/iter; left time: 526.1279s
	iters: 500, epoch: 3 | loss: 0.1584199
	speed: 0.0653s/iter; left time: 518.4120s
	iters: 600, epoch: 3 | loss: 0.2153133
	speed: 0.0653s/iter; left time: 511.4926s
	iters: 700, epoch: 3 | loss: 0.1646114
	speed: 0.0652s/iter; left time: 504.0554s
	iters: 800, epoch: 3 | loss: 0.1474266
	speed: 0.0651s/iter; left time: 497.0877s
	iters: 900, epoch: 3 | loss: 0.1846218
	speed: 0.0651s/iter; left time: 490.2603s
	iters: 1000, epoch: 3 | loss: 0.1650947
	speed: 0.0652s/iter; left time: 484.8988s
Epoch: 3 cost time: 68.88702011108398
Epoch: 3, Steps: 1054 | Train Loss: 0.1677903 Vali Loss: 0.9841059 Test Loss: 3.1283319
EarlyStopping counter: 2 out of 3
Updating learning rate to 2.5e-05
	iters: 100, epoch: 4 | loss: 0.1354060
	speed: 0.2820s/iter; left time: 2052.4120s
	iters: 200, epoch: 4 | loss: 0.1334723
	speed: 0.0657s/iter; left time: 471.5573s
	iters: 300, epoch: 4 | loss: 0.1421043
	speed: 0.0653s/iter; left time: 462.1334s
	iters: 400, epoch: 4 | loss: 0.1343214
	speed: 0.0654s/iter; left time: 456.4203s
	iters: 500, epoch: 4 | loss: 0.1540650
	speed: 0.0655s/iter; left time: 450.5995s
	iters: 600, epoch: 4 | loss: 0.1585461
	speed: 0.0654s/iter; left time: 443.2305s
	iters: 700, epoch: 4 | loss: 0.1524377
	speed: 0.0651s/iter; left time: 434.9216s
	iters: 800, epoch: 4 | loss: 0.1547285
	speed: 0.0652s/iter; left time: 429.2439s
	iters: 900, epoch: 4 | loss: 0.1414722
	speed: 0.0651s/iter; left time: 421.8910s
	iters: 1000, epoch: 4 | loss: 0.1367371
	speed: 0.0652s/iter; left time: 415.7425s
Epoch: 4 cost time: 68.9291660785675
Epoch: 4, Steps: 1054 | Train Loss: 0.1486112 Vali Loss: 1.0692602 Test Loss: 3.0231669
EarlyStopping counter: 3 out of 3
Early stopping
>>>>>>>testing : ETTm2_720_Informer_ETTm2_ftM_sl96_ll48_pl720_dm512_nh8_el2_dl1_df2048_fc3_ebtimeF_dtTrue_Exp_0_seed15349<<<<<<<<<<<<<<<<<<<<<<<<<<<<<<<<<
test 10801
mse:4.053391456604004, mae:1.5305413007736206
