Args in experiment:
Namespace(activation='gelu', batch_size=32, c_out=7, checkpoints='./checkpoints/', d_ff=2048, d_layers=1, d_model=512, data='ETTm1', data_path='ETTm1.csv', dec_in=7, des='Exp', devices='0,1,2,3', distil=True, do_predict=False, dropout=0.05, e_layers=2, embed='timeF', embed_type=0, enc_in=7, factor=3, features='M', freq='h', gpu=0, individual=False, is_training=1, itr=1, label_len=48, learning_rate=0.0001, loss='mse', lradj='type1', model='Informer', model_id='ETTm1_336', moving_avg=25, n_heads=8, num_workers=0, output_attention=False, patience=3, pred_len=336, root_path='./dataset/', seed=28649, seq_len=96, target='OT', test_flop=False, train_epochs=10, train_only=False, use_amp=False, use_gpu=True, use_multi_gpu=False)
Use GPU: cuda:0
>>>>>>>start training : ETTm1_336_Informer_ETTm1_ftM_sl96_ll48_pl336_dm512_nh8_el2_dl1_df2048_fc3_ebtimeF_dtTrue_Exp_0_seed28649>>>>>>>>>>>>>>>>>>>>>>>>>>
train 34129
val 11185
test 11185
	iters: 100, epoch: 1 | loss: 0.4375674
	speed: 0.0714s/iter; left time: 754.0594s
	iters: 200, epoch: 1 | loss: 0.4475323
	speed: 0.0423s/iter; left time: 442.2616s
	iters: 300, epoch: 1 | loss: 0.4225464
	speed: 0.0430s/iter; left time: 445.8763s
	iters: 400, epoch: 1 | loss: 0.3960080
	speed: 0.0431s/iter; left time: 441.7936s
	iters: 500, epoch: 1 | loss: 0.3814301
	speed: 0.0426s/iter; left time: 433.1449s
	iters: 600, epoch: 1 | loss: 0.3588255
	speed: 0.0428s/iter; left time: 431.0346s
	iters: 700, epoch: 1 | loss: 0.3244617
	speed: 0.0432s/iter; left time: 429.9695s
	iters: 800, epoch: 1 | loss: 0.3324486
	speed: 0.0432s/iter; left time: 426.1770s
	iters: 900, epoch: 1 | loss: 0.2782588
	speed: 0.0419s/iter; left time: 409.3116s
	iters: 1000, epoch: 1 | loss: 0.3275898
	speed: 0.0413s/iter; left time: 399.2503s
Epoch: 1 cost time: 48.24493074417114
Epoch: 1, Steps: 1066 | Train Loss: 0.3900022 Vali Loss: 1.0018085 Test Loss: 1.1761227
Validation loss decreased (inf --> 1.001809).  Saving model ...
Updating learning rate to 0.0001
	iters: 100, epoch: 2 | loss: 0.2917781
	speed: 0.1810s/iter; left time: 1718.2496s
	iters: 200, epoch: 2 | loss: 0.2856058
	speed: 0.0413s/iter; left time: 387.5502s
	iters: 300, epoch: 2 | loss: 0.2496005
	speed: 0.0416s/iter; left time: 386.4566s
	iters: 400, epoch: 2 | loss: 0.2657691
	speed: 0.0415s/iter; left time: 381.7223s
	iters: 500, epoch: 2 | loss: 0.2544652
	speed: 0.0414s/iter; left time: 376.2102s
	iters: 600, epoch: 2 | loss: 0.2769047
	speed: 0.0415s/iter; left time: 373.0461s
	iters: 700, epoch: 2 | loss: 0.2485153
	speed: 0.0416s/iter; left time: 369.6156s
	iters: 800, epoch: 2 | loss: 0.2298860
	speed: 0.0417s/iter; left time: 366.8839s
	iters: 900, epoch: 2 | loss: 0.2441829
	speed: 0.0417s/iter; left time: 362.1485s
	iters: 1000, epoch: 2 | loss: 0.2501011
	speed: 0.0414s/iter; left time: 355.8912s
Epoch: 2 cost time: 44.24407458305359
Epoch: 2, Steps: 1066 | Train Loss: 0.2709399 Vali Loss: 1.0474592 Test Loss: 1.0966504
EarlyStopping counter: 1 out of 3
Updating learning rate to 5e-05
	iters: 100, epoch: 3 | loss: 0.2280875
	speed: 0.1779s/iter; left time: 1499.6223s
	iters: 200, epoch: 3 | loss: 0.2190626
	speed: 0.0417s/iter; left time: 347.0773s
	iters: 300, epoch: 3 | loss: 0.2524678
	speed: 0.0415s/iter; left time: 341.6184s
	iters: 400, epoch: 3 | loss: 0.2119438
	speed: 0.0422s/iter; left time: 343.2094s
	iters: 500, epoch: 3 | loss: 0.2069754
	speed: 0.0426s/iter; left time: 342.0927s
	iters: 600, epoch: 3 | loss: 0.2124275
	speed: 0.0422s/iter; left time: 334.8470s
	iters: 700, epoch: 3 | loss: 0.2160134
	speed: 0.0424s/iter; left time: 332.0079s
	iters: 800, epoch: 3 | loss: 0.2083183
	speed: 0.0426s/iter; left time: 328.9914s
	iters: 900, epoch: 3 | loss: 0.1897623
	speed: 0.0425s/iter; left time: 324.3429s
	iters: 1000, epoch: 3 | loss: 0.1885049
	speed: 0.0424s/iter; left time: 319.5377s
Epoch: 3 cost time: 44.91849756240845
Epoch: 3, Steps: 1066 | Train Loss: 0.2144575 Vali Loss: 1.1188197 Test Loss: 1.1067644
EarlyStopping counter: 2 out of 3
Updating learning rate to 2.5e-05
	iters: 100, epoch: 4 | loss: 0.1911087
	speed: 0.1780s/iter; left time: 1310.4173s
	iters: 200, epoch: 4 | loss: 0.1810011
	speed: 0.0416s/iter; left time: 302.1904s
	iters: 300, epoch: 4 | loss: 0.1870143
	speed: 0.0414s/iter; left time: 296.6956s
	iters: 400, epoch: 4 | loss: 0.1945128
	speed: 0.0414s/iter; left time: 292.5517s
	iters: 500, epoch: 4 | loss: 0.1829094
	speed: 0.0413s/iter; left time: 287.7585s
	iters: 600, epoch: 4 | loss: 0.1806807
	speed: 0.0415s/iter; left time: 284.4820s
	iters: 700, epoch: 4 | loss: 0.1944286
	speed: 0.0417s/iter; left time: 282.1629s
	iters: 800, epoch: 4 | loss: 0.1722040
	speed: 0.0417s/iter; left time: 277.9528s
	iters: 900, epoch: 4 | loss: 0.1731907
	speed: 0.0418s/iter; left time: 274.1846s
	iters: 1000, epoch: 4 | loss: 0.1833973
	speed: 0.0415s/iter; left time: 268.0721s
Epoch: 4 cost time: 44.255829095840454
Epoch: 4, Steps: 1066 | Train Loss: 0.1863849 Vali Loss: 1.1369987 Test Loss: 1.1719413
EarlyStopping counter: 3 out of 3
Early stopping
>>>>>>>testing : ETTm1_336_Informer_ETTm1_ftM_sl96_ll48_pl336_dm512_nh8_el2_dl1_df2048_fc3_ebtimeF_dtTrue_Exp_0_seed28649<<<<<<<<<<<<<<<<<<<<<<<<<<<<<<<<<
test 11185
mse:1.1757428646087646, mae:0.8563967347145081
