Args in experiment:
Namespace(activation='gelu', batch_size=32, c_out=7, checkpoints='./checkpoints/', d_ff=2048, d_layers=1, d_model=512, data='ETTm2', data_path='ETTm2.csv', dec_in=7, des='Exp', devices='0,1,2,3', distil=True, do_predict=False, dropout=0.05, e_layers=2, embed='timeF', embed_type=0, enc_in=7, factor=3, features='M', freq='h', gpu=0, individual=False, is_training=1, itr=1, label_len=48, learning_rate=0.0001, loss='mse', lradj='type1', model='Informer', model_id='ETTm2_336', moving_avg=25, n_heads=8, num_workers=0, output_attention=False, patience=3, pred_len=336, root_path='./dataset/', seed=15726, seq_len=96, target='OT', test_flop=False, train_epochs=10, train_only=False, use_amp=False, use_gpu=True, use_multi_gpu=False)
Use GPU: cuda:0
>>>>>>>start training : ETTm2_336_Informer_ETTm2_ftM_sl96_ll48_pl336_dm512_nh8_el2_dl1_df2048_fc3_ebtimeF_dtTrue_Exp_0_seed15726>>>>>>>>>>>>>>>>>>>>>>>>>>
train 34129
val 11185
test 11185
	iters: 100, epoch: 1 | loss: 0.2537693
	speed: 0.0733s/iter; left time: 774.3624s
	iters: 200, epoch: 1 | loss: 0.3048409
	speed: 0.0421s/iter; left time: 439.9644s
	iters: 300, epoch: 1 | loss: 0.4026756
	speed: 0.0414s/iter; left time: 428.6141s
	iters: 400, epoch: 1 | loss: 0.2209013
	speed: 0.0412s/iter; left time: 422.7684s
	iters: 500, epoch: 1 | loss: 0.3877434
	speed: 0.0412s/iter; left time: 418.3806s
	iters: 600, epoch: 1 | loss: 0.2277973
	speed: 0.0412s/iter; left time: 414.1566s
	iters: 700, epoch: 1 | loss: 0.2647434
	speed: 0.0414s/iter; left time: 412.7858s
	iters: 800, epoch: 1 | loss: 0.3214825
	speed: 0.0415s/iter; left time: 409.5106s
	iters: 900, epoch: 1 | loss: 0.2708488
	speed: 0.0414s/iter; left time: 404.2370s
	iters: 1000, epoch: 1 | loss: 0.3513681
	speed: 0.0412s/iter; left time: 397.8493s
Epoch: 1 cost time: 47.33034324645996
Epoch: 1, Steps: 1066 | Train Loss: 0.2851593 Vali Loss: 0.5585531 Test Loss: 1.4165088
Validation loss decreased (inf --> 0.558553).  Saving model ...
Updating learning rate to 0.0001
	iters: 100, epoch: 2 | loss: 0.1990591
	speed: 0.1804s/iter; left time: 1712.9500s
	iters: 200, epoch: 2 | loss: 0.1982038
	speed: 0.0416s/iter; left time: 390.8452s
	iters: 300, epoch: 2 | loss: 0.1902043
	speed: 0.0416s/iter; left time: 386.7681s
	iters: 400, epoch: 2 | loss: 0.2253681
	speed: 0.0412s/iter; left time: 378.4956s
	iters: 500, epoch: 2 | loss: 0.2339882
	speed: 0.0411s/iter; left time: 374.0856s
	iters: 600, epoch: 2 | loss: 0.1665901
	speed: 0.0411s/iter; left time: 369.9939s
	iters: 700, epoch: 2 | loss: 0.1669372
	speed: 0.0411s/iter; left time: 365.5956s
	iters: 800, epoch: 2 | loss: 0.1420259
	speed: 0.0411s/iter; left time: 361.2628s
	iters: 900, epoch: 2 | loss: 0.1640683
	speed: 0.0411s/iter; left time: 357.3913s
	iters: 1000, epoch: 2 | loss: 0.1615269
	speed: 0.0413s/iter; left time: 354.7238s
Epoch: 2 cost time: 44.10545539855957
Epoch: 2, Steps: 1066 | Train Loss: 0.1985614 Vali Loss: 0.6139540 Test Loss: 1.3172350
EarlyStopping counter: 1 out of 3
Updating learning rate to 5e-05
	iters: 100, epoch: 3 | loss: 0.1732315
	speed: 0.1824s/iter; left time: 1537.3782s
	iters: 200, epoch: 3 | loss: 0.1468473
	speed: 0.0430s/iter; left time: 358.2095s
	iters: 300, epoch: 3 | loss: 0.1336055
	speed: 0.0432s/iter; left time: 355.3560s
	iters: 400, epoch: 3 | loss: 0.1295589
	speed: 0.0425s/iter; left time: 345.7226s
	iters: 500, epoch: 3 | loss: 0.1480112
	speed: 0.0418s/iter; left time: 335.3477s
	iters: 600, epoch: 3 | loss: 0.1324015
	speed: 0.0414s/iter; left time: 328.1580s
	iters: 700, epoch: 3 | loss: 0.1432220
	speed: 0.0414s/iter; left time: 323.8386s
	iters: 800, epoch: 3 | loss: 0.1343436
	speed: 0.0412s/iter; left time: 318.7648s
	iters: 900, epoch: 3 | loss: 0.1118469
	speed: 0.0413s/iter; left time: 315.0431s
	iters: 1000, epoch: 3 | loss: 0.1134841
	speed: 0.0414s/iter; left time: 312.0759s
Epoch: 3 cost time: 44.75738596916199
Epoch: 3, Steps: 1066 | Train Loss: 0.1504442 Vali Loss: 0.7287050 Test Loss: 1.5070355
EarlyStopping counter: 2 out of 3
Updating learning rate to 2.5e-05
	iters: 100, epoch: 4 | loss: 0.1193205
	speed: 0.1779s/iter; left time: 1309.6048s
	iters: 200, epoch: 4 | loss: 0.1124681
	speed: 0.0414s/iter; left time: 300.6601s
	iters: 300, epoch: 4 | loss: 0.1209764
	speed: 0.0414s/iter; left time: 296.5855s
	iters: 400, epoch: 4 | loss: 0.1240966
	speed: 0.0415s/iter; left time: 292.7756s
	iters: 500, epoch: 4 | loss: 0.1139177
	speed: 0.0414s/iter; left time: 287.9564s
	iters: 600, epoch: 4 | loss: 0.1090853
	speed: 0.0413s/iter; left time: 283.5143s
	iters: 700, epoch: 4 | loss: 0.1214113
	speed: 0.0415s/iter; left time: 280.3956s
	iters: 800, epoch: 4 | loss: 0.1171149
	speed: 0.0414s/iter; left time: 276.1177s
	iters: 900, epoch: 4 | loss: 0.1091518
	speed: 0.0416s/iter; left time: 272.7627s
	iters: 1000, epoch: 4 | loss: 0.1333276
	speed: 0.0413s/iter; left time: 266.9419s
Epoch: 4 cost time: 44.12561535835266
Epoch: 4, Steps: 1066 | Train Loss: 0.1271791 Vali Loss: 0.7458159 Test Loss: 1.6627668
EarlyStopping counter: 3 out of 3
Early stopping
>>>>>>>testing : ETTm2_336_Informer_ETTm2_ftM_sl96_ll48_pl336_dm512_nh8_el2_dl1_df2048_fc3_ebtimeF_dtTrue_Exp_0_seed15726<<<<<<<<<<<<<<<<<<<<<<<<<<<<<<<<<
test 11185
mse:1.417628288269043, mae:0.9247276186943054
