Args in experiment:
Namespace(activation='gelu', batch_size=32, c_out=7, checkpoints='./checkpoints/', d_ff=2048, d_layers=1, d_model=512, data='ETTh1', data_path='ETTh1.csv', dec_in=7, des='Exp', devices='0,1,2,3', distil=True, do_predict=False, dropout=0.05, e_layers=2, embed='timeF', embed_type=0, enc_in=7, factor=3, features='M', freq='h', gpu=0, individual=False, is_training=1, itr=1, label_len=48, learning_rate=0.0001, loss='mse', lradj='type1', model='Informer', model_id='ETTh1_192', moving_avg=25, n_heads=8, num_workers=0, output_attention=False, patience=3, pred_len=192, root_path='./dataset/', seed=15726, seq_len=96, target='OT', test_flop=False, train_epochs=10, train_only=False, use_amp=False, use_gpu=True, use_multi_gpu=False)
Use GPU: cuda:0
>>>>>>>start training : ETTh1_192_Informer_ETTh1_ftM_sl96_ll48_pl192_dm512_nh8_el2_dl1_df2048_fc3_ebtimeF_dtTrue_Exp_0_seed15726>>>>>>>>>>>>>>>>>>>>>>>>>>
train 8353
val 2689
test 2689
	iters: 100, epoch: 1 | loss: 0.5535802
	speed: 0.0630s/iter; left time: 158.2483s
	iters: 200, epoch: 1 | loss: 0.5073617
	speed: 0.0326s/iter; left time: 78.6209s
Epoch: 1 cost time: 11.577172756195068
Epoch: 1, Steps: 261 | Train Loss: 0.5446752 Vali Loss: 1.4665312 Test Loss: 0.9164580
Validation loss decreased (inf --> 1.466531).  Saving model ...
Updating learning rate to 0.0001
	iters: 100, epoch: 2 | loss: 0.5034790
	speed: 0.0755s/iter; left time: 169.8977s
	iters: 200, epoch: 2 | loss: 0.4628360
	speed: 0.0329s/iter; left time: 70.7902s
Epoch: 2 cost time: 8.588683128356934
Epoch: 2, Steps: 261 | Train Loss: 0.4644982 Vali Loss: 1.5766577 Test Loss: 1.1019299
EarlyStopping counter: 1 out of 3
Updating learning rate to 5e-05
	iters: 100, epoch: 3 | loss: 0.3953818
	speed: 0.0734s/iter; left time: 145.9409s
	iters: 200, epoch: 3 | loss: 0.4053170
	speed: 0.0332s/iter; left time: 62.6597s
Epoch: 3 cost time: 8.677525758743286
Epoch: 3, Steps: 261 | Train Loss: 0.4180715 Vali Loss: 1.6283015 Test Loss: 1.2478276
EarlyStopping counter: 2 out of 3
Updating learning rate to 2.5e-05
	iters: 100, epoch: 4 | loss: 0.4221950
	speed: 0.0754s/iter; left time: 130.2456s
	iters: 200, epoch: 4 | loss: 0.3833887
	speed: 0.0331s/iter; left time: 53.9147s
Epoch: 4 cost time: 8.717419624328613
Epoch: 4, Steps: 261 | Train Loss: 0.3998405 Vali Loss: 1.6586440 Test Loss: 1.3570540
EarlyStopping counter: 3 out of 3
Early stopping
>>>>>>>testing : ETTh1_192_Informer_ETTh1_ftM_sl96_ll48_pl192_dm512_nh8_el2_dl1_df2048_fc3_ebtimeF_dtTrue_Exp_0_seed15726<<<<<<<<<<<<<<<<<<<<<<<<<<<<<<<<<
test 2689
mse:0.917812705039978, mae:0.7306988835334778
