Args in experiment:
Namespace(activation='gelu', batch_size=32, c_out=7, checkpoints='./checkpoints/', d_ff=2048, d_layers=1, d_model=512, data='ETTm2', data_path='ETTm2.csv', dec_in=7, des='Exp', devices='0,1,2,3', distil=True, do_predict=False, dropout=0.05, e_layers=2, embed='timeF', embed_type=0, enc_in=7, factor=3, features='M', freq='h', gpu=0, individual=False, is_training=1, itr=1, label_len=48, learning_rate=0.0001, loss='mse', lradj='type1', model='Informer', model_id='ETTm2_192', moving_avg=25, n_heads=8, num_workers=0, output_attention=False, patience=3, pred_len=192, root_path='./dataset/', seed=25565, seq_len=96, target='OT', test_flop=False, train_epochs=10, train_only=False, use_amp=False, use_gpu=True, use_multi_gpu=False)
Use GPU: cuda:0
>>>>>>>start training : ETTm2_192_Informer_ETTm2_ftM_sl96_ll48_pl192_dm512_nh8_el2_dl1_df2048_fc3_ebtimeF_dtTrue_Exp_0_seed25565>>>>>>>>>>>>>>>>>>>>>>>>>>
train 34273
val 11329
test 11329
	iters: 100, epoch: 1 | loss: 0.3856784
	speed: 0.0659s/iter; left time: 699.3509s
	iters: 200, epoch: 1 | loss: 0.2826152
	speed: 0.0349s/iter; left time: 366.5325s
	iters: 300, epoch: 1 | loss: 0.3056310
	speed: 0.0345s/iter; left time: 359.2362s
	iters: 400, epoch: 1 | loss: 0.2851207
	speed: 0.0346s/iter; left time: 356.8133s
	iters: 500, epoch: 1 | loss: 0.3207484
	speed: 0.0346s/iter; left time: 353.7954s
	iters: 600, epoch: 1 | loss: 0.1964040
	speed: 0.0331s/iter; left time: 334.3386s
	iters: 700, epoch: 1 | loss: 0.2262035
	speed: 0.0330s/iter; left time: 330.6607s
	iters: 800, epoch: 1 | loss: 0.1769433
	speed: 0.0329s/iter; left time: 326.5327s
	iters: 900, epoch: 1 | loss: 0.2154185
	speed: 0.0328s/iter; left time: 321.8502s
	iters: 1000, epoch: 1 | loss: 0.1260886
	speed: 0.0328s/iter; left time: 318.4297s
Epoch: 1 cost time: 39.27637338638306
Epoch: 1, Steps: 1071 | Train Loss: 0.2598797 Vali Loss: 0.3384120 Test Loss: 0.5914437
Validation loss decreased (inf --> 0.338412).  Saving model ...
Updating learning rate to 0.0001
	iters: 100, epoch: 2 | loss: 0.2265678
	speed: 0.1436s/iter; left time: 1369.6655s
	iters: 200, epoch: 2 | loss: 0.3076565
	speed: 0.0332s/iter; left time: 313.7127s
	iters: 300, epoch: 2 | loss: 0.2529085
	speed: 0.0330s/iter; left time: 308.3157s
	iters: 400, epoch: 2 | loss: 0.1452403
	speed: 0.0331s/iter; left time: 305.6565s
	iters: 500, epoch: 2 | loss: 0.2763986
	speed: 0.0331s/iter; left time: 302.8518s
	iters: 600, epoch: 2 | loss: 0.2128152
	speed: 0.0333s/iter; left time: 300.6757s
	iters: 700, epoch: 2 | loss: 0.2050769
	speed: 0.0332s/iter; left time: 296.8442s
	iters: 800, epoch: 2 | loss: 0.1427721
	speed: 0.0332s/iter; left time: 293.2835s
	iters: 900, epoch: 2 | loss: 0.1502607
	speed: 0.0330s/iter; left time: 288.4739s
	iters: 1000, epoch: 2 | loss: 0.1898978
	speed: 0.0330s/iter; left time: 285.1052s
Epoch: 2 cost time: 35.446563482284546
Epoch: 2, Steps: 1071 | Train Loss: 0.1850833 Vali Loss: 0.4868090 Test Loss: 0.7918814
EarlyStopping counter: 1 out of 3
Updating learning rate to 5e-05
	iters: 100, epoch: 3 | loss: 0.1568601
	speed: 0.1415s/iter; left time: 1198.6064s
	iters: 200, epoch: 3 | loss: 0.1619852
	speed: 0.0330s/iter; left time: 276.2620s
	iters: 300, epoch: 3 | loss: 0.1231969
	speed: 0.0330s/iter; left time: 273.2058s
	iters: 400, epoch: 3 | loss: 0.1693788
	speed: 0.0331s/iter; left time: 270.4797s
	iters: 500, epoch: 3 | loss: 0.1145534
	speed: 0.0331s/iter; left time: 266.9643s
	iters: 600, epoch: 3 | loss: 0.1381694
	speed: 0.0333s/iter; left time: 265.6027s
	iters: 700, epoch: 3 | loss: 0.1298251
	speed: 0.0341s/iter; left time: 268.0882s
	iters: 800, epoch: 3 | loss: 0.1627001
	speed: 0.0339s/iter; left time: 263.7248s
	iters: 900, epoch: 3 | loss: 0.1372953
	speed: 0.0341s/iter; left time: 261.4969s
	iters: 1000, epoch: 3 | loss: 0.1094834
	speed: 0.0340s/iter; left time: 257.1883s
Epoch: 3 cost time: 35.88001465797424
Epoch: 3, Steps: 1071 | Train Loss: 0.1400834 Vali Loss: 0.5907440 Test Loss: 1.0104064
EarlyStopping counter: 2 out of 3
Updating learning rate to 2.5e-05
	iters: 100, epoch: 4 | loss: 0.1219602
	speed: 0.1447s/iter; left time: 1070.2218s
	iters: 200, epoch: 4 | loss: 0.1010535
	speed: 0.0334s/iter; left time: 243.9511s
	iters: 300, epoch: 4 | loss: 0.1192491
	speed: 0.0332s/iter; left time: 238.6807s
	iters: 400, epoch: 4 | loss: 0.1141745
	speed: 0.0331s/iter; left time: 234.9909s
	iters: 500, epoch: 4 | loss: 0.0992801
	speed: 0.0331s/iter; left time: 231.7467s
	iters: 600, epoch: 4 | loss: 0.1200577
	speed: 0.0331s/iter; left time: 228.3203s
	iters: 700, epoch: 4 | loss: 0.1069810
	speed: 0.0334s/iter; left time: 226.8306s
	iters: 800, epoch: 4 | loss: 0.0947500
	speed: 0.0333s/iter; left time: 223.1023s
	iters: 900, epoch: 4 | loss: 0.0987855
	speed: 0.0332s/iter; left time: 218.9180s
	iters: 1000, epoch: 4 | loss: 0.1242232
	speed: 0.0330s/iter; left time: 214.5005s
Epoch: 4 cost time: 35.64234375953674
Epoch: 4, Steps: 1071 | Train Loss: 0.1167966 Vali Loss: 0.6231444 Test Loss: 1.1163597
EarlyStopping counter: 3 out of 3
Early stopping
>>>>>>>testing : ETTm2_192_Informer_ETTm2_ftM_sl96_ll48_pl192_dm512_nh8_el2_dl1_df2048_fc3_ebtimeF_dtTrue_Exp_0_seed25565<<<<<<<<<<<<<<<<<<<<<<<<<<<<<<<<<
test 11329
mse:0.592283308506012, mae:0.5948966145515442
