Args in experiment:
Namespace(activation='gelu', batch_size=32, c_out=7, checkpoints='./checkpoints/', d_ff=2048, d_layers=1, d_model=512, data='ETTm2', data_path='ETTm2.csv', dec_in=7, des='Exp', devices='0,1,2,3', distil=True, do_predict=False, dropout=0.05, e_layers=2, embed='timeF', embed_type=0, enc_in=7, factor=3, features='M', freq='h', gpu=0, individual=False, is_training=1, itr=1, label_len=48, learning_rate=0.0001, loss='mse', lradj='type1', model='Informer', model_id='ETTm2_192', moving_avg=25, n_heads=8, num_workers=0, output_attention=False, patience=3, pred_len=192, root_path='./dataset/', seed=28649, seq_len=96, target='OT', test_flop=False, train_epochs=10, train_only=False, use_amp=False, use_gpu=True, use_multi_gpu=False)
Use GPU: cuda:0
>>>>>>>start training : ETTm2_192_Informer_ETTm2_ftM_sl96_ll48_pl192_dm512_nh8_el2_dl1_df2048_fc3_ebtimeF_dtTrue_Exp_0_seed28649>>>>>>>>>>>>>>>>>>>>>>>>>>
train 34273
val 11329
test 11329
	iters: 100, epoch: 1 | loss: 0.2783157
	speed: 0.0632s/iter; left time: 670.1322s
	iters: 200, epoch: 1 | loss: 0.2590150
	speed: 0.0331s/iter; left time: 348.3371s
	iters: 300, epoch: 1 | loss: 0.1956836
	speed: 0.0333s/iter; left time: 346.4427s
	iters: 400, epoch: 1 | loss: 0.2316928
	speed: 0.0330s/iter; left time: 340.4614s
	iters: 500, epoch: 1 | loss: 0.2122903
	speed: 0.0328s/iter; left time: 335.3335s
	iters: 600, epoch: 1 | loss: 0.2308912
	speed: 0.0328s/iter; left time: 331.9189s
	iters: 700, epoch: 1 | loss: 0.2118307
	speed: 0.0327s/iter; left time: 327.6178s
	iters: 800, epoch: 1 | loss: 0.1810540
	speed: 0.0328s/iter; left time: 325.2765s
	iters: 900, epoch: 1 | loss: 0.2916503
	speed: 0.0327s/iter; left time: 321.1322s
	iters: 1000, epoch: 1 | loss: 0.1898303
	speed: 0.0328s/iter; left time: 318.0478s
Epoch: 1 cost time: 38.27688550949097
Epoch: 1, Steps: 1071 | Train Loss: 0.2577732 Vali Loss: 0.4117384 Test Loss: 0.8464954
Validation loss decreased (inf --> 0.411738).  Saving model ...
Updating learning rate to 0.0001
	iters: 100, epoch: 2 | loss: 0.2185007
	speed: 0.1440s/iter; left time: 1373.6156s
	iters: 200, epoch: 2 | loss: 0.1996201
	speed: 0.0329s/iter; left time: 310.5044s
	iters: 300, epoch: 2 | loss: 0.1981721
	speed: 0.0328s/iter; left time: 306.4864s
	iters: 400, epoch: 2 | loss: 0.2530192
	speed: 0.0335s/iter; left time: 309.6171s
	iters: 500, epoch: 2 | loss: 0.1480625
	speed: 0.0341s/iter; left time: 311.6449s
	iters: 600, epoch: 2 | loss: 0.2113337
	speed: 0.0342s/iter; left time: 309.3712s
	iters: 700, epoch: 2 | loss: 0.2226509
	speed: 0.0348s/iter; left time: 310.7935s
	iters: 800, epoch: 2 | loss: 0.1736502
	speed: 0.0340s/iter; left time: 300.6928s
	iters: 900, epoch: 2 | loss: 0.2200232
	speed: 0.0343s/iter; left time: 299.5924s
	iters: 1000, epoch: 2 | loss: 0.1425068
	speed: 0.0343s/iter; left time: 296.3160s
Epoch: 2 cost time: 36.17594313621521
Epoch: 2, Steps: 1071 | Train Loss: 0.1852629 Vali Loss: 0.5572619 Test Loss: 0.9831445
EarlyStopping counter: 1 out of 3
Updating learning rate to 5e-05
	iters: 100, epoch: 3 | loss: 0.1967984
	speed: 0.1431s/iter; left time: 1211.6249s
	iters: 200, epoch: 3 | loss: 0.1216913
	speed: 0.0329s/iter; left time: 275.5971s
	iters: 300, epoch: 3 | loss: 0.1261495
	speed: 0.0332s/iter; left time: 274.6477s
	iters: 400, epoch: 3 | loss: 0.1296784
	speed: 0.0331s/iter; left time: 270.0280s
	iters: 500, epoch: 3 | loss: 0.1051509
	speed: 0.0332s/iter; left time: 268.1259s
	iters: 600, epoch: 3 | loss: 0.1487611
	speed: 0.0329s/iter; left time: 261.9448s
	iters: 700, epoch: 3 | loss: 0.1034761
	speed: 0.0329s/iter; left time: 258.5396s
	iters: 800, epoch: 3 | loss: 0.1688422
	speed: 0.0329s/iter; left time: 255.9176s
	iters: 900, epoch: 3 | loss: 0.1414588
	speed: 0.0327s/iter; left time: 251.0400s
	iters: 1000, epoch: 3 | loss: 0.0959177
	speed: 0.0328s/iter; left time: 247.9158s
Epoch: 3 cost time: 35.28671860694885
Epoch: 3, Steps: 1071 | Train Loss: 0.1395170 Vali Loss: 0.6193742 Test Loss: 1.3059630
EarlyStopping counter: 2 out of 3
Updating learning rate to 2.5e-05
	iters: 100, epoch: 4 | loss: 0.1320182
	speed: 0.1412s/iter; left time: 1044.7480s
	iters: 200, epoch: 4 | loss: 0.1703492
	speed: 0.0329s/iter; left time: 240.3236s
	iters: 300, epoch: 4 | loss: 0.1200236
	speed: 0.0329s/iter; left time: 236.5476s
	iters: 400, epoch: 4 | loss: 0.1242122
	speed: 0.0328s/iter; left time: 232.9616s
	iters: 500, epoch: 4 | loss: 0.1164005
	speed: 0.0328s/iter; left time: 229.8316s
	iters: 600, epoch: 4 | loss: 0.0827432
	speed: 0.0328s/iter; left time: 226.4233s
	iters: 700, epoch: 4 | loss: 0.1188276
	speed: 0.0327s/iter; left time: 222.5035s
	iters: 800, epoch: 4 | loss: 0.1050251
	speed: 0.0327s/iter; left time: 218.8449s
	iters: 900, epoch: 4 | loss: 0.1118236
	speed: 0.0327s/iter; left time: 215.4249s
	iters: 1000, epoch: 4 | loss: 0.1033340
	speed: 0.0326s/iter; left time: 212.1360s
Epoch: 4 cost time: 35.09537172317505
Epoch: 4, Steps: 1071 | Train Loss: 0.1163422 Vali Loss: 0.6203607 Test Loss: 1.2623420
EarlyStopping counter: 3 out of 3
Early stopping
>>>>>>>testing : ETTm2_192_Informer_ETTm2_ftM_sl96_ll48_pl192_dm512_nh8_el2_dl1_df2048_fc3_ebtimeF_dtTrue_Exp_0_seed28649<<<<<<<<<<<<<<<<<<<<<<<<<<<<<<<<<
test 11329
mse:0.8476161956787109, mae:0.7186095118522644
