Args in experiment:
Namespace(activation='gelu', batch_size=32, c_out=7, checkpoints='./checkpoints/', d_ff=2048, d_layers=1, d_model=512, data='custom', data_path='national_illness.csv', dec_in=7, des='Exp', devices='0,1,2,3', distil=True, do_predict=False, dropout=0.05, e_layers=2, embed='timeF', embed_type=0, enc_in=7, factor=3, features='M', freq='h', gpu=0, individual=False, is_training=1, itr=1, label_len=18, learning_rate=0.0001, loss='mse', lradj='type1', model='Informer', model_id='ili_24', moving_avg=25, n_heads=8, num_workers=0, output_attention=False, patience=3, pred_len=24, root_path='./dataset/', seed=10458, seq_len=36, target='OT', test_flop=False, train_epochs=10, train_only=False, use_amp=False, use_gpu=True, use_multi_gpu=False)
Use GPU: cuda:0
>>>>>>>start training : ili_24_Informer_custom_ftM_sl36_ll18_pl24_dm512_nh8_el2_dl1_df2048_fc3_ebtimeF_dtTrue_Exp_0_seed10458>>>>>>>>>>>>>>>>>>>>>>>>>>
train 617
val 74
test 170
Epoch: 1 cost time: 3.3535819053649902
Epoch: 1, Steps: 19 | Train Loss: 0.7423391 Vali Loss: 0.3308051 Test Loss: 4.8165412
Validation loss decreased (inf --> 0.330805).  Saving model ...
Updating learning rate to 0.0001
Epoch: 2 cost time: 0.31594276428222656
Epoch: 2, Steps: 19 | Train Loss: 0.4353920 Vali Loss: 0.2712876 Test Loss: 5.0525146
Validation loss decreased (0.330805 --> 0.271288).  Saving model ...
Updating learning rate to 5e-05
Epoch: 3 cost time: 0.3139498233795166
Epoch: 3, Steps: 19 | Train Loss: 0.3550908 Vali Loss: 0.2131051 Test Loss: 5.3195858
Validation loss decreased (0.271288 --> 0.213105).  Saving model ...
Updating learning rate to 2.5e-05
Epoch: 4 cost time: 0.32254648208618164
Epoch: 4, Steps: 19 | Train Loss: 0.3261647 Vali Loss: 0.2601241 Test Loss: 4.8613944
EarlyStopping counter: 1 out of 3
Updating learning rate to 1.25e-05
Epoch: 5 cost time: 0.31995344161987305
Epoch: 5, Steps: 19 | Train Loss: 0.3012015 Vali Loss: 0.2522876 Test Loss: 4.9772964
EarlyStopping counter: 2 out of 3
Updating learning rate to 6.25e-06
Epoch: 6 cost time: 0.31893324851989746
Epoch: 6, Steps: 19 | Train Loss: 0.2937633 Vali Loss: 0.2584889 Test Loss: 4.8273263
EarlyStopping counter: 3 out of 3
Early stopping
>>>>>>>testing : ili_24_Informer_custom_ftM_sl36_ll18_pl24_dm512_nh8_el2_dl1_df2048_fc3_ebtimeF_dtTrue_Exp_0_seed10458<<<<<<<<<<<<<<<<<<<<<<<<<<<<<<<<<
test 170
mse:5.538697242736816, mae:1.627860426902771
