Args in experiment:
Namespace(activation='gelu', batch_size=32, c_out=8, checkpoints='./checkpoints/', d_ff=2048, d_layers=1, d_model=512, data='custom', data_path='exchange_rate.csv', dec_in=8, des='Exp', devices='0,1,2,3', distil=True, do_predict=False, dropout=0.05, e_layers=2, embed='timeF', embed_type=0, enc_in=8, factor=3, features='M', freq='h', gpu=0, individual=False, is_training=1, itr=1, label_len=48, learning_rate=0.0001, loss='mse', lradj='type1', model='Informer', model_id='exchange_336', moving_avg=25, n_heads=8, num_workers=0, output_attention=False, patience=3, pred_len=336, root_path='./dataset/', seed=12890, seq_len=96, target='OT', test_flop=False, train_epochs=10, train_only=False, use_amp=False, use_gpu=True, use_multi_gpu=False)
Use GPU: cuda:0
>>>>>>>start training : exchange_336_Informer_custom_ftM_sl96_ll48_pl336_dm512_nh8_el2_dl1_df2048_fc3_ebtimeF_dtTrue_Exp_0_seed12890>>>>>>>>>>>>>>>>>>>>>>>>>>
train 4880
val 425
test 1182
	iters: 100, epoch: 1 | loss: 0.1808516
	speed: 0.0719s/iter; left time: 102.2380s
Epoch: 1 cost time: 9.358808517456055
Epoch: 1, Steps: 152 | Train Loss: 0.2148866 Vali Loss: 2.7102740 Test Loss: 1.6061374
Validation loss decreased (inf --> 2.710274).  Saving model ...
Updating learning rate to 0.0001
	iters: 100, epoch: 2 | loss: 0.0776278
	speed: 0.0735s/iter; left time: 93.3032s
Epoch: 2 cost time: 6.2735137939453125
Epoch: 2, Steps: 152 | Train Loss: 0.0893495 Vali Loss: 2.1164794 Test Loss: 1.4905438
Validation loss decreased (2.710274 --> 2.116479).  Saving model ...
Updating learning rate to 5e-05
	iters: 100, epoch: 3 | loss: 0.0617108
	speed: 0.0734s/iter; left time: 81.9747s
Epoch: 3 cost time: 6.2484283447265625
Epoch: 3, Steps: 152 | Train Loss: 0.0665756 Vali Loss: 2.2980697 Test Loss: 1.5506974
EarlyStopping counter: 1 out of 3
Updating learning rate to 2.5e-05
	iters: 100, epoch: 4 | loss: 0.0621919
	speed: 0.0703s/iter; left time: 67.8374s
Epoch: 4 cost time: 6.253284692764282
Epoch: 4, Steps: 152 | Train Loss: 0.0585742 Vali Loss: 2.3685992 Test Loss: 1.6030765
EarlyStopping counter: 2 out of 3
Updating learning rate to 1.25e-05
	iters: 100, epoch: 5 | loss: 0.0500070
	speed: 0.0722s/iter; left time: 58.6873s
Epoch: 5 cost time: 6.552517652511597
Epoch: 5, Steps: 152 | Train Loss: 0.0536848 Vali Loss: 2.2843964 Test Loss: 1.5664769
EarlyStopping counter: 3 out of 3
Early stopping
>>>>>>>testing : exchange_336_Informer_custom_ftM_sl96_ll48_pl336_dm512_nh8_el2_dl1_df2048_fc3_ebtimeF_dtTrue_Exp_0_seed12890<<<<<<<<<<<<<<<<<<<<<<<<<<<<<<<<<
test 1182
mse:1.490943431854248, mae:0.9990445971488953
