Args in experiment:
Namespace(activation='gelu', batch_size=32, c_out=7, checkpoints='./checkpoints/', d_ff=2048, d_layers=1, d_model=512, data='ETTm2', data_path='ETTm2.csv', dec_in=7, des='Exp', devices='0,1,2,3', distil=True, do_predict=False, dropout=0.05, e_layers=2, embed='timeF', embed_type=0, enc_in=7, factor=3, features='M', freq='h', gpu=0, individual=False, is_training=1, itr=1, label_len=48, learning_rate=0.0001, loss='mse', lradj='type1', model='Informer', model_id='ETTm2_192', moving_avg=25, n_heads=8, num_workers=0, output_attention=False, patience=3, pred_len=192, root_path='./dataset/', seed=3144, seq_len=96, target='OT', test_flop=False, train_epochs=10, train_only=False, use_amp=False, use_gpu=True, use_multi_gpu=False)
Use GPU: cuda:0
>>>>>>>start training : ETTm2_192_Informer_ETTm2_ftM_sl96_ll48_pl192_dm512_nh8_el2_dl1_df2048_fc3_ebtimeF_dtTrue_Exp_0_seed3144>>>>>>>>>>>>>>>>>>>>>>>>>>
train 34273
val 11329
test 11329
	iters: 100, epoch: 1 | loss: 0.2995568
	speed: 0.0637s/iter; left time: 676.1205s
	iters: 200, epoch: 1 | loss: 0.2779101
	speed: 0.0332s/iter; left time: 348.9610s
	iters: 300, epoch: 1 | loss: 0.2777532
	speed: 0.0330s/iter; left time: 343.8167s
	iters: 400, epoch: 1 | loss: 0.2537775
	speed: 0.0327s/iter; left time: 337.0755s
	iters: 500, epoch: 1 | loss: 0.1628163
	speed: 0.0327s/iter; left time: 333.7069s
	iters: 600, epoch: 1 | loss: 0.2614266
	speed: 0.0326s/iter; left time: 329.9349s
	iters: 700, epoch: 1 | loss: 0.1931314
	speed: 0.0327s/iter; left time: 326.9541s
	iters: 800, epoch: 1 | loss: 0.1729400
	speed: 0.0327s/iter; left time: 323.6784s
	iters: 900, epoch: 1 | loss: 0.2054347
	speed: 0.0327s/iter; left time: 320.3699s
	iters: 1000, epoch: 1 | loss: 0.1689067
	speed: 0.0327s/iter; left time: 317.3833s
Epoch: 1 cost time: 38.20231795310974
Epoch: 1, Steps: 1071 | Train Loss: 0.2598873 Vali Loss: 0.3391097 Test Loss: 0.7414764
Validation loss decreased (inf --> 0.339110).  Saving model ...
Updating learning rate to 0.0001
	iters: 100, epoch: 2 | loss: 0.2141170
	speed: 0.1450s/iter; left time: 1382.9632s
	iters: 200, epoch: 2 | loss: 0.2249120
	speed: 0.0346s/iter; left time: 326.3735s
	iters: 300, epoch: 2 | loss: 0.2712972
	speed: 0.0344s/iter; left time: 321.5087s
	iters: 400, epoch: 2 | loss: 0.1404505
	speed: 0.0340s/iter; left time: 314.3248s
	iters: 500, epoch: 2 | loss: 0.1684871
	speed: 0.0342s/iter; left time: 312.5504s
	iters: 600, epoch: 2 | loss: 0.2127425
	speed: 0.0344s/iter; left time: 311.3577s
	iters: 700, epoch: 2 | loss: 0.1698981
	speed: 0.0342s/iter; left time: 306.0009s
	iters: 800, epoch: 2 | loss: 0.1423087
	speed: 0.0336s/iter; left time: 297.2758s
	iters: 900, epoch: 2 | loss: 0.1411020
	speed: 0.0329s/iter; left time: 287.3752s
	iters: 1000, epoch: 2 | loss: 0.1855325
	speed: 0.0329s/iter; left time: 284.3029s
Epoch: 2 cost time: 36.274895668029785
Epoch: 2, Steps: 1071 | Train Loss: 0.1892682 Vali Loss: 0.5537904 Test Loss: 1.0062582
EarlyStopping counter: 1 out of 3
Updating learning rate to 5e-05
	iters: 100, epoch: 3 | loss: 0.1716553
	speed: 0.1413s/iter; left time: 1196.4322s
	iters: 200, epoch: 3 | loss: 0.1537680
	speed: 0.0330s/iter; left time: 276.0633s
	iters: 300, epoch: 3 | loss: 0.1875345
	speed: 0.0333s/iter; left time: 275.0211s
	iters: 400, epoch: 3 | loss: 0.2284968
	speed: 0.0331s/iter; left time: 270.2858s
	iters: 500, epoch: 3 | loss: 0.1062615
	speed: 0.0327s/iter; left time: 264.0359s
	iters: 600, epoch: 3 | loss: 0.1176455
	speed: 0.0327s/iter; left time: 260.8903s
	iters: 700, epoch: 3 | loss: 0.1446819
	speed: 0.0328s/iter; left time: 257.7614s
	iters: 800, epoch: 3 | loss: 0.1255874
	speed: 0.0328s/iter; left time: 255.1384s
	iters: 900, epoch: 3 | loss: 0.1204134
	speed: 0.0329s/iter; left time: 252.3039s
	iters: 1000, epoch: 3 | loss: 0.1342558
	speed: 0.0330s/iter; left time: 249.5511s
Epoch: 3 cost time: 35.25030565261841
Epoch: 3, Steps: 1071 | Train Loss: 0.1441361 Vali Loss: 0.6147164 Test Loss: 1.1966822
EarlyStopping counter: 2 out of 3
Updating learning rate to 2.5e-05
	iters: 100, epoch: 4 | loss: 0.1154596
	speed: 0.1414s/iter; left time: 1046.2240s
	iters: 200, epoch: 4 | loss: 0.1787087
	speed: 0.0328s/iter; left time: 239.2422s
	iters: 300, epoch: 4 | loss: 0.1150589
	speed: 0.0329s/iter; left time: 236.8828s
	iters: 400, epoch: 4 | loss: 0.1425541
	speed: 0.0328s/iter; left time: 232.9070s
	iters: 500, epoch: 4 | loss: 0.0988137
	speed: 0.0328s/iter; left time: 229.5415s
	iters: 600, epoch: 4 | loss: 0.1138074
	speed: 0.0328s/iter; left time: 226.4104s
	iters: 700, epoch: 4 | loss: 0.1075465
	speed: 0.0328s/iter; left time: 222.9353s
	iters: 800, epoch: 4 | loss: 0.1055651
	speed: 0.0328s/iter; left time: 219.7630s
	iters: 900, epoch: 4 | loss: 0.1312302
	speed: 0.0347s/iter; left time: 228.8233s
	iters: 1000, epoch: 4 | loss: 0.1004889
	speed: 0.0350s/iter; left time: 227.5965s
Epoch: 4 cost time: 35.68212676048279
Epoch: 4, Steps: 1071 | Train Loss: 0.1213599 Vali Loss: 0.6942660 Test Loss: 1.2151580
EarlyStopping counter: 3 out of 3
Early stopping
>>>>>>>testing : ETTm2_192_Informer_ETTm2_ftM_sl96_ll48_pl192_dm512_nh8_el2_dl1_df2048_fc3_ebtimeF_dtTrue_Exp_0_seed3144<<<<<<<<<<<<<<<<<<<<<<<<<<<<<<<<<
test 11329
mse:0.7425431609153748, mae:0.6769397854804993
