Args in experiment:
Namespace(activation='gelu', batch_size=32, c_out=7, checkpoints='./checkpoints/', d_ff=2048, d_layers=1, d_model=512, data='ETTm2', data_path='ETTm2.csv', dec_in=7, des='Exp', devices='0,1,2,3', distil=True, do_predict=False, dropout=0.05, e_layers=2, embed='timeF', embed_type=0, enc_in=7, factor=3, features='M', freq='h', gpu=0, individual=False, is_training=1, itr=1, label_len=48, learning_rate=0.0001, loss='mse', lradj='type1', model='Informer', model_id='ETTm2_96', moving_avg=25, n_heads=8, num_workers=0, output_attention=False, patience=3, pred_len=96, root_path='./dataset/', seed=15227, seq_len=96, target='OT', test_flop=False, train_epochs=10, train_only=False, use_amp=False, use_gpu=True, use_multi_gpu=False)
Use GPU: cuda:0
>>>>>>>start training : ETTm2_96_Informer_ETTm2_ftM_sl96_ll48_pl96_dm512_nh8_el2_dl1_df2048_fc3_ebtimeF_dtTrue_Exp_0_seed15227>>>>>>>>>>>>>>>>>>>>>>>>>>
train 34369
val 11425
test 11425
	iters: 100, epoch: 1 | loss: 0.3968719
	speed: 0.0584s/iter; left time: 621.1838s
	iters: 200, epoch: 1 | loss: 0.1756509
	speed: 0.0285s/iter; left time: 300.0460s
	iters: 300, epoch: 1 | loss: 0.1562551
	speed: 0.0281s/iter; left time: 293.0617s
	iters: 400, epoch: 1 | loss: 0.1972143
	speed: 0.0282s/iter; left time: 291.1189s
	iters: 500, epoch: 1 | loss: 0.1954402
	speed: 0.0287s/iter; left time: 293.6157s
	iters: 600, epoch: 1 | loss: 0.1562513
	speed: 0.0278s/iter; left time: 282.2304s
	iters: 700, epoch: 1 | loss: 0.1941216
	speed: 0.0279s/iter; left time: 279.9228s
	iters: 800, epoch: 1 | loss: 0.1799421
	speed: 0.0280s/iter; left time: 278.6901s
	iters: 900, epoch: 1 | loss: 0.1188297
	speed: 0.0279s/iter; left time: 274.9354s
	iters: 1000, epoch: 1 | loss: 0.1294574
	speed: 0.0279s/iter; left time: 271.8990s
Epoch: 1 cost time: 33.20975399017334
Epoch: 1, Steps: 1074 | Train Loss: 0.2307454 Vali Loss: 0.3624501 Test Loss: 0.5653840
Validation loss decreased (inf --> 0.362450).  Saving model ...
Updating learning rate to 0.0001
	iters: 100, epoch: 2 | loss: 0.1893120
	speed: 0.1178s/iter; left time: 1127.2583s
	iters: 200, epoch: 2 | loss: 0.2688810
	speed: 0.0278s/iter; left time: 263.6110s
	iters: 300, epoch: 2 | loss: 0.1702618
	speed: 0.0279s/iter; left time: 261.2844s
	iters: 400, epoch: 2 | loss: 0.1380748
	speed: 0.0268s/iter; left time: 248.4118s
	iters: 500, epoch: 2 | loss: 0.2384569
	speed: 0.0267s/iter; left time: 244.7967s
	iters: 600, epoch: 2 | loss: 0.1361560
	speed: 0.0267s/iter; left time: 242.1807s
	iters: 700, epoch: 2 | loss: 0.1631103
	speed: 0.0267s/iter; left time: 239.4291s
	iters: 800, epoch: 2 | loss: 0.2005496
	speed: 0.0268s/iter; left time: 237.2966s
	iters: 900, epoch: 2 | loss: 0.1947675
	speed: 0.0268s/iter; left time: 234.5934s
	iters: 1000, epoch: 2 | loss: 0.1009756
	speed: 0.0267s/iter; left time: 231.5632s
Epoch: 2 cost time: 29.056763887405396
Epoch: 2, Steps: 1074 | Train Loss: 0.1655396 Vali Loss: 0.3386835 Test Loss: 0.4882967
Validation loss decreased (0.362450 --> 0.338684).  Saving model ...
Updating learning rate to 5e-05
	iters: 100, epoch: 3 | loss: 0.1465996
	speed: 0.1151s/iter; left time: 977.9533s
	iters: 200, epoch: 3 | loss: 0.1353798
	speed: 0.0281s/iter; left time: 235.8605s
	iters: 300, epoch: 3 | loss: 0.1594773
	speed: 0.0281s/iter; left time: 232.9132s
	iters: 400, epoch: 3 | loss: 0.1116636
	speed: 0.0283s/iter; left time: 231.9184s
	iters: 500, epoch: 3 | loss: 0.1001250
	speed: 0.0282s/iter; left time: 228.4722s
	iters: 600, epoch: 3 | loss: 0.1356681
	speed: 0.0283s/iter; left time: 226.1318s
	iters: 700, epoch: 3 | loss: 0.1412099
	speed: 0.0280s/iter; left time: 221.2161s
	iters: 800, epoch: 3 | loss: 0.1331226
	speed: 0.0279s/iter; left time: 217.6053s
	iters: 900, epoch: 3 | loss: 0.1365213
	speed: 0.0280s/iter; left time: 215.2741s
	iters: 1000, epoch: 3 | loss: 0.1068363
	speed: 0.0279s/iter; left time: 211.6227s
Epoch: 3 cost time: 30.04970073699951
Epoch: 3, Steps: 1074 | Train Loss: 0.1322998 Vali Loss: 0.4262249 Test Loss: 0.7700332
EarlyStopping counter: 1 out of 3
Updating learning rate to 2.5e-05
	iters: 100, epoch: 4 | loss: 0.0905516
	speed: 0.1153s/iter; left time: 855.5108s
	iters: 200, epoch: 4 | loss: 0.1591148
	speed: 0.0278s/iter; left time: 203.6812s
	iters: 300, epoch: 4 | loss: 0.1016782
	speed: 0.0282s/iter; left time: 203.6489s
	iters: 400, epoch: 4 | loss: 0.0931555
	speed: 0.0282s/iter; left time: 201.0557s
	iters: 500, epoch: 4 | loss: 0.1159046
	speed: 0.0284s/iter; left time: 199.3144s
	iters: 600, epoch: 4 | loss: 0.1049693
	speed: 0.0282s/iter; left time: 195.1551s
	iters: 700, epoch: 4 | loss: 0.1120190
	speed: 0.0280s/iter; left time: 190.9007s
	iters: 800, epoch: 4 | loss: 0.1307613
	speed: 0.0280s/iter; left time: 188.2473s
	iters: 900, epoch: 4 | loss: 0.1604295
	speed: 0.0279s/iter; left time: 184.5709s
	iters: 1000, epoch: 4 | loss: 0.1521331
	speed: 0.0281s/iter; left time: 183.1587s
Epoch: 4 cost time: 30.15400743484497
Epoch: 4, Steps: 1074 | Train Loss: 0.1131951 Vali Loss: 0.4998418 Test Loss: 0.9201381
EarlyStopping counter: 2 out of 3
Updating learning rate to 1.25e-05
	iters: 100, epoch: 5 | loss: 0.0999799
	speed: 0.1159s/iter; left time: 735.2701s
	iters: 200, epoch: 5 | loss: 0.1207206
	speed: 0.0281s/iter; left time: 175.3387s
	iters: 300, epoch: 5 | loss: 0.0974721
	speed: 0.0281s/iter; left time: 172.8539s
	iters: 400, epoch: 5 | loss: 0.0931099
	speed: 0.0279s/iter; left time: 168.6857s
	iters: 500, epoch: 5 | loss: 0.1097419
	speed: 0.0282s/iter; left time: 167.4982s
	iters: 600, epoch: 5 | loss: 0.0928601
	speed: 0.0283s/iter; left time: 165.4356s
	iters: 700, epoch: 5 | loss: 0.1004644
	speed: 0.0276s/iter; left time: 158.4633s
	iters: 800, epoch: 5 | loss: 0.0955624
	speed: 0.0267s/iter; left time: 150.9702s
	iters: 900, epoch: 5 | loss: 0.0929765
	speed: 0.0268s/iter; left time: 148.5867s
	iters: 1000, epoch: 5 | loss: 0.1070118
	speed: 0.0268s/iter; left time: 145.9856s
Epoch: 5 cost time: 29.660326719284058
Epoch: 5, Steps: 1074 | Train Loss: 0.1028114 Vali Loss: 0.4961971 Test Loss: 1.0751641
EarlyStopping counter: 3 out of 3
Early stopping
>>>>>>>testing : ETTm2_96_Informer_ETTm2_ftM_sl96_ll48_pl96_dm512_nh8_el2_dl1_df2048_fc3_ebtimeF_dtTrue_Exp_0_seed15227<<<<<<<<<<<<<<<<<<<<<<<<<<<<<<<<<
test 11425
mse:0.4891948103904724, mae:0.540264904499054
