Args in experiment:
Namespace(activation='gelu', batch_size=32, c_out=7, checkpoints='./checkpoints/', d_ff=2048, d_layers=1, d_model=512, data='ETTh2', data_path='ETTh2.csv', dec_in=7, des='Exp', devices='0,1,2,3', distil=True, do_predict=False, dropout=0.05, e_layers=2, embed='timeF', embed_type=0, enc_in=7, factor=3, features='M', freq='h', gpu=0, individual=False, is_training=1, itr=1, label_len=48, learning_rate=0.0001, loss='mse', lradj='type1', model='Informer', model_id='ETTh2_336', moving_avg=25, n_heads=8, num_workers=0, output_attention=False, patience=3, pred_len=336, root_path='./dataset/', seed=3144, seq_len=96, target='OT', test_flop=False, train_epochs=10, train_only=False, use_amp=False, use_gpu=True, use_multi_gpu=False)
Use GPU: cuda:0
>>>>>>>start training : ETTh2_336_Informer_ETTh2_ftM_sl96_ll48_pl336_dm512_nh8_el2_dl1_df2048_fc3_ebtimeF_dtTrue_Exp_0_seed3144>>>>>>>>>>>>>>>>>>>>>>>>>>
train 8209
val 2545
test 2545
	iters: 100, epoch: 1 | loss: 0.3407872
	speed: 0.0722s/iter; left time: 177.5802s
	iters: 200, epoch: 1 | loss: 0.4912340
	speed: 0.0415s/iter; left time: 98.0643s
Epoch: 1 cost time: 13.727578401565552
Epoch: 1, Steps: 256 | Train Loss: 0.4269807 Vali Loss: 1.2644187 Test Loss: 5.1307955
Validation loss decreased (inf --> 1.264419).  Saving model ...
Updating learning rate to 0.0001
	iters: 100, epoch: 2 | loss: 0.3288473
	speed: 0.0923s/iter; left time: 203.6104s
	iters: 200, epoch: 2 | loss: 0.2801296
	speed: 0.0413s/iter; left time: 86.9417s
Epoch: 2 cost time: 10.59525752067566
Epoch: 2, Steps: 256 | Train Loss: 0.3076663 Vali Loss: 1.3504868 Test Loss: 5.8051858
EarlyStopping counter: 1 out of 3
Updating learning rate to 5e-05
	iters: 100, epoch: 3 | loss: 0.2333084
	speed: 0.0896s/iter; left time: 174.7189s
	iters: 200, epoch: 3 | loss: 0.2099463
	speed: 0.0413s/iter; left time: 76.3557s
Epoch: 3 cost time: 10.58699107170105
Epoch: 3, Steps: 256 | Train Loss: 0.2541758 Vali Loss: 1.2492114 Test Loss: 5.1845984
Validation loss decreased (1.264419 --> 1.249211).  Saving model ...
Updating learning rate to 2.5e-05
	iters: 100, epoch: 4 | loss: 0.2530026
	speed: 0.0916s/iter; left time: 155.0710s
	iters: 200, epoch: 4 | loss: 0.2471130
	speed: 0.0411s/iter; left time: 65.4777s
Epoch: 4 cost time: 10.548249959945679
Epoch: 4, Steps: 256 | Train Loss: 0.2347140 Vali Loss: 1.2039481 Test Loss: 5.0848155
Validation loss decreased (1.249211 --> 1.203948).  Saving model ...
Updating learning rate to 1.25e-05
	iters: 100, epoch: 5 | loss: 0.2526480
	speed: 0.0914s/iter; left time: 131.3754s
	iters: 200, epoch: 5 | loss: 0.2372281
	speed: 0.0411s/iter; left time: 54.9849s
Epoch: 5 cost time: 10.53190016746521
Epoch: 5, Steps: 256 | Train Loss: 0.2258538 Vali Loss: 1.1984404 Test Loss: 5.1392865
Validation loss decreased (1.203948 --> 1.198440).  Saving model ...
Updating learning rate to 6.25e-06
	iters: 100, epoch: 6 | loss: 0.2240026
	speed: 0.0914s/iter; left time: 107.9377s
	iters: 200, epoch: 6 | loss: 0.1824754
	speed: 0.0418s/iter; left time: 45.2380s
Epoch: 6 cost time: 10.708959102630615
Epoch: 6, Steps: 256 | Train Loss: 0.2215027 Vali Loss: 1.1746360 Test Loss: 5.0246634
Validation loss decreased (1.198440 --> 1.174636).  Saving model ...
Updating learning rate to 3.125e-06
	iters: 100, epoch: 7 | loss: 0.2354612
	speed: 0.0942s/iter; left time: 87.0904s
	iters: 200, epoch: 7 | loss: 0.1999209
	speed: 0.0435s/iter; left time: 35.8567s
Epoch: 7 cost time: 11.025959253311157
Epoch: 7, Steps: 256 | Train Loss: 0.2191897 Vali Loss: 1.1816224 Test Loss: 5.0106764
EarlyStopping counter: 1 out of 3
Updating learning rate to 1.5625e-06
	iters: 100, epoch: 8 | loss: 0.2221942
	speed: 0.0923s/iter; left time: 61.7587s
	iters: 200, epoch: 8 | loss: 0.2203709
	speed: 0.0433s/iter; left time: 24.6236s
Epoch: 8 cost time: 10.99295449256897
Epoch: 8, Steps: 256 | Train Loss: 0.2179207 Vali Loss: 1.1908476 Test Loss: 5.0498409
EarlyStopping counter: 2 out of 3
Updating learning rate to 7.8125e-07
	iters: 100, epoch: 9 | loss: 0.2159319
	speed: 0.0898s/iter; left time: 37.0859s
	iters: 200, epoch: 9 | loss: 0.2391550
	speed: 0.0416s/iter; left time: 13.0148s
Epoch: 9 cost time: 10.647794485092163
Epoch: 9, Steps: 256 | Train Loss: 0.2176848 Vali Loss: 1.1945752 Test Loss: 5.0740466
EarlyStopping counter: 3 out of 3
Early stopping
>>>>>>>testing : ETTh2_336_Informer_ETTh2_ftM_sl96_ll48_pl336_dm512_nh8_el2_dl1_df2048_fc3_ebtimeF_dtTrue_Exp_0_seed3144<<<<<<<<<<<<<<<<<<<<<<<<<<<<<<<<<
test 2545
mse:5.00351619720459, mae:1.8943812847137451
