Args in experiment:
Namespace(activation='gelu', batch_size=32, c_out=8, checkpoints='./checkpoints/', d_ff=2048, d_layers=1, d_model=512, data='custom', data_path='exchange_rate.csv', dec_in=8, des='Exp', devices='0,1,2,3', distil=True, do_predict=False, dropout=0.05, e_layers=2, embed='timeF', embed_type=0, enc_in=8, factor=3, features='M', freq='h', gpu=0, individual=False, is_training=1, itr=1, label_len=48, learning_rate=0.0001, loss='mse', lradj='type1', model='Informer', model_id='exchange_720', moving_avg=25, n_heads=8, num_workers=0, output_attention=False, patience=3, pred_len=720, root_path='./dataset/', seed=28649, seq_len=96, target='OT', test_flop=False, train_epochs=10, train_only=False, use_amp=False, use_gpu=True, use_multi_gpu=False)
Use GPU: cuda:0
>>>>>>>start training : exchange_720_Informer_custom_ftM_sl96_ll48_pl720_dm512_nh8_el2_dl1_df2048_fc3_ebtimeF_dtTrue_Exp_0_seed28649>>>>>>>>>>>>>>>>>>>>>>>>>>
train 4496
val 41
test 798
	iters: 100, epoch: 1 | loss: 0.1523190
	speed: 0.0958s/iter; left time: 124.6390s
Epoch: 1 cost time: 12.23835301399231
Epoch: 1, Steps: 140 | Train Loss: 0.2209033 Vali Loss: 3.5744498 Test Loss: 2.6585844
Validation loss decreased (inf --> 3.574450).  Saving model ...
Updating learning rate to 0.0001
	iters: 100, epoch: 2 | loss: 0.0891230
	speed: 0.1006s/iter; left time: 116.8519s
Epoch: 2 cost time: 9.135168075561523
Epoch: 2, Steps: 140 | Train Loss: 0.0950152 Vali Loss: 4.4141698 Test Loss: 2.8463223
EarlyStopping counter: 1 out of 3
Updating learning rate to 5e-05
	iters: 100, epoch: 3 | loss: 0.0769197
	speed: 0.0983s/iter; left time: 100.3509s
Epoch: 3 cost time: 9.147959232330322
Epoch: 3, Steps: 140 | Train Loss: 0.0731194 Vali Loss: 4.6617084 Test Loss: 2.8390939
EarlyStopping counter: 2 out of 3
Updating learning rate to 2.5e-05
	iters: 100, epoch: 4 | loss: 0.0605417
	speed: 0.0985s/iter; left time: 86.7424s
Epoch: 4 cost time: 9.15084433555603
Epoch: 4, Steps: 140 | Train Loss: 0.0653241 Vali Loss: 4.6606779 Test Loss: 2.7919111
EarlyStopping counter: 3 out of 3
Early stopping
>>>>>>>testing : exchange_720_Informer_custom_ftM_sl96_ll48_pl720_dm512_nh8_el2_dl1_df2048_fc3_ebtimeF_dtTrue_Exp_0_seed28649<<<<<<<<<<<<<<<<<<<<<<<<<<<<<<<<<
test 798
mse:2.659623146057129, mae:1.3386374711990356
