Args in experiment:
Namespace(activation='gelu', batch_size=32, c_out=7, checkpoints='./checkpoints/', d_ff=2048, d_layers=1, d_model=512, data='ETTm1', data_path='ETTm1.csv', dec_in=7, des='Exp', devices='0,1,2,3', distil=True, do_predict=False, dropout=0.05, e_layers=2, embed='timeF', embed_type=0, enc_in=7, factor=3, features='M', freq='h', gpu=0, individual=False, is_training=1, itr=1, label_len=48, learning_rate=0.0001, loss='mse', lradj='type1', model='Informer', model_id='ETTm1_336', moving_avg=25, n_heads=8, num_workers=0, output_attention=False, patience=3, pred_len=336, root_path='./dataset/', seed=15726, seq_len=96, target='OT', test_flop=False, train_epochs=10, train_only=False, use_amp=False, use_gpu=True, use_multi_gpu=False)
Use GPU: cuda:0
>>>>>>>start training : ETTm1_336_Informer_ETTm1_ftM_sl96_ll48_pl336_dm512_nh8_el2_dl1_df2048_fc3_ebtimeF_dtTrue_Exp_0_seed15726>>>>>>>>>>>>>>>>>>>>>>>>>>
train 34129
val 11185
test 11185
	iters: 100, epoch: 1 | loss: 0.4740515
	speed: 0.0726s/iter; left time: 766.9185s
	iters: 200, epoch: 1 | loss: 0.4348910
	speed: 0.0423s/iter; left time: 442.4932s
	iters: 300, epoch: 1 | loss: 0.4289375
	speed: 0.0425s/iter; left time: 440.4569s
	iters: 400, epoch: 1 | loss: 0.3941073
	speed: 0.0424s/iter; left time: 435.3706s
	iters: 500, epoch: 1 | loss: 0.3763639
	speed: 0.0427s/iter; left time: 433.5443s
	iters: 600, epoch: 1 | loss: 0.3769428
	speed: 0.0425s/iter; left time: 427.3811s
	iters: 700, epoch: 1 | loss: 0.3318735
	speed: 0.0423s/iter; left time: 421.3376s
	iters: 800, epoch: 1 | loss: 0.3361244
	speed: 0.0418s/iter; left time: 412.2754s
	iters: 900, epoch: 1 | loss: 0.2997384
	speed: 0.0416s/iter; left time: 405.6331s
	iters: 1000, epoch: 1 | loss: 0.3154252
	speed: 0.0413s/iter; left time: 399.4072s
Epoch: 1 cost time: 47.95516347885132
Epoch: 1, Steps: 1066 | Train Loss: 0.3917225 Vali Loss: 0.9878262 Test Loss: 1.0591062
Validation loss decreased (inf --> 0.987826).  Saving model ...
Updating learning rate to 0.0001
	iters: 100, epoch: 2 | loss: 0.2943213
	speed: 0.1827s/iter; left time: 1734.5798s
	iters: 200, epoch: 2 | loss: 0.2957285
	speed: 0.0417s/iter; left time: 392.0633s
	iters: 300, epoch: 2 | loss: 0.2789750
	speed: 0.0418s/iter; left time: 388.1701s
	iters: 400, epoch: 2 | loss: 0.3002523
	speed: 0.0415s/iter; left time: 381.6345s
	iters: 500, epoch: 2 | loss: 0.2827242
	speed: 0.0414s/iter; left time: 376.1015s
	iters: 600, epoch: 2 | loss: 0.2482908
	speed: 0.0415s/iter; left time: 373.3117s
	iters: 700, epoch: 2 | loss: 0.2384924
	speed: 0.0416s/iter; left time: 370.3093s
	iters: 800, epoch: 2 | loss: 0.2704744
	speed: 0.0418s/iter; left time: 367.3225s
	iters: 900, epoch: 2 | loss: 0.2647971
	speed: 0.0413s/iter; left time: 358.9500s
	iters: 1000, epoch: 2 | loss: 0.2570762
	speed: 0.0413s/iter; left time: 354.5814s
Epoch: 2 cost time: 44.256428956985474
Epoch: 2, Steps: 1066 | Train Loss: 0.2710962 Vali Loss: 1.0783293 Test Loss: 1.1352634
EarlyStopping counter: 1 out of 3
Updating learning rate to 5e-05
	iters: 100, epoch: 3 | loss: 0.2212400
	speed: 0.1777s/iter; left time: 1497.6092s
	iters: 200, epoch: 3 | loss: 0.2154294
	speed: 0.0412s/iter; left time: 343.0783s
	iters: 300, epoch: 3 | loss: 0.2250446
	speed: 0.0426s/iter; left time: 350.3549s
	iters: 400, epoch: 3 | loss: 0.2130030
	speed: 0.0425s/iter; left time: 345.7262s
	iters: 500, epoch: 3 | loss: 0.2164125
	speed: 0.0427s/iter; left time: 342.6065s
	iters: 600, epoch: 3 | loss: 0.2057664
	speed: 0.0424s/iter; left time: 336.1456s
	iters: 700, epoch: 3 | loss: 0.2140851
	speed: 0.0424s/iter; left time: 331.9648s
	iters: 800, epoch: 3 | loss: 0.2243662
	speed: 0.0426s/iter; left time: 329.2716s
	iters: 900, epoch: 3 | loss: 0.2110664
	speed: 0.0426s/iter; left time: 325.2689s
	iters: 1000, epoch: 3 | loss: 0.2033969
	speed: 0.0415s/iter; left time: 312.6158s
Epoch: 3 cost time: 44.912463665008545
Epoch: 3, Steps: 1066 | Train Loss: 0.2140828 Vali Loss: 1.1216105 Test Loss: 1.1566999
EarlyStopping counter: 2 out of 3
Updating learning rate to 2.5e-05
	iters: 100, epoch: 4 | loss: 0.1880005
	speed: 0.1777s/iter; left time: 1308.1892s
	iters: 200, epoch: 4 | loss: 0.1984811
	speed: 0.0417s/iter; left time: 302.6551s
	iters: 300, epoch: 4 | loss: 0.1981743
	speed: 0.0415s/iter; left time: 297.3895s
	iters: 400, epoch: 4 | loss: 0.1787368
	speed: 0.0412s/iter; left time: 291.0789s
	iters: 500, epoch: 4 | loss: 0.1835805
	speed: 0.0411s/iter; left time: 286.3849s
	iters: 600, epoch: 4 | loss: 0.1870872
	speed: 0.0411s/iter; left time: 282.2726s
	iters: 700, epoch: 4 | loss: 0.1930222
	speed: 0.0413s/iter; left time: 278.9925s
	iters: 800, epoch: 4 | loss: 0.1721956
	speed: 0.0413s/iter; left time: 275.4724s
	iters: 900, epoch: 4 | loss: 0.1980787
	speed: 0.0412s/iter; left time: 270.6830s
	iters: 1000, epoch: 4 | loss: 0.1715892
	speed: 0.0411s/iter; left time: 265.9523s
Epoch: 4 cost time: 44.01935386657715
Epoch: 4, Steps: 1066 | Train Loss: 0.1858502 Vali Loss: 1.1501234 Test Loss: 1.1730751
EarlyStopping counter: 3 out of 3
Early stopping
>>>>>>>testing : ETTm1_336_Informer_ETTm1_ftM_sl96_ll48_pl336_dm512_nh8_el2_dl1_df2048_fc3_ebtimeF_dtTrue_Exp_0_seed15726<<<<<<<<<<<<<<<<<<<<<<<<<<<<<<<<<
test 11185
mse:1.0585241317749023, mae:0.7840859889984131
