Args in experiment:
Namespace(activation='gelu', batch_size=32, c_out=862, checkpoints='./checkpoints/', d_ff=2048, d_layers=1, d_model=512, data='custom', data_path='traffic.csv', dec_in=862, des='Exp', devices='0,1,2,3', distil=True, do_predict=False, dropout=0.05, e_layers=2, embed='timeF', embed_type=0, enc_in=862, factor=3, features='M', freq='h', gpu=0, individual=False, is_training=1, itr=1, label_len=48, learning_rate=0.0001, loss='mse', lradj='type1', model='Transformer', model_id='traffic_192', moving_avg=25, n_heads=8, num_workers=0, output_attention=False, patience=3, pred_len=192, root_path='./dataset/', seed=15726, seq_len=96, target='OT', test_flop=False, train_epochs=10, train_only=False, use_amp=False, use_gpu=True, use_multi_gpu=False)
Use GPU: cuda:0
>>>>>>>start training : traffic_192_Transformer_custom_ftM_sl96_ll48_pl192_dm512_nh8_el2_dl1_df2048_fc3_ebtimeF_dtTrue_Exp_0_seed15726>>>>>>>>>>>>>>>>>>>>>>>>>>
train 11993
val 1565
test 3317
	iters: 100, epoch: 1 | loss: 0.5234402
	speed: 0.0799s/iter; left time: 290.8383s
	iters: 200, epoch: 1 | loss: 0.4118146
	speed: 0.0483s/iter; left time: 171.0485s
	iters: 300, epoch: 1 | loss: 0.3220026
	speed: 0.0483s/iter; left time: 166.3439s
Epoch: 1 cost time: 21.202998161315918
Epoch: 1, Steps: 374 | Train Loss: 0.4921360 Vali Loss: 0.5376244 Test Loss: 0.6926569
Validation loss decreased (inf --> 0.537624).  Saving model ...
Updating learning rate to 0.0001
	iters: 100, epoch: 2 | loss: 0.2792462
	speed: 0.1778s/iter; left time: 580.9783s
	iters: 200, epoch: 2 | loss: 0.2542559
	speed: 0.0464s/iter; left time: 146.8446s
	iters: 300, epoch: 2 | loss: 0.2550723
	speed: 0.0461s/iter; left time: 141.3050s
Epoch: 2 cost time: 17.369827270507812
Epoch: 2, Steps: 374 | Train Loss: 0.2677482 Vali Loss: 0.5089431 Test Loss: 0.6651329
Validation loss decreased (0.537624 --> 0.508943).  Saving model ...
Updating learning rate to 5e-05
	iters: 100, epoch: 3 | loss: 0.2524204
	speed: 0.1744s/iter; left time: 504.4161s
	iters: 200, epoch: 3 | loss: 0.2363338
	speed: 0.0461s/iter; left time: 128.6627s
	iters: 300, epoch: 3 | loss: 0.2331470
	speed: 0.0463s/iter; left time: 124.6401s
Epoch: 3 cost time: 17.318458557128906
Epoch: 3, Steps: 374 | Train Loss: 0.2365528 Vali Loss: 0.5017484 Test Loss: 0.6689202
Validation loss decreased (0.508943 --> 0.501748).  Saving model ...
Updating learning rate to 2.5e-05
	iters: 100, epoch: 4 | loss: 0.2289859
	speed: 0.1756s/iter; left time: 442.2596s
	iters: 200, epoch: 4 | loss: 0.2303157
	speed: 0.0459s/iter; left time: 110.9472s
	iters: 300, epoch: 4 | loss: 0.2334442
	speed: 0.0461s/iter; left time: 106.8680s
Epoch: 4 cost time: 17.245306968688965
Epoch: 4, Steps: 374 | Train Loss: 0.2256077 Vali Loss: 0.4987459 Test Loss: 0.6682120
Validation loss decreased (0.501748 --> 0.498746).  Saving model ...
Updating learning rate to 1.25e-05
	iters: 100, epoch: 5 | loss: 0.2298876
	speed: 0.1744s/iter; left time: 374.1001s
	iters: 200, epoch: 5 | loss: 0.2253740
	speed: 0.0469s/iter; left time: 95.9359s
	iters: 300, epoch: 5 | loss: 0.2217814
	speed: 0.0485s/iter; left time: 94.3488s
Epoch: 5 cost time: 17.7694993019104
Epoch: 5, Steps: 374 | Train Loss: 0.2206169 Vali Loss: 0.4991744 Test Loss: 0.6693166
EarlyStopping counter: 1 out of 3
Updating learning rate to 6.25e-06
	iters: 100, epoch: 6 | loss: 0.2148793
	speed: 0.1768s/iter; left time: 313.1822s
	iters: 200, epoch: 6 | loss: 0.2213291
	speed: 0.0484s/iter; left time: 80.8407s
	iters: 300, epoch: 6 | loss: 0.2191092
	speed: 0.0462s/iter; left time: 72.5357s
Epoch: 6 cost time: 17.703725576400757
Epoch: 6, Steps: 374 | Train Loss: 0.2181185 Vali Loss: 0.5014403 Test Loss: 0.6751630
EarlyStopping counter: 2 out of 3
Updating learning rate to 3.125e-06
	iters: 100, epoch: 7 | loss: 0.2234752
	speed: 0.1706s/iter; left time: 238.3963s
	iters: 200, epoch: 7 | loss: 0.2148915
	speed: 0.0456s/iter; left time: 59.1091s
	iters: 300, epoch: 7 | loss: 0.2094378
	speed: 0.0459s/iter; left time: 54.9852s
Epoch: 7 cost time: 17.18314003944397
Epoch: 7, Steps: 374 | Train Loss: 0.2168107 Vali Loss: 0.5008687 Test Loss: 0.6735850
EarlyStopping counter: 3 out of 3
Early stopping
>>>>>>>testing : traffic_192_Transformer_custom_ftM_sl96_ll48_pl192_dm512_nh8_el2_dl1_df2048_fc3_ebtimeF_dtTrue_Exp_0_seed15726<<<<<<<<<<<<<<<<<<<<<<<<<<<<<<<<<
test 3317
mse:0.6682713627815247, mae:0.3689457178115845
