Args in experiment:
Namespace(activation='gelu', batch_size=32, c_out=7, checkpoints='./checkpoints/', d_ff=2048, d_layers=1, d_model=512, data='ETTm1', data_path='ETTm1.csv', dec_in=7, des='Exp', devices='0,1,2,3', distil=True, do_predict=False, dropout=0.05, e_layers=2, embed='timeF', embed_type=0, enc_in=7, factor=3, features='M', freq='h', gpu=0, individual=False, is_training=1, itr=1, label_len=48, learning_rate=0.0001, loss='mse', lradj='type1', model='Transformer', model_id='ETTm1_192', moving_avg=25, n_heads=8, num_workers=0, output_attention=False, patience=3, pred_len=192, root_path='./dataset/', seed=3293, seq_len=96, target='OT', test_flop=False, train_epochs=10, train_only=False, use_amp=False, use_gpu=True, use_multi_gpu=False)
Use GPU: cuda:0
>>>>>>>start training : ETTm1_192_Transformer_ETTm1_ftM_sl96_ll48_pl192_dm512_nh8_el2_dl1_df2048_fc3_ebtimeF_dtTrue_Exp_0_seed3293>>>>>>>>>>>>>>>>>>>>>>>>>>
train 34273
val 11329
test 11329
	iters: 100, epoch: 1 | loss: 0.4159740
	speed: 0.0616s/iter; left time: 653.7591s
	iters: 200, epoch: 1 | loss: 0.3080276
	speed: 0.0316s/iter; left time: 332.2998s
	iters: 300, epoch: 1 | loss: 0.2818403
	speed: 0.0316s/iter; left time: 329.3457s
	iters: 400, epoch: 1 | loss: 0.2866221
	speed: 0.0317s/iter; left time: 327.2100s
	iters: 500, epoch: 1 | loss: 0.2587980
	speed: 0.0319s/iter; left time: 325.5542s
	iters: 600, epoch: 1 | loss: 0.2288748
	speed: 0.0318s/iter; left time: 321.7840s
	iters: 700, epoch: 1 | loss: 0.2791394
	speed: 0.0319s/iter; left time: 318.9973s
	iters: 800, epoch: 1 | loss: 0.2220519
	speed: 0.0319s/iter; left time: 316.2712s
	iters: 900, epoch: 1 | loss: 0.1963203
	speed: 0.0319s/iter; left time: 312.7402s
	iters: 1000, epoch: 1 | loss: 0.1950058
	speed: 0.0318s/iter; left time: 309.1396s
Epoch: 1 cost time: 37.04566216468811
Epoch: 1, Steps: 1071 | Train Loss: 0.2806851 Vali Loss: 0.8189205 Test Loss: 0.7343150
Validation loss decreased (inf --> 0.818920).  Saving model ...
Updating learning rate to 0.0001
	iters: 100, epoch: 2 | loss: 0.1954959
	speed: 0.1288s/iter; left time: 1228.5353s
	iters: 200, epoch: 2 | loss: 0.1680295
	speed: 0.0317s/iter; left time: 299.6723s
	iters: 300, epoch: 2 | loss: 0.1658614
	speed: 0.0317s/iter; left time: 296.2378s
	iters: 400, epoch: 2 | loss: 0.1889840
	speed: 0.0317s/iter; left time: 293.1836s
	iters: 500, epoch: 2 | loss: 0.1461460
	speed: 0.0317s/iter; left time: 289.8833s
	iters: 600, epoch: 2 | loss: 0.1354163
	speed: 0.0317s/iter; left time: 286.2958s
	iters: 700, epoch: 2 | loss: 0.1226809
	speed: 0.0317s/iter; left time: 283.0227s
	iters: 800, epoch: 2 | loss: 0.1371023
	speed: 0.0316s/iter; left time: 279.6401s
	iters: 900, epoch: 2 | loss: 0.1292313
	speed: 0.0316s/iter; left time: 276.5916s
	iters: 1000, epoch: 2 | loss: 0.1356249
	speed: 0.0317s/iter; left time: 273.7576s
Epoch: 2 cost time: 33.9323992729187
Epoch: 2, Steps: 1071 | Train Loss: 0.1510961 Vali Loss: 0.8679215 Test Loss: 0.7709646
EarlyStopping counter: 1 out of 3
Updating learning rate to 5e-05
	iters: 100, epoch: 3 | loss: 0.1071514
	speed: 0.1264s/iter; left time: 1070.6979s
	iters: 200, epoch: 3 | loss: 0.1042056
	speed: 0.0317s/iter; left time: 264.9101s
	iters: 300, epoch: 3 | loss: 0.1046941
	speed: 0.0317s/iter; left time: 261.7554s
	iters: 400, epoch: 3 | loss: 0.1018368
	speed: 0.0317s/iter; left time: 258.5842s
	iters: 500, epoch: 3 | loss: 0.0990536
	speed: 0.0316s/iter; left time: 255.3671s
	iters: 600, epoch: 3 | loss: 0.1066836
	speed: 0.0317s/iter; left time: 252.2552s
	iters: 700, epoch: 3 | loss: 0.0942337
	speed: 0.0317s/iter; left time: 249.5100s
	iters: 800, epoch: 3 | loss: 0.0907300
	speed: 0.0317s/iter; left time: 246.6313s
	iters: 900, epoch: 3 | loss: 0.0824948
	speed: 0.0317s/iter; left time: 243.2810s
	iters: 1000, epoch: 3 | loss: 0.0954065
	speed: 0.0317s/iter; left time: 239.9073s
Epoch: 3 cost time: 33.91955852508545
Epoch: 3, Steps: 1071 | Train Loss: 0.0960949 Vali Loss: 0.8856163 Test Loss: 0.7567854
EarlyStopping counter: 2 out of 3
Updating learning rate to 2.5e-05
	iters: 100, epoch: 4 | loss: 0.0814498
	speed: 0.1263s/iter; left time: 934.3672s
	iters: 200, epoch: 4 | loss: 0.0780698
	speed: 0.0316s/iter; left time: 230.6325s
	iters: 300, epoch: 4 | loss: 0.0817998
	speed: 0.0316s/iter; left time: 227.5776s
	iters: 400, epoch: 4 | loss: 0.0813500
	speed: 0.0316s/iter; left time: 224.3770s
	iters: 500, epoch: 4 | loss: 0.0864342
	speed: 0.0317s/iter; left time: 221.8062s
	iters: 600, epoch: 4 | loss: 0.0739978
	speed: 0.0319s/iter; left time: 219.9844s
	iters: 700, epoch: 4 | loss: 0.0724792
	speed: 0.0320s/iter; left time: 217.7492s
	iters: 800, epoch: 4 | loss: 0.0842837
	speed: 0.0318s/iter; left time: 212.6826s
	iters: 900, epoch: 4 | loss: 0.0754561
	speed: 0.0318s/iter; left time: 209.5907s
	iters: 1000, epoch: 4 | loss: 0.0738963
	speed: 0.0318s/iter; left time: 206.7288s
Epoch: 4 cost time: 33.97765231132507
Epoch: 4, Steps: 1071 | Train Loss: 0.0796015 Vali Loss: 0.8711230 Test Loss: 0.7359294
EarlyStopping counter: 3 out of 3
Early stopping
>>>>>>>testing : ETTm1_192_Transformer_ETTm1_ftM_sl96_ll48_pl192_dm512_nh8_el2_dl1_df2048_fc3_ebtimeF_dtTrue_Exp_0_seed3293<<<<<<<<<<<<<<<<<<<<<<<<<<<<<<<<<
test 11329
mse:0.7353700995445251, mae:0.6405674815177917
