Args in experiment:
Namespace(activation='gelu', batch_size=32, c_out=8, checkpoints='./checkpoints/', d_ff=2048, d_layers=1, d_model=512, data='custom', data_path='exchange_rate.csv', dec_in=8, des='Exp', devices='0,1,2,3', distil=True, do_predict=False, dropout=0.05, e_layers=2, embed='timeF', embed_type=0, enc_in=8, factor=3, features='M', freq='h', gpu=0, individual=False, is_training=1, itr=1, label_len=48, learning_rate=0.0001, loss='mse', lradj='type1', model='Transformer', model_id='exchange_336', moving_avg=25, n_heads=8, num_workers=0, output_attention=False, patience=3, pred_len=336, root_path='./dataset/', seed=15726, seq_len=96, target='OT', test_flop=False, train_epochs=10, train_only=False, use_amp=False, use_gpu=True, use_multi_gpu=False)
Use GPU: cuda:0
>>>>>>>start training : exchange_336_Transformer_custom_ftM_sl96_ll48_pl336_dm512_nh8_el2_dl1_df2048_fc3_ebtimeF_dtTrue_Exp_0_seed15726>>>>>>>>>>>>>>>>>>>>>>>>>>
train 4880
val 425
test 1182
	iters: 100, epoch: 1 | loss: 0.1004749
	speed: 0.0752s/iter; left time: 106.8358s
Epoch: 1 cost time: 9.808716297149658
Epoch: 1, Steps: 152 | Train Loss: 0.1927240 Vali Loss: 2.2914808 Test Loss: 2.0641415
Validation loss decreased (inf --> 2.291481).  Saving model ...
Updating learning rate to 0.0001
	iters: 100, epoch: 2 | loss: 0.0755355
	speed: 0.0760s/iter; left time: 96.4892s
Epoch: 2 cost time: 6.677763223648071
Epoch: 2, Steps: 152 | Train Loss: 0.0671225 Vali Loss: 2.4215627 Test Loss: 2.0555427
EarlyStopping counter: 1 out of 3
Updating learning rate to 5e-05
	iters: 100, epoch: 3 | loss: 0.0508989
	speed: 0.0739s/iter; left time: 82.5332s
Epoch: 3 cost time: 6.643150091171265
Epoch: 3, Steps: 152 | Train Loss: 0.0506239 Vali Loss: 2.3307865 Test Loss: 1.9174002
EarlyStopping counter: 2 out of 3
Updating learning rate to 2.5e-05
	iters: 100, epoch: 4 | loss: 0.0421988
	speed: 0.0734s/iter; left time: 70.7963s
Epoch: 4 cost time: 6.6103527545928955
Epoch: 4, Steps: 152 | Train Loss: 0.0453606 Vali Loss: 2.1929286 Test Loss: 1.8032303
Validation loss decreased (2.291481 --> 2.192929).  Saving model ...
Updating learning rate to 1.25e-05
	iters: 100, epoch: 5 | loss: 0.0470188
	speed: 0.0753s/iter; left time: 61.2387s
Epoch: 5 cost time: 6.613909482955933
Epoch: 5, Steps: 152 | Train Loss: 0.0429189 Vali Loss: 2.1687658 Test Loss: 1.7866415
Validation loss decreased (2.192929 --> 2.168766).  Saving model ...
Updating learning rate to 6.25e-06
	iters: 100, epoch: 6 | loss: 0.0424757
	speed: 0.0755s/iter; left time: 49.8915s
Epoch: 6 cost time: 6.61040472984314
Epoch: 6, Steps: 152 | Train Loss: 0.0416434 Vali Loss: 2.1914129 Test Loss: 1.7976536
EarlyStopping counter: 1 out of 3
Updating learning rate to 3.125e-06
	iters: 100, epoch: 7 | loss: 0.0451119
	speed: 0.0733s/iter; left time: 37.3015s
Epoch: 7 cost time: 6.611672401428223
Epoch: 7, Steps: 152 | Train Loss: 0.0409951 Vali Loss: 2.1772172 Test Loss: 1.7872851
EarlyStopping counter: 2 out of 3
Updating learning rate to 1.5625e-06
	iters: 100, epoch: 8 | loss: 0.0361047
	speed: 0.0733s/iter; left time: 26.1703s
Epoch: 8 cost time: 6.6122260093688965
Epoch: 8, Steps: 152 | Train Loss: 0.0406441 Vali Loss: 2.1670065 Test Loss: 1.7731569
Validation loss decreased (2.168766 --> 2.167006).  Saving model ...
Updating learning rate to 7.8125e-07
	iters: 100, epoch: 9 | loss: 0.0377361
	speed: 0.0761s/iter; left time: 15.5945s
Epoch: 9 cost time: 6.609362602233887
Epoch: 9, Steps: 152 | Train Loss: 0.0404619 Vali Loss: 2.1702602 Test Loss: 1.7746062
EarlyStopping counter: 1 out of 3
Updating learning rate to 3.90625e-07
	iters: 100, epoch: 10 | loss: 0.0332699
	speed: 0.0734s/iter; left time: 3.8919s
Epoch: 10 cost time: 6.631155729293823
Epoch: 10, Steps: 152 | Train Loss: 0.0403609 Vali Loss: 2.1572618 Test Loss: 1.7717229
Validation loss decreased (2.167006 --> 2.157262).  Saving model ...
Updating learning rate to 1.953125e-07
>>>>>>>testing : exchange_336_Transformer_custom_ftM_sl96_ll48_pl336_dm512_nh8_el2_dl1_df2048_fc3_ebtimeF_dtTrue_Exp_0_seed15726<<<<<<<<<<<<<<<<<<<<<<<<<<<<<<<<<
test 1182
mse:1.771945834159851, mae:1.0438463687896729
