Args in experiment:
Namespace(activation='gelu', batch_size=32, c_out=7, checkpoints='./checkpoints/', d_ff=2048, d_layers=1, d_model=512, data='ETTm1', data_path='ETTm1.csv', dec_in=7, des='Exp', devices='0,1,2,3', distil=True, do_predict=False, dropout=0.05, e_layers=2, embed='timeF', embed_type=0, enc_in=7, factor=3, features='M', freq='h', gpu=0, individual=False, is_training=1, itr=1, label_len=48, learning_rate=0.0001, loss='mse', lradj='type1', model='Transformer', model_id='ETTm1_192', moving_avg=25, n_heads=8, num_workers=0, output_attention=False, patience=3, pred_len=192, root_path='./dataset/', seed=3144, seq_len=96, target='OT', test_flop=False, train_epochs=10, train_only=False, use_amp=False, use_gpu=True, use_multi_gpu=False)
Use GPU: cuda:0
>>>>>>>start training : ETTm1_192_Transformer_ETTm1_ftM_sl96_ll48_pl192_dm512_nh8_el2_dl1_df2048_fc3_ebtimeF_dtTrue_Exp_0_seed3144>>>>>>>>>>>>>>>>>>>>>>>>>>
train 34273
val 11329
test 11329
	iters: 100, epoch: 1 | loss: 0.4309072
	speed: 0.0616s/iter; left time: 653.6254s
	iters: 200, epoch: 1 | loss: 0.2992100
	speed: 0.0318s/iter; left time: 333.9907s
	iters: 300, epoch: 1 | loss: 0.3243798
	speed: 0.0317s/iter; left time: 329.8277s
	iters: 400, epoch: 1 | loss: 0.2789813
	speed: 0.0318s/iter; left time: 327.4046s
	iters: 500, epoch: 1 | loss: 0.2899890
	speed: 0.0317s/iter; left time: 324.0078s
	iters: 600, epoch: 1 | loss: 0.2131539
	speed: 0.0318s/iter; left time: 321.1081s
	iters: 700, epoch: 1 | loss: 0.2457467
	speed: 0.0317s/iter; left time: 317.8490s
	iters: 800, epoch: 1 | loss: 0.2336276
	speed: 0.0317s/iter; left time: 314.2610s
	iters: 900, epoch: 1 | loss: 0.1834989
	speed: 0.0318s/iter; left time: 311.6313s
	iters: 1000, epoch: 1 | loss: 0.1924032
	speed: 0.0317s/iter; left time: 308.2508s
Epoch: 1 cost time: 36.984620809555054
Epoch: 1, Steps: 1071 | Train Loss: 0.2780621 Vali Loss: 0.8179723 Test Loss: 0.7424223
Validation loss decreased (inf --> 0.817972).  Saving model ...
Updating learning rate to 0.0001
	iters: 100, epoch: 2 | loss: 0.1736508
	speed: 0.1297s/iter; left time: 1237.1197s
	iters: 200, epoch: 2 | loss: 0.1954030
	speed: 0.0317s/iter; left time: 299.3409s
	iters: 300, epoch: 2 | loss: 0.1704033
	speed: 0.0317s/iter; left time: 296.0453s
	iters: 400, epoch: 2 | loss: 0.1534033
	speed: 0.0317s/iter; left time: 292.6399s
	iters: 500, epoch: 2 | loss: 0.1509623
	speed: 0.0317s/iter; left time: 289.7913s
	iters: 600, epoch: 2 | loss: 0.1495882
	speed: 0.0317s/iter; left time: 286.5067s
	iters: 700, epoch: 2 | loss: 0.1367453
	speed: 0.0317s/iter; left time: 283.2281s
	iters: 800, epoch: 2 | loss: 0.1367411
	speed: 0.0318s/iter; left time: 280.8304s
	iters: 900, epoch: 2 | loss: 0.1333063
	speed: 0.0317s/iter; left time: 277.1815s
	iters: 1000, epoch: 2 | loss: 0.1187411
	speed: 0.0317s/iter; left time: 274.1036s
Epoch: 2 cost time: 33.95132827758789
Epoch: 2, Steps: 1071 | Train Loss: 0.1514762 Vali Loss: 0.8958769 Test Loss: 0.7956088
EarlyStopping counter: 1 out of 3
Updating learning rate to 5e-05
	iters: 100, epoch: 3 | loss: 0.1029095
	speed: 0.1267s/iter; left time: 1073.3656s
	iters: 200, epoch: 3 | loss: 0.1038239
	speed: 0.0317s/iter; left time: 265.2316s
	iters: 300, epoch: 3 | loss: 0.0979964
	speed: 0.0317s/iter; left time: 262.2521s
	iters: 400, epoch: 3 | loss: 0.1000541
	speed: 0.0317s/iter; left time: 259.0583s
	iters: 500, epoch: 3 | loss: 0.0894176
	speed: 0.0316s/iter; left time: 255.3551s
	iters: 600, epoch: 3 | loss: 0.1012421
	speed: 0.0317s/iter; left time: 252.2833s
	iters: 700, epoch: 3 | loss: 0.0942072
	speed: 0.0317s/iter; left time: 249.2476s
	iters: 800, epoch: 3 | loss: 0.0880307
	speed: 0.0317s/iter; left time: 246.2820s
	iters: 900, epoch: 3 | loss: 0.0923501
	speed: 0.0318s/iter; left time: 243.7667s
	iters: 1000, epoch: 3 | loss: 0.0935445
	speed: 0.0318s/iter; left time: 240.5999s
Epoch: 3 cost time: 33.948596239089966
Epoch: 3, Steps: 1071 | Train Loss: 0.0967009 Vali Loss: 0.9022675 Test Loss: 0.8002350
EarlyStopping counter: 2 out of 3
Updating learning rate to 2.5e-05
	iters: 100, epoch: 4 | loss: 0.0802389
	speed: 0.1263s/iter; left time: 934.5578s
	iters: 200, epoch: 4 | loss: 0.0727524
	speed: 0.0317s/iter; left time: 231.2747s
	iters: 300, epoch: 4 | loss: 0.0821393
	speed: 0.0316s/iter; left time: 227.7460s
	iters: 400, epoch: 4 | loss: 0.0803782
	speed: 0.0317s/iter; left time: 224.7186s
	iters: 500, epoch: 4 | loss: 0.0759922
	speed: 0.0317s/iter; left time: 221.6148s
	iters: 600, epoch: 4 | loss: 0.0841348
	speed: 0.0317s/iter; left time: 218.3218s
	iters: 700, epoch: 4 | loss: 0.0851697
	speed: 0.0317s/iter; left time: 215.4102s
	iters: 800, epoch: 4 | loss: 0.0756440
	speed: 0.0317s/iter; left time: 212.1093s
	iters: 900, epoch: 4 | loss: 0.0746723
	speed: 0.0317s/iter; left time: 209.1033s
	iters: 1000, epoch: 4 | loss: 0.0758332
	speed: 0.0317s/iter; left time: 205.6942s
Epoch: 4 cost time: 33.901216983795166
Epoch: 4, Steps: 1071 | Train Loss: 0.0800586 Vali Loss: 0.8815734 Test Loss: 0.7689176
EarlyStopping counter: 3 out of 3
Early stopping
>>>>>>>testing : ETTm1_192_Transformer_ETTm1_ftM_sl96_ll48_pl192_dm512_nh8_el2_dl1_df2048_fc3_ebtimeF_dtTrue_Exp_0_seed3144<<<<<<<<<<<<<<<<<<<<<<<<<<<<<<<<<
test 11329
mse:0.7435836791992188, mae:0.6521960496902466
