Args in experiment:
Namespace(activation='gelu', batch_size=32, c_out=7, checkpoints='./checkpoints/', d_ff=2048, d_layers=1, d_model=512, data='ETTh1', data_path='ETTh1.csv', dec_in=7, des='Exp', devices='0,1,2,3', distil=True, do_predict=False, dropout=0.05, e_layers=2, embed='timeF', embed_type=0, enc_in=7, factor=3, features='M', freq='h', gpu=0, individual=False, is_training=1, itr=1, label_len=48, learning_rate=0.0001, loss='mse', lradj='type1', model='Transformer', model_id='ETTh1_336', moving_avg=25, n_heads=8, num_workers=0, output_attention=False, patience=3, pred_len=336, root_path='./dataset/', seed=3144, seq_len=96, target='OT', test_flop=False, train_epochs=10, train_only=False, use_amp=False, use_gpu=True, use_multi_gpu=False)
Use GPU: cuda:0
>>>>>>>start training : ETTh1_336_Transformer_ETTh1_ftM_sl96_ll48_pl336_dm512_nh8_el2_dl1_df2048_fc3_ebtimeF_dtTrue_Exp_0_seed3144>>>>>>>>>>>>>>>>>>>>>>>>>>
train 8209
val 2545
test 2545
	iters: 100, epoch: 1 | loss: 0.4913858
	speed: 0.0742s/iter; left time: 182.7091s
	iters: 200, epoch: 1 | loss: 0.3679543
	speed: 0.0438s/iter; left time: 103.4352s
Epoch: 1 cost time: 14.258498430252075
Epoch: 1, Steps: 256 | Train Loss: 0.4719366 Vali Loss: 1.3341843 Test Loss: 1.0435057
Validation loss decreased (inf --> 1.334184).  Saving model ...
Updating learning rate to 0.0001
	iters: 100, epoch: 2 | loss: 0.2962784
	speed: 0.0932s/iter; left time: 205.4499s
	iters: 200, epoch: 2 | loss: 0.2618577
	speed: 0.0436s/iter; left time: 91.8264s
Epoch: 2 cost time: 11.151678562164307
Epoch: 2, Steps: 256 | Train Loss: 0.2956004 Vali Loss: 1.3256782 Test Loss: 1.1268070
Validation loss decreased (1.334184 --> 1.325678).  Saving model ...
Updating learning rate to 5e-05
	iters: 100, epoch: 3 | loss: 0.2266466
	speed: 0.0935s/iter; left time: 182.1805s
	iters: 200, epoch: 3 | loss: 0.2431591
	speed: 0.0437s/iter; left time: 80.7167s
Epoch: 3 cost time: 11.155516862869263
Epoch: 3, Steps: 256 | Train Loss: 0.2542424 Vali Loss: 1.3282031 Test Loss: 1.1152251
EarlyStopping counter: 1 out of 3
Updating learning rate to 2.5e-05
	iters: 100, epoch: 4 | loss: 0.2401396
	speed: 0.0902s/iter; left time: 152.6980s
	iters: 200, epoch: 4 | loss: 0.2315256
	speed: 0.0437s/iter; left time: 69.6545s
Epoch: 4 cost time: 11.174251317977905
Epoch: 4, Steps: 256 | Train Loss: 0.2374903 Vali Loss: 1.3404700 Test Loss: 1.1051090
EarlyStopping counter: 2 out of 3
Updating learning rate to 1.25e-05
	iters: 100, epoch: 5 | loss: 0.2333888
	speed: 0.0905s/iter; left time: 130.0797s
	iters: 200, epoch: 5 | loss: 0.2282154
	speed: 0.0437s/iter; left time: 58.4493s
Epoch: 5 cost time: 11.181413650512695
Epoch: 5, Steps: 256 | Train Loss: 0.2292435 Vali Loss: 1.3403653 Test Loss: 1.1219783
EarlyStopping counter: 3 out of 3
Early stopping
>>>>>>>testing : ETTh1_336_Transformer_ETTh1_ftM_sl96_ll48_pl336_dm512_nh8_el2_dl1_df2048_fc3_ebtimeF_dtTrue_Exp_0_seed3144<<<<<<<<<<<<<<<<<<<<<<<<<<<<<<<<<
test 2545
mse:1.1265674829483032, mae:0.8666238188743591
