Args in experiment:
Namespace(activation='gelu', batch_size=32, c_out=8, checkpoints='./checkpoints/', d_ff=2048, d_layers=1, d_model=512, data='custom', data_path='exchange_rate.csv', dec_in=8, des='Exp', devices='0,1,2,3', distil=True, do_predict=False, dropout=0.05, e_layers=2, embed='timeF', embed_type=0, enc_in=8, factor=3, features='M', freq='h', gpu=0, individual=False, is_training=1, itr=1, label_len=48, learning_rate=0.0001, loss='mse', lradj='type1', model='Transformer', model_id='exchange_192', moving_avg=25, n_heads=8, num_workers=0, output_attention=False, patience=3, pred_len=192, root_path='./dataset/', seed=3144, seq_len=96, target='OT', test_flop=False, train_epochs=10, train_only=False, use_amp=False, use_gpu=True, use_multi_gpu=False)
Use GPU: cuda:0
>>>>>>>start training : exchange_192_Transformer_custom_ftM_sl96_ll48_pl192_dm512_nh8_el2_dl1_df2048_fc3_ebtimeF_dtTrue_Exp_0_seed3144>>>>>>>>>>>>>>>>>>>>>>>>>>
train 5024
val 569
test 1326
	iters: 100, epoch: 1 | loss: 0.0859209
	speed: 0.0619s/iter; left time: 90.9980s
Epoch: 1 cost time: 8.00576901435852
Epoch: 1, Steps: 157 | Train Loss: 0.1595319 Vali Loss: 0.7503464 Test Loss: 1.2697737
Validation loss decreased (inf --> 0.750346).  Saving model ...
Updating learning rate to 0.0001
	iters: 100, epoch: 2 | loss: 0.0540601
	speed: 0.0577s/iter; left time: 75.8257s
Epoch: 2 cost time: 4.954335689544678
Epoch: 2, Steps: 157 | Train Loss: 0.0587479 Vali Loss: 0.6738210 Test Loss: 1.2303197
Validation loss decreased (0.750346 --> 0.673821).  Saving model ...
Updating learning rate to 5e-05
	iters: 100, epoch: 3 | loss: 0.0452652
	speed: 0.0581s/iter; left time: 67.2376s
Epoch: 3 cost time: 4.967954397201538
Epoch: 3, Steps: 157 | Train Loss: 0.0420401 Vali Loss: 0.6494032 Test Loss: 1.2258418
Validation loss decreased (0.673821 --> 0.649403).  Saving model ...
Updating learning rate to 2.5e-05
	iters: 100, epoch: 4 | loss: 0.0349403
	speed: 0.0581s/iter; left time: 58.1213s
Epoch: 4 cost time: 4.966346025466919
Epoch: 4, Steps: 157 | Train Loss: 0.0363513 Vali Loss: 0.6967875 Test Loss: 1.2493126
EarlyStopping counter: 1 out of 3
Updating learning rate to 1.25e-05
	iters: 100, epoch: 5 | loss: 0.0366334
	speed: 0.0558s/iter; left time: 47.0190s
Epoch: 5 cost time: 4.966916799545288
Epoch: 5, Steps: 157 | Train Loss: 0.0337307 Vali Loss: 0.6836321 Test Loss: 1.2392184
EarlyStopping counter: 2 out of 3
Updating learning rate to 6.25e-06
	iters: 100, epoch: 6 | loss: 0.0320177
	speed: 0.0559s/iter; left time: 38.3299s
Epoch: 6 cost time: 4.97249436378479
Epoch: 6, Steps: 157 | Train Loss: 0.0325201 Vali Loss: 0.6683339 Test Loss: 1.2262046
EarlyStopping counter: 3 out of 3
Early stopping
>>>>>>>testing : exchange_192_Transformer_custom_ftM_sl96_ll48_pl192_dm512_nh8_el2_dl1_df2048_fc3_ebtimeF_dtTrue_Exp_0_seed3144<<<<<<<<<<<<<<<<<<<<<<<<<<<<<<<<<
test 1326
mse:1.2307991981506348, mae:0.8517327308654785
