Args in experiment:
Namespace(activation='gelu', batch_size=32, c_out=7, checkpoints='./checkpoints/', d_ff=2048, d_layers=1, d_model=512, data='ETTh2', data_path='ETTh2.csv', dec_in=7, des='Exp', devices='0,1,2,3', distil=True, do_predict=False, dropout=0.05, e_layers=2, embed='timeF', embed_type=0, enc_in=7, factor=3, features='M', freq='h', gpu=0, individual=False, is_training=1, itr=1, label_len=48, learning_rate=0.0001, loss='mse', lradj='type1', model='Transformer', model_id='ETTh2_336', moving_avg=25, n_heads=8, num_workers=0, output_attention=False, patience=3, pred_len=336, root_path='./dataset/', seed=3144, seq_len=96, target='OT', test_flop=False, train_epochs=10, train_only=False, use_amp=False, use_gpu=True, use_multi_gpu=False)
Use GPU: cuda:0
>>>>>>>start training : ETTh2_336_Transformer_ETTh2_ftM_sl96_ll48_pl336_dm512_nh8_el2_dl1_df2048_fc3_ebtimeF_dtTrue_Exp_0_seed3144>>>>>>>>>>>>>>>>>>>>>>>>>>
train 8209
val 2545
test 2545
	iters: 100, epoch: 1 | loss: 0.2998864
	speed: 0.0734s/iter; left time: 180.5523s
	iters: 200, epoch: 1 | loss: 0.3104351
	speed: 0.0437s/iter; left time: 103.2667s
Epoch: 1 cost time: 14.165390729904175
Epoch: 1, Steps: 256 | Train Loss: 0.3769240 Vali Loss: 1.0171735 Test Loss: 4.5732393
Validation loss decreased (inf --> 1.017174).  Saving model ...
Updating learning rate to 0.0001
	iters: 100, epoch: 2 | loss: 0.2325260
	speed: 0.0928s/iter; left time: 204.6049s
	iters: 200, epoch: 2 | loss: 0.2158944
	speed: 0.0438s/iter; left time: 92.2478s
Epoch: 2 cost time: 11.196217775344849
Epoch: 2, Steps: 256 | Train Loss: 0.2320562 Vali Loss: 1.2620318 Test Loss: 5.8441672
EarlyStopping counter: 1 out of 3
Updating learning rate to 5e-05
	iters: 100, epoch: 3 | loss: 0.1776774
	speed: 0.0904s/iter; left time: 176.1895s
	iters: 200, epoch: 3 | loss: 0.1755670
	speed: 0.0436s/iter; left time: 80.5866s
Epoch: 3 cost time: 11.152218341827393
Epoch: 3, Steps: 256 | Train Loss: 0.1871320 Vali Loss: 1.2296884 Test Loss: 4.9658866
EarlyStopping counter: 2 out of 3
Updating learning rate to 2.5e-05
	iters: 100, epoch: 4 | loss: 0.2355809
	speed: 0.0901s/iter; left time: 152.5766s
	iters: 200, epoch: 4 | loss: 0.1746571
	speed: 0.0436s/iter; left time: 69.4044s
Epoch: 4 cost time: 11.137125015258789
Epoch: 4, Steps: 256 | Train Loss: 0.1717236 Vali Loss: 1.3122255 Test Loss: 5.1815972
EarlyStopping counter: 3 out of 3
Early stopping
>>>>>>>testing : ETTh2_336_Transformer_ETTh2_ftM_sl96_ll48_pl336_dm512_nh8_el2_dl1_df2048_fc3_ebtimeF_dtTrue_Exp_0_seed3144<<<<<<<<<<<<<<<<<<<<<<<<<<<<<<<<<
test 2545
mse:4.556964874267578, mae:1.730629324913025
