Args in experiment:
Namespace(activation='gelu', batch_size=32, c_out=7, checkpoints='./checkpoints/', d_ff=2048, d_layers=1, d_model=512, data='custom', data_path='national_illness.csv', dec_in=7, des='Exp', devices='0,1,2,3', distil=True, do_predict=False, dropout=0.05, e_layers=2, embed='timeF', embed_type=0, enc_in=7, factor=3, features='M', freq='h', gpu=0, individual=False, is_training=1, itr=1, label_len=18, learning_rate=0.0001, loss='mse', lradj='type1', model='Transformer', model_id='ili_24', moving_avg=25, n_heads=8, num_workers=0, output_attention=False, patience=3, pred_len=24, root_path='./dataset/', seed=28649, seq_len=36, target='OT', test_flop=False, train_epochs=10, train_only=False, use_amp=False, use_gpu=True, use_multi_gpu=False)
Use GPU: cuda:0
>>>>>>>start training : ili_24_Transformer_custom_ftM_sl36_ll18_pl24_dm512_nh8_el2_dl1_df2048_fc3_ebtimeF_dtTrue_Exp_0_seed28649>>>>>>>>>>>>>>>>>>>>>>>>>>
train 617
val 74
test 170
Epoch: 1 cost time: 3.209735870361328
Epoch: 1, Steps: 19 | Train Loss: 0.7097862 Vali Loss: 0.4704562 Test Loss: 5.0834298
Validation loss decreased (inf --> 0.470456).  Saving model ...
Updating learning rate to 0.0001
Epoch: 2 cost time: 0.26810336112976074
Epoch: 2, Steps: 19 | Train Loss: 0.4417405 Vali Loss: 0.3256082 Test Loss: 4.8856835
Validation loss decreased (0.470456 --> 0.325608).  Saving model ...
Updating learning rate to 5e-05
Epoch: 3 cost time: 0.2541499137878418
Epoch: 3, Steps: 19 | Train Loss: 0.3514090 Vali Loss: 0.2783419 Test Loss: 4.1799526
Validation loss decreased (0.325608 --> 0.278342).  Saving model ...
Updating learning rate to 2.5e-05
Epoch: 4 cost time: 0.2646467685699463
Epoch: 4, Steps: 19 | Train Loss: 0.3207620 Vali Loss: 0.2392741 Test Loss: 4.3470130
Validation loss decreased (0.278342 --> 0.239274).  Saving model ...
Updating learning rate to 1.25e-05
Epoch: 5 cost time: 0.25414562225341797
Epoch: 5, Steps: 19 | Train Loss: 0.3079445 Vali Loss: 0.2181489 Test Loss: 4.4390950
Validation loss decreased (0.239274 --> 0.218149).  Saving model ...
Updating learning rate to 6.25e-06
Epoch: 6 cost time: 0.2561044692993164
Epoch: 6, Steps: 19 | Train Loss: 0.3000540 Vali Loss: 0.2293426 Test Loss: 4.4434767
EarlyStopping counter: 1 out of 3
Updating learning rate to 3.125e-06
Epoch: 7 cost time: 0.24916601181030273
Epoch: 7, Steps: 19 | Train Loss: 0.2957826 Vali Loss: 0.2224069 Test Loss: 4.3831091
EarlyStopping counter: 2 out of 3
Updating learning rate to 1.5625e-06
Epoch: 8 cost time: 0.25716662406921387
Epoch: 8, Steps: 19 | Train Loss: 0.2897838 Vali Loss: 0.2259793 Test Loss: 4.3748546
EarlyStopping counter: 3 out of 3
Early stopping
>>>>>>>testing : ili_24_Transformer_custom_ftM_sl36_ll18_pl24_dm512_nh8_el2_dl1_df2048_fc3_ebtimeF_dtTrue_Exp_0_seed28649<<<<<<<<<<<<<<<<<<<<<<<<<<<<<<<<<
test 170
mse:4.701932907104492, mae:1.459152340888977
