Args in experiment:
Namespace(activation='gelu', batch_size=32, c_out=7, checkpoints='./checkpoints/', d_ff=2048, d_layers=1, d_model=512, data='ETTh2', data_path='ETTh2.csv', dec_in=7, des='Exp', devices='0,1,2,3', distil=True, do_predict=False, dropout=0.05, e_layers=2, embed='timeF', embed_type=0, enc_in=7, factor=3, features='M', freq='h', gpu=0, individual=False, is_training=1, itr=1, label_len=48, learning_rate=0.0001, loss='mse', lradj='type1', model='Transformer', model_id='ETTh2_336', moving_avg=25, n_heads=8, num_workers=0, output_attention=False, patience=3, pred_len=336, root_path='./dataset/', seed=15726, seq_len=96, target='OT', test_flop=False, train_epochs=10, train_only=False, use_amp=False, use_gpu=True, use_multi_gpu=False)
Use GPU: cuda:0
>>>>>>>start training : ETTh2_336_Transformer_ETTh2_ftM_sl96_ll48_pl336_dm512_nh8_el2_dl1_df2048_fc3_ebtimeF_dtTrue_Exp_0_seed15726>>>>>>>>>>>>>>>>>>>>>>>>>>
train 8209
val 2545
test 2545
	iters: 100, epoch: 1 | loss: 0.5211697
	speed: 0.0732s/iter; left time: 180.2523s
	iters: 200, epoch: 1 | loss: 0.2740349
	speed: 0.0435s/iter; left time: 102.6310s
Epoch: 1 cost time: 14.115199089050293
Epoch: 1, Steps: 256 | Train Loss: 0.3747034 Vali Loss: 0.8866879 Test Loss: 3.6072602
Validation loss decreased (inf --> 0.886688).  Saving model ...
Updating learning rate to 0.0001
	iters: 100, epoch: 2 | loss: 0.2642660
	speed: 0.0931s/iter; left time: 205.1984s
	iters: 200, epoch: 2 | loss: 0.2040115
	speed: 0.0436s/iter; left time: 91.8113s
Epoch: 2 cost time: 11.133455753326416
Epoch: 2, Steps: 256 | Train Loss: 0.2371053 Vali Loss: 0.9278963 Test Loss: 3.6279540
EarlyStopping counter: 1 out of 3
Updating learning rate to 5e-05
	iters: 100, epoch: 3 | loss: 0.2011424
	speed: 0.0900s/iter; left time: 175.3707s
	iters: 200, epoch: 3 | loss: 0.1881861
	speed: 0.0435s/iter; left time: 80.4558s
Epoch: 3 cost time: 11.118535041809082
Epoch: 3, Steps: 256 | Train Loss: 0.1909027 Vali Loss: 0.9304174 Test Loss: 3.5408401
EarlyStopping counter: 2 out of 3
Updating learning rate to 2.5e-05
	iters: 100, epoch: 4 | loss: 0.2171246
	speed: 0.0900s/iter; left time: 152.4234s
	iters: 200, epoch: 4 | loss: 0.1808027
	speed: 0.0435s/iter; left time: 69.3402s
Epoch: 4 cost time: 11.131330728530884
Epoch: 4, Steps: 256 | Train Loss: 0.1737323 Vali Loss: 0.9447623 Test Loss: 3.3559990
EarlyStopping counter: 3 out of 3
Early stopping
>>>>>>>testing : ETTh2_336_Transformer_ETTh2_ftM_sl96_ll48_pl336_dm512_nh8_el2_dl1_df2048_fc3_ebtimeF_dtTrue_Exp_0_seed15726<<<<<<<<<<<<<<<<<<<<<<<<<<<<<<<<<
test 2545
mse:3.5933425426483154, mae:1.5634654760360718
