Args in experiment:
Namespace(activation='gelu', batch_size=32, c_out=7, checkpoints='./checkpoints/', d_ff=2048, d_layers=1, d_model=512, data='ETTh2', data_path='ETTh2.csv', dec_in=7, des='Exp', devices='0,1,2,3', distil=True, do_predict=False, dropout=0.05, e_layers=2, embed='timeF', embed_type=0, enc_in=7, factor=3, features='M', freq='h', gpu=0, individual=False, is_training=1, itr=1, label_len=48, learning_rate=0.0001, loss='mse', lradj='type1', model='Transformer', model_id='ETTh2_336', moving_avg=25, n_heads=8, num_workers=0, output_attention=False, patience=3, pred_len=336, root_path='./dataset/', seed=32598, seq_len=96, target='OT', test_flop=False, train_epochs=10, train_only=False, use_amp=False, use_gpu=True, use_multi_gpu=False)
Use GPU: cuda:0
>>>>>>>start training : ETTh2_336_Transformer_ETTh2_ftM_sl96_ll48_pl336_dm512_nh8_el2_dl1_df2048_fc3_ebtimeF_dtTrue_Exp_0_seed32598>>>>>>>>>>>>>>>>>>>>>>>>>>
train 8209
val 2545
test 2545
	iters: 100, epoch: 1 | loss: 0.3378493
	speed: 0.0732s/iter; left time: 180.2234s
	iters: 200, epoch: 1 | loss: 0.3596109
	speed: 0.0436s/iter; left time: 102.8587s
Epoch: 1 cost time: 14.122506141662598
Epoch: 1, Steps: 256 | Train Loss: 0.3770770 Vali Loss: 1.0112993 Test Loss: 3.8886440
Validation loss decreased (inf --> 1.011299).  Saving model ...
Updating learning rate to 0.0001
	iters: 100, epoch: 2 | loss: 0.2436047
	speed: 0.0921s/iter; left time: 203.0831s
	iters: 200, epoch: 2 | loss: 0.2072723
	speed: 0.0435s/iter; left time: 91.6377s
Epoch: 2 cost time: 11.127095222473145
Epoch: 2, Steps: 256 | Train Loss: 0.2410763 Vali Loss: 0.9866673 Test Loss: 3.5294242
Validation loss decreased (1.011299 --> 0.986667).  Saving model ...
Updating learning rate to 5e-05
	iters: 100, epoch: 3 | loss: 0.2047100
	speed: 0.0929s/iter; left time: 181.0940s
	iters: 200, epoch: 3 | loss: 0.1797950
	speed: 0.0435s/iter; left time: 80.4697s
Epoch: 3 cost time: 11.123520851135254
Epoch: 3, Steps: 256 | Train Loss: 0.1957203 Vali Loss: 1.1184603 Test Loss: 4.2598934
EarlyStopping counter: 1 out of 3
Updating learning rate to 2.5e-05
	iters: 100, epoch: 4 | loss: 0.1757580
	speed: 0.0899s/iter; left time: 152.1714s
	iters: 200, epoch: 4 | loss: 0.2035448
	speed: 0.0435s/iter; left time: 69.3254s
Epoch: 4 cost time: 11.116472005844116
Epoch: 4, Steps: 256 | Train Loss: 0.1788595 Vali Loss: 1.1581292 Test Loss: 4.0263219
EarlyStopping counter: 2 out of 3
Updating learning rate to 1.25e-05
	iters: 100, epoch: 5 | loss: 0.1715731
	speed: 0.0899s/iter; left time: 129.1156s
	iters: 200, epoch: 5 | loss: 0.2157221
	speed: 0.0436s/iter; left time: 58.2460s
Epoch: 5 cost time: 11.136780500411987
Epoch: 5, Steps: 256 | Train Loss: 0.1716690 Vali Loss: 1.1541876 Test Loss: 3.9831147
EarlyStopping counter: 3 out of 3
Early stopping
>>>>>>>testing : ETTh2_336_Transformer_ETTh2_ftM_sl96_ll48_pl336_dm512_nh8_el2_dl1_df2048_fc3_ebtimeF_dtTrue_Exp_0_seed32598<<<<<<<<<<<<<<<<<<<<<<<<<<<<<<<<<
test 2545
mse:3.5197012424468994, mae:1.5038809776306152
