Args in experiment:
Namespace(activation='gelu', batch_size=32, c_out=7, checkpoints='./checkpoints/', d_ff=2048, d_layers=1, d_model=512, data='custom', data_path='national_illness.csv', dec_in=7, des='Exp', devices='0,1,2,3', distil=True, do_predict=False, dropout=0.05, e_layers=2, embed='timeF', embed_type=0, enc_in=7, factor=3, features='M', freq='h', gpu=0, individual=False, is_training=1, itr=1, label_len=18, learning_rate=0.0001, loss='mse', lradj='type1', model='Transformer', model_id='ili_36', moving_avg=25, n_heads=8, num_workers=0, output_attention=False, patience=3, pred_len=36, root_path='./dataset/', seed=3144, seq_len=36, target='OT', test_flop=False, train_epochs=10, train_only=False, use_amp=False, use_gpu=True, use_multi_gpu=False)
Use GPU: cuda:0
>>>>>>>start training : ili_36_Transformer_custom_ftM_sl36_ll18_pl36_dm512_nh8_el2_dl1_df2048_fc3_ebtimeF_dtTrue_Exp_0_seed3144>>>>>>>>>>>>>>>>>>>>>>>>>>
train 605
val 62
test 158
Epoch: 1 cost time: 3.372358560562134
Epoch: 1, Steps: 18 | Train Loss: 0.7793894 Vali Loss: 0.4756553 Test Loss: 4.4333563
Validation loss decreased (inf --> 0.475655).  Saving model ...
Updating learning rate to 0.0001
Epoch: 2 cost time: 0.26721763610839844
Epoch: 2, Steps: 18 | Train Loss: 0.5028009 Vali Loss: 0.3575752 Test Loss: 4.3788099
Validation loss decreased (0.475655 --> 0.357575).  Saving model ...
Updating learning rate to 5e-05
Epoch: 3 cost time: 0.2521083354949951
Epoch: 3, Steps: 18 | Train Loss: 0.4193282 Vali Loss: 0.2921420 Test Loss: 4.5433874
Validation loss decreased (0.357575 --> 0.292142).  Saving model ...
Updating learning rate to 2.5e-05
Epoch: 4 cost time: 0.2601296901702881
Epoch: 4, Steps: 18 | Train Loss: 0.3820480 Vali Loss: 0.3007004 Test Loss: 4.3695688
EarlyStopping counter: 1 out of 3
Updating learning rate to 1.25e-05
Epoch: 5 cost time: 0.25614356994628906
Epoch: 5, Steps: 18 | Train Loss: 0.3642607 Vali Loss: 0.2791211 Test Loss: 4.4171157
Validation loss decreased (0.292142 --> 0.279121).  Saving model ...
Updating learning rate to 6.25e-06
Epoch: 6 cost time: 0.2641456127166748
Epoch: 6, Steps: 18 | Train Loss: 0.3508627 Vali Loss: 0.3191326 Test Loss: 4.3352780
EarlyStopping counter: 1 out of 3
Updating learning rate to 3.125e-06
Epoch: 7 cost time: 0.25514650344848633
Epoch: 7, Steps: 18 | Train Loss: 0.3555957 Vali Loss: 0.2731220 Test Loss: 4.3368502
Validation loss decreased (0.279121 --> 0.273122).  Saving model ...
Updating learning rate to 1.5625e-06
Epoch: 8 cost time: 0.2850918769836426
Epoch: 8, Steps: 18 | Train Loss: 0.3518478 Vali Loss: 0.2768057 Test Loss: 4.3314700
EarlyStopping counter: 1 out of 3
Updating learning rate to 7.8125e-07
Epoch: 9 cost time: 0.27507972717285156
Epoch: 9, Steps: 18 | Train Loss: 0.3418269 Vali Loss: 0.2589954 Test Loss: 4.3233404
Validation loss decreased (0.273122 --> 0.258995).  Saving model ...
Updating learning rate to 3.90625e-07
Epoch: 10 cost time: 0.27109217643737793
Epoch: 10, Steps: 18 | Train Loss: 0.3562236 Vali Loss: 0.2711234 Test Loss: 4.3253527
EarlyStopping counter: 1 out of 3
Updating learning rate to 1.953125e-07
>>>>>>>testing : ili_36_Transformer_custom_ftM_sl36_ll18_pl36_dm512_nh8_el2_dl1_df2048_fc3_ebtimeF_dtTrue_Exp_0_seed3144<<<<<<<<<<<<<<<<<<<<<<<<<<<<<<<<<
test 158
mse:4.33935022354126, mae:1.3839106559753418
