Args in experiment:
Namespace(activation='gelu', batch_size=32, c_out=862, checkpoints='./checkpoints/', d_ff=2048, d_layers=1, d_model=512, data='custom', data_path='traffic.csv', dec_in=862, des='Exp', devices='0,1,2,3', distil=True, do_predict=False, dropout=0.05, e_layers=2, embed='timeF', embed_type=0, enc_in=862, factor=3, features='M', freq='h', gpu=0, individual=False, is_training=1, itr=1, label_len=48, learning_rate=0.0001, loss='mse', lradj='type1', model='Transformer', model_id='traffic_192', moving_avg=25, n_heads=8, num_workers=0, output_attention=False, patience=3, pred_len=192, root_path='./dataset/', seed=12890, seq_len=96, target='OT', test_flop=False, train_epochs=10, train_only=False, use_amp=False, use_gpu=True, use_multi_gpu=False)
Use GPU: cuda:0
>>>>>>>start training : traffic_192_Transformer_custom_ftM_sl96_ll48_pl192_dm512_nh8_el2_dl1_df2048_fc3_ebtimeF_dtTrue_Exp_0_seed12890>>>>>>>>>>>>>>>>>>>>>>>>>>
train 11993
val 1565
test 3317
	iters: 100, epoch: 1 | loss: 0.5170063
	speed: 0.0758s/iter; left time: 275.8904s
	iters: 200, epoch: 1 | loss: 0.3753874
	speed: 0.0459s/iter; left time: 162.6549s
	iters: 300, epoch: 1 | loss: 0.3131612
	speed: 0.0460s/iter; left time: 158.1557s
Epoch: 1 cost time: 20.162744283676147
Epoch: 1, Steps: 374 | Train Loss: 0.4715461 Vali Loss: 0.5288664 Test Loss: 0.6843469
Validation loss decreased (inf --> 0.528866).  Saving model ...
Updating learning rate to 0.0001
	iters: 100, epoch: 2 | loss: 0.2787336
	speed: 0.1770s/iter; left time: 578.3444s
	iters: 200, epoch: 2 | loss: 0.2784226
	speed: 0.0481s/iter; left time: 152.4156s
	iters: 300, epoch: 2 | loss: 0.2526509
	speed: 0.0484s/iter; left time: 148.4123s
Epoch: 2 cost time: 18.045341730117798
Epoch: 2, Steps: 374 | Train Loss: 0.2672552 Vali Loss: 0.4952395 Test Loss: 0.6674135
Validation loss decreased (0.528866 --> 0.495239).  Saving model ...
Updating learning rate to 5e-05
	iters: 100, epoch: 3 | loss: 0.2377252
	speed: 0.1767s/iter; left time: 511.1428s
	iters: 200, epoch: 3 | loss: 0.2331129
	speed: 0.0462s/iter; left time: 129.0120s
	iters: 300, epoch: 3 | loss: 0.2360985
	speed: 0.0462s/iter; left time: 124.4701s
Epoch: 3 cost time: 17.344456911087036
Epoch: 3, Steps: 374 | Train Loss: 0.2390243 Vali Loss: 0.4890088 Test Loss: 0.6685828
Validation loss decreased (0.495239 --> 0.489009).  Saving model ...
Updating learning rate to 2.5e-05
	iters: 100, epoch: 4 | loss: 0.2323306
	speed: 0.1738s/iter; left time: 437.7428s
	iters: 200, epoch: 4 | loss: 0.2236224
	speed: 0.0458s/iter; left time: 110.8418s
	iters: 300, epoch: 4 | loss: 0.2316204
	speed: 0.0458s/iter; left time: 106.2358s
Epoch: 4 cost time: 17.27791929244995
Epoch: 4, Steps: 374 | Train Loss: 0.2286107 Vali Loss: 0.4869053 Test Loss: 0.6622548
Validation loss decreased (0.489009 --> 0.486905).  Saving model ...
Updating learning rate to 1.25e-05
	iters: 100, epoch: 5 | loss: 0.2302360
	speed: 0.1743s/iter; left time: 373.8209s
	iters: 200, epoch: 5 | loss: 0.2318689
	speed: 0.0460s/iter; left time: 94.0336s
	iters: 300, epoch: 5 | loss: 0.2287114
	speed: 0.0462s/iter; left time: 89.7691s
Epoch: 5 cost time: 17.292422771453857
Epoch: 5, Steps: 374 | Train Loss: 0.2235636 Vali Loss: 0.4855073 Test Loss: 0.6649978
Validation loss decreased (0.486905 --> 0.485507).  Saving model ...
Updating learning rate to 6.25e-06
	iters: 100, epoch: 6 | loss: 0.2140894
	speed: 0.1743s/iter; left time: 308.6386s
	iters: 200, epoch: 6 | loss: 0.2182732
	speed: 0.0460s/iter; left time: 76.7848s
	iters: 300, epoch: 6 | loss: 0.2209111
	speed: 0.0477s/iter; left time: 75.0045s
Epoch: 6 cost time: 17.56752061843872
Epoch: 6, Steps: 374 | Train Loss: 0.2210509 Vali Loss: 0.4843258 Test Loss: 0.6684554
Validation loss decreased (0.485507 --> 0.484326).  Saving model ...
Updating learning rate to 3.125e-06
	iters: 100, epoch: 7 | loss: 0.2228574
	speed: 0.1799s/iter; left time: 251.3464s
	iters: 200, epoch: 7 | loss: 0.2199998
	speed: 0.0483s/iter; left time: 62.6697s
	iters: 300, epoch: 7 | loss: 0.2165958
	speed: 0.0476s/iter; left time: 56.9346s
Epoch: 7 cost time: 17.939825296401978
Epoch: 7, Steps: 374 | Train Loss: 0.2197589 Vali Loss: 0.4846950 Test Loss: 0.6684054
EarlyStopping counter: 1 out of 3
Updating learning rate to 1.5625e-06
	iters: 100, epoch: 8 | loss: 0.2211128
	speed: 0.1717s/iter; left time: 175.6821s
	iters: 200, epoch: 8 | loss: 0.2263759
	speed: 0.0463s/iter; left time: 42.7240s
	iters: 300, epoch: 8 | loss: 0.2163279
	speed: 0.0465s/iter; left time: 38.3049s
Epoch: 8 cost time: 17.374030828475952
Epoch: 8, Steps: 374 | Train Loss: 0.2189605 Vali Loss: 0.4849867 Test Loss: 0.6678655
EarlyStopping counter: 2 out of 3
Updating learning rate to 7.8125e-07
	iters: 100, epoch: 9 | loss: 0.2195434
	speed: 0.1725s/iter; left time: 111.9306s
	iters: 200, epoch: 9 | loss: 0.2234183
	speed: 0.0464s/iter; left time: 25.4910s
	iters: 300, epoch: 9 | loss: 0.2087969
	speed: 0.0463s/iter; left time: 20.7962s
Epoch: 9 cost time: 17.42867159843445
Epoch: 9, Steps: 374 | Train Loss: 0.2185782 Vali Loss: 0.4847886 Test Loss: 0.6688631
EarlyStopping counter: 3 out of 3
Early stopping
>>>>>>>testing : traffic_192_Transformer_custom_ftM_sl96_ll48_pl192_dm512_nh8_el2_dl1_df2048_fc3_ebtimeF_dtTrue_Exp_0_seed12890<<<<<<<<<<<<<<<<<<<<<<<<<<<<<<<<<
test 3317
mse:0.6684391498565674, mae:0.3612426817417145
