Args in experiment:
Namespace(activation='gelu', batch_size=32, c_out=7, checkpoints='./checkpoints/', d_ff=2048, d_layers=1, d_model=512, data='ETTh2', data_path='ETTh2.csv', dec_in=7, des='Exp', devices='0,1,2,3', distil=True, do_predict=False, dropout=0.05, e_layers=2, embed='timeF', embed_type=0, enc_in=7, factor=3, features='M', freq='h', gpu=0, individual=False, is_training=1, itr=1, label_len=48, learning_rate=0.0001, loss='mse', lradj='type1', model='Transformer', model_id='ETTh2_720', moving_avg=25, n_heads=8, num_workers=0, output_attention=False, patience=3, pred_len=720, root_path='./dataset/', seed=15726, seq_len=96, target='OT', test_flop=False, train_epochs=10, train_only=False, use_amp=False, use_gpu=True, use_multi_gpu=False)
Use GPU: cuda:0
>>>>>>>start training : ETTh2_720_Transformer_ETTh2_ftM_sl96_ll48_pl720_dm512_nh8_el2_dl1_df2048_fc3_ebtimeF_dtTrue_Exp_0_seed15726>>>>>>>>>>>>>>>>>>>>>>>>>>
train 7825
val 2161
test 2161
	iters: 100, epoch: 1 | loss: 0.3388558
	speed: 0.1216s/iter; left time: 284.6753s
	iters: 200, epoch: 1 | loss: 0.3473648
	speed: 0.0917s/iter; left time: 205.5201s
Epoch: 1 cost time: 25.385656595230103
Epoch: 1, Steps: 244 | Train Loss: 0.4323533 Vali Loss: 0.9582596 Test Loss: 2.8912241
Validation loss decreased (inf --> 0.958260).  Saving model ...
Updating learning rate to 0.0001
	iters: 100, epoch: 2 | loss: 0.2964225
	speed: 0.1807s/iter; left time: 378.8844s
	iters: 200, epoch: 2 | loss: 0.2064064
	speed: 0.0924s/iter; left time: 184.5980s
Epoch: 2 cost time: 22.50559973716736
Epoch: 2, Steps: 244 | Train Loss: 0.2752507 Vali Loss: 0.9850631 Test Loss: 2.4150894
EarlyStopping counter: 1 out of 3
Updating learning rate to 5e-05
	iters: 100, epoch: 3 | loss: 0.2135293
	speed: 0.1777s/iter; left time: 329.3119s
	iters: 200, epoch: 3 | loss: 0.2085320
	speed: 0.0917s/iter; left time: 160.8102s
Epoch: 3 cost time: 22.351261854171753
Epoch: 3, Steps: 244 | Train Loss: 0.2254909 Vali Loss: 1.0776072 Test Loss: 2.4962192
EarlyStopping counter: 2 out of 3
Updating learning rate to 2.5e-05
	iters: 100, epoch: 4 | loss: 0.2135208
	speed: 0.1770s/iter; left time: 284.7493s
	iters: 200, epoch: 4 | loss: 0.2062448
	speed: 0.0918s/iter; left time: 138.5189s
Epoch: 4 cost time: 22.350435495376587
Epoch: 4, Steps: 244 | Train Loss: 0.2063520 Vali Loss: 1.0952454 Test Loss: 2.3706746
EarlyStopping counter: 3 out of 3
Early stopping
>>>>>>>testing : ETTh2_720_Transformer_ETTh2_ftM_sl96_ll48_pl720_dm512_nh8_el2_dl1_df2048_fc3_ebtimeF_dtTrue_Exp_0_seed15726<<<<<<<<<<<<<<<<<<<<<<<<<<<<<<<<<
test 2161
mse:2.8847522735595703, mae:1.4266666173934937
