Args in experiment:
Namespace(activation='gelu', batch_size=32, c_out=7, checkpoints='./checkpoints/', d_ff=2048, d_layers=1, d_model=512, data='ETTm2', data_path='ETTm2.csv', dec_in=7, des='Exp', devices='0,1,2,3', distil=True, do_predict=False, dropout=0.05, e_layers=2, embed='timeF', embed_type=0, enc_in=7, factor=3, features='M', freq='h', gpu=0, individual=False, is_training=1, itr=1, label_len=48, learning_rate=0.0001, loss='mse', lradj='type1', model='Transformer', model_id='ETTm2_96', moving_avg=25, n_heads=8, num_workers=0, output_attention=False, patience=3, pred_len=96, root_path='./dataset/', seed=3144, seq_len=96, target='OT', test_flop=False, train_epochs=10, train_only=False, use_amp=False, use_gpu=True, use_multi_gpu=False)
Use GPU: cuda:0
>>>>>>>start training : ETTm2_96_Transformer_ETTm2_ftM_sl96_ll48_pl96_dm512_nh8_el2_dl1_df2048_fc3_ebtimeF_dtTrue_Exp_0_seed3144>>>>>>>>>>>>>>>>>>>>>>>>>>
train 34369
val 11425
test 11425
	iters: 100, epoch: 1 | loss: 0.3157195
	speed: 0.0548s/iter; left time: 583.0019s
	iters: 200, epoch: 1 | loss: 0.2978105
	speed: 0.0248s/iter; left time: 260.9472s
	iters: 300, epoch: 1 | loss: 0.1812400
	speed: 0.0247s/iter; left time: 258.1897s
	iters: 400, epoch: 1 | loss: 0.2092978
	speed: 0.0247s/iter; left time: 255.7532s
	iters: 500, epoch: 1 | loss: 0.1938556
	speed: 0.0248s/iter; left time: 253.4858s
	iters: 600, epoch: 1 | loss: 0.1222441
	speed: 0.0248s/iter; left time: 251.0763s
	iters: 700, epoch: 1 | loss: 0.1450434
	speed: 0.0248s/iter; left time: 248.8002s
	iters: 800, epoch: 1 | loss: 0.1466017
	speed: 0.0248s/iter; left time: 246.1920s
	iters: 900, epoch: 1 | loss: 0.2388584
	speed: 0.0247s/iter; left time: 243.1973s
	iters: 1000, epoch: 1 | loss: 0.1675128
	speed: 0.0246s/iter; left time: 240.0876s
Epoch: 1 cost time: 29.573378086090088
Epoch: 1, Steps: 1074 | Train Loss: 0.1809592 Vali Loss: 0.2538278 Test Loss: 0.4339796
Validation loss decreased (inf --> 0.253828).  Saving model ...
Updating learning rate to 0.0001
	iters: 100, epoch: 2 | loss: 0.2067755
	speed: 0.1005s/iter; left time: 961.1888s
	iters: 200, epoch: 2 | loss: 0.0966562
	speed: 0.0247s/iter; left time: 233.9065s
	iters: 300, epoch: 2 | loss: 0.1326332
	speed: 0.0248s/iter; left time: 231.8720s
	iters: 400, epoch: 2 | loss: 0.1032045
	speed: 0.0248s/iter; left time: 229.9020s
	iters: 500, epoch: 2 | loss: 0.0956200
	speed: 0.0247s/iter; left time: 226.7674s
	iters: 600, epoch: 2 | loss: 0.1118143
	speed: 0.0247s/iter; left time: 224.3870s
	iters: 700, epoch: 2 | loss: 0.0888225
	speed: 0.0248s/iter; left time: 221.9508s
	iters: 800, epoch: 2 | loss: 0.1027759
	speed: 0.0248s/iter; left time: 219.7890s
	iters: 900, epoch: 2 | loss: 0.0827131
	speed: 0.0247s/iter; left time: 216.8108s
	iters: 1000, epoch: 2 | loss: 0.0893689
	speed: 0.0247s/iter; left time: 214.2673s
Epoch: 2 cost time: 26.56596851348877
Epoch: 2, Steps: 1074 | Train Loss: 0.1096919 Vali Loss: 0.3835902 Test Loss: 0.6627684
EarlyStopping counter: 1 out of 3
Updating learning rate to 5e-05
	iters: 100, epoch: 3 | loss: 0.0643836
	speed: 0.0981s/iter; left time: 833.3668s
	iters: 200, epoch: 3 | loss: 0.0858056
	speed: 0.0247s/iter; left time: 207.2312s
	iters: 300, epoch: 3 | loss: 0.0701083
	speed: 0.0247s/iter; left time: 204.5723s
	iters: 400, epoch: 3 | loss: 0.0737479
	speed: 0.0247s/iter; left time: 202.2717s
	iters: 500, epoch: 3 | loss: 0.0815037
	speed: 0.0247s/iter; left time: 199.5557s
	iters: 600, epoch: 3 | loss: 0.0622195
	speed: 0.0247s/iter; left time: 197.1531s
	iters: 700, epoch: 3 | loss: 0.0701409
	speed: 0.0247s/iter; left time: 194.5835s
	iters: 800, epoch: 3 | loss: 0.0802002
	speed: 0.0248s/iter; left time: 193.3885s
	iters: 900, epoch: 3 | loss: 0.0682483
	speed: 0.0248s/iter; left time: 191.0076s
	iters: 1000, epoch: 3 | loss: 0.0632982
	speed: 0.0248s/iter; left time: 188.3693s
Epoch: 3 cost time: 26.543299436569214
Epoch: 3, Steps: 1074 | Train Loss: 0.0735290 Vali Loss: 0.3599784 Test Loss: 0.6607329
EarlyStopping counter: 2 out of 3
Updating learning rate to 2.5e-05
	iters: 100, epoch: 4 | loss: 0.0526976
	speed: 0.0987s/iter; left time: 732.5506s
	iters: 200, epoch: 4 | loss: 0.0641256
	speed: 0.0248s/iter; left time: 181.6777s
	iters: 300, epoch: 4 | loss: 0.0688520
	speed: 0.0248s/iter; left time: 178.8944s
	iters: 400, epoch: 4 | loss: 0.0626488
	speed: 0.0248s/iter; left time: 176.5318s
	iters: 500, epoch: 4 | loss: 0.0605429
	speed: 0.0248s/iter; left time: 174.2019s
	iters: 600, epoch: 4 | loss: 0.0602098
	speed: 0.0248s/iter; left time: 171.6484s
	iters: 700, epoch: 4 | loss: 0.0532985
	speed: 0.0248s/iter; left time: 168.8770s
	iters: 800, epoch: 4 | loss: 0.0605229
	speed: 0.0247s/iter; left time: 166.0101s
	iters: 900, epoch: 4 | loss: 0.0583773
	speed: 0.0247s/iter; left time: 163.6176s
	iters: 1000, epoch: 4 | loss: 0.0636058
	speed: 0.0247s/iter; left time: 161.0762s
Epoch: 4 cost time: 26.596851587295532
Epoch: 4, Steps: 1074 | Train Loss: 0.0611542 Vali Loss: 0.3564088 Test Loss: 0.6109269
EarlyStopping counter: 3 out of 3
Early stopping
>>>>>>>testing : ETTm2_96_Transformer_ETTm2_ftM_sl96_ll48_pl96_dm512_nh8_el2_dl1_df2048_fc3_ebtimeF_dtTrue_Exp_0_seed3144<<<<<<<<<<<<<<<<<<<<<<<<<<<<<<<<<
test 11425
mse:0.43472152948379517, mae:0.4743392765522003
