Args in experiment:
Namespace(activation='gelu', batch_size=32, c_out=862, checkpoints='./checkpoints/', d_ff=2048, d_layers=1, d_model=512, data='custom', data_path='traffic.csv', dec_in=862, des='Exp', devices='0,1,2,3', distil=True, do_predict=False, dropout=0.05, e_layers=2, embed='timeF', embed_type=0, enc_in=862, factor=3, features='M', freq='h', gpu=0, individual=False, is_training=1, itr=1, label_len=48, learning_rate=0.0001, loss='mse', lradj='type1', model='Transformer', model_id='traffic_720', moving_avg=25, n_heads=8, num_workers=0, output_attention=False, patience=3, pred_len=720, root_path='./dataset/', seed=15726, seq_len=96, target='OT', test_flop=False, train_epochs=10, train_only=False, use_amp=False, use_gpu=True, use_multi_gpu=False)
Use GPU: cuda:0
>>>>>>>start training : traffic_720_Transformer_custom_ftM_sl96_ll48_pl720_dm512_nh8_el2_dl1_df2048_fc3_ebtimeF_dtTrue_Exp_0_seed15726>>>>>>>>>>>>>>>>>>>>>>>>>>
train 11465
val 1037
test 2789
	iters: 100, epoch: 1 | loss: 0.5551291
	speed: 0.1561s/iter; left time: 543.5332s
	iters: 200, epoch: 1 | loss: 0.3915900
	speed: 0.1241s/iter; left time: 419.4406s
	iters: 300, epoch: 1 | loss: 0.3053791
	speed: 0.1233s/iter; left time: 404.6212s
Epoch: 1 cost time: 47.526293992996216
Epoch: 1, Steps: 358 | Train Loss: 0.4847220 Vali Loss: 0.5157935 Test Loss: 0.6939476
Validation loss decreased (inf --> 0.515794).  Saving model ...
Updating learning rate to 0.0001
	iters: 100, epoch: 2 | loss: 0.2836064
	speed: 0.4027s/iter; left time: 1257.5569s
	iters: 200, epoch: 2 | loss: 0.2657957
	speed: 0.1237s/iter; left time: 374.0703s
	iters: 300, epoch: 2 | loss: 0.2623054
	speed: 0.1236s/iter; left time: 361.3642s
Epoch: 2 cost time: 44.22665333747864
Epoch: 2, Steps: 358 | Train Loss: 0.2752953 Vali Loss: 0.4972173 Test Loss: 0.6833189
Validation loss decreased (0.515794 --> 0.497217).  Saving model ...
Updating learning rate to 5e-05
	iters: 100, epoch: 3 | loss: 0.2488904
	speed: 0.4071s/iter; left time: 1125.7167s
	iters: 200, epoch: 3 | loss: 0.2506264
	speed: 0.1242s/iter; left time: 330.9272s
	iters: 300, epoch: 3 | loss: 0.2477741
	speed: 0.1237s/iter; left time: 317.1645s
Epoch: 3 cost time: 44.42409634590149
Epoch: 3, Steps: 358 | Train Loss: 0.2501026 Vali Loss: 0.4928210 Test Loss: 0.6745786
Validation loss decreased (0.497217 --> 0.492821).  Saving model ...
Updating learning rate to 2.5e-05
	iters: 100, epoch: 4 | loss: 0.2339431
	speed: 0.4054s/iter; left time: 975.8685s
	iters: 200, epoch: 4 | loss: 0.2372348
	speed: 0.1237s/iter; left time: 285.4035s
	iters: 300, epoch: 4 | loss: 0.2392848
	speed: 0.1236s/iter; left time: 272.7103s
Epoch: 4 cost time: 44.27954077720642
Epoch: 4, Steps: 358 | Train Loss: 0.2408139 Vali Loss: 0.4866295 Test Loss: 0.6715730
Validation loss decreased (0.492821 --> 0.486629).  Saving model ...
Updating learning rate to 1.25e-05
	iters: 100, epoch: 5 | loss: 0.2439639
	speed: 0.4085s/iter; left time: 837.0373s
	iters: 200, epoch: 5 | loss: 0.2375480
	speed: 0.1232s/iter; left time: 240.1639s
	iters: 300, epoch: 5 | loss: 0.2348458
	speed: 0.1235s/iter; left time: 228.3814s
Epoch: 5 cost time: 44.32101798057556
Epoch: 5, Steps: 358 | Train Loss: 0.2361534 Vali Loss: 0.4851860 Test Loss: 0.6727658
Validation loss decreased (0.486629 --> 0.485186).  Saving model ...
Updating learning rate to 6.25e-06
	iters: 100, epoch: 6 | loss: 0.2373388
	speed: 0.4033s/iter; left time: 681.9268s
	iters: 200, epoch: 6 | loss: 0.2301348
	speed: 0.1238s/iter; left time: 196.9882s
	iters: 300, epoch: 6 | loss: 0.2324288
	speed: 0.1241s/iter; left time: 184.9695s
Epoch: 6 cost time: 44.35628795623779
Epoch: 6, Steps: 358 | Train Loss: 0.2337390 Vali Loss: 0.4859782 Test Loss: 0.6730253
EarlyStopping counter: 1 out of 3
Updating learning rate to 3.125e-06
	iters: 100, epoch: 7 | loss: 0.2342847
	speed: 0.4032s/iter; left time: 537.5296s
	iters: 200, epoch: 7 | loss: 0.2335443
	speed: 0.1236s/iter; left time: 152.3482s
	iters: 300, epoch: 7 | loss: 0.2368608
	speed: 0.1236s/iter; left time: 140.0748s
Epoch: 7 cost time: 44.27087640762329
Epoch: 7, Steps: 358 | Train Loss: 0.2324191 Vali Loss: 0.4854757 Test Loss: 0.6717055
EarlyStopping counter: 2 out of 3
Updating learning rate to 1.5625e-06
	iters: 100, epoch: 8 | loss: 0.2314535
	speed: 0.4047s/iter; left time: 394.6234s
	iters: 200, epoch: 8 | loss: 0.2297722
	speed: 0.1241s/iter; left time: 108.5843s
	iters: 300, epoch: 8 | loss: 0.2315081
	speed: 0.1245s/iter; left time: 96.5107s
Epoch: 8 cost time: 44.572962045669556
Epoch: 8, Steps: 358 | Train Loss: 0.2316609 Vali Loss: 0.4855267 Test Loss: 0.6715680
EarlyStopping counter: 3 out of 3
Early stopping
>>>>>>>testing : traffic_720_Transformer_custom_ftM_sl96_ll48_pl720_dm512_nh8_el2_dl1_df2048_fc3_ebtimeF_dtTrue_Exp_0_seed15726<<<<<<<<<<<<<<<<<<<<<<<<<<<<<<<<<
test 2789
mse:0.6724851727485657, mae:0.36447879672050476
