Args in experiment:
Namespace(activation='gelu', batch_size=32, c_out=7, checkpoints='./checkpoints/', d_ff=2048, d_layers=1, d_model=512, data='ETTm1', data_path='ETTm1.csv', dec_in=7, des='Exp', devices='0,1,2,3', distil=True, do_predict=False, dropout=0.05, e_layers=2, embed='timeF', embed_type=0, enc_in=7, factor=3, features='M', freq='h', gpu=0, individual=False, is_training=1, itr=1, label_len=48, learning_rate=0.0001, loss='mse', lradj='type1', model='Transformer', model_id='ETTm1_336', moving_avg=25, n_heads=8, num_workers=0, output_attention=False, patience=3, pred_len=336, root_path='./dataset/', seed=28649, seq_len=96, target='OT', test_flop=False, train_epochs=10, train_only=False, use_amp=False, use_gpu=True, use_multi_gpu=False)
Use GPU: cuda:0
>>>>>>>start training : ETTm1_336_Transformer_ETTm1_ftM_sl96_ll48_pl336_dm512_nh8_el2_dl1_df2048_fc3_ebtimeF_dtTrue_Exp_0_seed28649>>>>>>>>>>>>>>>>>>>>>>>>>>
train 34129
val 11185
test 11185
	iters: 100, epoch: 1 | loss: 0.4136780
	speed: 0.0737s/iter; left time: 777.8645s
	iters: 200, epoch: 1 | loss: 0.3342089
	speed: 0.0435s/iter; left time: 454.5561s
	iters: 300, epoch: 1 | loss: 0.3567545
	speed: 0.0434s/iter; left time: 449.9432s
	iters: 400, epoch: 1 | loss: 0.2743593
	speed: 0.0436s/iter; left time: 446.8843s
	iters: 500, epoch: 1 | loss: 0.2799782
	speed: 0.0437s/iter; left time: 443.8871s
	iters: 600, epoch: 1 | loss: 0.2963666
	speed: 0.0437s/iter; left time: 439.3600s
	iters: 700, epoch: 1 | loss: 0.2576569
	speed: 0.0436s/iter; left time: 434.2747s
	iters: 800, epoch: 1 | loss: 0.2415822
	speed: 0.0436s/iter; left time: 429.9849s
	iters: 900, epoch: 1 | loss: 0.2330593
	speed: 0.0436s/iter; left time: 425.9908s
	iters: 1000, epoch: 1 | loss: 0.2182801
	speed: 0.0436s/iter; left time: 421.6654s
Epoch: 1 cost time: 49.47942638397217
Epoch: 1, Steps: 1066 | Train Loss: 0.3050263 Vali Loss: 0.9918760 Test Loss: 0.9698130
Validation loss decreased (inf --> 0.991876).  Saving model ...
Updating learning rate to 0.0001
	iters: 100, epoch: 2 | loss: 0.1882826
	speed: 0.1727s/iter; left time: 1640.1329s
	iters: 200, epoch: 2 | loss: 0.1942748
	speed: 0.0438s/iter; left time: 411.3688s
	iters: 300, epoch: 2 | loss: 0.1704338
	speed: 0.0438s/iter; left time: 407.0713s
	iters: 400, epoch: 2 | loss: 0.1884998
	speed: 0.0438s/iter; left time: 402.3228s
	iters: 500, epoch: 2 | loss: 0.1698477
	speed: 0.0438s/iter; left time: 398.3143s
	iters: 600, epoch: 2 | loss: 0.1564956
	speed: 0.0438s/iter; left time: 394.0798s
	iters: 700, epoch: 2 | loss: 0.1681966
	speed: 0.0437s/iter; left time: 388.3368s
	iters: 800, epoch: 2 | loss: 0.1461872
	speed: 0.0436s/iter; left time: 383.1534s
	iters: 900, epoch: 2 | loss: 0.1548015
	speed: 0.0436s/iter; left time: 378.7970s
	iters: 1000, epoch: 2 | loss: 0.1338515
	speed: 0.0436s/iter; left time: 374.4048s
Epoch: 2 cost time: 46.56723093986511
Epoch: 2, Steps: 1066 | Train Loss: 0.1710176 Vali Loss: 1.0357577 Test Loss: 0.9347236
EarlyStopping counter: 1 out of 3
Updating learning rate to 5e-05
	iters: 100, epoch: 3 | loss: 0.1287400
	speed: 0.1696s/iter; left time: 1429.8094s
	iters: 200, epoch: 3 | loss: 0.1199803
	speed: 0.0435s/iter; left time: 362.3809s
	iters: 300, epoch: 3 | loss: 0.1103862
	speed: 0.0435s/iter; left time: 358.0222s
	iters: 400, epoch: 3 | loss: 0.1156550
	speed: 0.0435s/iter; left time: 353.6430s
	iters: 500, epoch: 3 | loss: 0.1192110
	speed: 0.0435s/iter; left time: 349.4808s
	iters: 600, epoch: 3 | loss: 0.1188846
	speed: 0.0436s/iter; left time: 345.4865s
	iters: 700, epoch: 3 | loss: 0.1078191
	speed: 0.0436s/iter; left time: 340.9960s
	iters: 800, epoch: 3 | loss: 0.1074179
	speed: 0.0437s/iter; left time: 337.5694s
	iters: 900, epoch: 3 | loss: 0.1010855
	speed: 0.0435s/iter; left time: 331.6939s
	iters: 1000, epoch: 3 | loss: 0.1013946
	speed: 0.0435s/iter; left time: 327.4300s
Epoch: 3 cost time: 46.38309121131897
Epoch: 3, Steps: 1066 | Train Loss: 0.1125450 Vali Loss: 1.0264072 Test Loss: 0.8932925
EarlyStopping counter: 2 out of 3
Updating learning rate to 2.5e-05
	iters: 100, epoch: 4 | loss: 0.1052164
	speed: 0.1692s/iter; left time: 1246.1031s
	iters: 200, epoch: 4 | loss: 0.1014546
	speed: 0.0437s/iter; left time: 317.1409s
	iters: 300, epoch: 4 | loss: 0.0935458
	speed: 0.0437s/iter; left time: 313.0076s
	iters: 400, epoch: 4 | loss: 0.0992500
	speed: 0.0438s/iter; left time: 309.5278s
	iters: 500, epoch: 4 | loss: 0.0944121
	speed: 0.0437s/iter; left time: 304.1594s
	iters: 600, epoch: 4 | loss: 0.0906595
	speed: 0.0437s/iter; left time: 299.6786s
	iters: 700, epoch: 4 | loss: 0.0952750
	speed: 0.0437s/iter; left time: 295.6938s
	iters: 800, epoch: 4 | loss: 0.0929070
	speed: 0.0437s/iter; left time: 291.4405s
	iters: 900, epoch: 4 | loss: 0.0896164
	speed: 0.0435s/iter; left time: 285.6082s
	iters: 1000, epoch: 4 | loss: 0.0917254
	speed: 0.0435s/iter; left time: 280.8318s
Epoch: 4 cost time: 46.490864515304565
Epoch: 4, Steps: 1066 | Train Loss: 0.0923698 Vali Loss: 1.0556245 Test Loss: 0.9000387
EarlyStopping counter: 3 out of 3
Early stopping
>>>>>>>testing : ETTm1_336_Transformer_ETTm1_ftM_sl96_ll48_pl336_dm512_nh8_el2_dl1_df2048_fc3_ebtimeF_dtTrue_Exp_0_seed28649<<<<<<<<<<<<<<<<<<<<<<<<<<<<<<<<<
test 11185
mse:0.9697535634040833, mae:0.7539219260215759
