Args in experiment:
Namespace(activation='gelu', batch_size=32, c_out=7, checkpoints='./checkpoints/', d_ff=2048, d_layers=1, d_model=512, data='custom', data_path='national_illness.csv', dec_in=7, des='Exp', devices='0,1,2,3', distil=True, do_predict=False, dropout=0.05, e_layers=2, embed='timeF', embed_type=0, enc_in=7, factor=3, features='M', freq='h', gpu=0, individual=False, is_training=1, itr=1, label_len=18, learning_rate=0.0001, loss='mse', lradj='type1', model='Transformer', model_id='ili_48', moving_avg=25, n_heads=8, num_workers=0, output_attention=False, patience=3, pred_len=48, root_path='./dataset/', seed=15726, seq_len=36, target='OT', test_flop=False, train_epochs=10, train_only=False, use_amp=False, use_gpu=True, use_multi_gpu=False)
Use GPU: cuda:0
>>>>>>>start training : ili_48_Transformer_custom_ftM_sl36_ll18_pl48_dm512_nh8_el2_dl1_df2048_fc3_ebtimeF_dtTrue_Exp_0_seed15726>>>>>>>>>>>>>>>>>>>>>>>>>>
train 593
val 50
test 146
Epoch: 1 cost time: 3.220144033432007
Epoch: 1, Steps: 18 | Train Loss: 0.7428033 Vali Loss: 0.4579349 Test Loss: 4.6852179
Validation loss decreased (inf --> 0.457935).  Saving model ...
Updating learning rate to 0.0001
Epoch: 2 cost time: 0.24916601181030273
Epoch: 2, Steps: 18 | Train Loss: 0.5167118 Vali Loss: 0.4409624 Test Loss: 4.6636190
Validation loss decreased (0.457935 --> 0.440962).  Saving model ...
Updating learning rate to 5e-05
Epoch: 3 cost time: 0.25614261627197266
Epoch: 3, Steps: 18 | Train Loss: 0.4551547 Vali Loss: 0.3477158 Test Loss: 4.8188009
Validation loss decreased (0.440962 --> 0.347716).  Saving model ...
Updating learning rate to 2.5e-05
Epoch: 4 cost time: 0.2455611228942871
Epoch: 4, Steps: 18 | Train Loss: 0.4217890 Vali Loss: 0.3456773 Test Loss: 4.9235516
Validation loss decreased (0.347716 --> 0.345677).  Saving model ...
Updating learning rate to 1.25e-05
Epoch: 5 cost time: 0.24717330932617188
Epoch: 5, Steps: 18 | Train Loss: 0.4063693 Vali Loss: 0.3080295 Test Loss: 4.9994345
Validation loss decreased (0.345677 --> 0.308030).  Saving model ...
Updating learning rate to 6.25e-06
Epoch: 6 cost time: 0.24697279930114746
Epoch: 6, Steps: 18 | Train Loss: 0.4008776 Vali Loss: 0.2952545 Test Loss: 4.9815774
Validation loss decreased (0.308030 --> 0.295254).  Saving model ...
Updating learning rate to 3.125e-06
Epoch: 7 cost time: 0.24617648124694824
Epoch: 7, Steps: 18 | Train Loss: 0.3867789 Vali Loss: 0.2828516 Test Loss: 4.9263182
Validation loss decreased (0.295254 --> 0.282852).  Saving model ...
Updating learning rate to 1.5625e-06
Epoch: 8 cost time: 0.24269390106201172
Epoch: 8, Steps: 18 | Train Loss: 0.3886230 Vali Loss: 0.2920903 Test Loss: 4.9265180
EarlyStopping counter: 1 out of 3
Updating learning rate to 7.8125e-07
Epoch: 9 cost time: 0.24544906616210938
Epoch: 9, Steps: 18 | Train Loss: 0.3911929 Vali Loss: 0.2818755 Test Loss: 4.9291849
Validation loss decreased (0.282852 --> 0.281875).  Saving model ...
Updating learning rate to 3.90625e-07
Epoch: 10 cost time: 0.24916601181030273
Epoch: 10, Steps: 18 | Train Loss: 0.3851529 Vali Loss: 0.2702395 Test Loss: 4.9313550
Validation loss decreased (0.281875 --> 0.270239).  Saving model ...
Updating learning rate to 1.953125e-07
>>>>>>>testing : ili_48_Transformer_custom_ftM_sl36_ll18_pl48_dm512_nh8_el2_dl1_df2048_fc3_ebtimeF_dtTrue_Exp_0_seed15726<<<<<<<<<<<<<<<<<<<<<<<<<<<<<<<<<
test 146
mse:5.026762962341309, mae:1.5086355209350586
