Args in experiment:
Namespace(activation='gelu', batch_size=32, c_out=7, checkpoints='./checkpoints/', d_ff=2048, d_layers=1, d_model=512, data='ETTh1', data_path='ETTh1.csv', dec_in=7, des='Exp', devices='0,1,2,3', distil=True, do_predict=False, dropout=0.05, e_layers=2, embed='timeF', embed_type=0, enc_in=7, factor=3, features='M', freq='h', gpu=0, individual=False, is_training=1, itr=1, label_len=48, learning_rate=0.0001, loss='mse', lradj='type1', model='Transformer', model_id='ETTh1_336', moving_avg=25, n_heads=8, num_workers=0, output_attention=False, patience=3, pred_len=336, root_path='./dataset/', seed=3293, seq_len=96, target='OT', test_flop=False, train_epochs=10, train_only=False, use_amp=False, use_gpu=True, use_multi_gpu=False)
Use GPU: cuda:0
>>>>>>>start training : ETTh1_336_Transformer_ETTh1_ftM_sl96_ll48_pl336_dm512_nh8_el2_dl1_df2048_fc3_ebtimeF_dtTrue_Exp_0_seed3293>>>>>>>>>>>>>>>>>>>>>>>>>>
train 8209
val 2545
test 2545
	iters: 100, epoch: 1 | loss: 0.5416638
	speed: 0.0738s/iter; left time: 181.6320s
	iters: 200, epoch: 1 | loss: 0.3509865
	speed: 0.0439s/iter; left time: 103.6450s
Epoch: 1 cost time: 14.232143640518188
Epoch: 1, Steps: 256 | Train Loss: 0.4716021 Vali Loss: 1.2907565 Test Loss: 0.9435698
Validation loss decreased (inf --> 1.290756).  Saving model ...
Updating learning rate to 0.0001
	iters: 100, epoch: 2 | loss: 0.3058709
	speed: 0.0932s/iter; left time: 205.5293s
	iters: 200, epoch: 2 | loss: 0.2602710
	speed: 0.0440s/iter; left time: 92.7015s
Epoch: 2 cost time: 11.239459753036499
Epoch: 2, Steps: 256 | Train Loss: 0.2978326 Vali Loss: 1.3870126 Test Loss: 1.2668422
EarlyStopping counter: 1 out of 3
Updating learning rate to 5e-05
	iters: 100, epoch: 3 | loss: 0.2646258
	speed: 0.0909s/iter; left time: 177.2137s
	iters: 200, epoch: 3 | loss: 0.2475400
	speed: 0.0437s/iter; left time: 80.7831s
Epoch: 3 cost time: 11.189861536026001
Epoch: 3, Steps: 256 | Train Loss: 0.2548556 Vali Loss: 1.3897047 Test Loss: 1.4115289
EarlyStopping counter: 2 out of 3
Updating learning rate to 2.5e-05
	iters: 100, epoch: 4 | loss: 0.2412637
	speed: 0.0902s/iter; left time: 152.7221s
	iters: 200, epoch: 4 | loss: 0.2239916
	speed: 0.0437s/iter; left time: 69.5764s
Epoch: 4 cost time: 11.160853385925293
Epoch: 4, Steps: 256 | Train Loss: 0.2378277 Vali Loss: 1.3826237 Test Loss: 1.4138008
EarlyStopping counter: 3 out of 3
Early stopping
>>>>>>>testing : ETTh1_336_Transformer_ETTh1_ftM_sl96_ll48_pl336_dm512_nh8_el2_dl1_df2048_fc3_ebtimeF_dtTrue_Exp_0_seed3293<<<<<<<<<<<<<<<<<<<<<<<<<<<<<<<<<
test 2545
mse:0.9447417855262756, mae:0.7650736570358276
