Args in experiment:
Namespace(activation='gelu', batch_size=32, c_out=7, checkpoints='./checkpoints/', d_ff=2048, d_layers=1, d_model=512, data='ETTm1', data_path='ETTm1.csv', dec_in=7, des='Exp', devices='0,1,2,3', distil=True, do_predict=False, dropout=0.05, e_layers=2, embed='timeF', embed_type=0, enc_in=7, factor=3, features='M', freq='h', gpu=0, individual=False, is_training=1, itr=1, label_len=48, learning_rate=0.0001, loss='mse', lradj='type1', model='Transformer', model_id='ETTm1_336', moving_avg=25, n_heads=8, num_workers=0, output_attention=False, patience=3, pred_len=336, root_path='./dataset/', seed=3293, seq_len=96, target='OT', test_flop=False, train_epochs=10, train_only=False, use_amp=False, use_gpu=True, use_multi_gpu=False)
Use GPU: cuda:0
>>>>>>>start training : ETTm1_336_Transformer_ETTm1_ftM_sl96_ll48_pl336_dm512_nh8_el2_dl1_df2048_fc3_ebtimeF_dtTrue_Exp_0_seed3293>>>>>>>>>>>>>>>>>>>>>>>>>>
train 34129
val 11185
test 11185
	iters: 100, epoch: 1 | loss: 0.4474994
	speed: 0.0733s/iter; left time: 773.8368s
	iters: 200, epoch: 1 | loss: 0.3781059
	speed: 0.0434s/iter; left time: 454.4728s
	iters: 300, epoch: 1 | loss: 0.2828363
	speed: 0.0435s/iter; left time: 450.9283s
	iters: 400, epoch: 1 | loss: 0.3109154
	speed: 0.0435s/iter; left time: 446.7422s
	iters: 500, epoch: 1 | loss: 0.2818751
	speed: 0.0435s/iter; left time: 442.4607s
	iters: 600, epoch: 1 | loss: 0.2779154
	speed: 0.0436s/iter; left time: 438.6200s
	iters: 700, epoch: 1 | loss: 0.2481509
	speed: 0.0436s/iter; left time: 434.2443s
	iters: 800, epoch: 1 | loss: 0.2388534
	speed: 0.0436s/iter; left time: 429.4825s
	iters: 900, epoch: 1 | loss: 0.2419794
	speed: 0.0437s/iter; left time: 426.1989s
	iters: 1000, epoch: 1 | loss: 0.2123541
	speed: 0.0436s/iter; left time: 421.2884s
Epoch: 1 cost time: 49.421964168548584
Epoch: 1, Steps: 1066 | Train Loss: 0.3069390 Vali Loss: 0.9192904 Test Loss: 0.9562186
Validation loss decreased (inf --> 0.919290).  Saving model ...
Updating learning rate to 0.0001
	iters: 100, epoch: 2 | loss: 0.2182750
	speed: 0.1724s/iter; left time: 1636.6872s
	iters: 200, epoch: 2 | loss: 0.1822875
	speed: 0.0438s/iter; left time: 411.5116s
	iters: 300, epoch: 2 | loss: 0.1741062
	speed: 0.0438s/iter; left time: 407.4740s
	iters: 400, epoch: 2 | loss: 0.1787783
	speed: 0.0438s/iter; left time: 402.3744s
	iters: 500, epoch: 2 | loss: 0.1687411
	speed: 0.0437s/iter; left time: 397.1496s
	iters: 600, epoch: 2 | loss: 0.1779126
	speed: 0.0436s/iter; left time: 391.8797s
	iters: 700, epoch: 2 | loss: 0.1647344
	speed: 0.0436s/iter; left time: 387.6153s
	iters: 800, epoch: 2 | loss: 0.1433581
	speed: 0.0436s/iter; left time: 383.0247s
	iters: 900, epoch: 2 | loss: 0.1484109
	speed: 0.0435s/iter; left time: 378.0886s
	iters: 1000, epoch: 2 | loss: 0.1451666
	speed: 0.0436s/iter; left time: 374.6476s
Epoch: 2 cost time: 46.50115156173706
Epoch: 2, Steps: 1066 | Train Loss: 0.1721543 Vali Loss: 0.9692817 Test Loss: 0.8281006
EarlyStopping counter: 1 out of 3
Updating learning rate to 5e-05
	iters: 100, epoch: 3 | loss: 0.1240249
	speed: 0.1693s/iter; left time: 1427.4414s
	iters: 200, epoch: 3 | loss: 0.1338242
	speed: 0.0435s/iter; left time: 362.1788s
	iters: 300, epoch: 3 | loss: 0.1160617
	speed: 0.0436s/iter; left time: 358.6393s
	iters: 400, epoch: 3 | loss: 0.1233300
	speed: 0.0436s/iter; left time: 354.5458s
	iters: 500, epoch: 3 | loss: 0.1118845
	speed: 0.0436s/iter; left time: 350.0049s
	iters: 600, epoch: 3 | loss: 0.1207598
	speed: 0.0436s/iter; left time: 345.8784s
	iters: 700, epoch: 3 | loss: 0.1068714
	speed: 0.0435s/iter; left time: 340.9303s
	iters: 800, epoch: 3 | loss: 0.1117626
	speed: 0.0435s/iter; left time: 335.9506s
	iters: 900, epoch: 3 | loss: 0.1140259
	speed: 0.0435s/iter; left time: 331.5188s
	iters: 1000, epoch: 3 | loss: 0.1068059
	speed: 0.0435s/iter; left time: 327.1686s
Epoch: 3 cost time: 46.37795305252075
Epoch: 3, Steps: 1066 | Train Loss: 0.1160631 Vali Loss: 0.9925883 Test Loss: 0.9031982
EarlyStopping counter: 2 out of 3
Updating learning rate to 2.5e-05
	iters: 100, epoch: 4 | loss: 0.0909009
	speed: 0.1697s/iter; left time: 1249.3286s
	iters: 200, epoch: 4 | loss: 0.1071576
	speed: 0.0437s/iter; left time: 317.2006s
	iters: 300, epoch: 4 | loss: 0.0919970
	speed: 0.0437s/iter; left time: 313.0275s
	iters: 400, epoch: 4 | loss: 0.0955578
	speed: 0.0438s/iter; left time: 309.0498s
	iters: 500, epoch: 4 | loss: 0.0962245
	speed: 0.0437s/iter; left time: 304.5196s
	iters: 600, epoch: 4 | loss: 0.0984392
	speed: 0.0437s/iter; left time: 299.9018s
	iters: 700, epoch: 4 | loss: 0.0965635
	speed: 0.0436s/iter; left time: 294.7002s
	iters: 800, epoch: 4 | loss: 0.0968652
	speed: 0.0435s/iter; left time: 289.8732s
	iters: 900, epoch: 4 | loss: 0.0982583
	speed: 0.0435s/iter; left time: 285.5119s
	iters: 1000, epoch: 4 | loss: 0.0888348
	speed: 0.0435s/iter; left time: 281.0474s
Epoch: 4 cost time: 46.48522138595581
Epoch: 4, Steps: 1066 | Train Loss: 0.0952807 Vali Loss: 0.9892958 Test Loss: 0.8899615
EarlyStopping counter: 3 out of 3
Early stopping
>>>>>>>testing : ETTm1_336_Transformer_ETTm1_ftM_sl96_ll48_pl336_dm512_nh8_el2_dl1_df2048_fc3_ebtimeF_dtTrue_Exp_0_seed3293<<<<<<<<<<<<<<<<<<<<<<<<<<<<<<<<<
test 11185
mse:0.9563778638839722, mae:0.7523109912872314
