Args in experiment:
Namespace(activation='gelu', batch_size=32, c_out=7, checkpoints='./checkpoints/', d_ff=2048, d_layers=1, d_model=512, data='ETTh1', data_path='ETTh1.csv', dec_in=7, des='Exp', devices='0,1,2,3', distil=True, do_predict=False, dropout=0.05, e_layers=2, embed='timeF', embed_type=0, enc_in=7, factor=3, features='M', freq='h', gpu=0, individual=False, is_training=1, itr=1, label_len=48, learning_rate=0.0001, loss='mse', lradj='type1', model='Transformer', model_id='ETTh1_720', moving_avg=25, n_heads=8, num_workers=0, output_attention=False, patience=3, pred_len=720, root_path='./dataset/', seed=10458, seq_len=96, target='OT', test_flop=False, train_epochs=10, train_only=False, use_amp=False, use_gpu=True, use_multi_gpu=False)
Use GPU: cuda:0
>>>>>>>start training : ETTh1_720_Transformer_ETTh1_ftM_sl96_ll48_pl720_dm512_nh8_el2_dl1_df2048_fc3_ebtimeF_dtTrue_Exp_0_seed10458>>>>>>>>>>>>>>>>>>>>>>>>>>
train 7825
val 2161
test 2161
	iters: 100, epoch: 1 | loss: 0.5063605
	speed: 0.1231s/iter; left time: 288.2542s
	iters: 200, epoch: 1 | loss: 0.3826941
	speed: 0.0917s/iter; left time: 205.5327s
Epoch: 1 cost time: 25.52919888496399
Epoch: 1, Steps: 244 | Train Loss: 0.4951588 Vali Loss: 1.4200982 Test Loss: 1.1840010
Validation loss decreased (inf --> 1.420098).  Saving model ...
Updating learning rate to 0.0001
	iters: 100, epoch: 2 | loss: 0.2997508
	speed: 0.1791s/iter; left time: 375.5041s
	iters: 200, epoch: 2 | loss: 0.2876372
	speed: 0.0918s/iter; left time: 183.3551s
Epoch: 2 cost time: 22.350585460662842
Epoch: 2, Steps: 244 | Train Loss: 0.3127144 Vali Loss: 1.4411684 Test Loss: 1.1214359
EarlyStopping counter: 1 out of 3
Updating learning rate to 5e-05
	iters: 100, epoch: 3 | loss: 0.2664803
	speed: 0.1764s/iter; left time: 326.9467s
	iters: 200, epoch: 3 | loss: 0.2797079
	speed: 0.0916s/iter; left time: 160.5971s
Epoch: 3 cost time: 22.313549995422363
Epoch: 3, Steps: 244 | Train Loss: 0.2756499 Vali Loss: 1.4502552 Test Loss: 1.1771296
EarlyStopping counter: 2 out of 3
Updating learning rate to 2.5e-05
	iters: 100, epoch: 4 | loss: 0.2724865
	speed: 0.1765s/iter; left time: 284.0372s
	iters: 200, epoch: 4 | loss: 0.2672534
	speed: 0.0922s/iter; left time: 139.0847s
Epoch: 4 cost time: 22.40065312385559
Epoch: 4, Steps: 244 | Train Loss: 0.2614060 Vali Loss: 1.4414871 Test Loss: 1.1406194
EarlyStopping counter: 3 out of 3
Early stopping
>>>>>>>testing : ETTh1_720_Transformer_ETTh1_ftM_sl96_ll48_pl720_dm512_nh8_el2_dl1_df2048_fc3_ebtimeF_dtTrue_Exp_0_seed10458<<<<<<<<<<<<<<<<<<<<<<<<<<<<<<<<<
test 2161
mse:1.181936502456665, mae:0.8899158239364624
