Args in experiment:
Namespace(activation='gelu', batch_size=32, c_out=7, checkpoints='./checkpoints/', d_ff=2048, d_layers=1, d_model=512, data='ETTm1', data_path='ETTm1.csv', dec_in=7, des='Exp', devices='0,1,2,3', distil=True, do_predict=False, dropout=0.05, e_layers=2, embed='timeF', embed_type=0, enc_in=7, factor=3, features='M', freq='h', gpu=0, individual=False, is_training=1, itr=1, label_len=48, learning_rate=0.0001, loss='mse', lradj='type1', model='Transformer', model_id='ETTm1_720', moving_avg=25, n_heads=8, num_workers=0, output_attention=False, patience=3, pred_len=720, root_path='./dataset/', seed=3144, seq_len=96, target='OT', test_flop=False, train_epochs=10, train_only=False, use_amp=False, use_gpu=True, use_multi_gpu=False)
Use GPU: cuda:0
>>>>>>>start training : ETTm1_720_Transformer_ETTm1_ftM_sl96_ll48_pl720_dm512_nh8_el2_dl1_df2048_fc3_ebtimeF_dtTrue_Exp_0_seed3144>>>>>>>>>>>>>>>>>>>>>>>>>>
train 33745
val 10801
test 10801
	iters: 100, epoch: 1 | loss: 0.4500376
	speed: 0.1226s/iter; left time: 1279.6890s
	iters: 200, epoch: 1 | loss: 0.4006824
	speed: 0.0925s/iter; left time: 956.0327s
	iters: 300, epoch: 1 | loss: 0.3672121
	speed: 0.0925s/iter; left time: 946.7997s
	iters: 400, epoch: 1 | loss: 0.2994184
	speed: 0.0927s/iter; left time: 939.7365s
	iters: 500, epoch: 1 | loss: 0.3136117
	speed: 0.0922s/iter; left time: 925.5231s
	iters: 600, epoch: 1 | loss: 0.2741084
	speed: 0.0920s/iter; left time: 914.7185s
	iters: 700, epoch: 1 | loss: 0.2798733
	speed: 0.0920s/iter; left time: 904.9490s
	iters: 800, epoch: 1 | loss: 0.2567702
	speed: 0.0921s/iter; left time: 897.1793s
	iters: 900, epoch: 1 | loss: 0.2416991
	speed: 0.0924s/iter; left time: 890.7887s
	iters: 1000, epoch: 1 | loss: 0.2400361
	speed: 0.0922s/iter; left time: 879.2695s
Epoch: 1 cost time: 100.27800130844116
Epoch: 1, Steps: 1054 | Train Loss: 0.3371557 Vali Loss: 1.2406313 Test Loss: 1.0481532
Validation loss decreased (inf --> 1.240631).  Saving model ...
Updating learning rate to 0.0001
	iters: 100, epoch: 2 | loss: 0.2183926
	speed: 0.3705s/iter; left time: 3477.7058s
	iters: 200, epoch: 2 | loss: 0.2310581
	speed: 0.0925s/iter; left time: 859.0926s
	iters: 300, epoch: 2 | loss: 0.2058122
	speed: 0.0925s/iter; left time: 849.9740s
	iters: 400, epoch: 2 | loss: 0.1954509
	speed: 0.0925s/iter; left time: 840.2586s
	iters: 500, epoch: 2 | loss: 0.1992351
	speed: 0.0920s/iter; left time: 827.0527s
	iters: 600, epoch: 2 | loss: 0.1834055
	speed: 0.0919s/iter; left time: 816.8060s
	iters: 700, epoch: 2 | loss: 0.1877302
	speed: 0.0918s/iter; left time: 806.8537s
	iters: 800, epoch: 2 | loss: 0.1797075
	speed: 0.0920s/iter; left time: 798.9316s
	iters: 900, epoch: 2 | loss: 0.1760677
	speed: 0.0919s/iter; left time: 789.4569s
	iters: 1000, epoch: 2 | loss: 0.1624897
	speed: 0.0919s/iter; left time: 779.5605s
Epoch: 2 cost time: 97.01548433303833
Epoch: 2, Steps: 1054 | Train Loss: 0.1968964 Vali Loss: 1.2415327 Test Loss: 1.0049239
EarlyStopping counter: 1 out of 3
Updating learning rate to 5e-05
	iters: 100, epoch: 3 | loss: 0.1456117
	speed: 0.3664s/iter; left time: 3053.5078s
	iters: 200, epoch: 3 | loss: 0.1602819
	speed: 0.0924s/iter; left time: 760.6329s
	iters: 300, epoch: 3 | loss: 0.1516569
	speed: 0.0924s/iter; left time: 751.1329s
	iters: 400, epoch: 3 | loss: 0.1443704
	speed: 0.0924s/iter; left time: 742.0317s
	iters: 500, epoch: 3 | loss: 0.1453331
	speed: 0.0918s/iter; left time: 728.5930s
	iters: 600, epoch: 3 | loss: 0.1430282
	speed: 0.0916s/iter; left time: 717.8076s
	iters: 700, epoch: 3 | loss: 0.1380907
	speed: 0.0918s/iter; left time: 709.7889s
	iters: 800, epoch: 3 | loss: 0.1272506
	speed: 0.0918s/iter; left time: 701.0597s
	iters: 900, epoch: 3 | loss: 0.1391684
	speed: 0.0917s/iter; left time: 690.9259s
	iters: 1000, epoch: 3 | loss: 0.1229510
	speed: 0.0919s/iter; left time: 683.1073s
Epoch: 3 cost time: 96.88389325141907
Epoch: 3, Steps: 1054 | Train Loss: 0.1430466 Vali Loss: 1.2544715 Test Loss: 0.9968618
EarlyStopping counter: 2 out of 3
Updating learning rate to 2.5e-05
	iters: 100, epoch: 4 | loss: 0.1267443
	speed: 0.3663s/iter; left time: 2666.2441s
	iters: 200, epoch: 4 | loss: 0.1208170
	speed: 0.0928s/iter; left time: 665.9891s
	iters: 300, epoch: 4 | loss: 0.1224744
	speed: 0.0924s/iter; left time: 654.2929s
	iters: 400, epoch: 4 | loss: 0.1145147
	speed: 0.0923s/iter; left time: 643.8720s
	iters: 500, epoch: 4 | loss: 0.1182868
	speed: 0.0921s/iter; left time: 633.6772s
	iters: 600, epoch: 4 | loss: 0.1116170
	speed: 0.0920s/iter; left time: 623.4996s
	iters: 700, epoch: 4 | loss: 0.1199902
	speed: 0.0920s/iter; left time: 614.1632s
	iters: 800, epoch: 4 | loss: 0.1127348
	speed: 0.0918s/iter; left time: 603.8283s
	iters: 900, epoch: 4 | loss: 0.1185086
	speed: 0.0919s/iter; left time: 595.2780s
	iters: 1000, epoch: 4 | loss: 0.1122199
	speed: 0.0920s/iter; left time: 586.7621s
Epoch: 4 cost time: 97.02096962928772
Epoch: 4, Steps: 1054 | Train Loss: 0.1199767 Vali Loss: 1.2425182 Test Loss: 0.9776536
EarlyStopping counter: 3 out of 3
Early stopping
>>>>>>>testing : ETTm1_720_Transformer_ETTm1_ftM_sl96_ll48_pl720_dm512_nh8_el2_dl1_df2048_fc3_ebtimeF_dtTrue_Exp_0_seed3144<<<<<<<<<<<<<<<<<<<<<<<<<<<<<<<<<
test 10801
mse:1.0484418869018555, mae:0.8060563802719116
