Args in experiment:
Namespace(activation='gelu', batch_size=32, c_out=8, checkpoints='./checkpoints/', d_ff=2048, d_layers=1, d_model=512, data='custom', data_path='exchange_rate.csv', dec_in=8, des='Exp', devices='0,1,2,3', distil=True, do_predict=False, dropout=0.05, e_layers=2, embed='timeF', embed_type=0, enc_in=8, factor=3, features='M', freq='h', gpu=0, individual=False, is_training=1, itr=1, label_len=48, learning_rate=0.0001, loss='mse', lradj='type1', model='Transformer', model_id='exchange_336', moving_avg=25, n_heads=8, num_workers=0, output_attention=False, patience=3, pred_len=336, root_path='./dataset/', seed=3293, seq_len=96, target='OT', test_flop=False, train_epochs=10, train_only=False, use_amp=False, use_gpu=True, use_multi_gpu=False)
Use GPU: cuda:0
>>>>>>>start training : exchange_336_Transformer_custom_ftM_sl96_ll48_pl336_dm512_nh8_el2_dl1_df2048_fc3_ebtimeF_dtTrue_Exp_0_seed3293>>>>>>>>>>>>>>>>>>>>>>>>>>
train 4880
val 425
test 1182
	iters: 100, epoch: 1 | loss: 0.1139549
	speed: 0.0740s/iter; left time: 105.1713s
Epoch: 1 cost time: 9.680192232131958
Epoch: 1, Steps: 152 | Train Loss: 0.2008139 Vali Loss: 2.5981169 Test Loss: 2.1341903
Validation loss decreased (inf --> 2.598117).  Saving model ...
Updating learning rate to 0.0001
	iters: 100, epoch: 2 | loss: 0.0637724
	speed: 0.0757s/iter; left time: 96.0311s
Epoch: 2 cost time: 6.6107237339019775
Epoch: 2, Steps: 152 | Train Loss: 0.0678700 Vali Loss: 1.8433375 Test Loss: 2.1092341
Validation loss decreased (2.598117 --> 1.843338).  Saving model ...
Updating learning rate to 5e-05
	iters: 100, epoch: 3 | loss: 0.0502165
	speed: 0.0753s/iter; left time: 84.0843s
Epoch: 3 cost time: 6.612817049026489
Epoch: 3, Steps: 152 | Train Loss: 0.0514334 Vali Loss: 1.6586399 Test Loss: 1.9313340
Validation loss decreased (1.843338 --> 1.658640).  Saving model ...
Updating learning rate to 2.5e-05
	iters: 100, epoch: 4 | loss: 0.0485952
	speed: 0.0760s/iter; left time: 73.3597s
Epoch: 4 cost time: 6.618285179138184
Epoch: 4, Steps: 152 | Train Loss: 0.0458184 Vali Loss: 1.7203507 Test Loss: 1.8810328
EarlyStopping counter: 1 out of 3
Updating learning rate to 1.25e-05
	iters: 100, epoch: 5 | loss: 0.0388173
	speed: 0.0733s/iter; left time: 59.6258s
Epoch: 5 cost time: 6.617459058761597
Epoch: 5, Steps: 152 | Train Loss: 0.0429945 Vali Loss: 1.7307799 Test Loss: 1.8604259
EarlyStopping counter: 2 out of 3
Updating learning rate to 6.25e-06
	iters: 100, epoch: 6 | loss: 0.0432567
	speed: 0.0734s/iter; left time: 48.5320s
Epoch: 6 cost time: 6.623871088027954
Epoch: 6, Steps: 152 | Train Loss: 0.0416244 Vali Loss: 1.7396570 Test Loss: 1.8652903
EarlyStopping counter: 3 out of 3
Early stopping
>>>>>>>testing : exchange_336_Transformer_custom_ftM_sl96_ll48_pl336_dm512_nh8_el2_dl1_df2048_fc3_ebtimeF_dtTrue_Exp_0_seed3293<<<<<<<<<<<<<<<<<<<<<<<<<<<<<<<<<
test 1182
mse:1.9318554401397705, mae:1.0987669229507446
