Args in experiment:
Namespace(activation='gelu', batch_size=32, c_out=321, checkpoints='./checkpoints/', d_ff=2048, d_layers=1, d_model=512, data='custom', data_path='electricity.csv', dec_in=321, des='Exp', devices='0,1,2,3', distil=True, do_predict=False, dropout=0.05, e_layers=2, embed='timeF', embed_type=0, enc_in=321, factor=3, features='M', freq='h', gpu=0, individual=False, is_training=1, itr=1, label_len=48, learning_rate=0.0001, loss='mse', lradj='type1', model='Transformer', model_id='electricity_336', moving_avg=25, n_heads=8, num_workers=0, output_attention=False, patience=3, pred_len=336, root_path='./dataset/', seed=25565, seq_len=96, target='OT', test_flop=False, train_epochs=10, train_only=False, use_amp=False, use_gpu=True, use_multi_gpu=False)
Use GPU: cuda:0
>>>>>>>start training : electricity_336_Transformer_custom_ftM_sl96_ll48_pl336_dm512_nh8_el2_dl1_df2048_fc3_ebtimeF_dtTrue_Exp_0_seed25565>>>>>>>>>>>>>>>>>>>>>>>>>>
train 17981
val 2297
test 4925
	iters: 100, epoch: 1 | loss: 0.3480521
	speed: 0.0806s/iter; left time: 444.1243s
	iters: 200, epoch: 1 | loss: 0.2481819
	speed: 0.0499s/iter; left time: 269.9722s
	iters: 300, epoch: 1 | loss: 0.2342204
	speed: 0.0499s/iter; left time: 264.8535s
	iters: 400, epoch: 1 | loss: 0.2249465
	speed: 0.0500s/iter; left time: 260.5313s
	iters: 500, epoch: 1 | loss: 0.2156450
	speed: 0.0500s/iter; left time: 255.7283s
Epoch: 1 cost time: 31.09608745574951
Epoch: 1, Steps: 561 | Train Loss: 0.3054564 Vali Loss: 0.2771579 Test Loss: 0.3260080
Validation loss decreased (inf --> 0.277158).  Saving model ...
Updating learning rate to 0.0001
	iters: 100, epoch: 2 | loss: 0.2042820
	speed: 0.1744s/iter; left time: 863.2333s
	iters: 200, epoch: 2 | loss: 0.1936872
	speed: 0.0501s/iter; left time: 243.0659s
	iters: 300, epoch: 2 | loss: 0.1918548
	speed: 0.0502s/iter; left time: 238.5174s
	iters: 400, epoch: 2 | loss: 0.1709548
	speed: 0.0501s/iter; left time: 232.9096s
	iters: 500, epoch: 2 | loss: 0.1705062
	speed: 0.0502s/iter; left time: 228.5510s
Epoch: 2 cost time: 28.121219635009766
Epoch: 2, Steps: 561 | Train Loss: 0.1896983 Vali Loss: 0.2226451 Test Loss: 0.2868561
Validation loss decreased (0.277158 --> 0.222645).  Saving model ...
Updating learning rate to 5e-05
	iters: 100, epoch: 3 | loss: 0.1639730
	speed: 0.1746s/iter; left time: 766.5115s
	iters: 200, epoch: 3 | loss: 0.1620427
	speed: 0.0500s/iter; left time: 214.4095s
	iters: 300, epoch: 3 | loss: 0.1496698
	speed: 0.0500s/iter; left time: 209.3896s
	iters: 400, epoch: 3 | loss: 0.1427062
	speed: 0.0500s/iter; left time: 204.4416s
	iters: 500, epoch: 3 | loss: 0.1366477
	speed: 0.0500s/iter; left time: 199.4295s
Epoch: 3 cost time: 28.039844274520874
Epoch: 3, Steps: 561 | Train Loss: 0.1498077 Vali Loss: 0.2093272 Test Loss: 0.2847260
Validation loss decreased (0.222645 --> 0.209327).  Saving model ...
Updating learning rate to 2.5e-05
	iters: 100, epoch: 4 | loss: 0.1437683
	speed: 0.1737s/iter; left time: 664.7440s
	iters: 200, epoch: 4 | loss: 0.1416435
	speed: 0.0501s/iter; left time: 186.8361s
	iters: 300, epoch: 4 | loss: 0.1350689
	speed: 0.0502s/iter; left time: 182.1282s
	iters: 400, epoch: 4 | loss: 0.1411027
	speed: 0.0501s/iter; left time: 176.8505s
	iters: 500, epoch: 4 | loss: 0.1404590
	speed: 0.0500s/iter; left time: 171.4883s
Epoch: 4 cost time: 28.091373205184937
Epoch: 4, Steps: 561 | Train Loss: 0.1358760 Vali Loss: 0.2033038 Test Loss: 0.2756388
Validation loss decreased (0.209327 --> 0.203304).  Saving model ...
Updating learning rate to 1.25e-05
	iters: 100, epoch: 5 | loss: 0.1236268
	speed: 0.1752s/iter; left time: 572.3636s
	iters: 200, epoch: 5 | loss: 0.1295328
	speed: 0.0503s/iter; left time: 159.4301s
	iters: 300, epoch: 5 | loss: 0.1267663
	speed: 0.0503s/iter; left time: 154.4080s
	iters: 400, epoch: 5 | loss: 0.1305150
	speed: 0.0503s/iter; left time: 149.3345s
	iters: 500, epoch: 5 | loss: 0.1334221
	speed: 0.0503s/iter; left time: 144.3269s
Epoch: 5 cost time: 28.21231460571289
Epoch: 5, Steps: 561 | Train Loss: 0.1301562 Vali Loss: 0.2021094 Test Loss: 0.2774966
Validation loss decreased (0.203304 --> 0.202109).  Saving model ...
Updating learning rate to 6.25e-06
	iters: 100, epoch: 6 | loss: 0.1262219
	speed: 0.1748s/iter; left time: 472.9346s
	iters: 200, epoch: 6 | loss: 0.1303727
	speed: 0.0502s/iter; left time: 130.8531s
	iters: 300, epoch: 6 | loss: 0.1222239
	speed: 0.0501s/iter; left time: 125.6251s
	iters: 400, epoch: 6 | loss: 0.1280438
	speed: 0.0502s/iter; left time: 120.8380s
	iters: 500, epoch: 6 | loss: 0.1263151
	speed: 0.0501s/iter; left time: 115.4850s
Epoch: 6 cost time: 28.13489818572998
Epoch: 6, Steps: 561 | Train Loss: 0.1274711 Vali Loss: 0.2005140 Test Loss: 0.2746766
Validation loss decreased (0.202109 --> 0.200514).  Saving model ...
Updating learning rate to 3.125e-06
	iters: 100, epoch: 7 | loss: 0.1266971
	speed: 0.1740s/iter; left time: 373.2488s
	iters: 200, epoch: 7 | loss: 0.1277286
	speed: 0.0500s/iter; left time: 102.1991s
	iters: 300, epoch: 7 | loss: 0.1285724
	speed: 0.0500s/iter; left time: 97.2583s
	iters: 400, epoch: 7 | loss: 0.1294339
	speed: 0.0501s/iter; left time: 92.3911s
	iters: 500, epoch: 7 | loss: 0.1215516
	speed: 0.0500s/iter; left time: 87.2448s
Epoch: 7 cost time: 28.047470569610596
Epoch: 7, Steps: 561 | Train Loss: 0.1260410 Vali Loss: 0.2005678 Test Loss: 0.2755940
EarlyStopping counter: 1 out of 3
Updating learning rate to 1.5625e-06
	iters: 100, epoch: 8 | loss: 0.1281564
	speed: 0.1719s/iter; left time: 272.3527s
	iters: 200, epoch: 8 | loss: 0.1261024
	speed: 0.0500s/iter; left time: 74.1578s
	iters: 300, epoch: 8 | loss: 0.1215916
	speed: 0.0501s/iter; left time: 69.2976s
	iters: 400, epoch: 8 | loss: 0.1215853
	speed: 0.0500s/iter; left time: 64.2535s
	iters: 500, epoch: 8 | loss: 0.1259089
	speed: 0.0501s/iter; left time: 59.3444s
Epoch: 8 cost time: 28.090197563171387
Epoch: 8, Steps: 561 | Train Loss: 0.1252030 Vali Loss: 0.2000772 Test Loss: 0.2756434
Validation loss decreased (0.200514 --> 0.200077).  Saving model ...
Updating learning rate to 7.8125e-07
	iters: 100, epoch: 9 | loss: 0.1238327
	speed: 0.1757s/iter; left time: 179.7170s
	iters: 200, epoch: 9 | loss: 0.1249961
	speed: 0.0504s/iter; left time: 46.5098s
	iters: 300, epoch: 9 | loss: 0.1231320
	speed: 0.0504s/iter; left time: 41.4479s
	iters: 400, epoch: 9 | loss: 0.1205406
	speed: 0.0502s/iter; left time: 36.3247s
	iters: 500, epoch: 9 | loss: 0.1254609
	speed: 0.0502s/iter; left time: 31.2611s
Epoch: 9 cost time: 28.196431398391724
Epoch: 9, Steps: 561 | Train Loss: 0.1248108 Vali Loss: 0.2006921 Test Loss: 0.2755156
EarlyStopping counter: 1 out of 3
Updating learning rate to 3.90625e-07
	iters: 100, epoch: 10 | loss: 0.1248828
	speed: 0.1713s/iter; left time: 79.1548s
	iters: 200, epoch: 10 | loss: 0.1202964
	speed: 0.0501s/iter; left time: 18.1485s
	iters: 300, epoch: 10 | loss: 0.1268094
	speed: 0.0502s/iter; left time: 13.1485s
	iters: 400, epoch: 10 | loss: 0.1213845
	speed: 0.0502s/iter; left time: 8.1297s
	iters: 500, epoch: 10 | loss: 0.1270704
	speed: 0.0501s/iter; left time: 3.1087s
Epoch: 10 cost time: 28.113513231277466
Epoch: 10, Steps: 561 | Train Loss: 0.1245831 Vali Loss: 0.1999276 Test Loss: 0.2750867
Validation loss decreased (0.200077 --> 0.199928).  Saving model ...
Updating learning rate to 1.953125e-07
>>>>>>>testing : electricity_336_Transformer_custom_ftM_sl96_ll48_pl336_dm512_nh8_el2_dl1_df2048_fc3_ebtimeF_dtTrue_Exp_0_seed25565<<<<<<<<<<<<<<<<<<<<<<<<<<<<<<<<<
test 4925
mse:0.27495285868644714, mae:0.3703155219554901
