Args in experiment:
Namespace(activation='gelu', batch_size=32, c_out=321, checkpoints='./checkpoints/', d_ff=2048, d_layers=1, d_model=512, data='custom', data_path='electricity.csv', dec_in=321, des='Exp', devices='0,1,2,3', distil=True, do_predict=False, dropout=0.05, e_layers=2, embed='timeF', embed_type=0, enc_in=321, factor=3, features='M', freq='h', gpu=0, individual=False, is_training=1, itr=1, label_len=48, learning_rate=0.0001, loss='mse', lradj='type1', model='Transformer', model_id='electricity_96', moving_avg=25, n_heads=8, num_workers=0, output_attention=False, patience=3, pred_len=96, root_path='./dataset/', seed=10458, seq_len=96, target='OT', test_flop=False, train_epochs=10, train_only=False, use_amp=False, use_gpu=True, use_multi_gpu=False)
Use GPU: cuda:0
>>>>>>>start training : electricity_96_Transformer_custom_ftM_sl96_ll48_pl96_dm512_nh8_el2_dl1_df2048_fc3_ebtimeF_dtTrue_Exp_0_seed10458>>>>>>>>>>>>>>>>>>>>>>>>>>
train 18221
val 2537
test 5165
	iters: 100, epoch: 1 | loss: 0.3313105
	speed: 0.0586s/iter; left time: 327.8433s
	iters: 200, epoch: 1 | loss: 0.2613646
	speed: 0.0278s/iter; left time: 152.5902s
	iters: 300, epoch: 1 | loss: 0.2241758
	speed: 0.0279s/iter; left time: 150.3240s
	iters: 400, epoch: 1 | loss: 0.2045734
	speed: 0.0277s/iter; left time: 146.6783s
	iters: 500, epoch: 1 | loss: 0.1613437
	speed: 0.0278s/iter; left time: 144.3430s
Epoch: 1 cost time: 18.90687394142151
Epoch: 1, Steps: 569 | Train Loss: 0.2841238 Vali Loss: 0.2014589 Test Loss: 0.2818380
Validation loss decreased (inf --> 0.201459).  Saving model ...
Updating learning rate to 0.0001
	iters: 100, epoch: 2 | loss: 0.1838192
	speed: 0.0989s/iter; left time: 496.9246s
	iters: 200, epoch: 2 | loss: 0.1546651
	speed: 0.0275s/iter; left time: 135.5896s
	iters: 300, epoch: 2 | loss: 0.1594833
	speed: 0.0278s/iter; left time: 134.1292s
	iters: 400, epoch: 2 | loss: 0.1402848
	speed: 0.0279s/iter; left time: 131.6583s
	iters: 500, epoch: 2 | loss: 0.1353639
	speed: 0.0278s/iter; left time: 128.3711s
Epoch: 2 cost time: 15.786721467971802
Epoch: 2, Steps: 569 | Train Loss: 0.1536012 Vali Loss: 0.1953015 Test Loss: 0.2676308
Validation loss decreased (0.201459 --> 0.195302).  Saving model ...
Updating learning rate to 5e-05
	iters: 100, epoch: 3 | loss: 0.1269330
	speed: 0.0981s/iter; left time: 436.9816s
	iters: 200, epoch: 3 | loss: 0.1359967
	speed: 0.0278s/iter; left time: 121.1770s
	iters: 300, epoch: 3 | loss: 0.1320565
	speed: 0.0279s/iter; left time: 118.7746s
	iters: 400, epoch: 3 | loss: 0.1339568
	speed: 0.0280s/iter; left time: 116.4363s
	iters: 500, epoch: 3 | loss: 0.1279444
	speed: 0.0280s/iter; left time: 113.6326s
Epoch: 3 cost time: 15.885748863220215
Epoch: 3, Steps: 569 | Train Loss: 0.1288756 Vali Loss: 0.1856635 Test Loss: 0.2632142
Validation loss decreased (0.195302 --> 0.185664).  Saving model ...
Updating learning rate to 2.5e-05
	iters: 100, epoch: 4 | loss: 0.1280876
	speed: 0.0976s/iter; left time: 379.1633s
	iters: 200, epoch: 4 | loss: 0.1188420
	speed: 0.0278s/iter; left time: 105.1499s
	iters: 300, epoch: 4 | loss: 0.1151937
	speed: 0.0277s/iter; left time: 102.1259s
	iters: 400, epoch: 4 | loss: 0.1200259
	speed: 0.0277s/iter; left time: 99.4007s
	iters: 500, epoch: 4 | loss: 0.1137114
	speed: 0.0278s/iter; left time: 96.8391s
Epoch: 4 cost time: 15.79894495010376
Epoch: 4, Steps: 569 | Train Loss: 0.1187662 Vali Loss: 0.1829671 Test Loss: 0.2616660
Validation loss decreased (0.185664 --> 0.182967).  Saving model ...
Updating learning rate to 1.25e-05
	iters: 100, epoch: 5 | loss: 0.1174424
	speed: 0.0978s/iter; left time: 324.3403s
	iters: 200, epoch: 5 | loss: 0.1082636
	speed: 0.0279s/iter; left time: 89.7768s
	iters: 300, epoch: 5 | loss: 0.1129615
	speed: 0.0289s/iter; left time: 89.8964s
	iters: 400, epoch: 5 | loss: 0.1165738
	speed: 0.0289s/iter; left time: 87.0584s
	iters: 500, epoch: 5 | loss: 0.1120132
	speed: 0.0286s/iter; left time: 83.3522s
Epoch: 5 cost time: 16.18403387069702
Epoch: 5, Steps: 569 | Train Loss: 0.1143623 Vali Loss: 0.1826582 Test Loss: 0.2613087
Validation loss decreased (0.182967 --> 0.182658).  Saving model ...
Updating learning rate to 6.25e-06
	iters: 100, epoch: 6 | loss: 0.1127029
	speed: 0.0998s/iter; left time: 273.9461s
	iters: 200, epoch: 6 | loss: 0.1099858
	speed: 0.0286s/iter; left time: 75.5541s
	iters: 300, epoch: 6 | loss: 0.1104099
	speed: 0.0288s/iter; left time: 73.2448s
	iters: 400, epoch: 6 | loss: 0.1223178
	speed: 0.0289s/iter; left time: 70.7821s
	iters: 500, epoch: 6 | loss: 0.1061531
	speed: 0.0285s/iter; left time: 66.9160s
Epoch: 6 cost time: 16.290346145629883
Epoch: 6, Steps: 569 | Train Loss: 0.1121878 Vali Loss: 0.1828277 Test Loss: 0.2608657
EarlyStopping counter: 1 out of 3
Updating learning rate to 3.125e-06
	iters: 100, epoch: 7 | loss: 0.1129437
	speed: 0.0961s/iter; left time: 209.3050s
	iters: 200, epoch: 7 | loss: 0.1147334
	speed: 0.0279s/iter; left time: 57.8698s
	iters: 300, epoch: 7 | loss: 0.1061246
	speed: 0.0278s/iter; left time: 55.0555s
	iters: 400, epoch: 7 | loss: 0.1123405
	speed: 0.0278s/iter; left time: 52.1945s
	iters: 500, epoch: 7 | loss: 0.1074727
	speed: 0.0279s/iter; left time: 49.5559s
Epoch: 7 cost time: 15.865546941757202
Epoch: 7, Steps: 569 | Train Loss: 0.1109892 Vali Loss: 0.1825002 Test Loss: 0.2607380
Validation loss decreased (0.182658 --> 0.182500).  Saving model ...
Updating learning rate to 1.5625e-06
	iters: 100, epoch: 8 | loss: 0.1065996
	speed: 0.0993s/iter; left time: 159.7256s
	iters: 200, epoch: 8 | loss: 0.1146429
	speed: 0.0278s/iter; left time: 41.8788s
	iters: 300, epoch: 8 | loss: 0.1069033
	speed: 0.0278s/iter; left time: 39.1290s
	iters: 400, epoch: 8 | loss: 0.1189477
	speed: 0.0277s/iter; left time: 36.2678s
	iters: 500, epoch: 8 | loss: 0.1093596
	speed: 0.0276s/iter; left time: 33.3848s
Epoch: 8 cost time: 15.771294355392456
Epoch: 8, Steps: 569 | Train Loss: 0.1103791 Vali Loss: 0.1826768 Test Loss: 0.2606190
EarlyStopping counter: 1 out of 3
Updating learning rate to 7.8125e-07
	iters: 100, epoch: 9 | loss: 0.1183748
	speed: 0.0915s/iter; left time: 95.0567s
	iters: 200, epoch: 9 | loss: 0.1151498
	speed: 0.0277s/iter; left time: 26.0246s
	iters: 300, epoch: 9 | loss: 0.1144153
	speed: 0.0278s/iter; left time: 23.3580s
	iters: 400, epoch: 9 | loss: 0.1149122
	speed: 0.0277s/iter; left time: 20.4701s
	iters: 500, epoch: 9 | loss: 0.1084732
	speed: 0.0277s/iter; left time: 17.6765s
Epoch: 9 cost time: 15.770512819290161
Epoch: 9, Steps: 569 | Train Loss: 0.1100372 Vali Loss: 0.1824667 Test Loss: 0.2607461
Validation loss decreased (0.182500 --> 0.182467).  Saving model ...
Updating learning rate to 3.90625e-07
	iters: 100, epoch: 10 | loss: 0.1025105
	speed: 0.0943s/iter; left time: 44.3373s
	iters: 200, epoch: 10 | loss: 0.1073671
	speed: 0.0277s/iter; left time: 10.2621s
	iters: 300, epoch: 10 | loss: 0.1158703
	speed: 0.0277s/iter; left time: 7.4803s
	iters: 400, epoch: 10 | loss: 0.1125138
	speed: 0.0277s/iter; left time: 4.7028s
	iters: 500, epoch: 10 | loss: 0.1173193
	speed: 0.0277s/iter; left time: 1.9355s
Epoch: 10 cost time: 15.747912168502808
Epoch: 10, Steps: 569 | Train Loss: 0.1098364 Vali Loss: 0.1825670 Test Loss: 0.2608029
EarlyStopping counter: 1 out of 3
Updating learning rate to 1.953125e-07
>>>>>>>testing : electricity_96_Transformer_custom_ftM_sl96_ll48_pl96_dm512_nh8_el2_dl1_df2048_fc3_ebtimeF_dtTrue_Exp_0_seed10458<<<<<<<<<<<<<<<<<<<<<<<<<<<<<<<<<
test 5165
mse:0.26031556725502014, mae:0.357328325510025
