Args in experiment:
Namespace(activation='gelu', batch_size=32, c_out=8, checkpoints='./checkpoints/', d_ff=2048, d_layers=1, d_model=512, data='custom', data_path='exchange_rate.csv', dec_in=8, des='Exp', devices='0,1,2,3', distil=True, do_predict=False, dropout=0.05, e_layers=2, embed='timeF', embed_type=0, enc_in=8, factor=3, features='M', freq='h', gpu=0, individual=False, is_training=1, itr=1, label_len=48, learning_rate=0.0001, loss='mse', lradj='type1', model='Transformer', model_id='exchange_720', moving_avg=25, n_heads=8, num_workers=0, output_attention=False, patience=3, pred_len=720, root_path='./dataset/', seed=15726, seq_len=96, target='OT', test_flop=False, train_epochs=10, train_only=False, use_amp=False, use_gpu=True, use_multi_gpu=False)
Use GPU: cuda:0
>>>>>>>start training : exchange_720_Transformer_custom_ftM_sl96_ll48_pl720_dm512_nh8_el2_dl1_df2048_fc3_ebtimeF_dtTrue_Exp_0_seed15726>>>>>>>>>>>>>>>>>>>>>>>>>>
train 4496
val 41
test 798
	iters: 100, epoch: 1 | loss: 0.1577759
	speed: 0.1236s/iter; left time: 160.7608s
Epoch: 1 cost time: 16.040432929992676
Epoch: 1, Steps: 140 | Train Loss: 0.2656843 Vali Loss: 2.2941604 Test Loss: 3.0431080
Validation loss decreased (inf --> 2.294160).  Saving model ...
Updating learning rate to 0.0001
	iters: 100, epoch: 2 | loss: 0.0779567
	speed: 0.1396s/iter; left time: 162.0414s
Epoch: 2 cost time: 12.823442935943604
Epoch: 2, Steps: 140 | Train Loss: 0.0866968 Vali Loss: 2.6106501 Test Loss: 3.1679559
EarlyStopping counter: 1 out of 3
Updating learning rate to 5e-05
	iters: 100, epoch: 3 | loss: 0.0594660
	speed: 0.1375s/iter; left time: 140.3809s
Epoch: 3 cost time: 12.825123071670532
Epoch: 3, Steps: 140 | Train Loss: 0.0641562 Vali Loss: 2.8512759 Test Loss: 3.1401060
EarlyStopping counter: 2 out of 3
Updating learning rate to 2.5e-05
	iters: 100, epoch: 4 | loss: 0.0613717
	speed: 0.1372s/iter; left time: 120.8713s
Epoch: 4 cost time: 12.80944037437439
Epoch: 4, Steps: 140 | Train Loss: 0.0577876 Vali Loss: 3.0618408 Test Loss: 3.1754255
EarlyStopping counter: 3 out of 3
Early stopping
>>>>>>>testing : exchange_720_Transformer_custom_ftM_sl96_ll48_pl720_dm512_nh8_el2_dl1_df2048_fc3_ebtimeF_dtTrue_Exp_0_seed15726<<<<<<<<<<<<<<<<<<<<<<<<<<<<<<<<<
test 798
mse:3.043119430541992, mae:1.4683278799057007
