Args in experiment:
Namespace(activation='gelu', batch_size=32, c_out=21, checkpoints='./checkpoints/', d_ff=2048, d_layers=1, d_model=512, data='custom', data_path='weather.csv', dec_in=21, des='Exp', devices='0,1,2,3', distil=True, do_predict=False, dropout=0.05, e_layers=2, embed='timeF', embed_type=0, enc_in=21, factor=3, features='M', freq='h', gpu=0, individual=False, is_training=1, itr=1, label_len=48, learning_rate=0.0001, loss='mse', lradj='type1', model='Transformer', model_id='weather_336', moving_avg=25, n_heads=8, num_workers=0, output_attention=False, patience=3, pred_len=336, root_path='./dataset/', seed=15349, seq_len=96, target='OT', test_flop=False, train_epochs=10, train_only=False, use_amp=False, use_gpu=True, use_multi_gpu=False)
Use GPU: cuda:0
>>>>>>>start training : weather_336_Transformer_custom_ftM_sl96_ll48_pl336_dm512_nh8_el2_dl1_df2048_fc3_ebtimeF_dtTrue_Exp_0_seed15349>>>>>>>>>>>>>>>>>>>>>>>>>>
train 36456
val 4935
test 10204
	iters: 100, epoch: 1 | loss: 0.4377145
	speed: 0.0746s/iter; left time: 841.7931s
	iters: 200, epoch: 1 | loss: 0.2927888
	speed: 0.0441s/iter; left time: 493.7837s
	iters: 300, epoch: 1 | loss: 0.3416290
	speed: 0.0442s/iter; left time: 490.5823s
	iters: 400, epoch: 1 | loss: 0.4164795
	speed: 0.0443s/iter; left time: 486.3710s
	iters: 500, epoch: 1 | loss: 0.3188618
	speed: 0.0443s/iter; left time: 482.3856s
	iters: 600, epoch: 1 | loss: 0.6467702
	speed: 0.0443s/iter; left time: 478.4128s
	iters: 700, epoch: 1 | loss: 0.3422310
	speed: 0.0443s/iter; left time: 473.5423s
	iters: 800, epoch: 1 | loss: 0.3368420
	speed: 0.0442s/iter; left time: 468.0242s
	iters: 900, epoch: 1 | loss: 0.2920220
	speed: 0.0442s/iter; left time: 463.4590s
	iters: 1000, epoch: 1 | loss: 0.2371842
	speed: 0.0442s/iter; left time: 458.9978s
	iters: 1100, epoch: 1 | loss: 0.3449000
	speed: 0.0442s/iter; left time: 454.6859s
Epoch: 1 cost time: 53.41173219680786
Epoch: 1, Steps: 1139 | Train Loss: 0.4287066 Vali Loss: 0.7201522 Test Loss: 0.7703384
Validation loss decreased (inf --> 0.720152).  Saving model ...
Updating learning rate to 0.0001
	iters: 100, epoch: 2 | loss: 0.1932898
	speed: 0.1345s/iter; left time: 1365.8197s
	iters: 200, epoch: 2 | loss: 0.2579603
	speed: 0.0442s/iter; left time: 444.1787s
	iters: 300, epoch: 2 | loss: 0.2048930
	speed: 0.0442s/iter; left time: 439.4889s
	iters: 400, epoch: 2 | loss: 0.3324311
	speed: 0.0442s/iter; left time: 435.6690s
	iters: 500, epoch: 2 | loss: 0.1761012
	speed: 0.0442s/iter; left time: 431.1121s
	iters: 600, epoch: 2 | loss: 0.5233400
	speed: 0.0442s/iter; left time: 426.3538s
	iters: 700, epoch: 2 | loss: 0.2007138
	speed: 0.0442s/iter; left time: 422.2766s
	iters: 800, epoch: 2 | loss: 0.2083395
	speed: 0.0441s/iter; left time: 417.2752s
	iters: 900, epoch: 2 | loss: 0.3895584
	speed: 0.0441s/iter; left time: 412.5482s
	iters: 1000, epoch: 2 | loss: 0.3485903
	speed: 0.0441s/iter; left time: 408.4421s
	iters: 1100, epoch: 2 | loss: 0.3885163
	speed: 0.0441s/iter; left time: 403.8122s
Epoch: 2 cost time: 50.28594517707825
Epoch: 2, Steps: 1139 | Train Loss: 0.2934661 Vali Loss: 0.7604759 Test Loss: 0.8793585
EarlyStopping counter: 1 out of 3
Updating learning rate to 5e-05
	iters: 100, epoch: 3 | loss: 0.1651215
	speed: 0.1307s/iter; left time: 1178.1425s
	iters: 200, epoch: 3 | loss: 0.1680195
	speed: 0.0443s/iter; left time: 395.1158s
	iters: 300, epoch: 3 | loss: 0.1996868
	speed: 0.0444s/iter; left time: 391.1600s
	iters: 400, epoch: 3 | loss: 0.3869093
	speed: 0.0443s/iter; left time: 386.0922s
	iters: 500, epoch: 3 | loss: 0.1964309
	speed: 0.0443s/iter; left time: 381.4781s
	iters: 600, epoch: 3 | loss: 0.1831431
	speed: 0.0443s/iter; left time: 376.8017s
	iters: 700, epoch: 3 | loss: 0.3849844
	speed: 0.0443s/iter; left time: 372.4125s
	iters: 800, epoch: 3 | loss: 0.2153483
	speed: 0.0443s/iter; left time: 368.1446s
	iters: 900, epoch: 3 | loss: 0.1877584
	speed: 0.0441s/iter; left time: 361.9230s
	iters: 1000, epoch: 3 | loss: 0.1488871
	speed: 0.0441s/iter; left time: 357.5643s
	iters: 1100, epoch: 3 | loss: 0.1539390
	speed: 0.0441s/iter; left time: 353.3201s
Epoch: 3 cost time: 50.350470542907715
Epoch: 3, Steps: 1139 | Train Loss: 0.2366483 Vali Loss: 0.7449386 Test Loss: 0.8293635
EarlyStopping counter: 2 out of 3
Updating learning rate to 2.5e-05
	iters: 100, epoch: 4 | loss: 0.1328420
	speed: 0.1305s/iter; left time: 1027.8881s
	iters: 200, epoch: 4 | loss: 0.1648841
	speed: 0.0441s/iter; left time: 342.7800s
	iters: 300, epoch: 4 | loss: 0.2005182
	speed: 0.0441s/iter; left time: 338.5988s
	iters: 400, epoch: 4 | loss: 0.2469185
	speed: 0.0441s/iter; left time: 333.8827s
	iters: 500, epoch: 4 | loss: 0.1817350
	speed: 0.0441s/iter; left time: 329.7478s
	iters: 600, epoch: 4 | loss: 0.1800550
	speed: 0.0441s/iter; left time: 325.2125s
	iters: 700, epoch: 4 | loss: 0.1649254
	speed: 0.0441s/iter; left time: 320.8852s
	iters: 800, epoch: 4 | loss: 0.3071277
	speed: 0.0441s/iter; left time: 316.4460s
	iters: 900, epoch: 4 | loss: 0.1131823
	speed: 0.0441s/iter; left time: 311.8631s
	iters: 1000, epoch: 4 | loss: 0.1496085
	speed: 0.0441s/iter; left time: 307.6162s
	iters: 1100, epoch: 4 | loss: 0.1906123
	speed: 0.0441s/iter; left time: 302.8468s
Epoch: 4 cost time: 50.2089421749115
Epoch: 4, Steps: 1139 | Train Loss: 0.2158484 Vali Loss: 0.7714276 Test Loss: 0.8704613
EarlyStopping counter: 3 out of 3
Early stopping
>>>>>>>testing : weather_336_Transformer_custom_ftM_sl96_ll48_pl336_dm512_nh8_el2_dl1_df2048_fc3_ebtimeF_dtTrue_Exp_0_seed15349<<<<<<<<<<<<<<<<<<<<<<<<<<<<<<<<<
test 10204
mse:0.7704243063926697, mae:0.6347737908363342
