Args in experiment:
Namespace(activation='gelu', batch_size=32, c_out=8, checkpoints='./checkpoints/', d_ff=2048, d_layers=1, d_model=512, data='custom', data_path='exchange_rate.csv', dec_in=8, des='Exp', devices='0,1,2,3', distil=True, do_predict=False, dropout=0.05, e_layers=2, embed='timeF', embed_type=0, enc_in=8, factor=3, features='M', freq='h', gpu=0, individual=False, is_training=1, itr=1, label_len=25, learning_rate=0.0001, loss='mse', lradj='type1', model='Transformer', model_id='exchange_96', moving_avg=25, n_heads=8, num_workers=0, output_attention=False, patience=3, pred_len=96, root_path='./dataset/', save_pred_values=False, seed=28649, seq_len=25, target='OT', test_flop=False, train_epochs=10, train_only=False, use_amp=False, use_gpu=True, use_multi_gpu=False)
Use GPU: cuda:0
>>>>>>>start training : exchange_96_Transformer_custom_ftM_sl25_ll25_pl96_dm512_nh8_el2_dl1_df2048_fc3_ebtimeF_dtTrue_Exp_0_seed28649>>>>>>>>>>>>>>>>>>>>>>>>>>
train 5191
data_set:  <data_provider.data_loader.Dataset_Custom object at 0x000002996733F390>
val 665
data_set:  <data_provider.data_loader.Dataset_Custom object at 0x0000029934934A20>
test 1422
data_set:  <data_provider.data_loader.Dataset_Custom object at 0x000002996733FA90>
Total number of trainable parameters: 10543624
Total number of parameters: 10543624
	iters: 100, epoch: 1 | loss: 0.0932449
	speed: 0.0521s/iter; left time: 79.2185s
Epoch: 1 cost time: 6.3509392738342285
Epoch: 1, Steps: 162 | Train Loss: 0.1339556 Vali Loss: 0.6404170 Test Loss: 0.5842806
Validation loss decreased (inf --> 0.640417).  Saving model ...
Updating learning rate to 0.0001
	iters: 100, epoch: 2 | loss: 0.0540635
	speed: 0.0358s/iter; left time: 48.6701s
Epoch: 2 cost time: 3.056028366088867
Epoch: 2, Steps: 162 | Train Loss: 0.0712959 Vali Loss: 0.5721433 Test Loss: 0.6567812
Validation loss decreased (0.640417 --> 0.572143).  Saving model ...
Updating learning rate to 5e-05
	iters: 100, epoch: 3 | loss: 0.0541486
	speed: 0.0366s/iter; left time: 43.7808s
Epoch: 3 cost time: 3.0565803050994873
Epoch: 3, Steps: 162 | Train Loss: 0.0549517 Vali Loss: 0.5400815 Test Loss: 0.6832170
Validation loss decreased (0.572143 --> 0.540082).  Saving model ...
Updating learning rate to 2.5e-05
	iters: 100, epoch: 4 | loss: 0.0375654
	speed: 0.0369s/iter; left time: 38.1759s
Epoch: 4 cost time: 2.956993818283081
Epoch: 4, Steps: 162 | Train Loss: 0.0475976 Vali Loss: 0.6080662 Test Loss: 0.7253695
EarlyStopping counter: 1 out of 3
Updating learning rate to 1.25e-05
	iters: 100, epoch: 5 | loss: 0.0456498
	speed: 0.0336s/iter; left time: 29.3357s
Epoch: 5 cost time: 3.0108120441436768
Epoch: 5, Steps: 162 | Train Loss: 0.0445211 Vali Loss: 0.5497604 Test Loss: 0.7355042
EarlyStopping counter: 2 out of 3
Updating learning rate to 6.25e-06
	iters: 100, epoch: 6 | loss: 0.0466249
	speed: 0.0335s/iter; left time: 23.7937s
Epoch: 6 cost time: 2.974720001220703
Epoch: 6, Steps: 162 | Train Loss: 0.0428091 Vali Loss: 0.5561154 Test Loss: 0.7421736
EarlyStopping counter: 3 out of 3
Early stopping
Total training time: 24.4000 seconds
>>>>>>>testing : exchange_96_Transformer_custom_ftM_sl25_ll25_pl96_dm512_nh8_el2_dl1_df2048_fc3_ebtimeF_dtTrue_Exp_0_seed28649<<<<<<<<<<<<<<<<<<<<<<<<<<<<<<<<<
test 1422
data_set:  <data_provider.data_loader.Dataset_Custom object at 0x00000299349345F8>
mse:0.6829438805580139, mae:0.6463231444358826
