Args in experiment:
Namespace(activation='gelu', batch_size=32, c_out=8, checkpoints='./checkpoints/', d_ff=2048, d_layers=1, d_model=512, data='custom', data_path='exchange_rate.csv', dec_in=8, des='Exp', devices='0,1,2,3', distil=True, do_predict=False, dropout=0.05, e_layers=2, embed='timeF', embed_type=0, enc_in=8, factor=3, features='M', freq='h', gpu=0, individual=False, is_training=1, itr=1, label_len=48, learning_rate=0.0001, loss='mse', lradj='type1', model='Transformer', model_id='exchange_336', moving_avg=25, n_heads=8, num_workers=0, output_attention=False, patience=3, pred_len=336, root_path='./dataset/', seed=15349, seq_len=96, target='OT', test_flop=False, train_epochs=10, train_only=False, use_amp=False, use_gpu=True, use_multi_gpu=False)
Use GPU: cuda:0
>>>>>>>start training : exchange_336_Transformer_custom_ftM_sl96_ll48_pl336_dm512_nh8_el2_dl1_df2048_fc3_ebtimeF_dtTrue_Exp_0_seed15349>>>>>>>>>>>>>>>>>>>>>>>>>>
train 4880
val 425
test 1182
	iters: 100, epoch: 1 | loss: 0.0913287
	speed: 0.0737s/iter; left time: 104.7428s
Epoch: 1 cost time: 9.64618468284607
Epoch: 1, Steps: 152 | Train Loss: 0.1912931 Vali Loss: 2.4595435 Test Loss: 2.4429305
Validation loss decreased (inf --> 2.459543).  Saving model ...
Updating learning rate to 0.0001
	iters: 100, epoch: 2 | loss: 0.0689310
	speed: 0.0755s/iter; left time: 95.7769s
Epoch: 2 cost time: 6.602442502975464
Epoch: 2, Steps: 152 | Train Loss: 0.0669673 Vali Loss: 1.9192560 Test Loss: 2.0531847
Validation loss decreased (2.459543 --> 1.919256).  Saving model ...
Updating learning rate to 5e-05
	iters: 100, epoch: 3 | loss: 0.0548052
	speed: 0.0760s/iter; left time: 84.9072s
Epoch: 3 cost time: 6.6021270751953125
Epoch: 3, Steps: 152 | Train Loss: 0.0508986 Vali Loss: 1.7670118 Test Loss: 1.7851490
Validation loss decreased (1.919256 --> 1.767012).  Saving model ...
Updating learning rate to 2.5e-05
	iters: 100, epoch: 4 | loss: 0.0405620
	speed: 0.0756s/iter; left time: 72.9940s
Epoch: 4 cost time: 6.598758935928345
Epoch: 4, Steps: 152 | Train Loss: 0.0452485 Vali Loss: 1.8384430 Test Loss: 1.8207076
EarlyStopping counter: 1 out of 3
Updating learning rate to 1.25e-05
	iters: 100, epoch: 5 | loss: 0.0445331
	speed: 0.0735s/iter; left time: 59.7902s
Epoch: 5 cost time: 6.643137454986572
Epoch: 5, Steps: 152 | Train Loss: 0.0428802 Vali Loss: 1.8393396 Test Loss: 1.8473387
EarlyStopping counter: 2 out of 3
Updating learning rate to 6.25e-06
	iters: 100, epoch: 6 | loss: 0.0430267
	speed: 0.0738s/iter; left time: 48.7768s
Epoch: 6 cost time: 6.664194822311401
Epoch: 6, Steps: 152 | Train Loss: 0.0415533 Vali Loss: 1.8154725 Test Loss: 1.8313025
EarlyStopping counter: 3 out of 3
Early stopping
>>>>>>>testing : exchange_336_Transformer_custom_ftM_sl96_ll48_pl336_dm512_nh8_el2_dl1_df2048_fc3_ebtimeF_dtTrue_Exp_0_seed15349<<<<<<<<<<<<<<<<<<<<<<<<<<<<<<<<<
test 1182
mse:1.785325050354004, mae:1.0165882110595703
