Args in experiment:
Namespace(activation='gelu', batch_size=32, c_out=7, checkpoints='./checkpoints/', d_ff=2048, d_layers=1, d_model=512, data='ETTm1', data_path='ETTm1.csv', dec_in=7, des='Exp', devices='0,1,2,3', distil=True, do_predict=False, dropout=0.05, e_layers=2, embed='timeF', embed_type=0, enc_in=7, factor=3, features='M', freq='h', gpu=0, individual=False, is_training=1, itr=1, label_len=48, learning_rate=0.0001, loss='mse', lradj='type1', model='Transformer', model_id='ETTm1_720', moving_avg=25, n_heads=8, num_workers=0, output_attention=False, patience=3, pred_len=720, root_path='./dataset/', seed=3293, seq_len=96, target='OT', test_flop=False, train_epochs=10, train_only=False, use_amp=False, use_gpu=True, use_multi_gpu=False)
Use GPU: cuda:0
>>>>>>>start training : ETTm1_720_Transformer_ETTm1_ftM_sl96_ll48_pl720_dm512_nh8_el2_dl1_df2048_fc3_ebtimeF_dtTrue_Exp_0_seed3293>>>>>>>>>>>>>>>>>>>>>>>>>>
train 33745
val 10801
test 10801
	iters: 100, epoch: 1 | loss: 0.4550432
	speed: 0.1236s/iter; left time: 1290.4597s
	iters: 200, epoch: 1 | loss: 0.4167591
	speed: 0.0918s/iter; left time: 949.1089s
	iters: 300, epoch: 1 | loss: 0.3165763
	speed: 0.0918s/iter; left time: 940.5317s
	iters: 400, epoch: 1 | loss: 0.3429229
	speed: 0.0919s/iter; left time: 932.2510s
	iters: 500, epoch: 1 | loss: 0.3215116
	speed: 0.0919s/iter; left time: 923.0109s
	iters: 600, epoch: 1 | loss: 0.3004710
	speed: 0.0919s/iter; left time: 913.6025s
	iters: 700, epoch: 1 | loss: 0.2848581
	speed: 0.0919s/iter; left time: 904.6847s
	iters: 800, epoch: 1 | loss: 0.2786555
	speed: 0.0919s/iter; left time: 895.1641s
	iters: 900, epoch: 1 | loss: 0.2620661
	speed: 0.0918s/iter; left time: 885.4878s
	iters: 1000, epoch: 1 | loss: 0.2417303
	speed: 0.0919s/iter; left time: 876.4445s
Epoch: 1 cost time: 100.02747845649719
Epoch: 1, Steps: 1054 | Train Loss: 0.3384724 Vali Loss: 1.1893388 Test Loss: 1.0264621
Validation loss decreased (inf --> 1.189339).  Saving model ...
Updating learning rate to 0.0001
	iters: 100, epoch: 2 | loss: 0.2266178
	speed: 0.3724s/iter; left time: 3496.0842s
	iters: 200, epoch: 2 | loss: 0.2037330
	speed: 0.0919s/iter; left time: 853.7814s
	iters: 300, epoch: 2 | loss: 0.2175535
	speed: 0.0919s/iter; left time: 843.9613s
	iters: 400, epoch: 2 | loss: 0.1864182
	speed: 0.0916s/iter; left time: 832.7634s
	iters: 500, epoch: 2 | loss: 0.1934948
	speed: 0.0917s/iter; left time: 824.3419s
	iters: 600, epoch: 2 | loss: 0.1807586
	speed: 0.0918s/iter; left time: 815.6269s
	iters: 700, epoch: 2 | loss: 0.1870927
	speed: 0.0920s/iter; left time: 808.0582s
	iters: 800, epoch: 2 | loss: 0.1902075
	speed: 0.0919s/iter; left time: 798.2900s
	iters: 900, epoch: 2 | loss: 0.1766139
	speed: 0.0918s/iter; left time: 787.9693s
	iters: 1000, epoch: 2 | loss: 0.1654321
	speed: 0.0918s/iter; left time: 779.3516s
Epoch: 2 cost time: 96.79973435401917
Epoch: 2, Steps: 1054 | Train Loss: 0.1962705 Vali Loss: 1.2263981 Test Loss: 0.9664466
EarlyStopping counter: 1 out of 3
Updating learning rate to 5e-05
	iters: 100, epoch: 3 | loss: 0.1551035
	speed: 0.3700s/iter; left time: 3083.1478s
	iters: 200, epoch: 3 | loss: 0.1581909
	speed: 0.0920s/iter; left time: 757.4637s
	iters: 300, epoch: 3 | loss: 0.1514650
	speed: 0.0920s/iter; left time: 748.5985s
	iters: 400, epoch: 3 | loss: 0.1374715
	speed: 0.0919s/iter; left time: 738.5649s
	iters: 500, epoch: 3 | loss: 0.1371956
	speed: 0.0920s/iter; left time: 729.7947s
	iters: 600, epoch: 3 | loss: 0.1346735
	speed: 0.0920s/iter; left time: 720.5753s
	iters: 700, epoch: 3 | loss: 0.1317372
	speed: 0.0920s/iter; left time: 711.0835s
	iters: 800, epoch: 3 | loss: 0.1448140
	speed: 0.0919s/iter; left time: 701.6407s
	iters: 900, epoch: 3 | loss: 0.1360356
	speed: 0.0920s/iter; left time: 693.3422s
	iters: 1000, epoch: 3 | loss: 0.1355903
	speed: 0.0920s/iter; left time: 683.7264s
Epoch: 3 cost time: 96.94587421417236
Epoch: 3, Steps: 1054 | Train Loss: 0.1430047 Vali Loss: 1.2430023 Test Loss: 0.9141386
EarlyStopping counter: 2 out of 3
Updating learning rate to 2.5e-05
	iters: 100, epoch: 4 | loss: 0.1280678
	speed: 0.3695s/iter; left time: 2689.4501s
	iters: 200, epoch: 4 | loss: 0.1249122
	speed: 0.0919s/iter; left time: 660.0014s
	iters: 300, epoch: 4 | loss: 0.1208267
	speed: 0.0919s/iter; left time: 650.5112s
	iters: 400, epoch: 4 | loss: 0.1251174
	speed: 0.0919s/iter; left time: 641.5874s
	iters: 500, epoch: 4 | loss: 0.1166817
	speed: 0.0918s/iter; left time: 631.1602s
	iters: 600, epoch: 4 | loss: 0.1137034
	speed: 0.0919s/iter; left time: 622.7367s
	iters: 700, epoch: 4 | loss: 0.1138834
	speed: 0.0919s/iter; left time: 614.0057s
	iters: 800, epoch: 4 | loss: 0.1237201
	speed: 0.0919s/iter; left time: 604.5191s
	iters: 900, epoch: 4 | loss: 0.1114044
	speed: 0.0919s/iter; left time: 595.3451s
	iters: 1000, epoch: 4 | loss: 0.1162486
	speed: 0.0919s/iter; left time: 586.2253s
Epoch: 4 cost time: 96.83856678009033
Epoch: 4, Steps: 1054 | Train Loss: 0.1194649 Vali Loss: 1.2544701 Test Loss: 0.9147363
EarlyStopping counter: 3 out of 3
Early stopping
>>>>>>>testing : ETTm1_720_Transformer_ETTm1_ftM_sl96_ll48_pl720_dm512_nh8_el2_dl1_df2048_fc3_ebtimeF_dtTrue_Exp_0_seed3293<<<<<<<<<<<<<<<<<<<<<<<<<<<<<<<<<
test 10801
mse:1.02684485912323, mae:0.7729290723800659
