Args in experiment:
Namespace(activation='gelu', batch_size=32, c_out=7, checkpoints='./checkpoints/', d_ff=2048, d_layers=1, d_model=512, data='custom', data_path='national_illness.csv', dec_in=7, des='Exp', devices='0,1,2,3', distil=True, do_predict=False, dropout=0.05, e_layers=2, embed='timeF', embed_type=0, enc_in=7, factor=3, features='M', freq='h', gpu=0, individual=False, is_training=1, itr=1, label_len=18, learning_rate=0.0001, loss='mse', lradj='type1', model='Transformer', model_id='ili_24', moving_avg=25, n_heads=8, num_workers=0, output_attention=False, patience=3, pred_len=24, root_path='./dataset/', seed=3293, seq_len=36, target='OT', test_flop=False, train_epochs=10, train_only=False, use_amp=False, use_gpu=True, use_multi_gpu=False)
Use GPU: cuda:0
>>>>>>>start training : ili_24_Transformer_custom_ftM_sl36_ll18_pl24_dm512_nh8_el2_dl1_df2048_fc3_ebtimeF_dtTrue_Exp_0_seed3293>>>>>>>>>>>>>>>>>>>>>>>>>>
train 617
val 74
test 170
Epoch: 1 cost time: 3.3012852668762207
Epoch: 1, Steps: 19 | Train Loss: 0.6993705 Vali Loss: 0.4493022 Test Loss: 4.2286992
Validation loss decreased (inf --> 0.449302).  Saving model ...
Updating learning rate to 0.0001
Epoch: 2 cost time: 0.26860904693603516
Epoch: 2, Steps: 19 | Train Loss: 0.4324077 Vali Loss: 0.3446694 Test Loss: 4.1293259
Validation loss decreased (0.449302 --> 0.344669).  Saving model ...
Updating learning rate to 5e-05
Epoch: 3 cost time: 0.2730863094329834
Epoch: 3, Steps: 19 | Train Loss: 0.3553587 Vali Loss: 0.2734261 Test Loss: 4.2009578
Validation loss decreased (0.344669 --> 0.273426).  Saving model ...
Updating learning rate to 2.5e-05
Epoch: 4 cost time: 0.27109289169311523
Epoch: 4, Steps: 19 | Train Loss: 0.3220107 Vali Loss: 0.2359404 Test Loss: 4.3318219
Validation loss decreased (0.273426 --> 0.235940).  Saving model ...
Updating learning rate to 1.25e-05
Epoch: 5 cost time: 0.2641160488128662
Epoch: 5, Steps: 19 | Train Loss: 0.3074166 Vali Loss: 0.2336912 Test Loss: 4.2256112
Validation loss decreased (0.235940 --> 0.233691).  Saving model ...
Updating learning rate to 6.25e-06
Epoch: 6 cost time: 0.2661097049713135
Epoch: 6, Steps: 19 | Train Loss: 0.2996380 Vali Loss: 0.2237160 Test Loss: 4.2721410
Validation loss decreased (0.233691 --> 0.223716).  Saving model ...
Updating learning rate to 3.125e-06
Epoch: 7 cost time: 0.26511311531066895
Epoch: 7, Steps: 19 | Train Loss: 0.2963825 Vali Loss: 0.2135077 Test Loss: 4.2710671
Validation loss decreased (0.223716 --> 0.213508).  Saving model ...
Updating learning rate to 1.5625e-06
Epoch: 8 cost time: 0.2602202892303467
Epoch: 8, Steps: 19 | Train Loss: 0.2925326 Vali Loss: 0.2234398 Test Loss: 4.2815251
EarlyStopping counter: 1 out of 3
Updating learning rate to 7.8125e-07
Epoch: 9 cost time: 0.28108978271484375
Epoch: 9, Steps: 19 | Train Loss: 0.2838581 Vali Loss: 0.2043138 Test Loss: 4.2972770
Validation loss decreased (0.213508 --> 0.204314).  Saving model ...
Updating learning rate to 3.90625e-07
Epoch: 10 cost time: 0.25514650344848633
Epoch: 10, Steps: 19 | Train Loss: 0.2898583 Vali Loss: 0.2156035 Test Loss: 4.2873311
EarlyStopping counter: 1 out of 3
Updating learning rate to 1.953125e-07
>>>>>>>testing : ili_24_Transformer_custom_ftM_sl36_ll18_pl24_dm512_nh8_el2_dl1_df2048_fc3_ebtimeF_dtTrue_Exp_0_seed3293<<<<<<<<<<<<<<<<<<<<<<<<<<<<<<<<<
test 170
mse:4.5743489265441895, mae:1.4147398471832275
