Args in experiment:
Namespace(activation='gelu', batch_size=32, c_out=7, checkpoints='./checkpoints/', d_ff=2048, d_layers=1, d_model=512, data='ETTm1', data_path='ETTm1.csv', dec_in=7, des='Exp', devices='0,1,2,3', distil=True, do_predict=False, dropout=0.05, e_layers=2, embed='timeF', embed_type=0, enc_in=7, factor=3, features='M', freq='h', gpu=0, individual=False, is_training=1, itr=1, label_len=48, learning_rate=0.0001, loss='mse', lradj='type1', model='Transformer', model_id='ETTm1_96', moving_avg=25, n_heads=8, num_workers=0, output_attention=False, patience=3, pred_len=96, root_path='./dataset/', seed=28649, seq_len=96, target='OT', test_flop=False, train_epochs=10, train_only=False, use_amp=False, use_gpu=True, use_multi_gpu=False)
Use GPU: cuda:0
>>>>>>>start training : ETTm1_96_Transformer_ETTm1_ftM_sl96_ll48_pl96_dm512_nh8_el2_dl1_df2048_fc3_ebtimeF_dtTrue_Exp_0_seed28649>>>>>>>>>>>>>>>>>>>>>>>>>>
train 34369
val 11425
test 11425
	iters: 100, epoch: 1 | loss: 0.3183579
	speed: 0.0557s/iter; left time: 593.1736s
	iters: 200, epoch: 1 | loss: 0.2397604
	speed: 0.0247s/iter; left time: 260.7656s
	iters: 300, epoch: 1 | loss: 0.2475301
	speed: 0.0247s/iter; left time: 258.3624s
	iters: 400, epoch: 1 | loss: 0.2599491
	speed: 0.0247s/iter; left time: 255.5718s
	iters: 500, epoch: 1 | loss: 0.2384261
	speed: 0.0249s/iter; left time: 254.5988s
	iters: 600, epoch: 1 | loss: 0.2024005
	speed: 0.0249s/iter; left time: 252.2849s
	iters: 700, epoch: 1 | loss: 0.1730233
	speed: 0.0248s/iter; left time: 249.2831s
	iters: 800, epoch: 1 | loss: 0.1802344
	speed: 0.0248s/iter; left time: 246.6855s
	iters: 900, epoch: 1 | loss: 0.1923651
	speed: 0.0248s/iter; left time: 243.8406s
	iters: 1000, epoch: 1 | loss: 0.1657425
	speed: 0.0247s/iter; left time: 241.0872s
Epoch: 1 cost time: 29.721832990646362
Epoch: 1, Steps: 1074 | Train Loss: 0.2428249 Vali Loss: 0.7135645 Test Loss: 0.5825180
Validation loss decreased (inf --> 0.713565).  Saving model ...
Updating learning rate to 0.0001
	iters: 100, epoch: 2 | loss: 0.1345085
	speed: 0.1004s/iter; left time: 960.3805s
	iters: 200, epoch: 2 | loss: 0.1460939
	speed: 0.0248s/iter; left time: 234.4509s
	iters: 300, epoch: 2 | loss: 0.1481922
	speed: 0.0247s/iter; left time: 231.5504s
	iters: 400, epoch: 2 | loss: 0.1197209
	speed: 0.0247s/iter; left time: 228.9551s
	iters: 500, epoch: 2 | loss: 0.1293995
	speed: 0.0247s/iter; left time: 226.5815s
	iters: 600, epoch: 2 | loss: 0.1174179
	speed: 0.0247s/iter; left time: 224.2511s
	iters: 700, epoch: 2 | loss: 0.1160322
	speed: 0.0247s/iter; left time: 221.7708s
	iters: 800, epoch: 2 | loss: 0.1110989
	speed: 0.0247s/iter; left time: 218.8231s
	iters: 900, epoch: 2 | loss: 0.0983408
	speed: 0.0247s/iter; left time: 216.5362s
	iters: 1000, epoch: 2 | loss: 0.1010835
	speed: 0.0247s/iter; left time: 213.9678s
Epoch: 2 cost time: 26.544089794158936
Epoch: 2, Steps: 1074 | Train Loss: 0.1267515 Vali Loss: 0.8274441 Test Loss: 0.6419045
EarlyStopping counter: 1 out of 3
Updating learning rate to 5e-05
	iters: 100, epoch: 3 | loss: 0.0876348
	speed: 0.0982s/iter; left time: 833.8132s
	iters: 200, epoch: 3 | loss: 0.0842612
	speed: 0.0247s/iter; left time: 207.2999s
	iters: 300, epoch: 3 | loss: 0.0744314
	speed: 0.0247s/iter; left time: 204.9667s
	iters: 400, epoch: 3 | loss: 0.0833712
	speed: 0.0247s/iter; left time: 202.1824s
	iters: 500, epoch: 3 | loss: 0.0798627
	speed: 0.0247s/iter; left time: 199.6718s
	iters: 600, epoch: 3 | loss: 0.0729722
	speed: 0.0247s/iter; left time: 197.4124s
	iters: 700, epoch: 3 | loss: 0.0724713
	speed: 0.0247s/iter; left time: 194.7040s
	iters: 800, epoch: 3 | loss: 0.0685771
	speed: 0.0247s/iter; left time: 192.2647s
	iters: 900, epoch: 3 | loss: 0.0704694
	speed: 0.0247s/iter; left time: 189.6938s
	iters: 1000, epoch: 3 | loss: 0.0804996
	speed: 0.0246s/iter; left time: 186.9991s
Epoch: 3 cost time: 26.495738983154297
Epoch: 3, Steps: 1074 | Train Loss: 0.0797196 Vali Loss: 0.8387766 Test Loss: 0.6154937
EarlyStopping counter: 2 out of 3
Updating learning rate to 2.5e-05
	iters: 100, epoch: 4 | loss: 0.0670929
	speed: 0.0981s/iter; left time: 727.4556s
	iters: 200, epoch: 4 | loss: 0.0666160
	speed: 0.0246s/iter; left time: 180.3952s
	iters: 300, epoch: 4 | loss: 0.0606138
	speed: 0.0246s/iter; left time: 177.8624s
	iters: 400, epoch: 4 | loss: 0.0665095
	speed: 0.0247s/iter; left time: 175.6511s
	iters: 500, epoch: 4 | loss: 0.0669598
	speed: 0.0247s/iter; left time: 173.0356s
	iters: 600, epoch: 4 | loss: 0.0642719
	speed: 0.0247s/iter; left time: 171.0912s
	iters: 700, epoch: 4 | loss: 0.0685884
	speed: 0.0248s/iter; left time: 169.2949s
	iters: 800, epoch: 4 | loss: 0.0652442
	speed: 0.0248s/iter; left time: 166.4035s
	iters: 900, epoch: 4 | loss: 0.0667177
	speed: 0.0248s/iter; left time: 164.0012s
	iters: 1000, epoch: 4 | loss: 0.0662057
	speed: 0.0248s/iter; left time: 161.5089s
Epoch: 4 cost time: 26.54233479499817
Epoch: 4, Steps: 1074 | Train Loss: 0.0657952 Vali Loss: 0.8193339 Test Loss: 0.6284870
EarlyStopping counter: 3 out of 3
Early stopping
>>>>>>>testing : ETTm1_96_Transformer_ETTm1_ftM_sl96_ll48_pl96_dm512_nh8_el2_dl1_df2048_fc3_ebtimeF_dtTrue_Exp_0_seed28649<<<<<<<<<<<<<<<<<<<<<<<<<<<<<<<<<
test 11425
mse:0.5833312273025513, mae:0.5556260943412781
