Args in experiment:
Namespace(activation='gelu', batch_size=32, c_out=7, checkpoints='./checkpoints/', d_ff=2048, d_layers=1, d_model=512, data='ETTh2', data_path='ETTh2.csv', dec_in=7, des='Exp', devices='0,1,2,3', distil=True, do_predict=False, dropout=0.05, e_layers=2, embed='timeF', embed_type=0, enc_in=7, factor=3, features='M', freq='h', gpu=0, individual=False, is_training=1, itr=1, label_len=48, learning_rate=0.0001, loss='mse', lradj='type1', model='Transformer', model_id='ETTh2_720', moving_avg=25, n_heads=8, num_workers=0, output_attention=False, patience=3, pred_len=720, root_path='./dataset/', seed=25565, seq_len=96, target='OT', test_flop=False, train_epochs=10, train_only=False, use_amp=False, use_gpu=True, use_multi_gpu=False)
Use GPU: cuda:0
>>>>>>>start training : ETTh2_720_Transformer_ETTh2_ftM_sl96_ll48_pl720_dm512_nh8_el2_dl1_df2048_fc3_ebtimeF_dtTrue_Exp_0_seed25565>>>>>>>>>>>>>>>>>>>>>>>>>>
train 7825
val 2161
test 2161
	iters: 100, epoch: 1 | loss: 0.5640179
	speed: 0.1216s/iter; left time: 284.6007s
	iters: 200, epoch: 1 | loss: 0.2525017
	speed: 0.0918s/iter; left time: 205.7558s
Epoch: 1 cost time: 25.387179613113403
Epoch: 1, Steps: 244 | Train Loss: 0.4346008 Vali Loss: 0.9423738 Test Loss: 3.4214842
Validation loss decreased (inf --> 0.942374).  Saving model ...
Updating learning rate to 0.0001
	iters: 100, epoch: 2 | loss: 0.3440035
	speed: 0.1807s/iter; left time: 379.0162s
	iters: 200, epoch: 2 | loss: 0.2403790
	speed: 0.0925s/iter; left time: 184.6460s
Epoch: 2 cost time: 22.477604627609253
Epoch: 2, Steps: 244 | Train Loss: 0.2718684 Vali Loss: 1.0940468 Test Loss: 2.8730335
EarlyStopping counter: 1 out of 3
Updating learning rate to 5e-05
	iters: 100, epoch: 3 | loss: 0.1861203
	speed: 0.1781s/iter; left time: 329.9674s
	iters: 200, epoch: 3 | loss: 0.2220273
	speed: 0.0917s/iter; left time: 160.8065s
Epoch: 3 cost time: 22.391648054122925
Epoch: 3, Steps: 244 | Train Loss: 0.2217608 Vali Loss: 1.0921106 Test Loss: 2.8904209
EarlyStopping counter: 2 out of 3
Updating learning rate to 2.5e-05
	iters: 100, epoch: 4 | loss: 0.2001752
	speed: 0.1767s/iter; left time: 284.3729s
	iters: 200, epoch: 4 | loss: 0.2020200
	speed: 0.0918s/iter; left time: 138.5773s
Epoch: 4 cost time: 22.35854935646057
Epoch: 4, Steps: 244 | Train Loss: 0.2027088 Vali Loss: 1.1439097 Test Loss: 3.0461943
EarlyStopping counter: 3 out of 3
Early stopping
>>>>>>>testing : ETTh2_720_Transformer_ETTh2_ftM_sl96_ll48_pl720_dm512_nh8_el2_dl1_df2048_fc3_ebtimeF_dtTrue_Exp_0_seed25565<<<<<<<<<<<<<<<<<<<<<<<<<<<<<<<<<
test 2161
mse:3.4130516052246094, mae:1.5019316673278809
