Args in experiment:
Namespace(activation='gelu', batch_size=32, c_out=8, checkpoints='./checkpoints/', d_ff=2048, d_layers=1, d_model=512, data='custom', data_path='exchange_rate.csv', dec_in=8, des='Exp', devices='0,1,2,3', distil=True, do_predict=False, dropout=0.05, e_layers=2, embed='timeF', embed_type=0, enc_in=8, factor=3, features='M', freq='h', gpu=0, individual=False, is_training=1, itr=1, label_len=48, learning_rate=0.0001, loss='mse', lradj='type1', model='Transformer', model_id='exchange_192', moving_avg=25, n_heads=8, num_workers=0, output_attention=False, patience=3, pred_len=192, root_path='./dataset/', seed=32598, seq_len=96, target='OT', test_flop=False, train_epochs=10, train_only=False, use_amp=False, use_gpu=True, use_multi_gpu=False)
Use GPU: cuda:0
>>>>>>>start training : exchange_192_Transformer_custom_ftM_sl96_ll48_pl192_dm512_nh8_el2_dl1_df2048_fc3_ebtimeF_dtTrue_Exp_0_seed32598>>>>>>>>>>>>>>>>>>>>>>>>>>
train 5024
val 569
test 1326
	iters: 100, epoch: 1 | loss: 0.0934040
	speed: 0.0619s/iter; left time: 91.0249s
Epoch: 1 cost time: 7.999606609344482
Epoch: 1, Steps: 157 | Train Loss: 0.1578048 Vali Loss: 0.8868605 Test Loss: 1.1630727
Validation loss decreased (inf --> 0.886860).  Saving model ...
Updating learning rate to 0.0001
	iters: 100, epoch: 2 | loss: 0.0455394
	speed: 0.0583s/iter; left time: 76.6384s
Epoch: 2 cost time: 4.953797817230225
Epoch: 2, Steps: 157 | Train Loss: 0.0578339 Vali Loss: 0.7395158 Test Loss: 1.2361664
Validation loss decreased (0.886860 --> 0.739516).  Saving model ...
Updating learning rate to 5e-05
	iters: 100, epoch: 3 | loss: 0.0422453
	speed: 0.0583s/iter; left time: 67.4542s
Epoch: 3 cost time: 4.9468066692352295
Epoch: 3, Steps: 157 | Train Loss: 0.0422409 Vali Loss: 0.7849889 Test Loss: 1.2134730
EarlyStopping counter: 1 out of 3
Updating learning rate to 2.5e-05
	iters: 100, epoch: 4 | loss: 0.0350307
	speed: 0.0556s/iter; left time: 55.5884s
Epoch: 4 cost time: 4.947535514831543
Epoch: 4, Steps: 157 | Train Loss: 0.0364068 Vali Loss: 0.8110071 Test Loss: 1.2290564
EarlyStopping counter: 2 out of 3
Updating learning rate to 1.25e-05
	iters: 100, epoch: 5 | loss: 0.0357240
	speed: 0.0556s/iter; left time: 46.8748s
Epoch: 5 cost time: 4.948830842971802
Epoch: 5, Steps: 157 | Train Loss: 0.0337685 Vali Loss: 0.8523131 Test Loss: 1.2501241
EarlyStopping counter: 3 out of 3
Early stopping
>>>>>>>testing : exchange_192_Transformer_custom_ftM_sl96_ll48_pl192_dm512_nh8_el2_dl1_df2048_fc3_ebtimeF_dtTrue_Exp_0_seed32598<<<<<<<<<<<<<<<<<<<<<<<<<<<<<<<<<
test 1326
mse:1.2399193048477173, mae:0.8270877003669739
